[2024-06-25T13:47:05.237+0000] {processor.py:161} INFO - Started process (PID=34) to work on /opt/airflow/dags/extractAPIdata.py
[2024-06-25T13:47:05.238+0000] {processor.py:830} INFO - Processing file /opt/airflow/dags/extractAPIdata.py for tasks to queue
[2024-06-25T13:47:05.239+0000] {logging_mixin.py:188} INFO - [2024-06-25T13:47:05.239+0000] {dagbag.py:545} INFO - Filling up the DagBag from /opt/airflow/dags/extractAPIdata.py
[2024-06-25T13:47:06.139+0000] {processor.py:840} INFO - DAG(s) 'nasa_to_s3' retrieved from /opt/airflow/dags/extractAPIdata.py
[2024-06-25T13:47:06.174+0000] {logging_mixin.py:188} INFO - [2024-06-25T13:47:06.174+0000] {dag.py:3096} INFO - Sync 1 DAGs
[2024-06-25T13:47:06.192+0000] {logging_mixin.py:188} INFO - [2024-06-25T13:47:06.192+0000] {dag.py:3954} INFO - Setting next_dagrun for nasa_to_s3 to 2024-06-25 00:00:00+00:00, run_after=2024-06-26 00:00:00+00:00
[2024-06-25T13:47:06.206+0000] {processor.py:183} INFO - Processing /opt/airflow/dags/extractAPIdata.py took 0.973 seconds
[2024-06-25T13:47:36.358+0000] {processor.py:161} INFO - Started process (PID=42) to work on /opt/airflow/dags/extractAPIdata.py
[2024-06-25T13:47:36.358+0000] {processor.py:830} INFO - Processing file /opt/airflow/dags/extractAPIdata.py for tasks to queue
[2024-06-25T13:47:36.360+0000] {logging_mixin.py:188} INFO - [2024-06-25T13:47:36.359+0000] {dagbag.py:545} INFO - Filling up the DagBag from /opt/airflow/dags/extractAPIdata.py
[2024-06-25T13:47:36.774+0000] {processor.py:840} INFO - DAG(s) 'nasa_to_s3' retrieved from /opt/airflow/dags/extractAPIdata.py
[2024-06-25T13:47:36.791+0000] {logging_mixin.py:188} INFO - [2024-06-25T13:47:36.791+0000] {dag.py:3096} INFO - Sync 1 DAGs
[2024-06-25T13:47:36.805+0000] {logging_mixin.py:188} INFO - [2024-06-25T13:47:36.804+0000] {dag.py:3954} INFO - Setting next_dagrun for nasa_to_s3 to 2024-06-25 00:00:00+00:00, run_after=2024-06-26 00:00:00+00:00
[2024-06-25T13:47:36.818+0000] {processor.py:183} INFO - Processing /opt/airflow/dags/extractAPIdata.py took 0.463 seconds
[2024-06-25T13:48:06.958+0000] {processor.py:161} INFO - Started process (PID=50) to work on /opt/airflow/dags/extractAPIdata.py
[2024-06-25T13:48:06.959+0000] {processor.py:830} INFO - Processing file /opt/airflow/dags/extractAPIdata.py for tasks to queue
[2024-06-25T13:48:06.961+0000] {logging_mixin.py:188} INFO - [2024-06-25T13:48:06.960+0000] {dagbag.py:545} INFO - Filling up the DagBag from /opt/airflow/dags/extractAPIdata.py
[2024-06-25T13:48:07.381+0000] {processor.py:840} INFO - DAG(s) 'nasa_to_s3' retrieved from /opt/airflow/dags/extractAPIdata.py
[2024-06-25T13:48:07.399+0000] {logging_mixin.py:188} INFO - [2024-06-25T13:48:07.399+0000] {dag.py:3096} INFO - Sync 1 DAGs
[2024-06-25T13:48:07.417+0000] {logging_mixin.py:188} INFO - [2024-06-25T13:48:07.417+0000] {dag.py:3954} INFO - Setting next_dagrun for nasa_to_s3 to 2024-06-25 00:00:00+00:00, run_after=2024-06-26 00:00:00+00:00
[2024-06-25T13:48:07.429+0000] {processor.py:183} INFO - Processing /opt/airflow/dags/extractAPIdata.py took 0.475 seconds
[2024-06-25T13:48:37.572+0000] {processor.py:161} INFO - Started process (PID=58) to work on /opt/airflow/dags/extractAPIdata.py
[2024-06-25T13:48:37.572+0000] {processor.py:830} INFO - Processing file /opt/airflow/dags/extractAPIdata.py for tasks to queue
[2024-06-25T13:48:37.574+0000] {logging_mixin.py:188} INFO - [2024-06-25T13:48:37.573+0000] {dagbag.py:545} INFO - Filling up the DagBag from /opt/airflow/dags/extractAPIdata.py
[2024-06-25T13:48:37.992+0000] {processor.py:840} INFO - DAG(s) 'nasa_to_s3' retrieved from /opt/airflow/dags/extractAPIdata.py
[2024-06-25T13:48:38.011+0000] {logging_mixin.py:188} INFO - [2024-06-25T13:48:38.010+0000] {dag.py:3096} INFO - Sync 1 DAGs
[2024-06-25T13:48:38.026+0000] {logging_mixin.py:188} INFO - [2024-06-25T13:48:38.026+0000] {dag.py:3954} INFO - Setting next_dagrun for nasa_to_s3 to 2024-06-25 00:00:00+00:00, run_after=2024-06-26 00:00:00+00:00
[2024-06-25T13:48:38.038+0000] {processor.py:183} INFO - Processing /opt/airflow/dags/extractAPIdata.py took 0.470 seconds
[2024-06-25T13:49:08.183+0000] {processor.py:161} INFO - Started process (PID=66) to work on /opt/airflow/dags/extractAPIdata.py
[2024-06-25T13:49:08.183+0000] {processor.py:830} INFO - Processing file /opt/airflow/dags/extractAPIdata.py for tasks to queue
[2024-06-25T13:49:08.185+0000] {logging_mixin.py:188} INFO - [2024-06-25T13:49:08.185+0000] {dagbag.py:545} INFO - Filling up the DagBag from /opt/airflow/dags/extractAPIdata.py
[2024-06-25T13:49:08.682+0000] {processor.py:840} INFO - DAG(s) 'nasa_to_s3' retrieved from /opt/airflow/dags/extractAPIdata.py
[2024-06-25T13:49:08.705+0000] {logging_mixin.py:188} INFO - [2024-06-25T13:49:08.704+0000] {dag.py:3096} INFO - Sync 1 DAGs
[2024-06-25T13:49:08.722+0000] {logging_mixin.py:188} INFO - [2024-06-25T13:49:08.722+0000] {dag.py:3954} INFO - Setting next_dagrun for nasa_to_s3 to 2024-06-25 00:00:00+00:00, run_after=2024-06-26 00:00:00+00:00
[2024-06-25T13:49:08.738+0000] {processor.py:183} INFO - Processing /opt/airflow/dags/extractAPIdata.py took 0.559 seconds
[2024-06-25T13:49:38.817+0000] {processor.py:161} INFO - Started process (PID=74) to work on /opt/airflow/dags/extractAPIdata.py
[2024-06-25T13:49:38.818+0000] {processor.py:830} INFO - Processing file /opt/airflow/dags/extractAPIdata.py for tasks to queue
[2024-06-25T13:49:38.819+0000] {logging_mixin.py:188} INFO - [2024-06-25T13:49:38.819+0000] {dagbag.py:545} INFO - Filling up the DagBag from /opt/airflow/dags/extractAPIdata.py
[2024-06-25T13:49:39.284+0000] {processor.py:840} INFO - DAG(s) 'nasa_to_s3' retrieved from /opt/airflow/dags/extractAPIdata.py
[2024-06-25T13:49:39.304+0000] {logging_mixin.py:188} INFO - [2024-06-25T13:49:39.304+0000] {dag.py:3096} INFO - Sync 1 DAGs
[2024-06-25T13:49:39.320+0000] {logging_mixin.py:188} INFO - [2024-06-25T13:49:39.320+0000] {dag.py:3954} INFO - Setting next_dagrun for nasa_to_s3 to 2024-06-25 00:00:00+00:00, run_after=2024-06-26 00:00:00+00:00
[2024-06-25T13:49:39.332+0000] {processor.py:183} INFO - Processing /opt/airflow/dags/extractAPIdata.py took 0.518 seconds
[2024-06-25T13:50:09.477+0000] {processor.py:161} INFO - Started process (PID=82) to work on /opt/airflow/dags/extractAPIdata.py
[2024-06-25T13:50:09.478+0000] {processor.py:830} INFO - Processing file /opt/airflow/dags/extractAPIdata.py for tasks to queue
[2024-06-25T13:50:09.479+0000] {logging_mixin.py:188} INFO - [2024-06-25T13:50:09.479+0000] {dagbag.py:545} INFO - Filling up the DagBag from /opt/airflow/dags/extractAPIdata.py
[2024-06-25T13:50:09.899+0000] {processor.py:840} INFO - DAG(s) 'nasa_to_s3' retrieved from /opt/airflow/dags/extractAPIdata.py
[2024-06-25T13:50:09.918+0000] {logging_mixin.py:188} INFO - [2024-06-25T13:50:09.917+0000] {dag.py:3096} INFO - Sync 1 DAGs
[2024-06-25T13:50:09.933+0000] {logging_mixin.py:188} INFO - [2024-06-25T13:50:09.933+0000] {dag.py:3954} INFO - Setting next_dagrun for nasa_to_s3 to 2024-06-25 00:00:00+00:00, run_after=2024-06-26 00:00:00+00:00
[2024-06-25T13:50:09.946+0000] {processor.py:183} INFO - Processing /opt/airflow/dags/extractAPIdata.py took 0.473 seconds
[2024-06-25T13:50:40.098+0000] {processor.py:161} INFO - Started process (PID=90) to work on /opt/airflow/dags/extractAPIdata.py
[2024-06-25T13:50:40.098+0000] {processor.py:830} INFO - Processing file /opt/airflow/dags/extractAPIdata.py for tasks to queue
[2024-06-25T13:50:40.100+0000] {logging_mixin.py:188} INFO - [2024-06-25T13:50:40.100+0000] {dagbag.py:545} INFO - Filling up the DagBag from /opt/airflow/dags/extractAPIdata.py
[2024-06-25T13:50:40.577+0000] {processor.py:840} INFO - DAG(s) 'nasa_to_s3' retrieved from /opt/airflow/dags/extractAPIdata.py
[2024-06-25T13:50:40.598+0000] {logging_mixin.py:188} INFO - [2024-06-25T13:50:40.597+0000] {dag.py:3096} INFO - Sync 1 DAGs
[2024-06-25T13:50:40.614+0000] {logging_mixin.py:188} INFO - [2024-06-25T13:50:40.614+0000] {dag.py:3954} INFO - Setting next_dagrun for nasa_to_s3 to 2024-06-25 00:00:00+00:00, run_after=2024-06-26 00:00:00+00:00
[2024-06-25T13:50:40.628+0000] {processor.py:183} INFO - Processing /opt/airflow/dags/extractAPIdata.py took 0.535 seconds
[2024-06-25T13:51:10.717+0000] {processor.py:161} INFO - Started process (PID=98) to work on /opt/airflow/dags/extractAPIdata.py
[2024-06-25T13:51:10.717+0000] {processor.py:830} INFO - Processing file /opt/airflow/dags/extractAPIdata.py for tasks to queue
[2024-06-25T13:51:10.718+0000] {logging_mixin.py:188} INFO - [2024-06-25T13:51:10.718+0000] {dagbag.py:545} INFO - Filling up the DagBag from /opt/airflow/dags/extractAPIdata.py
[2024-06-25T13:51:11.140+0000] {processor.py:840} INFO - DAG(s) 'nasa_to_s3' retrieved from /opt/airflow/dags/extractAPIdata.py
[2024-06-25T13:51:11.160+0000] {logging_mixin.py:188} INFO - [2024-06-25T13:51:11.159+0000] {dag.py:3096} INFO - Sync 1 DAGs
[2024-06-25T13:51:11.175+0000] {logging_mixin.py:188} INFO - [2024-06-25T13:51:11.175+0000] {dag.py:3954} INFO - Setting next_dagrun for nasa_to_s3 to 2024-06-25 00:00:00+00:00, run_after=2024-06-26 00:00:00+00:00
[2024-06-25T13:51:11.187+0000] {processor.py:183} INFO - Processing /opt/airflow/dags/extractAPIdata.py took 0.475 seconds
[2024-06-25T13:51:41.332+0000] {processor.py:161} INFO - Started process (PID=106) to work on /opt/airflow/dags/extractAPIdata.py
[2024-06-25T13:51:41.333+0000] {processor.py:830} INFO - Processing file /opt/airflow/dags/extractAPIdata.py for tasks to queue
[2024-06-25T13:51:41.334+0000] {logging_mixin.py:188} INFO - [2024-06-25T13:51:41.334+0000] {dagbag.py:545} INFO - Filling up the DagBag from /opt/airflow/dags/extractAPIdata.py
[2024-06-25T13:51:41.821+0000] {processor.py:840} INFO - DAG(s) 'nasa_to_s3' retrieved from /opt/airflow/dags/extractAPIdata.py
[2024-06-25T13:51:41.842+0000] {logging_mixin.py:188} INFO - [2024-06-25T13:51:41.841+0000] {dag.py:3096} INFO - Sync 1 DAGs
[2024-06-25T13:51:41.859+0000] {logging_mixin.py:188} INFO - [2024-06-25T13:51:41.859+0000] {dag.py:3954} INFO - Setting next_dagrun for nasa_to_s3 to 2024-06-25 00:00:00+00:00, run_after=2024-06-26 00:00:00+00:00
[2024-06-25T13:51:41.876+0000] {processor.py:183} INFO - Processing /opt/airflow/dags/extractAPIdata.py took 0.549 seconds
[2024-06-25T13:52:12.033+0000] {processor.py:161} INFO - Started process (PID=114) to work on /opt/airflow/dags/extractAPIdata.py
[2024-06-25T13:52:12.034+0000] {processor.py:830} INFO - Processing file /opt/airflow/dags/extractAPIdata.py for tasks to queue
[2024-06-25T13:52:12.035+0000] {logging_mixin.py:188} INFO - [2024-06-25T13:52:12.035+0000] {dagbag.py:545} INFO - Filling up the DagBag from /opt/airflow/dags/extractAPIdata.py
[2024-06-25T13:52:12.489+0000] {processor.py:840} INFO - DAG(s) 'nasa_to_s3' retrieved from /opt/airflow/dags/extractAPIdata.py
[2024-06-25T13:52:12.510+0000] {logging_mixin.py:188} INFO - [2024-06-25T13:52:12.509+0000] {dag.py:3096} INFO - Sync 1 DAGs
[2024-06-25T13:52:12.524+0000] {logging_mixin.py:188} INFO - [2024-06-25T13:52:12.524+0000] {dag.py:3954} INFO - Setting next_dagrun for nasa_to_s3 to 2024-06-25 00:00:00+00:00, run_after=2024-06-26 00:00:00+00:00
[2024-06-25T13:52:12.537+0000] {processor.py:183} INFO - Processing /opt/airflow/dags/extractAPIdata.py took 0.507 seconds
[2024-06-25T13:52:42.681+0000] {processor.py:161} INFO - Started process (PID=122) to work on /opt/airflow/dags/extractAPIdata.py
[2024-06-25T13:52:42.681+0000] {processor.py:830} INFO - Processing file /opt/airflow/dags/extractAPIdata.py for tasks to queue
[2024-06-25T13:52:42.683+0000] {logging_mixin.py:188} INFO - [2024-06-25T13:52:42.682+0000] {dagbag.py:545} INFO - Filling up the DagBag from /opt/airflow/dags/extractAPIdata.py
[2024-06-25T13:52:43.115+0000] {processor.py:840} INFO - DAG(s) 'nasa_to_s3' retrieved from /opt/airflow/dags/extractAPIdata.py
[2024-06-25T13:52:43.135+0000] {logging_mixin.py:188} INFO - [2024-06-25T13:52:43.135+0000] {dag.py:3096} INFO - Sync 1 DAGs
[2024-06-25T13:52:43.150+0000] {logging_mixin.py:188} INFO - [2024-06-25T13:52:43.150+0000] {dag.py:3954} INFO - Setting next_dagrun for nasa_to_s3 to 2024-06-25 00:00:00+00:00, run_after=2024-06-26 00:00:00+00:00
[2024-06-25T13:52:43.163+0000] {processor.py:183} INFO - Processing /opt/airflow/dags/extractAPIdata.py took 0.487 seconds
[2024-06-25T13:53:13.276+0000] {processor.py:161} INFO - Started process (PID=130) to work on /opt/airflow/dags/extractAPIdata.py
[2024-06-25T13:53:13.276+0000] {processor.py:830} INFO - Processing file /opt/airflow/dags/extractAPIdata.py for tasks to queue
[2024-06-25T13:53:13.277+0000] {logging_mixin.py:188} INFO - [2024-06-25T13:53:13.277+0000] {dagbag.py:545} INFO - Filling up the DagBag from /opt/airflow/dags/extractAPIdata.py
[2024-06-25T13:53:13.687+0000] {processor.py:840} INFO - DAG(s) 'nasa_to_s3' retrieved from /opt/airflow/dags/extractAPIdata.py
[2024-06-25T13:53:13.704+0000] {logging_mixin.py:188} INFO - [2024-06-25T13:53:13.704+0000] {dag.py:3096} INFO - Sync 1 DAGs
[2024-06-25T13:53:13.719+0000] {logging_mixin.py:188} INFO - [2024-06-25T13:53:13.718+0000] {dag.py:3954} INFO - Setting next_dagrun for nasa_to_s3 to 2024-06-25 00:00:00+00:00, run_after=2024-06-26 00:00:00+00:00
[2024-06-25T13:53:13.731+0000] {processor.py:183} INFO - Processing /opt/airflow/dags/extractAPIdata.py took 0.458 seconds
[2024-06-25T13:53:43.870+0000] {processor.py:161} INFO - Started process (PID=138) to work on /opt/airflow/dags/extractAPIdata.py
[2024-06-25T13:53:43.871+0000] {processor.py:830} INFO - Processing file /opt/airflow/dags/extractAPIdata.py for tasks to queue
[2024-06-25T13:53:43.872+0000] {logging_mixin.py:188} INFO - [2024-06-25T13:53:43.872+0000] {dagbag.py:545} INFO - Filling up the DagBag from /opt/airflow/dags/extractAPIdata.py
[2024-06-25T13:53:44.300+0000] {processor.py:840} INFO - DAG(s) 'nasa_to_s3' retrieved from /opt/airflow/dags/extractAPIdata.py
[2024-06-25T13:53:44.319+0000] {logging_mixin.py:188} INFO - [2024-06-25T13:53:44.319+0000] {dag.py:3096} INFO - Sync 1 DAGs
[2024-06-25T13:53:44.334+0000] {logging_mixin.py:188} INFO - [2024-06-25T13:53:44.334+0000] {dag.py:3954} INFO - Setting next_dagrun for nasa_to_s3 to 2024-06-25 00:00:00+00:00, run_after=2024-06-26 00:00:00+00:00
[2024-06-25T13:53:44.346+0000] {processor.py:183} INFO - Processing /opt/airflow/dags/extractAPIdata.py took 0.480 seconds
[2024-06-25T13:54:14.491+0000] {processor.py:161} INFO - Started process (PID=146) to work on /opt/airflow/dags/extractAPIdata.py
[2024-06-25T13:54:14.492+0000] {processor.py:830} INFO - Processing file /opt/airflow/dags/extractAPIdata.py for tasks to queue
[2024-06-25T13:54:14.493+0000] {logging_mixin.py:188} INFO - [2024-06-25T13:54:14.493+0000] {dagbag.py:545} INFO - Filling up the DagBag from /opt/airflow/dags/extractAPIdata.py
[2024-06-25T13:54:14.943+0000] {processor.py:840} INFO - DAG(s) 'nasa_to_s3' retrieved from /opt/airflow/dags/extractAPIdata.py
[2024-06-25T13:54:14.961+0000] {logging_mixin.py:188} INFO - [2024-06-25T13:54:14.960+0000] {dag.py:3096} INFO - Sync 1 DAGs
[2024-06-25T13:54:14.977+0000] {logging_mixin.py:188} INFO - [2024-06-25T13:54:14.976+0000] {dag.py:3954} INFO - Setting next_dagrun for nasa_to_s3 to 2024-06-25 00:00:00+00:00, run_after=2024-06-26 00:00:00+00:00
[2024-06-25T13:54:14.988+0000] {processor.py:183} INFO - Processing /opt/airflow/dags/extractAPIdata.py took 0.501 seconds
[2024-06-25T13:54:45.112+0000] {processor.py:161} INFO - Started process (PID=154) to work on /opt/airflow/dags/extractAPIdata.py
[2024-06-25T13:54:45.112+0000] {processor.py:830} INFO - Processing file /opt/airflow/dags/extractAPIdata.py for tasks to queue
[2024-06-25T13:54:45.113+0000] {logging_mixin.py:188} INFO - [2024-06-25T13:54:45.113+0000] {dagbag.py:545} INFO - Filling up the DagBag from /opt/airflow/dags/extractAPIdata.py
[2024-06-25T13:54:45.550+0000] {processor.py:840} INFO - DAG(s) 'nasa_to_s3' retrieved from /opt/airflow/dags/extractAPIdata.py
[2024-06-25T13:54:45.568+0000] {logging_mixin.py:188} INFO - [2024-06-25T13:54:45.568+0000] {dag.py:3096} INFO - Sync 1 DAGs
[2024-06-25T13:54:45.585+0000] {logging_mixin.py:188} INFO - [2024-06-25T13:54:45.585+0000] {dag.py:3954} INFO - Setting next_dagrun for nasa_to_s3 to 2024-06-25 00:00:00+00:00, run_after=2024-06-26 00:00:00+00:00
[2024-06-25T13:54:45.598+0000] {processor.py:183} INFO - Processing /opt/airflow/dags/extractAPIdata.py took 0.490 seconds
[2024-06-25T13:55:15.743+0000] {processor.py:161} INFO - Started process (PID=162) to work on /opt/airflow/dags/extractAPIdata.py
[2024-06-25T13:55:15.744+0000] {processor.py:830} INFO - Processing file /opt/airflow/dags/extractAPIdata.py for tasks to queue
[2024-06-25T13:55:15.745+0000] {logging_mixin.py:188} INFO - [2024-06-25T13:55:15.745+0000] {dagbag.py:545} INFO - Filling up the DagBag from /opt/airflow/dags/extractAPIdata.py
[2024-06-25T13:55:16.199+0000] {processor.py:840} INFO - DAG(s) 'nasa_to_s3' retrieved from /opt/airflow/dags/extractAPIdata.py
[2024-06-25T13:55:16.219+0000] {logging_mixin.py:188} INFO - [2024-06-25T13:55:16.219+0000] {dag.py:3096} INFO - Sync 1 DAGs
[2024-06-25T13:55:16.235+0000] {logging_mixin.py:188} INFO - [2024-06-25T13:55:16.234+0000] {dag.py:3954} INFO - Setting next_dagrun for nasa_to_s3 to 2024-06-25 00:00:00+00:00, run_after=2024-06-26 00:00:00+00:00
[2024-06-25T13:55:16.264+0000] {processor.py:183} INFO - Processing /opt/airflow/dags/extractAPIdata.py took 0.526 seconds
[2024-06-25T13:55:46.364+0000] {processor.py:161} INFO - Started process (PID=170) to work on /opt/airflow/dags/extractAPIdata.py
[2024-06-25T13:55:46.364+0000] {processor.py:830} INFO - Processing file /opt/airflow/dags/extractAPIdata.py for tasks to queue
[2024-06-25T13:55:46.365+0000] {logging_mixin.py:188} INFO - [2024-06-25T13:55:46.365+0000] {dagbag.py:545} INFO - Filling up the DagBag from /opt/airflow/dags/extractAPIdata.py
[2024-06-25T13:55:46.804+0000] {processor.py:840} INFO - DAG(s) 'nasa_to_s3' retrieved from /opt/airflow/dags/extractAPIdata.py
[2024-06-25T13:55:46.825+0000] {logging_mixin.py:188} INFO - [2024-06-25T13:55:46.825+0000] {dag.py:3096} INFO - Sync 1 DAGs
[2024-06-25T13:55:46.840+0000] {logging_mixin.py:188} INFO - [2024-06-25T13:55:46.839+0000] {dag.py:3954} INFO - Setting next_dagrun for nasa_to_s3 to 2024-06-25 00:00:00+00:00, run_after=2024-06-26 00:00:00+00:00
[2024-06-25T13:55:46.854+0000] {processor.py:183} INFO - Processing /opt/airflow/dags/extractAPIdata.py took 0.495 seconds
[2024-06-25T13:56:16.994+0000] {processor.py:161} INFO - Started process (PID=178) to work on /opt/airflow/dags/extractAPIdata.py
[2024-06-25T13:56:16.994+0000] {processor.py:830} INFO - Processing file /opt/airflow/dags/extractAPIdata.py for tasks to queue
[2024-06-25T13:56:16.995+0000] {logging_mixin.py:188} INFO - [2024-06-25T13:56:16.995+0000] {dagbag.py:545} INFO - Filling up the DagBag from /opt/airflow/dags/extractAPIdata.py
[2024-06-25T13:56:17.451+0000] {processor.py:840} INFO - DAG(s) 'nasa_to_s3' retrieved from /opt/airflow/dags/extractAPIdata.py
[2024-06-25T13:56:17.471+0000] {logging_mixin.py:188} INFO - [2024-06-25T13:56:17.470+0000] {dag.py:3096} INFO - Sync 1 DAGs
[2024-06-25T13:56:17.492+0000] {logging_mixin.py:188} INFO - [2024-06-25T13:56:17.492+0000] {dag.py:3954} INFO - Setting next_dagrun for nasa_to_s3 to 2024-06-25 00:00:00+00:00, run_after=2024-06-26 00:00:00+00:00
[2024-06-25T13:56:17.508+0000] {processor.py:183} INFO - Processing /opt/airflow/dags/extractAPIdata.py took 0.519 seconds
[2024-06-25T13:56:47.635+0000] {processor.py:161} INFO - Started process (PID=186) to work on /opt/airflow/dags/extractAPIdata.py
[2024-06-25T13:56:47.637+0000] {processor.py:830} INFO - Processing file /opt/airflow/dags/extractAPIdata.py for tasks to queue
[2024-06-25T13:56:47.638+0000] {logging_mixin.py:188} INFO - [2024-06-25T13:56:47.638+0000] {dagbag.py:545} INFO - Filling up the DagBag from /opt/airflow/dags/extractAPIdata.py
[2024-06-25T13:56:48.072+0000] {processor.py:840} INFO - DAG(s) 'nasa_to_s3' retrieved from /opt/airflow/dags/extractAPIdata.py
[2024-06-25T13:56:48.089+0000] {logging_mixin.py:188} INFO - [2024-06-25T13:56:48.089+0000] {dag.py:3096} INFO - Sync 1 DAGs
[2024-06-25T13:56:48.104+0000] {logging_mixin.py:188} INFO - [2024-06-25T13:56:48.104+0000] {dag.py:3954} INFO - Setting next_dagrun for nasa_to_s3 to 2024-06-25 00:00:00+00:00, run_after=2024-06-26 00:00:00+00:00
[2024-06-25T13:56:48.116+0000] {processor.py:183} INFO - Processing /opt/airflow/dags/extractAPIdata.py took 0.484 seconds
[2024-06-25T13:57:18.295+0000] {processor.py:161} INFO - Started process (PID=194) to work on /opt/airflow/dags/extractAPIdata.py
[2024-06-25T13:57:18.296+0000] {processor.py:830} INFO - Processing file /opt/airflow/dags/extractAPIdata.py for tasks to queue
[2024-06-25T13:57:18.297+0000] {logging_mixin.py:188} INFO - [2024-06-25T13:57:18.297+0000] {dagbag.py:545} INFO - Filling up the DagBag from /opt/airflow/dags/extractAPIdata.py
[2024-06-25T13:57:18.763+0000] {processor.py:840} INFO - DAG(s) 'nasa_to_s3' retrieved from /opt/airflow/dags/extractAPIdata.py
[2024-06-25T13:57:18.868+0000] {logging_mixin.py:188} INFO - [2024-06-25T13:57:18.868+0000] {dag.py:3096} INFO - Sync 1 DAGs
[2024-06-25T13:57:18.883+0000] {logging_mixin.py:188} INFO - [2024-06-25T13:57:18.883+0000] {dag.py:3954} INFO - Setting next_dagrun for nasa_to_s3 to 2024-06-25 00:00:00+00:00, run_after=2024-06-26 00:00:00+00:00
[2024-06-25T13:57:18.897+0000] {processor.py:183} INFO - Processing /opt/airflow/dags/extractAPIdata.py took 0.607 seconds
[2024-06-25T13:57:49.022+0000] {processor.py:161} INFO - Started process (PID=202) to work on /opt/airflow/dags/extractAPIdata.py
[2024-06-25T13:57:49.023+0000] {processor.py:830} INFO - Processing file /opt/airflow/dags/extractAPIdata.py for tasks to queue
[2024-06-25T13:57:49.024+0000] {logging_mixin.py:188} INFO - [2024-06-25T13:57:49.024+0000] {dagbag.py:545} INFO - Filling up the DagBag from /opt/airflow/dags/extractAPIdata.py
[2024-06-25T13:57:49.462+0000] {processor.py:840} INFO - DAG(s) 'nasa_to_s3' retrieved from /opt/airflow/dags/extractAPIdata.py
[2024-06-25T13:57:49.481+0000] {logging_mixin.py:188} INFO - [2024-06-25T13:57:49.480+0000] {dag.py:3096} INFO - Sync 1 DAGs
[2024-06-25T13:57:49.497+0000] {logging_mixin.py:188} INFO - [2024-06-25T13:57:49.497+0000] {dag.py:3954} INFO - Setting next_dagrun for nasa_to_s3 to 2024-06-25 00:00:00+00:00, run_after=2024-06-26 00:00:00+00:00
[2024-06-25T13:57:49.511+0000] {processor.py:183} INFO - Processing /opt/airflow/dags/extractAPIdata.py took 0.493 seconds
[2024-06-25T13:58:19.656+0000] {processor.py:161} INFO - Started process (PID=210) to work on /opt/airflow/dags/extractAPIdata.py
[2024-06-25T13:58:19.656+0000] {processor.py:830} INFO - Processing file /opt/airflow/dags/extractAPIdata.py for tasks to queue
[2024-06-25T13:58:19.658+0000] {logging_mixin.py:188} INFO - [2024-06-25T13:58:19.657+0000] {dagbag.py:545} INFO - Filling up the DagBag from /opt/airflow/dags/extractAPIdata.py
[2024-06-25T13:58:20.084+0000] {processor.py:840} INFO - DAG(s) 'nasa_to_s3' retrieved from /opt/airflow/dags/extractAPIdata.py
[2024-06-25T13:58:20.104+0000] {logging_mixin.py:188} INFO - [2024-06-25T13:58:20.104+0000] {dag.py:3096} INFO - Sync 1 DAGs
[2024-06-25T13:58:20.120+0000] {logging_mixin.py:188} INFO - [2024-06-25T13:58:20.119+0000] {dag.py:3954} INFO - Setting next_dagrun for nasa_to_s3 to 2024-06-25 00:00:00+00:00, run_after=2024-06-26 00:00:00+00:00
[2024-06-25T13:58:20.132+0000] {processor.py:183} INFO - Processing /opt/airflow/dags/extractAPIdata.py took 0.481 seconds
[2024-06-25T13:58:50.262+0000] {processor.py:161} INFO - Started process (PID=218) to work on /opt/airflow/dags/extractAPIdata.py
[2024-06-25T13:58:50.263+0000] {processor.py:830} INFO - Processing file /opt/airflow/dags/extractAPIdata.py for tasks to queue
[2024-06-25T13:58:50.264+0000] {logging_mixin.py:188} INFO - [2024-06-25T13:58:50.264+0000] {dagbag.py:545} INFO - Filling up the DagBag from /opt/airflow/dags/extractAPIdata.py
[2024-06-25T13:58:50.720+0000] {processor.py:840} INFO - DAG(s) 'nasa_to_s3' retrieved from /opt/airflow/dags/extractAPIdata.py
[2024-06-25T13:58:50.741+0000] {logging_mixin.py:188} INFO - [2024-06-25T13:58:50.740+0000] {dag.py:3096} INFO - Sync 1 DAGs
[2024-06-25T13:58:50.757+0000] {logging_mixin.py:188} INFO - [2024-06-25T13:58:50.756+0000] {dag.py:3954} INFO - Setting next_dagrun for nasa_to_s3 to 2024-06-25 00:00:00+00:00, run_after=2024-06-26 00:00:00+00:00
[2024-06-25T13:58:50.770+0000] {processor.py:183} INFO - Processing /opt/airflow/dags/extractAPIdata.py took 0.512 seconds
[2024-06-25T13:59:20.923+0000] {processor.py:161} INFO - Started process (PID=226) to work on /opt/airflow/dags/extractAPIdata.py
[2024-06-25T13:59:20.929+0000] {processor.py:830} INFO - Processing file /opt/airflow/dags/extractAPIdata.py for tasks to queue
[2024-06-25T13:59:20.930+0000] {logging_mixin.py:188} INFO - [2024-06-25T13:59:20.930+0000] {dagbag.py:545} INFO - Filling up the DagBag from /opt/airflow/dags/extractAPIdata.py
[2024-06-25T13:59:21.372+0000] {processor.py:840} INFO - DAG(s) 'nasa_to_s3' retrieved from /opt/airflow/dags/extractAPIdata.py
[2024-06-25T13:59:21.391+0000] {logging_mixin.py:188} INFO - [2024-06-25T13:59:21.391+0000] {dag.py:3096} INFO - Sync 1 DAGs
[2024-06-25T13:59:21.406+0000] {logging_mixin.py:188} INFO - [2024-06-25T13:59:21.406+0000] {dag.py:3954} INFO - Setting next_dagrun for nasa_to_s3 to 2024-06-25 00:00:00+00:00, run_after=2024-06-26 00:00:00+00:00
[2024-06-25T13:59:21.418+0000] {processor.py:183} INFO - Processing /opt/airflow/dags/extractAPIdata.py took 0.500 seconds
[2024-06-25T13:59:51.504+0000] {processor.py:161} INFO - Started process (PID=234) to work on /opt/airflow/dags/extractAPIdata.py
[2024-06-25T13:59:51.504+0000] {processor.py:830} INFO - Processing file /opt/airflow/dags/extractAPIdata.py for tasks to queue
[2024-06-25T13:59:51.506+0000] {logging_mixin.py:188} INFO - [2024-06-25T13:59:51.505+0000] {dagbag.py:545} INFO - Filling up the DagBag from /opt/airflow/dags/extractAPIdata.py
[2024-06-25T13:59:51.955+0000] {processor.py:840} INFO - DAG(s) 'nasa_to_s3' retrieved from /opt/airflow/dags/extractAPIdata.py
[2024-06-25T13:59:51.973+0000] {logging_mixin.py:188} INFO - [2024-06-25T13:59:51.973+0000] {dag.py:3096} INFO - Sync 1 DAGs
[2024-06-25T13:59:51.987+0000] {logging_mixin.py:188} INFO - [2024-06-25T13:59:51.987+0000] {dag.py:3954} INFO - Setting next_dagrun for nasa_to_s3 to 2024-06-25 00:00:00+00:00, run_after=2024-06-26 00:00:00+00:00
[2024-06-25T13:59:52.001+0000] {processor.py:183} INFO - Processing /opt/airflow/dags/extractAPIdata.py took 0.501 seconds
[2024-06-25T14:00:22.152+0000] {processor.py:161} INFO - Started process (PID=248) to work on /opt/airflow/dags/extractAPIdata.py
[2024-06-25T14:00:22.153+0000] {processor.py:830} INFO - Processing file /opt/airflow/dags/extractAPIdata.py for tasks to queue
[2024-06-25T14:00:22.155+0000] {logging_mixin.py:188} INFO - [2024-06-25T14:00:22.154+0000] {dagbag.py:545} INFO - Filling up the DagBag from /opt/airflow/dags/extractAPIdata.py
[2024-06-25T14:00:22.647+0000] {processor.py:840} INFO - DAG(s) 'nasa_to_s3' retrieved from /opt/airflow/dags/extractAPIdata.py
[2024-06-25T14:00:22.667+0000] {logging_mixin.py:188} INFO - [2024-06-25T14:00:22.667+0000] {dag.py:3096} INFO - Sync 1 DAGs
[2024-06-25T14:00:22.685+0000] {logging_mixin.py:188} INFO - [2024-06-25T14:00:22.685+0000] {dag.py:3954} INFO - Setting next_dagrun for nasa_to_s3 to 2024-06-25 00:00:00+00:00, run_after=2024-06-26 00:00:00+00:00
[2024-06-25T14:00:22.697+0000] {processor.py:183} INFO - Processing /opt/airflow/dags/extractAPIdata.py took 0.551 seconds
[2024-06-25T14:00:52.787+0000] {processor.py:161} INFO - Started process (PID=256) to work on /opt/airflow/dags/extractAPIdata.py
[2024-06-25T14:00:52.788+0000] {processor.py:830} INFO - Processing file /opt/airflow/dags/extractAPIdata.py for tasks to queue
[2024-06-25T14:00:52.789+0000] {logging_mixin.py:188} INFO - [2024-06-25T14:00:52.789+0000] {dagbag.py:545} INFO - Filling up the DagBag from /opt/airflow/dags/extractAPIdata.py
[2024-06-25T14:00:53.234+0000] {processor.py:840} INFO - DAG(s) 'nasa_to_s3' retrieved from /opt/airflow/dags/extractAPIdata.py
[2024-06-25T14:00:53.253+0000] {logging_mixin.py:188} INFO - [2024-06-25T14:00:53.252+0000] {dag.py:3096} INFO - Sync 1 DAGs
[2024-06-25T14:00:53.269+0000] {logging_mixin.py:188} INFO - [2024-06-25T14:00:53.269+0000] {dag.py:3954} INFO - Setting next_dagrun for nasa_to_s3 to 2024-06-25 00:00:00+00:00, run_after=2024-06-26 00:00:00+00:00
[2024-06-25T14:00:53.281+0000] {processor.py:183} INFO - Processing /opt/airflow/dags/extractAPIdata.py took 0.499 seconds
[2024-06-25T14:01:23.428+0000] {processor.py:161} INFO - Started process (PID=264) to work on /opt/airflow/dags/extractAPIdata.py
[2024-06-25T14:01:23.429+0000] {processor.py:830} INFO - Processing file /opt/airflow/dags/extractAPIdata.py for tasks to queue
[2024-06-25T14:01:23.430+0000] {logging_mixin.py:188} INFO - [2024-06-25T14:01:23.430+0000] {dagbag.py:545} INFO - Filling up the DagBag from /opt/airflow/dags/extractAPIdata.py
[2024-06-25T14:01:23.885+0000] {processor.py:840} INFO - DAG(s) 'nasa_to_s3' retrieved from /opt/airflow/dags/extractAPIdata.py
[2024-06-25T14:01:23.905+0000] {logging_mixin.py:188} INFO - [2024-06-25T14:01:23.905+0000] {dag.py:3096} INFO - Sync 1 DAGs
[2024-06-25T14:01:23.919+0000] {logging_mixin.py:188} INFO - [2024-06-25T14:01:23.919+0000] {dag.py:3954} INFO - Setting next_dagrun for nasa_to_s3 to 2024-06-25 00:00:00+00:00, run_after=2024-06-26 00:00:00+00:00
[2024-06-25T14:01:23.931+0000] {processor.py:183} INFO - Processing /opt/airflow/dags/extractAPIdata.py took 0.507 seconds
[2024-06-25T14:01:54.066+0000] {processor.py:161} INFO - Started process (PID=272) to work on /opt/airflow/dags/extractAPIdata.py
[2024-06-25T14:01:54.067+0000] {processor.py:830} INFO - Processing file /opt/airflow/dags/extractAPIdata.py for tasks to queue
[2024-06-25T14:01:54.068+0000] {logging_mixin.py:188} INFO - [2024-06-25T14:01:54.068+0000] {dagbag.py:545} INFO - Filling up the DagBag from /opt/airflow/dags/extractAPIdata.py
[2024-06-25T14:01:54.541+0000] {processor.py:840} INFO - DAG(s) 'nasa_to_s3' retrieved from /opt/airflow/dags/extractAPIdata.py
[2024-06-25T14:01:54.562+0000] {logging_mixin.py:188} INFO - [2024-06-25T14:01:54.561+0000] {dag.py:3096} INFO - Sync 1 DAGs
[2024-06-25T14:01:54.579+0000] {logging_mixin.py:188} INFO - [2024-06-25T14:01:54.579+0000] {dag.py:3954} INFO - Setting next_dagrun for nasa_to_s3 to 2024-06-25 00:00:00+00:00, run_after=2024-06-26 00:00:00+00:00
[2024-06-25T14:01:54.594+0000] {processor.py:183} INFO - Processing /opt/airflow/dags/extractAPIdata.py took 0.532 seconds
[2024-06-25T14:02:24.780+0000] {processor.py:161} INFO - Started process (PID=280) to work on /opt/airflow/dags/extractAPIdata.py
[2024-06-25T14:02:24.780+0000] {processor.py:830} INFO - Processing file /opt/airflow/dags/extractAPIdata.py for tasks to queue
[2024-06-25T14:02:24.782+0000] {logging_mixin.py:188} INFO - [2024-06-25T14:02:24.781+0000] {dagbag.py:545} INFO - Filling up the DagBag from /opt/airflow/dags/extractAPIdata.py
[2024-06-25T14:02:25.215+0000] {processor.py:840} INFO - DAG(s) 'nasa_to_s3' retrieved from /opt/airflow/dags/extractAPIdata.py
[2024-06-25T14:02:25.232+0000] {logging_mixin.py:188} INFO - [2024-06-25T14:02:25.232+0000] {dag.py:3096} INFO - Sync 1 DAGs
[2024-06-25T14:02:25.248+0000] {logging_mixin.py:188} INFO - [2024-06-25T14:02:25.248+0000] {dag.py:3954} INFO - Setting next_dagrun for nasa_to_s3 to 2024-06-25 00:00:00+00:00, run_after=2024-06-26 00:00:00+00:00
[2024-06-25T14:02:25.262+0000] {processor.py:183} INFO - Processing /opt/airflow/dags/extractAPIdata.py took 0.486 seconds
[2024-06-25T14:02:55.310+0000] {processor.py:161} INFO - Started process (PID=288) to work on /opt/airflow/dags/extractAPIdata.py
[2024-06-25T14:02:55.310+0000] {processor.py:830} INFO - Processing file /opt/airflow/dags/extractAPIdata.py for tasks to queue
[2024-06-25T14:02:55.312+0000] {logging_mixin.py:188} INFO - [2024-06-25T14:02:55.311+0000] {dagbag.py:545} INFO - Filling up the DagBag from /opt/airflow/dags/extractAPIdata.py
[2024-06-25T14:02:55.788+0000] {processor.py:840} INFO - DAG(s) 'nasa_to_s3' retrieved from /opt/airflow/dags/extractAPIdata.py
[2024-06-25T14:02:55.810+0000] {logging_mixin.py:188} INFO - [2024-06-25T14:02:55.810+0000] {dag.py:3096} INFO - Sync 1 DAGs
[2024-06-25T14:02:55.829+0000] {logging_mixin.py:188} INFO - [2024-06-25T14:02:55.829+0000] {dag.py:3954} INFO - Setting next_dagrun for nasa_to_s3 to 2024-06-25 00:00:00+00:00, run_after=2024-06-26 00:00:00+00:00
[2024-06-25T14:02:55.842+0000] {processor.py:183} INFO - Processing /opt/airflow/dags/extractAPIdata.py took 0.539 seconds
[2024-06-25T14:03:25.982+0000] {processor.py:161} INFO - Started process (PID=296) to work on /opt/airflow/dags/extractAPIdata.py
[2024-06-25T14:03:25.982+0000] {processor.py:830} INFO - Processing file /opt/airflow/dags/extractAPIdata.py for tasks to queue
[2024-06-25T14:03:25.984+0000] {logging_mixin.py:188} INFO - [2024-06-25T14:03:25.984+0000] {dagbag.py:545} INFO - Filling up the DagBag from /opt/airflow/dags/extractAPIdata.py
[2024-06-25T14:03:26.411+0000] {processor.py:840} INFO - DAG(s) 'nasa_to_s3' retrieved from /opt/airflow/dags/extractAPIdata.py
[2024-06-25T14:03:26.430+0000] {logging_mixin.py:188} INFO - [2024-06-25T14:03:26.429+0000] {dag.py:3096} INFO - Sync 1 DAGs
[2024-06-25T14:03:26.446+0000] {logging_mixin.py:188} INFO - [2024-06-25T14:03:26.446+0000] {dag.py:3954} INFO - Setting next_dagrun for nasa_to_s3 to 2024-06-25 00:00:00+00:00, run_after=2024-06-26 00:00:00+00:00
[2024-06-25T14:03:26.459+0000] {processor.py:183} INFO - Processing /opt/airflow/dags/extractAPIdata.py took 0.481 seconds
[2024-06-25T14:03:56.611+0000] {processor.py:161} INFO - Started process (PID=304) to work on /opt/airflow/dags/extractAPIdata.py
[2024-06-25T14:03:56.611+0000] {processor.py:830} INFO - Processing file /opt/airflow/dags/extractAPIdata.py for tasks to queue
[2024-06-25T14:03:56.613+0000] {logging_mixin.py:188} INFO - [2024-06-25T14:03:56.613+0000] {dagbag.py:545} INFO - Filling up the DagBag from /opt/airflow/dags/extractAPIdata.py
[2024-06-25T14:03:57.036+0000] {processor.py:840} INFO - DAG(s) 'nasa_to_s3' retrieved from /opt/airflow/dags/extractAPIdata.py
[2024-06-25T14:03:57.056+0000] {logging_mixin.py:188} INFO - [2024-06-25T14:03:57.056+0000] {dag.py:3096} INFO - Sync 1 DAGs
[2024-06-25T14:03:57.071+0000] {logging_mixin.py:188} INFO - [2024-06-25T14:03:57.071+0000] {dag.py:3954} INFO - Setting next_dagrun for nasa_to_s3 to 2024-06-25 00:00:00+00:00, run_after=2024-06-26 00:00:00+00:00
[2024-06-25T14:03:57.084+0000] {processor.py:183} INFO - Processing /opt/airflow/dags/extractAPIdata.py took 0.477 seconds
[2024-06-25T14:04:27.225+0000] {processor.py:161} INFO - Started process (PID=312) to work on /opt/airflow/dags/extractAPIdata.py
[2024-06-25T14:04:27.226+0000] {processor.py:830} INFO - Processing file /opt/airflow/dags/extractAPIdata.py for tasks to queue
[2024-06-25T14:04:27.228+0000] {logging_mixin.py:188} INFO - [2024-06-25T14:04:27.227+0000] {dagbag.py:545} INFO - Filling up the DagBag from /opt/airflow/dags/extractAPIdata.py
[2024-06-25T14:04:27.692+0000] {processor.py:840} INFO - DAG(s) 'nasa_to_s3' retrieved from /opt/airflow/dags/extractAPIdata.py
[2024-06-25T14:04:27.714+0000] {logging_mixin.py:188} INFO - [2024-06-25T14:04:27.713+0000] {dag.py:3096} INFO - Sync 1 DAGs
[2024-06-25T14:04:27.734+0000] {logging_mixin.py:188} INFO - [2024-06-25T14:04:27.734+0000] {dag.py:3954} INFO - Setting next_dagrun for nasa_to_s3 to 2024-06-25 00:00:00+00:00, run_after=2024-06-26 00:00:00+00:00
[2024-06-25T14:04:27.757+0000] {processor.py:183} INFO - Processing /opt/airflow/dags/extractAPIdata.py took 0.536 seconds
[2024-06-25T14:04:57.905+0000] {processor.py:161} INFO - Started process (PID=320) to work on /opt/airflow/dags/extractAPIdata.py
[2024-06-25T14:04:57.906+0000] {processor.py:830} INFO - Processing file /opt/airflow/dags/extractAPIdata.py for tasks to queue
[2024-06-25T14:04:57.907+0000] {logging_mixin.py:188} INFO - [2024-06-25T14:04:57.907+0000] {dagbag.py:545} INFO - Filling up the DagBag from /opt/airflow/dags/extractAPIdata.py
[2024-06-25T14:04:58.347+0000] {processor.py:840} INFO - DAG(s) 'nasa_to_s3' retrieved from /opt/airflow/dags/extractAPIdata.py
[2024-06-25T14:04:58.365+0000] {logging_mixin.py:188} INFO - [2024-06-25T14:04:58.364+0000] {dag.py:3096} INFO - Sync 1 DAGs
[2024-06-25T14:04:58.381+0000] {logging_mixin.py:188} INFO - [2024-06-25T14:04:58.381+0000] {dag.py:3954} INFO - Setting next_dagrun for nasa_to_s3 to 2024-06-25 00:00:00+00:00, run_after=2024-06-26 00:00:00+00:00
[2024-06-25T14:04:58.394+0000] {processor.py:183} INFO - Processing /opt/airflow/dags/extractAPIdata.py took 0.493 seconds
[2024-06-25T14:05:28.469+0000] {processor.py:161} INFO - Started process (PID=328) to work on /opt/airflow/dags/extractAPIdata.py
[2024-06-25T14:05:28.470+0000] {processor.py:830} INFO - Processing file /opt/airflow/dags/extractAPIdata.py for tasks to queue
[2024-06-25T14:05:28.471+0000] {logging_mixin.py:188} INFO - [2024-06-25T14:05:28.471+0000] {dagbag.py:545} INFO - Filling up the DagBag from /opt/airflow/dags/extractAPIdata.py
[2024-06-25T14:05:28.908+0000] {processor.py:840} INFO - DAG(s) 'nasa_to_s3' retrieved from /opt/airflow/dags/extractAPIdata.py
[2024-06-25T14:05:28.927+0000] {logging_mixin.py:188} INFO - [2024-06-25T14:05:28.927+0000] {dag.py:3096} INFO - Sync 1 DAGs
[2024-06-25T14:05:28.947+0000] {logging_mixin.py:188} INFO - [2024-06-25T14:05:28.947+0000] {dag.py:3954} INFO - Setting next_dagrun for nasa_to_s3 to 2024-06-25 00:00:00+00:00, run_after=2024-06-26 00:00:00+00:00
[2024-06-25T14:05:28.983+0000] {processor.py:183} INFO - Processing /opt/airflow/dags/extractAPIdata.py took 0.518 seconds
[2024-06-25T14:05:59.123+0000] {processor.py:161} INFO - Started process (PID=336) to work on /opt/airflow/dags/extractAPIdata.py
[2024-06-25T14:05:59.124+0000] {processor.py:830} INFO - Processing file /opt/airflow/dags/extractAPIdata.py for tasks to queue
[2024-06-25T14:05:59.125+0000] {logging_mixin.py:188} INFO - [2024-06-25T14:05:59.125+0000] {dagbag.py:545} INFO - Filling up the DagBag from /opt/airflow/dags/extractAPIdata.py
[2024-06-25T14:05:59.556+0000] {processor.py:840} INFO - DAG(s) 'nasa_to_s3' retrieved from /opt/airflow/dags/extractAPIdata.py
[2024-06-25T14:05:59.578+0000] {logging_mixin.py:188} INFO - [2024-06-25T14:05:59.577+0000] {dag.py:3096} INFO - Sync 1 DAGs
[2024-06-25T14:05:59.594+0000] {logging_mixin.py:188} INFO - [2024-06-25T14:05:59.594+0000] {dag.py:3954} INFO - Setting next_dagrun for nasa_to_s3 to 2024-06-25 00:00:00+00:00, run_after=2024-06-26 00:00:00+00:00
[2024-06-25T14:05:59.606+0000] {processor.py:183} INFO - Processing /opt/airflow/dags/extractAPIdata.py took 0.488 seconds
[2024-06-25T14:06:29.757+0000] {processor.py:161} INFO - Started process (PID=344) to work on /opt/airflow/dags/extractAPIdata.py
[2024-06-25T14:06:29.758+0000] {processor.py:830} INFO - Processing file /opt/airflow/dags/extractAPIdata.py for tasks to queue
[2024-06-25T14:06:29.759+0000] {logging_mixin.py:188} INFO - [2024-06-25T14:06:29.759+0000] {dagbag.py:545} INFO - Filling up the DagBag from /opt/airflow/dags/extractAPIdata.py
[2024-06-25T14:06:30.190+0000] {processor.py:840} INFO - DAG(s) 'nasa_to_s3' retrieved from /opt/airflow/dags/extractAPIdata.py
[2024-06-25T14:06:30.209+0000] {logging_mixin.py:188} INFO - [2024-06-25T14:06:30.209+0000] {dag.py:3096} INFO - Sync 1 DAGs
[2024-06-25T14:06:30.225+0000] {logging_mixin.py:188} INFO - [2024-06-25T14:06:30.225+0000] {dag.py:3954} INFO - Setting next_dagrun for nasa_to_s3 to 2024-06-25 00:00:00+00:00, run_after=2024-06-26 00:00:00+00:00
[2024-06-25T14:06:30.238+0000] {processor.py:183} INFO - Processing /opt/airflow/dags/extractAPIdata.py took 0.484 seconds
[2024-06-25T14:07:00.381+0000] {processor.py:161} INFO - Started process (PID=352) to work on /opt/airflow/dags/extractAPIdata.py
[2024-06-25T14:07:00.382+0000] {processor.py:830} INFO - Processing file /opt/airflow/dags/extractAPIdata.py for tasks to queue
[2024-06-25T14:07:00.383+0000] {logging_mixin.py:188} INFO - [2024-06-25T14:07:00.383+0000] {dagbag.py:545} INFO - Filling up the DagBag from /opt/airflow/dags/extractAPIdata.py
[2024-06-25T14:07:00.791+0000] {processor.py:840} INFO - DAG(s) 'nasa_to_s3' retrieved from /opt/airflow/dags/extractAPIdata.py
[2024-06-25T14:07:00.811+0000] {logging_mixin.py:188} INFO - [2024-06-25T14:07:00.810+0000] {dag.py:3096} INFO - Sync 1 DAGs
[2024-06-25T14:07:00.826+0000] {logging_mixin.py:188} INFO - [2024-06-25T14:07:00.826+0000] {dag.py:3954} INFO - Setting next_dagrun for nasa_to_s3 to 2024-06-25 00:00:00+00:00, run_after=2024-06-26 00:00:00+00:00
[2024-06-25T14:07:00.838+0000] {processor.py:183} INFO - Processing /opt/airflow/dags/extractAPIdata.py took 0.460 seconds
[2024-06-25T14:07:31.033+0000] {processor.py:161} INFO - Started process (PID=360) to work on /opt/airflow/dags/extractAPIdata.py
[2024-06-25T14:07:31.033+0000] {processor.py:830} INFO - Processing file /opt/airflow/dags/extractAPIdata.py for tasks to queue
[2024-06-25T14:07:31.034+0000] {logging_mixin.py:188} INFO - [2024-06-25T14:07:31.034+0000] {dagbag.py:545} INFO - Filling up the DagBag from /opt/airflow/dags/extractAPIdata.py
[2024-06-25T14:07:31.469+0000] {processor.py:840} INFO - DAG(s) 'nasa_to_s3' retrieved from /opt/airflow/dags/extractAPIdata.py
[2024-06-25T14:07:31.488+0000] {logging_mixin.py:188} INFO - [2024-06-25T14:07:31.488+0000] {dag.py:3096} INFO - Sync 1 DAGs
[2024-06-25T14:07:31.504+0000] {logging_mixin.py:188} INFO - [2024-06-25T14:07:31.503+0000] {dag.py:3954} INFO - Setting next_dagrun for nasa_to_s3 to 2024-06-25 00:00:00+00:00, run_after=2024-06-26 00:00:00+00:00
[2024-06-25T14:07:31.516+0000] {processor.py:183} INFO - Processing /opt/airflow/dags/extractAPIdata.py took 0.488 seconds
[2024-06-25T14:08:01.622+0000] {processor.py:161} INFO - Started process (PID=368) to work on /opt/airflow/dags/extractAPIdata.py
[2024-06-25T14:08:01.622+0000] {processor.py:830} INFO - Processing file /opt/airflow/dags/extractAPIdata.py for tasks to queue
[2024-06-25T14:08:01.624+0000] {logging_mixin.py:188} INFO - [2024-06-25T14:08:01.623+0000] {dagbag.py:545} INFO - Filling up the DagBag from /opt/airflow/dags/extractAPIdata.py
[2024-06-25T14:08:02.078+0000] {processor.py:840} INFO - DAG(s) 'nasa_to_s3' retrieved from /opt/airflow/dags/extractAPIdata.py
[2024-06-25T14:08:02.096+0000] {logging_mixin.py:188} INFO - [2024-06-25T14:08:02.096+0000] {dag.py:3096} INFO - Sync 1 DAGs
[2024-06-25T14:08:02.111+0000] {logging_mixin.py:188} INFO - [2024-06-25T14:08:02.111+0000] {dag.py:3954} INFO - Setting next_dagrun for nasa_to_s3 to 2024-06-25 00:00:00+00:00, run_after=2024-06-26 00:00:00+00:00
[2024-06-25T14:08:02.124+0000] {processor.py:183} INFO - Processing /opt/airflow/dags/extractAPIdata.py took 0.506 seconds
[2024-06-25T14:08:32.270+0000] {processor.py:161} INFO - Started process (PID=376) to work on /opt/airflow/dags/extractAPIdata.py
[2024-06-25T14:08:32.271+0000] {processor.py:830} INFO - Processing file /opt/airflow/dags/extractAPIdata.py for tasks to queue
[2024-06-25T14:08:32.273+0000] {logging_mixin.py:188} INFO - [2024-06-25T14:08:32.272+0000] {dagbag.py:545} INFO - Filling up the DagBag from /opt/airflow/dags/extractAPIdata.py
[2024-06-25T14:08:32.713+0000] {processor.py:840} INFO - DAG(s) 'nasa_to_s3' retrieved from /opt/airflow/dags/extractAPIdata.py
[2024-06-25T14:08:32.731+0000] {logging_mixin.py:188} INFO - [2024-06-25T14:08:32.731+0000] {dag.py:3096} INFO - Sync 1 DAGs
[2024-06-25T14:08:32.745+0000] {logging_mixin.py:188} INFO - [2024-06-25T14:08:32.745+0000] {dag.py:3954} INFO - Setting next_dagrun for nasa_to_s3 to 2024-06-25 00:00:00+00:00, run_after=2024-06-26 00:00:00+00:00
[2024-06-25T14:08:32.779+0000] {processor.py:183} INFO - Processing /opt/airflow/dags/extractAPIdata.py took 0.513 seconds
[2024-06-25T14:09:02.880+0000] {processor.py:161} INFO - Started process (PID=384) to work on /opt/airflow/dags/extractAPIdata.py
[2024-06-25T14:09:02.881+0000] {processor.py:830} INFO - Processing file /opt/airflow/dags/extractAPIdata.py for tasks to queue
[2024-06-25T14:09:02.882+0000] {logging_mixin.py:188} INFO - [2024-06-25T14:09:02.882+0000] {dagbag.py:545} INFO - Filling up the DagBag from /opt/airflow/dags/extractAPIdata.py
[2024-06-25T14:09:03.349+0000] {processor.py:840} INFO - DAG(s) 'nasa_to_s3' retrieved from /opt/airflow/dags/extractAPIdata.py
[2024-06-25T14:09:03.371+0000] {logging_mixin.py:188} INFO - [2024-06-25T14:09:03.371+0000] {dag.py:3096} INFO - Sync 1 DAGs
[2024-06-25T14:09:03.393+0000] {logging_mixin.py:188} INFO - [2024-06-25T14:09:03.393+0000] {dag.py:3954} INFO - Setting next_dagrun for nasa_to_s3 to 2024-06-25 00:00:00+00:00, run_after=2024-06-26 00:00:00+00:00
[2024-06-25T14:09:03.407+0000] {processor.py:183} INFO - Processing /opt/airflow/dags/extractAPIdata.py took 0.531 seconds
[2024-06-25T14:09:33.559+0000] {processor.py:161} INFO - Started process (PID=392) to work on /opt/airflow/dags/extractAPIdata.py
[2024-06-25T14:09:33.559+0000] {processor.py:830} INFO - Processing file /opt/airflow/dags/extractAPIdata.py for tasks to queue
[2024-06-25T14:09:33.561+0000] {logging_mixin.py:188} INFO - [2024-06-25T14:09:33.560+0000] {dagbag.py:545} INFO - Filling up the DagBag from /opt/airflow/dags/extractAPIdata.py
[2024-06-25T14:09:33.983+0000] {processor.py:840} INFO - DAG(s) 'nasa_to_s3' retrieved from /opt/airflow/dags/extractAPIdata.py
[2024-06-25T14:09:34.004+0000] {logging_mixin.py:188} INFO - [2024-06-25T14:09:34.004+0000] {dag.py:3096} INFO - Sync 1 DAGs
[2024-06-25T14:09:34.019+0000] {logging_mixin.py:188} INFO - [2024-06-25T14:09:34.019+0000] {dag.py:3954} INFO - Setting next_dagrun for nasa_to_s3 to 2024-06-25 00:00:00+00:00, run_after=2024-06-26 00:00:00+00:00
[2024-06-25T14:09:34.032+0000] {processor.py:183} INFO - Processing /opt/airflow/dags/extractAPIdata.py took 0.477 seconds
[2024-06-25T14:10:04.136+0000] {processor.py:161} INFO - Started process (PID=400) to work on /opt/airflow/dags/extractAPIdata.py
[2024-06-25T14:10:04.137+0000] {processor.py:830} INFO - Processing file /opt/airflow/dags/extractAPIdata.py for tasks to queue
[2024-06-25T14:10:04.138+0000] {logging_mixin.py:188} INFO - [2024-06-25T14:10:04.138+0000] {dagbag.py:545} INFO - Filling up the DagBag from /opt/airflow/dags/extractAPIdata.py
[2024-06-25T14:10:04.625+0000] {processor.py:840} INFO - DAG(s) 'nasa_to_s3' retrieved from /opt/airflow/dags/extractAPIdata.py
[2024-06-25T14:10:04.645+0000] {logging_mixin.py:188} INFO - [2024-06-25T14:10:04.644+0000] {dag.py:3096} INFO - Sync 1 DAGs
[2024-06-25T14:10:04.662+0000] {logging_mixin.py:188} INFO - [2024-06-25T14:10:04.661+0000] {dag.py:3954} INFO - Setting next_dagrun for nasa_to_s3 to 2024-06-25 00:00:00+00:00, run_after=2024-06-26 00:00:00+00:00
[2024-06-25T14:10:04.674+0000] {processor.py:183} INFO - Processing /opt/airflow/dags/extractAPIdata.py took 0.541 seconds
[2024-06-25T14:10:34.826+0000] {processor.py:161} INFO - Started process (PID=408) to work on /opt/airflow/dags/extractAPIdata.py
[2024-06-25T14:10:34.826+0000] {processor.py:830} INFO - Processing file /opt/airflow/dags/extractAPIdata.py for tasks to queue
[2024-06-25T14:10:34.828+0000] {logging_mixin.py:188} INFO - [2024-06-25T14:10:34.827+0000] {dagbag.py:545} INFO - Filling up the DagBag from /opt/airflow/dags/extractAPIdata.py
[2024-06-25T14:10:35.276+0000] {processor.py:840} INFO - DAG(s) 'nasa_to_s3' retrieved from /opt/airflow/dags/extractAPIdata.py
[2024-06-25T14:10:35.294+0000] {logging_mixin.py:188} INFO - [2024-06-25T14:10:35.293+0000] {dag.py:3096} INFO - Sync 1 DAGs
[2024-06-25T14:10:35.309+0000] {logging_mixin.py:188} INFO - [2024-06-25T14:10:35.309+0000] {dag.py:3954} INFO - Setting next_dagrun for nasa_to_s3 to 2024-06-25 00:00:00+00:00, run_after=2024-06-26 00:00:00+00:00
[2024-06-25T14:10:35.321+0000] {processor.py:183} INFO - Processing /opt/airflow/dags/extractAPIdata.py took 0.500 seconds
[2024-06-25T14:11:05.389+0000] {processor.py:161} INFO - Started process (PID=416) to work on /opt/airflow/dags/extractAPIdata.py
[2024-06-25T14:11:05.390+0000] {processor.py:830} INFO - Processing file /opt/airflow/dags/extractAPIdata.py for tasks to queue
[2024-06-25T14:11:05.391+0000] {logging_mixin.py:188} INFO - [2024-06-25T14:11:05.391+0000] {dagbag.py:545} INFO - Filling up the DagBag from /opt/airflow/dags/extractAPIdata.py
[2024-06-25T14:11:05.813+0000] {processor.py:840} INFO - DAG(s) 'nasa_to_s3' retrieved from /opt/airflow/dags/extractAPIdata.py
[2024-06-25T14:11:05.830+0000] {logging_mixin.py:188} INFO - [2024-06-25T14:11:05.830+0000] {dag.py:3096} INFO - Sync 1 DAGs
[2024-06-25T14:11:05.844+0000] {logging_mixin.py:188} INFO - [2024-06-25T14:11:05.844+0000] {dag.py:3954} INFO - Setting next_dagrun for nasa_to_s3 to 2024-06-25 00:00:00+00:00, run_after=2024-06-26 00:00:00+00:00
[2024-06-25T14:11:05.856+0000] {processor.py:183} INFO - Processing /opt/airflow/dags/extractAPIdata.py took 0.470 seconds
[2024-06-25T14:11:35.994+0000] {processor.py:161} INFO - Started process (PID=424) to work on /opt/airflow/dags/extractAPIdata.py
[2024-06-25T14:11:35.994+0000] {processor.py:830} INFO - Processing file /opt/airflow/dags/extractAPIdata.py for tasks to queue
[2024-06-25T14:11:35.996+0000] {logging_mixin.py:188} INFO - [2024-06-25T14:11:35.995+0000] {dagbag.py:545} INFO - Filling up the DagBag from /opt/airflow/dags/extractAPIdata.py
[2024-06-25T14:11:36.452+0000] {processor.py:840} INFO - DAG(s) 'nasa_to_s3' retrieved from /opt/airflow/dags/extractAPIdata.py
[2024-06-25T14:11:36.473+0000] {logging_mixin.py:188} INFO - [2024-06-25T14:11:36.472+0000] {dag.py:3096} INFO - Sync 1 DAGs
[2024-06-25T14:11:36.489+0000] {logging_mixin.py:188} INFO - [2024-06-25T14:11:36.489+0000] {dag.py:3954} INFO - Setting next_dagrun for nasa_to_s3 to 2024-06-25 00:00:00+00:00, run_after=2024-06-26 00:00:00+00:00
[2024-06-25T14:11:36.502+0000] {processor.py:183} INFO - Processing /opt/airflow/dags/extractAPIdata.py took 0.512 seconds
[2024-06-25T14:12:06.651+0000] {processor.py:161} INFO - Started process (PID=432) to work on /opt/airflow/dags/extractAPIdata.py
[2024-06-25T14:12:06.652+0000] {processor.py:830} INFO - Processing file /opt/airflow/dags/extractAPIdata.py for tasks to queue
[2024-06-25T14:12:06.653+0000] {logging_mixin.py:188} INFO - [2024-06-25T14:12:06.653+0000] {dagbag.py:545} INFO - Filling up the DagBag from /opt/airflow/dags/extractAPIdata.py
[2024-06-25T14:12:07.087+0000] {processor.py:840} INFO - DAG(s) 'nasa_to_s3' retrieved from /opt/airflow/dags/extractAPIdata.py
[2024-06-25T14:12:07.105+0000] {logging_mixin.py:188} INFO - [2024-06-25T14:12:07.104+0000] {dag.py:3096} INFO - Sync 1 DAGs
[2024-06-25T14:12:07.121+0000] {logging_mixin.py:188} INFO - [2024-06-25T14:12:07.121+0000] {dag.py:3954} INFO - Setting next_dagrun for nasa_to_s3 to 2024-06-25 00:00:00+00:00, run_after=2024-06-26 00:00:00+00:00
[2024-06-25T14:12:07.133+0000] {processor.py:183} INFO - Processing /opt/airflow/dags/extractAPIdata.py took 0.487 seconds
[2024-06-25T14:12:37.277+0000] {processor.py:161} INFO - Started process (PID=440) to work on /opt/airflow/dags/extractAPIdata.py
[2024-06-25T14:12:37.277+0000] {processor.py:830} INFO - Processing file /opt/airflow/dags/extractAPIdata.py for tasks to queue
[2024-06-25T14:12:37.279+0000] {logging_mixin.py:188} INFO - [2024-06-25T14:12:37.279+0000] {dagbag.py:545} INFO - Filling up the DagBag from /opt/airflow/dags/extractAPIdata.py
[2024-06-25T14:12:37.710+0000] {processor.py:840} INFO - DAG(s) 'nasa_to_s3' retrieved from /opt/airflow/dags/extractAPIdata.py
[2024-06-25T14:12:37.731+0000] {logging_mixin.py:188} INFO - [2024-06-25T14:12:37.731+0000] {dag.py:3096} INFO - Sync 1 DAGs
[2024-06-25T14:12:37.748+0000] {logging_mixin.py:188} INFO - [2024-06-25T14:12:37.747+0000] {dag.py:3954} INFO - Setting next_dagrun for nasa_to_s3 to 2024-06-25 00:00:00+00:00, run_after=2024-06-26 00:00:00+00:00
[2024-06-25T14:12:37.761+0000] {processor.py:183} INFO - Processing /opt/airflow/dags/extractAPIdata.py took 0.488 seconds
[2024-06-25T14:12:39.804+0000] {processor.py:161} INFO - Started process (PID=442) to work on /opt/airflow/dags/extractAPIdata.py
[2024-06-25T14:12:39.805+0000] {processor.py:830} INFO - Processing file /opt/airflow/dags/extractAPIdata.py for tasks to queue
[2024-06-25T14:12:39.806+0000] {logging_mixin.py:188} INFO - [2024-06-25T14:12:39.806+0000] {dagbag.py:545} INFO - Filling up the DagBag from /opt/airflow/dags/extractAPIdata.py
[2024-06-25T14:12:40.241+0000] {processor.py:840} INFO - DAG(s) 'nasa_to_s3' retrieved from /opt/airflow/dags/extractAPIdata.py
[2024-06-25T14:12:40.261+0000] {logging_mixin.py:188} INFO - [2024-06-25T14:12:40.260+0000] {dag.py:3096} INFO - Sync 1 DAGs
[2024-06-25T14:12:40.282+0000] {logging_mixin.py:188} INFO - [2024-06-25T14:12:40.281+0000] {dag.py:3954} INFO - Setting next_dagrun for nasa_to_s3 to 2024-06-25 00:00:00+00:00, run_after=2024-06-26 00:00:00+00:00
[2024-06-25T14:12:40.297+0000] {processor.py:183} INFO - Processing /opt/airflow/dags/extractAPIdata.py took 0.497 seconds
[2024-06-25T14:13:10.425+0000] {processor.py:161} INFO - Started process (PID=450) to work on /opt/airflow/dags/extractAPIdata.py
[2024-06-25T14:13:10.425+0000] {processor.py:830} INFO - Processing file /opt/airflow/dags/extractAPIdata.py for tasks to queue
[2024-06-25T14:13:10.427+0000] {logging_mixin.py:188} INFO - [2024-06-25T14:13:10.426+0000] {dagbag.py:545} INFO - Filling up the DagBag from /opt/airflow/dags/extractAPIdata.py
[2024-06-25T14:13:10.846+0000] {processor.py:840} INFO - DAG(s) 'nasa_to_s3' retrieved from /opt/airflow/dags/extractAPIdata.py
[2024-06-25T14:13:10.864+0000] {logging_mixin.py:188} INFO - [2024-06-25T14:13:10.864+0000] {dag.py:3096} INFO - Sync 1 DAGs
[2024-06-25T14:13:10.878+0000] {logging_mixin.py:188} INFO - [2024-06-25T14:13:10.878+0000] {dag.py:3954} INFO - Setting next_dagrun for nasa_to_s3 to 2024-06-25 00:00:00+00:00, run_after=2024-06-26 00:00:00+00:00
[2024-06-25T14:13:10.891+0000] {processor.py:183} INFO - Processing /opt/airflow/dags/extractAPIdata.py took 0.470 seconds
[2024-06-25T14:13:41.033+0000] {processor.py:161} INFO - Started process (PID=458) to work on /opt/airflow/dags/extractAPIdata.py
[2024-06-25T14:13:41.034+0000] {processor.py:830} INFO - Processing file /opt/airflow/dags/extractAPIdata.py for tasks to queue
[2024-06-25T14:13:41.035+0000] {logging_mixin.py:188} INFO - [2024-06-25T14:13:41.035+0000] {dagbag.py:545} INFO - Filling up the DagBag from /opt/airflow/dags/extractAPIdata.py
[2024-06-25T14:13:41.499+0000] {processor.py:840} INFO - DAG(s) 'nasa_to_s3' retrieved from /opt/airflow/dags/extractAPIdata.py
[2024-06-25T14:13:41.518+0000] {logging_mixin.py:188} INFO - [2024-06-25T14:13:41.517+0000] {dag.py:3096} INFO - Sync 1 DAGs
[2024-06-25T14:13:41.532+0000] {logging_mixin.py:188} INFO - [2024-06-25T14:13:41.532+0000] {dag.py:3954} INFO - Setting next_dagrun for nasa_to_s3 to 2024-06-25 00:00:00+00:00, run_after=2024-06-26 00:00:00+00:00
[2024-06-25T14:13:41.546+0000] {processor.py:183} INFO - Processing /opt/airflow/dags/extractAPIdata.py took 0.518 seconds
[2024-06-25T14:14:11.668+0000] {processor.py:161} INFO - Started process (PID=466) to work on /opt/airflow/dags/extractAPIdata.py
[2024-06-25T14:14:11.669+0000] {processor.py:830} INFO - Processing file /opt/airflow/dags/extractAPIdata.py for tasks to queue
[2024-06-25T14:14:11.670+0000] {logging_mixin.py:188} INFO - [2024-06-25T14:14:11.670+0000] {dagbag.py:545} INFO - Filling up the DagBag from /opt/airflow/dags/extractAPIdata.py
[2024-06-25T14:14:12.129+0000] {processor.py:840} INFO - DAG(s) 'nasa_to_s3' retrieved from /opt/airflow/dags/extractAPIdata.py
[2024-06-25T14:14:12.148+0000] {logging_mixin.py:188} INFO - [2024-06-25T14:14:12.148+0000] {dag.py:3096} INFO - Sync 1 DAGs
[2024-06-25T14:14:12.165+0000] {logging_mixin.py:188} INFO - [2024-06-25T14:14:12.165+0000] {dag.py:3954} INFO - Setting next_dagrun for nasa_to_s3 to 2024-06-25 00:00:00+00:00, run_after=2024-06-26 00:00:00+00:00
[2024-06-25T14:14:12.178+0000] {processor.py:183} INFO - Processing /opt/airflow/dags/extractAPIdata.py took 0.514 seconds
[2024-06-25T14:14:42.325+0000] {processor.py:161} INFO - Started process (PID=474) to work on /opt/airflow/dags/extractAPIdata.py
[2024-06-25T14:14:42.325+0000] {processor.py:830} INFO - Processing file /opt/airflow/dags/extractAPIdata.py for tasks to queue
[2024-06-25T14:14:42.327+0000] {logging_mixin.py:188} INFO - [2024-06-25T14:14:42.326+0000] {dagbag.py:545} INFO - Filling up the DagBag from /opt/airflow/dags/extractAPIdata.py
[2024-06-25T14:14:42.816+0000] {processor.py:840} INFO - DAG(s) 'nasa_to_s3' retrieved from /opt/airflow/dags/extractAPIdata.py
[2024-06-25T14:14:42.835+0000] {logging_mixin.py:188} INFO - [2024-06-25T14:14:42.835+0000] {dag.py:3096} INFO - Sync 1 DAGs
[2024-06-25T14:14:42.851+0000] {logging_mixin.py:188} INFO - [2024-06-25T14:14:42.850+0000] {dag.py:3954} INFO - Setting next_dagrun for nasa_to_s3 to 2024-06-25 00:00:00+00:00, run_after=2024-06-26 00:00:00+00:00
[2024-06-25T14:14:42.864+0000] {processor.py:183} INFO - Processing /opt/airflow/dags/extractAPIdata.py took 0.543 seconds
[2024-06-25T14:15:12.929+0000] {processor.py:161} INFO - Started process (PID=482) to work on /opt/airflow/dags/extractAPIdata.py
[2024-06-25T14:15:12.930+0000] {processor.py:830} INFO - Processing file /opt/airflow/dags/extractAPIdata.py for tasks to queue
[2024-06-25T14:15:12.932+0000] {logging_mixin.py:188} INFO - [2024-06-25T14:15:12.931+0000] {dagbag.py:545} INFO - Filling up the DagBag from /opt/airflow/dags/extractAPIdata.py
[2024-06-25T14:15:13.423+0000] {processor.py:840} INFO - DAG(s) 'nasa_to_s3' retrieved from /opt/airflow/dags/extractAPIdata.py
[2024-06-25T14:15:13.441+0000] {logging_mixin.py:188} INFO - [2024-06-25T14:15:13.441+0000] {dag.py:3096} INFO - Sync 1 DAGs
[2024-06-25T14:15:13.456+0000] {logging_mixin.py:188} INFO - [2024-06-25T14:15:13.456+0000] {dag.py:3954} INFO - Setting next_dagrun for nasa_to_s3 to 2024-06-25 00:00:00+00:00, run_after=2024-06-26 00:00:00+00:00
[2024-06-25T14:15:13.468+0000] {processor.py:183} INFO - Processing /opt/airflow/dags/extractAPIdata.py took 0.543 seconds
[2024-06-25T14:15:43.620+0000] {processor.py:161} INFO - Started process (PID=490) to work on /opt/airflow/dags/extractAPIdata.py
[2024-06-25T14:15:43.621+0000] {processor.py:830} INFO - Processing file /opt/airflow/dags/extractAPIdata.py for tasks to queue
[2024-06-25T14:15:43.622+0000] {logging_mixin.py:188} INFO - [2024-06-25T14:15:43.622+0000] {dagbag.py:545} INFO - Filling up the DagBag from /opt/airflow/dags/extractAPIdata.py
[2024-06-25T14:15:44.067+0000] {processor.py:840} INFO - DAG(s) 'nasa_to_s3' retrieved from /opt/airflow/dags/extractAPIdata.py
[2024-06-25T14:15:44.089+0000] {logging_mixin.py:188} INFO - [2024-06-25T14:15:44.089+0000] {dag.py:3096} INFO - Sync 1 DAGs
[2024-06-25T14:15:44.105+0000] {logging_mixin.py:188} INFO - [2024-06-25T14:15:44.104+0000] {dag.py:3954} INFO - Setting next_dagrun for nasa_to_s3 to 2024-06-25 00:00:00+00:00, run_after=2024-06-26 00:00:00+00:00
[2024-06-25T14:15:44.117+0000] {processor.py:183} INFO - Processing /opt/airflow/dags/extractAPIdata.py took 0.501 seconds
[2024-06-25T14:16:14.238+0000] {processor.py:161} INFO - Started process (PID=498) to work on /opt/airflow/dags/extractAPIdata.py
[2024-06-25T14:16:14.239+0000] {processor.py:830} INFO - Processing file /opt/airflow/dags/extractAPIdata.py for tasks to queue
[2024-06-25T14:16:14.240+0000] {logging_mixin.py:188} INFO - [2024-06-25T14:16:14.240+0000] {dagbag.py:545} INFO - Filling up the DagBag from /opt/airflow/dags/extractAPIdata.py
[2024-06-25T14:16:14.690+0000] {processor.py:840} INFO - DAG(s) 'nasa_to_s3' retrieved from /opt/airflow/dags/extractAPIdata.py
[2024-06-25T14:16:14.710+0000] {logging_mixin.py:188} INFO - [2024-06-25T14:16:14.710+0000] {dag.py:3096} INFO - Sync 1 DAGs
[2024-06-25T14:16:14.724+0000] {logging_mixin.py:188} INFO - [2024-06-25T14:16:14.724+0000] {dag.py:3954} INFO - Setting next_dagrun for nasa_to_s3 to 2024-06-25 00:00:00+00:00, run_after=2024-06-26 00:00:00+00:00
[2024-06-25T14:16:14.737+0000] {processor.py:183} INFO - Processing /opt/airflow/dags/extractAPIdata.py took 0.502 seconds
[2024-06-25T14:16:44.886+0000] {processor.py:161} INFO - Started process (PID=506) to work on /opt/airflow/dags/extractAPIdata.py
[2024-06-25T14:16:44.887+0000] {processor.py:830} INFO - Processing file /opt/airflow/dags/extractAPIdata.py for tasks to queue
[2024-06-25T14:16:44.888+0000] {logging_mixin.py:188} INFO - [2024-06-25T14:16:44.888+0000] {dagbag.py:545} INFO - Filling up the DagBag from /opt/airflow/dags/extractAPIdata.py
[2024-06-25T14:16:45.326+0000] {processor.py:840} INFO - DAG(s) 'nasa_to_s3' retrieved from /opt/airflow/dags/extractAPIdata.py
[2024-06-25T14:16:45.346+0000] {logging_mixin.py:188} INFO - [2024-06-25T14:16:45.346+0000] {dag.py:3096} INFO - Sync 1 DAGs
[2024-06-25T14:16:45.363+0000] {logging_mixin.py:188} INFO - [2024-06-25T14:16:45.363+0000] {dag.py:3954} INFO - Setting next_dagrun for nasa_to_s3 to 2024-06-25 00:00:00+00:00, run_after=2024-06-26 00:00:00+00:00
[2024-06-25T14:16:45.378+0000] {processor.py:183} INFO - Processing /opt/airflow/dags/extractAPIdata.py took 0.496 seconds
[2024-06-25T14:17:15.521+0000] {processor.py:161} INFO - Started process (PID=514) to work on /opt/airflow/dags/extractAPIdata.py
[2024-06-25T14:17:15.522+0000] {processor.py:830} INFO - Processing file /opt/airflow/dags/extractAPIdata.py for tasks to queue
[2024-06-25T14:17:15.523+0000] {logging_mixin.py:188} INFO - [2024-06-25T14:17:15.523+0000] {dagbag.py:545} INFO - Filling up the DagBag from /opt/airflow/dags/extractAPIdata.py
[2024-06-25T14:17:15.950+0000] {processor.py:840} INFO - DAG(s) 'nasa_to_s3' retrieved from /opt/airflow/dags/extractAPIdata.py
[2024-06-25T14:17:15.971+0000] {logging_mixin.py:188} INFO - [2024-06-25T14:17:15.971+0000] {dag.py:3096} INFO - Sync 1 DAGs
[2024-06-25T14:17:15.987+0000] {logging_mixin.py:188} INFO - [2024-06-25T14:17:15.987+0000] {dag.py:3954} INFO - Setting next_dagrun for nasa_to_s3 to 2024-06-25 00:00:00+00:00, run_after=2024-06-26 00:00:00+00:00
[2024-06-25T14:17:16.001+0000] {processor.py:183} INFO - Processing /opt/airflow/dags/extractAPIdata.py took 0.483 seconds
[2024-06-25T14:17:46.148+0000] {processor.py:161} INFO - Started process (PID=522) to work on /opt/airflow/dags/extractAPIdata.py
[2024-06-25T14:17:46.149+0000] {processor.py:830} INFO - Processing file /opt/airflow/dags/extractAPIdata.py for tasks to queue
[2024-06-25T14:17:46.151+0000] {logging_mixin.py:188} INFO - [2024-06-25T14:17:46.151+0000] {dagbag.py:545} INFO - Filling up the DagBag from /opt/airflow/dags/extractAPIdata.py
[2024-06-25T14:17:46.576+0000] {processor.py:840} INFO - DAG(s) 'nasa_to_s3' retrieved from /opt/airflow/dags/extractAPIdata.py
[2024-06-25T14:17:46.595+0000] {logging_mixin.py:188} INFO - [2024-06-25T14:17:46.595+0000] {dag.py:3096} INFO - Sync 1 DAGs
[2024-06-25T14:17:46.610+0000] {logging_mixin.py:188} INFO - [2024-06-25T14:17:46.610+0000] {dag.py:3954} INFO - Setting next_dagrun for nasa_to_s3 to 2024-06-25 00:00:00+00:00, run_after=2024-06-26 00:00:00+00:00
[2024-06-25T14:17:46.623+0000] {processor.py:183} INFO - Processing /opt/airflow/dags/extractAPIdata.py took 0.481 seconds
[2024-06-25T14:18:16.775+0000] {processor.py:161} INFO - Started process (PID=531) to work on /opt/airflow/dags/extractAPIdata.py
[2024-06-25T14:18:16.776+0000] {processor.py:830} INFO - Processing file /opt/airflow/dags/extractAPIdata.py for tasks to queue
[2024-06-25T14:18:16.777+0000] {logging_mixin.py:188} INFO - [2024-06-25T14:18:16.777+0000] {dagbag.py:545} INFO - Filling up the DagBag from /opt/airflow/dags/extractAPIdata.py
[2024-06-25T14:18:17.218+0000] {processor.py:840} INFO - DAG(s) 'nasa_to_s3' retrieved from /opt/airflow/dags/extractAPIdata.py
[2024-06-25T14:18:17.238+0000] {logging_mixin.py:188} INFO - [2024-06-25T14:18:17.238+0000] {dag.py:3096} INFO - Sync 1 DAGs
[2024-06-25T14:18:17.253+0000] {logging_mixin.py:188} INFO - [2024-06-25T14:18:17.253+0000] {dag.py:3954} INFO - Setting next_dagrun for nasa_to_s3 to 2024-06-25 00:00:00+00:00, run_after=2024-06-26 00:00:00+00:00
[2024-06-25T14:18:17.266+0000] {processor.py:183} INFO - Processing /opt/airflow/dags/extractAPIdata.py took 0.496 seconds
[2024-06-25T14:18:47.416+0000] {processor.py:161} INFO - Started process (PID=539) to work on /opt/airflow/dags/extractAPIdata.py
[2024-06-25T14:18:47.417+0000] {processor.py:830} INFO - Processing file /opt/airflow/dags/extractAPIdata.py for tasks to queue
[2024-06-25T14:18:47.418+0000] {logging_mixin.py:188} INFO - [2024-06-25T14:18:47.418+0000] {dagbag.py:545} INFO - Filling up the DagBag from /opt/airflow/dags/extractAPIdata.py
[2024-06-25T14:18:47.852+0000] {processor.py:840} INFO - DAG(s) 'nasa_to_s3' retrieved from /opt/airflow/dags/extractAPIdata.py
[2024-06-25T14:18:47.870+0000] {logging_mixin.py:188} INFO - [2024-06-25T14:18:47.870+0000] {dag.py:3096} INFO - Sync 1 DAGs
[2024-06-25T14:18:47.885+0000] {logging_mixin.py:188} INFO - [2024-06-25T14:18:47.885+0000] {dag.py:3954} INFO - Setting next_dagrun for nasa_to_s3 to 2024-06-25 00:00:00+00:00, run_after=2024-06-26 00:00:00+00:00
[2024-06-25T14:18:47.898+0000] {processor.py:183} INFO - Processing /opt/airflow/dags/extractAPIdata.py took 0.485 seconds
[2024-06-25T14:19:18.020+0000] {processor.py:161} INFO - Started process (PID=547) to work on /opt/airflow/dags/extractAPIdata.py
[2024-06-25T14:19:18.021+0000] {processor.py:830} INFO - Processing file /opt/airflow/dags/extractAPIdata.py for tasks to queue
[2024-06-25T14:19:18.022+0000] {logging_mixin.py:188} INFO - [2024-06-25T14:19:18.022+0000] {dagbag.py:545} INFO - Filling up the DagBag from /opt/airflow/dags/extractAPIdata.py
[2024-06-25T14:19:18.449+0000] {processor.py:840} INFO - DAG(s) 'nasa_to_s3' retrieved from /opt/airflow/dags/extractAPIdata.py
[2024-06-25T14:19:18.467+0000] {logging_mixin.py:188} INFO - [2024-06-25T14:19:18.467+0000] {dag.py:3096} INFO - Sync 1 DAGs
[2024-06-25T14:19:18.481+0000] {logging_mixin.py:188} INFO - [2024-06-25T14:19:18.480+0000] {dag.py:3954} INFO - Setting next_dagrun for nasa_to_s3 to 2024-06-25 00:00:00+00:00, run_after=2024-06-26 00:00:00+00:00
[2024-06-25T14:19:18.493+0000] {processor.py:183} INFO - Processing /opt/airflow/dags/extractAPIdata.py took 0.477 seconds
[2024-06-25T14:19:48.663+0000] {processor.py:161} INFO - Started process (PID=555) to work on /opt/airflow/dags/extractAPIdata.py
[2024-06-25T14:19:48.663+0000] {processor.py:830} INFO - Processing file /opt/airflow/dags/extractAPIdata.py for tasks to queue
[2024-06-25T14:19:48.665+0000] {logging_mixin.py:188} INFO - [2024-06-25T14:19:48.665+0000] {dagbag.py:545} INFO - Filling up the DagBag from /opt/airflow/dags/extractAPIdata.py
[2024-06-25T14:19:49.089+0000] {processor.py:840} INFO - DAG(s) 'nasa_to_s3' retrieved from /opt/airflow/dags/extractAPIdata.py
[2024-06-25T14:19:49.108+0000] {logging_mixin.py:188} INFO - [2024-06-25T14:19:49.108+0000] {dag.py:3096} INFO - Sync 1 DAGs
[2024-06-25T14:19:49.124+0000] {logging_mixin.py:188} INFO - [2024-06-25T14:19:49.124+0000] {dag.py:3954} INFO - Setting next_dagrun for nasa_to_s3 to 2024-06-25 00:00:00+00:00, run_after=2024-06-26 00:00:00+00:00
[2024-06-25T14:19:49.137+0000] {processor.py:183} INFO - Processing /opt/airflow/dags/extractAPIdata.py took 0.479 seconds
[2024-06-25T14:20:19.282+0000] {processor.py:161} INFO - Started process (PID=563) to work on /opt/airflow/dags/extractAPIdata.py
[2024-06-25T14:20:19.282+0000] {processor.py:830} INFO - Processing file /opt/airflow/dags/extractAPIdata.py for tasks to queue
[2024-06-25T14:20:19.284+0000] {logging_mixin.py:188} INFO - [2024-06-25T14:20:19.284+0000] {dagbag.py:545} INFO - Filling up the DagBag from /opt/airflow/dags/extractAPIdata.py
[2024-06-25T14:20:19.768+0000] {processor.py:840} INFO - DAG(s) 'nasa_to_s3' retrieved from /opt/airflow/dags/extractAPIdata.py
[2024-06-25T14:20:19.787+0000] {logging_mixin.py:188} INFO - [2024-06-25T14:20:19.786+0000] {dag.py:3096} INFO - Sync 1 DAGs
[2024-06-25T14:20:19.805+0000] {logging_mixin.py:188} INFO - [2024-06-25T14:20:19.804+0000] {dag.py:3954} INFO - Setting next_dagrun for nasa_to_s3 to 2024-06-25 00:00:00+00:00, run_after=2024-06-26 00:00:00+00:00
[2024-06-25T14:20:19.817+0000] {processor.py:183} INFO - Processing /opt/airflow/dags/extractAPIdata.py took 0.542 seconds
[2024-06-25T14:20:49.966+0000] {processor.py:161} INFO - Started process (PID=571) to work on /opt/airflow/dags/extractAPIdata.py
[2024-06-25T14:20:49.967+0000] {processor.py:830} INFO - Processing file /opt/airflow/dags/extractAPIdata.py for tasks to queue
[2024-06-25T14:20:49.968+0000] {logging_mixin.py:188} INFO - [2024-06-25T14:20:49.968+0000] {dagbag.py:545} INFO - Filling up the DagBag from /opt/airflow/dags/extractAPIdata.py
[2024-06-25T14:20:50.446+0000] {processor.py:840} INFO - DAG(s) 'nasa_to_s3' retrieved from /opt/airflow/dags/extractAPIdata.py
[2024-06-25T14:20:50.465+0000] {logging_mixin.py:188} INFO - [2024-06-25T14:20:50.464+0000] {dag.py:3096} INFO - Sync 1 DAGs
[2024-06-25T14:20:50.480+0000] {logging_mixin.py:188} INFO - [2024-06-25T14:20:50.480+0000] {dag.py:3954} INFO - Setting next_dagrun for nasa_to_s3 to 2024-06-25 00:00:00+00:00, run_after=2024-06-26 00:00:00+00:00
[2024-06-25T14:20:50.493+0000] {processor.py:183} INFO - Processing /opt/airflow/dags/extractAPIdata.py took 0.532 seconds
[2024-06-25T14:21:20.624+0000] {processor.py:161} INFO - Started process (PID=579) to work on /opt/airflow/dags/extractAPIdata.py
[2024-06-25T14:21:20.625+0000] {processor.py:830} INFO - Processing file /opt/airflow/dags/extractAPIdata.py for tasks to queue
[2024-06-25T14:21:20.626+0000] {logging_mixin.py:188} INFO - [2024-06-25T14:21:20.626+0000] {dagbag.py:545} INFO - Filling up the DagBag from /opt/airflow/dags/extractAPIdata.py
[2024-06-25T14:21:21.065+0000] {processor.py:840} INFO - DAG(s) 'nasa_to_s3' retrieved from /opt/airflow/dags/extractAPIdata.py
[2024-06-25T14:21:21.085+0000] {logging_mixin.py:188} INFO - [2024-06-25T14:21:21.084+0000] {dag.py:3096} INFO - Sync 1 DAGs
[2024-06-25T14:21:21.099+0000] {logging_mixin.py:188} INFO - [2024-06-25T14:21:21.098+0000] {dag.py:3954} INFO - Setting next_dagrun for nasa_to_s3 to 2024-06-25 00:00:00+00:00, run_after=2024-06-26 00:00:00+00:00
[2024-06-25T14:21:21.111+0000] {processor.py:183} INFO - Processing /opt/airflow/dags/extractAPIdata.py took 0.490 seconds
[2024-06-25T14:21:51.267+0000] {processor.py:161} INFO - Started process (PID=587) to work on /opt/airflow/dags/extractAPIdata.py
[2024-06-25T14:21:51.268+0000] {processor.py:830} INFO - Processing file /opt/airflow/dags/extractAPIdata.py for tasks to queue
[2024-06-25T14:21:51.270+0000] {logging_mixin.py:188} INFO - [2024-06-25T14:21:51.269+0000] {dagbag.py:545} INFO - Filling up the DagBag from /opt/airflow/dags/extractAPIdata.py
[2024-06-25T14:21:51.727+0000] {processor.py:840} INFO - DAG(s) 'nasa_to_s3' retrieved from /opt/airflow/dags/extractAPIdata.py
[2024-06-25T14:21:51.746+0000] {logging_mixin.py:188} INFO - [2024-06-25T14:21:51.745+0000] {dag.py:3096} INFO - Sync 1 DAGs
[2024-06-25T14:21:51.761+0000] {logging_mixin.py:188} INFO - [2024-06-25T14:21:51.760+0000] {dag.py:3954} INFO - Setting next_dagrun for nasa_to_s3 to 2024-06-25 00:00:00+00:00, run_after=2024-06-26 00:00:00+00:00
[2024-06-25T14:21:51.773+0000] {processor.py:183} INFO - Processing /opt/airflow/dags/extractAPIdata.py took 0.510 seconds
[2024-06-25T14:22:21.911+0000] {processor.py:161} INFO - Started process (PID=595) to work on /opt/airflow/dags/extractAPIdata.py
[2024-06-25T14:22:21.911+0000] {processor.py:830} INFO - Processing file /opt/airflow/dags/extractAPIdata.py for tasks to queue
[2024-06-25T14:22:21.913+0000] {logging_mixin.py:188} INFO - [2024-06-25T14:22:21.912+0000] {dagbag.py:545} INFO - Filling up the DagBag from /opt/airflow/dags/extractAPIdata.py
[2024-06-25T14:22:22.370+0000] {processor.py:840} INFO - DAG(s) 'nasa_to_s3' retrieved from /opt/airflow/dags/extractAPIdata.py
[2024-06-25T14:22:22.388+0000] {logging_mixin.py:188} INFO - [2024-06-25T14:22:22.388+0000] {dag.py:3096} INFO - Sync 1 DAGs
[2024-06-25T14:22:22.404+0000] {logging_mixin.py:188} INFO - [2024-06-25T14:22:22.403+0000] {dag.py:3954} INFO - Setting next_dagrun for nasa_to_s3 to 2024-06-25 00:00:00+00:00, run_after=2024-06-26 00:00:00+00:00
[2024-06-25T14:22:22.416+0000] {processor.py:183} INFO - Processing /opt/airflow/dags/extractAPIdata.py took 0.510 seconds
[2024-06-25T14:22:52.568+0000] {processor.py:161} INFO - Started process (PID=603) to work on /opt/airflow/dags/extractAPIdata.py
[2024-06-25T14:22:52.569+0000] {processor.py:830} INFO - Processing file /opt/airflow/dags/extractAPIdata.py for tasks to queue
[2024-06-25T14:22:52.570+0000] {logging_mixin.py:188} INFO - [2024-06-25T14:22:52.570+0000] {dagbag.py:545} INFO - Filling up the DagBag from /opt/airflow/dags/extractAPIdata.py
[2024-06-25T14:22:53.005+0000] {processor.py:840} INFO - DAG(s) 'nasa_to_s3' retrieved from /opt/airflow/dags/extractAPIdata.py
[2024-06-25T14:22:53.033+0000] {logging_mixin.py:188} INFO - [2024-06-25T14:22:53.032+0000] {dag.py:3096} INFO - Sync 1 DAGs
[2024-06-25T14:22:53.063+0000] {logging_mixin.py:188} INFO - [2024-06-25T14:22:53.063+0000] {dag.py:3954} INFO - Setting next_dagrun for nasa_to_s3 to 2024-06-25 00:00:00+00:00, run_after=2024-06-26 00:00:00+00:00
[2024-06-25T14:22:53.079+0000] {processor.py:183} INFO - Processing /opt/airflow/dags/extractAPIdata.py took 0.515 seconds
[2024-06-25T14:23:23.154+0000] {processor.py:161} INFO - Started process (PID=617) to work on /opt/airflow/dags/extractAPIdata.py
[2024-06-25T14:23:23.155+0000] {processor.py:830} INFO - Processing file /opt/airflow/dags/extractAPIdata.py for tasks to queue
[2024-06-25T14:23:23.156+0000] {logging_mixin.py:188} INFO - [2024-06-25T14:23:23.156+0000] {dagbag.py:545} INFO - Filling up the DagBag from /opt/airflow/dags/extractAPIdata.py
[2024-06-25T14:23:23.637+0000] {processor.py:840} INFO - DAG(s) 'nasa_to_s3' retrieved from /opt/airflow/dags/extractAPIdata.py
[2024-06-25T14:23:23.656+0000] {logging_mixin.py:188} INFO - [2024-06-25T14:23:23.655+0000] {dag.py:3096} INFO - Sync 1 DAGs
[2024-06-25T14:23:23.671+0000] {logging_mixin.py:188} INFO - [2024-06-25T14:23:23.671+0000] {dag.py:3954} INFO - Setting next_dagrun for nasa_to_s3 to 2024-06-25 00:00:00+00:00, run_after=2024-06-26 00:00:00+00:00
[2024-06-25T14:23:23.684+0000] {processor.py:183} INFO - Processing /opt/airflow/dags/extractAPIdata.py took 0.534 seconds
[2024-06-25T14:23:53.834+0000] {processor.py:161} INFO - Started process (PID=625) to work on /opt/airflow/dags/extractAPIdata.py
[2024-06-25T14:23:53.834+0000] {processor.py:830} INFO - Processing file /opt/airflow/dags/extractAPIdata.py for tasks to queue
[2024-06-25T14:23:53.836+0000] {logging_mixin.py:188} INFO - [2024-06-25T14:23:53.836+0000] {dagbag.py:545} INFO - Filling up the DagBag from /opt/airflow/dags/extractAPIdata.py
[2024-06-25T14:23:54.288+0000] {processor.py:840} INFO - DAG(s) 'nasa_to_s3' retrieved from /opt/airflow/dags/extractAPIdata.py
[2024-06-25T14:23:54.306+0000] {logging_mixin.py:188} INFO - [2024-06-25T14:23:54.306+0000] {dag.py:3096} INFO - Sync 1 DAGs
[2024-06-25T14:23:54.321+0000] {logging_mixin.py:188} INFO - [2024-06-25T14:23:54.321+0000] {dag.py:3954} INFO - Setting next_dagrun for nasa_to_s3 to 2024-06-25 00:00:00+00:00, run_after=2024-06-26 00:00:00+00:00
[2024-06-25T14:23:54.334+0000] {processor.py:183} INFO - Processing /opt/airflow/dags/extractAPIdata.py took 0.507 seconds
[2024-06-25T14:24:24.462+0000] {processor.py:161} INFO - Started process (PID=633) to work on /opt/airflow/dags/extractAPIdata.py
[2024-06-25T14:24:24.463+0000] {processor.py:830} INFO - Processing file /opt/airflow/dags/extractAPIdata.py for tasks to queue
[2024-06-25T14:24:24.464+0000] {logging_mixin.py:188} INFO - [2024-06-25T14:24:24.464+0000] {dagbag.py:545} INFO - Filling up the DagBag from /opt/airflow/dags/extractAPIdata.py
[2024-06-25T14:24:24.883+0000] {processor.py:840} INFO - DAG(s) 'nasa_to_s3' retrieved from /opt/airflow/dags/extractAPIdata.py
[2024-06-25T14:24:24.902+0000] {logging_mixin.py:188} INFO - [2024-06-25T14:24:24.902+0000] {dag.py:3096} INFO - Sync 1 DAGs
[2024-06-25T14:24:24.917+0000] {logging_mixin.py:188} INFO - [2024-06-25T14:24:24.916+0000] {dag.py:3954} INFO - Setting next_dagrun for nasa_to_s3 to 2024-06-25 00:00:00+00:00, run_after=2024-06-26 00:00:00+00:00
[2024-06-25T14:24:24.930+0000] {processor.py:183} INFO - Processing /opt/airflow/dags/extractAPIdata.py took 0.471 seconds
[2024-06-25T14:24:55.073+0000] {processor.py:161} INFO - Started process (PID=641) to work on /opt/airflow/dags/extractAPIdata.py
[2024-06-25T14:24:55.074+0000] {processor.py:830} INFO - Processing file /opt/airflow/dags/extractAPIdata.py for tasks to queue
[2024-06-25T14:24:55.075+0000] {logging_mixin.py:188} INFO - [2024-06-25T14:24:55.075+0000] {dagbag.py:545} INFO - Filling up the DagBag from /opt/airflow/dags/extractAPIdata.py
[2024-06-25T14:24:55.493+0000] {processor.py:840} INFO - DAG(s) 'nasa_to_s3' retrieved from /opt/airflow/dags/extractAPIdata.py
[2024-06-25T14:24:55.513+0000] {logging_mixin.py:188} INFO - [2024-06-25T14:24:55.512+0000] {dag.py:3096} INFO - Sync 1 DAGs
[2024-06-25T14:24:55.528+0000] {logging_mixin.py:188} INFO - [2024-06-25T14:24:55.528+0000] {dag.py:3954} INFO - Setting next_dagrun for nasa_to_s3 to 2024-06-25 00:00:00+00:00, run_after=2024-06-26 00:00:00+00:00
[2024-06-25T14:24:55.541+0000] {processor.py:183} INFO - Processing /opt/airflow/dags/extractAPIdata.py took 0.472 seconds
[2024-06-25T14:25:25.687+0000] {processor.py:161} INFO - Started process (PID=649) to work on /opt/airflow/dags/extractAPIdata.py
[2024-06-25T14:25:25.688+0000] {processor.py:830} INFO - Processing file /opt/airflow/dags/extractAPIdata.py for tasks to queue
[2024-06-25T14:25:25.689+0000] {logging_mixin.py:188} INFO - [2024-06-25T14:25:25.689+0000] {dagbag.py:545} INFO - Filling up the DagBag from /opt/airflow/dags/extractAPIdata.py
[2024-06-25T14:25:26.137+0000] {processor.py:840} INFO - DAG(s) 'nasa_to_s3' retrieved from /opt/airflow/dags/extractAPIdata.py
[2024-06-25T14:25:26.156+0000] {logging_mixin.py:188} INFO - [2024-06-25T14:25:26.156+0000] {dag.py:3096} INFO - Sync 1 DAGs
[2024-06-25T14:25:26.172+0000] {logging_mixin.py:188} INFO - [2024-06-25T14:25:26.172+0000] {dag.py:3954} INFO - Setting next_dagrun for nasa_to_s3 to 2024-06-25 00:00:00+00:00, run_after=2024-06-26 00:00:00+00:00
[2024-06-25T14:25:26.185+0000] {processor.py:183} INFO - Processing /opt/airflow/dags/extractAPIdata.py took 0.502 seconds
[2024-06-25T14:25:56.311+0000] {processor.py:161} INFO - Started process (PID=657) to work on /opt/airflow/dags/extractAPIdata.py
[2024-06-25T14:25:56.312+0000] {processor.py:830} INFO - Processing file /opt/airflow/dags/extractAPIdata.py for tasks to queue
[2024-06-25T14:25:56.313+0000] {logging_mixin.py:188} INFO - [2024-06-25T14:25:56.313+0000] {dagbag.py:545} INFO - Filling up the DagBag from /opt/airflow/dags/extractAPIdata.py
[2024-06-25T14:25:56.761+0000] {processor.py:840} INFO - DAG(s) 'nasa_to_s3' retrieved from /opt/airflow/dags/extractAPIdata.py
[2024-06-25T14:25:56.781+0000] {logging_mixin.py:188} INFO - [2024-06-25T14:25:56.780+0000] {dag.py:3096} INFO - Sync 1 DAGs
[2024-06-25T14:25:56.796+0000] {logging_mixin.py:188} INFO - [2024-06-25T14:25:56.795+0000] {dag.py:3954} INFO - Setting next_dagrun for nasa_to_s3 to 2024-06-25 00:00:00+00:00, run_after=2024-06-26 00:00:00+00:00
[2024-06-25T14:25:56.808+0000] {processor.py:183} INFO - Processing /opt/airflow/dags/extractAPIdata.py took 0.500 seconds
[2024-06-25T14:26:26.962+0000] {processor.py:161} INFO - Started process (PID=665) to work on /opt/airflow/dags/extractAPIdata.py
[2024-06-25T14:26:26.963+0000] {processor.py:830} INFO - Processing file /opt/airflow/dags/extractAPIdata.py for tasks to queue
[2024-06-25T14:26:26.964+0000] {logging_mixin.py:188} INFO - [2024-06-25T14:26:26.964+0000] {dagbag.py:545} INFO - Filling up the DagBag from /opt/airflow/dags/extractAPIdata.py
[2024-06-25T14:26:27.402+0000] {processor.py:840} INFO - DAG(s) 'nasa_to_s3' retrieved from /opt/airflow/dags/extractAPIdata.py
[2024-06-25T14:26:27.423+0000] {logging_mixin.py:188} INFO - [2024-06-25T14:26:27.422+0000] {dag.py:3096} INFO - Sync 1 DAGs
[2024-06-25T14:26:27.440+0000] {logging_mixin.py:188} INFO - [2024-06-25T14:26:27.439+0000] {dag.py:3954} INFO - Setting next_dagrun for nasa_to_s3 to 2024-06-25 00:00:00+00:00, run_after=2024-06-26 00:00:00+00:00
[2024-06-25T14:26:27.453+0000] {processor.py:183} INFO - Processing /opt/airflow/dags/extractAPIdata.py took 0.494 seconds
[2024-06-25T14:26:57.560+0000] {processor.py:161} INFO - Started process (PID=673) to work on /opt/airflow/dags/extractAPIdata.py
[2024-06-25T14:26:57.561+0000] {processor.py:830} INFO - Processing file /opt/airflow/dags/extractAPIdata.py for tasks to queue
[2024-06-25T14:26:57.563+0000] {logging_mixin.py:188} INFO - [2024-06-25T14:26:57.562+0000] {dagbag.py:545} INFO - Filling up the DagBag from /opt/airflow/dags/extractAPIdata.py
[2024-06-25T14:26:57.986+0000] {processor.py:840} INFO - DAG(s) 'nasa_to_s3' retrieved from /opt/airflow/dags/extractAPIdata.py
[2024-06-25T14:26:58.005+0000] {logging_mixin.py:188} INFO - [2024-06-25T14:26:58.004+0000] {dag.py:3096} INFO - Sync 1 DAGs
[2024-06-25T14:26:58.020+0000] {logging_mixin.py:188} INFO - [2024-06-25T14:26:58.020+0000] {dag.py:3954} INFO - Setting next_dagrun for nasa_to_s3 to 2024-06-25 00:00:00+00:00, run_after=2024-06-26 00:00:00+00:00
[2024-06-25T14:26:58.033+0000] {processor.py:183} INFO - Processing /opt/airflow/dags/extractAPIdata.py took 0.477 seconds
[2024-06-25T14:27:28.220+0000] {processor.py:161} INFO - Started process (PID=681) to work on /opt/airflow/dags/extractAPIdata.py
[2024-06-25T14:27:28.220+0000] {processor.py:830} INFO - Processing file /opt/airflow/dags/extractAPIdata.py for tasks to queue
[2024-06-25T14:27:28.222+0000] {logging_mixin.py:188} INFO - [2024-06-25T14:27:28.222+0000] {dagbag.py:545} INFO - Filling up the DagBag from /opt/airflow/dags/extractAPIdata.py
[2024-06-25T14:27:28.669+0000] {processor.py:840} INFO - DAG(s) 'nasa_to_s3' retrieved from /opt/airflow/dags/extractAPIdata.py
[2024-06-25T14:27:28.688+0000] {logging_mixin.py:188} INFO - [2024-06-25T14:27:28.688+0000] {dag.py:3096} INFO - Sync 1 DAGs
[2024-06-25T14:27:28.704+0000] {logging_mixin.py:188} INFO - [2024-06-25T14:27:28.703+0000] {dag.py:3954} INFO - Setting next_dagrun for nasa_to_s3 to 2024-06-25 00:00:00+00:00, run_after=2024-06-26 00:00:00+00:00
[2024-06-25T14:27:28.719+0000] {processor.py:183} INFO - Processing /opt/airflow/dags/extractAPIdata.py took 0.503 seconds
[2024-06-25T14:27:58.819+0000] {processor.py:161} INFO - Started process (PID=689) to work on /opt/airflow/dags/extractAPIdata.py
[2024-06-25T14:27:58.820+0000] {processor.py:830} INFO - Processing file /opt/airflow/dags/extractAPIdata.py for tasks to queue
[2024-06-25T14:27:58.821+0000] {logging_mixin.py:188} INFO - [2024-06-25T14:27:58.821+0000] {dagbag.py:545} INFO - Filling up the DagBag from /opt/airflow/dags/extractAPIdata.py
[2024-06-25T14:27:59.272+0000] {processor.py:840} INFO - DAG(s) 'nasa_to_s3' retrieved from /opt/airflow/dags/extractAPIdata.py
[2024-06-25T14:27:59.290+0000] {logging_mixin.py:188} INFO - [2024-06-25T14:27:59.290+0000] {dag.py:3096} INFO - Sync 1 DAGs
[2024-06-25T14:27:59.308+0000] {logging_mixin.py:188} INFO - [2024-06-25T14:27:59.307+0000] {dag.py:3954} INFO - Setting next_dagrun for nasa_to_s3 to 2024-06-25 00:00:00+00:00, run_after=2024-06-26 00:00:00+00:00
[2024-06-25T14:27:59.321+0000] {processor.py:183} INFO - Processing /opt/airflow/dags/extractAPIdata.py took 0.506 seconds
[2024-06-25T14:28:29.465+0000] {processor.py:161} INFO - Started process (PID=697) to work on /opt/airflow/dags/extractAPIdata.py
[2024-06-25T14:28:29.465+0000] {processor.py:830} INFO - Processing file /opt/airflow/dags/extractAPIdata.py for tasks to queue
[2024-06-25T14:28:29.467+0000] {logging_mixin.py:188} INFO - [2024-06-25T14:28:29.467+0000] {dagbag.py:545} INFO - Filling up the DagBag from /opt/airflow/dags/extractAPIdata.py
[2024-06-25T14:28:29.895+0000] {processor.py:840} INFO - DAG(s) 'nasa_to_s3' retrieved from /opt/airflow/dags/extractAPIdata.py
[2024-06-25T14:28:29.914+0000] {logging_mixin.py:188} INFO - [2024-06-25T14:28:29.913+0000] {dag.py:3096} INFO - Sync 1 DAGs
[2024-06-25T14:28:29.929+0000] {logging_mixin.py:188} INFO - [2024-06-25T14:28:29.929+0000] {dag.py:3954} INFO - Setting next_dagrun for nasa_to_s3 to 2024-06-25 00:00:00+00:00, run_after=2024-06-26 00:00:00+00:00
[2024-06-25T14:28:29.965+0000] {processor.py:183} INFO - Processing /opt/airflow/dags/extractAPIdata.py took 0.505 seconds
[2024-06-25T14:29:00.081+0000] {processor.py:161} INFO - Started process (PID=705) to work on /opt/airflow/dags/extractAPIdata.py
[2024-06-25T14:29:00.081+0000] {processor.py:830} INFO - Processing file /opt/airflow/dags/extractAPIdata.py for tasks to queue
[2024-06-25T14:29:00.083+0000] {logging_mixin.py:188} INFO - [2024-06-25T14:29:00.082+0000] {dagbag.py:545} INFO - Filling up the DagBag from /opt/airflow/dags/extractAPIdata.py
[2024-06-25T14:29:00.514+0000] {processor.py:840} INFO - DAG(s) 'nasa_to_s3' retrieved from /opt/airflow/dags/extractAPIdata.py
[2024-06-25T14:29:00.533+0000] {logging_mixin.py:188} INFO - [2024-06-25T14:29:00.532+0000] {dag.py:3096} INFO - Sync 1 DAGs
[2024-06-25T14:29:00.548+0000] {logging_mixin.py:188} INFO - [2024-06-25T14:29:00.548+0000] {dag.py:3954} INFO - Setting next_dagrun for nasa_to_s3 to 2024-06-25 00:00:00+00:00, run_after=2024-06-26 00:00:00+00:00
[2024-06-25T14:29:00.581+0000] {processor.py:183} INFO - Processing /opt/airflow/dags/extractAPIdata.py took 0.504 seconds
[2024-06-25T14:29:30.730+0000] {processor.py:161} INFO - Started process (PID=713) to work on /opt/airflow/dags/extractAPIdata.py
[2024-06-25T14:29:30.731+0000] {processor.py:830} INFO - Processing file /opt/airflow/dags/extractAPIdata.py for tasks to queue
[2024-06-25T14:29:30.732+0000] {logging_mixin.py:188} INFO - [2024-06-25T14:29:30.732+0000] {dagbag.py:545} INFO - Filling up the DagBag from /opt/airflow/dags/extractAPIdata.py
[2024-06-25T14:29:31.205+0000] {processor.py:840} INFO - DAG(s) 'nasa_to_s3' retrieved from /opt/airflow/dags/extractAPIdata.py
[2024-06-25T14:29:31.225+0000] {logging_mixin.py:188} INFO - [2024-06-25T14:29:31.225+0000] {dag.py:3096} INFO - Sync 1 DAGs
[2024-06-25T14:29:31.243+0000] {logging_mixin.py:188} INFO - [2024-06-25T14:29:31.242+0000] {dag.py:3954} INFO - Setting next_dagrun for nasa_to_s3 to 2024-06-25 00:00:00+00:00, run_after=2024-06-26 00:00:00+00:00
[2024-06-25T14:29:31.298+0000] {processor.py:183} INFO - Processing /opt/airflow/dags/extractAPIdata.py took 0.572 seconds
[2024-06-25T14:30:01.431+0000] {processor.py:161} INFO - Started process (PID=721) to work on /opt/airflow/dags/extractAPIdata.py
[2024-06-25T14:30:01.432+0000] {processor.py:830} INFO - Processing file /opt/airflow/dags/extractAPIdata.py for tasks to queue
[2024-06-25T14:30:01.433+0000] {logging_mixin.py:188} INFO - [2024-06-25T14:30:01.433+0000] {dagbag.py:545} INFO - Filling up the DagBag from /opt/airflow/dags/extractAPIdata.py
[2024-06-25T14:30:01.913+0000] {processor.py:840} INFO - DAG(s) 'nasa_to_s3' retrieved from /opt/airflow/dags/extractAPIdata.py
[2024-06-25T14:30:01.933+0000] {logging_mixin.py:188} INFO - [2024-06-25T14:30:01.933+0000] {dag.py:3096} INFO - Sync 1 DAGs
[2024-06-25T14:30:01.950+0000] {logging_mixin.py:188} INFO - [2024-06-25T14:30:01.950+0000] {dag.py:3954} INFO - Setting next_dagrun for nasa_to_s3 to 2024-06-25 00:00:00+00:00, run_after=2024-06-26 00:00:00+00:00
[2024-06-25T14:30:01.992+0000] {processor.py:183} INFO - Processing /opt/airflow/dags/extractAPIdata.py took 0.565 seconds
