[2024-06-25T16:51:53.199+0000] {local_task_job_runner.py:120} INFO - ::group::Pre task execution logs
[2024-06-25T16:51:53.221+0000] {taskinstance.py:2076} INFO - Dependencies all met for dep_context=non-requeueable deps ti=<TaskInstance: nasa_exo_data_to_s3.transform_nasa_exo_data scheduled__2024-06-24T00:00:00+00:00 [queued]>
[2024-06-25T16:51:53.227+0000] {taskinstance.py:2076} INFO - Dependencies all met for dep_context=requeueable deps ti=<TaskInstance: nasa_exo_data_to_s3.transform_nasa_exo_data scheduled__2024-06-24T00:00:00+00:00 [queued]>
[2024-06-25T16:51:53.228+0000] {taskinstance.py:2306} INFO - Starting attempt 3 of 4
[2024-06-25T16:51:53.239+0000] {taskinstance.py:2330} INFO - Executing <Task(PythonOperator): transform_nasa_exo_data> on 2024-06-24 00:00:00+00:00
[2024-06-25T16:51:53.245+0000] {warnings.py:112} WARNING - /home/***/.local/lib/python3.12/site-packages/***/task/task_runner/standard_task_runner.py:61: DeprecationWarning: This process (pid=282) is multi-threaded, use of fork() may lead to deadlocks in the child.
  pid = os.fork()

[2024-06-25T16:51:53.247+0000] {standard_task_runner.py:63} INFO - Started process 286 to run task
[2024-06-25T16:51:53.247+0000] {standard_task_runner.py:90} INFO - Running: ['***', 'tasks', 'run', 'nasa_exo_data_to_s3', 'transform_nasa_exo_data', 'scheduled__2024-06-24T00:00:00+00:00', '--job-id', '90', '--raw', '--subdir', 'DAGS_FOLDER/etl_exo.py', '--cfg-path', '/tmp/tmp8b7ja8hp']
[2024-06-25T16:51:53.250+0000] {standard_task_runner.py:91} INFO - Job 90: Subtask transform_nasa_exo_data
[2024-06-25T16:51:53.299+0000] {task_command.py:426} INFO - Running <TaskInstance: nasa_exo_data_to_s3.transform_nasa_exo_data scheduled__2024-06-24T00:00:00+00:00 [running]> on host 95b3b965c5b1
[2024-06-25T16:51:53.419+0000] {taskinstance.py:2648} INFO - Exporting env vars: AIRFLOW_CTX_DAG_OWNER='test' AIRFLOW_CTX_DAG_ID='nasa_exo_data_to_s3' AIRFLOW_CTX_TASK_ID='transform_nasa_exo_data' AIRFLOW_CTX_EXECUTION_DATE='2024-06-24T00:00:00+00:00' AIRFLOW_CTX_TRY_NUMBER='3' AIRFLOW_CTX_DAG_RUN_ID='scheduled__2024-06-24T00:00:00+00:00'
[2024-06-25T16:51:53.421+0000] {taskinstance.py:430} INFO - ::endgroup::
[2024-06-25T16:51:53.653+0000] {taskinstance.py:441} INFO - ::group::Post task execution logs
[2024-06-25T16:51:53.653+0000] {taskinstance.py:2905} ERROR - Task failed with exception
Traceback (most recent call last):
  File "/home/airflow/.local/lib/python3.12/site-packages/airflow/models/taskinstance.py", line 465, in _execute_task
    result = _execute_callable(context=context, **execute_callable_kwargs)
             ^^^^^^^^^^^^^^^^^^^^^^^^^^^^^^^^^^^^^^^^^^^^^^^^^^^^^^^^^^^^^
  File "/home/airflow/.local/lib/python3.12/site-packages/airflow/models/taskinstance.py", line 432, in _execute_callable
    return execute_callable(context=context, **execute_callable_kwargs)
           ^^^^^^^^^^^^^^^^^^^^^^^^^^^^^^^^^^^^^^^^^^^^^^^^^^^^^^^^^^^^
  File "/home/airflow/.local/lib/python3.12/site-packages/airflow/models/baseoperator.py", line 401, in wrapper
    return func(self, *args, **kwargs)
           ^^^^^^^^^^^^^^^^^^^^^^^^^^^
  File "/home/airflow/.local/lib/python3.12/site-packages/airflow/operators/python.py", line 235, in execute
    return_value = self.execute_callable()
                   ^^^^^^^^^^^^^^^^^^^^^^^
  File "/home/airflow/.local/lib/python3.12/site-packages/airflow/operators/python.py", line 252, in execute_callable
    return self.python_callable(*self.op_args, **self.op_kwargs)
           ^^^^^^^^^^^^^^^^^^^^^^^^^^^^^^^^^^^^^^^^^^^^^^^^^^^^^
  File "/opt/airflow/dags/etl_exo.py", line 38, in transform_exo_data
    data = response.json()
           ^^^^^^^^^^^^^
AttributeError: 'list' object has no attribute 'json'
[2024-06-25T16:51:53.664+0000] {taskinstance.py:1206} INFO - Marking task as UP_FOR_RETRY. dag_id=nasa_exo_data_to_s3, task_id=transform_nasa_exo_data, run_id=scheduled__2024-06-24T00:00:00+00:00, execution_date=20240624T000000, start_date=20240625T165153, end_date=20240625T165153
[2024-06-25T16:51:53.675+0000] {standard_task_runner.py:110} ERROR - Failed to execute job 90 for task transform_nasa_exo_data ('list' object has no attribute 'json'; 286)
[2024-06-25T16:51:53.702+0000] {local_task_job_runner.py:240} INFO - Task exited with return code 1
[2024-06-25T16:51:53.721+0000] {taskinstance.py:3503} INFO - 0 downstream tasks scheduled from follow-on schedule check
[2024-06-25T16:51:53.722+0000] {local_task_job_runner.py:222} INFO - ::endgroup::
