[2024-06-25T17:02:30.021+0000] {local_task_job_runner.py:120} INFO - ::group::Pre task execution logs
[2024-06-25T17:02:30.113+0000] {taskinstance.py:2076} INFO - Dependencies all met for dep_context=non-requeueable deps ti=<TaskInstance: nasa_exo_data_to_s3.load_exo_data_to_aws manual__2024-06-25T17:02:07.120888+00:00 [queued]>
[2024-06-25T17:02:30.120+0000] {taskinstance.py:2076} INFO - Dependencies all met for dep_context=requeueable deps ti=<TaskInstance: nasa_exo_data_to_s3.load_exo_data_to_aws manual__2024-06-25T17:02:07.120888+00:00 [queued]>
[2024-06-25T17:02:30.649+0000] {taskinstance.py:2306} INFO - Starting attempt 1 of 6
[2024-06-25T17:02:31.876+0000] {taskinstance.py:2330} INFO - Executing <Task(PythonOperator): load_exo_data_to_aws> on 2024-06-25 17:02:07.120888+00:00
[2024-06-25T17:02:31.881+0000] {warnings.py:112} WARNING - /home/***/.local/lib/python3.12/site-packages/***/task/task_runner/standard_task_runner.py:61: DeprecationWarning: This process (pid=437) is multi-threaded, use of fork() may lead to deadlocks in the child.
  pid = os.fork()

[2024-06-25T17:02:31.882+0000] {standard_task_runner.py:63} INFO - Started process 446 to run task
[2024-06-25T17:02:31.882+0000] {standard_task_runner.py:90} INFO - Running: ['***', 'tasks', 'run', 'nasa_exo_data_to_s3', 'load_exo_data_to_aws', 'manual__2024-06-25T17:02:07.120888+00:00', '--job-id', '97', '--raw', '--subdir', 'DAGS_FOLDER/etl_exo.py', '--cfg-path', '/tmp/tmp7v7dt1j2']
[2024-06-25T17:02:31.884+0000] {standard_task_runner.py:91} INFO - Job 97: Subtask load_exo_data_to_aws
[2024-06-25T17:02:36.344+0000] {task_command.py:426} INFO - Running <TaskInstance: nasa_exo_data_to_s3.load_exo_data_to_aws manual__2024-06-25T17:02:07.120888+00:00 [running]> on host 95b3b965c5b1
[2024-06-25T17:02:36.472+0000] {taskinstance.py:2648} INFO - Exporting env vars: AIRFLOW_CTX_DAG_OWNER='test' AIRFLOW_CTX_DAG_ID='nasa_exo_data_to_s3' AIRFLOW_CTX_TASK_ID='load_exo_data_to_aws' AIRFLOW_CTX_EXECUTION_DATE='2024-06-25T17:02:07.120888+00:00' AIRFLOW_CTX_TRY_NUMBER='1' AIRFLOW_CTX_DAG_RUN_ID='manual__2024-06-25T17:02:07.120888+00:00'
[2024-06-25T17:02:36.473+0000] {taskinstance.py:430} INFO - ::endgroup::
[2024-06-25T17:02:36.534+0000] {warnings.py:112} WARNING - /opt/***/dags/etl_exo.py:53: FutureWarning: Passing literal json to 'read_json' is deprecated and will be removed in a future version. To read from a literal string, wrap it in a 'StringIO' object.
  df = pd.read_json(response, orient='split')

[2024-06-25T17:02:39.254+0000] {python.py:237} INFO - Done. Returned value was: None
[2024-06-25T17:02:39.254+0000] {taskinstance.py:441} INFO - ::group::Post task execution logs
[2024-06-25T17:02:39.262+0000] {taskinstance.py:1206} INFO - Marking task as SUCCESS. dag_id=nasa_exo_data_to_s3, task_id=load_exo_data_to_aws, run_id=manual__2024-06-25T17:02:07.120888+00:00, execution_date=20240625T170207, start_date=20240625T170230, end_date=20240625T170239
[2024-06-25T17:02:39.314+0000] {local_task_job_runner.py:240} INFO - Task exited with return code 0
[2024-06-25T17:02:39.327+0000] {taskinstance.py:3503} INFO - 0 downstream tasks scheduled from follow-on schedule check
[2024-06-25T17:02:39.328+0000] {local_task_job_runner.py:222} INFO - ::endgroup::
