[2024-06-24T00:00:16.524+0000] {local_task_job_runner.py:120} INFO - ::group::Pre task execution logs
[2024-06-24T00:00:16.545+0000] {taskinstance.py:2076} INFO - Dependencies all met for dep_context=non-requeueable deps ti=<TaskInstance: nasa_to_s3.load_data_to_aws manual__2024-06-23T23:48:08.347671+00:00 [queued]>
[2024-06-24T00:00:16.554+0000] {taskinstance.py:2076} INFO - Dependencies all met for dep_context=requeueable deps ti=<TaskInstance: nasa_to_s3.load_data_to_aws manual__2024-06-23T23:48:08.347671+00:00 [queued]>
[2024-06-24T00:00:16.554+0000] {taskinstance.py:2306} INFO - Starting attempt 1 of 6
[2024-06-24T00:00:16.567+0000] {taskinstance.py:2330} INFO - Executing <Task(PythonOperator): load_data_to_aws> on 2024-06-23 23:48:08.347671+00:00
[2024-06-24T00:00:16.575+0000] {warnings.py:112} WARNING - /home/***/.local/lib/python3.12/site-packages/***/task/task_runner/standard_task_runner.py:61: DeprecationWarning: This process (pid=1651) is multi-threaded, use of fork() may lead to deadlocks in the child.
  pid = os.fork()

[2024-06-24T00:00:16.576+0000] {standard_task_runner.py:63} INFO - Started process 1653 to run task
[2024-06-24T00:00:16.576+0000] {standard_task_runner.py:90} INFO - Running: ['***', 'tasks', 'run', 'nasa_to_s3', 'load_data_to_aws', 'manual__2024-06-23T23:48:08.347671+00:00', '--job-id', '40', '--raw', '--subdir', 'DAGS_FOLDER/extractAPIdata.py', '--cfg-path', '/tmp/tmp7n9a4fmz']
[2024-06-24T00:00:16.578+0000] {standard_task_runner.py:91} INFO - Job 40: Subtask load_data_to_aws
[2024-06-24T00:00:16.615+0000] {task_command.py:426} INFO - Running <TaskInstance: nasa_to_s3.load_data_to_aws manual__2024-06-23T23:48:08.347671+00:00 [running]> on host e0fa33b4439a
[2024-06-24T00:00:16.687+0000] {taskinstance.py:2648} INFO - Exporting env vars: AIRFLOW_CTX_DAG_OWNER='test' AIRFLOW_CTX_DAG_ID='nasa_to_s3' AIRFLOW_CTX_TASK_ID='load_data_to_aws' AIRFLOW_CTX_EXECUTION_DATE='2024-06-23T23:48:08.347671+00:00' AIRFLOW_CTX_TRY_NUMBER='1' AIRFLOW_CTX_DAG_RUN_ID='manual__2024-06-23T23:48:08.347671+00:00'
[2024-06-24T00:00:16.688+0000] {taskinstance.py:430} INFO - ::endgroup::
[2024-06-24T00:00:16.711+0000] {warnings.py:112} WARNING - /opt/***/dags/extractAPIdata.py:38: FutureWarning: Passing literal json to 'read_json' is deprecated and will be removed in a future version. To read from a literal string, wrap it in a 'StringIO' object.
  df = pd.read_json(response, orient='split')

[2024-06-24T00:00:18.035+0000] {python.py:237} INFO - Done. Returned value was: None
[2024-06-24T00:00:18.036+0000] {taskinstance.py:441} INFO - ::group::Post task execution logs
[2024-06-24T00:00:18.044+0000] {taskinstance.py:1206} INFO - Marking task as SUCCESS. dag_id=nasa_to_s3, task_id=load_data_to_aws, run_id=manual__2024-06-23T23:48:08.347671+00:00, execution_date=20240623T234808, start_date=20240624T000016, end_date=20240624T000018
[2024-06-24T00:00:18.074+0000] {local_task_job_runner.py:240} INFO - Task exited with return code 0
[2024-06-24T00:00:18.089+0000] {taskinstance.py:3503} INFO - 0 downstream tasks scheduled from follow-on schedule check
[2024-06-24T00:00:18.091+0000] {local_task_job_runner.py:222} INFO - ::endgroup::
