[2024-06-23T23:21:40.223+0000] {processor.py:161} INFO - Started process (PID=998) to work on /opt/airflow/dags/extractAPIdata.py
[2024-06-23T23:21:40.224+0000] {processor.py:830} INFO - Processing file /opt/airflow/dags/extractAPIdata.py for tasks to queue
[2024-06-23T23:21:40.231+0000] {logging_mixin.py:188} INFO - [2024-06-23T23:21:40.230+0000] {dagbag.py:545} INFO - Filling up the DagBag from /opt/airflow/dags/extractAPIdata.py
[2024-06-23T23:21:40.248+0000] {logging_mixin.py:188} INFO - [2024-06-23T23:21:40.245+0000] {dagbag.py:355} ERROR - Failed to import: /opt/airflow/dags/extractAPIdata.py
Traceback (most recent call last):
  File "/home/airflow/.local/lib/python3.12/site-packages/airflow/models/dagbag.py", line 351, in parse
    loader.exec_module(new_module)
  File "<frozen importlib._bootstrap_external>", line 991, in exec_module
  File "<frozen importlib._bootstrap_external>", line 1129, in get_code
  File "<frozen importlib._bootstrap_external>", line 1059, in source_to_code
  File "<frozen importlib._bootstrap>", line 488, in _call_with_frames_removed
  File "/opt/airflow/dags/extractAPIdata.py", line 26
    aws_access_key_id=ACCESS KEY,
                      ^^^^^^^^^^
SyntaxError: invalid syntax. Perhaps you forgot a comma?
[2024-06-23T23:21:40.249+0000] {processor.py:842} WARNING - No viable dags retrieved from /opt/airflow/dags/extractAPIdata.py
[2024-06-23T23:21:40.275+0000] {processor.py:183} INFO - Processing /opt/airflow/dags/extractAPIdata.py took 0.068 seconds
[2024-06-23T23:22:10.368+0000] {processor.py:161} INFO - Started process (PID=1005) to work on /opt/airflow/dags/extractAPIdata.py
[2024-06-23T23:22:10.370+0000] {processor.py:830} INFO - Processing file /opt/airflow/dags/extractAPIdata.py for tasks to queue
[2024-06-23T23:22:10.373+0000] {logging_mixin.py:188} INFO - [2024-06-23T23:22:10.373+0000] {dagbag.py:545} INFO - Filling up the DagBag from /opt/airflow/dags/extractAPIdata.py
[2024-06-23T23:22:10.387+0000] {logging_mixin.py:188} INFO - [2024-06-23T23:22:10.385+0000] {dagbag.py:355} ERROR - Failed to import: /opt/airflow/dags/extractAPIdata.py
Traceback (most recent call last):
  File "/home/airflow/.local/lib/python3.12/site-packages/airflow/models/dagbag.py", line 351, in parse
    loader.exec_module(new_module)
  File "<frozen importlib._bootstrap_external>", line 991, in exec_module
  File "<frozen importlib._bootstrap_external>", line 1129, in get_code
  File "<frozen importlib._bootstrap_external>", line 1059, in source_to_code
  File "<frozen importlib._bootstrap>", line 488, in _call_with_frames_removed
  File "/opt/airflow/dags/extractAPIdata.py", line 26
    aws_access_key_id=ACCESS KEY,
                      ^^^^^^^^^^
SyntaxError: invalid syntax. Perhaps you forgot a comma?
[2024-06-23T23:22:10.387+0000] {processor.py:842} WARNING - No viable dags retrieved from /opt/airflow/dags/extractAPIdata.py
[2024-06-23T23:22:10.407+0000] {processor.py:183} INFO - Processing /opt/airflow/dags/extractAPIdata.py took 0.048 seconds
[2024-06-23T23:22:40.550+0000] {processor.py:161} INFO - Started process (PID=1012) to work on /opt/airflow/dags/extractAPIdata.py
[2024-06-23T23:22:40.551+0000] {processor.py:830} INFO - Processing file /opt/airflow/dags/extractAPIdata.py for tasks to queue
[2024-06-23T23:22:40.553+0000] {logging_mixin.py:188} INFO - [2024-06-23T23:22:40.553+0000] {dagbag.py:545} INFO - Filling up the DagBag from /opt/airflow/dags/extractAPIdata.py
[2024-06-23T23:22:40.565+0000] {logging_mixin.py:188} INFO - [2024-06-23T23:22:40.564+0000] {dagbag.py:355} ERROR - Failed to import: /opt/airflow/dags/extractAPIdata.py
Traceback (most recent call last):
  File "/home/airflow/.local/lib/python3.12/site-packages/airflow/models/dagbag.py", line 351, in parse
    loader.exec_module(new_module)
  File "<frozen importlib._bootstrap_external>", line 991, in exec_module
  File "<frozen importlib._bootstrap_external>", line 1129, in get_code
  File "<frozen importlib._bootstrap_external>", line 1059, in source_to_code
  File "<frozen importlib._bootstrap>", line 488, in _call_with_frames_removed
  File "/opt/airflow/dags/extractAPIdata.py", line 26
    aws_access_key_id=ACCESS KEY,
                      ^^^^^^^^^^
SyntaxError: invalid syntax. Perhaps you forgot a comma?
[2024-06-23T23:22:40.566+0000] {processor.py:842} WARNING - No viable dags retrieved from /opt/airflow/dags/extractAPIdata.py
[2024-06-23T23:22:40.585+0000] {processor.py:183} INFO - Processing /opt/airflow/dags/extractAPIdata.py took 0.041 seconds
[2024-06-23T23:23:10.698+0000] {processor.py:161} INFO - Started process (PID=1019) to work on /opt/airflow/dags/extractAPIdata.py
[2024-06-23T23:23:10.698+0000] {processor.py:830} INFO - Processing file /opt/airflow/dags/extractAPIdata.py for tasks to queue
[2024-06-23T23:23:10.700+0000] {logging_mixin.py:188} INFO - [2024-06-23T23:23:10.700+0000] {dagbag.py:545} INFO - Filling up the DagBag from /opt/airflow/dags/extractAPIdata.py
[2024-06-23T23:23:10.714+0000] {logging_mixin.py:188} INFO - [2024-06-23T23:23:10.713+0000] {dagbag.py:355} ERROR - Failed to import: /opt/airflow/dags/extractAPIdata.py
Traceback (most recent call last):
  File "/home/airflow/.local/lib/python3.12/site-packages/airflow/models/dagbag.py", line 351, in parse
    loader.exec_module(new_module)
  File "<frozen importlib._bootstrap_external>", line 991, in exec_module
  File "<frozen importlib._bootstrap_external>", line 1129, in get_code
  File "<frozen importlib._bootstrap_external>", line 1059, in source_to_code
  File "<frozen importlib._bootstrap>", line 488, in _call_with_frames_removed
  File "/opt/airflow/dags/extractAPIdata.py", line 26
    aws_access_key_id=ACCESS KEY,
                      ^^^^^^^^^^
SyntaxError: invalid syntax. Perhaps you forgot a comma?
[2024-06-23T23:23:10.714+0000] {processor.py:842} WARNING - No viable dags retrieved from /opt/airflow/dags/extractAPIdata.py
[2024-06-23T23:23:10.732+0000] {processor.py:183} INFO - Processing /opt/airflow/dags/extractAPIdata.py took 0.040 seconds
[2024-06-23T23:23:40.862+0000] {processor.py:161} INFO - Started process (PID=1026) to work on /opt/airflow/dags/extractAPIdata.py
[2024-06-23T23:23:40.863+0000] {processor.py:830} INFO - Processing file /opt/airflow/dags/extractAPIdata.py for tasks to queue
[2024-06-23T23:23:40.866+0000] {logging_mixin.py:188} INFO - [2024-06-23T23:23:40.866+0000] {dagbag.py:545} INFO - Filling up the DagBag from /opt/airflow/dags/extractAPIdata.py
[2024-06-23T23:23:40.878+0000] {logging_mixin.py:188} INFO - [2024-06-23T23:23:40.876+0000] {dagbag.py:355} ERROR - Failed to import: /opt/airflow/dags/extractAPIdata.py
Traceback (most recent call last):
  File "/home/airflow/.local/lib/python3.12/site-packages/airflow/models/dagbag.py", line 351, in parse
    loader.exec_module(new_module)
  File "<frozen importlib._bootstrap_external>", line 991, in exec_module
  File "<frozen importlib._bootstrap_external>", line 1129, in get_code
  File "<frozen importlib._bootstrap_external>", line 1059, in source_to_code
  File "<frozen importlib._bootstrap>", line 488, in _call_with_frames_removed
  File "/opt/airflow/dags/extractAPIdata.py", line 26
    aws_access_key_id=ACCESS KEY,
                      ^^^^^^^^^^
SyntaxError: invalid syntax. Perhaps you forgot a comma?
[2024-06-23T23:23:40.878+0000] {processor.py:842} WARNING - No viable dags retrieved from /opt/airflow/dags/extractAPIdata.py
[2024-06-23T23:23:40.896+0000] {processor.py:183} INFO - Processing /opt/airflow/dags/extractAPIdata.py took 0.039 seconds
[2024-06-23T23:24:11.009+0000] {processor.py:161} INFO - Started process (PID=1033) to work on /opt/airflow/dags/extractAPIdata.py
[2024-06-23T23:24:11.010+0000] {processor.py:830} INFO - Processing file /opt/airflow/dags/extractAPIdata.py for tasks to queue
[2024-06-23T23:24:11.012+0000] {logging_mixin.py:188} INFO - [2024-06-23T23:24:11.012+0000] {dagbag.py:545} INFO - Filling up the DagBag from /opt/airflow/dags/extractAPIdata.py
[2024-06-23T23:24:11.024+0000] {logging_mixin.py:188} INFO - [2024-06-23T23:24:11.023+0000] {dagbag.py:355} ERROR - Failed to import: /opt/airflow/dags/extractAPIdata.py
Traceback (most recent call last):
  File "/home/airflow/.local/lib/python3.12/site-packages/airflow/models/dagbag.py", line 351, in parse
    loader.exec_module(new_module)
  File "<frozen importlib._bootstrap_external>", line 991, in exec_module
  File "<frozen importlib._bootstrap_external>", line 1129, in get_code
  File "<frozen importlib._bootstrap_external>", line 1059, in source_to_code
  File "<frozen importlib._bootstrap>", line 488, in _call_with_frames_removed
  File "/opt/airflow/dags/extractAPIdata.py", line 26
    aws_access_key_id=ACCESS KEY,
                      ^^^^^^^^^^
SyntaxError: invalid syntax. Perhaps you forgot a comma?
[2024-06-23T23:24:11.025+0000] {processor.py:842} WARNING - No viable dags retrieved from /opt/airflow/dags/extractAPIdata.py
[2024-06-23T23:24:11.042+0000] {processor.py:183} INFO - Processing /opt/airflow/dags/extractAPIdata.py took 0.040 seconds
[2024-06-23T23:24:41.174+0000] {processor.py:161} INFO - Started process (PID=1040) to work on /opt/airflow/dags/extractAPIdata.py
[2024-06-23T23:24:41.175+0000] {processor.py:830} INFO - Processing file /opt/airflow/dags/extractAPIdata.py for tasks to queue
[2024-06-23T23:24:41.177+0000] {logging_mixin.py:188} INFO - [2024-06-23T23:24:41.177+0000] {dagbag.py:545} INFO - Filling up the DagBag from /opt/airflow/dags/extractAPIdata.py
[2024-06-23T23:24:41.189+0000] {logging_mixin.py:188} INFO - [2024-06-23T23:24:41.188+0000] {dagbag.py:355} ERROR - Failed to import: /opt/airflow/dags/extractAPIdata.py
Traceback (most recent call last):
  File "/home/airflow/.local/lib/python3.12/site-packages/airflow/models/dagbag.py", line 351, in parse
    loader.exec_module(new_module)
  File "<frozen importlib._bootstrap_external>", line 991, in exec_module
  File "<frozen importlib._bootstrap_external>", line 1129, in get_code
  File "<frozen importlib._bootstrap_external>", line 1059, in source_to_code
  File "<frozen importlib._bootstrap>", line 488, in _call_with_frames_removed
  File "/opt/airflow/dags/extractAPIdata.py", line 26
    aws_access_key_id=ACCESS KEY,
                      ^^^^^^^^^^
SyntaxError: invalid syntax. Perhaps you forgot a comma?
[2024-06-23T23:24:41.190+0000] {processor.py:842} WARNING - No viable dags retrieved from /opt/airflow/dags/extractAPIdata.py
[2024-06-23T23:24:41.209+0000] {processor.py:183} INFO - Processing /opt/airflow/dags/extractAPIdata.py took 0.042 seconds
[2024-06-23T23:25:11.318+0000] {processor.py:161} INFO - Started process (PID=1047) to work on /opt/airflow/dags/extractAPIdata.py
[2024-06-23T23:25:11.319+0000] {processor.py:830} INFO - Processing file /opt/airflow/dags/extractAPIdata.py for tasks to queue
[2024-06-23T23:25:11.321+0000] {logging_mixin.py:188} INFO - [2024-06-23T23:25:11.320+0000] {dagbag.py:545} INFO - Filling up the DagBag from /opt/airflow/dags/extractAPIdata.py
[2024-06-23T23:25:11.332+0000] {logging_mixin.py:188} INFO - [2024-06-23T23:25:11.331+0000] {dagbag.py:355} ERROR - Failed to import: /opt/airflow/dags/extractAPIdata.py
Traceback (most recent call last):
  File "/home/airflow/.local/lib/python3.12/site-packages/airflow/models/dagbag.py", line 351, in parse
    loader.exec_module(new_module)
  File "<frozen importlib._bootstrap_external>", line 991, in exec_module
  File "<frozen importlib._bootstrap_external>", line 1129, in get_code
  File "<frozen importlib._bootstrap_external>", line 1059, in source_to_code
  File "<frozen importlib._bootstrap>", line 488, in _call_with_frames_removed
  File "/opt/airflow/dags/extractAPIdata.py", line 26
    aws_access_key_id=ACCESS KEY,
                      ^^^^^^^^^^
SyntaxError: invalid syntax. Perhaps you forgot a comma?
[2024-06-23T23:25:11.333+0000] {processor.py:842} WARNING - No viable dags retrieved from /opt/airflow/dags/extractAPIdata.py
[2024-06-23T23:25:11.350+0000] {processor.py:183} INFO - Processing /opt/airflow/dags/extractAPIdata.py took 0.038 seconds
[2024-06-23T23:25:22.428+0000] {processor.py:161} INFO - Started process (PID=1048) to work on /opt/airflow/dags/extractAPIdata.py
[2024-06-23T23:25:22.429+0000] {processor.py:830} INFO - Processing file /opt/airflow/dags/extractAPIdata.py for tasks to queue
[2024-06-23T23:25:22.431+0000] {logging_mixin.py:188} INFO - [2024-06-23T23:25:22.430+0000] {dagbag.py:545} INFO - Filling up the DagBag from /opt/airflow/dags/extractAPIdata.py
[2024-06-23T23:25:22.878+0000] {logging_mixin.py:188} INFO - [2024-06-23T23:25:22.875+0000] {dagbag.py:355} ERROR - Failed to import: /opt/airflow/dags/extractAPIdata.py
Traceback (most recent call last):
  File "/home/airflow/.local/lib/python3.12/site-packages/airflow/models/dagbag.py", line 351, in parse
    loader.exec_module(new_module)
  File "<frozen importlib._bootstrap_external>", line 995, in exec_module
  File "<frozen importlib._bootstrap>", line 488, in _call_with_frames_removed
  File "/opt/airflow/dags/extractAPIdata.py", line 6, in <module>
    from auth import ACCESS_KEY, SECRET_KEY
ModuleNotFoundError: No module named 'auth'
[2024-06-23T23:25:22.879+0000] {processor.py:842} WARNING - No viable dags retrieved from /opt/airflow/dags/extractAPIdata.py
[2024-06-23T23:25:22.894+0000] {processor.py:183} INFO - Processing /opt/airflow/dags/extractAPIdata.py took 0.470 seconds
[2024-06-23T23:25:53.040+0000] {processor.py:161} INFO - Started process (PID=1055) to work on /opt/airflow/dags/extractAPIdata.py
[2024-06-23T23:25:53.041+0000] {processor.py:830} INFO - Processing file /opt/airflow/dags/extractAPIdata.py for tasks to queue
[2024-06-23T23:25:53.044+0000] {logging_mixin.py:188} INFO - [2024-06-23T23:25:53.043+0000] {dagbag.py:545} INFO - Filling up the DagBag from /opt/airflow/dags/extractAPIdata.py
[2024-06-23T23:25:53.142+0000] {logging_mixin.py:188} INFO - [2024-06-23T23:25:53.139+0000] {dagbag.py:355} ERROR - Failed to import: /opt/airflow/dags/extractAPIdata.py
Traceback (most recent call last):
  File "/home/airflow/.local/lib/python3.12/site-packages/airflow/models/dagbag.py", line 351, in parse
    loader.exec_module(new_module)
  File "<frozen importlib._bootstrap_external>", line 995, in exec_module
  File "<frozen importlib._bootstrap>", line 488, in _call_with_frames_removed
  File "/opt/airflow/dags/extractAPIdata.py", line 6, in <module>
    from auth import ACCESS_KEY, SECRET_KEY
ModuleNotFoundError: No module named 'auth'
[2024-06-23T23:25:53.144+0000] {processor.py:842} WARNING - No viable dags retrieved from /opt/airflow/dags/extractAPIdata.py
[2024-06-23T23:25:53.160+0000] {processor.py:183} INFO - Processing /opt/airflow/dags/extractAPIdata.py took 0.126 seconds
[2024-06-23T23:26:23.309+0000] {processor.py:161} INFO - Started process (PID=1062) to work on /opt/airflow/dags/extractAPIdata.py
[2024-06-23T23:26:23.310+0000] {processor.py:830} INFO - Processing file /opt/airflow/dags/extractAPIdata.py for tasks to queue
[2024-06-23T23:26:23.312+0000] {logging_mixin.py:188} INFO - [2024-06-23T23:26:23.312+0000] {dagbag.py:545} INFO - Filling up the DagBag from /opt/airflow/dags/extractAPIdata.py
[2024-06-23T23:26:23.423+0000] {logging_mixin.py:188} INFO - [2024-06-23T23:26:23.420+0000] {dagbag.py:355} ERROR - Failed to import: /opt/airflow/dags/extractAPIdata.py
Traceback (most recent call last):
  File "/home/airflow/.local/lib/python3.12/site-packages/airflow/models/dagbag.py", line 351, in parse
    loader.exec_module(new_module)
  File "<frozen importlib._bootstrap_external>", line 995, in exec_module
  File "<frozen importlib._bootstrap>", line 488, in _call_with_frames_removed
  File "/opt/airflow/dags/extractAPIdata.py", line 6, in <module>
    from auth import ACCESS_KEY, SECRET_KEY
ModuleNotFoundError: No module named 'auth'
[2024-06-23T23:26:23.424+0000] {processor.py:842} WARNING - No viable dags retrieved from /opt/airflow/dags/extractAPIdata.py
[2024-06-23T23:26:23.443+0000] {processor.py:183} INFO - Processing /opt/airflow/dags/extractAPIdata.py took 0.140 seconds
[2024-06-23T23:26:53.485+0000] {processor.py:161} INFO - Started process (PID=1069) to work on /opt/airflow/dags/extractAPIdata.py
[2024-06-23T23:26:53.486+0000] {processor.py:830} INFO - Processing file /opt/airflow/dags/extractAPIdata.py for tasks to queue
[2024-06-23T23:26:53.488+0000] {logging_mixin.py:188} INFO - [2024-06-23T23:26:53.487+0000] {dagbag.py:545} INFO - Filling up the DagBag from /opt/airflow/dags/extractAPIdata.py
[2024-06-23T23:26:53.575+0000] {logging_mixin.py:188} INFO - [2024-06-23T23:26:53.572+0000] {dagbag.py:355} ERROR - Failed to import: /opt/airflow/dags/extractAPIdata.py
Traceback (most recent call last):
  File "/home/airflow/.local/lib/python3.12/site-packages/airflow/models/dagbag.py", line 351, in parse
    loader.exec_module(new_module)
  File "<frozen importlib._bootstrap_external>", line 995, in exec_module
  File "<frozen importlib._bootstrap>", line 488, in _call_with_frames_removed
  File "/opt/airflow/dags/extractAPIdata.py", line 6, in <module>
    from auth import ACCESS_KEY, SECRET_KEY
ModuleNotFoundError: No module named 'auth'
[2024-06-23T23:26:53.577+0000] {processor.py:842} WARNING - No viable dags retrieved from /opt/airflow/dags/extractAPIdata.py
[2024-06-23T23:26:53.592+0000] {processor.py:183} INFO - Processing /opt/airflow/dags/extractAPIdata.py took 0.112 seconds
[2024-06-23T23:27:23.743+0000] {processor.py:161} INFO - Started process (PID=1076) to work on /opt/airflow/dags/extractAPIdata.py
[2024-06-23T23:27:23.744+0000] {processor.py:830} INFO - Processing file /opt/airflow/dags/extractAPIdata.py for tasks to queue
[2024-06-23T23:27:23.746+0000] {logging_mixin.py:188} INFO - [2024-06-23T23:27:23.746+0000] {dagbag.py:545} INFO - Filling up the DagBag from /opt/airflow/dags/extractAPIdata.py
[2024-06-23T23:27:23.836+0000] {logging_mixin.py:188} INFO - [2024-06-23T23:27:23.833+0000] {dagbag.py:355} ERROR - Failed to import: /opt/airflow/dags/extractAPIdata.py
Traceback (most recent call last):
  File "/home/airflow/.local/lib/python3.12/site-packages/airflow/models/dagbag.py", line 351, in parse
    loader.exec_module(new_module)
  File "<frozen importlib._bootstrap_external>", line 995, in exec_module
  File "<frozen importlib._bootstrap>", line 488, in _call_with_frames_removed
  File "/opt/airflow/dags/extractAPIdata.py", line 6, in <module>
    from auth import ACCESS_KEY, SECRET_KEY
ModuleNotFoundError: No module named 'auth'
[2024-06-23T23:27:23.837+0000] {processor.py:842} WARNING - No viable dags retrieved from /opt/airflow/dags/extractAPIdata.py
[2024-06-23T23:27:23.854+0000] {processor.py:183} INFO - Processing /opt/airflow/dags/extractAPIdata.py took 0.115 seconds
[2024-06-23T23:27:53.903+0000] {processor.py:161} INFO - Started process (PID=1083) to work on /opt/airflow/dags/extractAPIdata.py
[2024-06-23T23:27:53.904+0000] {processor.py:830} INFO - Processing file /opt/airflow/dags/extractAPIdata.py for tasks to queue
[2024-06-23T23:27:53.907+0000] {logging_mixin.py:188} INFO - [2024-06-23T23:27:53.907+0000] {dagbag.py:545} INFO - Filling up the DagBag from /opt/airflow/dags/extractAPIdata.py
[2024-06-23T23:27:54.010+0000] {logging_mixin.py:188} INFO - [2024-06-23T23:27:54.007+0000] {dagbag.py:355} ERROR - Failed to import: /opt/airflow/dags/extractAPIdata.py
Traceback (most recent call last):
  File "/home/airflow/.local/lib/python3.12/site-packages/airflow/models/dagbag.py", line 351, in parse
    loader.exec_module(new_module)
  File "<frozen importlib._bootstrap_external>", line 995, in exec_module
  File "<frozen importlib._bootstrap>", line 488, in _call_with_frames_removed
  File "/opt/airflow/dags/extractAPIdata.py", line 6, in <module>
    from auth import ACCESS_KEY, SECRET_KEY
ModuleNotFoundError: No module named 'auth'
[2024-06-23T23:27:54.012+0000] {processor.py:842} WARNING - No viable dags retrieved from /opt/airflow/dags/extractAPIdata.py
[2024-06-23T23:27:54.032+0000] {processor.py:183} INFO - Processing /opt/airflow/dags/extractAPIdata.py took 0.135 seconds
[2024-06-23T23:28:24.141+0000] {processor.py:161} INFO - Started process (PID=1090) to work on /opt/airflow/dags/extractAPIdata.py
[2024-06-23T23:28:24.142+0000] {processor.py:830} INFO - Processing file /opt/airflow/dags/extractAPIdata.py for tasks to queue
[2024-06-23T23:28:24.143+0000] {logging_mixin.py:188} INFO - [2024-06-23T23:28:24.143+0000] {dagbag.py:545} INFO - Filling up the DagBag from /opt/airflow/dags/extractAPIdata.py
[2024-06-23T23:28:24.230+0000] {logging_mixin.py:188} INFO - [2024-06-23T23:28:24.227+0000] {dagbag.py:355} ERROR - Failed to import: /opt/airflow/dags/extractAPIdata.py
Traceback (most recent call last):
  File "/home/airflow/.local/lib/python3.12/site-packages/airflow/models/dagbag.py", line 351, in parse
    loader.exec_module(new_module)
  File "<frozen importlib._bootstrap_external>", line 995, in exec_module
  File "<frozen importlib._bootstrap>", line 488, in _call_with_frames_removed
  File "/opt/airflow/dags/extractAPIdata.py", line 6, in <module>
    from auth import ACCESS_KEY, SECRET_KEY
ModuleNotFoundError: No module named 'auth'
[2024-06-23T23:28:24.231+0000] {processor.py:842} WARNING - No viable dags retrieved from /opt/airflow/dags/extractAPIdata.py
[2024-06-23T23:28:24.249+0000] {processor.py:183} INFO - Processing /opt/airflow/dags/extractAPIdata.py took 0.112 seconds
[2024-06-23T23:28:54.300+0000] {processor.py:161} INFO - Started process (PID=1097) to work on /opt/airflow/dags/extractAPIdata.py
[2024-06-23T23:28:54.301+0000] {processor.py:830} INFO - Processing file /opt/airflow/dags/extractAPIdata.py for tasks to queue
[2024-06-23T23:28:54.302+0000] {logging_mixin.py:188} INFO - [2024-06-23T23:28:54.302+0000] {dagbag.py:545} INFO - Filling up the DagBag from /opt/airflow/dags/extractAPIdata.py
[2024-06-23T23:28:54.390+0000] {logging_mixin.py:188} INFO - [2024-06-23T23:28:54.387+0000] {dagbag.py:355} ERROR - Failed to import: /opt/airflow/dags/extractAPIdata.py
Traceback (most recent call last):
  File "/home/airflow/.local/lib/python3.12/site-packages/airflow/models/dagbag.py", line 351, in parse
    loader.exec_module(new_module)
  File "<frozen importlib._bootstrap_external>", line 995, in exec_module
  File "<frozen importlib._bootstrap>", line 488, in _call_with_frames_removed
  File "/opt/airflow/dags/extractAPIdata.py", line 6, in <module>
    from auth import ACCESS_KEY, SECRET_KEY
ImportError: cannot import name 'ACCESS_KEY' from 'auth' (/opt/airflow/dags/auth.py)
[2024-06-23T23:28:54.392+0000] {processor.py:842} WARNING - No viable dags retrieved from /opt/airflow/dags/extractAPIdata.py
[2024-06-23T23:28:54.407+0000] {processor.py:183} INFO - Processing /opt/airflow/dags/extractAPIdata.py took 0.112 seconds
[2024-06-23T23:29:24.527+0000] {processor.py:161} INFO - Started process (PID=1104) to work on /opt/airflow/dags/extractAPIdata.py
[2024-06-23T23:29:24.527+0000] {processor.py:830} INFO - Processing file /opt/airflow/dags/extractAPIdata.py for tasks to queue
[2024-06-23T23:29:24.529+0000] {logging_mixin.py:188} INFO - [2024-06-23T23:29:24.529+0000] {dagbag.py:545} INFO - Filling up the DagBag from /opt/airflow/dags/extractAPIdata.py
[2024-06-23T23:29:24.617+0000] {logging_mixin.py:188} INFO - [2024-06-23T23:29:24.614+0000] {dagbag.py:355} ERROR - Failed to import: /opt/airflow/dags/extractAPIdata.py
Traceback (most recent call last):
  File "/home/airflow/.local/lib/python3.12/site-packages/airflow/models/dagbag.py", line 351, in parse
    loader.exec_module(new_module)
  File "<frozen importlib._bootstrap_external>", line 995, in exec_module
  File "<frozen importlib._bootstrap>", line 488, in _call_with_frames_removed
  File "/opt/airflow/dags/extractAPIdata.py", line 6, in <module>
    from auth import ACCESS_KEY, SECRET_KEY
ImportError: cannot import name 'ACCESS_KEY' from 'auth' (/opt/airflow/dags/auth.py)
[2024-06-23T23:29:24.619+0000] {processor.py:842} WARNING - No viable dags retrieved from /opt/airflow/dags/extractAPIdata.py
[2024-06-23T23:29:24.635+0000] {processor.py:183} INFO - Processing /opt/airflow/dags/extractAPIdata.py took 0.112 seconds
[2024-06-23T23:29:54.676+0000] {processor.py:161} INFO - Started process (PID=1111) to work on /opt/airflow/dags/extractAPIdata.py
[2024-06-23T23:29:54.677+0000] {processor.py:830} INFO - Processing file /opt/airflow/dags/extractAPIdata.py for tasks to queue
[2024-06-23T23:29:54.679+0000] {logging_mixin.py:188} INFO - [2024-06-23T23:29:54.678+0000] {dagbag.py:545} INFO - Filling up the DagBag from /opt/airflow/dags/extractAPIdata.py
[2024-06-23T23:29:54.778+0000] {logging_mixin.py:188} INFO - [2024-06-23T23:29:54.775+0000] {dagbag.py:355} ERROR - Failed to import: /opt/airflow/dags/extractAPIdata.py
Traceback (most recent call last):
  File "/home/airflow/.local/lib/python3.12/site-packages/airflow/models/dagbag.py", line 351, in parse
    loader.exec_module(new_module)
  File "<frozen importlib._bootstrap_external>", line 995, in exec_module
  File "<frozen importlib._bootstrap>", line 488, in _call_with_frames_removed
  File "/opt/airflow/dags/extractAPIdata.py", line 6, in <module>
    from auth import ACCESS_KEY, SECRET_KEY
ImportError: cannot import name 'ACCESS_KEY' from 'auth' (/opt/airflow/dags/auth.py)
[2024-06-23T23:29:54.780+0000] {processor.py:842} WARNING - No viable dags retrieved from /opt/airflow/dags/extractAPIdata.py
[2024-06-23T23:29:54.801+0000] {processor.py:183} INFO - Processing /opt/airflow/dags/extractAPIdata.py took 0.129 seconds
[2024-06-23T23:30:24.913+0000] {processor.py:161} INFO - Started process (PID=1118) to work on /opt/airflow/dags/extractAPIdata.py
[2024-06-23T23:30:24.914+0000] {processor.py:830} INFO - Processing file /opt/airflow/dags/extractAPIdata.py for tasks to queue
[2024-06-23T23:30:24.916+0000] {logging_mixin.py:188} INFO - [2024-06-23T23:30:24.916+0000] {dagbag.py:545} INFO - Filling up the DagBag from /opt/airflow/dags/extractAPIdata.py
[2024-06-23T23:30:25.003+0000] {logging_mixin.py:188} INFO - [2024-06-23T23:30:24.999+0000] {dagbag.py:355} ERROR - Failed to import: /opt/airflow/dags/extractAPIdata.py
Traceback (most recent call last):
  File "/home/airflow/.local/lib/python3.12/site-packages/airflow/models/dagbag.py", line 351, in parse
    loader.exec_module(new_module)
  File "<frozen importlib._bootstrap_external>", line 995, in exec_module
  File "<frozen importlib._bootstrap>", line 488, in _call_with_frames_removed
  File "/opt/airflow/dags/extractAPIdata.py", line 6, in <module>
    from auth import ACCESS_KEY, SECRET_KEY
ImportError: cannot import name 'ACCESS_KEY' from 'auth' (/opt/airflow/dags/auth.py)
[2024-06-23T23:30:25.004+0000] {processor.py:842} WARNING - No viable dags retrieved from /opt/airflow/dags/extractAPIdata.py
[2024-06-23T23:30:25.021+0000] {processor.py:183} INFO - Processing /opt/airflow/dags/extractAPIdata.py took 0.112 seconds
[2024-06-23T23:30:55.103+0000] {processor.py:161} INFO - Started process (PID=1125) to work on /opt/airflow/dags/extractAPIdata.py
[2024-06-23T23:30:55.104+0000] {processor.py:830} INFO - Processing file /opt/airflow/dags/extractAPIdata.py for tasks to queue
[2024-06-23T23:30:55.106+0000] {logging_mixin.py:188} INFO - [2024-06-23T23:30:55.106+0000] {dagbag.py:545} INFO - Filling up the DagBag from /opt/airflow/dags/extractAPIdata.py
[2024-06-23T23:30:55.195+0000] {logging_mixin.py:188} INFO - [2024-06-23T23:30:55.191+0000] {dagbag.py:355} ERROR - Failed to import: /opt/airflow/dags/extractAPIdata.py
Traceback (most recent call last):
  File "/home/airflow/.local/lib/python3.12/site-packages/airflow/models/dagbag.py", line 351, in parse
    loader.exec_module(new_module)
  File "<frozen importlib._bootstrap_external>", line 995, in exec_module
  File "<frozen importlib._bootstrap>", line 488, in _call_with_frames_removed
  File "/opt/airflow/dags/extractAPIdata.py", line 6, in <module>
    from auth import ACCESS_KEY, SECRET_KEY
ImportError: cannot import name 'ACCESS_KEY' from 'auth' (/opt/airflow/dags/auth.py)
[2024-06-23T23:30:55.196+0000] {processor.py:842} WARNING - No viable dags retrieved from /opt/airflow/dags/extractAPIdata.py
[2024-06-23T23:30:55.213+0000] {processor.py:183} INFO - Processing /opt/airflow/dags/extractAPIdata.py took 0.116 seconds
[2024-06-23T23:31:25.313+0000] {processor.py:161} INFO - Started process (PID=1132) to work on /opt/airflow/dags/extractAPIdata.py
[2024-06-23T23:31:25.314+0000] {processor.py:830} INFO - Processing file /opt/airflow/dags/extractAPIdata.py for tasks to queue
[2024-06-23T23:31:25.315+0000] {logging_mixin.py:188} INFO - [2024-06-23T23:31:25.315+0000] {dagbag.py:545} INFO - Filling up the DagBag from /opt/airflow/dags/extractAPIdata.py
[2024-06-23T23:31:25.401+0000] {logging_mixin.py:188} INFO - [2024-06-23T23:31:25.398+0000] {dagbag.py:355} ERROR - Failed to import: /opt/airflow/dags/extractAPIdata.py
Traceback (most recent call last):
  File "/home/airflow/.local/lib/python3.12/site-packages/airflow/models/dagbag.py", line 351, in parse
    loader.exec_module(new_module)
  File "<frozen importlib._bootstrap_external>", line 995, in exec_module
  File "<frozen importlib._bootstrap>", line 488, in _call_with_frames_removed
  File "/opt/airflow/dags/extractAPIdata.py", line 6, in <module>
    from auth import ACCESS_KEY, SECRET_KEY
ImportError: cannot import name 'ACCESS_KEY' from 'auth' (/opt/airflow/dags/auth.py)
[2024-06-23T23:31:25.402+0000] {processor.py:842} WARNING - No viable dags retrieved from /opt/airflow/dags/extractAPIdata.py
[2024-06-23T23:31:25.419+0000] {processor.py:183} INFO - Processing /opt/airflow/dags/extractAPIdata.py took 0.111 seconds
[2024-06-23T23:31:55.527+0000] {processor.py:161} INFO - Started process (PID=1139) to work on /opt/airflow/dags/extractAPIdata.py
[2024-06-23T23:31:55.528+0000] {processor.py:830} INFO - Processing file /opt/airflow/dags/extractAPIdata.py for tasks to queue
[2024-06-23T23:31:55.529+0000] {logging_mixin.py:188} INFO - [2024-06-23T23:31:55.529+0000] {dagbag.py:545} INFO - Filling up the DagBag from /opt/airflow/dags/extractAPIdata.py
[2024-06-23T23:31:55.617+0000] {logging_mixin.py:188} INFO - [2024-06-23T23:31:55.614+0000] {dagbag.py:355} ERROR - Failed to import: /opt/airflow/dags/extractAPIdata.py
Traceback (most recent call last):
  File "/home/airflow/.local/lib/python3.12/site-packages/airflow/models/dagbag.py", line 351, in parse
    loader.exec_module(new_module)
  File "<frozen importlib._bootstrap_external>", line 995, in exec_module
  File "<frozen importlib._bootstrap>", line 488, in _call_with_frames_removed
  File "/opt/airflow/dags/extractAPIdata.py", line 6, in <module>
    from auth import ACCESS_KEY, SECRET_KEY
ImportError: cannot import name 'ACCESS_KEY' from 'auth' (/opt/airflow/dags/auth.py)
[2024-06-23T23:31:55.619+0000] {processor.py:842} WARNING - No viable dags retrieved from /opt/airflow/dags/extractAPIdata.py
[2024-06-23T23:31:55.635+0000] {processor.py:183} INFO - Processing /opt/airflow/dags/extractAPIdata.py took 0.113 seconds
[2024-06-23T23:32:25.699+0000] {processor.py:161} INFO - Started process (PID=1146) to work on /opt/airflow/dags/extractAPIdata.py
[2024-06-23T23:32:25.699+0000] {processor.py:830} INFO - Processing file /opt/airflow/dags/extractAPIdata.py for tasks to queue
[2024-06-23T23:32:25.701+0000] {logging_mixin.py:188} INFO - [2024-06-23T23:32:25.701+0000] {dagbag.py:545} INFO - Filling up the DagBag from /opt/airflow/dags/extractAPIdata.py
[2024-06-23T23:32:25.796+0000] {logging_mixin.py:188} INFO - [2024-06-23T23:32:25.793+0000] {dagbag.py:355} ERROR - Failed to import: /opt/airflow/dags/extractAPIdata.py
Traceback (most recent call last):
  File "/home/airflow/.local/lib/python3.12/site-packages/airflow/models/dagbag.py", line 351, in parse
    loader.exec_module(new_module)
  File "<frozen importlib._bootstrap_external>", line 995, in exec_module
  File "<frozen importlib._bootstrap>", line 488, in _call_with_frames_removed
  File "/opt/airflow/dags/extractAPIdata.py", line 6, in <module>
    from auth import ACCESS_KEY, SECRET_KEY
ModuleNotFoundError: No module named 'auth'
[2024-06-23T23:32:25.797+0000] {processor.py:842} WARNING - No viable dags retrieved from /opt/airflow/dags/extractAPIdata.py
[2024-06-23T23:32:25.816+0000] {processor.py:183} INFO - Processing /opt/airflow/dags/extractAPIdata.py took 0.123 seconds
[2024-06-23T23:32:55.932+0000] {processor.py:161} INFO - Started process (PID=1153) to work on /opt/airflow/dags/extractAPIdata.py
[2024-06-23T23:32:55.932+0000] {processor.py:830} INFO - Processing file /opt/airflow/dags/extractAPIdata.py for tasks to queue
[2024-06-23T23:32:55.934+0000] {logging_mixin.py:188} INFO - [2024-06-23T23:32:55.934+0000] {dagbag.py:545} INFO - Filling up the DagBag from /opt/airflow/dags/extractAPIdata.py
[2024-06-23T23:32:56.024+0000] {logging_mixin.py:188} INFO - [2024-06-23T23:32:56.020+0000] {dagbag.py:355} ERROR - Failed to import: /opt/airflow/dags/extractAPIdata.py
Traceback (most recent call last):
  File "/home/airflow/.local/lib/python3.12/site-packages/airflow/models/dagbag.py", line 351, in parse
    loader.exec_module(new_module)
  File "<frozen importlib._bootstrap_external>", line 995, in exec_module
  File "<frozen importlib._bootstrap>", line 488, in _call_with_frames_removed
  File "/opt/airflow/dags/extractAPIdata.py", line 6, in <module>
    from auth import ACCESS_KEY, SECRET_KEY
ModuleNotFoundError: No module named 'auth'
[2024-06-23T23:32:56.025+0000] {processor.py:842} WARNING - No viable dags retrieved from /opt/airflow/dags/extractAPIdata.py
[2024-06-23T23:32:56.040+0000] {processor.py:183} INFO - Processing /opt/airflow/dags/extractAPIdata.py took 0.113 seconds
[2024-06-23T23:33:26.101+0000] {processor.py:161} INFO - Started process (PID=1160) to work on /opt/airflow/dags/extractAPIdata.py
[2024-06-23T23:33:26.102+0000] {processor.py:830} INFO - Processing file /opt/airflow/dags/extractAPIdata.py for tasks to queue
[2024-06-23T23:33:26.104+0000] {logging_mixin.py:188} INFO - [2024-06-23T23:33:26.104+0000] {dagbag.py:545} INFO - Filling up the DagBag from /opt/airflow/dags/extractAPIdata.py
[2024-06-23T23:33:26.203+0000] {logging_mixin.py:188} INFO - [2024-06-23T23:33:26.200+0000] {dagbag.py:355} ERROR - Failed to import: /opt/airflow/dags/extractAPIdata.py
Traceback (most recent call last):
  File "/home/airflow/.local/lib/python3.12/site-packages/airflow/models/dagbag.py", line 351, in parse
    loader.exec_module(new_module)
  File "<frozen importlib._bootstrap_external>", line 995, in exec_module
  File "<frozen importlib._bootstrap>", line 488, in _call_with_frames_removed
  File "/opt/airflow/dags/extractAPIdata.py", line 6, in <module>
    from auth import ACCESS_KEY, SECRET_KEY
ModuleNotFoundError: No module named 'auth'
[2024-06-23T23:33:26.205+0000] {processor.py:842} WARNING - No viable dags retrieved from /opt/airflow/dags/extractAPIdata.py
[2024-06-23T23:33:26.223+0000] {processor.py:183} INFO - Processing /opt/airflow/dags/extractAPIdata.py took 0.129 seconds
[2024-06-23T23:33:56.316+0000] {processor.py:161} INFO - Started process (PID=1167) to work on /opt/airflow/dags/extractAPIdata.py
[2024-06-23T23:33:56.317+0000] {processor.py:830} INFO - Processing file /opt/airflow/dags/extractAPIdata.py for tasks to queue
[2024-06-23T23:33:56.318+0000] {logging_mixin.py:188} INFO - [2024-06-23T23:33:56.318+0000] {dagbag.py:545} INFO - Filling up the DagBag from /opt/airflow/dags/extractAPIdata.py
[2024-06-23T23:33:56.412+0000] {logging_mixin.py:188} INFO - [2024-06-23T23:33:56.406+0000] {dagbag.py:355} ERROR - Failed to import: /opt/airflow/dags/extractAPIdata.py
Traceback (most recent call last):
  File "/home/airflow/.local/lib/python3.12/site-packages/airflow/models/dagbag.py", line 351, in parse
    loader.exec_module(new_module)
  File "<frozen importlib._bootstrap_external>", line 995, in exec_module
  File "<frozen importlib._bootstrap>", line 488, in _call_with_frames_removed
  File "/opt/airflow/dags/extractAPIdata.py", line 6, in <module>
    from auth import ACCESS_KEY, SECRET_KEY
ModuleNotFoundError: No module named 'auth'
[2024-06-23T23:33:56.413+0000] {processor.py:842} WARNING - No viable dags retrieved from /opt/airflow/dags/extractAPIdata.py
[2024-06-23T23:33:56.430+0000] {processor.py:183} INFO - Processing /opt/airflow/dags/extractAPIdata.py took 0.119 seconds
[2024-06-23T23:34:26.506+0000] {processor.py:161} INFO - Started process (PID=1174) to work on /opt/airflow/dags/extractAPIdata.py
[2024-06-23T23:34:26.507+0000] {processor.py:830} INFO - Processing file /opt/airflow/dags/extractAPIdata.py for tasks to queue
[2024-06-23T23:34:26.509+0000] {logging_mixin.py:188} INFO - [2024-06-23T23:34:26.509+0000] {dagbag.py:545} INFO - Filling up the DagBag from /opt/airflow/dags/extractAPIdata.py
[2024-06-23T23:34:26.597+0000] {logging_mixin.py:188} INFO - [2024-06-23T23:34:26.594+0000] {dagbag.py:355} ERROR - Failed to import: /opt/airflow/dags/extractAPIdata.py
Traceback (most recent call last):
  File "/home/airflow/.local/lib/python3.12/site-packages/airflow/models/dagbag.py", line 351, in parse
    loader.exec_module(new_module)
  File "<frozen importlib._bootstrap_external>", line 995, in exec_module
  File "<frozen importlib._bootstrap>", line 488, in _call_with_frames_removed
  File "/opt/airflow/dags/extractAPIdata.py", line 6, in <module>
    from auth import ACCESS_KEY, SECRET_KEY
ModuleNotFoundError: No module named 'auth'
[2024-06-23T23:34:26.598+0000] {processor.py:842} WARNING - No viable dags retrieved from /opt/airflow/dags/extractAPIdata.py
[2024-06-23T23:34:26.612+0000] {processor.py:183} INFO - Processing /opt/airflow/dags/extractAPIdata.py took 0.111 seconds
[2024-06-23T23:34:56.715+0000] {processor.py:161} INFO - Started process (PID=1182) to work on /opt/airflow/dags/extractAPIdata.py
[2024-06-23T23:34:56.716+0000] {processor.py:830} INFO - Processing file /opt/airflow/dags/extractAPIdata.py for tasks to queue
[2024-06-23T23:34:56.717+0000] {logging_mixin.py:188} INFO - [2024-06-23T23:34:56.717+0000] {dagbag.py:545} INFO - Filling up the DagBag from /opt/airflow/dags/extractAPIdata.py
[2024-06-23T23:34:56.807+0000] {logging_mixin.py:188} INFO - [2024-06-23T23:34:56.804+0000] {dagbag.py:355} ERROR - Failed to import: /opt/airflow/dags/extractAPIdata.py
Traceback (most recent call last):
  File "/home/airflow/.local/lib/python3.12/site-packages/airflow/models/dagbag.py", line 351, in parse
    loader.exec_module(new_module)
  File "<frozen importlib._bootstrap_external>", line 995, in exec_module
  File "<frozen importlib._bootstrap>", line 488, in _call_with_frames_removed
  File "/opt/airflow/dags/extractAPIdata.py", line 6, in <module>
    from auth import ACCESS_KEY, SECRET_KEY
ModuleNotFoundError: No module named 'auth'
[2024-06-23T23:34:56.808+0000] {processor.py:842} WARNING - No viable dags retrieved from /opt/airflow/dags/extractAPIdata.py
[2024-06-23T23:34:56.831+0000] {processor.py:183} INFO - Processing /opt/airflow/dags/extractAPIdata.py took 0.120 seconds
[2024-06-23T23:35:26.903+0000] {processor.py:161} INFO - Started process (PID=1189) to work on /opt/airflow/dags/extractAPIdata.py
[2024-06-23T23:35:26.904+0000] {processor.py:830} INFO - Processing file /opt/airflow/dags/extractAPIdata.py for tasks to queue
[2024-06-23T23:35:26.905+0000] {logging_mixin.py:188} INFO - [2024-06-23T23:35:26.905+0000] {dagbag.py:545} INFO - Filling up the DagBag from /opt/airflow/dags/extractAPIdata.py
[2024-06-23T23:35:26.989+0000] {logging_mixin.py:188} INFO - [2024-06-23T23:35:26.986+0000] {dagbag.py:355} ERROR - Failed to import: /opt/airflow/dags/extractAPIdata.py
Traceback (most recent call last):
  File "/home/airflow/.local/lib/python3.12/site-packages/airflow/models/dagbag.py", line 351, in parse
    loader.exec_module(new_module)
  File "<frozen importlib._bootstrap_external>", line 995, in exec_module
  File "<frozen importlib._bootstrap>", line 488, in _call_with_frames_removed
  File "/opt/airflow/dags/extractAPIdata.py", line 6, in <module>
    from auth import ACCESS_KEY, SECRET_KEY
ModuleNotFoundError: No module named 'auth'
[2024-06-23T23:35:26.990+0000] {processor.py:842} WARNING - No viable dags retrieved from /opt/airflow/dags/extractAPIdata.py
[2024-06-23T23:35:27.005+0000] {processor.py:183} INFO - Processing /opt/airflow/dags/extractAPIdata.py took 0.107 seconds
[2024-06-23T23:35:53.098+0000] {processor.py:161} INFO - Started process (PID=1196) to work on /opt/airflow/dags/extractAPIdata.py
[2024-06-23T23:35:53.098+0000] {processor.py:830} INFO - Processing file /opt/airflow/dags/extractAPIdata.py for tasks to queue
[2024-06-23T23:35:53.100+0000] {logging_mixin.py:188} INFO - [2024-06-23T23:35:53.100+0000] {dagbag.py:545} INFO - Filling up the DagBag from /opt/airflow/dags/extractAPIdata.py
[2024-06-23T23:35:53.113+0000] {logging_mixin.py:188} INFO - [2024-06-23T23:35:53.112+0000] {dagbag.py:355} ERROR - Failed to import: /opt/airflow/dags/extractAPIdata.py
Traceback (most recent call last):
  File "/home/airflow/.local/lib/python3.12/site-packages/airflow/models/dagbag.py", line 351, in parse
    loader.exec_module(new_module)
  File "<frozen importlib._bootstrap_external>", line 991, in exec_module
  File "<frozen importlib._bootstrap_external>", line 1129, in get_code
  File "<frozen importlib._bootstrap_external>", line 1059, in source_to_code
  File "<frozen importlib._bootstrap>", line 488, in _call_with_frames_removed
  File "/opt/airflow/dags/extractAPIdata.py", line 32
    aws_access_key_id = os.getenv('AWS_ACCESS_KEY_ID')
                        ^
SyntaxError: invalid syntax. Perhaps you forgot a comma?
[2024-06-23T23:35:53.114+0000] {processor.py:842} WARNING - No viable dags retrieved from /opt/airflow/dags/extractAPIdata.py
[2024-06-23T23:35:53.128+0000] {processor.py:183} INFO - Processing /opt/airflow/dags/extractAPIdata.py took 0.035 seconds
[2024-06-23T23:36:23.260+0000] {processor.py:161} INFO - Started process (PID=1203) to work on /opt/airflow/dags/extractAPIdata.py
[2024-06-23T23:36:23.261+0000] {processor.py:830} INFO - Processing file /opt/airflow/dags/extractAPIdata.py for tasks to queue
[2024-06-23T23:36:23.262+0000] {logging_mixin.py:188} INFO - [2024-06-23T23:36:23.262+0000] {dagbag.py:545} INFO - Filling up the DagBag from /opt/airflow/dags/extractAPIdata.py
[2024-06-23T23:36:23.275+0000] {logging_mixin.py:188} INFO - [2024-06-23T23:36:23.274+0000] {dagbag.py:355} ERROR - Failed to import: /opt/airflow/dags/extractAPIdata.py
Traceback (most recent call last):
  File "/home/airflow/.local/lib/python3.12/site-packages/airflow/models/dagbag.py", line 351, in parse
    loader.exec_module(new_module)
  File "<frozen importlib._bootstrap_external>", line 991, in exec_module
  File "<frozen importlib._bootstrap_external>", line 1129, in get_code
  File "<frozen importlib._bootstrap_external>", line 1059, in source_to_code
  File "<frozen importlib._bootstrap>", line 488, in _call_with_frames_removed
  File "/opt/airflow/dags/extractAPIdata.py", line 32
    aws_access_key_id = os.getenv('AWS_ACCESS_KEY_ID')
                        ^
SyntaxError: invalid syntax. Perhaps you forgot a comma?
[2024-06-23T23:36:23.275+0000] {processor.py:842} WARNING - No viable dags retrieved from /opt/airflow/dags/extractAPIdata.py
[2024-06-23T23:36:23.290+0000] {processor.py:183} INFO - Processing /opt/airflow/dags/extractAPIdata.py took 0.035 seconds
[2024-06-23T23:36:32.311+0000] {processor.py:161} INFO - Started process (PID=1210) to work on /opt/airflow/dags/extractAPIdata.py
[2024-06-23T23:36:32.312+0000] {processor.py:830} INFO - Processing file /opt/airflow/dags/extractAPIdata.py for tasks to queue
[2024-06-23T23:36:32.314+0000] {logging_mixin.py:188} INFO - [2024-06-23T23:36:32.314+0000] {dagbag.py:545} INFO - Filling up the DagBag from /opt/airflow/dags/extractAPIdata.py
[2024-06-23T23:36:32.327+0000] {logging_mixin.py:188} INFO - [2024-06-23T23:36:32.326+0000] {dagbag.py:355} ERROR - Failed to import: /opt/airflow/dags/extractAPIdata.py
Traceback (most recent call last):
  File "/home/airflow/.local/lib/python3.12/site-packages/airflow/models/dagbag.py", line 351, in parse
    loader.exec_module(new_module)
  File "<frozen importlib._bootstrap_external>", line 991, in exec_module
  File "<frozen importlib._bootstrap_external>", line 1129, in get_code
  File "<frozen importlib._bootstrap_external>", line 1059, in source_to_code
  File "<frozen importlib._bootstrap>", line 488, in _call_with_frames_removed
  File "/opt/airflow/dags/extractAPIdata.py", line 29
    aws_access_key_id = os.getenv('AWS_ACCESS_KEY_ID')
                        ^
SyntaxError: invalid syntax. Perhaps you forgot a comma?
[2024-06-23T23:36:32.328+0000] {processor.py:842} WARNING - No viable dags retrieved from /opt/airflow/dags/extractAPIdata.py
[2024-06-23T23:36:32.346+0000] {processor.py:183} INFO - Processing /opt/airflow/dags/extractAPIdata.py took 0.039 seconds
[2024-06-23T23:37:02.531+0000] {processor.py:161} INFO - Started process (PID=1217) to work on /opt/airflow/dags/extractAPIdata.py
[2024-06-23T23:37:02.532+0000] {processor.py:830} INFO - Processing file /opt/airflow/dags/extractAPIdata.py for tasks to queue
[2024-06-23T23:37:02.534+0000] {logging_mixin.py:188} INFO - [2024-06-23T23:37:02.534+0000] {dagbag.py:545} INFO - Filling up the DagBag from /opt/airflow/dags/extractAPIdata.py
[2024-06-23T23:37:02.550+0000] {logging_mixin.py:188} INFO - [2024-06-23T23:37:02.549+0000] {dagbag.py:355} ERROR - Failed to import: /opt/airflow/dags/extractAPIdata.py
Traceback (most recent call last):
  File "/home/airflow/.local/lib/python3.12/site-packages/airflow/models/dagbag.py", line 351, in parse
    loader.exec_module(new_module)
  File "<frozen importlib._bootstrap_external>", line 991, in exec_module
  File "<frozen importlib._bootstrap_external>", line 1129, in get_code
  File "<frozen importlib._bootstrap_external>", line 1059, in source_to_code
  File "<frozen importlib._bootstrap>", line 488, in _call_with_frames_removed
  File "/opt/airflow/dags/extractAPIdata.py", line 29
    aws_access_key_id = os.getenv('AWS_ACCESS_KEY_ID')
                        ^
SyntaxError: invalid syntax. Perhaps you forgot a comma?
[2024-06-23T23:37:02.551+0000] {processor.py:842} WARNING - No viable dags retrieved from /opt/airflow/dags/extractAPIdata.py
[2024-06-23T23:37:02.571+0000] {processor.py:183} INFO - Processing /opt/airflow/dags/extractAPIdata.py took 0.047 seconds
[2024-06-23T23:37:32.684+0000] {processor.py:161} INFO - Started process (PID=1224) to work on /opt/airflow/dags/extractAPIdata.py
[2024-06-23T23:37:32.685+0000] {processor.py:830} INFO - Processing file /opt/airflow/dags/extractAPIdata.py for tasks to queue
[2024-06-23T23:37:32.689+0000] {logging_mixin.py:188} INFO - [2024-06-23T23:37:32.687+0000] {dagbag.py:545} INFO - Filling up the DagBag from /opt/airflow/dags/extractAPIdata.py
[2024-06-23T23:37:32.706+0000] {logging_mixin.py:188} INFO - [2024-06-23T23:37:32.705+0000] {dagbag.py:355} ERROR - Failed to import: /opt/airflow/dags/extractAPIdata.py
Traceback (most recent call last):
  File "/home/airflow/.local/lib/python3.12/site-packages/airflow/models/dagbag.py", line 351, in parse
    loader.exec_module(new_module)
  File "<frozen importlib._bootstrap_external>", line 991, in exec_module
  File "<frozen importlib._bootstrap_external>", line 1129, in get_code
  File "<frozen importlib._bootstrap_external>", line 1059, in source_to_code
  File "<frozen importlib._bootstrap>", line 488, in _call_with_frames_removed
  File "/opt/airflow/dags/extractAPIdata.py", line 29
    aws_access_key_id = os.getenv('AWS_ACCESS_KEY_ID')
                        ^
SyntaxError: invalid syntax. Perhaps you forgot a comma?
[2024-06-23T23:37:32.707+0000] {processor.py:842} WARNING - No viable dags retrieved from /opt/airflow/dags/extractAPIdata.py
[2024-06-23T23:37:32.726+0000] {processor.py:183} INFO - Processing /opt/airflow/dags/extractAPIdata.py took 0.047 seconds
[2024-06-23T23:38:02.855+0000] {processor.py:161} INFO - Started process (PID=1231) to work on /opt/airflow/dags/extractAPIdata.py
[2024-06-23T23:38:02.856+0000] {processor.py:830} INFO - Processing file /opt/airflow/dags/extractAPIdata.py for tasks to queue
[2024-06-23T23:38:02.858+0000] {logging_mixin.py:188} INFO - [2024-06-23T23:38:02.857+0000] {dagbag.py:545} INFO - Filling up the DagBag from /opt/airflow/dags/extractAPIdata.py
[2024-06-23T23:38:02.870+0000] {logging_mixin.py:188} INFO - [2024-06-23T23:38:02.869+0000] {dagbag.py:355} ERROR - Failed to import: /opt/airflow/dags/extractAPIdata.py
Traceback (most recent call last):
  File "/home/airflow/.local/lib/python3.12/site-packages/airflow/models/dagbag.py", line 351, in parse
    loader.exec_module(new_module)
  File "<frozen importlib._bootstrap_external>", line 991, in exec_module
  File "<frozen importlib._bootstrap_external>", line 1129, in get_code
  File "<frozen importlib._bootstrap_external>", line 1059, in source_to_code
  File "<frozen importlib._bootstrap>", line 488, in _call_with_frames_removed
  File "/opt/airflow/dags/extractAPIdata.py", line 29
    aws_access_key_id = os.getenv('AWS_ACCESS_KEY_ID')
                        ^
SyntaxError: invalid syntax. Perhaps you forgot a comma?
[2024-06-23T23:38:02.871+0000] {processor.py:842} WARNING - No viable dags retrieved from /opt/airflow/dags/extractAPIdata.py
[2024-06-23T23:38:02.889+0000] {processor.py:183} INFO - Processing /opt/airflow/dags/extractAPIdata.py took 0.040 seconds
[2024-06-23T23:38:28.989+0000] {processor.py:161} INFO - Started process (PID=1238) to work on /opt/airflow/dags/extractAPIdata.py
[2024-06-23T23:38:28.990+0000] {processor.py:830} INFO - Processing file /opt/airflow/dags/extractAPIdata.py for tasks to queue
[2024-06-23T23:38:28.992+0000] {logging_mixin.py:188} INFO - [2024-06-23T23:38:28.991+0000] {dagbag.py:545} INFO - Filling up the DagBag from /opt/airflow/dags/extractAPIdata.py
[2024-06-23T23:38:29.087+0000] {logging_mixin.py:188} INFO - [2024-06-23T23:38:29.083+0000] {dagbag.py:355} ERROR - Failed to import: /opt/airflow/dags/extractAPIdata.py
Traceback (most recent call last):
  File "/home/airflow/.local/lib/python3.12/site-packages/airflow/models/dagbag.py", line 351, in parse
    loader.exec_module(new_module)
  File "<frozen importlib._bootstrap_external>", line 995, in exec_module
  File "<frozen importlib._bootstrap>", line 488, in _call_with_frames_removed
  File "/opt/airflow/dags/extractAPIdata.py", line 6, in <module>
    from auth import ACCESS_KEY, SECRET_KEY
ModuleNotFoundError: No module named 'auth'
[2024-06-23T23:38:29.088+0000] {processor.py:842} WARNING - No viable dags retrieved from /opt/airflow/dags/extractAPIdata.py
[2024-06-23T23:38:29.105+0000] {processor.py:183} INFO - Processing /opt/airflow/dags/extractAPIdata.py took 0.120 seconds
[2024-06-23T23:38:54.130+0000] {processor.py:161} INFO - Started process (PID=1239) to work on /opt/airflow/dags/extractAPIdata.py
[2024-06-23T23:38:54.131+0000] {processor.py:830} INFO - Processing file /opt/airflow/dags/extractAPIdata.py for tasks to queue
[2024-06-23T23:38:54.133+0000] {logging_mixin.py:188} INFO - [2024-06-23T23:38:54.132+0000] {dagbag.py:545} INFO - Filling up the DagBag from /opt/airflow/dags/extractAPIdata.py
[2024-06-23T23:38:55.897+0000] {logging_mixin.py:188} INFO - [2024-06-23T23:38:55.892+0000] {dagbag.py:355} ERROR - Failed to import: /opt/airflow/dags/extractAPIdata.py
Traceback (most recent call last):
  File "/home/airflow/.local/lib/python3.12/site-packages/airflow/models/dagbag.py", line 351, in parse
    loader.exec_module(new_module)
  File "<frozen importlib._bootstrap_external>", line 995, in exec_module
  File "<frozen importlib._bootstrap>", line 488, in _call_with_frames_removed
  File "/opt/airflow/dags/extractAPIdata.py", line 44, in <module>
    with DAG(
         ^^^^
  File "/home/airflow/.local/lib/python3.12/site-packages/airflow/models/dag.py", line 580, in __init__
    raise ValueError("DAG is missing the start_date parameter")
ValueError: DAG is missing the start_date parameter
[2024-06-23T23:38:55.898+0000] {processor.py:842} WARNING - No viable dags retrieved from /opt/airflow/dags/extractAPIdata.py
[2024-06-23T23:38:55.913+0000] {processor.py:183} INFO - Processing /opt/airflow/dags/extractAPIdata.py took 1.788 seconds
[2024-06-23T23:39:26.075+0000] {processor.py:161} INFO - Started process (PID=1247) to work on /opt/airflow/dags/extractAPIdata.py
[2024-06-23T23:39:26.076+0000] {processor.py:830} INFO - Processing file /opt/airflow/dags/extractAPIdata.py for tasks to queue
[2024-06-23T23:39:26.080+0000] {logging_mixin.py:188} INFO - [2024-06-23T23:39:26.080+0000] {dagbag.py:545} INFO - Filling up the DagBag from /opt/airflow/dags/extractAPIdata.py
[2024-06-23T23:39:26.617+0000] {logging_mixin.py:188} INFO - [2024-06-23T23:39:26.613+0000] {dagbag.py:355} ERROR - Failed to import: /opt/airflow/dags/extractAPIdata.py
Traceback (most recent call last):
  File "/home/airflow/.local/lib/python3.12/site-packages/airflow/models/dagbag.py", line 351, in parse
    loader.exec_module(new_module)
  File "<frozen importlib._bootstrap_external>", line 995, in exec_module
  File "<frozen importlib._bootstrap>", line 488, in _call_with_frames_removed
  File "/opt/airflow/dags/extractAPIdata.py", line 44, in <module>
    with DAG(
         ^^^^
  File "/home/airflow/.local/lib/python3.12/site-packages/airflow/models/dag.py", line 580, in __init__
    raise ValueError("DAG is missing the start_date parameter")
ValueError: DAG is missing the start_date parameter
[2024-06-23T23:39:26.619+0000] {processor.py:842} WARNING - No viable dags retrieved from /opt/airflow/dags/extractAPIdata.py
[2024-06-23T23:39:26.631+0000] {processor.py:183} INFO - Processing /opt/airflow/dags/extractAPIdata.py took 0.562 seconds
[2024-06-23T23:39:43.439+0000] {processor.py:161} INFO - Started process (PID=1255) to work on /opt/airflow/dags/extractAPIdata.py
[2024-06-23T23:39:43.440+0000] {processor.py:830} INFO - Processing file /opt/airflow/dags/extractAPIdata.py for tasks to queue
[2024-06-23T23:39:43.442+0000] {logging_mixin.py:188} INFO - [2024-06-23T23:39:43.442+0000] {dagbag.py:545} INFO - Filling up the DagBag from /opt/airflow/dags/extractAPIdata.py
[2024-06-23T23:39:43.455+0000] {logging_mixin.py:188} INFO - [2024-06-23T23:39:43.454+0000] {dagbag.py:355} ERROR - Failed to import: /opt/airflow/dags/extractAPIdata.py
Traceback (most recent call last):
  File "/home/airflow/.local/lib/python3.12/site-packages/airflow/models/dagbag.py", line 351, in parse
    loader.exec_module(new_module)
  File "<frozen importlib._bootstrap_external>", line 991, in exec_module
  File "<frozen importlib._bootstrap_external>", line 1129, in get_code
  File "<frozen importlib._bootstrap_external>", line 1059, in source_to_code
  File "<frozen importlib._bootstrap>", line 488, in _call_with_frames_removed
  File "/opt/airflow/dags/extractAPIdata.py", line 48
    start_date=datetime(2024,3,23)
               ^^^^^^
SyntaxError: invalid syntax. Perhaps you forgot a comma?
[2024-06-23T23:39:43.456+0000] {processor.py:842} WARNING - No viable dags retrieved from /opt/airflow/dags/extractAPIdata.py
[2024-06-23T23:39:43.475+0000] {processor.py:183} INFO - Processing /opt/airflow/dags/extractAPIdata.py took 0.040 seconds
[2024-06-23T23:40:02.535+0000] {processor.py:161} INFO - Started process (PID=1262) to work on /opt/airflow/dags/extractAPIdata.py
[2024-06-23T23:40:02.536+0000] {processor.py:830} INFO - Processing file /opt/airflow/dags/extractAPIdata.py for tasks to queue
[2024-06-23T23:40:02.538+0000] {logging_mixin.py:188} INFO - [2024-06-23T23:40:02.537+0000] {dagbag.py:545} INFO - Filling up the DagBag from /opt/airflow/dags/extractAPIdata.py
[2024-06-23T23:40:03.047+0000] {processor.py:840} INFO - DAG(s) 'nasa_to_s3' retrieved from /opt/airflow/dags/extractAPIdata.py
[2024-06-23T23:40:03.268+0000] {logging_mixin.py:188} INFO - [2024-06-23T23:40:03.268+0000] {override.py:1829} INFO - Created Permission View: can edit on DAG:nasa_to_s3
[2024-06-23T23:40:03.277+0000] {logging_mixin.py:188} INFO - [2024-06-23T23:40:03.277+0000] {override.py:1829} INFO - Created Permission View: can read on DAG:nasa_to_s3
[2024-06-23T23:40:03.282+0000] {logging_mixin.py:188} INFO - [2024-06-23T23:40:03.282+0000] {override.py:1829} INFO - Created Permission View: can delete on DAG:nasa_to_s3
[2024-06-23T23:40:03.283+0000] {logging_mixin.py:188} INFO - [2024-06-23T23:40:03.282+0000] {dag.py:3096} INFO - Sync 1 DAGs
[2024-06-23T23:40:03.293+0000] {logging_mixin.py:188} INFO - [2024-06-23T23:40:03.293+0000] {dag.py:3118} INFO - Creating ORM DAG for nasa_to_s3
[2024-06-23T23:40:03.300+0000] {logging_mixin.py:188} INFO - [2024-06-23T23:40:03.300+0000] {dag.py:3954} INFO - Setting next_dagrun for nasa_to_s3 to 2024-03-23 00:00:00+00:00, run_after=2024-03-24 00:00:00+00:00
[2024-06-23T23:40:03.317+0000] {processor.py:183} INFO - Processing /opt/airflow/dags/extractAPIdata.py took 0.787 seconds
[2024-06-23T23:40:33.495+0000] {processor.py:161} INFO - Started process (PID=1270) to work on /opt/airflow/dags/extractAPIdata.py
[2024-06-23T23:40:33.496+0000] {processor.py:830} INFO - Processing file /opt/airflow/dags/extractAPIdata.py for tasks to queue
[2024-06-23T23:40:33.498+0000] {logging_mixin.py:188} INFO - [2024-06-23T23:40:33.498+0000] {dagbag.py:545} INFO - Filling up the DagBag from /opt/airflow/dags/extractAPIdata.py
[2024-06-23T23:40:34.010+0000] {processor.py:840} INFO - DAG(s) 'nasa_to_s3' retrieved from /opt/airflow/dags/extractAPIdata.py
[2024-06-23T23:40:34.031+0000] {logging_mixin.py:188} INFO - [2024-06-23T23:40:34.031+0000] {dag.py:3096} INFO - Sync 1 DAGs
[2024-06-23T23:40:34.047+0000] {logging_mixin.py:188} INFO - [2024-06-23T23:40:34.046+0000] {dag.py:3954} INFO - Setting next_dagrun for nasa_to_s3 to 2024-03-23 00:00:00+00:00, run_after=2024-03-24 00:00:00+00:00
[2024-06-23T23:40:34.061+0000] {processor.py:183} INFO - Processing /opt/airflow/dags/extractAPIdata.py took 0.571 seconds
[2024-06-23T23:41:04.214+0000] {processor.py:161} INFO - Started process (PID=1278) to work on /opt/airflow/dags/extractAPIdata.py
[2024-06-23T23:41:04.215+0000] {processor.py:830} INFO - Processing file /opt/airflow/dags/extractAPIdata.py for tasks to queue
[2024-06-23T23:41:04.217+0000] {logging_mixin.py:188} INFO - [2024-06-23T23:41:04.216+0000] {dagbag.py:545} INFO - Filling up the DagBag from /opt/airflow/dags/extractAPIdata.py
[2024-06-23T23:41:04.691+0000] {processor.py:840} INFO - DAG(s) 'nasa_to_s3' retrieved from /opt/airflow/dags/extractAPIdata.py
[2024-06-23T23:41:04.712+0000] {logging_mixin.py:188} INFO - [2024-06-23T23:41:04.712+0000] {dag.py:3096} INFO - Sync 1 DAGs
[2024-06-23T23:41:04.729+0000] {logging_mixin.py:188} INFO - [2024-06-23T23:41:04.729+0000] {dag.py:3954} INFO - Setting next_dagrun for nasa_to_s3 to 2024-03-23 00:00:00+00:00, run_after=2024-03-24 00:00:00+00:00
[2024-06-23T23:41:04.742+0000] {processor.py:183} INFO - Processing /opt/airflow/dags/extractAPIdata.py took 0.533 seconds
[2024-06-23T23:41:29.892+0000] {processor.py:161} INFO - Started process (PID=1286) to work on /opt/airflow/dags/extractAPIdata.py
[2024-06-23T23:41:29.892+0000] {processor.py:830} INFO - Processing file /opt/airflow/dags/extractAPIdata.py for tasks to queue
[2024-06-23T23:41:29.894+0000] {logging_mixin.py:188} INFO - [2024-06-23T23:41:29.894+0000] {dagbag.py:545} INFO - Filling up the DagBag from /opt/airflow/dags/extractAPIdata.py
[2024-06-23T23:41:30.460+0000] {processor.py:840} INFO - DAG(s) 'nasa_to_s3' retrieved from /opt/airflow/dags/extractAPIdata.py
[2024-06-23T23:41:30.562+0000] {logging_mixin.py:188} INFO - [2024-06-23T23:41:30.562+0000] {dag.py:3096} INFO - Sync 1 DAGs
[2024-06-23T23:41:30.579+0000] {logging_mixin.py:188} INFO - [2024-06-23T23:41:30.579+0000] {dag.py:3954} INFO - Setting next_dagrun for nasa_to_s3 to 2024-06-23 00:00:00+00:00, run_after=2024-06-24 00:00:00+00:00
[2024-06-23T23:41:30.607+0000] {processor.py:183} INFO - Processing /opt/airflow/dags/extractAPIdata.py took 0.721 seconds
[2024-06-23T23:42:00.804+0000] {processor.py:161} INFO - Started process (PID=1294) to work on /opt/airflow/dags/extractAPIdata.py
[2024-06-23T23:42:00.805+0000] {processor.py:830} INFO - Processing file /opt/airflow/dags/extractAPIdata.py for tasks to queue
[2024-06-23T23:42:00.807+0000] {logging_mixin.py:188} INFO - [2024-06-23T23:42:00.807+0000] {dagbag.py:545} INFO - Filling up the DagBag from /opt/airflow/dags/extractAPIdata.py
[2024-06-23T23:42:01.299+0000] {processor.py:840} INFO - DAG(s) 'nasa_to_s3' retrieved from /opt/airflow/dags/extractAPIdata.py
[2024-06-23T23:42:01.320+0000] {logging_mixin.py:188} INFO - [2024-06-23T23:42:01.319+0000] {dag.py:3096} INFO - Sync 1 DAGs
[2024-06-23T23:42:01.337+0000] {logging_mixin.py:188} INFO - [2024-06-23T23:42:01.336+0000] {dag.py:3954} INFO - Setting next_dagrun for nasa_to_s3 to 2024-06-23 00:00:00+00:00, run_after=2024-06-24 00:00:00+00:00
[2024-06-23T23:42:01.350+0000] {processor.py:183} INFO - Processing /opt/airflow/dags/extractAPIdata.py took 0.550 seconds
[2024-06-23T23:42:31.522+0000] {processor.py:161} INFO - Started process (PID=1302) to work on /opt/airflow/dags/extractAPIdata.py
[2024-06-23T23:42:31.523+0000] {processor.py:830} INFO - Processing file /opt/airflow/dags/extractAPIdata.py for tasks to queue
[2024-06-23T23:42:31.524+0000] {logging_mixin.py:188} INFO - [2024-06-23T23:42:31.524+0000] {dagbag.py:545} INFO - Filling up the DagBag from /opt/airflow/dags/extractAPIdata.py
[2024-06-23T23:42:32.044+0000] {processor.py:840} INFO - DAG(s) 'nasa_to_s3' retrieved from /opt/airflow/dags/extractAPIdata.py
[2024-06-23T23:42:32.066+0000] {logging_mixin.py:188} INFO - [2024-06-23T23:42:32.066+0000] {dag.py:3096} INFO - Sync 1 DAGs
[2024-06-23T23:42:32.085+0000] {logging_mixin.py:188} INFO - [2024-06-23T23:42:32.085+0000] {dag.py:3954} INFO - Setting next_dagrun for nasa_to_s3 to 2024-06-23 00:00:00+00:00, run_after=2024-06-24 00:00:00+00:00
[2024-06-23T23:42:32.099+0000] {processor.py:183} INFO - Processing /opt/airflow/dags/extractAPIdata.py took 0.583 seconds
[2024-06-23T23:43:02.263+0000] {processor.py:161} INFO - Started process (PID=1310) to work on /opt/airflow/dags/extractAPIdata.py
[2024-06-23T23:43:02.264+0000] {processor.py:830} INFO - Processing file /opt/airflow/dags/extractAPIdata.py for tasks to queue
[2024-06-23T23:43:02.265+0000] {logging_mixin.py:188} INFO - [2024-06-23T23:43:02.265+0000] {dagbag.py:545} INFO - Filling up the DagBag from /opt/airflow/dags/extractAPIdata.py
[2024-06-23T23:43:02.801+0000] {processor.py:840} INFO - DAG(s) 'nasa_to_s3' retrieved from /opt/airflow/dags/extractAPIdata.py
[2024-06-23T23:43:02.821+0000] {logging_mixin.py:188} INFO - [2024-06-23T23:43:02.821+0000] {dag.py:3096} INFO - Sync 1 DAGs
[2024-06-23T23:43:02.839+0000] {logging_mixin.py:188} INFO - [2024-06-23T23:43:02.838+0000] {dag.py:3954} INFO - Setting next_dagrun for nasa_to_s3 to 2024-06-23 00:00:00+00:00, run_after=2024-06-24 00:00:00+00:00
[2024-06-23T23:43:02.853+0000] {processor.py:183} INFO - Processing /opt/airflow/dags/extractAPIdata.py took 0.596 seconds
[2024-06-23T23:43:33.019+0000] {processor.py:161} INFO - Started process (PID=1318) to work on /opt/airflow/dags/extractAPIdata.py
[2024-06-23T23:43:33.020+0000] {processor.py:830} INFO - Processing file /opt/airflow/dags/extractAPIdata.py for tasks to queue
[2024-06-23T23:43:33.022+0000] {logging_mixin.py:188} INFO - [2024-06-23T23:43:33.021+0000] {dagbag.py:545} INFO - Filling up the DagBag from /opt/airflow/dags/extractAPIdata.py
[2024-06-23T23:43:33.489+0000] {processor.py:840} INFO - DAG(s) 'nasa_to_s3' retrieved from /opt/airflow/dags/extractAPIdata.py
[2024-06-23T23:43:33.510+0000] {logging_mixin.py:188} INFO - [2024-06-23T23:43:33.510+0000] {dag.py:3096} INFO - Sync 1 DAGs
[2024-06-23T23:43:33.528+0000] {logging_mixin.py:188} INFO - [2024-06-23T23:43:33.528+0000] {dag.py:3954} INFO - Setting next_dagrun for nasa_to_s3 to 2024-06-23 00:00:00+00:00, run_after=2024-06-24 00:00:00+00:00
[2024-06-23T23:43:33.541+0000] {processor.py:183} INFO - Processing /opt/airflow/dags/extractAPIdata.py took 0.527 seconds
[2024-06-23T23:44:03.686+0000] {processor.py:161} INFO - Started process (PID=1326) to work on /opt/airflow/dags/extractAPIdata.py
[2024-06-23T23:44:03.687+0000] {processor.py:830} INFO - Processing file /opt/airflow/dags/extractAPIdata.py for tasks to queue
[2024-06-23T23:44:03.688+0000] {logging_mixin.py:188} INFO - [2024-06-23T23:44:03.688+0000] {dagbag.py:545} INFO - Filling up the DagBag from /opt/airflow/dags/extractAPIdata.py
[2024-06-23T23:44:04.152+0000] {processor.py:840} INFO - DAG(s) 'nasa_to_s3' retrieved from /opt/airflow/dags/extractAPIdata.py
[2024-06-23T23:44:04.172+0000] {logging_mixin.py:188} INFO - [2024-06-23T23:44:04.171+0000] {dag.py:3096} INFO - Sync 1 DAGs
[2024-06-23T23:44:04.188+0000] {logging_mixin.py:188} INFO - [2024-06-23T23:44:04.188+0000] {dag.py:3954} INFO - Setting next_dagrun for nasa_to_s3 to 2024-06-23 00:00:00+00:00, run_after=2024-06-24 00:00:00+00:00
[2024-06-23T23:44:04.201+0000] {processor.py:183} INFO - Processing /opt/airflow/dags/extractAPIdata.py took 0.520 seconds
[2024-06-23T23:44:34.364+0000] {processor.py:161} INFO - Started process (PID=1334) to work on /opt/airflow/dags/extractAPIdata.py
[2024-06-23T23:44:34.365+0000] {processor.py:830} INFO - Processing file /opt/airflow/dags/extractAPIdata.py for tasks to queue
[2024-06-23T23:44:34.368+0000] {logging_mixin.py:188} INFO - [2024-06-23T23:44:34.367+0000] {dagbag.py:545} INFO - Filling up the DagBag from /opt/airflow/dags/extractAPIdata.py
[2024-06-23T23:44:34.846+0000] {processor.py:840} INFO - DAG(s) 'nasa_to_s3' retrieved from /opt/airflow/dags/extractAPIdata.py
[2024-06-23T23:44:34.870+0000] {logging_mixin.py:188} INFO - [2024-06-23T23:44:34.869+0000] {dag.py:3096} INFO - Sync 1 DAGs
[2024-06-23T23:44:34.886+0000] {logging_mixin.py:188} INFO - [2024-06-23T23:44:34.885+0000] {dag.py:3954} INFO - Setting next_dagrun for nasa_to_s3 to 2024-06-23 00:00:00+00:00, run_after=2024-06-24 00:00:00+00:00
[2024-06-23T23:44:34.899+0000] {processor.py:183} INFO - Processing /opt/airflow/dags/extractAPIdata.py took 0.540 seconds
[2024-06-23T23:45:04.957+0000] {processor.py:161} INFO - Started process (PID=1342) to work on /opt/airflow/dags/extractAPIdata.py
[2024-06-23T23:45:04.958+0000] {processor.py:830} INFO - Processing file /opt/airflow/dags/extractAPIdata.py for tasks to queue
[2024-06-23T23:45:04.960+0000] {logging_mixin.py:188} INFO - [2024-06-23T23:45:04.960+0000] {dagbag.py:545} INFO - Filling up the DagBag from /opt/airflow/dags/extractAPIdata.py
[2024-06-23T23:45:05.456+0000] {processor.py:840} INFO - DAG(s) 'nasa_to_s3' retrieved from /opt/airflow/dags/extractAPIdata.py
[2024-06-23T23:45:05.479+0000] {logging_mixin.py:188} INFO - [2024-06-23T23:45:05.479+0000] {dag.py:3096} INFO - Sync 1 DAGs
[2024-06-23T23:45:05.495+0000] {logging_mixin.py:188} INFO - [2024-06-23T23:45:05.494+0000] {dag.py:3954} INFO - Setting next_dagrun for nasa_to_s3 to 2024-06-23 00:00:00+00:00, run_after=2024-06-24 00:00:00+00:00
[2024-06-23T23:45:05.507+0000] {processor.py:183} INFO - Processing /opt/airflow/dags/extractAPIdata.py took 0.555 seconds
[2024-06-23T23:45:35.677+0000] {processor.py:161} INFO - Started process (PID=1350) to work on /opt/airflow/dags/extractAPIdata.py
[2024-06-23T23:45:35.678+0000] {processor.py:830} INFO - Processing file /opt/airflow/dags/extractAPIdata.py for tasks to queue
[2024-06-23T23:45:35.679+0000] {logging_mixin.py:188} INFO - [2024-06-23T23:45:35.679+0000] {dagbag.py:545} INFO - Filling up the DagBag from /opt/airflow/dags/extractAPIdata.py
[2024-06-23T23:45:36.144+0000] {processor.py:840} INFO - DAG(s) 'nasa_to_s3' retrieved from /opt/airflow/dags/extractAPIdata.py
[2024-06-23T23:45:36.167+0000] {logging_mixin.py:188} INFO - [2024-06-23T23:45:36.167+0000] {dag.py:3096} INFO - Sync 1 DAGs
[2024-06-23T23:45:36.183+0000] {logging_mixin.py:188} INFO - [2024-06-23T23:45:36.183+0000] {dag.py:3954} INFO - Setting next_dagrun for nasa_to_s3 to 2024-06-23 00:00:00+00:00, run_after=2024-06-24 00:00:00+00:00
[2024-06-23T23:45:36.197+0000] {processor.py:183} INFO - Processing /opt/airflow/dags/extractAPIdata.py took 0.527 seconds
[2024-06-23T23:46:06.315+0000] {processor.py:161} INFO - Started process (PID=1358) to work on /opt/airflow/dags/extractAPIdata.py
[2024-06-23T23:46:06.316+0000] {processor.py:830} INFO - Processing file /opt/airflow/dags/extractAPIdata.py for tasks to queue
[2024-06-23T23:46:06.318+0000] {logging_mixin.py:188} INFO - [2024-06-23T23:46:06.317+0000] {dagbag.py:545} INFO - Filling up the DagBag from /opt/airflow/dags/extractAPIdata.py
[2024-06-23T23:46:06.877+0000] {processor.py:840} INFO - DAG(s) 'nasa_to_s3' retrieved from /opt/airflow/dags/extractAPIdata.py
[2024-06-23T23:46:06.898+0000] {logging_mixin.py:188} INFO - [2024-06-23T23:46:06.898+0000] {dag.py:3096} INFO - Sync 1 DAGs
[2024-06-23T23:46:06.916+0000] {logging_mixin.py:188} INFO - [2024-06-23T23:46:06.916+0000] {dag.py:3954} INFO - Setting next_dagrun for nasa_to_s3 to 2024-06-23 00:00:00+00:00, run_after=2024-06-24 00:00:00+00:00
[2024-06-23T23:46:06.932+0000] {processor.py:183} INFO - Processing /opt/airflow/dags/extractAPIdata.py took 0.623 seconds
[2024-06-23T23:46:37.096+0000] {processor.py:161} INFO - Started process (PID=1366) to work on /opt/airflow/dags/extractAPIdata.py
[2024-06-23T23:46:37.097+0000] {processor.py:830} INFO - Processing file /opt/airflow/dags/extractAPIdata.py for tasks to queue
[2024-06-23T23:46:37.098+0000] {logging_mixin.py:188} INFO - [2024-06-23T23:46:37.098+0000] {dagbag.py:545} INFO - Filling up the DagBag from /opt/airflow/dags/extractAPIdata.py
[2024-06-23T23:46:37.612+0000] {processor.py:840} INFO - DAG(s) 'nasa_to_s3' retrieved from /opt/airflow/dags/extractAPIdata.py
[2024-06-23T23:46:37.633+0000] {logging_mixin.py:188} INFO - [2024-06-23T23:46:37.633+0000] {dag.py:3096} INFO - Sync 1 DAGs
[2024-06-23T23:46:37.652+0000] {logging_mixin.py:188} INFO - [2024-06-23T23:46:37.651+0000] {dag.py:3954} INFO - Setting next_dagrun for nasa_to_s3 to 2024-06-23 00:00:00+00:00, run_after=2024-06-24 00:00:00+00:00
[2024-06-23T23:46:37.664+0000] {processor.py:183} INFO - Processing /opt/airflow/dags/extractAPIdata.py took 0.574 seconds
[2024-06-23T23:47:07.858+0000] {processor.py:161} INFO - Started process (PID=1374) to work on /opt/airflow/dags/extractAPIdata.py
[2024-06-23T23:47:07.859+0000] {processor.py:830} INFO - Processing file /opt/airflow/dags/extractAPIdata.py for tasks to queue
[2024-06-23T23:47:07.861+0000] {logging_mixin.py:188} INFO - [2024-06-23T23:47:07.860+0000] {dagbag.py:545} INFO - Filling up the DagBag from /opt/airflow/dags/extractAPIdata.py
[2024-06-23T23:47:08.328+0000] {processor.py:840} INFO - DAG(s) 'nasa_to_s3' retrieved from /opt/airflow/dags/extractAPIdata.py
[2024-06-23T23:47:08.349+0000] {logging_mixin.py:188} INFO - [2024-06-23T23:47:08.348+0000] {dag.py:3096} INFO - Sync 1 DAGs
[2024-06-23T23:47:08.364+0000] {logging_mixin.py:188} INFO - [2024-06-23T23:47:08.364+0000] {dag.py:3954} INFO - Setting next_dagrun for nasa_to_s3 to 2024-06-23 00:00:00+00:00, run_after=2024-06-24 00:00:00+00:00
[2024-06-23T23:47:08.379+0000] {processor.py:183} INFO - Processing /opt/airflow/dags/extractAPIdata.py took 0.526 seconds
[2024-06-23T23:47:38.541+0000] {processor.py:161} INFO - Started process (PID=1382) to work on /opt/airflow/dags/extractAPIdata.py
[2024-06-23T23:47:38.542+0000] {processor.py:830} INFO - Processing file /opt/airflow/dags/extractAPIdata.py for tasks to queue
[2024-06-23T23:47:38.544+0000] {logging_mixin.py:188} INFO - [2024-06-23T23:47:38.543+0000] {dagbag.py:545} INFO - Filling up the DagBag from /opt/airflow/dags/extractAPIdata.py
[2024-06-23T23:47:39.022+0000] {processor.py:840} INFO - DAG(s) 'nasa_to_s3' retrieved from /opt/airflow/dags/extractAPIdata.py
[2024-06-23T23:47:39.042+0000] {logging_mixin.py:188} INFO - [2024-06-23T23:47:39.042+0000] {dag.py:3096} INFO - Sync 1 DAGs
[2024-06-23T23:47:39.058+0000] {logging_mixin.py:188} INFO - [2024-06-23T23:47:39.058+0000] {dag.py:3954} INFO - Setting next_dagrun for nasa_to_s3 to 2024-06-23 00:00:00+00:00, run_after=2024-06-24 00:00:00+00:00
[2024-06-23T23:47:39.073+0000] {processor.py:183} INFO - Processing /opt/airflow/dags/extractAPIdata.py took 0.536 seconds
[2024-06-23T23:47:52.160+0000] {processor.py:161} INFO - Started process (PID=1384) to work on /opt/airflow/dags/extractAPIdata.py
[2024-06-23T23:47:52.161+0000] {processor.py:830} INFO - Processing file /opt/airflow/dags/extractAPIdata.py for tasks to queue
[2024-06-23T23:47:52.163+0000] {logging_mixin.py:188} INFO - [2024-06-23T23:47:52.162+0000] {dagbag.py:545} INFO - Filling up the DagBag from /opt/airflow/dags/extractAPIdata.py
[2024-06-23T23:47:52.642+0000] {processor.py:840} INFO - DAG(s) 'nasa_to_s3' retrieved from /opt/airflow/dags/extractAPIdata.py
[2024-06-23T23:47:52.662+0000] {logging_mixin.py:188} INFO - [2024-06-23T23:47:52.662+0000] {dag.py:3096} INFO - Sync 1 DAGs
[2024-06-23T23:47:52.678+0000] {logging_mixin.py:188} INFO - [2024-06-23T23:47:52.678+0000] {dag.py:3954} INFO - Setting next_dagrun for nasa_to_s3 to 2024-06-23 00:00:00+00:00, run_after=2024-06-24 00:00:00+00:00
[2024-06-23T23:47:52.695+0000] {processor.py:183} INFO - Processing /opt/airflow/dags/extractAPIdata.py took 0.540 seconds
[2024-06-23T23:48:22.858+0000] {processor.py:161} INFO - Started process (PID=1392) to work on /opt/airflow/dags/extractAPIdata.py
[2024-06-23T23:48:22.859+0000] {processor.py:830} INFO - Processing file /opt/airflow/dags/extractAPIdata.py for tasks to queue
[2024-06-23T23:48:22.861+0000] {logging_mixin.py:188} INFO - [2024-06-23T23:48:22.860+0000] {dagbag.py:545} INFO - Filling up the DagBag from /opt/airflow/dags/extractAPIdata.py
[2024-06-23T23:48:36.046+0000] {processor.py:840} INFO - DAG(s) 'nasa_to_s3' retrieved from /opt/airflow/dags/extractAPIdata.py
[2024-06-23T23:48:36.069+0000] {logging_mixin.py:188} INFO - [2024-06-23T23:48:36.069+0000] {dag.py:3096} INFO - Sync 1 DAGs
[2024-06-23T23:48:36.086+0000] {logging_mixin.py:188} INFO - [2024-06-23T23:48:36.085+0000] {dag.py:3954} INFO - Setting next_dagrun for nasa_to_s3 to 2024-06-23 00:00:00+00:00, run_after=2024-06-24 00:00:00+00:00
[2024-06-23T23:48:36.100+0000] {processor.py:183} INFO - Processing /opt/airflow/dags/extractAPIdata.py took 0.565 seconds
[2024-06-23T23:49:06.253+0000] {processor.py:161} INFO - Started process (PID=1400) to work on /opt/airflow/dags/extractAPIdata.py
[2024-06-23T23:49:06.254+0000] {processor.py:830} INFO - Processing file /opt/airflow/dags/extractAPIdata.py for tasks to queue
[2024-06-23T23:49:06.255+0000] {logging_mixin.py:188} INFO - [2024-06-23T23:49:06.255+0000] {dagbag.py:545} INFO - Filling up the DagBag from /opt/airflow/dags/extractAPIdata.py
[2024-06-23T23:49:06.798+0000] {processor.py:840} INFO - DAG(s) 'nasa_to_s3' retrieved from /opt/airflow/dags/extractAPIdata.py
[2024-06-23T23:49:06.818+0000] {logging_mixin.py:188} INFO - [2024-06-23T23:49:06.818+0000] {dag.py:3096} INFO - Sync 1 DAGs
[2024-06-23T23:49:06.838+0000] {logging_mixin.py:188} INFO - [2024-06-23T23:49:06.838+0000] {dag.py:3954} INFO - Setting next_dagrun for nasa_to_s3 to 2024-06-23 00:00:00+00:00, run_after=2024-06-24 00:00:00+00:00
[2024-06-23T23:49:06.851+0000] {processor.py:183} INFO - Processing /opt/airflow/dags/extractAPIdata.py took 0.603 seconds
[2024-06-23T23:49:37.028+0000] {processor.py:161} INFO - Started process (PID=1408) to work on /opt/airflow/dags/extractAPIdata.py
[2024-06-23T23:49:37.029+0000] {processor.py:830} INFO - Processing file /opt/airflow/dags/extractAPIdata.py for tasks to queue
[2024-06-23T23:49:37.030+0000] {logging_mixin.py:188} INFO - [2024-06-23T23:49:37.030+0000] {dagbag.py:545} INFO - Filling up the DagBag from /opt/airflow/dags/extractAPIdata.py
[2024-06-23T23:49:37.505+0000] {processor.py:840} INFO - DAG(s) 'nasa_to_s3' retrieved from /opt/airflow/dags/extractAPIdata.py
[2024-06-23T23:49:37.526+0000] {logging_mixin.py:188} INFO - [2024-06-23T23:49:37.525+0000] {dag.py:3096} INFO - Sync 1 DAGs
[2024-06-23T23:49:37.542+0000] {logging_mixin.py:188} INFO - [2024-06-23T23:49:37.542+0000] {dag.py:3954} INFO - Setting next_dagrun for nasa_to_s3 to 2024-06-23 00:00:00+00:00, run_after=2024-06-24 00:00:00+00:00
[2024-06-23T23:49:37.555+0000] {processor.py:183} INFO - Processing /opt/airflow/dags/extractAPIdata.py took 0.532 seconds
[2024-06-23T23:50:07.706+0000] {processor.py:161} INFO - Started process (PID=1416) to work on /opt/airflow/dags/extractAPIdata.py
[2024-06-23T23:50:07.707+0000] {processor.py:830} INFO - Processing file /opt/airflow/dags/extractAPIdata.py for tasks to queue
[2024-06-23T23:50:07.709+0000] {logging_mixin.py:188} INFO - [2024-06-23T23:50:07.709+0000] {dagbag.py:545} INFO - Filling up the DagBag from /opt/airflow/dags/extractAPIdata.py
[2024-06-23T23:50:08.206+0000] {processor.py:840} INFO - DAG(s) 'nasa_to_s3' retrieved from /opt/airflow/dags/extractAPIdata.py
[2024-06-23T23:50:08.231+0000] {logging_mixin.py:188} INFO - [2024-06-23T23:50:08.231+0000] {dag.py:3096} INFO - Sync 1 DAGs
[2024-06-23T23:50:08.251+0000] {logging_mixin.py:188} INFO - [2024-06-23T23:50:08.251+0000] {dag.py:3954} INFO - Setting next_dagrun for nasa_to_s3 to 2024-06-23 00:00:00+00:00, run_after=2024-06-24 00:00:00+00:00
[2024-06-23T23:50:08.268+0000] {processor.py:183} INFO - Processing /opt/airflow/dags/extractAPIdata.py took 0.567 seconds
[2024-06-23T23:50:15.343+0000] {processor.py:161} INFO - Started process (PID=1425) to work on /opt/airflow/dags/extractAPIdata.py
[2024-06-23T23:50:15.344+0000] {processor.py:830} INFO - Processing file /opt/airflow/dags/extractAPIdata.py for tasks to queue
[2024-06-23T23:50:15.346+0000] {logging_mixin.py:188} INFO - [2024-06-23T23:50:15.345+0000] {dagbag.py:545} INFO - Filling up the DagBag from /opt/airflow/dags/extractAPIdata.py
[2024-06-23T23:50:15.898+0000] {processor.py:840} INFO - DAG(s) 'nasa_to_s3' retrieved from /opt/airflow/dags/extractAPIdata.py
[2024-06-23T23:50:15.994+0000] {logging_mixin.py:188} INFO - [2024-06-23T23:50:15.993+0000] {dag.py:3096} INFO - Sync 1 DAGs
[2024-06-23T23:50:16.010+0000] {logging_mixin.py:188} INFO - [2024-06-23T23:50:16.010+0000] {dag.py:3954} INFO - Setting next_dagrun for nasa_to_s3 to 2024-06-23 00:00:00+00:00, run_after=2024-06-24 00:00:00+00:00
[2024-06-23T23:50:16.029+0000] {processor.py:183} INFO - Processing /opt/airflow/dags/extractAPIdata.py took 0.691 seconds
[2024-06-23T23:50:46.196+0000] {processor.py:161} INFO - Started process (PID=1433) to work on /opt/airflow/dags/extractAPIdata.py
[2024-06-23T23:50:46.197+0000] {processor.py:830} INFO - Processing file /opt/airflow/dags/extractAPIdata.py for tasks to queue
[2024-06-23T23:50:46.198+0000] {logging_mixin.py:188} INFO - [2024-06-23T23:50:46.198+0000] {dagbag.py:545} INFO - Filling up the DagBag from /opt/airflow/dags/extractAPIdata.py
[2024-06-23T23:50:46.689+0000] {processor.py:840} INFO - DAG(s) 'nasa_to_s3' retrieved from /opt/airflow/dags/extractAPIdata.py
[2024-06-23T23:50:46.712+0000] {logging_mixin.py:188} INFO - [2024-06-23T23:50:46.711+0000] {dag.py:3096} INFO - Sync 1 DAGs
[2024-06-23T23:50:46.728+0000] {logging_mixin.py:188} INFO - [2024-06-23T23:50:46.728+0000] {dag.py:3954} INFO - Setting next_dagrun for nasa_to_s3 to 2024-06-23 00:00:00+00:00, run_after=2024-06-24 00:00:00+00:00
[2024-06-23T23:50:46.741+0000] {processor.py:183} INFO - Processing /opt/airflow/dags/extractAPIdata.py took 0.551 seconds
[2024-06-23T23:51:16.908+0000] {processor.py:161} INFO - Started process (PID=1441) to work on /opt/airflow/dags/extractAPIdata.py
[2024-06-23T23:51:16.909+0000] {processor.py:830} INFO - Processing file /opt/airflow/dags/extractAPIdata.py for tasks to queue
[2024-06-23T23:51:16.910+0000] {logging_mixin.py:188} INFO - [2024-06-23T23:51:16.910+0000] {dagbag.py:545} INFO - Filling up the DagBag from /opt/airflow/dags/extractAPIdata.py
[2024-06-23T23:51:17.483+0000] {processor.py:840} INFO - DAG(s) 'nasa_to_s3' retrieved from /opt/airflow/dags/extractAPIdata.py
[2024-06-23T23:51:17.507+0000] {logging_mixin.py:188} INFO - [2024-06-23T23:51:17.506+0000] {dag.py:3096} INFO - Sync 1 DAGs
[2024-06-23T23:51:17.524+0000] {logging_mixin.py:188} INFO - [2024-06-23T23:51:17.524+0000] {dag.py:3954} INFO - Setting next_dagrun for nasa_to_s3 to 2024-06-23 00:00:00+00:00, run_after=2024-06-24 00:00:00+00:00
[2024-06-23T23:51:17.539+0000] {processor.py:183} INFO - Processing /opt/airflow/dags/extractAPIdata.py took 0.636 seconds
[2024-06-23T23:51:47.694+0000] {processor.py:161} INFO - Started process (PID=1449) to work on /opt/airflow/dags/extractAPIdata.py
[2024-06-23T23:51:47.695+0000] {processor.py:830} INFO - Processing file /opt/airflow/dags/extractAPIdata.py for tasks to queue
[2024-06-23T23:51:47.697+0000] {logging_mixin.py:188} INFO - [2024-06-23T23:51:47.696+0000] {dagbag.py:545} INFO - Filling up the DagBag from /opt/airflow/dags/extractAPIdata.py
[2024-06-23T23:51:48.170+0000] {processor.py:840} INFO - DAG(s) 'nasa_to_s3' retrieved from /opt/airflow/dags/extractAPIdata.py
[2024-06-23T23:51:48.191+0000] {logging_mixin.py:188} INFO - [2024-06-23T23:51:48.191+0000] {dag.py:3096} INFO - Sync 1 DAGs
[2024-06-23T23:51:48.211+0000] {logging_mixin.py:188} INFO - [2024-06-23T23:51:48.211+0000] {dag.py:3954} INFO - Setting next_dagrun for nasa_to_s3 to 2024-06-23 00:00:00+00:00, run_after=2024-06-24 00:00:00+00:00
[2024-06-23T23:51:48.233+0000] {processor.py:183} INFO - Processing /opt/airflow/dags/extractAPIdata.py took 0.544 seconds
[2024-06-23T23:52:18.397+0000] {processor.py:161} INFO - Started process (PID=1457) to work on /opt/airflow/dags/extractAPIdata.py
[2024-06-23T23:52:18.397+0000] {processor.py:830} INFO - Processing file /opt/airflow/dags/extractAPIdata.py for tasks to queue
[2024-06-23T23:52:18.399+0000] {logging_mixin.py:188} INFO - [2024-06-23T23:52:18.399+0000] {dagbag.py:545} INFO - Filling up the DagBag from /opt/airflow/dags/extractAPIdata.py
[2024-06-23T23:52:18.899+0000] {processor.py:840} INFO - DAG(s) 'nasa_to_s3' retrieved from /opt/airflow/dags/extractAPIdata.py
[2024-06-23T23:52:18.919+0000] {logging_mixin.py:188} INFO - [2024-06-23T23:52:18.919+0000] {dag.py:3096} INFO - Sync 1 DAGs
[2024-06-23T23:52:18.936+0000] {logging_mixin.py:188} INFO - [2024-06-23T23:52:18.936+0000] {dag.py:3954} INFO - Setting next_dagrun for nasa_to_s3 to 2024-06-23 00:00:00+00:00, run_after=2024-06-24 00:00:00+00:00
[2024-06-23T23:52:18.950+0000] {processor.py:183} INFO - Processing /opt/airflow/dags/extractAPIdata.py took 0.558 seconds
[2024-06-23T23:52:49.102+0000] {processor.py:161} INFO - Started process (PID=1465) to work on /opt/airflow/dags/extractAPIdata.py
[2024-06-23T23:52:49.103+0000] {processor.py:830} INFO - Processing file /opt/airflow/dags/extractAPIdata.py for tasks to queue
[2024-06-23T23:52:49.105+0000] {logging_mixin.py:188} INFO - [2024-06-23T23:52:49.104+0000] {dagbag.py:545} INFO - Filling up the DagBag from /opt/airflow/dags/extractAPIdata.py
[2024-06-23T23:52:49.589+0000] {processor.py:840} INFO - DAG(s) 'nasa_to_s3' retrieved from /opt/airflow/dags/extractAPIdata.py
[2024-06-23T23:52:49.612+0000] {logging_mixin.py:188} INFO - [2024-06-23T23:52:49.611+0000] {dag.py:3096} INFO - Sync 1 DAGs
[2024-06-23T23:52:49.630+0000] {logging_mixin.py:188} INFO - [2024-06-23T23:52:49.630+0000] {dag.py:3954} INFO - Setting next_dagrun for nasa_to_s3 to 2024-06-23 00:00:00+00:00, run_after=2024-06-24 00:00:00+00:00
[2024-06-23T23:52:49.646+0000] {processor.py:183} INFO - Processing /opt/airflow/dags/extractAPIdata.py took 0.549 seconds
[2024-06-23T23:53:19.811+0000] {processor.py:161} INFO - Started process (PID=1473) to work on /opt/airflow/dags/extractAPIdata.py
[2024-06-23T23:53:19.812+0000] {processor.py:830} INFO - Processing file /opt/airflow/dags/extractAPIdata.py for tasks to queue
[2024-06-23T23:53:19.814+0000] {logging_mixin.py:188} INFO - [2024-06-23T23:53:19.814+0000] {dagbag.py:545} INFO - Filling up the DagBag from /opt/airflow/dags/extractAPIdata.py
[2024-06-23T23:53:20.337+0000] {processor.py:840} INFO - DAG(s) 'nasa_to_s3' retrieved from /opt/airflow/dags/extractAPIdata.py
[2024-06-23T23:53:20.359+0000] {logging_mixin.py:188} INFO - [2024-06-23T23:53:20.358+0000] {dag.py:3096} INFO - Sync 1 DAGs
[2024-06-23T23:53:20.377+0000] {logging_mixin.py:188} INFO - [2024-06-23T23:53:20.376+0000] {dag.py:3954} INFO - Setting next_dagrun for nasa_to_s3 to 2024-06-23 00:00:00+00:00, run_after=2024-06-24 00:00:00+00:00
[2024-06-23T23:53:20.391+0000] {processor.py:183} INFO - Processing /opt/airflow/dags/extractAPIdata.py took 0.585 seconds
[2024-06-23T23:53:50.541+0000] {processor.py:161} INFO - Started process (PID=1481) to work on /opt/airflow/dags/extractAPIdata.py
[2024-06-23T23:53:50.542+0000] {processor.py:830} INFO - Processing file /opt/airflow/dags/extractAPIdata.py for tasks to queue
[2024-06-23T23:53:50.544+0000] {logging_mixin.py:188} INFO - [2024-06-23T23:53:50.543+0000] {dagbag.py:545} INFO - Filling up the DagBag from /opt/airflow/dags/extractAPIdata.py
[2024-06-23T23:53:51.045+0000] {processor.py:840} INFO - DAG(s) 'nasa_to_s3' retrieved from /opt/airflow/dags/extractAPIdata.py
[2024-06-23T23:53:51.080+0000] {logging_mixin.py:188} INFO - [2024-06-23T23:53:51.079+0000] {dag.py:3096} INFO - Sync 1 DAGs
[2024-06-23T23:53:51.102+0000] {logging_mixin.py:188} INFO - [2024-06-23T23:53:51.102+0000] {dag.py:3954} INFO - Setting next_dagrun for nasa_to_s3 to 2024-06-23 00:00:00+00:00, run_after=2024-06-24 00:00:00+00:00
[2024-06-23T23:53:51.127+0000] {processor.py:183} INFO - Processing /opt/airflow/dags/extractAPIdata.py took 0.591 seconds
[2024-06-23T23:54:21.304+0000] {processor.py:161} INFO - Started process (PID=1489) to work on /opt/airflow/dags/extractAPIdata.py
[2024-06-23T23:54:21.305+0000] {processor.py:830} INFO - Processing file /opt/airflow/dags/extractAPIdata.py for tasks to queue
[2024-06-23T23:54:21.307+0000] {logging_mixin.py:188} INFO - [2024-06-23T23:54:21.306+0000] {dagbag.py:545} INFO - Filling up the DagBag from /opt/airflow/dags/extractAPIdata.py
[2024-06-23T23:54:21.809+0000] {processor.py:840} INFO - DAG(s) 'nasa_to_s3' retrieved from /opt/airflow/dags/extractAPIdata.py
[2024-06-23T23:54:21.829+0000] {logging_mixin.py:188} INFO - [2024-06-23T23:54:21.828+0000] {dag.py:3096} INFO - Sync 1 DAGs
[2024-06-23T23:54:21.846+0000] {logging_mixin.py:188} INFO - [2024-06-23T23:54:21.846+0000] {dag.py:3954} INFO - Setting next_dagrun for nasa_to_s3 to 2024-06-23 00:00:00+00:00, run_after=2024-06-24 00:00:00+00:00
[2024-06-23T23:54:21.887+0000] {processor.py:183} INFO - Processing /opt/airflow/dags/extractAPIdata.py took 0.589 seconds
[2024-06-23T23:54:52.043+0000] {processor.py:161} INFO - Started process (PID=1497) to work on /opt/airflow/dags/extractAPIdata.py
[2024-06-23T23:54:52.045+0000] {processor.py:830} INFO - Processing file /opt/airflow/dags/extractAPIdata.py for tasks to queue
[2024-06-23T23:54:52.050+0000] {logging_mixin.py:188} INFO - [2024-06-23T23:54:52.049+0000] {dagbag.py:545} INFO - Filling up the DagBag from /opt/airflow/dags/extractAPIdata.py
[2024-06-23T23:54:52.513+0000] {processor.py:840} INFO - DAG(s) 'nasa_to_s3' retrieved from /opt/airflow/dags/extractAPIdata.py
[2024-06-23T23:54:52.533+0000] {logging_mixin.py:188} INFO - [2024-06-23T23:54:52.532+0000] {dag.py:3096} INFO - Sync 1 DAGs
[2024-06-23T23:54:52.550+0000] {logging_mixin.py:188} INFO - [2024-06-23T23:54:52.550+0000] {dag.py:3954} INFO - Setting next_dagrun for nasa_to_s3 to 2024-06-23 00:00:00+00:00, run_after=2024-06-24 00:00:00+00:00
[2024-06-23T23:54:52.585+0000] {processor.py:183} INFO - Processing /opt/airflow/dags/extractAPIdata.py took 0.547 seconds
[2024-06-23T23:55:22.747+0000] {processor.py:161} INFO - Started process (PID=1505) to work on /opt/airflow/dags/extractAPIdata.py
[2024-06-23T23:55:22.748+0000] {processor.py:830} INFO - Processing file /opt/airflow/dags/extractAPIdata.py for tasks to queue
[2024-06-23T23:55:22.749+0000] {logging_mixin.py:188} INFO - [2024-06-23T23:55:22.749+0000] {dagbag.py:545} INFO - Filling up the DagBag from /opt/airflow/dags/extractAPIdata.py
[2024-06-23T23:55:23.267+0000] {processor.py:840} INFO - DAG(s) 'nasa_to_s3' retrieved from /opt/airflow/dags/extractAPIdata.py
[2024-06-23T23:55:23.291+0000] {logging_mixin.py:188} INFO - [2024-06-23T23:55:23.291+0000] {dag.py:3096} INFO - Sync 1 DAGs
[2024-06-23T23:55:23.312+0000] {logging_mixin.py:188} INFO - [2024-06-23T23:55:23.312+0000] {dag.py:3954} INFO - Setting next_dagrun for nasa_to_s3 to 2024-06-23 00:00:00+00:00, run_after=2024-06-24 00:00:00+00:00
[2024-06-23T23:55:23.467+0000] {processor.py:183} INFO - Processing /opt/airflow/dags/extractAPIdata.py took 0.725 seconds
[2024-06-23T23:55:47.609+0000] {processor.py:161} INFO - Started process (PID=1513) to work on /opt/airflow/dags/extractAPIdata.py
[2024-06-23T23:55:47.609+0000] {processor.py:830} INFO - Processing file /opt/airflow/dags/extractAPIdata.py for tasks to queue
[2024-06-23T23:55:47.611+0000] {logging_mixin.py:188} INFO - [2024-06-23T23:55:47.611+0000] {dagbag.py:545} INFO - Filling up the DagBag from /opt/airflow/dags/extractAPIdata.py
[2024-06-23T23:55:48.169+0000] {processor.py:840} INFO - DAG(s) 'nasa_to_s3' retrieved from /opt/airflow/dags/extractAPIdata.py
[2024-06-23T23:55:48.258+0000] {logging_mixin.py:188} INFO - [2024-06-23T23:55:48.258+0000] {dag.py:3096} INFO - Sync 1 DAGs
[2024-06-23T23:55:48.273+0000] {logging_mixin.py:188} INFO - [2024-06-23T23:55:48.273+0000] {dag.py:3954} INFO - Setting next_dagrun for nasa_to_s3 to 2024-06-23 00:00:00+00:00, run_after=2024-06-24 00:00:00+00:00
[2024-06-23T23:55:48.290+0000] {processor.py:183} INFO - Processing /opt/airflow/dags/extractAPIdata.py took 0.686 seconds
[2024-06-23T23:56:18.441+0000] {processor.py:161} INFO - Started process (PID=1521) to work on /opt/airflow/dags/extractAPIdata.py
[2024-06-23T23:56:18.442+0000] {processor.py:830} INFO - Processing file /opt/airflow/dags/extractAPIdata.py for tasks to queue
[2024-06-23T23:56:18.444+0000] {logging_mixin.py:188} INFO - [2024-06-23T23:56:18.444+0000] {dagbag.py:545} INFO - Filling up the DagBag from /opt/airflow/dags/extractAPIdata.py
[2024-06-23T23:56:18.932+0000] {processor.py:840} INFO - DAG(s) 'nasa_to_s3' retrieved from /opt/airflow/dags/extractAPIdata.py
[2024-06-23T23:56:18.953+0000] {logging_mixin.py:188} INFO - [2024-06-23T23:56:18.953+0000] {dag.py:3096} INFO - Sync 1 DAGs
[2024-06-23T23:56:18.971+0000] {logging_mixin.py:188} INFO - [2024-06-23T23:56:18.970+0000] {dag.py:3954} INFO - Setting next_dagrun for nasa_to_s3 to 2024-06-23 00:00:00+00:00, run_after=2024-06-24 00:00:00+00:00
[2024-06-23T23:56:18.984+0000] {processor.py:183} INFO - Processing /opt/airflow/dags/extractAPIdata.py took 0.549 seconds
[2024-06-23T23:56:49.158+0000] {processor.py:161} INFO - Started process (PID=1529) to work on /opt/airflow/dags/extractAPIdata.py
[2024-06-23T23:56:49.159+0000] {processor.py:830} INFO - Processing file /opt/airflow/dags/extractAPIdata.py for tasks to queue
[2024-06-23T23:56:49.161+0000] {logging_mixin.py:188} INFO - [2024-06-23T23:56:49.160+0000] {dagbag.py:545} INFO - Filling up the DagBag from /opt/airflow/dags/extractAPIdata.py
[2024-06-23T23:56:49.742+0000] {processor.py:840} INFO - DAG(s) 'nasa_to_s3' retrieved from /opt/airflow/dags/extractAPIdata.py
[2024-06-23T23:56:49.765+0000] {logging_mixin.py:188} INFO - [2024-06-23T23:56:49.764+0000] {dag.py:3096} INFO - Sync 1 DAGs
[2024-06-23T23:56:49.784+0000] {logging_mixin.py:188} INFO - [2024-06-23T23:56:49.784+0000] {dag.py:3954} INFO - Setting next_dagrun for nasa_to_s3 to 2024-06-23 00:00:00+00:00, run_after=2024-06-24 00:00:00+00:00
[2024-06-23T23:56:49.799+0000] {processor.py:183} INFO - Processing /opt/airflow/dags/extractAPIdata.py took 0.647 seconds
[2024-06-23T23:57:19.958+0000] {processor.py:161} INFO - Started process (PID=1537) to work on /opt/airflow/dags/extractAPIdata.py
[2024-06-23T23:57:19.959+0000] {processor.py:830} INFO - Processing file /opt/airflow/dags/extractAPIdata.py for tasks to queue
[2024-06-23T23:57:19.961+0000] {logging_mixin.py:188} INFO - [2024-06-23T23:57:19.961+0000] {dagbag.py:545} INFO - Filling up the DagBag from /opt/airflow/dags/extractAPIdata.py
[2024-06-23T23:57:20.506+0000] {processor.py:840} INFO - DAG(s) 'nasa_to_s3' retrieved from /opt/airflow/dags/extractAPIdata.py
[2024-06-23T23:57:20.529+0000] {logging_mixin.py:188} INFO - [2024-06-23T23:57:20.528+0000] {dag.py:3096} INFO - Sync 1 DAGs
[2024-06-23T23:57:20.546+0000] {logging_mixin.py:188} INFO - [2024-06-23T23:57:20.546+0000] {dag.py:3954} INFO - Setting next_dagrun for nasa_to_s3 to 2024-06-23 00:00:00+00:00, run_after=2024-06-24 00:00:00+00:00
[2024-06-23T23:57:20.562+0000] {processor.py:183} INFO - Processing /opt/airflow/dags/extractAPIdata.py took 0.610 seconds
[2024-06-23T23:57:50.719+0000] {processor.py:161} INFO - Started process (PID=1545) to work on /opt/airflow/dags/extractAPIdata.py
[2024-06-23T23:57:50.720+0000] {processor.py:830} INFO - Processing file /opt/airflow/dags/extractAPIdata.py for tasks to queue
[2024-06-23T23:57:50.722+0000] {logging_mixin.py:188} INFO - [2024-06-23T23:57:50.721+0000] {dagbag.py:545} INFO - Filling up the DagBag from /opt/airflow/dags/extractAPIdata.py
[2024-06-23T23:57:51.206+0000] {processor.py:840} INFO - DAG(s) 'nasa_to_s3' retrieved from /opt/airflow/dags/extractAPIdata.py
[2024-06-23T23:57:51.226+0000] {logging_mixin.py:188} INFO - [2024-06-23T23:57:51.226+0000] {dag.py:3096} INFO - Sync 1 DAGs
[2024-06-23T23:57:51.245+0000] {logging_mixin.py:188} INFO - [2024-06-23T23:57:51.245+0000] {dag.py:3954} INFO - Setting next_dagrun for nasa_to_s3 to 2024-06-23 00:00:00+00:00, run_after=2024-06-24 00:00:00+00:00
[2024-06-23T23:57:51.259+0000] {processor.py:183} INFO - Processing /opt/airflow/dags/extractAPIdata.py took 0.544 seconds
[2024-06-23T23:58:21.411+0000] {processor.py:161} INFO - Started process (PID=1553) to work on /opt/airflow/dags/extractAPIdata.py
[2024-06-23T23:58:21.412+0000] {processor.py:830} INFO - Processing file /opt/airflow/dags/extractAPIdata.py for tasks to queue
[2024-06-23T23:58:21.414+0000] {logging_mixin.py:188} INFO - [2024-06-23T23:58:21.413+0000] {dagbag.py:545} INFO - Filling up the DagBag from /opt/airflow/dags/extractAPIdata.py
[2024-06-23T23:58:21.935+0000] {processor.py:840} INFO - DAG(s) 'nasa_to_s3' retrieved from /opt/airflow/dags/extractAPIdata.py
[2024-06-23T23:58:21.958+0000] {logging_mixin.py:188} INFO - [2024-06-23T23:58:21.957+0000] {dag.py:3096} INFO - Sync 1 DAGs
[2024-06-23T23:58:21.977+0000] {logging_mixin.py:188} INFO - [2024-06-23T23:58:21.977+0000] {dag.py:3954} INFO - Setting next_dagrun for nasa_to_s3 to 2024-06-23 00:00:00+00:00, run_after=2024-06-24 00:00:00+00:00
[2024-06-23T23:58:21.992+0000] {processor.py:183} INFO - Processing /opt/airflow/dags/extractAPIdata.py took 0.587 seconds
[2024-06-23T23:58:52.153+0000] {processor.py:161} INFO - Started process (PID=1561) to work on /opt/airflow/dags/extractAPIdata.py
[2024-06-23T23:58:52.154+0000] {processor.py:830} INFO - Processing file /opt/airflow/dags/extractAPIdata.py for tasks to queue
[2024-06-23T23:58:52.155+0000] {logging_mixin.py:188} INFO - [2024-06-23T23:58:52.155+0000] {dagbag.py:545} INFO - Filling up the DagBag from /opt/airflow/dags/extractAPIdata.py
[2024-06-23T23:58:52.681+0000] {processor.py:840} INFO - DAG(s) 'nasa_to_s3' retrieved from /opt/airflow/dags/extractAPIdata.py
[2024-06-23T23:58:52.702+0000] {logging_mixin.py:188} INFO - [2024-06-23T23:58:52.702+0000] {dag.py:3096} INFO - Sync 1 DAGs
[2024-06-23T23:58:52.718+0000] {logging_mixin.py:188} INFO - [2024-06-23T23:58:52.718+0000] {dag.py:3954} INFO - Setting next_dagrun for nasa_to_s3 to 2024-06-23 00:00:00+00:00, run_after=2024-06-24 00:00:00+00:00
[2024-06-23T23:58:52.732+0000] {processor.py:183} INFO - Processing /opt/airflow/dags/extractAPIdata.py took 0.585 seconds
[2024-06-23T23:59:22.883+0000] {processor.py:161} INFO - Started process (PID=1569) to work on /opt/airflow/dags/extractAPIdata.py
[2024-06-23T23:59:22.884+0000] {processor.py:830} INFO - Processing file /opt/airflow/dags/extractAPIdata.py for tasks to queue
[2024-06-23T23:59:22.886+0000] {logging_mixin.py:188} INFO - [2024-06-23T23:59:22.885+0000] {dagbag.py:545} INFO - Filling up the DagBag from /opt/airflow/dags/extractAPIdata.py
[2024-06-23T23:59:23.411+0000] {processor.py:840} INFO - DAG(s) 'nasa_to_s3' retrieved from /opt/airflow/dags/extractAPIdata.py
[2024-06-23T23:59:23.436+0000] {logging_mixin.py:188} INFO - [2024-06-23T23:59:23.436+0000] {dag.py:3096} INFO - Sync 1 DAGs
[2024-06-23T23:59:23.454+0000] {logging_mixin.py:188} INFO - [2024-06-23T23:59:23.454+0000] {dag.py:3954} INFO - Setting next_dagrun for nasa_to_s3 to 2024-06-23 00:00:00+00:00, run_after=2024-06-24 00:00:00+00:00
[2024-06-23T23:59:23.469+0000] {processor.py:183} INFO - Processing /opt/airflow/dags/extractAPIdata.py took 0.591 seconds
[2024-06-23T23:59:53.639+0000] {processor.py:161} INFO - Started process (PID=1577) to work on /opt/airflow/dags/extractAPIdata.py
[2024-06-23T23:59:53.640+0000] {processor.py:830} INFO - Processing file /opt/airflow/dags/extractAPIdata.py for tasks to queue
[2024-06-23T23:59:53.642+0000] {logging_mixin.py:188} INFO - [2024-06-23T23:59:53.641+0000] {dagbag.py:545} INFO - Filling up the DagBag from /opt/airflow/dags/extractAPIdata.py
[2024-06-23T23:59:54.134+0000] {processor.py:840} INFO - DAG(s) 'nasa_to_s3' retrieved from /opt/airflow/dags/extractAPIdata.py
[2024-06-23T23:59:54.155+0000] {logging_mixin.py:188} INFO - [2024-06-23T23:59:54.155+0000] {dag.py:3096} INFO - Sync 1 DAGs
[2024-06-23T23:59:54.171+0000] {logging_mixin.py:188} INFO - [2024-06-23T23:59:54.171+0000] {dag.py:3954} INFO - Setting next_dagrun for nasa_to_s3 to 2024-06-23 00:00:00+00:00, run_after=2024-06-24 00:00:00+00:00
[2024-06-23T23:59:54.185+0000] {processor.py:183} INFO - Processing /opt/airflow/dags/extractAPIdata.py took 0.552 seconds
