[2024-06-15T02:04:08.252+0000] {processor.py:161} INFO - Started process (PID=55) to work on /home/airflow/.local/lib/python3.12/site-packages/airflow/example_dags/example_display_name.py
[2024-06-15T02:04:08.254+0000] {processor.py:830} INFO - Processing file /home/airflow/.local/lib/python3.12/site-packages/airflow/example_dags/example_display_name.py for tasks to queue
[2024-06-15T02:04:08.256+0000] {logging_mixin.py:188} INFO - [2024-06-15T02:04:08.256+0000] {dagbag.py:545} INFO - Filling up the DagBag from /home/airflow/.local/lib/python3.12/site-packages/airflow/example_dags/example_display_name.py
[2024-06-15T02:04:08.264+0000] {processor.py:840} INFO - DAG(s) 'example_display_name' retrieved from /home/airflow/.local/lib/python3.12/site-packages/airflow/example_dags/example_display_name.py
[2024-06-15T02:04:08.275+0000] {logging_mixin.py:188} INFO - [2024-06-15T02:04:08.275+0000] {dag.py:3096} INFO - Sync 1 DAGs
[2024-06-15T02:04:08.288+0000] {logging_mixin.py:188} INFO - [2024-06-15T02:04:08.287+0000] {dag.py:3954} INFO - Setting next_dagrun for example_display_name to None, run_after=None
[2024-06-15T02:04:08.305+0000] {processor.py:183} INFO - Processing /home/airflow/.local/lib/python3.12/site-packages/airflow/example_dags/example_display_name.py took 0.059 seconds
[2024-06-15T02:04:39.148+0000] {processor.py:161} INFO - Started process (PID=113) to work on /home/airflow/.local/lib/python3.12/site-packages/airflow/example_dags/example_display_name.py
[2024-06-15T02:04:39.149+0000] {processor.py:830} INFO - Processing file /home/airflow/.local/lib/python3.12/site-packages/airflow/example_dags/example_display_name.py for tasks to queue
[2024-06-15T02:04:39.150+0000] {logging_mixin.py:188} INFO - [2024-06-15T02:04:39.150+0000] {dagbag.py:545} INFO - Filling up the DagBag from /home/airflow/.local/lib/python3.12/site-packages/airflow/example_dags/example_display_name.py
[2024-06-15T02:04:39.155+0000] {processor.py:840} INFO - DAG(s) 'example_display_name' retrieved from /home/airflow/.local/lib/python3.12/site-packages/airflow/example_dags/example_display_name.py
[2024-06-15T02:04:39.248+0000] {logging_mixin.py:188} INFO - [2024-06-15T02:04:39.248+0000] {dag.py:3096} INFO - Sync 1 DAGs
[2024-06-15T02:04:39.259+0000] {logging_mixin.py:188} INFO - [2024-06-15T02:04:39.259+0000] {dag.py:3954} INFO - Setting next_dagrun for example_display_name to None, run_after=None
[2024-06-15T02:04:39.275+0000] {processor.py:183} INFO - Processing /home/airflow/.local/lib/python3.12/site-packages/airflow/example_dags/example_display_name.py took 0.133 seconds
[2024-06-15T02:05:09.647+0000] {processor.py:161} INFO - Started process (PID=171) to work on /home/airflow/.local/lib/python3.12/site-packages/airflow/example_dags/example_display_name.py
[2024-06-15T02:05:09.647+0000] {processor.py:830} INFO - Processing file /home/airflow/.local/lib/python3.12/site-packages/airflow/example_dags/example_display_name.py for tasks to queue
[2024-06-15T02:05:09.649+0000] {logging_mixin.py:188} INFO - [2024-06-15T02:05:09.649+0000] {dagbag.py:545} INFO - Filling up the DagBag from /home/airflow/.local/lib/python3.12/site-packages/airflow/example_dags/example_display_name.py
[2024-06-15T02:05:09.653+0000] {processor.py:840} INFO - DAG(s) 'example_display_name' retrieved from /home/airflow/.local/lib/python3.12/site-packages/airflow/example_dags/example_display_name.py
[2024-06-15T02:05:09.669+0000] {logging_mixin.py:188} INFO - [2024-06-15T02:05:09.668+0000] {dag.py:3096} INFO - Sync 1 DAGs
[2024-06-15T02:05:09.680+0000] {logging_mixin.py:188} INFO - [2024-06-15T02:05:09.680+0000] {dag.py:3954} INFO - Setting next_dagrun for example_display_name to None, run_after=None
[2024-06-15T02:05:09.694+0000] {processor.py:183} INFO - Processing /home/airflow/.local/lib/python3.12/site-packages/airflow/example_dags/example_display_name.py took 0.051 seconds
[2024-06-15T02:05:40.028+0000] {processor.py:161} INFO - Started process (PID=229) to work on /home/airflow/.local/lib/python3.12/site-packages/airflow/example_dags/example_display_name.py
[2024-06-15T02:05:40.028+0000] {processor.py:830} INFO - Processing file /home/airflow/.local/lib/python3.12/site-packages/airflow/example_dags/example_display_name.py for tasks to queue
[2024-06-15T02:05:40.030+0000] {logging_mixin.py:188} INFO - [2024-06-15T02:05:40.029+0000] {dagbag.py:545} INFO - Filling up the DagBag from /home/airflow/.local/lib/python3.12/site-packages/airflow/example_dags/example_display_name.py
[2024-06-15T02:05:40.034+0000] {processor.py:840} INFO - DAG(s) 'example_display_name' retrieved from /home/airflow/.local/lib/python3.12/site-packages/airflow/example_dags/example_display_name.py
[2024-06-15T02:05:40.050+0000] {logging_mixin.py:188} INFO - [2024-06-15T02:05:40.050+0000] {dag.py:3096} INFO - Sync 1 DAGs
[2024-06-15T02:05:40.061+0000] {logging_mixin.py:188} INFO - [2024-06-15T02:05:40.061+0000] {dag.py:3954} INFO - Setting next_dagrun for example_display_name to None, run_after=None
[2024-06-15T02:05:40.078+0000] {processor.py:183} INFO - Processing /home/airflow/.local/lib/python3.12/site-packages/airflow/example_dags/example_display_name.py took 0.055 seconds
[2024-06-15T02:06:10.360+0000] {processor.py:161} INFO - Started process (PID=287) to work on /home/airflow/.local/lib/python3.12/site-packages/airflow/example_dags/example_display_name.py
[2024-06-15T02:06:10.360+0000] {processor.py:830} INFO - Processing file /home/airflow/.local/lib/python3.12/site-packages/airflow/example_dags/example_display_name.py for tasks to queue
[2024-06-15T02:06:10.362+0000] {logging_mixin.py:188} INFO - [2024-06-15T02:06:10.361+0000] {dagbag.py:545} INFO - Filling up the DagBag from /home/airflow/.local/lib/python3.12/site-packages/airflow/example_dags/example_display_name.py
[2024-06-15T02:06:10.365+0000] {processor.py:840} INFO - DAG(s) 'example_display_name' retrieved from /home/airflow/.local/lib/python3.12/site-packages/airflow/example_dags/example_display_name.py
[2024-06-15T02:06:10.380+0000] {logging_mixin.py:188} INFO - [2024-06-15T02:06:10.380+0000] {dag.py:3096} INFO - Sync 1 DAGs
[2024-06-15T02:06:10.390+0000] {logging_mixin.py:188} INFO - [2024-06-15T02:06:10.390+0000] {dag.py:3954} INFO - Setting next_dagrun for example_display_name to None, run_after=None
[2024-06-15T02:06:10.420+0000] {processor.py:183} INFO - Processing /home/airflow/.local/lib/python3.12/site-packages/airflow/example_dags/example_display_name.py took 0.065 seconds
[2024-06-15T02:06:41.234+0000] {processor.py:161} INFO - Started process (PID=345) to work on /home/airflow/.local/lib/python3.12/site-packages/airflow/example_dags/example_display_name.py
[2024-06-15T02:06:41.235+0000] {processor.py:830} INFO - Processing file /home/airflow/.local/lib/python3.12/site-packages/airflow/example_dags/example_display_name.py for tasks to queue
[2024-06-15T02:06:41.236+0000] {logging_mixin.py:188} INFO - [2024-06-15T02:06:41.236+0000] {dagbag.py:545} INFO - Filling up the DagBag from /home/airflow/.local/lib/python3.12/site-packages/airflow/example_dags/example_display_name.py
[2024-06-15T02:06:41.240+0000] {processor.py:840} INFO - DAG(s) 'example_display_name' retrieved from /home/airflow/.local/lib/python3.12/site-packages/airflow/example_dags/example_display_name.py
[2024-06-15T02:06:41.259+0000] {logging_mixin.py:188} INFO - [2024-06-15T02:06:41.259+0000] {dag.py:3096} INFO - Sync 1 DAGs
[2024-06-15T02:06:41.272+0000] {logging_mixin.py:188} INFO - [2024-06-15T02:06:41.272+0000] {dag.py:3954} INFO - Setting next_dagrun for example_display_name to None, run_after=None
[2024-06-15T02:06:41.288+0000] {processor.py:183} INFO - Processing /home/airflow/.local/lib/python3.12/site-packages/airflow/example_dags/example_display_name.py took 0.057 seconds
[2024-06-15T02:07:12.215+0000] {processor.py:161} INFO - Started process (PID=403) to work on /home/airflow/.local/lib/python3.12/site-packages/airflow/example_dags/example_display_name.py
[2024-06-15T02:07:12.216+0000] {processor.py:830} INFO - Processing file /home/airflow/.local/lib/python3.12/site-packages/airflow/example_dags/example_display_name.py for tasks to queue
[2024-06-15T02:07:12.217+0000] {logging_mixin.py:188} INFO - [2024-06-15T02:07:12.217+0000] {dagbag.py:545} INFO - Filling up the DagBag from /home/airflow/.local/lib/python3.12/site-packages/airflow/example_dags/example_display_name.py
[2024-06-15T02:07:12.221+0000] {processor.py:840} INFO - DAG(s) 'example_display_name' retrieved from /home/airflow/.local/lib/python3.12/site-packages/airflow/example_dags/example_display_name.py
[2024-06-15T02:07:12.238+0000] {logging_mixin.py:188} INFO - [2024-06-15T02:07:12.237+0000] {dag.py:3096} INFO - Sync 1 DAGs
[2024-06-15T02:07:12.249+0000] {logging_mixin.py:188} INFO - [2024-06-15T02:07:12.249+0000] {dag.py:3954} INFO - Setting next_dagrun for example_display_name to None, run_after=None
[2024-06-15T02:07:12.264+0000] {processor.py:183} INFO - Processing /home/airflow/.local/lib/python3.12/site-packages/airflow/example_dags/example_display_name.py took 0.053 seconds
[2024-06-15T02:07:43.201+0000] {processor.py:161} INFO - Started process (PID=461) to work on /home/airflow/.local/lib/python3.12/site-packages/airflow/example_dags/example_display_name.py
[2024-06-15T02:07:43.202+0000] {processor.py:830} INFO - Processing file /home/airflow/.local/lib/python3.12/site-packages/airflow/example_dags/example_display_name.py for tasks to queue
[2024-06-15T02:07:43.203+0000] {logging_mixin.py:188} INFO - [2024-06-15T02:07:43.203+0000] {dagbag.py:545} INFO - Filling up the DagBag from /home/airflow/.local/lib/python3.12/site-packages/airflow/example_dags/example_display_name.py
[2024-06-15T02:07:43.207+0000] {processor.py:840} INFO - DAG(s) 'example_display_name' retrieved from /home/airflow/.local/lib/python3.12/site-packages/airflow/example_dags/example_display_name.py
[2024-06-15T02:07:43.222+0000] {logging_mixin.py:188} INFO - [2024-06-15T02:07:43.221+0000] {dag.py:3096} INFO - Sync 1 DAGs
[2024-06-15T02:07:43.233+0000] {logging_mixin.py:188} INFO - [2024-06-15T02:07:43.232+0000] {dag.py:3954} INFO - Setting next_dagrun for example_display_name to None, run_after=None
[2024-06-15T02:07:43.247+0000] {processor.py:183} INFO - Processing /home/airflow/.local/lib/python3.12/site-packages/airflow/example_dags/example_display_name.py took 0.050 seconds
[2024-06-15T02:08:13.471+0000] {processor.py:161} INFO - Started process (PID=519) to work on /home/airflow/.local/lib/python3.12/site-packages/airflow/example_dags/example_display_name.py
[2024-06-15T02:08:13.472+0000] {processor.py:830} INFO - Processing file /home/airflow/.local/lib/python3.12/site-packages/airflow/example_dags/example_display_name.py for tasks to queue
[2024-06-15T02:08:13.473+0000] {logging_mixin.py:188} INFO - [2024-06-15T02:08:13.473+0000] {dagbag.py:545} INFO - Filling up the DagBag from /home/airflow/.local/lib/python3.12/site-packages/airflow/example_dags/example_display_name.py
[2024-06-15T02:08:13.477+0000] {processor.py:840} INFO - DAG(s) 'example_display_name' retrieved from /home/airflow/.local/lib/python3.12/site-packages/airflow/example_dags/example_display_name.py
[2024-06-15T02:08:13.492+0000] {logging_mixin.py:188} INFO - [2024-06-15T02:08:13.492+0000] {dag.py:3096} INFO - Sync 1 DAGs
[2024-06-15T02:08:13.502+0000] {logging_mixin.py:188} INFO - [2024-06-15T02:08:13.502+0000] {dag.py:3954} INFO - Setting next_dagrun for example_display_name to None, run_after=None
[2024-06-15T02:08:13.517+0000] {processor.py:183} INFO - Processing /home/airflow/.local/lib/python3.12/site-packages/airflow/example_dags/example_display_name.py took 0.050 seconds
[2024-06-15T02:08:44.043+0000] {processor.py:161} INFO - Started process (PID=577) to work on /home/airflow/.local/lib/python3.12/site-packages/airflow/example_dags/example_display_name.py
[2024-06-15T02:08:44.044+0000] {processor.py:830} INFO - Processing file /home/airflow/.local/lib/python3.12/site-packages/airflow/example_dags/example_display_name.py for tasks to queue
[2024-06-15T02:08:44.045+0000] {logging_mixin.py:188} INFO - [2024-06-15T02:08:44.045+0000] {dagbag.py:545} INFO - Filling up the DagBag from /home/airflow/.local/lib/python3.12/site-packages/airflow/example_dags/example_display_name.py
[2024-06-15T02:08:44.049+0000] {processor.py:840} INFO - DAG(s) 'example_display_name' retrieved from /home/airflow/.local/lib/python3.12/site-packages/airflow/example_dags/example_display_name.py
[2024-06-15T02:08:44.064+0000] {logging_mixin.py:188} INFO - [2024-06-15T02:08:44.063+0000] {dag.py:3096} INFO - Sync 1 DAGs
[2024-06-15T02:08:44.076+0000] {logging_mixin.py:188} INFO - [2024-06-15T02:08:44.075+0000] {dag.py:3954} INFO - Setting next_dagrun for example_display_name to None, run_after=None
[2024-06-15T02:08:44.091+0000] {processor.py:183} INFO - Processing /home/airflow/.local/lib/python3.12/site-packages/airflow/example_dags/example_display_name.py took 0.052 seconds
[2024-06-15T02:09:14.475+0000] {processor.py:161} INFO - Started process (PID=635) to work on /home/airflow/.local/lib/python3.12/site-packages/airflow/example_dags/example_display_name.py
[2024-06-15T02:09:14.476+0000] {processor.py:830} INFO - Processing file /home/airflow/.local/lib/python3.12/site-packages/airflow/example_dags/example_display_name.py for tasks to queue
[2024-06-15T02:09:14.477+0000] {logging_mixin.py:188} INFO - [2024-06-15T02:09:14.477+0000] {dagbag.py:545} INFO - Filling up the DagBag from /home/airflow/.local/lib/python3.12/site-packages/airflow/example_dags/example_display_name.py
[2024-06-15T02:09:14.482+0000] {processor.py:840} INFO - DAG(s) 'example_display_name' retrieved from /home/airflow/.local/lib/python3.12/site-packages/airflow/example_dags/example_display_name.py
[2024-06-15T02:09:14.498+0000] {logging_mixin.py:188} INFO - [2024-06-15T02:09:14.498+0000] {dag.py:3096} INFO - Sync 1 DAGs
[2024-06-15T02:09:14.510+0000] {logging_mixin.py:188} INFO - [2024-06-15T02:09:14.510+0000] {dag.py:3954} INFO - Setting next_dagrun for example_display_name to None, run_after=None
[2024-06-15T02:09:14.528+0000] {processor.py:183} INFO - Processing /home/airflow/.local/lib/python3.12/site-packages/airflow/example_dags/example_display_name.py took 0.057 seconds
[2024-06-15T02:09:44.684+0000] {processor.py:161} INFO - Started process (PID=693) to work on /home/airflow/.local/lib/python3.12/site-packages/airflow/example_dags/example_display_name.py
[2024-06-15T02:09:44.685+0000] {processor.py:830} INFO - Processing file /home/airflow/.local/lib/python3.12/site-packages/airflow/example_dags/example_display_name.py for tasks to queue
[2024-06-15T02:09:44.686+0000] {logging_mixin.py:188} INFO - [2024-06-15T02:09:44.686+0000] {dagbag.py:545} INFO - Filling up the DagBag from /home/airflow/.local/lib/python3.12/site-packages/airflow/example_dags/example_display_name.py
[2024-06-15T02:09:44.691+0000] {processor.py:840} INFO - DAG(s) 'example_display_name' retrieved from /home/airflow/.local/lib/python3.12/site-packages/airflow/example_dags/example_display_name.py
[2024-06-15T02:09:44.707+0000] {logging_mixin.py:188} INFO - [2024-06-15T02:09:44.707+0000] {dag.py:3096} INFO - Sync 1 DAGs
[2024-06-15T02:09:44.718+0000] {logging_mixin.py:188} INFO - [2024-06-15T02:09:44.717+0000] {dag.py:3954} INFO - Setting next_dagrun for example_display_name to None, run_after=None
[2024-06-15T02:09:44.732+0000] {processor.py:183} INFO - Processing /home/airflow/.local/lib/python3.12/site-packages/airflow/example_dags/example_display_name.py took 0.052 seconds
[2024-06-15T02:10:15.678+0000] {processor.py:161} INFO - Started process (PID=751) to work on /home/airflow/.local/lib/python3.12/site-packages/airflow/example_dags/example_display_name.py
[2024-06-15T02:10:15.678+0000] {processor.py:830} INFO - Processing file /home/airflow/.local/lib/python3.12/site-packages/airflow/example_dags/example_display_name.py for tasks to queue
[2024-06-15T02:10:15.680+0000] {logging_mixin.py:188} INFO - [2024-06-15T02:10:15.679+0000] {dagbag.py:545} INFO - Filling up the DagBag from /home/airflow/.local/lib/python3.12/site-packages/airflow/example_dags/example_display_name.py
[2024-06-15T02:10:15.684+0000] {processor.py:840} INFO - DAG(s) 'example_display_name' retrieved from /home/airflow/.local/lib/python3.12/site-packages/airflow/example_dags/example_display_name.py
[2024-06-15T02:10:15.700+0000] {logging_mixin.py:188} INFO - [2024-06-15T02:10:15.700+0000] {dag.py:3096} INFO - Sync 1 DAGs
[2024-06-15T02:10:15.714+0000] {logging_mixin.py:188} INFO - [2024-06-15T02:10:15.713+0000] {dag.py:3954} INFO - Setting next_dagrun for example_display_name to None, run_after=None
[2024-06-15T02:10:15.730+0000] {processor.py:183} INFO - Processing /home/airflow/.local/lib/python3.12/site-packages/airflow/example_dags/example_display_name.py took 0.057 seconds
[2024-06-15T02:10:46.207+0000] {processor.py:161} INFO - Started process (PID=809) to work on /home/airflow/.local/lib/python3.12/site-packages/airflow/example_dags/example_display_name.py
[2024-06-15T02:10:46.208+0000] {processor.py:830} INFO - Processing file /home/airflow/.local/lib/python3.12/site-packages/airflow/example_dags/example_display_name.py for tasks to queue
[2024-06-15T02:10:46.209+0000] {logging_mixin.py:188} INFO - [2024-06-15T02:10:46.209+0000] {dagbag.py:545} INFO - Filling up the DagBag from /home/airflow/.local/lib/python3.12/site-packages/airflow/example_dags/example_display_name.py
[2024-06-15T02:10:46.215+0000] {processor.py:840} INFO - DAG(s) 'example_display_name' retrieved from /home/airflow/.local/lib/python3.12/site-packages/airflow/example_dags/example_display_name.py
[2024-06-15T02:10:46.241+0000] {logging_mixin.py:188} INFO - [2024-06-15T02:10:46.240+0000] {dag.py:3096} INFO - Sync 1 DAGs
[2024-06-15T02:10:46.255+0000] {logging_mixin.py:188} INFO - [2024-06-15T02:10:46.254+0000] {dag.py:3954} INFO - Setting next_dagrun for example_display_name to None, run_after=None
[2024-06-15T02:10:46.275+0000] {processor.py:183} INFO - Processing /home/airflow/.local/lib/python3.12/site-packages/airflow/example_dags/example_display_name.py took 0.073 seconds
[2024-06-15T02:11:16.784+0000] {processor.py:161} INFO - Started process (PID=867) to work on /home/airflow/.local/lib/python3.12/site-packages/airflow/example_dags/example_display_name.py
[2024-06-15T02:11:16.785+0000] {processor.py:830} INFO - Processing file /home/airflow/.local/lib/python3.12/site-packages/airflow/example_dags/example_display_name.py for tasks to queue
[2024-06-15T02:11:16.786+0000] {logging_mixin.py:188} INFO - [2024-06-15T02:11:16.786+0000] {dagbag.py:545} INFO - Filling up the DagBag from /home/airflow/.local/lib/python3.12/site-packages/airflow/example_dags/example_display_name.py
[2024-06-15T02:11:16.792+0000] {processor.py:840} INFO - DAG(s) 'example_display_name' retrieved from /home/airflow/.local/lib/python3.12/site-packages/airflow/example_dags/example_display_name.py
[2024-06-15T02:11:16.807+0000] {logging_mixin.py:188} INFO - [2024-06-15T02:11:16.807+0000] {dag.py:3096} INFO - Sync 1 DAGs
[2024-06-15T02:11:16.819+0000] {logging_mixin.py:188} INFO - [2024-06-15T02:11:16.819+0000] {dag.py:3954} INFO - Setting next_dagrun for example_display_name to None, run_after=None
[2024-06-15T02:11:16.835+0000] {processor.py:183} INFO - Processing /home/airflow/.local/lib/python3.12/site-packages/airflow/example_dags/example_display_name.py took 0.055 seconds
[2024-06-15T02:11:47.319+0000] {processor.py:161} INFO - Started process (PID=925) to work on /home/airflow/.local/lib/python3.12/site-packages/airflow/example_dags/example_display_name.py
[2024-06-15T02:11:47.319+0000] {processor.py:830} INFO - Processing file /home/airflow/.local/lib/python3.12/site-packages/airflow/example_dags/example_display_name.py for tasks to queue
[2024-06-15T02:11:47.321+0000] {logging_mixin.py:188} INFO - [2024-06-15T02:11:47.321+0000] {dagbag.py:545} INFO - Filling up the DagBag from /home/airflow/.local/lib/python3.12/site-packages/airflow/example_dags/example_display_name.py
[2024-06-15T02:11:47.325+0000] {processor.py:840} INFO - DAG(s) 'example_display_name' retrieved from /home/airflow/.local/lib/python3.12/site-packages/airflow/example_dags/example_display_name.py
[2024-06-15T02:11:47.340+0000] {logging_mixin.py:188} INFO - [2024-06-15T02:11:47.340+0000] {dag.py:3096} INFO - Sync 1 DAGs
[2024-06-15T02:11:47.352+0000] {logging_mixin.py:188} INFO - [2024-06-15T02:11:47.352+0000] {dag.py:3954} INFO - Setting next_dagrun for example_display_name to None, run_after=None
[2024-06-15T02:11:47.369+0000] {processor.py:183} INFO - Processing /home/airflow/.local/lib/python3.12/site-packages/airflow/example_dags/example_display_name.py took 0.055 seconds
[2024-06-15T02:12:17.890+0000] {processor.py:161} INFO - Started process (PID=983) to work on /home/airflow/.local/lib/python3.12/site-packages/airflow/example_dags/example_display_name.py
[2024-06-15T02:12:17.891+0000] {processor.py:830} INFO - Processing file /home/airflow/.local/lib/python3.12/site-packages/airflow/example_dags/example_display_name.py for tasks to queue
[2024-06-15T02:12:17.892+0000] {logging_mixin.py:188} INFO - [2024-06-15T02:12:17.892+0000] {dagbag.py:545} INFO - Filling up the DagBag from /home/airflow/.local/lib/python3.12/site-packages/airflow/example_dags/example_display_name.py
[2024-06-15T02:12:17.897+0000] {processor.py:840} INFO - DAG(s) 'example_display_name' retrieved from /home/airflow/.local/lib/python3.12/site-packages/airflow/example_dags/example_display_name.py
[2024-06-15T02:12:17.912+0000] {logging_mixin.py:188} INFO - [2024-06-15T02:12:17.911+0000] {dag.py:3096} INFO - Sync 1 DAGs
[2024-06-15T02:12:17.924+0000] {logging_mixin.py:188} INFO - [2024-06-15T02:12:17.924+0000] {dag.py:3954} INFO - Setting next_dagrun for example_display_name to None, run_after=None
[2024-06-15T02:12:17.943+0000] {processor.py:183} INFO - Processing /home/airflow/.local/lib/python3.12/site-packages/airflow/example_dags/example_display_name.py took 0.057 seconds
[2024-06-15T02:12:48.216+0000] {processor.py:161} INFO - Started process (PID=1041) to work on /home/airflow/.local/lib/python3.12/site-packages/airflow/example_dags/example_display_name.py
[2024-06-15T02:12:48.217+0000] {processor.py:830} INFO - Processing file /home/airflow/.local/lib/python3.12/site-packages/airflow/example_dags/example_display_name.py for tasks to queue
[2024-06-15T02:12:48.218+0000] {logging_mixin.py:188} INFO - [2024-06-15T02:12:48.218+0000] {dagbag.py:545} INFO - Filling up the DagBag from /home/airflow/.local/lib/python3.12/site-packages/airflow/example_dags/example_display_name.py
[2024-06-15T02:12:48.223+0000] {processor.py:840} INFO - DAG(s) 'example_display_name' retrieved from /home/airflow/.local/lib/python3.12/site-packages/airflow/example_dags/example_display_name.py
[2024-06-15T02:12:48.238+0000] {logging_mixin.py:188} INFO - [2024-06-15T02:12:48.238+0000] {dag.py:3096} INFO - Sync 1 DAGs
[2024-06-15T02:12:48.248+0000] {logging_mixin.py:188} INFO - [2024-06-15T02:12:48.248+0000] {dag.py:3954} INFO - Setting next_dagrun for example_display_name to None, run_after=None
[2024-06-15T02:12:48.263+0000] {processor.py:183} INFO - Processing /home/airflow/.local/lib/python3.12/site-packages/airflow/example_dags/example_display_name.py took 0.051 seconds
[2024-06-15T02:13:18.544+0000] {processor.py:161} INFO - Started process (PID=1099) to work on /home/airflow/.local/lib/python3.12/site-packages/airflow/example_dags/example_display_name.py
[2024-06-15T02:13:18.545+0000] {processor.py:830} INFO - Processing file /home/airflow/.local/lib/python3.12/site-packages/airflow/example_dags/example_display_name.py for tasks to queue
[2024-06-15T02:13:18.547+0000] {logging_mixin.py:188} INFO - [2024-06-15T02:13:18.546+0000] {dagbag.py:545} INFO - Filling up the DagBag from /home/airflow/.local/lib/python3.12/site-packages/airflow/example_dags/example_display_name.py
[2024-06-15T02:13:18.551+0000] {processor.py:840} INFO - DAG(s) 'example_display_name' retrieved from /home/airflow/.local/lib/python3.12/site-packages/airflow/example_dags/example_display_name.py
[2024-06-15T02:13:18.567+0000] {logging_mixin.py:188} INFO - [2024-06-15T02:13:18.567+0000] {dag.py:3096} INFO - Sync 1 DAGs
[2024-06-15T02:13:18.580+0000] {logging_mixin.py:188} INFO - [2024-06-15T02:13:18.579+0000] {dag.py:3954} INFO - Setting next_dagrun for example_display_name to None, run_after=None
[2024-06-15T02:13:18.598+0000] {processor.py:183} INFO - Processing /home/airflow/.local/lib/python3.12/site-packages/airflow/example_dags/example_display_name.py took 0.058 seconds
[2024-06-15T02:13:48.744+0000] {processor.py:161} INFO - Started process (PID=1156) to work on /home/airflow/.local/lib/python3.12/site-packages/airflow/example_dags/example_display_name.py
[2024-06-15T02:13:48.745+0000] {processor.py:830} INFO - Processing file /home/airflow/.local/lib/python3.12/site-packages/airflow/example_dags/example_display_name.py for tasks to queue
[2024-06-15T02:13:48.746+0000] {logging_mixin.py:188} INFO - [2024-06-15T02:13:48.746+0000] {dagbag.py:545} INFO - Filling up the DagBag from /home/airflow/.local/lib/python3.12/site-packages/airflow/example_dags/example_display_name.py
[2024-06-15T02:13:48.751+0000] {processor.py:840} INFO - DAG(s) 'example_display_name' retrieved from /home/airflow/.local/lib/python3.12/site-packages/airflow/example_dags/example_display_name.py
[2024-06-15T02:13:48.766+0000] {logging_mixin.py:188} INFO - [2024-06-15T02:13:48.765+0000] {dag.py:3096} INFO - Sync 1 DAGs
[2024-06-15T02:13:48.776+0000] {logging_mixin.py:188} INFO - [2024-06-15T02:13:48.776+0000] {dag.py:3954} INFO - Setting next_dagrun for example_display_name to None, run_after=None
[2024-06-15T02:13:48.792+0000] {processor.py:183} INFO - Processing /home/airflow/.local/lib/python3.12/site-packages/airflow/example_dags/example_display_name.py took 0.052 seconds
[2024-06-15T02:14:19.127+0000] {processor.py:161} INFO - Started process (PID=1214) to work on /home/airflow/.local/lib/python3.12/site-packages/airflow/example_dags/example_display_name.py
[2024-06-15T02:14:19.127+0000] {processor.py:830} INFO - Processing file /home/airflow/.local/lib/python3.12/site-packages/airflow/example_dags/example_display_name.py for tasks to queue
[2024-06-15T02:14:19.129+0000] {logging_mixin.py:188} INFO - [2024-06-15T02:14:19.129+0000] {dagbag.py:545} INFO - Filling up the DagBag from /home/airflow/.local/lib/python3.12/site-packages/airflow/example_dags/example_display_name.py
[2024-06-15T02:14:19.133+0000] {processor.py:840} INFO - DAG(s) 'example_display_name' retrieved from /home/airflow/.local/lib/python3.12/site-packages/airflow/example_dags/example_display_name.py
[2024-06-15T02:14:19.148+0000] {logging_mixin.py:188} INFO - [2024-06-15T02:14:19.148+0000] {dag.py:3096} INFO - Sync 1 DAGs
[2024-06-15T02:14:19.159+0000] {logging_mixin.py:188} INFO - [2024-06-15T02:14:19.159+0000] {dag.py:3954} INFO - Setting next_dagrun for example_display_name to None, run_after=None
[2024-06-15T02:14:19.174+0000] {processor.py:183} INFO - Processing /home/airflow/.local/lib/python3.12/site-packages/airflow/example_dags/example_display_name.py took 0.051 seconds
[2024-06-15T02:14:49.566+0000] {processor.py:161} INFO - Started process (PID=1273) to work on /home/airflow/.local/lib/python3.12/site-packages/airflow/example_dags/example_display_name.py
[2024-06-15T02:14:49.566+0000] {processor.py:830} INFO - Processing file /home/airflow/.local/lib/python3.12/site-packages/airflow/example_dags/example_display_name.py for tasks to queue
[2024-06-15T02:14:49.568+0000] {logging_mixin.py:188} INFO - [2024-06-15T02:14:49.567+0000] {dagbag.py:545} INFO - Filling up the DagBag from /home/airflow/.local/lib/python3.12/site-packages/airflow/example_dags/example_display_name.py
[2024-06-15T02:14:49.572+0000] {processor.py:840} INFO - DAG(s) 'example_display_name' retrieved from /home/airflow/.local/lib/python3.12/site-packages/airflow/example_dags/example_display_name.py
[2024-06-15T02:14:49.587+0000] {logging_mixin.py:188} INFO - [2024-06-15T02:14:49.587+0000] {dag.py:3096} INFO - Sync 1 DAGs
[2024-06-15T02:14:49.598+0000] {logging_mixin.py:188} INFO - [2024-06-15T02:14:49.598+0000] {dag.py:3954} INFO - Setting next_dagrun for example_display_name to None, run_after=None
[2024-06-15T02:14:49.614+0000] {processor.py:183} INFO - Processing /home/airflow/.local/lib/python3.12/site-packages/airflow/example_dags/example_display_name.py took 0.052 seconds
[2024-06-15T02:15:19.876+0000] {processor.py:161} INFO - Started process (PID=1331) to work on /home/airflow/.local/lib/python3.12/site-packages/airflow/example_dags/example_display_name.py
[2024-06-15T02:15:19.876+0000] {processor.py:830} INFO - Processing file /home/airflow/.local/lib/python3.12/site-packages/airflow/example_dags/example_display_name.py for tasks to queue
[2024-06-15T02:15:19.878+0000] {logging_mixin.py:188} INFO - [2024-06-15T02:15:19.877+0000] {dagbag.py:545} INFO - Filling up the DagBag from /home/airflow/.local/lib/python3.12/site-packages/airflow/example_dags/example_display_name.py
[2024-06-15T02:15:19.882+0000] {processor.py:840} INFO - DAG(s) 'example_display_name' retrieved from /home/airflow/.local/lib/python3.12/site-packages/airflow/example_dags/example_display_name.py
[2024-06-15T02:15:19.896+0000] {logging_mixin.py:188} INFO - [2024-06-15T02:15:19.896+0000] {dag.py:3096} INFO - Sync 1 DAGs
[2024-06-15T02:15:19.908+0000] {logging_mixin.py:188} INFO - [2024-06-15T02:15:19.908+0000] {dag.py:3954} INFO - Setting next_dagrun for example_display_name to None, run_after=None
[2024-06-15T02:15:19.923+0000] {processor.py:183} INFO - Processing /home/airflow/.local/lib/python3.12/site-packages/airflow/example_dags/example_display_name.py took 0.051 seconds
[2024-06-15T02:15:50.100+0000] {processor.py:161} INFO - Started process (PID=1388) to work on /home/airflow/.local/lib/python3.12/site-packages/airflow/example_dags/example_display_name.py
[2024-06-15T02:15:50.101+0000] {processor.py:830} INFO - Processing file /home/airflow/.local/lib/python3.12/site-packages/airflow/example_dags/example_display_name.py for tasks to queue
[2024-06-15T02:15:50.102+0000] {logging_mixin.py:188} INFO - [2024-06-15T02:15:50.102+0000] {dagbag.py:545} INFO - Filling up the DagBag from /home/airflow/.local/lib/python3.12/site-packages/airflow/example_dags/example_display_name.py
[2024-06-15T02:15:50.106+0000] {processor.py:840} INFO - DAG(s) 'example_display_name' retrieved from /home/airflow/.local/lib/python3.12/site-packages/airflow/example_dags/example_display_name.py
[2024-06-15T02:15:50.122+0000] {logging_mixin.py:188} INFO - [2024-06-15T02:15:50.122+0000] {dag.py:3096} INFO - Sync 1 DAGs
[2024-06-15T02:15:50.132+0000] {logging_mixin.py:188} INFO - [2024-06-15T02:15:50.132+0000] {dag.py:3954} INFO - Setting next_dagrun for example_display_name to None, run_after=None
[2024-06-15T02:15:50.146+0000] {processor.py:183} INFO - Processing /home/airflow/.local/lib/python3.12/site-packages/airflow/example_dags/example_display_name.py took 0.049 seconds
[2024-06-15T02:16:21.223+0000] {processor.py:161} INFO - Started process (PID=1453) to work on /home/airflow/.local/lib/python3.12/site-packages/airflow/example_dags/example_display_name.py
[2024-06-15T02:16:21.223+0000] {processor.py:830} INFO - Processing file /home/airflow/.local/lib/python3.12/site-packages/airflow/example_dags/example_display_name.py for tasks to queue
[2024-06-15T02:16:21.225+0000] {logging_mixin.py:188} INFO - [2024-06-15T02:16:21.225+0000] {dagbag.py:545} INFO - Filling up the DagBag from /home/airflow/.local/lib/python3.12/site-packages/airflow/example_dags/example_display_name.py
[2024-06-15T02:16:21.228+0000] {processor.py:840} INFO - DAG(s) 'example_display_name' retrieved from /home/airflow/.local/lib/python3.12/site-packages/airflow/example_dags/example_display_name.py
[2024-06-15T02:16:21.245+0000] {logging_mixin.py:188} INFO - [2024-06-15T02:16:21.245+0000] {dag.py:3096} INFO - Sync 1 DAGs
[2024-06-15T02:16:21.257+0000] {logging_mixin.py:188} INFO - [2024-06-15T02:16:21.257+0000] {dag.py:3954} INFO - Setting next_dagrun for example_display_name to None, run_after=None
[2024-06-15T02:16:21.379+0000] {processor.py:183} INFO - Processing /home/airflow/.local/lib/python3.12/site-packages/airflow/example_dags/example_display_name.py took 0.160 seconds
[2024-06-15T02:16:52.251+0000] {processor.py:161} INFO - Started process (PID=1511) to work on /home/airflow/.local/lib/python3.12/site-packages/airflow/example_dags/example_display_name.py
[2024-06-15T02:16:52.252+0000] {processor.py:830} INFO - Processing file /home/airflow/.local/lib/python3.12/site-packages/airflow/example_dags/example_display_name.py for tasks to queue
[2024-06-15T02:16:52.253+0000] {logging_mixin.py:188} INFO - [2024-06-15T02:16:52.253+0000] {dagbag.py:545} INFO - Filling up the DagBag from /home/airflow/.local/lib/python3.12/site-packages/airflow/example_dags/example_display_name.py
[2024-06-15T02:16:52.258+0000] {processor.py:840} INFO - DAG(s) 'example_display_name' retrieved from /home/airflow/.local/lib/python3.12/site-packages/airflow/example_dags/example_display_name.py
[2024-06-15T02:16:52.273+0000] {logging_mixin.py:188} INFO - [2024-06-15T02:16:52.273+0000] {dag.py:3096} INFO - Sync 1 DAGs
[2024-06-15T02:16:52.283+0000] {logging_mixin.py:188} INFO - [2024-06-15T02:16:52.283+0000] {dag.py:3954} INFO - Setting next_dagrun for example_display_name to None, run_after=None
[2024-06-15T02:16:52.299+0000] {processor.py:183} INFO - Processing /home/airflow/.local/lib/python3.12/site-packages/airflow/example_dags/example_display_name.py took 0.052 seconds
[2024-06-15T02:17:22.605+0000] {processor.py:161} INFO - Started process (PID=1569) to work on /home/airflow/.local/lib/python3.12/site-packages/airflow/example_dags/example_display_name.py
[2024-06-15T02:17:22.605+0000] {processor.py:830} INFO - Processing file /home/airflow/.local/lib/python3.12/site-packages/airflow/example_dags/example_display_name.py for tasks to queue
[2024-06-15T02:17:22.607+0000] {logging_mixin.py:188} INFO - [2024-06-15T02:17:22.607+0000] {dagbag.py:545} INFO - Filling up the DagBag from /home/airflow/.local/lib/python3.12/site-packages/airflow/example_dags/example_display_name.py
[2024-06-15T02:17:22.612+0000] {processor.py:840} INFO - DAG(s) 'example_display_name' retrieved from /home/airflow/.local/lib/python3.12/site-packages/airflow/example_dags/example_display_name.py
[2024-06-15T02:17:22.627+0000] {logging_mixin.py:188} INFO - [2024-06-15T02:17:22.627+0000] {dag.py:3096} INFO - Sync 1 DAGs
[2024-06-15T02:17:22.640+0000] {logging_mixin.py:188} INFO - [2024-06-15T02:17:22.639+0000] {dag.py:3954} INFO - Setting next_dagrun for example_display_name to None, run_after=None
[2024-06-15T02:17:22.655+0000] {processor.py:183} INFO - Processing /home/airflow/.local/lib/python3.12/site-packages/airflow/example_dags/example_display_name.py took 0.054 seconds
[2024-06-15T02:17:53.030+0000] {processor.py:161} INFO - Started process (PID=1627) to work on /home/airflow/.local/lib/python3.12/site-packages/airflow/example_dags/example_display_name.py
[2024-06-15T02:17:53.031+0000] {processor.py:830} INFO - Processing file /home/airflow/.local/lib/python3.12/site-packages/airflow/example_dags/example_display_name.py for tasks to queue
[2024-06-15T02:17:53.032+0000] {logging_mixin.py:188} INFO - [2024-06-15T02:17:53.032+0000] {dagbag.py:545} INFO - Filling up the DagBag from /home/airflow/.local/lib/python3.12/site-packages/airflow/example_dags/example_display_name.py
[2024-06-15T02:17:53.038+0000] {processor.py:840} INFO - DAG(s) 'example_display_name' retrieved from /home/airflow/.local/lib/python3.12/site-packages/airflow/example_dags/example_display_name.py
[2024-06-15T02:17:53.053+0000] {logging_mixin.py:188} INFO - [2024-06-15T02:17:53.052+0000] {dag.py:3096} INFO - Sync 1 DAGs
[2024-06-15T02:17:53.063+0000] {logging_mixin.py:188} INFO - [2024-06-15T02:17:53.063+0000] {dag.py:3954} INFO - Setting next_dagrun for example_display_name to None, run_after=None
[2024-06-15T02:17:53.077+0000] {processor.py:183} INFO - Processing /home/airflow/.local/lib/python3.12/site-packages/airflow/example_dags/example_display_name.py took 0.051 seconds
[2024-06-15T02:18:23.431+0000] {processor.py:161} INFO - Started process (PID=1685) to work on /home/airflow/.local/lib/python3.12/site-packages/airflow/example_dags/example_display_name.py
[2024-06-15T02:18:23.432+0000] {processor.py:830} INFO - Processing file /home/airflow/.local/lib/python3.12/site-packages/airflow/example_dags/example_display_name.py for tasks to queue
[2024-06-15T02:18:23.433+0000] {logging_mixin.py:188} INFO - [2024-06-15T02:18:23.433+0000] {dagbag.py:545} INFO - Filling up the DagBag from /home/airflow/.local/lib/python3.12/site-packages/airflow/example_dags/example_display_name.py
[2024-06-15T02:18:23.439+0000] {processor.py:840} INFO - DAG(s) 'example_display_name' retrieved from /home/airflow/.local/lib/python3.12/site-packages/airflow/example_dags/example_display_name.py
[2024-06-15T02:18:23.456+0000] {logging_mixin.py:188} INFO - [2024-06-15T02:18:23.456+0000] {dag.py:3096} INFO - Sync 1 DAGs
[2024-06-15T02:18:23.468+0000] {logging_mixin.py:188} INFO - [2024-06-15T02:18:23.468+0000] {dag.py:3954} INFO - Setting next_dagrun for example_display_name to None, run_after=None
[2024-06-15T02:18:23.486+0000] {processor.py:183} INFO - Processing /home/airflow/.local/lib/python3.12/site-packages/airflow/example_dags/example_display_name.py took 0.060 seconds
[2024-06-15T02:18:54.150+0000] {processor.py:161} INFO - Started process (PID=1743) to work on /home/airflow/.local/lib/python3.12/site-packages/airflow/example_dags/example_display_name.py
[2024-06-15T02:18:54.151+0000] {processor.py:830} INFO - Processing file /home/airflow/.local/lib/python3.12/site-packages/airflow/example_dags/example_display_name.py for tasks to queue
[2024-06-15T02:18:54.152+0000] {logging_mixin.py:188} INFO - [2024-06-15T02:18:54.152+0000] {dagbag.py:545} INFO - Filling up the DagBag from /home/airflow/.local/lib/python3.12/site-packages/airflow/example_dags/example_display_name.py
[2024-06-15T02:18:54.156+0000] {processor.py:840} INFO - DAG(s) 'example_display_name' retrieved from /home/airflow/.local/lib/python3.12/site-packages/airflow/example_dags/example_display_name.py
[2024-06-15T02:18:54.171+0000] {logging_mixin.py:188} INFO - [2024-06-15T02:18:54.171+0000] {dag.py:3096} INFO - Sync 1 DAGs
[2024-06-15T02:18:54.182+0000] {logging_mixin.py:188} INFO - [2024-06-15T02:18:54.182+0000] {dag.py:3954} INFO - Setting next_dagrun for example_display_name to None, run_after=None
[2024-06-15T02:18:54.197+0000] {processor.py:183} INFO - Processing /home/airflow/.local/lib/python3.12/site-packages/airflow/example_dags/example_display_name.py took 0.050 seconds
[2024-06-15T02:19:25.126+0000] {processor.py:161} INFO - Started process (PID=1801) to work on /home/airflow/.local/lib/python3.12/site-packages/airflow/example_dags/example_display_name.py
[2024-06-15T02:19:25.126+0000] {processor.py:830} INFO - Processing file /home/airflow/.local/lib/python3.12/site-packages/airflow/example_dags/example_display_name.py for tasks to queue
[2024-06-15T02:19:25.128+0000] {logging_mixin.py:188} INFO - [2024-06-15T02:19:25.127+0000] {dagbag.py:545} INFO - Filling up the DagBag from /home/airflow/.local/lib/python3.12/site-packages/airflow/example_dags/example_display_name.py
[2024-06-15T02:19:25.132+0000] {processor.py:840} INFO - DAG(s) 'example_display_name' retrieved from /home/airflow/.local/lib/python3.12/site-packages/airflow/example_dags/example_display_name.py
[2024-06-15T02:19:25.147+0000] {logging_mixin.py:188} INFO - [2024-06-15T02:19:25.147+0000] {dag.py:3096} INFO - Sync 1 DAGs
[2024-06-15T02:19:25.159+0000] {logging_mixin.py:188} INFO - [2024-06-15T02:19:25.159+0000] {dag.py:3954} INFO - Setting next_dagrun for example_display_name to None, run_after=None
[2024-06-15T02:19:25.174+0000] {processor.py:183} INFO - Processing /home/airflow/.local/lib/python3.12/site-packages/airflow/example_dags/example_display_name.py took 0.053 seconds
[2024-06-15T02:19:55.592+0000] {processor.py:161} INFO - Started process (PID=1859) to work on /home/airflow/.local/lib/python3.12/site-packages/airflow/example_dags/example_display_name.py
[2024-06-15T02:19:55.593+0000] {processor.py:830} INFO - Processing file /home/airflow/.local/lib/python3.12/site-packages/airflow/example_dags/example_display_name.py for tasks to queue
[2024-06-15T02:19:55.594+0000] {logging_mixin.py:188} INFO - [2024-06-15T02:19:55.594+0000] {dagbag.py:545} INFO - Filling up the DagBag from /home/airflow/.local/lib/python3.12/site-packages/airflow/example_dags/example_display_name.py
[2024-06-15T02:19:55.599+0000] {processor.py:840} INFO - DAG(s) 'example_display_name' retrieved from /home/airflow/.local/lib/python3.12/site-packages/airflow/example_dags/example_display_name.py
[2024-06-15T02:19:55.615+0000] {logging_mixin.py:188} INFO - [2024-06-15T02:19:55.614+0000] {dag.py:3096} INFO - Sync 1 DAGs
[2024-06-15T02:19:55.626+0000] {logging_mixin.py:188} INFO - [2024-06-15T02:19:55.626+0000] {dag.py:3954} INFO - Setting next_dagrun for example_display_name to None, run_after=None
[2024-06-15T02:19:55.752+0000] {processor.py:183} INFO - Processing /home/airflow/.local/lib/python3.12/site-packages/airflow/example_dags/example_display_name.py took 0.164 seconds
[2024-06-15T02:20:26.266+0000] {processor.py:161} INFO - Started process (PID=1917) to work on /home/airflow/.local/lib/python3.12/site-packages/airflow/example_dags/example_display_name.py
[2024-06-15T02:20:26.267+0000] {processor.py:830} INFO - Processing file /home/airflow/.local/lib/python3.12/site-packages/airflow/example_dags/example_display_name.py for tasks to queue
[2024-06-15T02:20:26.268+0000] {logging_mixin.py:188} INFO - [2024-06-15T02:20:26.268+0000] {dagbag.py:545} INFO - Filling up the DagBag from /home/airflow/.local/lib/python3.12/site-packages/airflow/example_dags/example_display_name.py
[2024-06-15T02:20:26.272+0000] {processor.py:840} INFO - DAG(s) 'example_display_name' retrieved from /home/airflow/.local/lib/python3.12/site-packages/airflow/example_dags/example_display_name.py
[2024-06-15T02:20:26.286+0000] {logging_mixin.py:188} INFO - [2024-06-15T02:20:26.285+0000] {dag.py:3096} INFO - Sync 1 DAGs
[2024-06-15T02:20:26.297+0000] {logging_mixin.py:188} INFO - [2024-06-15T02:20:26.297+0000] {dag.py:3954} INFO - Setting next_dagrun for example_display_name to None, run_after=None
[2024-06-15T02:20:26.427+0000] {processor.py:183} INFO - Processing /home/airflow/.local/lib/python3.12/site-packages/airflow/example_dags/example_display_name.py took 0.165 seconds
[2024-06-15T02:20:57.074+0000] {processor.py:161} INFO - Started process (PID=1975) to work on /home/airflow/.local/lib/python3.12/site-packages/airflow/example_dags/example_display_name.py
[2024-06-15T02:20:57.075+0000] {processor.py:830} INFO - Processing file /home/airflow/.local/lib/python3.12/site-packages/airflow/example_dags/example_display_name.py for tasks to queue
[2024-06-15T02:20:57.076+0000] {logging_mixin.py:188} INFO - [2024-06-15T02:20:57.076+0000] {dagbag.py:545} INFO - Filling up the DagBag from /home/airflow/.local/lib/python3.12/site-packages/airflow/example_dags/example_display_name.py
[2024-06-15T02:20:57.080+0000] {processor.py:840} INFO - DAG(s) 'example_display_name' retrieved from /home/airflow/.local/lib/python3.12/site-packages/airflow/example_dags/example_display_name.py
[2024-06-15T02:20:57.095+0000] {logging_mixin.py:188} INFO - [2024-06-15T02:20:57.095+0000] {dag.py:3096} INFO - Sync 1 DAGs
[2024-06-15T02:20:57.106+0000] {logging_mixin.py:188} INFO - [2024-06-15T02:20:57.106+0000] {dag.py:3954} INFO - Setting next_dagrun for example_display_name to None, run_after=None
[2024-06-15T02:20:57.121+0000] {processor.py:183} INFO - Processing /home/airflow/.local/lib/python3.12/site-packages/airflow/example_dags/example_display_name.py took 0.051 seconds
[2024-06-15T02:21:27.515+0000] {processor.py:161} INFO - Started process (PID=2033) to work on /home/airflow/.local/lib/python3.12/site-packages/airflow/example_dags/example_display_name.py
[2024-06-15T02:21:27.516+0000] {processor.py:830} INFO - Processing file /home/airflow/.local/lib/python3.12/site-packages/airflow/example_dags/example_display_name.py for tasks to queue
[2024-06-15T02:21:27.517+0000] {logging_mixin.py:188} INFO - [2024-06-15T02:21:27.517+0000] {dagbag.py:545} INFO - Filling up the DagBag from /home/airflow/.local/lib/python3.12/site-packages/airflow/example_dags/example_display_name.py
[2024-06-15T02:21:27.522+0000] {processor.py:840} INFO - DAG(s) 'example_display_name' retrieved from /home/airflow/.local/lib/python3.12/site-packages/airflow/example_dags/example_display_name.py
[2024-06-15T02:21:27.537+0000] {logging_mixin.py:188} INFO - [2024-06-15T02:21:27.537+0000] {dag.py:3096} INFO - Sync 1 DAGs
[2024-06-15T02:21:27.549+0000] {logging_mixin.py:188} INFO - [2024-06-15T02:21:27.549+0000] {dag.py:3954} INFO - Setting next_dagrun for example_display_name to None, run_after=None
[2024-06-15T02:21:27.565+0000] {processor.py:183} INFO - Processing /home/airflow/.local/lib/python3.12/site-packages/airflow/example_dags/example_display_name.py took 0.054 seconds
[2024-06-15T02:21:57.804+0000] {processor.py:161} INFO - Started process (PID=2091) to work on /home/airflow/.local/lib/python3.12/site-packages/airflow/example_dags/example_display_name.py
[2024-06-15T02:21:57.804+0000] {processor.py:830} INFO - Processing file /home/airflow/.local/lib/python3.12/site-packages/airflow/example_dags/example_display_name.py for tasks to queue
[2024-06-15T02:21:57.806+0000] {logging_mixin.py:188} INFO - [2024-06-15T02:21:57.806+0000] {dagbag.py:545} INFO - Filling up the DagBag from /home/airflow/.local/lib/python3.12/site-packages/airflow/example_dags/example_display_name.py
[2024-06-15T02:21:57.810+0000] {processor.py:840} INFO - DAG(s) 'example_display_name' retrieved from /home/airflow/.local/lib/python3.12/site-packages/airflow/example_dags/example_display_name.py
[2024-06-15T02:21:57.825+0000] {logging_mixin.py:188} INFO - [2024-06-15T02:21:57.825+0000] {dag.py:3096} INFO - Sync 1 DAGs
[2024-06-15T02:21:57.836+0000] {logging_mixin.py:188} INFO - [2024-06-15T02:21:57.836+0000] {dag.py:3954} INFO - Setting next_dagrun for example_display_name to None, run_after=None
[2024-06-15T02:21:57.850+0000] {processor.py:183} INFO - Processing /home/airflow/.local/lib/python3.12/site-packages/airflow/example_dags/example_display_name.py took 0.050 seconds
[2024-06-15T02:22:28.396+0000] {processor.py:161} INFO - Started process (PID=2149) to work on /home/airflow/.local/lib/python3.12/site-packages/airflow/example_dags/example_display_name.py
[2024-06-15T02:22:28.397+0000] {processor.py:830} INFO - Processing file /home/airflow/.local/lib/python3.12/site-packages/airflow/example_dags/example_display_name.py for tasks to queue
[2024-06-15T02:22:28.398+0000] {logging_mixin.py:188} INFO - [2024-06-15T02:22:28.398+0000] {dagbag.py:545} INFO - Filling up the DagBag from /home/airflow/.local/lib/python3.12/site-packages/airflow/example_dags/example_display_name.py
[2024-06-15T02:22:28.403+0000] {processor.py:840} INFO - DAG(s) 'example_display_name' retrieved from /home/airflow/.local/lib/python3.12/site-packages/airflow/example_dags/example_display_name.py
[2024-06-15T02:22:28.418+0000] {logging_mixin.py:188} INFO - [2024-06-15T02:22:28.418+0000] {dag.py:3096} INFO - Sync 1 DAGs
[2024-06-15T02:22:28.429+0000] {logging_mixin.py:188} INFO - [2024-06-15T02:22:28.429+0000] {dag.py:3954} INFO - Setting next_dagrun for example_display_name to None, run_after=None
[2024-06-15T02:22:28.445+0000] {processor.py:183} INFO - Processing /home/airflow/.local/lib/python3.12/site-packages/airflow/example_dags/example_display_name.py took 0.053 seconds
[2024-06-15T02:22:58.628+0000] {processor.py:161} INFO - Started process (PID=2207) to work on /home/airflow/.local/lib/python3.12/site-packages/airflow/example_dags/example_display_name.py
[2024-06-15T02:22:58.628+0000] {processor.py:830} INFO - Processing file /home/airflow/.local/lib/python3.12/site-packages/airflow/example_dags/example_display_name.py for tasks to queue
[2024-06-15T02:22:58.630+0000] {logging_mixin.py:188} INFO - [2024-06-15T02:22:58.630+0000] {dagbag.py:545} INFO - Filling up the DagBag from /home/airflow/.local/lib/python3.12/site-packages/airflow/example_dags/example_display_name.py
[2024-06-15T02:22:58.634+0000] {processor.py:840} INFO - DAG(s) 'example_display_name' retrieved from /home/airflow/.local/lib/python3.12/site-packages/airflow/example_dags/example_display_name.py
[2024-06-15T02:22:58.649+0000] {logging_mixin.py:188} INFO - [2024-06-15T02:22:58.648+0000] {dag.py:3096} INFO - Sync 1 DAGs
[2024-06-15T02:22:58.659+0000] {logging_mixin.py:188} INFO - [2024-06-15T02:22:58.659+0000] {dag.py:3954} INFO - Setting next_dagrun for example_display_name to None, run_after=None
[2024-06-15T02:22:58.673+0000] {processor.py:183} INFO - Processing /home/airflow/.local/lib/python3.12/site-packages/airflow/example_dags/example_display_name.py took 0.049 seconds
[2024-06-15T02:23:28.885+0000] {processor.py:161} INFO - Started process (PID=2265) to work on /home/airflow/.local/lib/python3.12/site-packages/airflow/example_dags/example_display_name.py
[2024-06-15T02:23:28.886+0000] {processor.py:830} INFO - Processing file /home/airflow/.local/lib/python3.12/site-packages/airflow/example_dags/example_display_name.py for tasks to queue
[2024-06-15T02:23:28.887+0000] {logging_mixin.py:188} INFO - [2024-06-15T02:23:28.887+0000] {dagbag.py:545} INFO - Filling up the DagBag from /home/airflow/.local/lib/python3.12/site-packages/airflow/example_dags/example_display_name.py
[2024-06-15T02:23:28.892+0000] {processor.py:840} INFO - DAG(s) 'example_display_name' retrieved from /home/airflow/.local/lib/python3.12/site-packages/airflow/example_dags/example_display_name.py
[2024-06-15T02:23:28.906+0000] {logging_mixin.py:188} INFO - [2024-06-15T02:23:28.906+0000] {dag.py:3096} INFO - Sync 1 DAGs
[2024-06-15T02:23:28.917+0000] {logging_mixin.py:188} INFO - [2024-06-15T02:23:28.917+0000] {dag.py:3954} INFO - Setting next_dagrun for example_display_name to None, run_after=None
[2024-06-15T02:23:28.931+0000] {processor.py:183} INFO - Processing /home/airflow/.local/lib/python3.12/site-packages/airflow/example_dags/example_display_name.py took 0.050 seconds
[2024-06-15T02:23:59.101+0000] {processor.py:161} INFO - Started process (PID=2323) to work on /home/airflow/.local/lib/python3.12/site-packages/airflow/example_dags/example_display_name.py
[2024-06-15T02:23:59.102+0000] {processor.py:830} INFO - Processing file /home/airflow/.local/lib/python3.12/site-packages/airflow/example_dags/example_display_name.py for tasks to queue
[2024-06-15T02:23:59.103+0000] {logging_mixin.py:188} INFO - [2024-06-15T02:23:59.103+0000] {dagbag.py:545} INFO - Filling up the DagBag from /home/airflow/.local/lib/python3.12/site-packages/airflow/example_dags/example_display_name.py
[2024-06-15T02:23:59.108+0000] {processor.py:840} INFO - DAG(s) 'example_display_name' retrieved from /home/airflow/.local/lib/python3.12/site-packages/airflow/example_dags/example_display_name.py
[2024-06-15T02:23:59.122+0000] {logging_mixin.py:188} INFO - [2024-06-15T02:23:59.122+0000] {dag.py:3096} INFO - Sync 1 DAGs
[2024-06-15T02:23:59.133+0000] {logging_mixin.py:188} INFO - [2024-06-15T02:23:59.133+0000] {dag.py:3954} INFO - Setting next_dagrun for example_display_name to None, run_after=None
[2024-06-15T02:23:59.149+0000] {processor.py:183} INFO - Processing /home/airflow/.local/lib/python3.12/site-packages/airflow/example_dags/example_display_name.py took 0.052 seconds
