[2024-06-15T02:04:08.068+0000] {processor.py:161} INFO - Started process (PID=51) to work on /home/airflow/.local/lib/python3.12/site-packages/airflow/example_dags/example_branch_operator_decorator.py
[2024-06-15T02:04:08.069+0000] {processor.py:830} INFO - Processing file /home/airflow/.local/lib/python3.12/site-packages/airflow/example_dags/example_branch_operator_decorator.py for tasks to queue
[2024-06-15T02:04:08.070+0000] {logging_mixin.py:188} INFO - [2024-06-15T02:04:08.070+0000] {dagbag.py:545} INFO - Filling up the DagBag from /home/airflow/.local/lib/python3.12/site-packages/airflow/example_dags/example_branch_operator_decorator.py
[2024-06-15T02:04:08.090+0000] {processor.py:840} INFO - DAG(s) 'example_branch_python_operator_decorator' retrieved from /home/airflow/.local/lib/python3.12/site-packages/airflow/example_dags/example_branch_operator_decorator.py
[2024-06-15T02:04:08.100+0000] {logging_mixin.py:188} INFO - [2024-06-15T02:04:08.100+0000] {dag.py:3096} INFO - Sync 1 DAGs
[2024-06-15T02:04:08.125+0000] {logging_mixin.py:188} INFO - [2024-06-15T02:04:08.125+0000] {dag.py:3954} INFO - Setting next_dagrun for example_branch_python_operator_decorator to 2024-06-14 00:00:00+00:00, run_after=2024-06-15 00:00:00+00:00
[2024-06-15T02:04:08.141+0000] {processor.py:183} INFO - Processing /home/airflow/.local/lib/python3.12/site-packages/airflow/example_dags/example_branch_operator_decorator.py took 0.077 seconds
[2024-06-15T02:04:38.717+0000] {processor.py:161} INFO - Started process (PID=109) to work on /home/airflow/.local/lib/python3.12/site-packages/airflow/example_dags/example_branch_operator_decorator.py
[2024-06-15T02:04:38.717+0000] {processor.py:830} INFO - Processing file /home/airflow/.local/lib/python3.12/site-packages/airflow/example_dags/example_branch_operator_decorator.py for tasks to queue
[2024-06-15T02:04:38.719+0000] {logging_mixin.py:188} INFO - [2024-06-15T02:04:38.718+0000] {dagbag.py:545} INFO - Filling up the DagBag from /home/airflow/.local/lib/python3.12/site-packages/airflow/example_dags/example_branch_operator_decorator.py
[2024-06-15T02:04:38.738+0000] {processor.py:840} INFO - DAG(s) 'example_branch_python_operator_decorator' retrieved from /home/airflow/.local/lib/python3.12/site-packages/airflow/example_dags/example_branch_operator_decorator.py
[2024-06-15T02:04:38.847+0000] {logging_mixin.py:188} INFO - [2024-06-15T02:04:38.847+0000] {dag.py:3096} INFO - Sync 1 DAGs
[2024-06-15T02:04:38.870+0000] {logging_mixin.py:188} INFO - [2024-06-15T02:04:38.870+0000] {dag.py:3954} INFO - Setting next_dagrun for example_branch_python_operator_decorator to 2024-06-14 00:00:00+00:00, run_after=2024-06-15 00:00:00+00:00
[2024-06-15T02:04:38.892+0000] {processor.py:183} INFO - Processing /home/airflow/.local/lib/python3.12/site-packages/airflow/example_dags/example_branch_operator_decorator.py took 0.180 seconds
[2024-06-15T02:05:09.457+0000] {processor.py:161} INFO - Started process (PID=167) to work on /home/airflow/.local/lib/python3.12/site-packages/airflow/example_dags/example_branch_operator_decorator.py
[2024-06-15T02:05:09.458+0000] {processor.py:830} INFO - Processing file /home/airflow/.local/lib/python3.12/site-packages/airflow/example_dags/example_branch_operator_decorator.py for tasks to queue
[2024-06-15T02:05:09.459+0000] {logging_mixin.py:188} INFO - [2024-06-15T02:05:09.459+0000] {dagbag.py:545} INFO - Filling up the DagBag from /home/airflow/.local/lib/python3.12/site-packages/airflow/example_dags/example_branch_operator_decorator.py
[2024-06-15T02:05:09.477+0000] {processor.py:840} INFO - DAG(s) 'example_branch_python_operator_decorator' retrieved from /home/airflow/.local/lib/python3.12/site-packages/airflow/example_dags/example_branch_operator_decorator.py
[2024-06-15T02:05:09.501+0000] {logging_mixin.py:188} INFO - [2024-06-15T02:05:09.501+0000] {dag.py:3096} INFO - Sync 1 DAGs
[2024-06-15T02:05:09.522+0000] {logging_mixin.py:188} INFO - [2024-06-15T02:05:09.522+0000] {dag.py:3954} INFO - Setting next_dagrun for example_branch_python_operator_decorator to 2024-06-14 00:00:00+00:00, run_after=2024-06-15 00:00:00+00:00
[2024-06-15T02:05:09.538+0000] {processor.py:183} INFO - Processing /home/airflow/.local/lib/python3.12/site-packages/airflow/example_dags/example_branch_operator_decorator.py took 0.085 seconds
[2024-06-15T02:05:39.830+0000] {processor.py:161} INFO - Started process (PID=225) to work on /home/airflow/.local/lib/python3.12/site-packages/airflow/example_dags/example_branch_operator_decorator.py
[2024-06-15T02:05:39.831+0000] {processor.py:830} INFO - Processing file /home/airflow/.local/lib/python3.12/site-packages/airflow/example_dags/example_branch_operator_decorator.py for tasks to queue
[2024-06-15T02:05:39.832+0000] {logging_mixin.py:188} INFO - [2024-06-15T02:05:39.832+0000] {dagbag.py:545} INFO - Filling up the DagBag from /home/airflow/.local/lib/python3.12/site-packages/airflow/example_dags/example_branch_operator_decorator.py
[2024-06-15T02:05:39.850+0000] {processor.py:840} INFO - DAG(s) 'example_branch_python_operator_decorator' retrieved from /home/airflow/.local/lib/python3.12/site-packages/airflow/example_dags/example_branch_operator_decorator.py
[2024-06-15T02:05:39.877+0000] {logging_mixin.py:188} INFO - [2024-06-15T02:05:39.877+0000] {dag.py:3096} INFO - Sync 1 DAGs
[2024-06-15T02:05:39.897+0000] {logging_mixin.py:188} INFO - [2024-06-15T02:05:39.897+0000] {dag.py:3954} INFO - Setting next_dagrun for example_branch_python_operator_decorator to 2024-06-14 00:00:00+00:00, run_after=2024-06-15 00:00:00+00:00
[2024-06-15T02:05:39.914+0000] {processor.py:183} INFO - Processing /home/airflow/.local/lib/python3.12/site-packages/airflow/example_dags/example_branch_operator_decorator.py took 0.088 seconds
[2024-06-15T02:06:10.183+0000] {processor.py:161} INFO - Started process (PID=283) to work on /home/airflow/.local/lib/python3.12/site-packages/airflow/example_dags/example_branch_operator_decorator.py
[2024-06-15T02:06:10.183+0000] {processor.py:830} INFO - Processing file /home/airflow/.local/lib/python3.12/site-packages/airflow/example_dags/example_branch_operator_decorator.py for tasks to queue
[2024-06-15T02:06:10.185+0000] {logging_mixin.py:188} INFO - [2024-06-15T02:06:10.185+0000] {dagbag.py:545} INFO - Filling up the DagBag from /home/airflow/.local/lib/python3.12/site-packages/airflow/example_dags/example_branch_operator_decorator.py
[2024-06-15T02:06:10.201+0000] {processor.py:840} INFO - DAG(s) 'example_branch_python_operator_decorator' retrieved from /home/airflow/.local/lib/python3.12/site-packages/airflow/example_dags/example_branch_operator_decorator.py
[2024-06-15T02:06:10.225+0000] {logging_mixin.py:188} INFO - [2024-06-15T02:06:10.225+0000] {dag.py:3096} INFO - Sync 1 DAGs
[2024-06-15T02:06:10.243+0000] {logging_mixin.py:188} INFO - [2024-06-15T02:06:10.243+0000] {dag.py:3954} INFO - Setting next_dagrun for example_branch_python_operator_decorator to 2024-06-14 00:00:00+00:00, run_after=2024-06-15 00:00:00+00:00
[2024-06-15T02:06:10.258+0000] {processor.py:183} INFO - Processing /home/airflow/.local/lib/python3.12/site-packages/airflow/example_dags/example_branch_operator_decorator.py took 0.079 seconds
[2024-06-15T02:06:41.026+0000] {processor.py:161} INFO - Started process (PID=341) to work on /home/airflow/.local/lib/python3.12/site-packages/airflow/example_dags/example_branch_operator_decorator.py
[2024-06-15T02:06:41.027+0000] {processor.py:830} INFO - Processing file /home/airflow/.local/lib/python3.12/site-packages/airflow/example_dags/example_branch_operator_decorator.py for tasks to queue
[2024-06-15T02:06:41.028+0000] {logging_mixin.py:188} INFO - [2024-06-15T02:06:41.028+0000] {dagbag.py:545} INFO - Filling up the DagBag from /home/airflow/.local/lib/python3.12/site-packages/airflow/example_dags/example_branch_operator_decorator.py
[2024-06-15T02:06:41.049+0000] {processor.py:840} INFO - DAG(s) 'example_branch_python_operator_decorator' retrieved from /home/airflow/.local/lib/python3.12/site-packages/airflow/example_dags/example_branch_operator_decorator.py
[2024-06-15T02:06:41.078+0000] {logging_mixin.py:188} INFO - [2024-06-15T02:06:41.077+0000] {dag.py:3096} INFO - Sync 1 DAGs
[2024-06-15T02:06:41.107+0000] {logging_mixin.py:188} INFO - [2024-06-15T02:06:41.107+0000] {dag.py:3954} INFO - Setting next_dagrun for example_branch_python_operator_decorator to 2024-06-14 00:00:00+00:00, run_after=2024-06-15 00:00:00+00:00
[2024-06-15T02:06:41.125+0000] {processor.py:183} INFO - Processing /home/airflow/.local/lib/python3.12/site-packages/airflow/example_dags/example_branch_operator_decorator.py took 0.103 seconds
[2024-06-15T02:07:11.989+0000] {processor.py:161} INFO - Started process (PID=399) to work on /home/airflow/.local/lib/python3.12/site-packages/airflow/example_dags/example_branch_operator_decorator.py
[2024-06-15T02:07:11.990+0000] {processor.py:830} INFO - Processing file /home/airflow/.local/lib/python3.12/site-packages/airflow/example_dags/example_branch_operator_decorator.py for tasks to queue
[2024-06-15T02:07:11.991+0000] {logging_mixin.py:188} INFO - [2024-06-15T02:07:11.991+0000] {dagbag.py:545} INFO - Filling up the DagBag from /home/airflow/.local/lib/python3.12/site-packages/airflow/example_dags/example_branch_operator_decorator.py
[2024-06-15T02:07:12.010+0000] {processor.py:840} INFO - DAG(s) 'example_branch_python_operator_decorator' retrieved from /home/airflow/.local/lib/python3.12/site-packages/airflow/example_dags/example_branch_operator_decorator.py
[2024-06-15T02:07:12.045+0000] {logging_mixin.py:188} INFO - [2024-06-15T02:07:12.045+0000] {dag.py:3096} INFO - Sync 1 DAGs
[2024-06-15T02:07:12.076+0000] {logging_mixin.py:188} INFO - [2024-06-15T02:07:12.076+0000] {dag.py:3954} INFO - Setting next_dagrun for example_branch_python_operator_decorator to 2024-06-14 00:00:00+00:00, run_after=2024-06-15 00:00:00+00:00
[2024-06-15T02:07:12.095+0000] {processor.py:183} INFO - Processing /home/airflow/.local/lib/python3.12/site-packages/airflow/example_dags/example_branch_operator_decorator.py took 0.110 seconds
[2024-06-15T02:07:43.042+0000] {processor.py:161} INFO - Started process (PID=457) to work on /home/airflow/.local/lib/python3.12/site-packages/airflow/example_dags/example_branch_operator_decorator.py
[2024-06-15T02:07:43.043+0000] {processor.py:830} INFO - Processing file /home/airflow/.local/lib/python3.12/site-packages/airflow/example_dags/example_branch_operator_decorator.py for tasks to queue
[2024-06-15T02:07:43.044+0000] {logging_mixin.py:188} INFO - [2024-06-15T02:07:43.044+0000] {dagbag.py:545} INFO - Filling up the DagBag from /home/airflow/.local/lib/python3.12/site-packages/airflow/example_dags/example_branch_operator_decorator.py
[2024-06-15T02:07:43.064+0000] {processor.py:840} INFO - DAG(s) 'example_branch_python_operator_decorator' retrieved from /home/airflow/.local/lib/python3.12/site-packages/airflow/example_dags/example_branch_operator_decorator.py
[2024-06-15T02:07:43.089+0000] {logging_mixin.py:188} INFO - [2024-06-15T02:07:43.088+0000] {dag.py:3096} INFO - Sync 1 DAGs
[2024-06-15T02:07:43.107+0000] {logging_mixin.py:188} INFO - [2024-06-15T02:07:43.107+0000] {dag.py:3954} INFO - Setting next_dagrun for example_branch_python_operator_decorator to 2024-06-14 00:00:00+00:00, run_after=2024-06-15 00:00:00+00:00
[2024-06-15T02:07:43.123+0000] {processor.py:183} INFO - Processing /home/airflow/.local/lib/python3.12/site-packages/airflow/example_dags/example_branch_operator_decorator.py took 0.085 seconds
[2024-06-15T02:08:13.282+0000] {processor.py:161} INFO - Started process (PID=515) to work on /home/airflow/.local/lib/python3.12/site-packages/airflow/example_dags/example_branch_operator_decorator.py
[2024-06-15T02:08:13.282+0000] {processor.py:830} INFO - Processing file /home/airflow/.local/lib/python3.12/site-packages/airflow/example_dags/example_branch_operator_decorator.py for tasks to queue
[2024-06-15T02:08:13.283+0000] {logging_mixin.py:188} INFO - [2024-06-15T02:08:13.283+0000] {dagbag.py:545} INFO - Filling up the DagBag from /home/airflow/.local/lib/python3.12/site-packages/airflow/example_dags/example_branch_operator_decorator.py
[2024-06-15T02:08:13.301+0000] {processor.py:840} INFO - DAG(s) 'example_branch_python_operator_decorator' retrieved from /home/airflow/.local/lib/python3.12/site-packages/airflow/example_dags/example_branch_operator_decorator.py
[2024-06-15T02:08:13.328+0000] {logging_mixin.py:188} INFO - [2024-06-15T02:08:13.328+0000] {dag.py:3096} INFO - Sync 1 DAGs
[2024-06-15T02:08:13.347+0000] {logging_mixin.py:188} INFO - [2024-06-15T02:08:13.347+0000] {dag.py:3954} INFO - Setting next_dagrun for example_branch_python_operator_decorator to 2024-06-14 00:00:00+00:00, run_after=2024-06-15 00:00:00+00:00
[2024-06-15T02:08:13.363+0000] {processor.py:183} INFO - Processing /home/airflow/.local/lib/python3.12/site-packages/airflow/example_dags/example_branch_operator_decorator.py took 0.085 seconds
[2024-06-15T02:08:43.842+0000] {processor.py:161} INFO - Started process (PID=573) to work on /home/airflow/.local/lib/python3.12/site-packages/airflow/example_dags/example_branch_operator_decorator.py
[2024-06-15T02:08:43.842+0000] {processor.py:830} INFO - Processing file /home/airflow/.local/lib/python3.12/site-packages/airflow/example_dags/example_branch_operator_decorator.py for tasks to queue
[2024-06-15T02:08:43.844+0000] {logging_mixin.py:188} INFO - [2024-06-15T02:08:43.843+0000] {dagbag.py:545} INFO - Filling up the DagBag from /home/airflow/.local/lib/python3.12/site-packages/airflow/example_dags/example_branch_operator_decorator.py
[2024-06-15T02:08:43.860+0000] {processor.py:840} INFO - DAG(s) 'example_branch_python_operator_decorator' retrieved from /home/airflow/.local/lib/python3.12/site-packages/airflow/example_dags/example_branch_operator_decorator.py
[2024-06-15T02:08:43.884+0000] {logging_mixin.py:188} INFO - [2024-06-15T02:08:43.884+0000] {dag.py:3096} INFO - Sync 1 DAGs
[2024-06-15T02:08:43.902+0000] {logging_mixin.py:188} INFO - [2024-06-15T02:08:43.902+0000] {dag.py:3954} INFO - Setting next_dagrun for example_branch_python_operator_decorator to 2024-06-14 00:00:00+00:00, run_after=2024-06-15 00:00:00+00:00
[2024-06-15T02:08:43.938+0000] {processor.py:183} INFO - Processing /home/airflow/.local/lib/python3.12/site-packages/airflow/example_dags/example_branch_operator_decorator.py took 0.100 seconds
[2024-06-15T02:09:14.286+0000] {processor.py:161} INFO - Started process (PID=631) to work on /home/airflow/.local/lib/python3.12/site-packages/airflow/example_dags/example_branch_operator_decorator.py
[2024-06-15T02:09:14.287+0000] {processor.py:830} INFO - Processing file /home/airflow/.local/lib/python3.12/site-packages/airflow/example_dags/example_branch_operator_decorator.py for tasks to queue
[2024-06-15T02:09:14.289+0000] {logging_mixin.py:188} INFO - [2024-06-15T02:09:14.288+0000] {dagbag.py:545} INFO - Filling up the DagBag from /home/airflow/.local/lib/python3.12/site-packages/airflow/example_dags/example_branch_operator_decorator.py
[2024-06-15T02:09:14.308+0000] {processor.py:840} INFO - DAG(s) 'example_branch_python_operator_decorator' retrieved from /home/airflow/.local/lib/python3.12/site-packages/airflow/example_dags/example_branch_operator_decorator.py
[2024-06-15T02:09:14.336+0000] {logging_mixin.py:188} INFO - [2024-06-15T02:09:14.335+0000] {dag.py:3096} INFO - Sync 1 DAGs
[2024-06-15T02:09:14.357+0000] {logging_mixin.py:188} INFO - [2024-06-15T02:09:14.357+0000] {dag.py:3954} INFO - Setting next_dagrun for example_branch_python_operator_decorator to 2024-06-14 00:00:00+00:00, run_after=2024-06-15 00:00:00+00:00
[2024-06-15T02:09:14.375+0000] {processor.py:183} INFO - Processing /home/airflow/.local/lib/python3.12/site-packages/airflow/example_dags/example_branch_operator_decorator.py took 0.093 seconds
[2024-06-15T02:09:44.506+0000] {processor.py:161} INFO - Started process (PID=689) to work on /home/airflow/.local/lib/python3.12/site-packages/airflow/example_dags/example_branch_operator_decorator.py
[2024-06-15T02:09:44.507+0000] {processor.py:830} INFO - Processing file /home/airflow/.local/lib/python3.12/site-packages/airflow/example_dags/example_branch_operator_decorator.py for tasks to queue
[2024-06-15T02:09:44.509+0000] {logging_mixin.py:188} INFO - [2024-06-15T02:09:44.508+0000] {dagbag.py:545} INFO - Filling up the DagBag from /home/airflow/.local/lib/python3.12/site-packages/airflow/example_dags/example_branch_operator_decorator.py
[2024-06-15T02:09:44.530+0000] {processor.py:840} INFO - DAG(s) 'example_branch_python_operator_decorator' retrieved from /home/airflow/.local/lib/python3.12/site-packages/airflow/example_dags/example_branch_operator_decorator.py
[2024-06-15T02:09:44.554+0000] {logging_mixin.py:188} INFO - [2024-06-15T02:09:44.554+0000] {dag.py:3096} INFO - Sync 1 DAGs
[2024-06-15T02:09:44.573+0000] {logging_mixin.py:188} INFO - [2024-06-15T02:09:44.573+0000] {dag.py:3954} INFO - Setting next_dagrun for example_branch_python_operator_decorator to 2024-06-14 00:00:00+00:00, run_after=2024-06-15 00:00:00+00:00
[2024-06-15T02:09:44.589+0000] {processor.py:183} INFO - Processing /home/airflow/.local/lib/python3.12/site-packages/airflow/example_dags/example_branch_operator_decorator.py took 0.087 seconds
[2024-06-15T02:10:15.483+0000] {processor.py:161} INFO - Started process (PID=747) to work on /home/airflow/.local/lib/python3.12/site-packages/airflow/example_dags/example_branch_operator_decorator.py
[2024-06-15T02:10:15.483+0000] {processor.py:830} INFO - Processing file /home/airflow/.local/lib/python3.12/site-packages/airflow/example_dags/example_branch_operator_decorator.py for tasks to queue
[2024-06-15T02:10:15.485+0000] {logging_mixin.py:188} INFO - [2024-06-15T02:10:15.485+0000] {dagbag.py:545} INFO - Filling up the DagBag from /home/airflow/.local/lib/python3.12/site-packages/airflow/example_dags/example_branch_operator_decorator.py
[2024-06-15T02:10:15.504+0000] {processor.py:840} INFO - DAG(s) 'example_branch_python_operator_decorator' retrieved from /home/airflow/.local/lib/python3.12/site-packages/airflow/example_dags/example_branch_operator_decorator.py
[2024-06-15T02:10:15.534+0000] {logging_mixin.py:188} INFO - [2024-06-15T02:10:15.533+0000] {dag.py:3096} INFO - Sync 1 DAGs
[2024-06-15T02:10:15.556+0000] {logging_mixin.py:188} INFO - [2024-06-15T02:10:15.556+0000] {dag.py:3954} INFO - Setting next_dagrun for example_branch_python_operator_decorator to 2024-06-14 00:00:00+00:00, run_after=2024-06-15 00:00:00+00:00
[2024-06-15T02:10:15.572+0000] {processor.py:183} INFO - Processing /home/airflow/.local/lib/python3.12/site-packages/airflow/example_dags/example_branch_operator_decorator.py took 0.095 seconds
[2024-06-15T02:10:45.972+0000] {processor.py:161} INFO - Started process (PID=805) to work on /home/airflow/.local/lib/python3.12/site-packages/airflow/example_dags/example_branch_operator_decorator.py
[2024-06-15T02:10:45.973+0000] {processor.py:830} INFO - Processing file /home/airflow/.local/lib/python3.12/site-packages/airflow/example_dags/example_branch_operator_decorator.py for tasks to queue
[2024-06-15T02:10:45.974+0000] {logging_mixin.py:188} INFO - [2024-06-15T02:10:45.974+0000] {dagbag.py:545} INFO - Filling up the DagBag from /home/airflow/.local/lib/python3.12/site-packages/airflow/example_dags/example_branch_operator_decorator.py
[2024-06-15T02:10:45.992+0000] {processor.py:840} INFO - DAG(s) 'example_branch_python_operator_decorator' retrieved from /home/airflow/.local/lib/python3.12/site-packages/airflow/example_dags/example_branch_operator_decorator.py
[2024-06-15T02:10:46.025+0000] {logging_mixin.py:188} INFO - [2024-06-15T02:10:46.024+0000] {dag.py:3096} INFO - Sync 1 DAGs
[2024-06-15T02:10:46.048+0000] {logging_mixin.py:188} INFO - [2024-06-15T02:10:46.048+0000] {dag.py:3954} INFO - Setting next_dagrun for example_branch_python_operator_decorator to 2024-06-14 00:00:00+00:00, run_after=2024-06-15 00:00:00+00:00
[2024-06-15T02:10:46.066+0000] {processor.py:183} INFO - Processing /home/airflow/.local/lib/python3.12/site-packages/airflow/example_dags/example_branch_operator_decorator.py took 0.098 seconds
[2024-06-15T02:11:16.593+0000] {processor.py:161} INFO - Started process (PID=863) to work on /home/airflow/.local/lib/python3.12/site-packages/airflow/example_dags/example_branch_operator_decorator.py
[2024-06-15T02:11:16.593+0000] {processor.py:830} INFO - Processing file /home/airflow/.local/lib/python3.12/site-packages/airflow/example_dags/example_branch_operator_decorator.py for tasks to queue
[2024-06-15T02:11:16.595+0000] {logging_mixin.py:188} INFO - [2024-06-15T02:11:16.595+0000] {dagbag.py:545} INFO - Filling up the DagBag from /home/airflow/.local/lib/python3.12/site-packages/airflow/example_dags/example_branch_operator_decorator.py
[2024-06-15T02:11:16.613+0000] {processor.py:840} INFO - DAG(s) 'example_branch_python_operator_decorator' retrieved from /home/airflow/.local/lib/python3.12/site-packages/airflow/example_dags/example_branch_operator_decorator.py
[2024-06-15T02:11:16.638+0000] {logging_mixin.py:188} INFO - [2024-06-15T02:11:16.638+0000] {dag.py:3096} INFO - Sync 1 DAGs
[2024-06-15T02:11:16.658+0000] {logging_mixin.py:188} INFO - [2024-06-15T02:11:16.658+0000] {dag.py:3954} INFO - Setting next_dagrun for example_branch_python_operator_decorator to 2024-06-14 00:00:00+00:00, run_after=2024-06-15 00:00:00+00:00
[2024-06-15T02:11:16.673+0000] {processor.py:183} INFO - Processing /home/airflow/.local/lib/python3.12/site-packages/airflow/example_dags/example_branch_operator_decorator.py took 0.085 seconds
[2024-06-15T02:11:47.138+0000] {processor.py:161} INFO - Started process (PID=921) to work on /home/airflow/.local/lib/python3.12/site-packages/airflow/example_dags/example_branch_operator_decorator.py
[2024-06-15T02:11:47.138+0000] {processor.py:830} INFO - Processing file /home/airflow/.local/lib/python3.12/site-packages/airflow/example_dags/example_branch_operator_decorator.py for tasks to queue
[2024-06-15T02:11:47.140+0000] {logging_mixin.py:188} INFO - [2024-06-15T02:11:47.139+0000] {dagbag.py:545} INFO - Filling up the DagBag from /home/airflow/.local/lib/python3.12/site-packages/airflow/example_dags/example_branch_operator_decorator.py
[2024-06-15T02:11:47.157+0000] {processor.py:840} INFO - DAG(s) 'example_branch_python_operator_decorator' retrieved from /home/airflow/.local/lib/python3.12/site-packages/airflow/example_dags/example_branch_operator_decorator.py
[2024-06-15T02:11:47.183+0000] {logging_mixin.py:188} INFO - [2024-06-15T02:11:47.183+0000] {dag.py:3096} INFO - Sync 1 DAGs
[2024-06-15T02:11:47.203+0000] {logging_mixin.py:188} INFO - [2024-06-15T02:11:47.202+0000] {dag.py:3954} INFO - Setting next_dagrun for example_branch_python_operator_decorator to 2024-06-14 00:00:00+00:00, run_after=2024-06-15 00:00:00+00:00
[2024-06-15T02:11:47.217+0000] {processor.py:183} INFO - Processing /home/airflow/.local/lib/python3.12/site-packages/airflow/example_dags/example_branch_operator_decorator.py took 0.083 seconds
[2024-06-15T02:12:17.619+0000] {processor.py:161} INFO - Started process (PID=979) to work on /home/airflow/.local/lib/python3.12/site-packages/airflow/example_dags/example_branch_operator_decorator.py
[2024-06-15T02:12:17.620+0000] {processor.py:830} INFO - Processing file /home/airflow/.local/lib/python3.12/site-packages/airflow/example_dags/example_branch_operator_decorator.py for tasks to queue
[2024-06-15T02:12:17.622+0000] {logging_mixin.py:188} INFO - [2024-06-15T02:12:17.622+0000] {dagbag.py:545} INFO - Filling up the DagBag from /home/airflow/.local/lib/python3.12/site-packages/airflow/example_dags/example_branch_operator_decorator.py
[2024-06-15T02:12:17.642+0000] {processor.py:840} INFO - DAG(s) 'example_branch_python_operator_decorator' retrieved from /home/airflow/.local/lib/python3.12/site-packages/airflow/example_dags/example_branch_operator_decorator.py
[2024-06-15T02:12:17.674+0000] {logging_mixin.py:188} INFO - [2024-06-15T02:12:17.674+0000] {dag.py:3096} INFO - Sync 1 DAGs
[2024-06-15T02:12:17.697+0000] {logging_mixin.py:188} INFO - [2024-06-15T02:12:17.697+0000] {dag.py:3954} INFO - Setting next_dagrun for example_branch_python_operator_decorator to 2024-06-14 00:00:00+00:00, run_after=2024-06-15 00:00:00+00:00
[2024-06-15T02:12:17.715+0000] {processor.py:183} INFO - Processing /home/airflow/.local/lib/python3.12/site-packages/airflow/example_dags/example_branch_operator_decorator.py took 0.106 seconds
[2024-06-15T02:12:47.849+0000] {processor.py:161} INFO - Started process (PID=1036) to work on /home/airflow/.local/lib/python3.12/site-packages/airflow/example_dags/example_branch_operator_decorator.py
[2024-06-15T02:12:47.850+0000] {processor.py:830} INFO - Processing file /home/airflow/.local/lib/python3.12/site-packages/airflow/example_dags/example_branch_operator_decorator.py for tasks to queue
[2024-06-15T02:12:47.852+0000] {logging_mixin.py:188} INFO - [2024-06-15T02:12:47.852+0000] {dagbag.py:545} INFO - Filling up the DagBag from /home/airflow/.local/lib/python3.12/site-packages/airflow/example_dags/example_branch_operator_decorator.py
[2024-06-15T02:12:47.869+0000] {processor.py:840} INFO - DAG(s) 'example_branch_python_operator_decorator' retrieved from /home/airflow/.local/lib/python3.12/site-packages/airflow/example_dags/example_branch_operator_decorator.py
[2024-06-15T02:12:47.894+0000] {logging_mixin.py:188} INFO - [2024-06-15T02:12:47.894+0000] {dag.py:3096} INFO - Sync 1 DAGs
[2024-06-15T02:12:47.915+0000] {logging_mixin.py:188} INFO - [2024-06-15T02:12:47.915+0000] {dag.py:3954} INFO - Setting next_dagrun for example_branch_python_operator_decorator to 2024-06-14 00:00:00+00:00, run_after=2024-06-15 00:00:00+00:00
[2024-06-15T02:12:47.931+0000] {processor.py:183} INFO - Processing /home/airflow/.local/lib/python3.12/site-packages/airflow/example_dags/example_branch_operator_decorator.py took 0.086 seconds
[2024-06-15T02:13:18.240+0000] {processor.py:161} INFO - Started process (PID=1094) to work on /home/airflow/.local/lib/python3.12/site-packages/airflow/example_dags/example_branch_operator_decorator.py
[2024-06-15T02:13:18.241+0000] {processor.py:830} INFO - Processing file /home/airflow/.local/lib/python3.12/site-packages/airflow/example_dags/example_branch_operator_decorator.py for tasks to queue
[2024-06-15T02:13:18.242+0000] {logging_mixin.py:188} INFO - [2024-06-15T02:13:18.242+0000] {dagbag.py:545} INFO - Filling up the DagBag from /home/airflow/.local/lib/python3.12/site-packages/airflow/example_dags/example_branch_operator_decorator.py
[2024-06-15T02:13:18.261+0000] {processor.py:840} INFO - DAG(s) 'example_branch_python_operator_decorator' retrieved from /home/airflow/.local/lib/python3.12/site-packages/airflow/example_dags/example_branch_operator_decorator.py
[2024-06-15T02:13:18.286+0000] {logging_mixin.py:188} INFO - [2024-06-15T02:13:18.286+0000] {dag.py:3096} INFO - Sync 1 DAGs
[2024-06-15T02:13:18.308+0000] {logging_mixin.py:188} INFO - [2024-06-15T02:13:18.308+0000] {dag.py:3954} INFO - Setting next_dagrun for example_branch_python_operator_decorator to 2024-06-14 00:00:00+00:00, run_after=2024-06-15 00:00:00+00:00
[2024-06-15T02:13:18.325+0000] {processor.py:183} INFO - Processing /home/airflow/.local/lib/python3.12/site-packages/airflow/example_dags/example_branch_operator_decorator.py took 0.090 seconds
[2024-06-15T02:13:48.578+0000] {processor.py:161} INFO - Started process (PID=1152) to work on /home/airflow/.local/lib/python3.12/site-packages/airflow/example_dags/example_branch_operator_decorator.py
[2024-06-15T02:13:48.579+0000] {processor.py:830} INFO - Processing file /home/airflow/.local/lib/python3.12/site-packages/airflow/example_dags/example_branch_operator_decorator.py for tasks to queue
[2024-06-15T02:13:48.580+0000] {logging_mixin.py:188} INFO - [2024-06-15T02:13:48.580+0000] {dagbag.py:545} INFO - Filling up the DagBag from /home/airflow/.local/lib/python3.12/site-packages/airflow/example_dags/example_branch_operator_decorator.py
[2024-06-15T02:13:48.597+0000] {processor.py:840} INFO - DAG(s) 'example_branch_python_operator_decorator' retrieved from /home/airflow/.local/lib/python3.12/site-packages/airflow/example_dags/example_branch_operator_decorator.py
[2024-06-15T02:13:48.620+0000] {logging_mixin.py:188} INFO - [2024-06-15T02:13:48.620+0000] {dag.py:3096} INFO - Sync 1 DAGs
[2024-06-15T02:13:48.640+0000] {logging_mixin.py:188} INFO - [2024-06-15T02:13:48.640+0000] {dag.py:3954} INFO - Setting next_dagrun for example_branch_python_operator_decorator to 2024-06-14 00:00:00+00:00, run_after=2024-06-15 00:00:00+00:00
[2024-06-15T02:13:48.655+0000] {processor.py:183} INFO - Processing /home/airflow/.local/lib/python3.12/site-packages/airflow/example_dags/example_branch_operator_decorator.py took 0.081 seconds
[2024-06-15T02:14:18.944+0000] {processor.py:161} INFO - Started process (PID=1210) to work on /home/airflow/.local/lib/python3.12/site-packages/airflow/example_dags/example_branch_operator_decorator.py
[2024-06-15T02:14:18.944+0000] {processor.py:830} INFO - Processing file /home/airflow/.local/lib/python3.12/site-packages/airflow/example_dags/example_branch_operator_decorator.py for tasks to queue
[2024-06-15T02:14:18.946+0000] {logging_mixin.py:188} INFO - [2024-06-15T02:14:18.946+0000] {dagbag.py:545} INFO - Filling up the DagBag from /home/airflow/.local/lib/python3.12/site-packages/airflow/example_dags/example_branch_operator_decorator.py
[2024-06-15T02:14:18.965+0000] {processor.py:840} INFO - DAG(s) 'example_branch_python_operator_decorator' retrieved from /home/airflow/.local/lib/python3.12/site-packages/airflow/example_dags/example_branch_operator_decorator.py
[2024-06-15T02:14:18.989+0000] {logging_mixin.py:188} INFO - [2024-06-15T02:14:18.989+0000] {dag.py:3096} INFO - Sync 1 DAGs
[2024-06-15T02:14:19.007+0000] {logging_mixin.py:188} INFO - [2024-06-15T02:14:19.007+0000] {dag.py:3954} INFO - Setting next_dagrun for example_branch_python_operator_decorator to 2024-06-14 00:00:00+00:00, run_after=2024-06-15 00:00:00+00:00
[2024-06-15T02:14:19.022+0000] {processor.py:183} INFO - Processing /home/airflow/.local/lib/python3.12/site-packages/airflow/example_dags/example_branch_operator_decorator.py took 0.083 seconds
[2024-06-15T02:14:49.271+0000] {processor.py:161} INFO - Started process (PID=1268) to work on /home/airflow/.local/lib/python3.12/site-packages/airflow/example_dags/example_branch_operator_decorator.py
[2024-06-15T02:14:49.272+0000] {processor.py:830} INFO - Processing file /home/airflow/.local/lib/python3.12/site-packages/airflow/example_dags/example_branch_operator_decorator.py for tasks to queue
[2024-06-15T02:14:49.273+0000] {logging_mixin.py:188} INFO - [2024-06-15T02:14:49.273+0000] {dagbag.py:545} INFO - Filling up the DagBag from /home/airflow/.local/lib/python3.12/site-packages/airflow/example_dags/example_branch_operator_decorator.py
[2024-06-15T02:14:49.292+0000] {processor.py:840} INFO - DAG(s) 'example_branch_python_operator_decorator' retrieved from /home/airflow/.local/lib/python3.12/site-packages/airflow/example_dags/example_branch_operator_decorator.py
[2024-06-15T02:14:49.317+0000] {logging_mixin.py:188} INFO - [2024-06-15T02:14:49.317+0000] {dag.py:3096} INFO - Sync 1 DAGs
[2024-06-15T02:14:49.337+0000] {logging_mixin.py:188} INFO - [2024-06-15T02:14:49.336+0000] {dag.py:3954} INFO - Setting next_dagrun for example_branch_python_operator_decorator to 2024-06-14 00:00:00+00:00, run_after=2024-06-15 00:00:00+00:00
[2024-06-15T02:14:49.352+0000] {processor.py:183} INFO - Processing /home/airflow/.local/lib/python3.12/site-packages/airflow/example_dags/example_branch_operator_decorator.py took 0.085 seconds
[2024-06-15T02:15:19.685+0000] {processor.py:161} INFO - Started process (PID=1326) to work on /home/airflow/.local/lib/python3.12/site-packages/airflow/example_dags/example_branch_operator_decorator.py
[2024-06-15T02:15:19.686+0000] {processor.py:830} INFO - Processing file /home/airflow/.local/lib/python3.12/site-packages/airflow/example_dags/example_branch_operator_decorator.py for tasks to queue
[2024-06-15T02:15:19.687+0000] {logging_mixin.py:188} INFO - [2024-06-15T02:15:19.687+0000] {dagbag.py:545} INFO - Filling up the DagBag from /home/airflow/.local/lib/python3.12/site-packages/airflow/example_dags/example_branch_operator_decorator.py
[2024-06-15T02:15:19.705+0000] {processor.py:840} INFO - DAG(s) 'example_branch_python_operator_decorator' retrieved from /home/airflow/.local/lib/python3.12/site-packages/airflow/example_dags/example_branch_operator_decorator.py
[2024-06-15T02:15:19.730+0000] {logging_mixin.py:188} INFO - [2024-06-15T02:15:19.730+0000] {dag.py:3096} INFO - Sync 1 DAGs
[2024-06-15T02:15:19.748+0000] {logging_mixin.py:188} INFO - [2024-06-15T02:15:19.748+0000] {dag.py:3954} INFO - Setting next_dagrun for example_branch_python_operator_decorator to 2024-06-14 00:00:00+00:00, run_after=2024-06-15 00:00:00+00:00
[2024-06-15T02:15:19.763+0000] {processor.py:183} INFO - Processing /home/airflow/.local/lib/python3.12/site-packages/airflow/example_dags/example_branch_operator_decorator.py took 0.081 seconds
[2024-06-15T02:15:49.932+0000] {processor.py:161} INFO - Started process (PID=1384) to work on /home/airflow/.local/lib/python3.12/site-packages/airflow/example_dags/example_branch_operator_decorator.py
[2024-06-15T02:15:49.932+0000] {processor.py:830} INFO - Processing file /home/airflow/.local/lib/python3.12/site-packages/airflow/example_dags/example_branch_operator_decorator.py for tasks to queue
[2024-06-15T02:15:49.934+0000] {logging_mixin.py:188} INFO - [2024-06-15T02:15:49.933+0000] {dagbag.py:545} INFO - Filling up the DagBag from /home/airflow/.local/lib/python3.12/site-packages/airflow/example_dags/example_branch_operator_decorator.py
[2024-06-15T02:15:49.950+0000] {processor.py:840} INFO - DAG(s) 'example_branch_python_operator_decorator' retrieved from /home/airflow/.local/lib/python3.12/site-packages/airflow/example_dags/example_branch_operator_decorator.py
[2024-06-15T02:15:49.975+0000] {logging_mixin.py:188} INFO - [2024-06-15T02:15:49.975+0000] {dag.py:3096} INFO - Sync 1 DAGs
[2024-06-15T02:15:49.992+0000] {logging_mixin.py:188} INFO - [2024-06-15T02:15:49.992+0000] {dag.py:3954} INFO - Setting next_dagrun for example_branch_python_operator_decorator to 2024-06-14 00:00:00+00:00, run_after=2024-06-15 00:00:00+00:00
[2024-06-15T02:15:50.007+0000] {processor.py:183} INFO - Processing /home/airflow/.local/lib/python3.12/site-packages/airflow/example_dags/example_branch_operator_decorator.py took 0.079 seconds
[2024-06-15T02:16:20.926+0000] {processor.py:161} INFO - Started process (PID=1443) to work on /home/airflow/.local/lib/python3.12/site-packages/airflow/example_dags/example_branch_operator_decorator.py
[2024-06-15T02:16:20.926+0000] {processor.py:830} INFO - Processing file /home/airflow/.local/lib/python3.12/site-packages/airflow/example_dags/example_branch_operator_decorator.py for tasks to queue
[2024-06-15T02:16:20.927+0000] {logging_mixin.py:188} INFO - [2024-06-15T02:16:20.927+0000] {dagbag.py:545} INFO - Filling up the DagBag from /home/airflow/.local/lib/python3.12/site-packages/airflow/example_dags/example_branch_operator_decorator.py
[2024-06-15T02:16:20.945+0000] {processor.py:840} INFO - DAG(s) 'example_branch_python_operator_decorator' retrieved from /home/airflow/.local/lib/python3.12/site-packages/airflow/example_dags/example_branch_operator_decorator.py
[2024-06-15T02:16:20.973+0000] {logging_mixin.py:188} INFO - [2024-06-15T02:16:20.972+0000] {dag.py:3096} INFO - Sync 1 DAGs
[2024-06-15T02:16:20.993+0000] {logging_mixin.py:188} INFO - [2024-06-15T02:16:20.993+0000] {dag.py:3954} INFO - Setting next_dagrun for example_branch_python_operator_decorator to 2024-06-14 00:00:00+00:00, run_after=2024-06-15 00:00:00+00:00
[2024-06-15T02:16:21.025+0000] {processor.py:183} INFO - Processing /home/airflow/.local/lib/python3.12/site-packages/airflow/example_dags/example_branch_operator_decorator.py took 0.103 seconds
[2024-06-15T02:16:51.994+0000] {processor.py:161} INFO - Started process (PID=1507) to work on /home/airflow/.local/lib/python3.12/site-packages/airflow/example_dags/example_branch_operator_decorator.py
[2024-06-15T02:16:51.995+0000] {processor.py:830} INFO - Processing file /home/airflow/.local/lib/python3.12/site-packages/airflow/example_dags/example_branch_operator_decorator.py for tasks to queue
[2024-06-15T02:16:51.996+0000] {logging_mixin.py:188} INFO - [2024-06-15T02:16:51.996+0000] {dagbag.py:545} INFO - Filling up the DagBag from /home/airflow/.local/lib/python3.12/site-packages/airflow/example_dags/example_branch_operator_decorator.py
[2024-06-15T02:16:52.014+0000] {processor.py:840} INFO - DAG(s) 'example_branch_python_operator_decorator' retrieved from /home/airflow/.local/lib/python3.12/site-packages/airflow/example_dags/example_branch_operator_decorator.py
[2024-06-15T02:16:52.041+0000] {logging_mixin.py:188} INFO - [2024-06-15T02:16:52.041+0000] {dag.py:3096} INFO - Sync 1 DAGs
[2024-06-15T02:16:52.061+0000] {logging_mixin.py:188} INFO - [2024-06-15T02:16:52.061+0000] {dag.py:3954} INFO - Setting next_dagrun for example_branch_python_operator_decorator to 2024-06-14 00:00:00+00:00, run_after=2024-06-15 00:00:00+00:00
[2024-06-15T02:16:52.079+0000] {processor.py:183} INFO - Processing /home/airflow/.local/lib/python3.12/site-packages/airflow/example_dags/example_branch_operator_decorator.py took 0.089 seconds
[2024-06-15T02:17:22.358+0000] {processor.py:161} INFO - Started process (PID=1565) to work on /home/airflow/.local/lib/python3.12/site-packages/airflow/example_dags/example_branch_operator_decorator.py
[2024-06-15T02:17:22.359+0000] {processor.py:830} INFO - Processing file /home/airflow/.local/lib/python3.12/site-packages/airflow/example_dags/example_branch_operator_decorator.py for tasks to queue
[2024-06-15T02:17:22.360+0000] {logging_mixin.py:188} INFO - [2024-06-15T02:17:22.360+0000] {dagbag.py:545} INFO - Filling up the DagBag from /home/airflow/.local/lib/python3.12/site-packages/airflow/example_dags/example_branch_operator_decorator.py
[2024-06-15T02:17:22.381+0000] {processor.py:840} INFO - DAG(s) 'example_branch_python_operator_decorator' retrieved from /home/airflow/.local/lib/python3.12/site-packages/airflow/example_dags/example_branch_operator_decorator.py
[2024-06-15T02:17:22.408+0000] {logging_mixin.py:188} INFO - [2024-06-15T02:17:22.408+0000] {dag.py:3096} INFO - Sync 1 DAGs
[2024-06-15T02:17:22.429+0000] {logging_mixin.py:188} INFO - [2024-06-15T02:17:22.428+0000] {dag.py:3954} INFO - Setting next_dagrun for example_branch_python_operator_decorator to 2024-06-14 00:00:00+00:00, run_after=2024-06-15 00:00:00+00:00
[2024-06-15T02:17:22.444+0000] {processor.py:183} INFO - Processing /home/airflow/.local/lib/python3.12/site-packages/airflow/example_dags/example_branch_operator_decorator.py took 0.091 seconds
[2024-06-15T02:17:52.770+0000] {processor.py:161} INFO - Started process (PID=1623) to work on /home/airflow/.local/lib/python3.12/site-packages/airflow/example_dags/example_branch_operator_decorator.py
[2024-06-15T02:17:52.771+0000] {processor.py:830} INFO - Processing file /home/airflow/.local/lib/python3.12/site-packages/airflow/example_dags/example_branch_operator_decorator.py for tasks to queue
[2024-06-15T02:17:52.772+0000] {logging_mixin.py:188} INFO - [2024-06-15T02:17:52.772+0000] {dagbag.py:545} INFO - Filling up the DagBag from /home/airflow/.local/lib/python3.12/site-packages/airflow/example_dags/example_branch_operator_decorator.py
[2024-06-15T02:17:52.790+0000] {processor.py:840} INFO - DAG(s) 'example_branch_python_operator_decorator' retrieved from /home/airflow/.local/lib/python3.12/site-packages/airflow/example_dags/example_branch_operator_decorator.py
[2024-06-15T02:17:52.816+0000] {logging_mixin.py:188} INFO - [2024-06-15T02:17:52.816+0000] {dag.py:3096} INFO - Sync 1 DAGs
[2024-06-15T02:17:52.838+0000] {logging_mixin.py:188} INFO - [2024-06-15T02:17:52.837+0000] {dag.py:3954} INFO - Setting next_dagrun for example_branch_python_operator_decorator to 2024-06-14 00:00:00+00:00, run_after=2024-06-15 00:00:00+00:00
[2024-06-15T02:17:52.854+0000] {processor.py:183} INFO - Processing /home/airflow/.local/lib/python3.12/site-packages/airflow/example_dags/example_branch_operator_decorator.py took 0.088 seconds
[2024-06-15T02:18:23.157+0000] {processor.py:161} INFO - Started process (PID=1681) to work on /home/airflow/.local/lib/python3.12/site-packages/airflow/example_dags/example_branch_operator_decorator.py
[2024-06-15T02:18:23.158+0000] {processor.py:830} INFO - Processing file /home/airflow/.local/lib/python3.12/site-packages/airflow/example_dags/example_branch_operator_decorator.py for tasks to queue
[2024-06-15T02:18:23.159+0000] {logging_mixin.py:188} INFO - [2024-06-15T02:18:23.159+0000] {dagbag.py:545} INFO - Filling up the DagBag from /home/airflow/.local/lib/python3.12/site-packages/airflow/example_dags/example_branch_operator_decorator.py
[2024-06-15T02:18:23.178+0000] {processor.py:840} INFO - DAG(s) 'example_branch_python_operator_decorator' retrieved from /home/airflow/.local/lib/python3.12/site-packages/airflow/example_dags/example_branch_operator_decorator.py
[2024-06-15T02:18:23.203+0000] {logging_mixin.py:188} INFO - [2024-06-15T02:18:23.203+0000] {dag.py:3096} INFO - Sync 1 DAGs
[2024-06-15T02:18:23.224+0000] {logging_mixin.py:188} INFO - [2024-06-15T02:18:23.224+0000] {dag.py:3954} INFO - Setting next_dagrun for example_branch_python_operator_decorator to 2024-06-14 00:00:00+00:00, run_after=2024-06-15 00:00:00+00:00
[2024-06-15T02:18:23.241+0000] {processor.py:183} INFO - Processing /home/airflow/.local/lib/python3.12/site-packages/airflow/example_dags/example_branch_operator_decorator.py took 0.088 seconds
[2024-06-15T02:18:53.870+0000] {processor.py:161} INFO - Started process (PID=1739) to work on /home/airflow/.local/lib/python3.12/site-packages/airflow/example_dags/example_branch_operator_decorator.py
[2024-06-15T02:18:53.871+0000] {processor.py:830} INFO - Processing file /home/airflow/.local/lib/python3.12/site-packages/airflow/example_dags/example_branch_operator_decorator.py for tasks to queue
[2024-06-15T02:18:53.872+0000] {logging_mixin.py:188} INFO - [2024-06-15T02:18:53.872+0000] {dagbag.py:545} INFO - Filling up the DagBag from /home/airflow/.local/lib/python3.12/site-packages/airflow/example_dags/example_branch_operator_decorator.py
[2024-06-15T02:18:53.892+0000] {processor.py:840} INFO - DAG(s) 'example_branch_python_operator_decorator' retrieved from /home/airflow/.local/lib/python3.12/site-packages/airflow/example_dags/example_branch_operator_decorator.py
[2024-06-15T02:18:53.917+0000] {logging_mixin.py:188} INFO - [2024-06-15T02:18:53.917+0000] {dag.py:3096} INFO - Sync 1 DAGs
[2024-06-15T02:18:53.939+0000] {logging_mixin.py:188} INFO - [2024-06-15T02:18:53.939+0000] {dag.py:3954} INFO - Setting next_dagrun for example_branch_python_operator_decorator to 2024-06-14 00:00:00+00:00, run_after=2024-06-15 00:00:00+00:00
[2024-06-15T02:18:53.955+0000] {processor.py:183} INFO - Processing /home/airflow/.local/lib/python3.12/site-packages/airflow/example_dags/example_branch_operator_decorator.py took 0.089 seconds
[2024-06-15T02:19:24.845+0000] {processor.py:161} INFO - Started process (PID=1797) to work on /home/airflow/.local/lib/python3.12/site-packages/airflow/example_dags/example_branch_operator_decorator.py
[2024-06-15T02:19:24.845+0000] {processor.py:830} INFO - Processing file /home/airflow/.local/lib/python3.12/site-packages/airflow/example_dags/example_branch_operator_decorator.py for tasks to queue
[2024-06-15T02:19:24.847+0000] {logging_mixin.py:188} INFO - [2024-06-15T02:19:24.846+0000] {dagbag.py:545} INFO - Filling up the DagBag from /home/airflow/.local/lib/python3.12/site-packages/airflow/example_dags/example_branch_operator_decorator.py
[2024-06-15T02:19:24.867+0000] {processor.py:840} INFO - DAG(s) 'example_branch_python_operator_decorator' retrieved from /home/airflow/.local/lib/python3.12/site-packages/airflow/example_dags/example_branch_operator_decorator.py
[2024-06-15T02:19:24.895+0000] {logging_mixin.py:188} INFO - [2024-06-15T02:19:24.895+0000] {dag.py:3096} INFO - Sync 1 DAGs
[2024-06-15T02:19:24.915+0000] {logging_mixin.py:188} INFO - [2024-06-15T02:19:24.915+0000] {dag.py:3954} INFO - Setting next_dagrun for example_branch_python_operator_decorator to 2024-06-14 00:00:00+00:00, run_after=2024-06-15 00:00:00+00:00
[2024-06-15T02:19:24.933+0000] {processor.py:183} INFO - Processing /home/airflow/.local/lib/python3.12/site-packages/airflow/example_dags/example_branch_operator_decorator.py took 0.094 seconds
[2024-06-15T02:19:55.166+0000] {processor.py:161} INFO - Started process (PID=1855) to work on /home/airflow/.local/lib/python3.12/site-packages/airflow/example_dags/example_branch_operator_decorator.py
[2024-06-15T02:19:55.167+0000] {processor.py:830} INFO - Processing file /home/airflow/.local/lib/python3.12/site-packages/airflow/example_dags/example_branch_operator_decorator.py for tasks to queue
[2024-06-15T02:19:55.169+0000] {logging_mixin.py:188} INFO - [2024-06-15T02:19:55.168+0000] {dagbag.py:545} INFO - Filling up the DagBag from /home/airflow/.local/lib/python3.12/site-packages/airflow/example_dags/example_branch_operator_decorator.py
[2024-06-15T02:19:55.186+0000] {processor.py:840} INFO - DAG(s) 'example_branch_python_operator_decorator' retrieved from /home/airflow/.local/lib/python3.12/site-packages/airflow/example_dags/example_branch_operator_decorator.py
[2024-06-15T02:19:55.212+0000] {logging_mixin.py:188} INFO - [2024-06-15T02:19:55.211+0000] {dag.py:3096} INFO - Sync 1 DAGs
[2024-06-15T02:19:55.339+0000] {logging_mixin.py:188} INFO - [2024-06-15T02:19:55.339+0000] {dag.py:3954} INFO - Setting next_dagrun for example_branch_python_operator_decorator to 2024-06-14 00:00:00+00:00, run_after=2024-06-15 00:00:00+00:00
[2024-06-15T02:19:55.354+0000] {processor.py:183} INFO - Processing /home/airflow/.local/lib/python3.12/site-packages/airflow/example_dags/example_branch_operator_decorator.py took 0.192 seconds
[2024-06-15T02:20:25.825+0000] {processor.py:161} INFO - Started process (PID=1913) to work on /home/airflow/.local/lib/python3.12/site-packages/airflow/example_dags/example_branch_operator_decorator.py
[2024-06-15T02:20:25.826+0000] {processor.py:830} INFO - Processing file /home/airflow/.local/lib/python3.12/site-packages/airflow/example_dags/example_branch_operator_decorator.py for tasks to queue
[2024-06-15T02:20:25.827+0000] {logging_mixin.py:188} INFO - [2024-06-15T02:20:25.827+0000] {dagbag.py:545} INFO - Filling up the DagBag from /home/airflow/.local/lib/python3.12/site-packages/airflow/example_dags/example_branch_operator_decorator.py
[2024-06-15T02:20:25.843+0000] {processor.py:840} INFO - DAG(s) 'example_branch_python_operator_decorator' retrieved from /home/airflow/.local/lib/python3.12/site-packages/airflow/example_dags/example_branch_operator_decorator.py
[2024-06-15T02:20:25.876+0000] {logging_mixin.py:188} INFO - [2024-06-15T02:20:25.876+0000] {dag.py:3096} INFO - Sync 1 DAGs
[2024-06-15T02:20:26.013+0000] {logging_mixin.py:188} INFO - [2024-06-15T02:20:26.013+0000] {dag.py:3954} INFO - Setting next_dagrun for example_branch_python_operator_decorator to 2024-06-14 00:00:00+00:00, run_after=2024-06-15 00:00:00+00:00
[2024-06-15T02:20:26.028+0000] {processor.py:183} INFO - Processing /home/airflow/.local/lib/python3.12/site-packages/airflow/example_dags/example_branch_operator_decorator.py took 0.208 seconds
[2024-06-15T02:20:56.852+0000] {processor.py:161} INFO - Started process (PID=1971) to work on /home/airflow/.local/lib/python3.12/site-packages/airflow/example_dags/example_branch_operator_decorator.py
[2024-06-15T02:20:56.853+0000] {processor.py:830} INFO - Processing file /home/airflow/.local/lib/python3.12/site-packages/airflow/example_dags/example_branch_operator_decorator.py for tasks to queue
[2024-06-15T02:20:56.855+0000] {logging_mixin.py:188} INFO - [2024-06-15T02:20:56.855+0000] {dagbag.py:545} INFO - Filling up the DagBag from /home/airflow/.local/lib/python3.12/site-packages/airflow/example_dags/example_branch_operator_decorator.py
[2024-06-15T02:20:56.872+0000] {processor.py:840} INFO - DAG(s) 'example_branch_python_operator_decorator' retrieved from /home/airflow/.local/lib/python3.12/site-packages/airflow/example_dags/example_branch_operator_decorator.py
[2024-06-15T02:20:56.898+0000] {logging_mixin.py:188} INFO - [2024-06-15T02:20:56.898+0000] {dag.py:3096} INFO - Sync 1 DAGs
[2024-06-15T02:20:56.920+0000] {logging_mixin.py:188} INFO - [2024-06-15T02:20:56.920+0000] {dag.py:3954} INFO - Setting next_dagrun for example_branch_python_operator_decorator to 2024-06-14 00:00:00+00:00, run_after=2024-06-15 00:00:00+00:00
[2024-06-15T02:20:56.936+0000] {processor.py:183} INFO - Processing /home/airflow/.local/lib/python3.12/site-packages/airflow/example_dags/example_branch_operator_decorator.py took 0.088 seconds
[2024-06-15T02:21:27.290+0000] {processor.py:161} INFO - Started process (PID=2029) to work on /home/airflow/.local/lib/python3.12/site-packages/airflow/example_dags/example_branch_operator_decorator.py
[2024-06-15T02:21:27.291+0000] {processor.py:830} INFO - Processing file /home/airflow/.local/lib/python3.12/site-packages/airflow/example_dags/example_branch_operator_decorator.py for tasks to queue
[2024-06-15T02:21:27.292+0000] {logging_mixin.py:188} INFO - [2024-06-15T02:21:27.292+0000] {dagbag.py:545} INFO - Filling up the DagBag from /home/airflow/.local/lib/python3.12/site-packages/airflow/example_dags/example_branch_operator_decorator.py
[2024-06-15T02:21:27.309+0000] {processor.py:840} INFO - DAG(s) 'example_branch_python_operator_decorator' retrieved from /home/airflow/.local/lib/python3.12/site-packages/airflow/example_dags/example_branch_operator_decorator.py
[2024-06-15T02:21:27.333+0000] {logging_mixin.py:188} INFO - [2024-06-15T02:21:27.333+0000] {dag.py:3096} INFO - Sync 1 DAGs
[2024-06-15T02:21:27.355+0000] {logging_mixin.py:188} INFO - [2024-06-15T02:21:27.355+0000] {dag.py:3954} INFO - Setting next_dagrun for example_branch_python_operator_decorator to 2024-06-14 00:00:00+00:00, run_after=2024-06-15 00:00:00+00:00
[2024-06-15T02:21:27.373+0000] {processor.py:183} INFO - Processing /home/airflow/.local/lib/python3.12/site-packages/airflow/example_dags/example_branch_operator_decorator.py took 0.087 seconds
[2024-06-15T02:21:57.584+0000] {processor.py:161} INFO - Started process (PID=2087) to work on /home/airflow/.local/lib/python3.12/site-packages/airflow/example_dags/example_branch_operator_decorator.py
[2024-06-15T02:21:57.585+0000] {processor.py:830} INFO - Processing file /home/airflow/.local/lib/python3.12/site-packages/airflow/example_dags/example_branch_operator_decorator.py for tasks to queue
[2024-06-15T02:21:57.586+0000] {logging_mixin.py:188} INFO - [2024-06-15T02:21:57.586+0000] {dagbag.py:545} INFO - Filling up the DagBag from /home/airflow/.local/lib/python3.12/site-packages/airflow/example_dags/example_branch_operator_decorator.py
[2024-06-15T02:21:57.606+0000] {processor.py:840} INFO - DAG(s) 'example_branch_python_operator_decorator' retrieved from /home/airflow/.local/lib/python3.12/site-packages/airflow/example_dags/example_branch_operator_decorator.py
[2024-06-15T02:21:57.632+0000] {logging_mixin.py:188} INFO - [2024-06-15T02:21:57.632+0000] {dag.py:3096} INFO - Sync 1 DAGs
[2024-06-15T02:21:57.653+0000] {logging_mixin.py:188} INFO - [2024-06-15T02:21:57.653+0000] {dag.py:3954} INFO - Setting next_dagrun for example_branch_python_operator_decorator to 2024-06-14 00:00:00+00:00, run_after=2024-06-15 00:00:00+00:00
[2024-06-15T02:21:57.668+0000] {processor.py:183} INFO - Processing /home/airflow/.local/lib/python3.12/site-packages/airflow/example_dags/example_branch_operator_decorator.py took 0.088 seconds
[2024-06-15T02:22:28.171+0000] {processor.py:161} INFO - Started process (PID=2145) to work on /home/airflow/.local/lib/python3.12/site-packages/airflow/example_dags/example_branch_operator_decorator.py
[2024-06-15T02:22:28.172+0000] {processor.py:830} INFO - Processing file /home/airflow/.local/lib/python3.12/site-packages/airflow/example_dags/example_branch_operator_decorator.py for tasks to queue
[2024-06-15T02:22:28.173+0000] {logging_mixin.py:188} INFO - [2024-06-15T02:22:28.173+0000] {dagbag.py:545} INFO - Filling up the DagBag from /home/airflow/.local/lib/python3.12/site-packages/airflow/example_dags/example_branch_operator_decorator.py
[2024-06-15T02:22:28.190+0000] {processor.py:840} INFO - DAG(s) 'example_branch_python_operator_decorator' retrieved from /home/airflow/.local/lib/python3.12/site-packages/airflow/example_dags/example_branch_operator_decorator.py
[2024-06-15T02:22:28.216+0000] {logging_mixin.py:188} INFO - [2024-06-15T02:22:28.216+0000] {dag.py:3096} INFO - Sync 1 DAGs
[2024-06-15T02:22:28.235+0000] {logging_mixin.py:188} INFO - [2024-06-15T02:22:28.235+0000] {dag.py:3954} INFO - Setting next_dagrun for example_branch_python_operator_decorator to 2024-06-14 00:00:00+00:00, run_after=2024-06-15 00:00:00+00:00
[2024-06-15T02:22:28.253+0000] {processor.py:183} INFO - Processing /home/airflow/.local/lib/python3.12/site-packages/airflow/example_dags/example_branch_operator_decorator.py took 0.086 seconds
[2024-06-15T02:22:58.413+0000] {processor.py:161} INFO - Started process (PID=2203) to work on /home/airflow/.local/lib/python3.12/site-packages/airflow/example_dags/example_branch_operator_decorator.py
[2024-06-15T02:22:58.413+0000] {processor.py:830} INFO - Processing file /home/airflow/.local/lib/python3.12/site-packages/airflow/example_dags/example_branch_operator_decorator.py for tasks to queue
[2024-06-15T02:22:58.414+0000] {logging_mixin.py:188} INFO - [2024-06-15T02:22:58.414+0000] {dagbag.py:545} INFO - Filling up the DagBag from /home/airflow/.local/lib/python3.12/site-packages/airflow/example_dags/example_branch_operator_decorator.py
[2024-06-15T02:22:58.431+0000] {processor.py:840} INFO - DAG(s) 'example_branch_python_operator_decorator' retrieved from /home/airflow/.local/lib/python3.12/site-packages/airflow/example_dags/example_branch_operator_decorator.py
[2024-06-15T02:22:58.458+0000] {logging_mixin.py:188} INFO - [2024-06-15T02:22:58.458+0000] {dag.py:3096} INFO - Sync 1 DAGs
[2024-06-15T02:22:58.477+0000] {logging_mixin.py:188} INFO - [2024-06-15T02:22:58.477+0000] {dag.py:3954} INFO - Setting next_dagrun for example_branch_python_operator_decorator to 2024-06-14 00:00:00+00:00, run_after=2024-06-15 00:00:00+00:00
[2024-06-15T02:22:58.492+0000] {processor.py:183} INFO - Processing /home/airflow/.local/lib/python3.12/site-packages/airflow/example_dags/example_branch_operator_decorator.py took 0.083 seconds
[2024-06-15T02:23:28.623+0000] {processor.py:161} INFO - Started process (PID=2261) to work on /home/airflow/.local/lib/python3.12/site-packages/airflow/example_dags/example_branch_operator_decorator.py
[2024-06-15T02:23:28.624+0000] {processor.py:830} INFO - Processing file /home/airflow/.local/lib/python3.12/site-packages/airflow/example_dags/example_branch_operator_decorator.py for tasks to queue
[2024-06-15T02:23:28.626+0000] {logging_mixin.py:188} INFO - [2024-06-15T02:23:28.625+0000] {dagbag.py:545} INFO - Filling up the DagBag from /home/airflow/.local/lib/python3.12/site-packages/airflow/example_dags/example_branch_operator_decorator.py
[2024-06-15T02:23:28.644+0000] {processor.py:840} INFO - DAG(s) 'example_branch_python_operator_decorator' retrieved from /home/airflow/.local/lib/python3.12/site-packages/airflow/example_dags/example_branch_operator_decorator.py
[2024-06-15T02:23:28.672+0000] {logging_mixin.py:188} INFO - [2024-06-15T02:23:28.672+0000] {dag.py:3096} INFO - Sync 1 DAGs
[2024-06-15T02:23:28.692+0000] {logging_mixin.py:188} INFO - [2024-06-15T02:23:28.691+0000] {dag.py:3954} INFO - Setting next_dagrun for example_branch_python_operator_decorator to 2024-06-14 00:00:00+00:00, run_after=2024-06-15 00:00:00+00:00
[2024-06-15T02:23:28.706+0000] {processor.py:183} INFO - Processing /home/airflow/.local/lib/python3.12/site-packages/airflow/example_dags/example_branch_operator_decorator.py took 0.086 seconds
[2024-06-15T02:23:58.747+0000] {processor.py:161} INFO - Started process (PID=2318) to work on /home/airflow/.local/lib/python3.12/site-packages/airflow/example_dags/example_branch_operator_decorator.py
[2024-06-15T02:23:58.748+0000] {processor.py:830} INFO - Processing file /home/airflow/.local/lib/python3.12/site-packages/airflow/example_dags/example_branch_operator_decorator.py for tasks to queue
[2024-06-15T02:23:58.749+0000] {logging_mixin.py:188} INFO - [2024-06-15T02:23:58.749+0000] {dagbag.py:545} INFO - Filling up the DagBag from /home/airflow/.local/lib/python3.12/site-packages/airflow/example_dags/example_branch_operator_decorator.py
[2024-06-15T02:23:58.766+0000] {processor.py:840} INFO - DAG(s) 'example_branch_python_operator_decorator' retrieved from /home/airflow/.local/lib/python3.12/site-packages/airflow/example_dags/example_branch_operator_decorator.py
[2024-06-15T02:23:58.788+0000] {logging_mixin.py:188} INFO - [2024-06-15T02:23:58.788+0000] {dag.py:3096} INFO - Sync 1 DAGs
[2024-06-15T02:23:58.806+0000] {logging_mixin.py:188} INFO - [2024-06-15T02:23:58.806+0000] {dag.py:3954} INFO - Setting next_dagrun for example_branch_python_operator_decorator to 2024-06-14 00:00:00+00:00, run_after=2024-06-15 00:00:00+00:00
[2024-06-15T02:23:58.821+0000] {processor.py:183} INFO - Processing /home/airflow/.local/lib/python3.12/site-packages/airflow/example_dags/example_branch_operator_decorator.py took 0.077 seconds
