[2024-06-15T02:04:06.923+0000] {processor.py:161} INFO - Started process (PID=35) to work on /home/airflow/.local/lib/python3.12/site-packages/airflow/example_dags/example_xcomargs.py
[2024-06-15T02:04:06.924+0000] {processor.py:830} INFO - Processing file /home/airflow/.local/lib/python3.12/site-packages/airflow/example_dags/example_xcomargs.py for tasks to queue
[2024-06-15T02:04:06.926+0000] {logging_mixin.py:188} INFO - [2024-06-15T02:04:06.925+0000] {dagbag.py:545} INFO - Filling up the DagBag from /home/airflow/.local/lib/python3.12/site-packages/airflow/example_dags/example_xcomargs.py
[2024-06-15T02:04:06.934+0000] {processor.py:840} INFO - DAG(s) 'example_xcom_args', 'example_xcom_args_with_operators' retrieved from /home/airflow/.local/lib/python3.12/site-packages/airflow/example_dags/example_xcomargs.py
[2024-06-15T02:04:06.960+0000] {logging_mixin.py:188} INFO - [2024-06-15T02:04:06.959+0000] {dag.py:3096} INFO - Sync 2 DAGs
[2024-06-15T02:04:06.972+0000] {logging_mixin.py:188} INFO - [2024-06-15T02:04:06.972+0000] {dag.py:3954} INFO - Setting next_dagrun for example_xcom_args to None, run_after=None
[2024-06-15T02:04:06.976+0000] {logging_mixin.py:188} INFO - [2024-06-15T02:04:06.976+0000] {dag.py:3954} INFO - Setting next_dagrun for example_xcom_args_with_operators to None, run_after=None
[2024-06-15T02:04:06.991+0000] {processor.py:183} INFO - Processing /home/airflow/.local/lib/python3.12/site-packages/airflow/example_dags/example_xcomargs.py took 0.073 seconds
[2024-06-15T02:04:37.174+0000] {processor.py:161} INFO - Started process (PID=93) to work on /home/airflow/.local/lib/python3.12/site-packages/airflow/example_dags/example_xcomargs.py
[2024-06-15T02:04:37.174+0000] {processor.py:830} INFO - Processing file /home/airflow/.local/lib/python3.12/site-packages/airflow/example_dags/example_xcomargs.py for tasks to queue
[2024-06-15T02:04:37.176+0000] {logging_mixin.py:188} INFO - [2024-06-15T02:04:37.175+0000] {dagbag.py:545} INFO - Filling up the DagBag from /home/airflow/.local/lib/python3.12/site-packages/airflow/example_dags/example_xcomargs.py
[2024-06-15T02:04:37.182+0000] {processor.py:840} INFO - DAG(s) 'example_xcom_args', 'example_xcom_args_with_operators' retrieved from /home/airflow/.local/lib/python3.12/site-packages/airflow/example_dags/example_xcomargs.py
[2024-06-15T02:04:37.370+0000] {logging_mixin.py:188} INFO - [2024-06-15T02:04:37.369+0000] {dag.py:3096} INFO - Sync 2 DAGs
[2024-06-15T02:04:37.380+0000] {logging_mixin.py:188} INFO - [2024-06-15T02:04:37.380+0000] {dag.py:3954} INFO - Setting next_dagrun for example_xcom_args to None, run_after=None
[2024-06-15T02:04:37.383+0000] {logging_mixin.py:188} INFO - [2024-06-15T02:04:37.383+0000] {dag.py:3954} INFO - Setting next_dagrun for example_xcom_args_with_operators to None, run_after=None
[2024-06-15T02:04:37.398+0000] {processor.py:183} INFO - Processing /home/airflow/.local/lib/python3.12/site-packages/airflow/example_dags/example_xcomargs.py took 0.228 seconds
[2024-06-15T02:05:07.458+0000] {processor.py:161} INFO - Started process (PID=151) to work on /home/airflow/.local/lib/python3.12/site-packages/airflow/example_dags/example_xcomargs.py
[2024-06-15T02:05:07.459+0000] {processor.py:830} INFO - Processing file /home/airflow/.local/lib/python3.12/site-packages/airflow/example_dags/example_xcomargs.py for tasks to queue
[2024-06-15T02:05:07.460+0000] {logging_mixin.py:188} INFO - [2024-06-15T02:05:07.460+0000] {dagbag.py:545} INFO - Filling up the DagBag from /home/airflow/.local/lib/python3.12/site-packages/airflow/example_dags/example_xcomargs.py
[2024-06-15T02:05:07.467+0000] {processor.py:840} INFO - DAG(s) 'example_xcom_args', 'example_xcom_args_with_operators' retrieved from /home/airflow/.local/lib/python3.12/site-packages/airflow/example_dags/example_xcomargs.py
[2024-06-15T02:05:07.488+0000] {logging_mixin.py:188} INFO - [2024-06-15T02:05:07.487+0000] {dag.py:3096} INFO - Sync 2 DAGs
[2024-06-15T02:05:07.499+0000] {logging_mixin.py:188} INFO - [2024-06-15T02:05:07.499+0000] {dag.py:3954} INFO - Setting next_dagrun for example_xcom_args to None, run_after=None
[2024-06-15T02:05:07.503+0000] {logging_mixin.py:188} INFO - [2024-06-15T02:05:07.503+0000] {dag.py:3954} INFO - Setting next_dagrun for example_xcom_args_with_operators to None, run_after=None
[2024-06-15T02:05:07.517+0000] {processor.py:183} INFO - Processing /home/airflow/.local/lib/python3.12/site-packages/airflow/example_dags/example_xcomargs.py took 0.064 seconds
[2024-06-15T02:05:38.096+0000] {processor.py:161} INFO - Started process (PID=209) to work on /home/airflow/.local/lib/python3.12/site-packages/airflow/example_dags/example_xcomargs.py
[2024-06-15T02:05:38.096+0000] {processor.py:830} INFO - Processing file /home/airflow/.local/lib/python3.12/site-packages/airflow/example_dags/example_xcomargs.py for tasks to queue
[2024-06-15T02:05:38.098+0000] {logging_mixin.py:188} INFO - [2024-06-15T02:05:38.098+0000] {dagbag.py:545} INFO - Filling up the DagBag from /home/airflow/.local/lib/python3.12/site-packages/airflow/example_dags/example_xcomargs.py
[2024-06-15T02:05:38.107+0000] {processor.py:840} INFO - DAG(s) 'example_xcom_args_with_operators', 'example_xcom_args' retrieved from /home/airflow/.local/lib/python3.12/site-packages/airflow/example_dags/example_xcomargs.py
[2024-06-15T02:05:38.124+0000] {logging_mixin.py:188} INFO - [2024-06-15T02:05:38.124+0000] {dag.py:3096} INFO - Sync 2 DAGs
[2024-06-15T02:05:38.135+0000] {logging_mixin.py:188} INFO - [2024-06-15T02:05:38.135+0000] {dag.py:3954} INFO - Setting next_dagrun for example_xcom_args to None, run_after=None
[2024-06-15T02:05:38.138+0000] {logging_mixin.py:188} INFO - [2024-06-15T02:05:38.138+0000] {dag.py:3954} INFO - Setting next_dagrun for example_xcom_args_with_operators to None, run_after=None
[2024-06-15T02:05:38.151+0000] {processor.py:183} INFO - Processing /home/airflow/.local/lib/python3.12/site-packages/airflow/example_dags/example_xcomargs.py took 0.059 seconds
[2024-06-15T02:06:08.461+0000] {processor.py:161} INFO - Started process (PID=267) to work on /home/airflow/.local/lib/python3.12/site-packages/airflow/example_dags/example_xcomargs.py
[2024-06-15T02:06:08.462+0000] {processor.py:830} INFO - Processing file /home/airflow/.local/lib/python3.12/site-packages/airflow/example_dags/example_xcomargs.py for tasks to queue
[2024-06-15T02:06:08.464+0000] {logging_mixin.py:188} INFO - [2024-06-15T02:06:08.463+0000] {dagbag.py:545} INFO - Filling up the DagBag from /home/airflow/.local/lib/python3.12/site-packages/airflow/example_dags/example_xcomargs.py
[2024-06-15T02:06:08.471+0000] {processor.py:840} INFO - DAG(s) 'example_xcom_args', 'example_xcom_args_with_operators' retrieved from /home/airflow/.local/lib/python3.12/site-packages/airflow/example_dags/example_xcomargs.py
[2024-06-15T02:06:08.488+0000] {logging_mixin.py:188} INFO - [2024-06-15T02:06:08.488+0000] {dag.py:3096} INFO - Sync 2 DAGs
[2024-06-15T02:06:08.500+0000] {logging_mixin.py:188} INFO - [2024-06-15T02:06:08.500+0000] {dag.py:3954} INFO - Setting next_dagrun for example_xcom_args to None, run_after=None
[2024-06-15T02:06:08.504+0000] {logging_mixin.py:188} INFO - [2024-06-15T02:06:08.503+0000] {dag.py:3954} INFO - Setting next_dagrun for example_xcom_args_with_operators to None, run_after=None
[2024-06-15T02:06:08.517+0000] {processor.py:183} INFO - Processing /home/airflow/.local/lib/python3.12/site-packages/airflow/example_dags/example_xcomargs.py took 0.060 seconds
[2024-06-15T02:06:38.617+0000] {processor.py:161} INFO - Started process (PID=325) to work on /home/airflow/.local/lib/python3.12/site-packages/airflow/example_dags/example_xcomargs.py
[2024-06-15T02:06:38.617+0000] {processor.py:830} INFO - Processing file /home/airflow/.local/lib/python3.12/site-packages/airflow/example_dags/example_xcomargs.py for tasks to queue
[2024-06-15T02:06:38.618+0000] {logging_mixin.py:188} INFO - [2024-06-15T02:06:38.618+0000] {dagbag.py:545} INFO - Filling up the DagBag from /home/airflow/.local/lib/python3.12/site-packages/airflow/example_dags/example_xcomargs.py
[2024-06-15T02:06:38.625+0000] {processor.py:840} INFO - DAG(s) 'example_xcom_args_with_operators', 'example_xcom_args' retrieved from /home/airflow/.local/lib/python3.12/site-packages/airflow/example_dags/example_xcomargs.py
[2024-06-15T02:06:38.643+0000] {logging_mixin.py:188} INFO - [2024-06-15T02:06:38.643+0000] {dag.py:3096} INFO - Sync 2 DAGs
[2024-06-15T02:06:38.654+0000] {logging_mixin.py:188} INFO - [2024-06-15T02:06:38.654+0000] {dag.py:3954} INFO - Setting next_dagrun for example_xcom_args to None, run_after=None
[2024-06-15T02:06:38.658+0000] {logging_mixin.py:188} INFO - [2024-06-15T02:06:38.658+0000] {dag.py:3954} INFO - Setting next_dagrun for example_xcom_args_with_operators to None, run_after=None
[2024-06-15T02:06:38.698+0000] {processor.py:183} INFO - Processing /home/airflow/.local/lib/python3.12/site-packages/airflow/example_dags/example_xcomargs.py took 0.085 seconds
[2024-06-15T02:07:08.973+0000] {processor.py:161} INFO - Started process (PID=383) to work on /home/airflow/.local/lib/python3.12/site-packages/airflow/example_dags/example_xcomargs.py
[2024-06-15T02:07:08.973+0000] {processor.py:830} INFO - Processing file /home/airflow/.local/lib/python3.12/site-packages/airflow/example_dags/example_xcomargs.py for tasks to queue
[2024-06-15T02:07:08.975+0000] {logging_mixin.py:188} INFO - [2024-06-15T02:07:08.975+0000] {dagbag.py:545} INFO - Filling up the DagBag from /home/airflow/.local/lib/python3.12/site-packages/airflow/example_dags/example_xcomargs.py
[2024-06-15T02:07:08.983+0000] {processor.py:840} INFO - DAG(s) 'example_xcom_args', 'example_xcom_args_with_operators' retrieved from /home/airflow/.local/lib/python3.12/site-packages/airflow/example_dags/example_xcomargs.py
[2024-06-15T02:07:09.005+0000] {logging_mixin.py:188} INFO - [2024-06-15T02:07:09.004+0000] {dag.py:3096} INFO - Sync 2 DAGs
[2024-06-15T02:07:09.019+0000] {logging_mixin.py:188} INFO - [2024-06-15T02:07:09.019+0000] {dag.py:3954} INFO - Setting next_dagrun for example_xcom_args to None, run_after=None
[2024-06-15T02:07:09.024+0000] {logging_mixin.py:188} INFO - [2024-06-15T02:07:09.024+0000] {dag.py:3954} INFO - Setting next_dagrun for example_xcom_args_with_operators to None, run_after=None
[2024-06-15T02:07:09.047+0000] {processor.py:183} INFO - Processing /home/airflow/.local/lib/python3.12/site-packages/airflow/example_dags/example_xcomargs.py took 0.078 seconds
[2024-06-15T02:07:39.131+0000] {processor.py:161} INFO - Started process (PID=441) to work on /home/airflow/.local/lib/python3.12/site-packages/airflow/example_dags/example_xcomargs.py
[2024-06-15T02:07:39.131+0000] {processor.py:830} INFO - Processing file /home/airflow/.local/lib/python3.12/site-packages/airflow/example_dags/example_xcomargs.py for tasks to queue
[2024-06-15T02:07:39.132+0000] {logging_mixin.py:188} INFO - [2024-06-15T02:07:39.132+0000] {dagbag.py:545} INFO - Filling up the DagBag from /home/airflow/.local/lib/python3.12/site-packages/airflow/example_dags/example_xcomargs.py
[2024-06-15T02:07:39.139+0000] {processor.py:840} INFO - DAG(s) 'example_xcom_args_with_operators', 'example_xcom_args' retrieved from /home/airflow/.local/lib/python3.12/site-packages/airflow/example_dags/example_xcomargs.py
[2024-06-15T02:07:39.158+0000] {logging_mixin.py:188} INFO - [2024-06-15T02:07:39.158+0000] {dag.py:3096} INFO - Sync 2 DAGs
[2024-06-15T02:07:39.168+0000] {logging_mixin.py:188} INFO - [2024-06-15T02:07:39.168+0000] {dag.py:3954} INFO - Setting next_dagrun for example_xcom_args to None, run_after=None
[2024-06-15T02:07:39.172+0000] {logging_mixin.py:188} INFO - [2024-06-15T02:07:39.172+0000] {dag.py:3954} INFO - Setting next_dagrun for example_xcom_args_with_operators to None, run_after=None
[2024-06-15T02:07:39.185+0000] {processor.py:183} INFO - Processing /home/airflow/.local/lib/python3.12/site-packages/airflow/example_dags/example_xcomargs.py took 0.058 seconds
[2024-06-15T02:08:09.576+0000] {processor.py:161} INFO - Started process (PID=499) to work on /home/airflow/.local/lib/python3.12/site-packages/airflow/example_dags/example_xcomargs.py
[2024-06-15T02:08:09.577+0000] {processor.py:830} INFO - Processing file /home/airflow/.local/lib/python3.12/site-packages/airflow/example_dags/example_xcomargs.py for tasks to queue
[2024-06-15T02:08:09.578+0000] {logging_mixin.py:188} INFO - [2024-06-15T02:08:09.577+0000] {dagbag.py:545} INFO - Filling up the DagBag from /home/airflow/.local/lib/python3.12/site-packages/airflow/example_dags/example_xcomargs.py
[2024-06-15T02:08:09.584+0000] {processor.py:840} INFO - DAG(s) 'example_xcom_args', 'example_xcom_args_with_operators' retrieved from /home/airflow/.local/lib/python3.12/site-packages/airflow/example_dags/example_xcomargs.py
[2024-06-15T02:08:09.604+0000] {logging_mixin.py:188} INFO - [2024-06-15T02:08:09.604+0000] {dag.py:3096} INFO - Sync 2 DAGs
[2024-06-15T02:08:09.616+0000] {logging_mixin.py:188} INFO - [2024-06-15T02:08:09.616+0000] {dag.py:3954} INFO - Setting next_dagrun for example_xcom_args to None, run_after=None
[2024-06-15T02:08:09.620+0000] {logging_mixin.py:188} INFO - [2024-06-15T02:08:09.619+0000] {dag.py:3954} INFO - Setting next_dagrun for example_xcom_args_with_operators to None, run_after=None
[2024-06-15T02:08:09.633+0000] {processor.py:183} INFO - Processing /home/airflow/.local/lib/python3.12/site-packages/airflow/example_dags/example_xcomargs.py took 0.061 seconds
[2024-06-15T02:08:39.974+0000] {processor.py:161} INFO - Started process (PID=557) to work on /home/airflow/.local/lib/python3.12/site-packages/airflow/example_dags/example_xcomargs.py
[2024-06-15T02:08:39.974+0000] {processor.py:830} INFO - Processing file /home/airflow/.local/lib/python3.12/site-packages/airflow/example_dags/example_xcomargs.py for tasks to queue
[2024-06-15T02:08:39.976+0000] {logging_mixin.py:188} INFO - [2024-06-15T02:08:39.976+0000] {dagbag.py:545} INFO - Filling up the DagBag from /home/airflow/.local/lib/python3.12/site-packages/airflow/example_dags/example_xcomargs.py
[2024-06-15T02:08:39.982+0000] {processor.py:840} INFO - DAG(s) 'example_xcom_args_with_operators', 'example_xcom_args' retrieved from /home/airflow/.local/lib/python3.12/site-packages/airflow/example_dags/example_xcomargs.py
[2024-06-15T02:08:40.001+0000] {logging_mixin.py:188} INFO - [2024-06-15T02:08:40.001+0000] {dag.py:3096} INFO - Sync 2 DAGs
[2024-06-15T02:08:40.013+0000] {logging_mixin.py:188} INFO - [2024-06-15T02:08:40.013+0000] {dag.py:3954} INFO - Setting next_dagrun for example_xcom_args to None, run_after=None
[2024-06-15T02:08:40.016+0000] {logging_mixin.py:188} INFO - [2024-06-15T02:08:40.016+0000] {dag.py:3954} INFO - Setting next_dagrun for example_xcom_args_with_operators to None, run_after=None
[2024-06-15T02:08:40.030+0000] {processor.py:183} INFO - Processing /home/airflow/.local/lib/python3.12/site-packages/airflow/example_dags/example_xcomargs.py took 0.061 seconds
[2024-06-15T02:09:10.396+0000] {processor.py:161} INFO - Started process (PID=615) to work on /home/airflow/.local/lib/python3.12/site-packages/airflow/example_dags/example_xcomargs.py
[2024-06-15T02:09:10.397+0000] {processor.py:830} INFO - Processing file /home/airflow/.local/lib/python3.12/site-packages/airflow/example_dags/example_xcomargs.py for tasks to queue
[2024-06-15T02:09:10.398+0000] {logging_mixin.py:188} INFO - [2024-06-15T02:09:10.398+0000] {dagbag.py:545} INFO - Filling up the DagBag from /home/airflow/.local/lib/python3.12/site-packages/airflow/example_dags/example_xcomargs.py
[2024-06-15T02:09:10.405+0000] {processor.py:840} INFO - DAG(s) 'example_xcom_args', 'example_xcom_args_with_operators' retrieved from /home/airflow/.local/lib/python3.12/site-packages/airflow/example_dags/example_xcomargs.py
[2024-06-15T02:09:10.425+0000] {logging_mixin.py:188} INFO - [2024-06-15T02:09:10.425+0000] {dag.py:3096} INFO - Sync 2 DAGs
[2024-06-15T02:09:10.436+0000] {logging_mixin.py:188} INFO - [2024-06-15T02:09:10.436+0000] {dag.py:3954} INFO - Setting next_dagrun for example_xcom_args to None, run_after=None
[2024-06-15T02:09:10.440+0000] {logging_mixin.py:188} INFO - [2024-06-15T02:09:10.440+0000] {dag.py:3954} INFO - Setting next_dagrun for example_xcom_args_with_operators to None, run_after=None
[2024-06-15T02:09:10.455+0000] {processor.py:183} INFO - Processing /home/airflow/.local/lib/python3.12/site-packages/airflow/example_dags/example_xcomargs.py took 0.063 seconds
[2024-06-15T02:09:40.564+0000] {processor.py:161} INFO - Started process (PID=673) to work on /home/airflow/.local/lib/python3.12/site-packages/airflow/example_dags/example_xcomargs.py
[2024-06-15T02:09:40.565+0000] {processor.py:830} INFO - Processing file /home/airflow/.local/lib/python3.12/site-packages/airflow/example_dags/example_xcomargs.py for tasks to queue
[2024-06-15T02:09:40.566+0000] {logging_mixin.py:188} INFO - [2024-06-15T02:09:40.566+0000] {dagbag.py:545} INFO - Filling up the DagBag from /home/airflow/.local/lib/python3.12/site-packages/airflow/example_dags/example_xcomargs.py
[2024-06-15T02:09:40.572+0000] {processor.py:840} INFO - DAG(s) 'example_xcom_args_with_operators', 'example_xcom_args' retrieved from /home/airflow/.local/lib/python3.12/site-packages/airflow/example_dags/example_xcomargs.py
[2024-06-15T02:09:40.591+0000] {logging_mixin.py:188} INFO - [2024-06-15T02:09:40.590+0000] {dag.py:3096} INFO - Sync 2 DAGs
[2024-06-15T02:09:40.602+0000] {logging_mixin.py:188} INFO - [2024-06-15T02:09:40.602+0000] {dag.py:3954} INFO - Setting next_dagrun for example_xcom_args to None, run_after=None
[2024-06-15T02:09:40.605+0000] {logging_mixin.py:188} INFO - [2024-06-15T02:09:40.605+0000] {dag.py:3954} INFO - Setting next_dagrun for example_xcom_args_with_operators to None, run_after=None
[2024-06-15T02:09:40.624+0000] {processor.py:183} INFO - Processing /home/airflow/.local/lib/python3.12/site-packages/airflow/example_dags/example_xcomargs.py took 0.064 seconds
[2024-06-15T02:10:10.668+0000] {processor.py:161} INFO - Started process (PID=730) to work on /home/airflow/.local/lib/python3.12/site-packages/airflow/example_dags/example_xcomargs.py
[2024-06-15T02:10:10.669+0000] {processor.py:830} INFO - Processing file /home/airflow/.local/lib/python3.12/site-packages/airflow/example_dags/example_xcomargs.py for tasks to queue
[2024-06-15T02:10:10.670+0000] {logging_mixin.py:188} INFO - [2024-06-15T02:10:10.670+0000] {dagbag.py:545} INFO - Filling up the DagBag from /home/airflow/.local/lib/python3.12/site-packages/airflow/example_dags/example_xcomargs.py
[2024-06-15T02:10:10.676+0000] {processor.py:840} INFO - DAG(s) 'example_xcom_args', 'example_xcom_args_with_operators' retrieved from /home/airflow/.local/lib/python3.12/site-packages/airflow/example_dags/example_xcomargs.py
[2024-06-15T02:10:10.694+0000] {logging_mixin.py:188} INFO - [2024-06-15T02:10:10.694+0000] {dag.py:3096} INFO - Sync 2 DAGs
[2024-06-15T02:10:10.710+0000] {logging_mixin.py:188} INFO - [2024-06-15T02:10:10.710+0000] {dag.py:3954} INFO - Setting next_dagrun for example_xcom_args to None, run_after=None
[2024-06-15T02:10:10.713+0000] {logging_mixin.py:188} INFO - [2024-06-15T02:10:10.713+0000] {dag.py:3954} INFO - Setting next_dagrun for example_xcom_args_with_operators to None, run_after=None
[2024-06-15T02:10:10.726+0000] {processor.py:183} INFO - Processing /home/airflow/.local/lib/python3.12/site-packages/airflow/example_dags/example_xcomargs.py took 0.062 seconds
[2024-06-15T02:10:41.228+0000] {processor.py:161} INFO - Started process (PID=789) to work on /home/airflow/.local/lib/python3.12/site-packages/airflow/example_dags/example_xcomargs.py
[2024-06-15T02:10:41.229+0000] {processor.py:830} INFO - Processing file /home/airflow/.local/lib/python3.12/site-packages/airflow/example_dags/example_xcomargs.py for tasks to queue
[2024-06-15T02:10:41.230+0000] {logging_mixin.py:188} INFO - [2024-06-15T02:10:41.230+0000] {dagbag.py:545} INFO - Filling up the DagBag from /home/airflow/.local/lib/python3.12/site-packages/airflow/example_dags/example_xcomargs.py
[2024-06-15T02:10:41.236+0000] {processor.py:840} INFO - DAG(s) 'example_xcom_args', 'example_xcom_args_with_operators' retrieved from /home/airflow/.local/lib/python3.12/site-packages/airflow/example_dags/example_xcomargs.py
[2024-06-15T02:10:41.259+0000] {logging_mixin.py:188} INFO - [2024-06-15T02:10:41.258+0000] {dag.py:3096} INFO - Sync 2 DAGs
[2024-06-15T02:10:41.272+0000] {logging_mixin.py:188} INFO - [2024-06-15T02:10:41.272+0000] {dag.py:3954} INFO - Setting next_dagrun for example_xcom_args to None, run_after=None
[2024-06-15T02:10:41.276+0000] {logging_mixin.py:188} INFO - [2024-06-15T02:10:41.276+0000] {dag.py:3954} INFO - Setting next_dagrun for example_xcom_args_with_operators to None, run_after=None
[2024-06-15T02:10:41.290+0000] {processor.py:183} INFO - Processing /home/airflow/.local/lib/python3.12/site-packages/airflow/example_dags/example_xcomargs.py took 0.066 seconds
[2024-06-15T02:11:11.813+0000] {processor.py:161} INFO - Started process (PID=847) to work on /home/airflow/.local/lib/python3.12/site-packages/airflow/example_dags/example_xcomargs.py
[2024-06-15T02:11:11.813+0000] {processor.py:830} INFO - Processing file /home/airflow/.local/lib/python3.12/site-packages/airflow/example_dags/example_xcomargs.py for tasks to queue
[2024-06-15T02:11:11.815+0000] {logging_mixin.py:188} INFO - [2024-06-15T02:11:11.814+0000] {dagbag.py:545} INFO - Filling up the DagBag from /home/airflow/.local/lib/python3.12/site-packages/airflow/example_dags/example_xcomargs.py
[2024-06-15T02:11:11.822+0000] {processor.py:840} INFO - DAG(s) 'example_xcom_args', 'example_xcom_args_with_operators' retrieved from /home/airflow/.local/lib/python3.12/site-packages/airflow/example_dags/example_xcomargs.py
[2024-06-15T02:11:11.843+0000] {logging_mixin.py:188} INFO - [2024-06-15T02:11:11.843+0000] {dag.py:3096} INFO - Sync 2 DAGs
[2024-06-15T02:11:11.856+0000] {logging_mixin.py:188} INFO - [2024-06-15T02:11:11.856+0000] {dag.py:3954} INFO - Setting next_dagrun for example_xcom_args to None, run_after=None
[2024-06-15T02:11:11.860+0000] {logging_mixin.py:188} INFO - [2024-06-15T02:11:11.860+0000] {dag.py:3954} INFO - Setting next_dagrun for example_xcom_args_with_operators to None, run_after=None
[2024-06-15T02:11:11.874+0000] {processor.py:183} INFO - Processing /home/airflow/.local/lib/python3.12/site-packages/airflow/example_dags/example_xcomargs.py took 0.066 seconds
[2024-06-15T02:11:42.199+0000] {processor.py:161} INFO - Started process (PID=905) to work on /home/airflow/.local/lib/python3.12/site-packages/airflow/example_dags/example_xcomargs.py
[2024-06-15T02:11:42.200+0000] {processor.py:830} INFO - Processing file /home/airflow/.local/lib/python3.12/site-packages/airflow/example_dags/example_xcomargs.py for tasks to queue
[2024-06-15T02:11:42.201+0000] {logging_mixin.py:188} INFO - [2024-06-15T02:11:42.201+0000] {dagbag.py:545} INFO - Filling up the DagBag from /home/airflow/.local/lib/python3.12/site-packages/airflow/example_dags/example_xcomargs.py
[2024-06-15T02:11:42.209+0000] {processor.py:840} INFO - DAG(s) 'example_xcom_args', 'example_xcom_args_with_operators' retrieved from /home/airflow/.local/lib/python3.12/site-packages/airflow/example_dags/example_xcomargs.py
[2024-06-15T02:11:42.234+0000] {logging_mixin.py:188} INFO - [2024-06-15T02:11:42.234+0000] {dag.py:3096} INFO - Sync 2 DAGs
[2024-06-15T02:11:42.252+0000] {logging_mixin.py:188} INFO - [2024-06-15T02:11:42.252+0000] {dag.py:3954} INFO - Setting next_dagrun for example_xcom_args to None, run_after=None
[2024-06-15T02:11:42.257+0000] {logging_mixin.py:188} INFO - [2024-06-15T02:11:42.257+0000] {dag.py:3954} INFO - Setting next_dagrun for example_xcom_args_with_operators to None, run_after=None
[2024-06-15T02:11:42.285+0000] {processor.py:183} INFO - Processing /home/airflow/.local/lib/python3.12/site-packages/airflow/example_dags/example_xcomargs.py took 0.091 seconds
[2024-06-15T02:12:12.789+0000] {processor.py:161} INFO - Started process (PID=963) to work on /home/airflow/.local/lib/python3.12/site-packages/airflow/example_dags/example_xcomargs.py
[2024-06-15T02:12:12.789+0000] {processor.py:830} INFO - Processing file /home/airflow/.local/lib/python3.12/site-packages/airflow/example_dags/example_xcomargs.py for tasks to queue
[2024-06-15T02:12:12.792+0000] {logging_mixin.py:188} INFO - [2024-06-15T02:12:12.791+0000] {dagbag.py:545} INFO - Filling up the DagBag from /home/airflow/.local/lib/python3.12/site-packages/airflow/example_dags/example_xcomargs.py
[2024-06-15T02:12:12.799+0000] {processor.py:840} INFO - DAG(s) 'example_xcom_args', 'example_xcom_args_with_operators' retrieved from /home/airflow/.local/lib/python3.12/site-packages/airflow/example_dags/example_xcomargs.py
[2024-06-15T02:12:12.822+0000] {logging_mixin.py:188} INFO - [2024-06-15T02:12:12.822+0000] {dag.py:3096} INFO - Sync 2 DAGs
[2024-06-15T02:12:12.835+0000] {logging_mixin.py:188} INFO - [2024-06-15T02:12:12.835+0000] {dag.py:3954} INFO - Setting next_dagrun for example_xcom_args to None, run_after=None
[2024-06-15T02:12:12.840+0000] {logging_mixin.py:188} INFO - [2024-06-15T02:12:12.839+0000] {dag.py:3954} INFO - Setting next_dagrun for example_xcom_args_with_operators to None, run_after=None
[2024-06-15T02:12:12.858+0000] {processor.py:183} INFO - Processing /home/airflow/.local/lib/python3.12/site-packages/airflow/example_dags/example_xcomargs.py took 0.073 seconds
[2024-06-15T02:12:43.242+0000] {processor.py:161} INFO - Started process (PID=1021) to work on /home/airflow/.local/lib/python3.12/site-packages/airflow/example_dags/example_xcomargs.py
[2024-06-15T02:12:43.243+0000] {processor.py:830} INFO - Processing file /home/airflow/.local/lib/python3.12/site-packages/airflow/example_dags/example_xcomargs.py for tasks to queue
[2024-06-15T02:12:43.244+0000] {logging_mixin.py:188} INFO - [2024-06-15T02:12:43.244+0000] {dagbag.py:545} INFO - Filling up the DagBag from /home/airflow/.local/lib/python3.12/site-packages/airflow/example_dags/example_xcomargs.py
[2024-06-15T02:12:43.250+0000] {processor.py:840} INFO - DAG(s) 'example_xcom_args_with_operators', 'example_xcom_args' retrieved from /home/airflow/.local/lib/python3.12/site-packages/airflow/example_dags/example_xcomargs.py
[2024-06-15T02:12:43.269+0000] {logging_mixin.py:188} INFO - [2024-06-15T02:12:43.268+0000] {dag.py:3096} INFO - Sync 2 DAGs
[2024-06-15T02:12:43.281+0000] {logging_mixin.py:188} INFO - [2024-06-15T02:12:43.280+0000] {dag.py:3954} INFO - Setting next_dagrun for example_xcom_args to None, run_after=None
[2024-06-15T02:12:43.284+0000] {logging_mixin.py:188} INFO - [2024-06-15T02:12:43.284+0000] {dag.py:3954} INFO - Setting next_dagrun for example_xcom_args_with_operators to None, run_after=None
[2024-06-15T02:12:43.296+0000] {processor.py:183} INFO - Processing /home/airflow/.local/lib/python3.12/site-packages/airflow/example_dags/example_xcomargs.py took 0.057 seconds
[2024-06-15T02:13:13.633+0000] {processor.py:161} INFO - Started process (PID=1079) to work on /home/airflow/.local/lib/python3.12/site-packages/airflow/example_dags/example_xcomargs.py
[2024-06-15T02:13:13.634+0000] {processor.py:830} INFO - Processing file /home/airflow/.local/lib/python3.12/site-packages/airflow/example_dags/example_xcomargs.py for tasks to queue
[2024-06-15T02:13:13.635+0000] {logging_mixin.py:188} INFO - [2024-06-15T02:13:13.635+0000] {dagbag.py:545} INFO - Filling up the DagBag from /home/airflow/.local/lib/python3.12/site-packages/airflow/example_dags/example_xcomargs.py
[2024-06-15T02:13:13.641+0000] {processor.py:840} INFO - DAG(s) 'example_xcom_args_with_operators', 'example_xcom_args' retrieved from /home/airflow/.local/lib/python3.12/site-packages/airflow/example_dags/example_xcomargs.py
[2024-06-15T02:13:13.659+0000] {logging_mixin.py:188} INFO - [2024-06-15T02:13:13.659+0000] {dag.py:3096} INFO - Sync 2 DAGs
[2024-06-15T02:13:13.672+0000] {logging_mixin.py:188} INFO - [2024-06-15T02:13:13.672+0000] {dag.py:3954} INFO - Setting next_dagrun for example_xcom_args to None, run_after=None
[2024-06-15T02:13:13.676+0000] {logging_mixin.py:188} INFO - [2024-06-15T02:13:13.675+0000] {dag.py:3954} INFO - Setting next_dagrun for example_xcom_args_with_operators to None, run_after=None
[2024-06-15T02:13:13.690+0000] {processor.py:183} INFO - Processing /home/airflow/.local/lib/python3.12/site-packages/airflow/example_dags/example_xcomargs.py took 0.060 seconds
[2024-06-15T02:13:43.985+0000] {processor.py:161} INFO - Started process (PID=1137) to work on /home/airflow/.local/lib/python3.12/site-packages/airflow/example_dags/example_xcomargs.py
[2024-06-15T02:13:43.986+0000] {processor.py:830} INFO - Processing file /home/airflow/.local/lib/python3.12/site-packages/airflow/example_dags/example_xcomargs.py for tasks to queue
[2024-06-15T02:13:43.987+0000] {logging_mixin.py:188} INFO - [2024-06-15T02:13:43.987+0000] {dagbag.py:545} INFO - Filling up the DagBag from /home/airflow/.local/lib/python3.12/site-packages/airflow/example_dags/example_xcomargs.py
[2024-06-15T02:13:43.993+0000] {processor.py:840} INFO - DAG(s) 'example_xcom_args', 'example_xcom_args_with_operators' retrieved from /home/airflow/.local/lib/python3.12/site-packages/airflow/example_dags/example_xcomargs.py
[2024-06-15T02:13:44.010+0000] {logging_mixin.py:188} INFO - [2024-06-15T02:13:44.010+0000] {dag.py:3096} INFO - Sync 2 DAGs
[2024-06-15T02:13:44.023+0000] {logging_mixin.py:188} INFO - [2024-06-15T02:13:44.023+0000] {dag.py:3954} INFO - Setting next_dagrun for example_xcom_args to None, run_after=None
[2024-06-15T02:13:44.026+0000] {logging_mixin.py:188} INFO - [2024-06-15T02:13:44.026+0000] {dag.py:3954} INFO - Setting next_dagrun for example_xcom_args_with_operators to None, run_after=None
[2024-06-15T02:13:44.038+0000] {processor.py:183} INFO - Processing /home/airflow/.local/lib/python3.12/site-packages/airflow/example_dags/example_xcomargs.py took 0.057 seconds
[2024-06-15T02:14:14.314+0000] {processor.py:161} INFO - Started process (PID=1195) to work on /home/airflow/.local/lib/python3.12/site-packages/airflow/example_dags/example_xcomargs.py
[2024-06-15T02:14:14.315+0000] {processor.py:830} INFO - Processing file /home/airflow/.local/lib/python3.12/site-packages/airflow/example_dags/example_xcomargs.py for tasks to queue
[2024-06-15T02:14:14.316+0000] {logging_mixin.py:188} INFO - [2024-06-15T02:14:14.316+0000] {dagbag.py:545} INFO - Filling up the DagBag from /home/airflow/.local/lib/python3.12/site-packages/airflow/example_dags/example_xcomargs.py
[2024-06-15T02:14:14.322+0000] {processor.py:840} INFO - DAG(s) 'example_xcom_args', 'example_xcom_args_with_operators' retrieved from /home/airflow/.local/lib/python3.12/site-packages/airflow/example_dags/example_xcomargs.py
[2024-06-15T02:14:14.343+0000] {logging_mixin.py:188} INFO - [2024-06-15T02:14:14.343+0000] {dag.py:3096} INFO - Sync 2 DAGs
[2024-06-15T02:14:14.358+0000] {logging_mixin.py:188} INFO - [2024-06-15T02:14:14.357+0000] {dag.py:3954} INFO - Setting next_dagrun for example_xcom_args to None, run_after=None
[2024-06-15T02:14:14.361+0000] {logging_mixin.py:188} INFO - [2024-06-15T02:14:14.361+0000] {dag.py:3954} INFO - Setting next_dagrun for example_xcom_args_with_operators to None, run_after=None
[2024-06-15T02:14:14.375+0000] {processor.py:183} INFO - Processing /home/airflow/.local/lib/python3.12/site-packages/airflow/example_dags/example_xcomargs.py took 0.065 seconds
[2024-06-15T02:14:44.619+0000] {processor.py:161} INFO - Started process (PID=1253) to work on /home/airflow/.local/lib/python3.12/site-packages/airflow/example_dags/example_xcomargs.py
[2024-06-15T02:14:44.619+0000] {processor.py:830} INFO - Processing file /home/airflow/.local/lib/python3.12/site-packages/airflow/example_dags/example_xcomargs.py for tasks to queue
[2024-06-15T02:14:44.621+0000] {logging_mixin.py:188} INFO - [2024-06-15T02:14:44.620+0000] {dagbag.py:545} INFO - Filling up the DagBag from /home/airflow/.local/lib/python3.12/site-packages/airflow/example_dags/example_xcomargs.py
[2024-06-15T02:14:44.627+0000] {processor.py:840} INFO - DAG(s) 'example_xcom_args', 'example_xcom_args_with_operators' retrieved from /home/airflow/.local/lib/python3.12/site-packages/airflow/example_dags/example_xcomargs.py
[2024-06-15T02:14:44.646+0000] {logging_mixin.py:188} INFO - [2024-06-15T02:14:44.646+0000] {dag.py:3096} INFO - Sync 2 DAGs
[2024-06-15T02:14:44.660+0000] {logging_mixin.py:188} INFO - [2024-06-15T02:14:44.660+0000] {dag.py:3954} INFO - Setting next_dagrun for example_xcom_args to None, run_after=None
[2024-06-15T02:14:44.663+0000] {logging_mixin.py:188} INFO - [2024-06-15T02:14:44.663+0000] {dag.py:3954} INFO - Setting next_dagrun for example_xcom_args_with_operators to None, run_after=None
[2024-06-15T02:14:44.677+0000] {processor.py:183} INFO - Processing /home/airflow/.local/lib/python3.12/site-packages/airflow/example_dags/example_xcomargs.py took 0.062 seconds
[2024-06-15T02:15:15.078+0000] {processor.py:161} INFO - Started process (PID=1311) to work on /home/airflow/.local/lib/python3.12/site-packages/airflow/example_dags/example_xcomargs.py
[2024-06-15T02:15:15.079+0000] {processor.py:830} INFO - Processing file /home/airflow/.local/lib/python3.12/site-packages/airflow/example_dags/example_xcomargs.py for tasks to queue
[2024-06-15T02:15:15.080+0000] {logging_mixin.py:188} INFO - [2024-06-15T02:15:15.080+0000] {dagbag.py:545} INFO - Filling up the DagBag from /home/airflow/.local/lib/python3.12/site-packages/airflow/example_dags/example_xcomargs.py
[2024-06-15T02:15:15.088+0000] {processor.py:840} INFO - DAG(s) 'example_xcom_args', 'example_xcom_args_with_operators' retrieved from /home/airflow/.local/lib/python3.12/site-packages/airflow/example_dags/example_xcomargs.py
[2024-06-15T02:15:15.107+0000] {logging_mixin.py:188} INFO - [2024-06-15T02:15:15.107+0000] {dag.py:3096} INFO - Sync 2 DAGs
[2024-06-15T02:15:15.121+0000] {logging_mixin.py:188} INFO - [2024-06-15T02:15:15.121+0000] {dag.py:3954} INFO - Setting next_dagrun for example_xcom_args to None, run_after=None
[2024-06-15T02:15:15.124+0000] {logging_mixin.py:188} INFO - [2024-06-15T02:15:15.124+0000] {dag.py:3954} INFO - Setting next_dagrun for example_xcom_args_with_operators to None, run_after=None
[2024-06-15T02:15:15.138+0000] {processor.py:183} INFO - Processing /home/airflow/.local/lib/python3.12/site-packages/airflow/example_dags/example_xcomargs.py took 0.064 seconds
[2024-06-15T02:15:45.324+0000] {processor.py:161} INFO - Started process (PID=1369) to work on /home/airflow/.local/lib/python3.12/site-packages/airflow/example_dags/example_xcomargs.py
[2024-06-15T02:15:45.325+0000] {processor.py:830} INFO - Processing file /home/airflow/.local/lib/python3.12/site-packages/airflow/example_dags/example_xcomargs.py for tasks to queue
[2024-06-15T02:15:45.326+0000] {logging_mixin.py:188} INFO - [2024-06-15T02:15:45.326+0000] {dagbag.py:545} INFO - Filling up the DagBag from /home/airflow/.local/lib/python3.12/site-packages/airflow/example_dags/example_xcomargs.py
[2024-06-15T02:15:45.333+0000] {processor.py:840} INFO - DAG(s) 'example_xcom_args_with_operators', 'example_xcom_args' retrieved from /home/airflow/.local/lib/python3.12/site-packages/airflow/example_dags/example_xcomargs.py
[2024-06-15T02:15:45.351+0000] {logging_mixin.py:188} INFO - [2024-06-15T02:15:45.351+0000] {dag.py:3096} INFO - Sync 2 DAGs
[2024-06-15T02:15:45.361+0000] {logging_mixin.py:188} INFO - [2024-06-15T02:15:45.361+0000] {dag.py:3954} INFO - Setting next_dagrun for example_xcom_args to None, run_after=None
[2024-06-15T02:15:45.365+0000] {logging_mixin.py:188} INFO - [2024-06-15T02:15:45.365+0000] {dag.py:3954} INFO - Setting next_dagrun for example_xcom_args_with_operators to None, run_after=None
[2024-06-15T02:15:45.378+0000] {processor.py:183} INFO - Processing /home/airflow/.local/lib/python3.12/site-packages/airflow/example_dags/example_xcomargs.py took 0.058 seconds
[2024-06-15T02:16:15.542+0000] {processor.py:161} INFO - Started process (PID=1427) to work on /home/airflow/.local/lib/python3.12/site-packages/airflow/example_dags/example_xcomargs.py
[2024-06-15T02:16:15.543+0000] {processor.py:830} INFO - Processing file /home/airflow/.local/lib/python3.12/site-packages/airflow/example_dags/example_xcomargs.py for tasks to queue
[2024-06-15T02:16:15.545+0000] {logging_mixin.py:188} INFO - [2024-06-15T02:16:15.545+0000] {dagbag.py:545} INFO - Filling up the DagBag from /home/airflow/.local/lib/python3.12/site-packages/airflow/example_dags/example_xcomargs.py
[2024-06-15T02:16:15.551+0000] {processor.py:840} INFO - DAG(s) 'example_xcom_args', 'example_xcom_args_with_operators' retrieved from /home/airflow/.local/lib/python3.12/site-packages/airflow/example_dags/example_xcomargs.py
[2024-06-15T02:16:15.569+0000] {logging_mixin.py:188} INFO - [2024-06-15T02:16:15.569+0000] {dag.py:3096} INFO - Sync 2 DAGs
[2024-06-15T02:16:15.580+0000] {logging_mixin.py:188} INFO - [2024-06-15T02:16:15.580+0000] {dag.py:3954} INFO - Setting next_dagrun for example_xcom_args to None, run_after=None
[2024-06-15T02:16:15.584+0000] {logging_mixin.py:188} INFO - [2024-06-15T02:16:15.584+0000] {dag.py:3954} INFO - Setting next_dagrun for example_xcom_args_with_operators to None, run_after=None
[2024-06-15T02:16:15.622+0000] {processor.py:183} INFO - Processing /home/airflow/.local/lib/python3.12/site-packages/airflow/example_dags/example_xcomargs.py took 0.084 seconds
[2024-06-15T02:16:46.184+0000] {processor.py:161} INFO - Started process (PID=1485) to work on /home/airflow/.local/lib/python3.12/site-packages/airflow/example_dags/example_xcomargs.py
[2024-06-15T02:16:46.184+0000] {processor.py:830} INFO - Processing file /home/airflow/.local/lib/python3.12/site-packages/airflow/example_dags/example_xcomargs.py for tasks to queue
[2024-06-15T02:16:46.186+0000] {logging_mixin.py:188} INFO - [2024-06-15T02:16:46.186+0000] {dagbag.py:545} INFO - Filling up the DagBag from /home/airflow/.local/lib/python3.12/site-packages/airflow/example_dags/example_xcomargs.py
[2024-06-15T02:16:46.192+0000] {processor.py:840} INFO - DAG(s) 'example_xcom_args_with_operators', 'example_xcom_args' retrieved from /home/airflow/.local/lib/python3.12/site-packages/airflow/example_dags/example_xcomargs.py
[2024-06-15T02:16:46.210+0000] {logging_mixin.py:188} INFO - [2024-06-15T02:16:46.210+0000] {dag.py:3096} INFO - Sync 2 DAGs
[2024-06-15T02:16:46.220+0000] {logging_mixin.py:188} INFO - [2024-06-15T02:16:46.220+0000] {dag.py:3954} INFO - Setting next_dagrun for example_xcom_args to None, run_after=None
[2024-06-15T02:16:46.224+0000] {logging_mixin.py:188} INFO - [2024-06-15T02:16:46.224+0000] {dag.py:3954} INFO - Setting next_dagrun for example_xcom_args_with_operators to None, run_after=None
[2024-06-15T02:16:46.237+0000] {processor.py:183} INFO - Processing /home/airflow/.local/lib/python3.12/site-packages/airflow/example_dags/example_xcomargs.py took 0.057 seconds
[2024-06-15T02:17:16.644+0000] {processor.py:161} INFO - Started process (PID=1543) to work on /home/airflow/.local/lib/python3.12/site-packages/airflow/example_dags/example_xcomargs.py
[2024-06-15T02:17:16.644+0000] {processor.py:830} INFO - Processing file /home/airflow/.local/lib/python3.12/site-packages/airflow/example_dags/example_xcomargs.py for tasks to queue
[2024-06-15T02:17:16.646+0000] {logging_mixin.py:188} INFO - [2024-06-15T02:17:16.646+0000] {dagbag.py:545} INFO - Filling up the DagBag from /home/airflow/.local/lib/python3.12/site-packages/airflow/example_dags/example_xcomargs.py
[2024-06-15T02:17:16.652+0000] {processor.py:840} INFO - DAG(s) 'example_xcom_args_with_operators', 'example_xcom_args' retrieved from /home/airflow/.local/lib/python3.12/site-packages/airflow/example_dags/example_xcomargs.py
[2024-06-15T02:17:16.670+0000] {logging_mixin.py:188} INFO - [2024-06-15T02:17:16.670+0000] {dag.py:3096} INFO - Sync 2 DAGs
[2024-06-15T02:17:16.681+0000] {logging_mixin.py:188} INFO - [2024-06-15T02:17:16.681+0000] {dag.py:3954} INFO - Setting next_dagrun for example_xcom_args to None, run_after=None
[2024-06-15T02:17:16.685+0000] {logging_mixin.py:188} INFO - [2024-06-15T02:17:16.685+0000] {dag.py:3954} INFO - Setting next_dagrun for example_xcom_args_with_operators to None, run_after=None
[2024-06-15T02:17:16.698+0000] {processor.py:183} INFO - Processing /home/airflow/.local/lib/python3.12/site-packages/airflow/example_dags/example_xcomargs.py took 0.058 seconds
[2024-06-15T02:17:47.009+0000] {processor.py:161} INFO - Started process (PID=1601) to work on /home/airflow/.local/lib/python3.12/site-packages/airflow/example_dags/example_xcomargs.py
[2024-06-15T02:17:47.009+0000] {processor.py:830} INFO - Processing file /home/airflow/.local/lib/python3.12/site-packages/airflow/example_dags/example_xcomargs.py for tasks to queue
[2024-06-15T02:17:47.011+0000] {logging_mixin.py:188} INFO - [2024-06-15T02:17:47.011+0000] {dagbag.py:545} INFO - Filling up the DagBag from /home/airflow/.local/lib/python3.12/site-packages/airflow/example_dags/example_xcomargs.py
[2024-06-15T02:17:47.017+0000] {processor.py:840} INFO - DAG(s) 'example_xcom_args_with_operators', 'example_xcom_args' retrieved from /home/airflow/.local/lib/python3.12/site-packages/airflow/example_dags/example_xcomargs.py
[2024-06-15T02:17:47.038+0000] {logging_mixin.py:188} INFO - [2024-06-15T02:17:47.038+0000] {dag.py:3096} INFO - Sync 2 DAGs
[2024-06-15T02:17:47.053+0000] {logging_mixin.py:188} INFO - [2024-06-15T02:17:47.053+0000] {dag.py:3954} INFO - Setting next_dagrun for example_xcom_args to None, run_after=None
[2024-06-15T02:17:47.059+0000] {logging_mixin.py:188} INFO - [2024-06-15T02:17:47.059+0000] {dag.py:3954} INFO - Setting next_dagrun for example_xcom_args_with_operators to None, run_after=None
[2024-06-15T02:17:47.075+0000] {processor.py:183} INFO - Processing /home/airflow/.local/lib/python3.12/site-packages/airflow/example_dags/example_xcomargs.py took 0.071 seconds
[2024-06-15T02:18:17.359+0000] {processor.py:161} INFO - Started process (PID=1659) to work on /home/airflow/.local/lib/python3.12/site-packages/airflow/example_dags/example_xcomargs.py
[2024-06-15T02:18:17.360+0000] {processor.py:830} INFO - Processing file /home/airflow/.local/lib/python3.12/site-packages/airflow/example_dags/example_xcomargs.py for tasks to queue
[2024-06-15T02:18:17.362+0000] {logging_mixin.py:188} INFO - [2024-06-15T02:18:17.362+0000] {dagbag.py:545} INFO - Filling up the DagBag from /home/airflow/.local/lib/python3.12/site-packages/airflow/example_dags/example_xcomargs.py
[2024-06-15T02:18:17.369+0000] {processor.py:840} INFO - DAG(s) 'example_xcom_args', 'example_xcom_args_with_operators' retrieved from /home/airflow/.local/lib/python3.12/site-packages/airflow/example_dags/example_xcomargs.py
[2024-06-15T02:18:17.391+0000] {logging_mixin.py:188} INFO - [2024-06-15T02:18:17.390+0000] {dag.py:3096} INFO - Sync 2 DAGs
[2024-06-15T02:18:17.403+0000] {logging_mixin.py:188} INFO - [2024-06-15T02:18:17.403+0000] {dag.py:3954} INFO - Setting next_dagrun for example_xcom_args to None, run_after=None
[2024-06-15T02:18:17.407+0000] {logging_mixin.py:188} INFO - [2024-06-15T02:18:17.407+0000] {dag.py:3954} INFO - Setting next_dagrun for example_xcom_args_with_operators to None, run_after=None
[2024-06-15T02:18:17.421+0000] {processor.py:183} INFO - Processing /home/airflow/.local/lib/python3.12/site-packages/airflow/example_dags/example_xcomargs.py took 0.066 seconds
[2024-06-15T02:18:47.830+0000] {processor.py:161} INFO - Started process (PID=1717) to work on /home/airflow/.local/lib/python3.12/site-packages/airflow/example_dags/example_xcomargs.py
[2024-06-15T02:18:47.831+0000] {processor.py:830} INFO - Processing file /home/airflow/.local/lib/python3.12/site-packages/airflow/example_dags/example_xcomargs.py for tasks to queue
[2024-06-15T02:18:47.833+0000] {logging_mixin.py:188} INFO - [2024-06-15T02:18:47.833+0000] {dagbag.py:545} INFO - Filling up the DagBag from /home/airflow/.local/lib/python3.12/site-packages/airflow/example_dags/example_xcomargs.py
[2024-06-15T02:18:47.839+0000] {processor.py:840} INFO - DAG(s) 'example_xcom_args_with_operators', 'example_xcom_args' retrieved from /home/airflow/.local/lib/python3.12/site-packages/airflow/example_dags/example_xcomargs.py
[2024-06-15T02:18:47.857+0000] {logging_mixin.py:188} INFO - [2024-06-15T02:18:47.857+0000] {dag.py:3096} INFO - Sync 2 DAGs
[2024-06-15T02:18:47.869+0000] {logging_mixin.py:188} INFO - [2024-06-15T02:18:47.869+0000] {dag.py:3954} INFO - Setting next_dagrun for example_xcom_args to None, run_after=None
[2024-06-15T02:18:47.872+0000] {logging_mixin.py:188} INFO - [2024-06-15T02:18:47.872+0000] {dag.py:3954} INFO - Setting next_dagrun for example_xcom_args_with_operators to None, run_after=None
[2024-06-15T02:18:47.886+0000] {processor.py:183} INFO - Processing /home/airflow/.local/lib/python3.12/site-packages/airflow/example_dags/example_xcomargs.py took 0.060 seconds
[2024-06-15T02:19:18.434+0000] {processor.py:161} INFO - Started process (PID=1775) to work on /home/airflow/.local/lib/python3.12/site-packages/airflow/example_dags/example_xcomargs.py
[2024-06-15T02:19:18.435+0000] {processor.py:830} INFO - Processing file /home/airflow/.local/lib/python3.12/site-packages/airflow/example_dags/example_xcomargs.py for tasks to queue
[2024-06-15T02:19:18.436+0000] {logging_mixin.py:188} INFO - [2024-06-15T02:19:18.436+0000] {dagbag.py:545} INFO - Filling up the DagBag from /home/airflow/.local/lib/python3.12/site-packages/airflow/example_dags/example_xcomargs.py
[2024-06-15T02:19:18.442+0000] {processor.py:840} INFO - DAG(s) 'example_xcom_args', 'example_xcom_args_with_operators' retrieved from /home/airflow/.local/lib/python3.12/site-packages/airflow/example_dags/example_xcomargs.py
[2024-06-15T02:19:18.460+0000] {logging_mixin.py:188} INFO - [2024-06-15T02:19:18.460+0000] {dag.py:3096} INFO - Sync 2 DAGs
[2024-06-15T02:19:18.471+0000] {logging_mixin.py:188} INFO - [2024-06-15T02:19:18.471+0000] {dag.py:3954} INFO - Setting next_dagrun for example_xcom_args to None, run_after=None
[2024-06-15T02:19:18.475+0000] {logging_mixin.py:188} INFO - [2024-06-15T02:19:18.475+0000] {dag.py:3954} INFO - Setting next_dagrun for example_xcom_args_with_operators to None, run_after=None
[2024-06-15T02:19:18.488+0000] {processor.py:183} INFO - Processing /home/airflow/.local/lib/python3.12/site-packages/airflow/example_dags/example_xcomargs.py took 0.058 seconds
[2024-06-15T02:19:48.627+0000] {processor.py:161} INFO - Started process (PID=1833) to work on /home/airflow/.local/lib/python3.12/site-packages/airflow/example_dags/example_xcomargs.py
[2024-06-15T02:19:48.628+0000] {processor.py:830} INFO - Processing file /home/airflow/.local/lib/python3.12/site-packages/airflow/example_dags/example_xcomargs.py for tasks to queue
[2024-06-15T02:19:48.630+0000] {logging_mixin.py:188} INFO - [2024-06-15T02:19:48.630+0000] {dagbag.py:545} INFO - Filling up the DagBag from /home/airflow/.local/lib/python3.12/site-packages/airflow/example_dags/example_xcomargs.py
[2024-06-15T02:19:48.635+0000] {processor.py:840} INFO - DAG(s) 'example_xcom_args_with_operators', 'example_xcom_args' retrieved from /home/airflow/.local/lib/python3.12/site-packages/airflow/example_dags/example_xcomargs.py
[2024-06-15T02:19:48.653+0000] {logging_mixin.py:188} INFO - [2024-06-15T02:19:48.653+0000] {dag.py:3096} INFO - Sync 2 DAGs
[2024-06-15T02:19:48.664+0000] {logging_mixin.py:188} INFO - [2024-06-15T02:19:48.664+0000] {dag.py:3954} INFO - Setting next_dagrun for example_xcom_args to None, run_after=None
[2024-06-15T02:19:48.667+0000] {logging_mixin.py:188} INFO - [2024-06-15T02:19:48.667+0000] {dag.py:3954} INFO - Setting next_dagrun for example_xcom_args_with_operators to None, run_after=None
[2024-06-15T02:19:48.680+0000] {processor.py:183} INFO - Processing /home/airflow/.local/lib/python3.12/site-packages/airflow/example_dags/example_xcomargs.py took 0.056 seconds
[2024-06-15T02:20:18.865+0000] {processor.py:161} INFO - Started process (PID=1891) to work on /home/airflow/.local/lib/python3.12/site-packages/airflow/example_dags/example_xcomargs.py
[2024-06-15T02:20:18.865+0000] {processor.py:830} INFO - Processing file /home/airflow/.local/lib/python3.12/site-packages/airflow/example_dags/example_xcomargs.py for tasks to queue
[2024-06-15T02:20:18.867+0000] {logging_mixin.py:188} INFO - [2024-06-15T02:20:18.867+0000] {dagbag.py:545} INFO - Filling up the DagBag from /home/airflow/.local/lib/python3.12/site-packages/airflow/example_dags/example_xcomargs.py
[2024-06-15T02:20:18.874+0000] {processor.py:840} INFO - DAG(s) 'example_xcom_args_with_operators', 'example_xcom_args' retrieved from /home/airflow/.local/lib/python3.12/site-packages/airflow/example_dags/example_xcomargs.py
[2024-06-15T02:20:18.895+0000] {logging_mixin.py:188} INFO - [2024-06-15T02:20:18.895+0000] {dag.py:3096} INFO - Sync 2 DAGs
[2024-06-15T02:20:18.907+0000] {logging_mixin.py:188} INFO - [2024-06-15T02:20:18.906+0000] {dag.py:3954} INFO - Setting next_dagrun for example_xcom_args to None, run_after=None
[2024-06-15T02:20:18.910+0000] {logging_mixin.py:188} INFO - [2024-06-15T02:20:18.910+0000] {dag.py:3954} INFO - Setting next_dagrun for example_xcom_args_with_operators to None, run_after=None
[2024-06-15T02:20:18.923+0000] {processor.py:183} INFO - Processing /home/airflow/.local/lib/python3.12/site-packages/airflow/example_dags/example_xcomargs.py took 0.063 seconds
[2024-06-15T02:20:49.163+0000] {processor.py:161} INFO - Started process (PID=1949) to work on /home/airflow/.local/lib/python3.12/site-packages/airflow/example_dags/example_xcomargs.py
[2024-06-15T02:20:49.164+0000] {processor.py:830} INFO - Processing file /home/airflow/.local/lib/python3.12/site-packages/airflow/example_dags/example_xcomargs.py for tasks to queue
[2024-06-15T02:20:49.166+0000] {logging_mixin.py:188} INFO - [2024-06-15T02:20:49.165+0000] {dagbag.py:545} INFO - Filling up the DagBag from /home/airflow/.local/lib/python3.12/site-packages/airflow/example_dags/example_xcomargs.py
[2024-06-15T02:20:49.173+0000] {processor.py:840} INFO - DAG(s) 'example_xcom_args_with_operators', 'example_xcom_args' retrieved from /home/airflow/.local/lib/python3.12/site-packages/airflow/example_dags/example_xcomargs.py
[2024-06-15T02:20:49.192+0000] {logging_mixin.py:188} INFO - [2024-06-15T02:20:49.192+0000] {dag.py:3096} INFO - Sync 2 DAGs
[2024-06-15T02:20:49.203+0000] {logging_mixin.py:188} INFO - [2024-06-15T02:20:49.203+0000] {dag.py:3954} INFO - Setting next_dagrun for example_xcom_args to None, run_after=None
[2024-06-15T02:20:49.206+0000] {logging_mixin.py:188} INFO - [2024-06-15T02:20:49.206+0000] {dag.py:3954} INFO - Setting next_dagrun for example_xcom_args_with_operators to None, run_after=None
[2024-06-15T02:20:49.220+0000] {processor.py:183} INFO - Processing /home/airflow/.local/lib/python3.12/site-packages/airflow/example_dags/example_xcomargs.py took 0.061 seconds
[2024-06-15T02:21:19.624+0000] {processor.py:161} INFO - Started process (PID=2007) to work on /home/airflow/.local/lib/python3.12/site-packages/airflow/example_dags/example_xcomargs.py
[2024-06-15T02:21:19.625+0000] {processor.py:830} INFO - Processing file /home/airflow/.local/lib/python3.12/site-packages/airflow/example_dags/example_xcomargs.py for tasks to queue
[2024-06-15T02:21:19.627+0000] {logging_mixin.py:188} INFO - [2024-06-15T02:21:19.627+0000] {dagbag.py:545} INFO - Filling up the DagBag from /home/airflow/.local/lib/python3.12/site-packages/airflow/example_dags/example_xcomargs.py
[2024-06-15T02:21:19.635+0000] {processor.py:840} INFO - DAG(s) 'example_xcom_args', 'example_xcom_args_with_operators' retrieved from /home/airflow/.local/lib/python3.12/site-packages/airflow/example_dags/example_xcomargs.py
[2024-06-15T02:21:19.656+0000] {logging_mixin.py:188} INFO - [2024-06-15T02:21:19.656+0000] {dag.py:3096} INFO - Sync 2 DAGs
[2024-06-15T02:21:19.668+0000] {logging_mixin.py:188} INFO - [2024-06-15T02:21:19.668+0000] {dag.py:3954} INFO - Setting next_dagrun for example_xcom_args to None, run_after=None
[2024-06-15T02:21:19.672+0000] {logging_mixin.py:188} INFO - [2024-06-15T02:21:19.672+0000] {dag.py:3954} INFO - Setting next_dagrun for example_xcom_args_with_operators to None, run_after=None
[2024-06-15T02:21:19.686+0000] {processor.py:183} INFO - Processing /home/airflow/.local/lib/python3.12/site-packages/airflow/example_dags/example_xcomargs.py took 0.065 seconds
[2024-06-15T02:21:49.913+0000] {processor.py:161} INFO - Started process (PID=2065) to work on /home/airflow/.local/lib/python3.12/site-packages/airflow/example_dags/example_xcomargs.py
[2024-06-15T02:21:49.913+0000] {processor.py:830} INFO - Processing file /home/airflow/.local/lib/python3.12/site-packages/airflow/example_dags/example_xcomargs.py for tasks to queue
[2024-06-15T02:21:49.915+0000] {logging_mixin.py:188} INFO - [2024-06-15T02:21:49.915+0000] {dagbag.py:545} INFO - Filling up the DagBag from /home/airflow/.local/lib/python3.12/site-packages/airflow/example_dags/example_xcomargs.py
[2024-06-15T02:21:49.921+0000] {processor.py:840} INFO - DAG(s) 'example_xcom_args_with_operators', 'example_xcom_args' retrieved from /home/airflow/.local/lib/python3.12/site-packages/airflow/example_dags/example_xcomargs.py
[2024-06-15T02:21:49.940+0000] {logging_mixin.py:188} INFO - [2024-06-15T02:21:49.940+0000] {dag.py:3096} INFO - Sync 2 DAGs
[2024-06-15T02:21:49.952+0000] {logging_mixin.py:188} INFO - [2024-06-15T02:21:49.952+0000] {dag.py:3954} INFO - Setting next_dagrun for example_xcom_args to None, run_after=None
[2024-06-15T02:21:49.955+0000] {logging_mixin.py:188} INFO - [2024-06-15T02:21:49.955+0000] {dag.py:3954} INFO - Setting next_dagrun for example_xcom_args_with_operators to None, run_after=None
[2024-06-15T02:21:49.969+0000] {processor.py:183} INFO - Processing /home/airflow/.local/lib/python3.12/site-packages/airflow/example_dags/example_xcomargs.py took 0.060 seconds
[2024-06-15T02:22:20.549+0000] {processor.py:161} INFO - Started process (PID=2123) to work on /home/airflow/.local/lib/python3.12/site-packages/airflow/example_dags/example_xcomargs.py
[2024-06-15T02:22:20.550+0000] {processor.py:830} INFO - Processing file /home/airflow/.local/lib/python3.12/site-packages/airflow/example_dags/example_xcomargs.py for tasks to queue
[2024-06-15T02:22:20.552+0000] {logging_mixin.py:188} INFO - [2024-06-15T02:22:20.551+0000] {dagbag.py:545} INFO - Filling up the DagBag from /home/airflow/.local/lib/python3.12/site-packages/airflow/example_dags/example_xcomargs.py
[2024-06-15T02:22:20.558+0000] {processor.py:840} INFO - DAG(s) 'example_xcom_args_with_operators', 'example_xcom_args' retrieved from /home/airflow/.local/lib/python3.12/site-packages/airflow/example_dags/example_xcomargs.py
[2024-06-15T02:22:20.576+0000] {logging_mixin.py:188} INFO - [2024-06-15T02:22:20.575+0000] {dag.py:3096} INFO - Sync 2 DAGs
[2024-06-15T02:22:20.586+0000] {logging_mixin.py:188} INFO - [2024-06-15T02:22:20.586+0000] {dag.py:3954} INFO - Setting next_dagrun for example_xcom_args to None, run_after=None
[2024-06-15T02:22:20.589+0000] {logging_mixin.py:188} INFO - [2024-06-15T02:22:20.589+0000] {dag.py:3954} INFO - Setting next_dagrun for example_xcom_args_with_operators to None, run_after=None
[2024-06-15T02:22:20.603+0000] {processor.py:183} INFO - Processing /home/airflow/.local/lib/python3.12/site-packages/airflow/example_dags/example_xcomargs.py took 0.058 seconds
[2024-06-15T02:22:50.775+0000] {processor.py:161} INFO - Started process (PID=2181) to work on /home/airflow/.local/lib/python3.12/site-packages/airflow/example_dags/example_xcomargs.py
[2024-06-15T02:22:50.776+0000] {processor.py:830} INFO - Processing file /home/airflow/.local/lib/python3.12/site-packages/airflow/example_dags/example_xcomargs.py for tasks to queue
[2024-06-15T02:22:50.777+0000] {logging_mixin.py:188} INFO - [2024-06-15T02:22:50.777+0000] {dagbag.py:545} INFO - Filling up the DagBag from /home/airflow/.local/lib/python3.12/site-packages/airflow/example_dags/example_xcomargs.py
[2024-06-15T02:22:50.783+0000] {processor.py:840} INFO - DAG(s) 'example_xcom_args', 'example_xcom_args_with_operators' retrieved from /home/airflow/.local/lib/python3.12/site-packages/airflow/example_dags/example_xcomargs.py
[2024-06-15T02:22:50.801+0000] {logging_mixin.py:188} INFO - [2024-06-15T02:22:50.801+0000] {dag.py:3096} INFO - Sync 2 DAGs
[2024-06-15T02:22:50.813+0000] {logging_mixin.py:188} INFO - [2024-06-15T02:22:50.812+0000] {dag.py:3954} INFO - Setting next_dagrun for example_xcom_args to None, run_after=None
[2024-06-15T02:22:50.816+0000] {logging_mixin.py:188} INFO - [2024-06-15T02:22:50.816+0000] {dag.py:3954} INFO - Setting next_dagrun for example_xcom_args_with_operators to None, run_after=None
[2024-06-15T02:22:50.828+0000] {processor.py:183} INFO - Processing /home/airflow/.local/lib/python3.12/site-packages/airflow/example_dags/example_xcomargs.py took 0.057 seconds
[2024-06-15T02:23:20.933+0000] {processor.py:161} INFO - Started process (PID=2239) to work on /home/airflow/.local/lib/python3.12/site-packages/airflow/example_dags/example_xcomargs.py
[2024-06-15T02:23:20.933+0000] {processor.py:830} INFO - Processing file /home/airflow/.local/lib/python3.12/site-packages/airflow/example_dags/example_xcomargs.py for tasks to queue
[2024-06-15T02:23:20.935+0000] {logging_mixin.py:188} INFO - [2024-06-15T02:23:20.935+0000] {dagbag.py:545} INFO - Filling up the DagBag from /home/airflow/.local/lib/python3.12/site-packages/airflow/example_dags/example_xcomargs.py
[2024-06-15T02:23:20.940+0000] {processor.py:840} INFO - DAG(s) 'example_xcom_args', 'example_xcom_args_with_operators' retrieved from /home/airflow/.local/lib/python3.12/site-packages/airflow/example_dags/example_xcomargs.py
[2024-06-15T02:23:20.959+0000] {logging_mixin.py:188} INFO - [2024-06-15T02:23:20.959+0000] {dag.py:3096} INFO - Sync 2 DAGs
[2024-06-15T02:23:20.971+0000] {logging_mixin.py:188} INFO - [2024-06-15T02:23:20.970+0000] {dag.py:3954} INFO - Setting next_dagrun for example_xcom_args to None, run_after=None
[2024-06-15T02:23:20.974+0000] {logging_mixin.py:188} INFO - [2024-06-15T02:23:20.973+0000] {dag.py:3954} INFO - Setting next_dagrun for example_xcom_args_with_operators to None, run_after=None
[2024-06-15T02:23:20.986+0000] {processor.py:183} INFO - Processing /home/airflow/.local/lib/python3.12/site-packages/airflow/example_dags/example_xcomargs.py took 0.058 seconds
[2024-06-15T02:23:51.207+0000] {processor.py:161} INFO - Started process (PID=2297) to work on /home/airflow/.local/lib/python3.12/site-packages/airflow/example_dags/example_xcomargs.py
[2024-06-15T02:23:51.208+0000] {processor.py:830} INFO - Processing file /home/airflow/.local/lib/python3.12/site-packages/airflow/example_dags/example_xcomargs.py for tasks to queue
[2024-06-15T02:23:51.209+0000] {logging_mixin.py:188} INFO - [2024-06-15T02:23:51.209+0000] {dagbag.py:545} INFO - Filling up the DagBag from /home/airflow/.local/lib/python3.12/site-packages/airflow/example_dags/example_xcomargs.py
[2024-06-15T02:23:51.215+0000] {processor.py:840} INFO - DAG(s) 'example_xcom_args_with_operators', 'example_xcom_args' retrieved from /home/airflow/.local/lib/python3.12/site-packages/airflow/example_dags/example_xcomargs.py
[2024-06-15T02:23:51.233+0000] {logging_mixin.py:188} INFO - [2024-06-15T02:23:51.232+0000] {dag.py:3096} INFO - Sync 2 DAGs
[2024-06-15T02:23:51.244+0000] {logging_mixin.py:188} INFO - [2024-06-15T02:23:51.244+0000] {dag.py:3954} INFO - Setting next_dagrun for example_xcom_args to None, run_after=None
[2024-06-15T02:23:51.248+0000] {logging_mixin.py:188} INFO - [2024-06-15T02:23:51.247+0000] {dag.py:3954} INFO - Setting next_dagrun for example_xcom_args_with_operators to None, run_after=None
[2024-06-15T02:23:51.261+0000] {processor.py:183} INFO - Processing /home/airflow/.local/lib/python3.12/site-packages/airflow/example_dags/example_xcomargs.py took 0.058 seconds
