[2024-06-15T02:04:09.811+0000] {processor.py:161} INFO - Started process (PID=79) to work on /home/airflow/.local/lib/python3.12/site-packages/airflow/example_dags/example_latest_only.py
[2024-06-15T02:04:09.812+0000] {processor.py:830} INFO - Processing file /home/airflow/.local/lib/python3.12/site-packages/airflow/example_dags/example_latest_only.py for tasks to queue
[2024-06-15T02:04:09.814+0000] {logging_mixin.py:188} INFO - [2024-06-15T02:04:09.813+0000] {dagbag.py:545} INFO - Filling up the DagBag from /home/airflow/.local/lib/python3.12/site-packages/airflow/example_dags/example_latest_only.py
[2024-06-15T02:04:09.819+0000] {processor.py:840} INFO - DAG(s) 'latest_only' retrieved from /home/airflow/.local/lib/python3.12/site-packages/airflow/example_dags/example_latest_only.py
[2024-06-15T02:04:09.830+0000] {logging_mixin.py:188} INFO - [2024-06-15T02:04:09.829+0000] {dag.py:3096} INFO - Sync 1 DAGs
[2024-06-15T02:04:09.854+0000] {logging_mixin.py:188} INFO - [2024-06-15T02:04:09.854+0000] {dag.py:3954} INFO - Setting next_dagrun for latest_only to 2024-06-14 20:00:00+00:00, run_after=2024-06-15 00:00:00+00:00
[2024-06-15T02:04:09.873+0000] {processor.py:183} INFO - Processing /home/airflow/.local/lib/python3.12/site-packages/airflow/example_dags/example_latest_only.py took 0.068 seconds
[2024-06-15T02:04:41.129+0000] {processor.py:161} INFO - Started process (PID=137) to work on /home/airflow/.local/lib/python3.12/site-packages/airflow/example_dags/example_latest_only.py
[2024-06-15T02:04:41.129+0000] {processor.py:830} INFO - Processing file /home/airflow/.local/lib/python3.12/site-packages/airflow/example_dags/example_latest_only.py for tasks to queue
[2024-06-15T02:04:41.131+0000] {logging_mixin.py:188} INFO - [2024-06-15T02:04:41.131+0000] {dagbag.py:545} INFO - Filling up the DagBag from /home/airflow/.local/lib/python3.12/site-packages/airflow/example_dags/example_latest_only.py
[2024-06-15T02:04:41.134+0000] {processor.py:840} INFO - DAG(s) 'latest_only' retrieved from /home/airflow/.local/lib/python3.12/site-packages/airflow/example_dags/example_latest_only.py
[2024-06-15T02:04:41.234+0000] {logging_mixin.py:188} INFO - [2024-06-15T02:04:41.234+0000] {dag.py:3096} INFO - Sync 1 DAGs
[2024-06-15T02:04:41.254+0000] {logging_mixin.py:188} INFO - [2024-06-15T02:04:41.253+0000] {dag.py:3954} INFO - Setting next_dagrun for latest_only to 2024-06-14 20:00:00+00:00, run_after=2024-06-15 00:00:00+00:00
[2024-06-15T02:04:41.269+0000] {processor.py:183} INFO - Processing /home/airflow/.local/lib/python3.12/site-packages/airflow/example_dags/example_latest_only.py took 0.145 seconds
[2024-06-15T02:05:11.788+0000] {processor.py:161} INFO - Started process (PID=195) to work on /home/airflow/.local/lib/python3.12/site-packages/airflow/example_dags/example_latest_only.py
[2024-06-15T02:05:11.789+0000] {processor.py:830} INFO - Processing file /home/airflow/.local/lib/python3.12/site-packages/airflow/example_dags/example_latest_only.py for tasks to queue
[2024-06-15T02:05:11.790+0000] {logging_mixin.py:188} INFO - [2024-06-15T02:05:11.790+0000] {dagbag.py:545} INFO - Filling up the DagBag from /home/airflow/.local/lib/python3.12/site-packages/airflow/example_dags/example_latest_only.py
[2024-06-15T02:05:11.794+0000] {processor.py:840} INFO - DAG(s) 'latest_only' retrieved from /home/airflow/.local/lib/python3.12/site-packages/airflow/example_dags/example_latest_only.py
[2024-06-15T02:05:11.811+0000] {logging_mixin.py:188} INFO - [2024-06-15T02:05:11.810+0000] {dag.py:3096} INFO - Sync 1 DAGs
[2024-06-15T02:05:11.829+0000] {logging_mixin.py:188} INFO - [2024-06-15T02:05:11.829+0000] {dag.py:3954} INFO - Setting next_dagrun for latest_only to 2024-06-14 20:00:00+00:00, run_after=2024-06-15 00:00:00+00:00
[2024-06-15T02:05:11.844+0000] {processor.py:183} INFO - Processing /home/airflow/.local/lib/python3.12/site-packages/airflow/example_dags/example_latest_only.py took 0.061 seconds
[2024-06-15T02:05:42.161+0000] {processor.py:161} INFO - Started process (PID=253) to work on /home/airflow/.local/lib/python3.12/site-packages/airflow/example_dags/example_latest_only.py
[2024-06-15T02:05:42.162+0000] {processor.py:830} INFO - Processing file /home/airflow/.local/lib/python3.12/site-packages/airflow/example_dags/example_latest_only.py for tasks to queue
[2024-06-15T02:05:42.164+0000] {logging_mixin.py:188} INFO - [2024-06-15T02:05:42.163+0000] {dagbag.py:545} INFO - Filling up the DagBag from /home/airflow/.local/lib/python3.12/site-packages/airflow/example_dags/example_latest_only.py
[2024-06-15T02:05:42.167+0000] {processor.py:840} INFO - DAG(s) 'latest_only' retrieved from /home/airflow/.local/lib/python3.12/site-packages/airflow/example_dags/example_latest_only.py
[2024-06-15T02:05:42.184+0000] {logging_mixin.py:188} INFO - [2024-06-15T02:05:42.184+0000] {dag.py:3096} INFO - Sync 1 DAGs
[2024-06-15T02:05:42.208+0000] {logging_mixin.py:188} INFO - [2024-06-15T02:05:42.205+0000] {dag.py:3954} INFO - Setting next_dagrun for latest_only to 2024-06-14 20:00:00+00:00, run_after=2024-06-15 00:00:00+00:00
[2024-06-15T02:05:42.224+0000] {processor.py:183} INFO - Processing /home/airflow/.local/lib/python3.12/site-packages/airflow/example_dags/example_latest_only.py took 0.068 seconds
[2024-06-15T02:06:12.328+0000] {processor.py:161} INFO - Started process (PID=310) to work on /home/airflow/.local/lib/python3.12/site-packages/airflow/example_dags/example_latest_only.py
[2024-06-15T02:06:12.329+0000] {processor.py:830} INFO - Processing file /home/airflow/.local/lib/python3.12/site-packages/airflow/example_dags/example_latest_only.py for tasks to queue
[2024-06-15T02:06:12.330+0000] {logging_mixin.py:188} INFO - [2024-06-15T02:06:12.330+0000] {dagbag.py:545} INFO - Filling up the DagBag from /home/airflow/.local/lib/python3.12/site-packages/airflow/example_dags/example_latest_only.py
[2024-06-15T02:06:12.333+0000] {processor.py:840} INFO - DAG(s) 'latest_only' retrieved from /home/airflow/.local/lib/python3.12/site-packages/airflow/example_dags/example_latest_only.py
[2024-06-15T02:06:12.349+0000] {logging_mixin.py:188} INFO - [2024-06-15T02:06:12.349+0000] {dag.py:3096} INFO - Sync 1 DAGs
[2024-06-15T02:06:12.367+0000] {logging_mixin.py:188} INFO - [2024-06-15T02:06:12.367+0000] {dag.py:3954} INFO - Setting next_dagrun for latest_only to 2024-06-14 20:00:00+00:00, run_after=2024-06-15 00:00:00+00:00
[2024-06-15T02:06:12.383+0000] {processor.py:183} INFO - Processing /home/airflow/.local/lib/python3.12/site-packages/airflow/example_dags/example_latest_only.py took 0.059 seconds
[2024-06-15T02:06:43.302+0000] {processor.py:161} INFO - Started process (PID=369) to work on /home/airflow/.local/lib/python3.12/site-packages/airflow/example_dags/example_latest_only.py
[2024-06-15T02:06:43.303+0000] {processor.py:830} INFO - Processing file /home/airflow/.local/lib/python3.12/site-packages/airflow/example_dags/example_latest_only.py for tasks to queue
[2024-06-15T02:06:43.304+0000] {logging_mixin.py:188} INFO - [2024-06-15T02:06:43.304+0000] {dagbag.py:545} INFO - Filling up the DagBag from /home/airflow/.local/lib/python3.12/site-packages/airflow/example_dags/example_latest_only.py
[2024-06-15T02:06:43.308+0000] {processor.py:840} INFO - DAG(s) 'latest_only' retrieved from /home/airflow/.local/lib/python3.12/site-packages/airflow/example_dags/example_latest_only.py
[2024-06-15T02:06:43.321+0000] {logging_mixin.py:188} INFO - [2024-06-15T02:06:43.321+0000] {dag.py:3096} INFO - Sync 1 DAGs
[2024-06-15T02:06:43.340+0000] {logging_mixin.py:188} INFO - [2024-06-15T02:06:43.340+0000] {dag.py:3954} INFO - Setting next_dagrun for latest_only to 2024-06-14 20:00:00+00:00, run_after=2024-06-15 00:00:00+00:00
[2024-06-15T02:06:43.354+0000] {processor.py:183} INFO - Processing /home/airflow/.local/lib/python3.12/site-packages/airflow/example_dags/example_latest_only.py took 0.056 seconds
[2024-06-15T02:07:13.483+0000] {processor.py:161} INFO - Started process (PID=427) to work on /home/airflow/.local/lib/python3.12/site-packages/airflow/example_dags/example_latest_only.py
[2024-06-15T02:07:13.484+0000] {processor.py:830} INFO - Processing file /home/airflow/.local/lib/python3.12/site-packages/airflow/example_dags/example_latest_only.py for tasks to queue
[2024-06-15T02:07:13.485+0000] {logging_mixin.py:188} INFO - [2024-06-15T02:07:13.485+0000] {dagbag.py:545} INFO - Filling up the DagBag from /home/airflow/.local/lib/python3.12/site-packages/airflow/example_dags/example_latest_only.py
[2024-06-15T02:07:13.489+0000] {processor.py:840} INFO - DAG(s) 'latest_only' retrieved from /home/airflow/.local/lib/python3.12/site-packages/airflow/example_dags/example_latest_only.py
[2024-06-15T02:07:13.503+0000] {logging_mixin.py:188} INFO - [2024-06-15T02:07:13.503+0000] {dag.py:3096} INFO - Sync 1 DAGs
[2024-06-15T02:07:13.523+0000] {logging_mixin.py:188} INFO - [2024-06-15T02:07:13.523+0000] {dag.py:3954} INFO - Setting next_dagrun for latest_only to 2024-06-14 20:00:00+00:00, run_after=2024-06-15 00:00:00+00:00
[2024-06-15T02:07:13.536+0000] {processor.py:183} INFO - Processing /home/airflow/.local/lib/python3.12/site-packages/airflow/example_dags/example_latest_only.py took 0.057 seconds
[2024-06-15T02:07:44.278+0000] {processor.py:161} INFO - Started process (PID=485) to work on /home/airflow/.local/lib/python3.12/site-packages/airflow/example_dags/example_latest_only.py
[2024-06-15T02:07:44.278+0000] {processor.py:830} INFO - Processing file /home/airflow/.local/lib/python3.12/site-packages/airflow/example_dags/example_latest_only.py for tasks to queue
[2024-06-15T02:07:44.280+0000] {logging_mixin.py:188} INFO - [2024-06-15T02:07:44.280+0000] {dagbag.py:545} INFO - Filling up the DagBag from /home/airflow/.local/lib/python3.12/site-packages/airflow/example_dags/example_latest_only.py
[2024-06-15T02:07:44.283+0000] {processor.py:840} INFO - DAG(s) 'latest_only' retrieved from /home/airflow/.local/lib/python3.12/site-packages/airflow/example_dags/example_latest_only.py
[2024-06-15T02:07:44.299+0000] {logging_mixin.py:188} INFO - [2024-06-15T02:07:44.298+0000] {dag.py:3096} INFO - Sync 1 DAGs
[2024-06-15T02:07:44.317+0000] {logging_mixin.py:188} INFO - [2024-06-15T02:07:44.317+0000] {dag.py:3954} INFO - Setting next_dagrun for latest_only to 2024-06-14 20:00:00+00:00, run_after=2024-06-15 00:00:00+00:00
[2024-06-15T02:07:44.331+0000] {processor.py:183} INFO - Processing /home/airflow/.local/lib/python3.12/site-packages/airflow/example_dags/example_latest_only.py took 0.059 seconds
[2024-06-15T02:08:14.665+0000] {processor.py:161} INFO - Started process (PID=543) to work on /home/airflow/.local/lib/python3.12/site-packages/airflow/example_dags/example_latest_only.py
[2024-06-15T02:08:14.666+0000] {processor.py:830} INFO - Processing file /home/airflow/.local/lib/python3.12/site-packages/airflow/example_dags/example_latest_only.py for tasks to queue
[2024-06-15T02:08:14.667+0000] {logging_mixin.py:188} INFO - [2024-06-15T02:08:14.667+0000] {dagbag.py:545} INFO - Filling up the DagBag from /home/airflow/.local/lib/python3.12/site-packages/airflow/example_dags/example_latest_only.py
[2024-06-15T02:08:14.671+0000] {processor.py:840} INFO - DAG(s) 'latest_only' retrieved from /home/airflow/.local/lib/python3.12/site-packages/airflow/example_dags/example_latest_only.py
[2024-06-15T02:08:14.686+0000] {logging_mixin.py:188} INFO - [2024-06-15T02:08:14.685+0000] {dag.py:3096} INFO - Sync 1 DAGs
[2024-06-15T02:08:14.704+0000] {logging_mixin.py:188} INFO - [2024-06-15T02:08:14.704+0000] {dag.py:3954} INFO - Setting next_dagrun for latest_only to 2024-06-14 20:00:00+00:00, run_after=2024-06-15 00:00:00+00:00
[2024-06-15T02:08:14.724+0000] {processor.py:183} INFO - Processing /home/airflow/.local/lib/python3.12/site-packages/airflow/example_dags/example_latest_only.py took 0.064 seconds
[2024-06-15T02:08:45.097+0000] {processor.py:161} INFO - Started process (PID=601) to work on /home/airflow/.local/lib/python3.12/site-packages/airflow/example_dags/example_latest_only.py
[2024-06-15T02:08:45.098+0000] {processor.py:830} INFO - Processing file /home/airflow/.local/lib/python3.12/site-packages/airflow/example_dags/example_latest_only.py for tasks to queue
[2024-06-15T02:08:45.100+0000] {logging_mixin.py:188} INFO - [2024-06-15T02:08:45.099+0000] {dagbag.py:545} INFO - Filling up the DagBag from /home/airflow/.local/lib/python3.12/site-packages/airflow/example_dags/example_latest_only.py
[2024-06-15T02:08:45.104+0000] {processor.py:840} INFO - DAG(s) 'latest_only' retrieved from /home/airflow/.local/lib/python3.12/site-packages/airflow/example_dags/example_latest_only.py
[2024-06-15T02:08:45.120+0000] {logging_mixin.py:188} INFO - [2024-06-15T02:08:45.120+0000] {dag.py:3096} INFO - Sync 1 DAGs
[2024-06-15T02:08:45.140+0000] {logging_mixin.py:188} INFO - [2024-06-15T02:08:45.139+0000] {dag.py:3954} INFO - Setting next_dagrun for latest_only to 2024-06-14 20:00:00+00:00, run_after=2024-06-15 00:00:00+00:00
[2024-06-15T02:08:45.159+0000] {processor.py:183} INFO - Processing /home/airflow/.local/lib/python3.12/site-packages/airflow/example_dags/example_latest_only.py took 0.066 seconds
[2024-06-15T02:09:15.827+0000] {processor.py:161} INFO - Started process (PID=659) to work on /home/airflow/.local/lib/python3.12/site-packages/airflow/example_dags/example_latest_only.py
[2024-06-15T02:09:15.828+0000] {processor.py:830} INFO - Processing file /home/airflow/.local/lib/python3.12/site-packages/airflow/example_dags/example_latest_only.py for tasks to queue
[2024-06-15T02:09:15.830+0000] {logging_mixin.py:188} INFO - [2024-06-15T02:09:15.829+0000] {dagbag.py:545} INFO - Filling up the DagBag from /home/airflow/.local/lib/python3.12/site-packages/airflow/example_dags/example_latest_only.py
[2024-06-15T02:09:15.834+0000] {processor.py:840} INFO - DAG(s) 'latest_only' retrieved from /home/airflow/.local/lib/python3.12/site-packages/airflow/example_dags/example_latest_only.py
[2024-06-15T02:09:15.852+0000] {logging_mixin.py:188} INFO - [2024-06-15T02:09:15.852+0000] {dag.py:3096} INFO - Sync 1 DAGs
[2024-06-15T02:09:15.875+0000] {logging_mixin.py:188} INFO - [2024-06-15T02:09:15.874+0000] {dag.py:3954} INFO - Setting next_dagrun for latest_only to 2024-06-14 20:00:00+00:00, run_after=2024-06-15 00:00:00+00:00
[2024-06-15T02:09:15.894+0000] {processor.py:183} INFO - Processing /home/airflow/.local/lib/python3.12/site-packages/airflow/example_dags/example_latest_only.py took 0.072 seconds
[2024-06-15T02:09:45.974+0000] {processor.py:161} INFO - Started process (PID=717) to work on /home/airflow/.local/lib/python3.12/site-packages/airflow/example_dags/example_latest_only.py
[2024-06-15T02:09:45.974+0000] {processor.py:830} INFO - Processing file /home/airflow/.local/lib/python3.12/site-packages/airflow/example_dags/example_latest_only.py for tasks to queue
[2024-06-15T02:09:45.976+0000] {logging_mixin.py:188} INFO - [2024-06-15T02:09:45.975+0000] {dagbag.py:545} INFO - Filling up the DagBag from /home/airflow/.local/lib/python3.12/site-packages/airflow/example_dags/example_latest_only.py
[2024-06-15T02:09:45.979+0000] {processor.py:840} INFO - DAG(s) 'latest_only' retrieved from /home/airflow/.local/lib/python3.12/site-packages/airflow/example_dags/example_latest_only.py
[2024-06-15T02:09:45.994+0000] {logging_mixin.py:188} INFO - [2024-06-15T02:09:45.994+0000] {dag.py:3096} INFO - Sync 1 DAGs
[2024-06-15T02:09:46.013+0000] {logging_mixin.py:188} INFO - [2024-06-15T02:09:46.013+0000] {dag.py:3954} INFO - Setting next_dagrun for latest_only to 2024-06-14 20:00:00+00:00, run_after=2024-06-15 00:00:00+00:00
[2024-06-15T02:09:46.029+0000] {processor.py:183} INFO - Processing /home/airflow/.local/lib/python3.12/site-packages/airflow/example_dags/example_latest_only.py took 0.059 seconds
[2024-06-15T02:10:16.967+0000] {processor.py:161} INFO - Started process (PID=775) to work on /home/airflow/.local/lib/python3.12/site-packages/airflow/example_dags/example_latest_only.py
[2024-06-15T02:10:16.968+0000] {processor.py:830} INFO - Processing file /home/airflow/.local/lib/python3.12/site-packages/airflow/example_dags/example_latest_only.py for tasks to queue
[2024-06-15T02:10:16.969+0000] {logging_mixin.py:188} INFO - [2024-06-15T02:10:16.969+0000] {dagbag.py:545} INFO - Filling up the DagBag from /home/airflow/.local/lib/python3.12/site-packages/airflow/example_dags/example_latest_only.py
[2024-06-15T02:10:16.973+0000] {processor.py:840} INFO - DAG(s) 'latest_only' retrieved from /home/airflow/.local/lib/python3.12/site-packages/airflow/example_dags/example_latest_only.py
[2024-06-15T02:10:16.989+0000] {logging_mixin.py:188} INFO - [2024-06-15T02:10:16.989+0000] {dag.py:3096} INFO - Sync 1 DAGs
[2024-06-15T02:10:17.007+0000] {logging_mixin.py:188} INFO - [2024-06-15T02:10:17.006+0000] {dag.py:3954} INFO - Setting next_dagrun for latest_only to 2024-06-14 20:00:00+00:00, run_after=2024-06-15 00:00:00+00:00
[2024-06-15T02:10:17.023+0000] {processor.py:183} INFO - Processing /home/airflow/.local/lib/python3.12/site-packages/airflow/example_dags/example_latest_only.py took 0.060 seconds
[2024-06-15T02:10:47.492+0000] {processor.py:161} INFO - Started process (PID=833) to work on /home/airflow/.local/lib/python3.12/site-packages/airflow/example_dags/example_latest_only.py
[2024-06-15T02:10:47.496+0000] {processor.py:830} INFO - Processing file /home/airflow/.local/lib/python3.12/site-packages/airflow/example_dags/example_latest_only.py for tasks to queue
[2024-06-15T02:10:47.499+0000] {logging_mixin.py:188} INFO - [2024-06-15T02:10:47.499+0000] {dagbag.py:545} INFO - Filling up the DagBag from /home/airflow/.local/lib/python3.12/site-packages/airflow/example_dags/example_latest_only.py
[2024-06-15T02:10:47.516+0000] {processor.py:840} INFO - DAG(s) 'latest_only' retrieved from /home/airflow/.local/lib/python3.12/site-packages/airflow/example_dags/example_latest_only.py
[2024-06-15T02:10:47.539+0000] {logging_mixin.py:188} INFO - [2024-06-15T02:10:47.539+0000] {dag.py:3096} INFO - Sync 1 DAGs
[2024-06-15T02:10:47.572+0000] {logging_mixin.py:188} INFO - [2024-06-15T02:10:47.571+0000] {dag.py:3954} INFO - Setting next_dagrun for latest_only to 2024-06-14 20:00:00+00:00, run_after=2024-06-15 00:00:00+00:00
[2024-06-15T02:10:47.594+0000] {processor.py:183} INFO - Processing /home/airflow/.local/lib/python3.12/site-packages/airflow/example_dags/example_latest_only.py took 0.107 seconds
[2024-06-15T02:11:17.945+0000] {processor.py:161} INFO - Started process (PID=891) to work on /home/airflow/.local/lib/python3.12/site-packages/airflow/example_dags/example_latest_only.py
[2024-06-15T02:11:17.946+0000] {processor.py:830} INFO - Processing file /home/airflow/.local/lib/python3.12/site-packages/airflow/example_dags/example_latest_only.py for tasks to queue
[2024-06-15T02:11:17.947+0000] {logging_mixin.py:188} INFO - [2024-06-15T02:11:17.947+0000] {dagbag.py:545} INFO - Filling up the DagBag from /home/airflow/.local/lib/python3.12/site-packages/airflow/example_dags/example_latest_only.py
[2024-06-15T02:11:17.951+0000] {processor.py:840} INFO - DAG(s) 'latest_only' retrieved from /home/airflow/.local/lib/python3.12/site-packages/airflow/example_dags/example_latest_only.py
[2024-06-15T02:11:17.967+0000] {logging_mixin.py:188} INFO - [2024-06-15T02:11:17.967+0000] {dag.py:3096} INFO - Sync 1 DAGs
[2024-06-15T02:11:17.985+0000] {logging_mixin.py:188} INFO - [2024-06-15T02:11:17.985+0000] {dag.py:3954} INFO - Setting next_dagrun for latest_only to 2024-06-14 20:00:00+00:00, run_after=2024-06-15 00:00:00+00:00
[2024-06-15T02:11:18.000+0000] {processor.py:183} INFO - Processing /home/airflow/.local/lib/python3.12/site-packages/airflow/example_dags/example_latest_only.py took 0.059 seconds
[2024-06-15T02:11:48.479+0000] {processor.py:161} INFO - Started process (PID=949) to work on /home/airflow/.local/lib/python3.12/site-packages/airflow/example_dags/example_latest_only.py
[2024-06-15T02:11:48.480+0000] {processor.py:830} INFO - Processing file /home/airflow/.local/lib/python3.12/site-packages/airflow/example_dags/example_latest_only.py for tasks to queue
[2024-06-15T02:11:48.481+0000] {logging_mixin.py:188} INFO - [2024-06-15T02:11:48.481+0000] {dagbag.py:545} INFO - Filling up the DagBag from /home/airflow/.local/lib/python3.12/site-packages/airflow/example_dags/example_latest_only.py
[2024-06-15T02:11:48.485+0000] {processor.py:840} INFO - DAG(s) 'latest_only' retrieved from /home/airflow/.local/lib/python3.12/site-packages/airflow/example_dags/example_latest_only.py
[2024-06-15T02:11:48.501+0000] {logging_mixin.py:188} INFO - [2024-06-15T02:11:48.501+0000] {dag.py:3096} INFO - Sync 1 DAGs
[2024-06-15T02:11:48.520+0000] {logging_mixin.py:188} INFO - [2024-06-15T02:11:48.520+0000] {dag.py:3954} INFO - Setting next_dagrun for latest_only to 2024-06-14 20:00:00+00:00, run_after=2024-06-15 00:00:00+00:00
[2024-06-15T02:11:48.535+0000] {processor.py:183} INFO - Processing /home/airflow/.local/lib/python3.12/site-packages/airflow/example_dags/example_latest_only.py took 0.059 seconds
[2024-06-15T02:12:18.989+0000] {processor.py:161} INFO - Started process (PID=1007) to work on /home/airflow/.local/lib/python3.12/site-packages/airflow/example_dags/example_latest_only.py
[2024-06-15T02:12:18.990+0000] {processor.py:830} INFO - Processing file /home/airflow/.local/lib/python3.12/site-packages/airflow/example_dags/example_latest_only.py for tasks to queue
[2024-06-15T02:12:18.991+0000] {logging_mixin.py:188} INFO - [2024-06-15T02:12:18.991+0000] {dagbag.py:545} INFO - Filling up the DagBag from /home/airflow/.local/lib/python3.12/site-packages/airflow/example_dags/example_latest_only.py
[2024-06-15T02:12:18.995+0000] {processor.py:840} INFO - DAG(s) 'latest_only' retrieved from /home/airflow/.local/lib/python3.12/site-packages/airflow/example_dags/example_latest_only.py
[2024-06-15T02:12:19.012+0000] {logging_mixin.py:188} INFO - [2024-06-15T02:12:19.012+0000] {dag.py:3096} INFO - Sync 1 DAGs
[2024-06-15T02:12:19.029+0000] {logging_mixin.py:188} INFO - [2024-06-15T02:12:19.029+0000] {dag.py:3954} INFO - Setting next_dagrun for latest_only to 2024-06-14 20:00:00+00:00, run_after=2024-06-15 00:00:00+00:00
[2024-06-15T02:12:19.048+0000] {processor.py:183} INFO - Processing /home/airflow/.local/lib/python3.12/site-packages/airflow/example_dags/example_latest_only.py took 0.063 seconds
[2024-06-15T02:12:49.385+0000] {processor.py:161} INFO - Started process (PID=1065) to work on /home/airflow/.local/lib/python3.12/site-packages/airflow/example_dags/example_latest_only.py
[2024-06-15T02:12:49.385+0000] {processor.py:830} INFO - Processing file /home/airflow/.local/lib/python3.12/site-packages/airflow/example_dags/example_latest_only.py for tasks to queue
[2024-06-15T02:12:49.387+0000] {logging_mixin.py:188} INFO - [2024-06-15T02:12:49.387+0000] {dagbag.py:545} INFO - Filling up the DagBag from /home/airflow/.local/lib/python3.12/site-packages/airflow/example_dags/example_latest_only.py
[2024-06-15T02:12:49.390+0000] {processor.py:840} INFO - DAG(s) 'latest_only' retrieved from /home/airflow/.local/lib/python3.12/site-packages/airflow/example_dags/example_latest_only.py
[2024-06-15T02:12:49.406+0000] {logging_mixin.py:188} INFO - [2024-06-15T02:12:49.405+0000] {dag.py:3096} INFO - Sync 1 DAGs
[2024-06-15T02:12:49.425+0000] {logging_mixin.py:188} INFO - [2024-06-15T02:12:49.424+0000] {dag.py:3954} INFO - Setting next_dagrun for latest_only to 2024-06-14 20:00:00+00:00, run_after=2024-06-15 00:00:00+00:00
[2024-06-15T02:12:49.441+0000] {processor.py:183} INFO - Processing /home/airflow/.local/lib/python3.12/site-packages/airflow/example_dags/example_latest_only.py took 0.060 seconds
[2024-06-15T02:13:19.690+0000] {processor.py:161} INFO - Started process (PID=1123) to work on /home/airflow/.local/lib/python3.12/site-packages/airflow/example_dags/example_latest_only.py
[2024-06-15T02:13:19.690+0000] {processor.py:830} INFO - Processing file /home/airflow/.local/lib/python3.12/site-packages/airflow/example_dags/example_latest_only.py for tasks to queue
[2024-06-15T02:13:19.692+0000] {logging_mixin.py:188} INFO - [2024-06-15T02:13:19.691+0000] {dagbag.py:545} INFO - Filling up the DagBag from /home/airflow/.local/lib/python3.12/site-packages/airflow/example_dags/example_latest_only.py
[2024-06-15T02:13:19.695+0000] {processor.py:840} INFO - DAG(s) 'latest_only' retrieved from /home/airflow/.local/lib/python3.12/site-packages/airflow/example_dags/example_latest_only.py
[2024-06-15T02:13:19.712+0000] {logging_mixin.py:188} INFO - [2024-06-15T02:13:19.711+0000] {dag.py:3096} INFO - Sync 1 DAGs
[2024-06-15T02:13:19.731+0000] {logging_mixin.py:188} INFO - [2024-06-15T02:13:19.731+0000] {dag.py:3954} INFO - Setting next_dagrun for latest_only to 2024-06-14 20:00:00+00:00, run_after=2024-06-15 00:00:00+00:00
[2024-06-15T02:13:19.748+0000] {processor.py:183} INFO - Processing /home/airflow/.local/lib/python3.12/site-packages/airflow/example_dags/example_latest_only.py took 0.063 seconds
[2024-06-15T02:13:50.018+0000] {processor.py:161} INFO - Started process (PID=1181) to work on /home/airflow/.local/lib/python3.12/site-packages/airflow/example_dags/example_latest_only.py
[2024-06-15T02:13:50.019+0000] {processor.py:830} INFO - Processing file /home/airflow/.local/lib/python3.12/site-packages/airflow/example_dags/example_latest_only.py for tasks to queue
[2024-06-15T02:13:50.020+0000] {logging_mixin.py:188} INFO - [2024-06-15T02:13:50.020+0000] {dagbag.py:545} INFO - Filling up the DagBag from /home/airflow/.local/lib/python3.12/site-packages/airflow/example_dags/example_latest_only.py
[2024-06-15T02:13:50.023+0000] {processor.py:840} INFO - DAG(s) 'latest_only' retrieved from /home/airflow/.local/lib/python3.12/site-packages/airflow/example_dags/example_latest_only.py
[2024-06-15T02:13:50.039+0000] {logging_mixin.py:188} INFO - [2024-06-15T02:13:50.039+0000] {dag.py:3096} INFO - Sync 1 DAGs
[2024-06-15T02:13:50.056+0000] {logging_mixin.py:188} INFO - [2024-06-15T02:13:50.055+0000] {dag.py:3954} INFO - Setting next_dagrun for latest_only to 2024-06-14 20:00:00+00:00, run_after=2024-06-15 00:00:00+00:00
[2024-06-15T02:13:50.074+0000] {processor.py:183} INFO - Processing /home/airflow/.local/lib/python3.12/site-packages/airflow/example_dags/example_latest_only.py took 0.060 seconds
[2024-06-15T02:14:20.307+0000] {processor.py:161} INFO - Started process (PID=1239) to work on /home/airflow/.local/lib/python3.12/site-packages/airflow/example_dags/example_latest_only.py
[2024-06-15T02:14:20.308+0000] {processor.py:830} INFO - Processing file /home/airflow/.local/lib/python3.12/site-packages/airflow/example_dags/example_latest_only.py for tasks to queue
[2024-06-15T02:14:20.309+0000] {logging_mixin.py:188} INFO - [2024-06-15T02:14:20.309+0000] {dagbag.py:545} INFO - Filling up the DagBag from /home/airflow/.local/lib/python3.12/site-packages/airflow/example_dags/example_latest_only.py
[2024-06-15T02:14:20.313+0000] {processor.py:840} INFO - DAG(s) 'latest_only' retrieved from /home/airflow/.local/lib/python3.12/site-packages/airflow/example_dags/example_latest_only.py
[2024-06-15T02:14:20.331+0000] {logging_mixin.py:188} INFO - [2024-06-15T02:14:20.331+0000] {dag.py:3096} INFO - Sync 1 DAGs
[2024-06-15T02:14:20.350+0000] {logging_mixin.py:188} INFO - [2024-06-15T02:14:20.349+0000] {dag.py:3954} INFO - Setting next_dagrun for latest_only to 2024-06-14 20:00:00+00:00, run_after=2024-06-15 00:00:00+00:00
[2024-06-15T02:14:20.365+0000] {processor.py:183} INFO - Processing /home/airflow/.local/lib/python3.12/site-packages/airflow/example_dags/example_latest_only.py took 0.063 seconds
[2024-06-15T02:14:50.825+0000] {processor.py:161} INFO - Started process (PID=1297) to work on /home/airflow/.local/lib/python3.12/site-packages/airflow/example_dags/example_latest_only.py
[2024-06-15T02:14:50.826+0000] {processor.py:830} INFO - Processing file /home/airflow/.local/lib/python3.12/site-packages/airflow/example_dags/example_latest_only.py for tasks to queue
[2024-06-15T02:14:50.828+0000] {logging_mixin.py:188} INFO - [2024-06-15T02:14:50.827+0000] {dagbag.py:545} INFO - Filling up the DagBag from /home/airflow/.local/lib/python3.12/site-packages/airflow/example_dags/example_latest_only.py
[2024-06-15T02:14:50.831+0000] {processor.py:840} INFO - DAG(s) 'latest_only' retrieved from /home/airflow/.local/lib/python3.12/site-packages/airflow/example_dags/example_latest_only.py
[2024-06-15T02:14:50.846+0000] {logging_mixin.py:188} INFO - [2024-06-15T02:14:50.846+0000] {dag.py:3096} INFO - Sync 1 DAGs
[2024-06-15T02:14:50.864+0000] {logging_mixin.py:188} INFO - [2024-06-15T02:14:50.864+0000] {dag.py:3954} INFO - Setting next_dagrun for latest_only to 2024-06-14 20:00:00+00:00, run_after=2024-06-15 00:00:00+00:00
[2024-06-15T02:14:50.879+0000] {processor.py:183} INFO - Processing /home/airflow/.local/lib/python3.12/site-packages/airflow/example_dags/example_latest_only.py took 0.057 seconds
[2024-06-15T02:15:21.075+0000] {processor.py:161} INFO - Started process (PID=1361) to work on /home/airflow/.local/lib/python3.12/site-packages/airflow/example_dags/example_latest_only.py
[2024-06-15T02:15:21.076+0000] {processor.py:830} INFO - Processing file /home/airflow/.local/lib/python3.12/site-packages/airflow/example_dags/example_latest_only.py for tasks to queue
[2024-06-15T02:15:21.077+0000] {logging_mixin.py:188} INFO - [2024-06-15T02:15:21.077+0000] {dagbag.py:545} INFO - Filling up the DagBag from /home/airflow/.local/lib/python3.12/site-packages/airflow/example_dags/example_latest_only.py
[2024-06-15T02:15:21.082+0000] {processor.py:840} INFO - DAG(s) 'latest_only' retrieved from /home/airflow/.local/lib/python3.12/site-packages/airflow/example_dags/example_latest_only.py
[2024-06-15T02:15:21.099+0000] {logging_mixin.py:188} INFO - [2024-06-15T02:15:21.098+0000] {dag.py:3096} INFO - Sync 1 DAGs
[2024-06-15T02:15:21.117+0000] {logging_mixin.py:188} INFO - [2024-06-15T02:15:21.117+0000] {dag.py:3954} INFO - Setting next_dagrun for latest_only to 2024-06-14 20:00:00+00:00, run_after=2024-06-15 00:00:00+00:00
[2024-06-15T02:15:21.132+0000] {processor.py:183} INFO - Processing /home/airflow/.local/lib/python3.12/site-packages/airflow/example_dags/example_latest_only.py took 0.063 seconds
[2024-06-15T02:15:51.270+0000] {processor.py:161} INFO - Started process (PID=1419) to work on /home/airflow/.local/lib/python3.12/site-packages/airflow/example_dags/example_latest_only.py
[2024-06-15T02:15:51.271+0000] {processor.py:830} INFO - Processing file /home/airflow/.local/lib/python3.12/site-packages/airflow/example_dags/example_latest_only.py for tasks to queue
[2024-06-15T02:15:51.272+0000] {logging_mixin.py:188} INFO - [2024-06-15T02:15:51.272+0000] {dagbag.py:545} INFO - Filling up the DagBag from /home/airflow/.local/lib/python3.12/site-packages/airflow/example_dags/example_latest_only.py
[2024-06-15T02:15:51.275+0000] {processor.py:840} INFO - DAG(s) 'latest_only' retrieved from /home/airflow/.local/lib/python3.12/site-packages/airflow/example_dags/example_latest_only.py
[2024-06-15T02:15:51.290+0000] {logging_mixin.py:188} INFO - [2024-06-15T02:15:51.289+0000] {dag.py:3096} INFO - Sync 1 DAGs
[2024-06-15T02:15:51.307+0000] {logging_mixin.py:188} INFO - [2024-06-15T02:15:51.307+0000] {dag.py:3954} INFO - Setting next_dagrun for latest_only to 2024-06-14 20:00:00+00:00, run_after=2024-06-15 00:00:00+00:00
[2024-06-15T02:15:51.323+0000] {processor.py:183} INFO - Processing /home/airflow/.local/lib/python3.12/site-packages/airflow/example_dags/example_latest_only.py took 0.057 seconds
[2024-06-15T02:16:23.786+0000] {processor.py:161} INFO - Started process (PID=1477) to work on /home/airflow/.local/lib/python3.12/site-packages/airflow/example_dags/example_latest_only.py
[2024-06-15T02:16:23.787+0000] {processor.py:830} INFO - Processing file /home/airflow/.local/lib/python3.12/site-packages/airflow/example_dags/example_latest_only.py for tasks to queue
[2024-06-15T02:16:23.789+0000] {logging_mixin.py:188} INFO - [2024-06-15T02:16:23.788+0000] {dagbag.py:545} INFO - Filling up the DagBag from /home/airflow/.local/lib/python3.12/site-packages/airflow/example_dags/example_latest_only.py
[2024-06-15T02:16:23.792+0000] {processor.py:840} INFO - DAG(s) 'latest_only' retrieved from /home/airflow/.local/lib/python3.12/site-packages/airflow/example_dags/example_latest_only.py
[2024-06-15T02:16:23.809+0000] {logging_mixin.py:188} INFO - [2024-06-15T02:16:23.809+0000] {dag.py:3096} INFO - Sync 1 DAGs
[2024-06-15T02:16:23.827+0000] {logging_mixin.py:188} INFO - [2024-06-15T02:16:23.827+0000] {dag.py:3954} INFO - Setting next_dagrun for latest_only to 2024-06-14 20:00:00+00:00, run_after=2024-06-15 00:00:00+00:00
[2024-06-15T02:16:24.055+0000] {processor.py:183} INFO - Processing /home/airflow/.local/lib/python3.12/site-packages/airflow/example_dags/example_latest_only.py took 0.274 seconds
[2024-06-15T02:16:54.384+0000] {processor.py:161} INFO - Started process (PID=1535) to work on /home/airflow/.local/lib/python3.12/site-packages/airflow/example_dags/example_latest_only.py
[2024-06-15T02:16:54.385+0000] {processor.py:830} INFO - Processing file /home/airflow/.local/lib/python3.12/site-packages/airflow/example_dags/example_latest_only.py for tasks to queue
[2024-06-15T02:16:54.386+0000] {logging_mixin.py:188} INFO - [2024-06-15T02:16:54.386+0000] {dagbag.py:545} INFO - Filling up the DagBag from /home/airflow/.local/lib/python3.12/site-packages/airflow/example_dags/example_latest_only.py
[2024-06-15T02:16:54.391+0000] {processor.py:840} INFO - DAG(s) 'latest_only' retrieved from /home/airflow/.local/lib/python3.12/site-packages/airflow/example_dags/example_latest_only.py
[2024-06-15T02:16:54.405+0000] {logging_mixin.py:188} INFO - [2024-06-15T02:16:54.405+0000] {dag.py:3096} INFO - Sync 1 DAGs
[2024-06-15T02:16:54.424+0000] {logging_mixin.py:188} INFO - [2024-06-15T02:16:54.424+0000] {dag.py:3954} INFO - Setting next_dagrun for latest_only to 2024-06-14 20:00:00+00:00, run_after=2024-06-15 00:00:00+00:00
[2024-06-15T02:16:54.439+0000] {processor.py:183} INFO - Processing /home/airflow/.local/lib/python3.12/site-packages/airflow/example_dags/example_latest_only.py took 0.060 seconds
[2024-06-15T02:17:24.793+0000] {processor.py:161} INFO - Started process (PID=1593) to work on /home/airflow/.local/lib/python3.12/site-packages/airflow/example_dags/example_latest_only.py
[2024-06-15T02:17:24.793+0000] {processor.py:830} INFO - Processing file /home/airflow/.local/lib/python3.12/site-packages/airflow/example_dags/example_latest_only.py for tasks to queue
[2024-06-15T02:17:24.795+0000] {logging_mixin.py:188} INFO - [2024-06-15T02:17:24.795+0000] {dagbag.py:545} INFO - Filling up the DagBag from /home/airflow/.local/lib/python3.12/site-packages/airflow/example_dags/example_latest_only.py
[2024-06-15T02:17:24.799+0000] {processor.py:840} INFO - DAG(s) 'latest_only' retrieved from /home/airflow/.local/lib/python3.12/site-packages/airflow/example_dags/example_latest_only.py
[2024-06-15T02:17:24.814+0000] {logging_mixin.py:188} INFO - [2024-06-15T02:17:24.814+0000] {dag.py:3096} INFO - Sync 1 DAGs
[2024-06-15T02:17:24.832+0000] {logging_mixin.py:188} INFO - [2024-06-15T02:17:24.832+0000] {dag.py:3954} INFO - Setting next_dagrun for latest_only to 2024-06-14 20:00:00+00:00, run_after=2024-06-15 00:00:00+00:00
[2024-06-15T02:17:24.846+0000] {processor.py:183} INFO - Processing /home/airflow/.local/lib/python3.12/site-packages/airflow/example_dags/example_latest_only.py took 0.058 seconds
[2024-06-15T02:17:55.136+0000] {processor.py:161} INFO - Started process (PID=1651) to work on /home/airflow/.local/lib/python3.12/site-packages/airflow/example_dags/example_latest_only.py
[2024-06-15T02:17:55.136+0000] {processor.py:830} INFO - Processing file /home/airflow/.local/lib/python3.12/site-packages/airflow/example_dags/example_latest_only.py for tasks to queue
[2024-06-15T02:17:55.138+0000] {logging_mixin.py:188} INFO - [2024-06-15T02:17:55.137+0000] {dagbag.py:545} INFO - Filling up the DagBag from /home/airflow/.local/lib/python3.12/site-packages/airflow/example_dags/example_latest_only.py
[2024-06-15T02:17:55.142+0000] {processor.py:840} INFO - DAG(s) 'latest_only' retrieved from /home/airflow/.local/lib/python3.12/site-packages/airflow/example_dags/example_latest_only.py
[2024-06-15T02:17:55.158+0000] {logging_mixin.py:188} INFO - [2024-06-15T02:17:55.157+0000] {dag.py:3096} INFO - Sync 1 DAGs
[2024-06-15T02:17:55.175+0000] {logging_mixin.py:188} INFO - [2024-06-15T02:17:55.175+0000] {dag.py:3954} INFO - Setting next_dagrun for latest_only to 2024-06-14 20:00:00+00:00, run_after=2024-06-15 00:00:00+00:00
[2024-06-15T02:17:55.189+0000] {processor.py:183} INFO - Processing /home/airflow/.local/lib/python3.12/site-packages/airflow/example_dags/example_latest_only.py took 0.058 seconds
[2024-06-15T02:18:25.586+0000] {processor.py:161} INFO - Started process (PID=1709) to work on /home/airflow/.local/lib/python3.12/site-packages/airflow/example_dags/example_latest_only.py
[2024-06-15T02:18:25.587+0000] {processor.py:830} INFO - Processing file /home/airflow/.local/lib/python3.12/site-packages/airflow/example_dags/example_latest_only.py for tasks to queue
[2024-06-15T02:18:25.588+0000] {logging_mixin.py:188} INFO - [2024-06-15T02:18:25.588+0000] {dagbag.py:545} INFO - Filling up the DagBag from /home/airflow/.local/lib/python3.12/site-packages/airflow/example_dags/example_latest_only.py
[2024-06-15T02:18:25.592+0000] {processor.py:840} INFO - DAG(s) 'latest_only' retrieved from /home/airflow/.local/lib/python3.12/site-packages/airflow/example_dags/example_latest_only.py
[2024-06-15T02:18:25.609+0000] {logging_mixin.py:188} INFO - [2024-06-15T02:18:25.609+0000] {dag.py:3096} INFO - Sync 1 DAGs
[2024-06-15T02:18:25.630+0000] {logging_mixin.py:188} INFO - [2024-06-15T02:18:25.630+0000] {dag.py:3954} INFO - Setting next_dagrun for latest_only to 2024-06-14 20:00:00+00:00, run_after=2024-06-15 00:00:00+00:00
[2024-06-15T02:18:25.644+0000] {processor.py:183} INFO - Processing /home/airflow/.local/lib/python3.12/site-packages/airflow/example_dags/example_latest_only.py took 0.062 seconds
[2024-06-15T02:18:56.175+0000] {processor.py:161} INFO - Started process (PID=1767) to work on /home/airflow/.local/lib/python3.12/site-packages/airflow/example_dags/example_latest_only.py
[2024-06-15T02:18:56.176+0000] {processor.py:830} INFO - Processing file /home/airflow/.local/lib/python3.12/site-packages/airflow/example_dags/example_latest_only.py for tasks to queue
[2024-06-15T02:18:56.178+0000] {logging_mixin.py:188} INFO - [2024-06-15T02:18:56.177+0000] {dagbag.py:545} INFO - Filling up the DagBag from /home/airflow/.local/lib/python3.12/site-packages/airflow/example_dags/example_latest_only.py
[2024-06-15T02:18:56.181+0000] {processor.py:840} INFO - DAG(s) 'latest_only' retrieved from /home/airflow/.local/lib/python3.12/site-packages/airflow/example_dags/example_latest_only.py
[2024-06-15T02:18:56.196+0000] {logging_mixin.py:188} INFO - [2024-06-15T02:18:56.196+0000] {dag.py:3096} INFO - Sync 1 DAGs
[2024-06-15T02:18:56.214+0000] {logging_mixin.py:188} INFO - [2024-06-15T02:18:56.214+0000] {dag.py:3954} INFO - Setting next_dagrun for latest_only to 2024-06-14 20:00:00+00:00, run_after=2024-06-15 00:00:00+00:00
[2024-06-15T02:18:56.228+0000] {processor.py:183} INFO - Processing /home/airflow/.local/lib/python3.12/site-packages/airflow/example_dags/example_latest_only.py took 0.058 seconds
[2024-06-15T02:19:26.345+0000] {processor.py:161} INFO - Started process (PID=1825) to work on /home/airflow/.local/lib/python3.12/site-packages/airflow/example_dags/example_latest_only.py
[2024-06-15T02:19:26.346+0000] {processor.py:830} INFO - Processing file /home/airflow/.local/lib/python3.12/site-packages/airflow/example_dags/example_latest_only.py for tasks to queue
[2024-06-15T02:19:26.347+0000] {logging_mixin.py:188} INFO - [2024-06-15T02:19:26.347+0000] {dagbag.py:545} INFO - Filling up the DagBag from /home/airflow/.local/lib/python3.12/site-packages/airflow/example_dags/example_latest_only.py
[2024-06-15T02:19:26.351+0000] {processor.py:840} INFO - DAG(s) 'latest_only' retrieved from /home/airflow/.local/lib/python3.12/site-packages/airflow/example_dags/example_latest_only.py
[2024-06-15T02:19:26.367+0000] {logging_mixin.py:188} INFO - [2024-06-15T02:19:26.367+0000] {dag.py:3096} INFO - Sync 1 DAGs
[2024-06-15T02:19:26.385+0000] {logging_mixin.py:188} INFO - [2024-06-15T02:19:26.385+0000] {dag.py:3954} INFO - Setting next_dagrun for latest_only to 2024-06-14 20:00:00+00:00, run_after=2024-06-15 00:00:00+00:00
[2024-06-15T02:19:26.402+0000] {processor.py:183} INFO - Processing /home/airflow/.local/lib/python3.12/site-packages/airflow/example_dags/example_latest_only.py took 0.061 seconds
[2024-06-15T02:19:57.225+0000] {processor.py:161} INFO - Started process (PID=1883) to work on /home/airflow/.local/lib/python3.12/site-packages/airflow/example_dags/example_latest_only.py
[2024-06-15T02:19:57.226+0000] {processor.py:830} INFO - Processing file /home/airflow/.local/lib/python3.12/site-packages/airflow/example_dags/example_latest_only.py for tasks to queue
[2024-06-15T02:19:57.227+0000] {logging_mixin.py:188} INFO - [2024-06-15T02:19:57.227+0000] {dagbag.py:545} INFO - Filling up the DagBag from /home/airflow/.local/lib/python3.12/site-packages/airflow/example_dags/example_latest_only.py
[2024-06-15T02:19:57.231+0000] {processor.py:840} INFO - DAG(s) 'latest_only' retrieved from /home/airflow/.local/lib/python3.12/site-packages/airflow/example_dags/example_latest_only.py
[2024-06-15T02:19:57.246+0000] {logging_mixin.py:188} INFO - [2024-06-15T02:19:57.246+0000] {dag.py:3096} INFO - Sync 1 DAGs
[2024-06-15T02:19:57.264+0000] {logging_mixin.py:188} INFO - [2024-06-15T02:19:57.264+0000] {dag.py:3954} INFO - Setting next_dagrun for latest_only to 2024-06-14 20:00:00+00:00, run_after=2024-06-15 00:00:00+00:00
[2024-06-15T02:19:57.279+0000] {processor.py:183} INFO - Processing /home/airflow/.local/lib/python3.12/site-packages/airflow/example_dags/example_latest_only.py took 0.059 seconds
[2024-06-15T02:20:28.591+0000] {processor.py:161} INFO - Started process (PID=1941) to work on /home/airflow/.local/lib/python3.12/site-packages/airflow/example_dags/example_latest_only.py
[2024-06-15T02:20:28.592+0000] {processor.py:830} INFO - Processing file /home/airflow/.local/lib/python3.12/site-packages/airflow/example_dags/example_latest_only.py for tasks to queue
[2024-06-15T02:20:28.593+0000] {logging_mixin.py:188} INFO - [2024-06-15T02:20:28.593+0000] {dagbag.py:545} INFO - Filling up the DagBag from /home/airflow/.local/lib/python3.12/site-packages/airflow/example_dags/example_latest_only.py
[2024-06-15T02:20:28.596+0000] {processor.py:840} INFO - DAG(s) 'latest_only' retrieved from /home/airflow/.local/lib/python3.12/site-packages/airflow/example_dags/example_latest_only.py
[2024-06-15T02:20:28.613+0000] {logging_mixin.py:188} INFO - [2024-06-15T02:20:28.613+0000] {dag.py:3096} INFO - Sync 1 DAGs
[2024-06-15T02:20:28.635+0000] {logging_mixin.py:188} INFO - [2024-06-15T02:20:28.635+0000] {dag.py:3954} INFO - Setting next_dagrun for latest_only to 2024-06-14 20:00:00+00:00, run_after=2024-06-15 00:00:00+00:00
[2024-06-15T02:20:28.650+0000] {processor.py:183} INFO - Processing /home/airflow/.local/lib/python3.12/site-packages/airflow/example_dags/example_latest_only.py took 0.063 seconds
[2024-06-15T02:20:59.351+0000] {processor.py:161} INFO - Started process (PID=1999) to work on /home/airflow/.local/lib/python3.12/site-packages/airflow/example_dags/example_latest_only.py
[2024-06-15T02:20:59.352+0000] {processor.py:830} INFO - Processing file /home/airflow/.local/lib/python3.12/site-packages/airflow/example_dags/example_latest_only.py for tasks to queue
[2024-06-15T02:20:59.354+0000] {logging_mixin.py:188} INFO - [2024-06-15T02:20:59.353+0000] {dagbag.py:545} INFO - Filling up the DagBag from /home/airflow/.local/lib/python3.12/site-packages/airflow/example_dags/example_latest_only.py
[2024-06-15T02:20:59.357+0000] {processor.py:840} INFO - DAG(s) 'latest_only' retrieved from /home/airflow/.local/lib/python3.12/site-packages/airflow/example_dags/example_latest_only.py
[2024-06-15T02:20:59.374+0000] {logging_mixin.py:188} INFO - [2024-06-15T02:20:59.373+0000] {dag.py:3096} INFO - Sync 1 DAGs
[2024-06-15T02:20:59.399+0000] {logging_mixin.py:188} INFO - [2024-06-15T02:20:59.398+0000] {dag.py:3954} INFO - Setting next_dagrun for latest_only to 2024-06-14 20:00:00+00:00, run_after=2024-06-15 00:00:00+00:00
[2024-06-15T02:20:59.419+0000] {processor.py:183} INFO - Processing /home/airflow/.local/lib/python3.12/site-packages/airflow/example_dags/example_latest_only.py took 0.073 seconds
[2024-06-15T02:21:29.603+0000] {processor.py:161} INFO - Started process (PID=2057) to work on /home/airflow/.local/lib/python3.12/site-packages/airflow/example_dags/example_latest_only.py
[2024-06-15T02:21:29.604+0000] {processor.py:830} INFO - Processing file /home/airflow/.local/lib/python3.12/site-packages/airflow/example_dags/example_latest_only.py for tasks to queue
[2024-06-15T02:21:29.605+0000] {logging_mixin.py:188} INFO - [2024-06-15T02:21:29.605+0000] {dagbag.py:545} INFO - Filling up the DagBag from /home/airflow/.local/lib/python3.12/site-packages/airflow/example_dags/example_latest_only.py
[2024-06-15T02:21:29.610+0000] {processor.py:840} INFO - DAG(s) 'latest_only' retrieved from /home/airflow/.local/lib/python3.12/site-packages/airflow/example_dags/example_latest_only.py
[2024-06-15T02:21:29.629+0000] {logging_mixin.py:188} INFO - [2024-06-15T02:21:29.629+0000] {dag.py:3096} INFO - Sync 1 DAGs
[2024-06-15T02:21:29.654+0000] {logging_mixin.py:188} INFO - [2024-06-15T02:21:29.653+0000] {dag.py:3954} INFO - Setting next_dagrun for latest_only to 2024-06-14 20:00:00+00:00, run_after=2024-06-15 00:00:00+00:00
[2024-06-15T02:21:29.673+0000] {processor.py:183} INFO - Processing /home/airflow/.local/lib/python3.12/site-packages/airflow/example_dags/example_latest_only.py took 0.075 seconds
[2024-06-15T02:22:00.301+0000] {processor.py:161} INFO - Started process (PID=2115) to work on /home/airflow/.local/lib/python3.12/site-packages/airflow/example_dags/example_latest_only.py
[2024-06-15T02:22:00.302+0000] {processor.py:830} INFO - Processing file /home/airflow/.local/lib/python3.12/site-packages/airflow/example_dags/example_latest_only.py for tasks to queue
[2024-06-15T02:22:00.306+0000] {logging_mixin.py:188} INFO - [2024-06-15T02:22:00.305+0000] {dagbag.py:545} INFO - Filling up the DagBag from /home/airflow/.local/lib/python3.12/site-packages/airflow/example_dags/example_latest_only.py
[2024-06-15T02:22:00.309+0000] {processor.py:840} INFO - DAG(s) 'latest_only' retrieved from /home/airflow/.local/lib/python3.12/site-packages/airflow/example_dags/example_latest_only.py
[2024-06-15T02:22:00.325+0000] {logging_mixin.py:188} INFO - [2024-06-15T02:22:00.325+0000] {dag.py:3096} INFO - Sync 1 DAGs
[2024-06-15T02:22:00.343+0000] {logging_mixin.py:188} INFO - [2024-06-15T02:22:00.343+0000] {dag.py:3954} INFO - Setting next_dagrun for latest_only to 2024-06-14 20:00:00+00:00, run_after=2024-06-15 00:00:00+00:00
[2024-06-15T02:22:00.358+0000] {processor.py:183} INFO - Processing /home/airflow/.local/lib/python3.12/site-packages/airflow/example_dags/example_latest_only.py took 0.062 seconds
[2024-06-15T02:22:30.541+0000] {processor.py:161} INFO - Started process (PID=2173) to work on /home/airflow/.local/lib/python3.12/site-packages/airflow/example_dags/example_latest_only.py
[2024-06-15T02:22:30.542+0000] {processor.py:830} INFO - Processing file /home/airflow/.local/lib/python3.12/site-packages/airflow/example_dags/example_latest_only.py for tasks to queue
[2024-06-15T02:22:30.543+0000] {logging_mixin.py:188} INFO - [2024-06-15T02:22:30.543+0000] {dagbag.py:545} INFO - Filling up the DagBag from /home/airflow/.local/lib/python3.12/site-packages/airflow/example_dags/example_latest_only.py
[2024-06-15T02:22:30.546+0000] {processor.py:840} INFO - DAG(s) 'latest_only' retrieved from /home/airflow/.local/lib/python3.12/site-packages/airflow/example_dags/example_latest_only.py
[2024-06-15T02:22:30.563+0000] {logging_mixin.py:188} INFO - [2024-06-15T02:22:30.562+0000] {dag.py:3096} INFO - Sync 1 DAGs
[2024-06-15T02:22:30.581+0000] {logging_mixin.py:188} INFO - [2024-06-15T02:22:30.581+0000] {dag.py:3954} INFO - Setting next_dagrun for latest_only to 2024-06-14 20:00:00+00:00, run_after=2024-06-15 00:00:00+00:00
[2024-06-15T02:22:30.597+0000] {processor.py:183} INFO - Processing /home/airflow/.local/lib/python3.12/site-packages/airflow/example_dags/example_latest_only.py took 0.060 seconds
[2024-06-15T02:23:00.659+0000] {processor.py:161} INFO - Started process (PID=2231) to work on /home/airflow/.local/lib/python3.12/site-packages/airflow/example_dags/example_latest_only.py
[2024-06-15T02:23:00.659+0000] {processor.py:830} INFO - Processing file /home/airflow/.local/lib/python3.12/site-packages/airflow/example_dags/example_latest_only.py for tasks to queue
[2024-06-15T02:23:00.661+0000] {logging_mixin.py:188} INFO - [2024-06-15T02:23:00.660+0000] {dagbag.py:545} INFO - Filling up the DagBag from /home/airflow/.local/lib/python3.12/site-packages/airflow/example_dags/example_latest_only.py
[2024-06-15T02:23:00.664+0000] {processor.py:840} INFO - DAG(s) 'latest_only' retrieved from /home/airflow/.local/lib/python3.12/site-packages/airflow/example_dags/example_latest_only.py
[2024-06-15T02:23:00.680+0000] {logging_mixin.py:188} INFO - [2024-06-15T02:23:00.680+0000] {dag.py:3096} INFO - Sync 1 DAGs
[2024-06-15T02:23:00.700+0000] {logging_mixin.py:188} INFO - [2024-06-15T02:23:00.699+0000] {dag.py:3954} INFO - Setting next_dagrun for latest_only to 2024-06-14 20:00:00+00:00, run_after=2024-06-15 00:00:00+00:00
[2024-06-15T02:23:00.714+0000] {processor.py:183} INFO - Processing /home/airflow/.local/lib/python3.12/site-packages/airflow/example_dags/example_latest_only.py took 0.060 seconds
[2024-06-15T02:23:30.977+0000] {processor.py:161} INFO - Started process (PID=2289) to work on /home/airflow/.local/lib/python3.12/site-packages/airflow/example_dags/example_latest_only.py
[2024-06-15T02:23:30.978+0000] {processor.py:830} INFO - Processing file /home/airflow/.local/lib/python3.12/site-packages/airflow/example_dags/example_latest_only.py for tasks to queue
[2024-06-15T02:23:30.980+0000] {logging_mixin.py:188} INFO - [2024-06-15T02:23:30.979+0000] {dagbag.py:545} INFO - Filling up the DagBag from /home/airflow/.local/lib/python3.12/site-packages/airflow/example_dags/example_latest_only.py
[2024-06-15T02:23:30.983+0000] {processor.py:840} INFO - DAG(s) 'latest_only' retrieved from /home/airflow/.local/lib/python3.12/site-packages/airflow/example_dags/example_latest_only.py
[2024-06-15T02:23:30.998+0000] {logging_mixin.py:188} INFO - [2024-06-15T02:23:30.998+0000] {dag.py:3096} INFO - Sync 1 DAGs
[2024-06-15T02:23:31.017+0000] {logging_mixin.py:188} INFO - [2024-06-15T02:23:31.017+0000] {dag.py:3954} INFO - Setting next_dagrun for latest_only to 2024-06-14 20:00:00+00:00, run_after=2024-06-15 00:00:00+00:00
[2024-06-15T02:23:31.033+0000] {processor.py:183} INFO - Processing /home/airflow/.local/lib/python3.12/site-packages/airflow/example_dags/example_latest_only.py took 0.059 seconds
[2024-06-15T02:24:01.130+0000] {processor.py:161} INFO - Started process (PID=2347) to work on /home/airflow/.local/lib/python3.12/site-packages/airflow/example_dags/example_latest_only.py
[2024-06-15T02:24:01.131+0000] {processor.py:830} INFO - Processing file /home/airflow/.local/lib/python3.12/site-packages/airflow/example_dags/example_latest_only.py for tasks to queue
[2024-06-15T02:24:01.132+0000] {logging_mixin.py:188} INFO - [2024-06-15T02:24:01.132+0000] {dagbag.py:545} INFO - Filling up the DagBag from /home/airflow/.local/lib/python3.12/site-packages/airflow/example_dags/example_latest_only.py
[2024-06-15T02:24:01.135+0000] {processor.py:840} INFO - DAG(s) 'latest_only' retrieved from /home/airflow/.local/lib/python3.12/site-packages/airflow/example_dags/example_latest_only.py
[2024-06-15T02:24:01.150+0000] {logging_mixin.py:188} INFO - [2024-06-15T02:24:01.150+0000] {dag.py:3096} INFO - Sync 1 DAGs
[2024-06-15T02:24:01.169+0000] {logging_mixin.py:188} INFO - [2024-06-15T02:24:01.168+0000] {dag.py:3954} INFO - Setting next_dagrun for latest_only to 2024-06-14 20:00:00+00:00, run_after=2024-06-15 00:00:00+00:00
[2024-06-15T02:24:01.182+0000] {processor.py:183} INFO - Processing /home/airflow/.local/lib/python3.12/site-packages/airflow/example_dags/example_latest_only.py took 0.056 seconds
