[2024-06-15T02:04:09.371+0000] {processor.py:161} INFO - Started process (PID=72) to work on /home/airflow/.local/lib/python3.12/site-packages/airflow/example_dags/example_task_group.py
[2024-06-15T02:04:09.372+0000] {processor.py:830} INFO - Processing file /home/airflow/.local/lib/python3.12/site-packages/airflow/example_dags/example_task_group.py for tasks to queue
[2024-06-15T02:04:09.374+0000] {logging_mixin.py:188} INFO - [2024-06-15T02:04:09.374+0000] {dagbag.py:545} INFO - Filling up the DagBag from /home/airflow/.local/lib/python3.12/site-packages/airflow/example_dags/example_task_group.py
[2024-06-15T02:04:09.389+0000] {processor.py:840} INFO - DAG(s) 'example_task_group' retrieved from /home/airflow/.local/lib/python3.12/site-packages/airflow/example_dags/example_task_group.py
[2024-06-15T02:04:09.403+0000] {logging_mixin.py:188} INFO - [2024-06-15T02:04:09.402+0000] {dag.py:3096} INFO - Sync 1 DAGs
[2024-06-15T02:04:09.437+0000] {logging_mixin.py:188} INFO - [2024-06-15T02:04:09.437+0000] {dag.py:3954} INFO - Setting next_dagrun for example_task_group to 2024-06-14 00:00:00+00:00, run_after=2024-06-15 00:00:00+00:00
[2024-06-15T02:04:09.460+0000] {processor.py:183} INFO - Processing /home/airflow/.local/lib/python3.12/site-packages/airflow/example_dags/example_task_group.py took 0.097 seconds
[2024-06-15T02:04:40.480+0000] {processor.py:161} INFO - Started process (PID=130) to work on /home/airflow/.local/lib/python3.12/site-packages/airflow/example_dags/example_task_group.py
[2024-06-15T02:04:40.481+0000] {processor.py:830} INFO - Processing file /home/airflow/.local/lib/python3.12/site-packages/airflow/example_dags/example_task_group.py for tasks to queue
[2024-06-15T02:04:40.482+0000] {logging_mixin.py:188} INFO - [2024-06-15T02:04:40.482+0000] {dagbag.py:545} INFO - Filling up the DagBag from /home/airflow/.local/lib/python3.12/site-packages/airflow/example_dags/example_task_group.py
[2024-06-15T02:04:40.488+0000] {processor.py:840} INFO - DAG(s) 'example_task_group' retrieved from /home/airflow/.local/lib/python3.12/site-packages/airflow/example_dags/example_task_group.py
[2024-06-15T02:04:40.581+0000] {logging_mixin.py:188} INFO - [2024-06-15T02:04:40.581+0000] {dag.py:3096} INFO - Sync 1 DAGs
[2024-06-15T02:04:40.599+0000] {logging_mixin.py:188} INFO - [2024-06-15T02:04:40.599+0000] {dag.py:3954} INFO - Setting next_dagrun for example_task_group to 2024-06-14 00:00:00+00:00, run_after=2024-06-15 00:00:00+00:00
[2024-06-15T02:04:40.615+0000] {processor.py:183} INFO - Processing /home/airflow/.local/lib/python3.12/site-packages/airflow/example_dags/example_task_group.py took 0.140 seconds
[2024-06-15T02:05:11.451+0000] {processor.py:161} INFO - Started process (PID=188) to work on /home/airflow/.local/lib/python3.12/site-packages/airflow/example_dags/example_task_group.py
[2024-06-15T02:05:11.452+0000] {processor.py:830} INFO - Processing file /home/airflow/.local/lib/python3.12/site-packages/airflow/example_dags/example_task_group.py for tasks to queue
[2024-06-15T02:05:11.453+0000] {logging_mixin.py:188} INFO - [2024-06-15T02:05:11.453+0000] {dagbag.py:545} INFO - Filling up the DagBag from /home/airflow/.local/lib/python3.12/site-packages/airflow/example_dags/example_task_group.py
[2024-06-15T02:05:11.459+0000] {processor.py:840} INFO - DAG(s) 'example_task_group' retrieved from /home/airflow/.local/lib/python3.12/site-packages/airflow/example_dags/example_task_group.py
[2024-06-15T02:05:11.478+0000] {logging_mixin.py:188} INFO - [2024-06-15T02:05:11.478+0000] {dag.py:3096} INFO - Sync 1 DAGs
[2024-06-15T02:05:11.499+0000] {logging_mixin.py:188} INFO - [2024-06-15T02:05:11.499+0000] {dag.py:3954} INFO - Setting next_dagrun for example_task_group to 2024-06-14 00:00:00+00:00, run_after=2024-06-15 00:00:00+00:00
[2024-06-15T02:05:11.517+0000] {processor.py:183} INFO - Processing /home/airflow/.local/lib/python3.12/site-packages/airflow/example_dags/example_task_group.py took 0.072 seconds
[2024-06-15T02:05:41.810+0000] {processor.py:161} INFO - Started process (PID=246) to work on /home/airflow/.local/lib/python3.12/site-packages/airflow/example_dags/example_task_group.py
[2024-06-15T02:05:41.810+0000] {processor.py:830} INFO - Processing file /home/airflow/.local/lib/python3.12/site-packages/airflow/example_dags/example_task_group.py for tasks to queue
[2024-06-15T02:05:41.817+0000] {logging_mixin.py:188} INFO - [2024-06-15T02:05:41.816+0000] {dagbag.py:545} INFO - Filling up the DagBag from /home/airflow/.local/lib/python3.12/site-packages/airflow/example_dags/example_task_group.py
[2024-06-15T02:05:41.822+0000] {processor.py:840} INFO - DAG(s) 'example_task_group' retrieved from /home/airflow/.local/lib/python3.12/site-packages/airflow/example_dags/example_task_group.py
[2024-06-15T02:05:41.840+0000] {logging_mixin.py:188} INFO - [2024-06-15T02:05:41.839+0000] {dag.py:3096} INFO - Sync 1 DAGs
[2024-06-15T02:05:41.859+0000] {logging_mixin.py:188} INFO - [2024-06-15T02:05:41.859+0000] {dag.py:3954} INFO - Setting next_dagrun for example_task_group to 2024-06-14 00:00:00+00:00, run_after=2024-06-15 00:00:00+00:00
[2024-06-15T02:05:41.876+0000] {processor.py:183} INFO - Processing /home/airflow/.local/lib/python3.12/site-packages/airflow/example_dags/example_task_group.py took 0.071 seconds
[2024-06-15T02:06:12.043+0000] {processor.py:161} INFO - Started process (PID=304) to work on /home/airflow/.local/lib/python3.12/site-packages/airflow/example_dags/example_task_group.py
[2024-06-15T02:06:12.044+0000] {processor.py:830} INFO - Processing file /home/airflow/.local/lib/python3.12/site-packages/airflow/example_dags/example_task_group.py for tasks to queue
[2024-06-15T02:06:12.045+0000] {logging_mixin.py:188} INFO - [2024-06-15T02:06:12.045+0000] {dagbag.py:545} INFO - Filling up the DagBag from /home/airflow/.local/lib/python3.12/site-packages/airflow/example_dags/example_task_group.py
[2024-06-15T02:06:12.051+0000] {processor.py:840} INFO - DAG(s) 'example_task_group' retrieved from /home/airflow/.local/lib/python3.12/site-packages/airflow/example_dags/example_task_group.py
[2024-06-15T02:06:12.068+0000] {logging_mixin.py:188} INFO - [2024-06-15T02:06:12.068+0000] {dag.py:3096} INFO - Sync 1 DAGs
[2024-06-15T02:06:12.086+0000] {logging_mixin.py:188} INFO - [2024-06-15T02:06:12.085+0000] {dag.py:3954} INFO - Setting next_dagrun for example_task_group to 2024-06-14 00:00:00+00:00, run_after=2024-06-15 00:00:00+00:00
[2024-06-15T02:06:12.100+0000] {processor.py:183} INFO - Processing /home/airflow/.local/lib/python3.12/site-packages/airflow/example_dags/example_task_group.py took 0.061 seconds
[2024-06-15T02:06:42.986+0000] {processor.py:161} INFO - Started process (PID=362) to work on /home/airflow/.local/lib/python3.12/site-packages/airflow/example_dags/example_task_group.py
[2024-06-15T02:06:42.987+0000] {processor.py:830} INFO - Processing file /home/airflow/.local/lib/python3.12/site-packages/airflow/example_dags/example_task_group.py for tasks to queue
[2024-06-15T02:06:42.988+0000] {logging_mixin.py:188} INFO - [2024-06-15T02:06:42.988+0000] {dagbag.py:545} INFO - Filling up the DagBag from /home/airflow/.local/lib/python3.12/site-packages/airflow/example_dags/example_task_group.py
[2024-06-15T02:06:42.995+0000] {processor.py:840} INFO - DAG(s) 'example_task_group' retrieved from /home/airflow/.local/lib/python3.12/site-packages/airflow/example_dags/example_task_group.py
[2024-06-15T02:06:43.013+0000] {logging_mixin.py:188} INFO - [2024-06-15T02:06:43.013+0000] {dag.py:3096} INFO - Sync 1 DAGs
[2024-06-15T02:06:43.033+0000] {logging_mixin.py:188} INFO - [2024-06-15T02:06:43.033+0000] {dag.py:3954} INFO - Setting next_dagrun for example_task_group to 2024-06-14 00:00:00+00:00, run_after=2024-06-15 00:00:00+00:00
[2024-06-15T02:06:43.051+0000] {processor.py:183} INFO - Processing /home/airflow/.local/lib/python3.12/site-packages/airflow/example_dags/example_task_group.py took 0.070 seconds
[2024-06-15T02:07:13.105+0000] {processor.py:161} INFO - Started process (PID=420) to work on /home/airflow/.local/lib/python3.12/site-packages/airflow/example_dags/example_task_group.py
[2024-06-15T02:07:13.105+0000] {processor.py:830} INFO - Processing file /home/airflow/.local/lib/python3.12/site-packages/airflow/example_dags/example_task_group.py for tasks to queue
[2024-06-15T02:07:13.107+0000] {logging_mixin.py:188} INFO - [2024-06-15T02:07:13.106+0000] {dagbag.py:545} INFO - Filling up the DagBag from /home/airflow/.local/lib/python3.12/site-packages/airflow/example_dags/example_task_group.py
[2024-06-15T02:07:13.112+0000] {processor.py:840} INFO - DAG(s) 'example_task_group' retrieved from /home/airflow/.local/lib/python3.12/site-packages/airflow/example_dags/example_task_group.py
[2024-06-15T02:07:13.129+0000] {logging_mixin.py:188} INFO - [2024-06-15T02:07:13.129+0000] {dag.py:3096} INFO - Sync 1 DAGs
[2024-06-15T02:07:13.148+0000] {logging_mixin.py:188} INFO - [2024-06-15T02:07:13.148+0000] {dag.py:3954} INFO - Setting next_dagrun for example_task_group to 2024-06-14 00:00:00+00:00, run_after=2024-06-15 00:00:00+00:00
[2024-06-15T02:07:13.164+0000] {processor.py:183} INFO - Processing /home/airflow/.local/lib/python3.12/site-packages/airflow/example_dags/example_task_group.py took 0.064 seconds
[2024-06-15T02:07:43.950+0000] {processor.py:161} INFO - Started process (PID=478) to work on /home/airflow/.local/lib/python3.12/site-packages/airflow/example_dags/example_task_group.py
[2024-06-15T02:07:43.951+0000] {processor.py:830} INFO - Processing file /home/airflow/.local/lib/python3.12/site-packages/airflow/example_dags/example_task_group.py for tasks to queue
[2024-06-15T02:07:43.952+0000] {logging_mixin.py:188} INFO - [2024-06-15T02:07:43.952+0000] {dagbag.py:545} INFO - Filling up the DagBag from /home/airflow/.local/lib/python3.12/site-packages/airflow/example_dags/example_task_group.py
[2024-06-15T02:07:43.958+0000] {processor.py:840} INFO - DAG(s) 'example_task_group' retrieved from /home/airflow/.local/lib/python3.12/site-packages/airflow/example_dags/example_task_group.py
[2024-06-15T02:07:43.975+0000] {logging_mixin.py:188} INFO - [2024-06-15T02:07:43.975+0000] {dag.py:3096} INFO - Sync 1 DAGs
[2024-06-15T02:07:43.993+0000] {logging_mixin.py:188} INFO - [2024-06-15T02:07:43.993+0000] {dag.py:3954} INFO - Setting next_dagrun for example_task_group to 2024-06-14 00:00:00+00:00, run_after=2024-06-15 00:00:00+00:00
[2024-06-15T02:07:44.010+0000] {processor.py:183} INFO - Processing /home/airflow/.local/lib/python3.12/site-packages/airflow/example_dags/example_task_group.py took 0.063 seconds
[2024-06-15T02:08:14.308+0000] {processor.py:161} INFO - Started process (PID=536) to work on /home/airflow/.local/lib/python3.12/site-packages/airflow/example_dags/example_task_group.py
[2024-06-15T02:08:14.309+0000] {processor.py:830} INFO - Processing file /home/airflow/.local/lib/python3.12/site-packages/airflow/example_dags/example_task_group.py for tasks to queue
[2024-06-15T02:08:14.310+0000] {logging_mixin.py:188} INFO - [2024-06-15T02:08:14.310+0000] {dagbag.py:545} INFO - Filling up the DagBag from /home/airflow/.local/lib/python3.12/site-packages/airflow/example_dags/example_task_group.py
[2024-06-15T02:08:14.316+0000] {processor.py:840} INFO - DAG(s) 'example_task_group' retrieved from /home/airflow/.local/lib/python3.12/site-packages/airflow/example_dags/example_task_group.py
[2024-06-15T02:08:14.339+0000] {logging_mixin.py:188} INFO - [2024-06-15T02:08:14.338+0000] {dag.py:3096} INFO - Sync 1 DAGs
[2024-06-15T02:08:14.356+0000] {logging_mixin.py:188} INFO - [2024-06-15T02:08:14.356+0000] {dag.py:3954} INFO - Setting next_dagrun for example_task_group to 2024-06-14 00:00:00+00:00, run_after=2024-06-15 00:00:00+00:00
[2024-06-15T02:08:14.372+0000] {processor.py:183} INFO - Processing /home/airflow/.local/lib/python3.12/site-packages/airflow/example_dags/example_task_group.py took 0.068 seconds
[2024-06-15T02:08:44.771+0000] {processor.py:161} INFO - Started process (PID=594) to work on /home/airflow/.local/lib/python3.12/site-packages/airflow/example_dags/example_task_group.py
[2024-06-15T02:08:44.771+0000] {processor.py:830} INFO - Processing file /home/airflow/.local/lib/python3.12/site-packages/airflow/example_dags/example_task_group.py for tasks to queue
[2024-06-15T02:08:44.773+0000] {logging_mixin.py:188} INFO - [2024-06-15T02:08:44.773+0000] {dagbag.py:545} INFO - Filling up the DagBag from /home/airflow/.local/lib/python3.12/site-packages/airflow/example_dags/example_task_group.py
[2024-06-15T02:08:44.779+0000] {processor.py:840} INFO - DAG(s) 'example_task_group' retrieved from /home/airflow/.local/lib/python3.12/site-packages/airflow/example_dags/example_task_group.py
[2024-06-15T02:08:44.797+0000] {logging_mixin.py:188} INFO - [2024-06-15T02:08:44.797+0000] {dag.py:3096} INFO - Sync 1 DAGs
[2024-06-15T02:08:44.816+0000] {logging_mixin.py:188} INFO - [2024-06-15T02:08:44.815+0000] {dag.py:3954} INFO - Setting next_dagrun for example_task_group to 2024-06-14 00:00:00+00:00, run_after=2024-06-15 00:00:00+00:00
[2024-06-15T02:08:44.832+0000] {processor.py:183} INFO - Processing /home/airflow/.local/lib/python3.12/site-packages/airflow/example_dags/example_task_group.py took 0.065 seconds
[2024-06-15T02:09:15.445+0000] {processor.py:161} INFO - Started process (PID=652) to work on /home/airflow/.local/lib/python3.12/site-packages/airflow/example_dags/example_task_group.py
[2024-06-15T02:09:15.446+0000] {processor.py:830} INFO - Processing file /home/airflow/.local/lib/python3.12/site-packages/airflow/example_dags/example_task_group.py for tasks to queue
[2024-06-15T02:09:15.447+0000] {logging_mixin.py:188} INFO - [2024-06-15T02:09:15.447+0000] {dagbag.py:545} INFO - Filling up the DagBag from /home/airflow/.local/lib/python3.12/site-packages/airflow/example_dags/example_task_group.py
[2024-06-15T02:09:15.454+0000] {processor.py:840} INFO - DAG(s) 'example_task_group' retrieved from /home/airflow/.local/lib/python3.12/site-packages/airflow/example_dags/example_task_group.py
[2024-06-15T02:09:15.476+0000] {logging_mixin.py:188} INFO - [2024-06-15T02:09:15.476+0000] {dag.py:3096} INFO - Sync 1 DAGs
[2024-06-15T02:09:15.499+0000] {logging_mixin.py:188} INFO - [2024-06-15T02:09:15.499+0000] {dag.py:3954} INFO - Setting next_dagrun for example_task_group to 2024-06-14 00:00:00+00:00, run_after=2024-06-15 00:00:00+00:00
[2024-06-15T02:09:15.519+0000] {processor.py:183} INFO - Processing /home/airflow/.local/lib/python3.12/site-packages/airflow/example_dags/example_task_group.py took 0.079 seconds
[2024-06-15T02:09:45.554+0000] {processor.py:161} INFO - Started process (PID=710) to work on /home/airflow/.local/lib/python3.12/site-packages/airflow/example_dags/example_task_group.py
[2024-06-15T02:09:45.555+0000] {processor.py:830} INFO - Processing file /home/airflow/.local/lib/python3.12/site-packages/airflow/example_dags/example_task_group.py for tasks to queue
[2024-06-15T02:09:45.556+0000] {logging_mixin.py:188} INFO - [2024-06-15T02:09:45.556+0000] {dagbag.py:545} INFO - Filling up the DagBag from /home/airflow/.local/lib/python3.12/site-packages/airflow/example_dags/example_task_group.py
[2024-06-15T02:09:45.562+0000] {processor.py:840} INFO - DAG(s) 'example_task_group' retrieved from /home/airflow/.local/lib/python3.12/site-packages/airflow/example_dags/example_task_group.py
[2024-06-15T02:09:45.579+0000] {logging_mixin.py:188} INFO - [2024-06-15T02:09:45.578+0000] {dag.py:3096} INFO - Sync 1 DAGs
[2024-06-15T02:09:45.597+0000] {logging_mixin.py:188} INFO - [2024-06-15T02:09:45.597+0000] {dag.py:3954} INFO - Setting next_dagrun for example_task_group to 2024-06-14 00:00:00+00:00, run_after=2024-06-15 00:00:00+00:00
[2024-06-15T02:09:45.611+0000] {processor.py:183} INFO - Processing /home/airflow/.local/lib/python3.12/site-packages/airflow/example_dags/example_task_group.py took 0.062 seconds
[2024-06-15T02:10:16.599+0000] {processor.py:161} INFO - Started process (PID=768) to work on /home/airflow/.local/lib/python3.12/site-packages/airflow/example_dags/example_task_group.py
[2024-06-15T02:10:16.600+0000] {processor.py:830} INFO - Processing file /home/airflow/.local/lib/python3.12/site-packages/airflow/example_dags/example_task_group.py for tasks to queue
[2024-06-15T02:10:16.601+0000] {logging_mixin.py:188} INFO - [2024-06-15T02:10:16.601+0000] {dagbag.py:545} INFO - Filling up the DagBag from /home/airflow/.local/lib/python3.12/site-packages/airflow/example_dags/example_task_group.py
[2024-06-15T02:10:16.608+0000] {processor.py:840} INFO - DAG(s) 'example_task_group' retrieved from /home/airflow/.local/lib/python3.12/site-packages/airflow/example_dags/example_task_group.py
[2024-06-15T02:10:16.626+0000] {logging_mixin.py:188} INFO - [2024-06-15T02:10:16.626+0000] {dag.py:3096} INFO - Sync 1 DAGs
[2024-06-15T02:10:16.645+0000] {logging_mixin.py:188} INFO - [2024-06-15T02:10:16.645+0000] {dag.py:3954} INFO - Setting next_dagrun for example_task_group to 2024-06-14 00:00:00+00:00, run_after=2024-06-15 00:00:00+00:00
[2024-06-15T02:10:16.660+0000] {processor.py:183} INFO - Processing /home/airflow/.local/lib/python3.12/site-packages/airflow/example_dags/example_task_group.py took 0.065 seconds
[2024-06-15T02:10:47.108+0000] {processor.py:161} INFO - Started process (PID=826) to work on /home/airflow/.local/lib/python3.12/site-packages/airflow/example_dags/example_task_group.py
[2024-06-15T02:10:47.109+0000] {processor.py:830} INFO - Processing file /home/airflow/.local/lib/python3.12/site-packages/airflow/example_dags/example_task_group.py for tasks to queue
[2024-06-15T02:10:47.110+0000] {logging_mixin.py:188} INFO - [2024-06-15T02:10:47.110+0000] {dagbag.py:545} INFO - Filling up the DagBag from /home/airflow/.local/lib/python3.12/site-packages/airflow/example_dags/example_task_group.py
[2024-06-15T02:10:47.117+0000] {processor.py:840} INFO - DAG(s) 'example_task_group' retrieved from /home/airflow/.local/lib/python3.12/site-packages/airflow/example_dags/example_task_group.py
[2024-06-15T02:10:47.150+0000] {logging_mixin.py:188} INFO - [2024-06-15T02:10:47.147+0000] {dag.py:3096} INFO - Sync 1 DAGs
[2024-06-15T02:10:47.176+0000] {logging_mixin.py:188} INFO - [2024-06-15T02:10:47.175+0000] {dag.py:3954} INFO - Setting next_dagrun for example_task_group to 2024-06-14 00:00:00+00:00, run_after=2024-06-15 00:00:00+00:00
[2024-06-15T02:10:47.196+0000] {processor.py:183} INFO - Processing /home/airflow/.local/lib/python3.12/site-packages/airflow/example_dags/example_task_group.py took 0.093 seconds
[2024-06-15T02:11:17.621+0000] {processor.py:161} INFO - Started process (PID=884) to work on /home/airflow/.local/lib/python3.12/site-packages/airflow/example_dags/example_task_group.py
[2024-06-15T02:11:17.622+0000] {processor.py:830} INFO - Processing file /home/airflow/.local/lib/python3.12/site-packages/airflow/example_dags/example_task_group.py for tasks to queue
[2024-06-15T02:11:17.623+0000] {logging_mixin.py:188} INFO - [2024-06-15T02:11:17.623+0000] {dagbag.py:545} INFO - Filling up the DagBag from /home/airflow/.local/lib/python3.12/site-packages/airflow/example_dags/example_task_group.py
[2024-06-15T02:11:17.629+0000] {processor.py:840} INFO - DAG(s) 'example_task_group' retrieved from /home/airflow/.local/lib/python3.12/site-packages/airflow/example_dags/example_task_group.py
[2024-06-15T02:11:17.646+0000] {logging_mixin.py:188} INFO - [2024-06-15T02:11:17.646+0000] {dag.py:3096} INFO - Sync 1 DAGs
[2024-06-15T02:11:17.665+0000] {logging_mixin.py:188} INFO - [2024-06-15T02:11:17.665+0000] {dag.py:3954} INFO - Setting next_dagrun for example_task_group to 2024-06-14 00:00:00+00:00, run_after=2024-06-15 00:00:00+00:00
[2024-06-15T02:11:17.681+0000] {processor.py:183} INFO - Processing /home/airflow/.local/lib/python3.12/site-packages/airflow/example_dags/example_task_group.py took 0.064 seconds
[2024-06-15T02:11:48.141+0000] {processor.py:161} INFO - Started process (PID=942) to work on /home/airflow/.local/lib/python3.12/site-packages/airflow/example_dags/example_task_group.py
[2024-06-15T02:11:48.141+0000] {processor.py:830} INFO - Processing file /home/airflow/.local/lib/python3.12/site-packages/airflow/example_dags/example_task_group.py for tasks to queue
[2024-06-15T02:11:48.142+0000] {logging_mixin.py:188} INFO - [2024-06-15T02:11:48.142+0000] {dagbag.py:545} INFO - Filling up the DagBag from /home/airflow/.local/lib/python3.12/site-packages/airflow/example_dags/example_task_group.py
[2024-06-15T02:11:48.148+0000] {processor.py:840} INFO - DAG(s) 'example_task_group' retrieved from /home/airflow/.local/lib/python3.12/site-packages/airflow/example_dags/example_task_group.py
[2024-06-15T02:11:48.163+0000] {logging_mixin.py:188} INFO - [2024-06-15T02:11:48.163+0000] {dag.py:3096} INFO - Sync 1 DAGs
[2024-06-15T02:11:48.181+0000] {logging_mixin.py:188} INFO - [2024-06-15T02:11:48.180+0000] {dag.py:3954} INFO - Setting next_dagrun for example_task_group to 2024-06-14 00:00:00+00:00, run_after=2024-06-15 00:00:00+00:00
[2024-06-15T02:11:48.196+0000] {processor.py:183} INFO - Processing /home/airflow/.local/lib/python3.12/site-packages/airflow/example_dags/example_task_group.py took 0.059 seconds
[2024-06-15T02:12:18.674+0000] {processor.py:161} INFO - Started process (PID=1000) to work on /home/airflow/.local/lib/python3.12/site-packages/airflow/example_dags/example_task_group.py
[2024-06-15T02:12:18.674+0000] {processor.py:830} INFO - Processing file /home/airflow/.local/lib/python3.12/site-packages/airflow/example_dags/example_task_group.py for tasks to queue
[2024-06-15T02:12:18.676+0000] {logging_mixin.py:188} INFO - [2024-06-15T02:12:18.675+0000] {dagbag.py:545} INFO - Filling up the DagBag from /home/airflow/.local/lib/python3.12/site-packages/airflow/example_dags/example_task_group.py
[2024-06-15T02:12:18.681+0000] {processor.py:840} INFO - DAG(s) 'example_task_group' retrieved from /home/airflow/.local/lib/python3.12/site-packages/airflow/example_dags/example_task_group.py
[2024-06-15T02:12:18.699+0000] {logging_mixin.py:188} INFO - [2024-06-15T02:12:18.698+0000] {dag.py:3096} INFO - Sync 1 DAGs
[2024-06-15T02:12:18.716+0000] {logging_mixin.py:188} INFO - [2024-06-15T02:12:18.716+0000] {dag.py:3954} INFO - Setting next_dagrun for example_task_group to 2024-06-14 00:00:00+00:00, run_after=2024-06-15 00:00:00+00:00
[2024-06-15T02:12:18.730+0000] {processor.py:183} INFO - Processing /home/airflow/.local/lib/python3.12/site-packages/airflow/example_dags/example_task_group.py took 0.061 seconds
[2024-06-15T02:12:49.049+0000] {processor.py:161} INFO - Started process (PID=1058) to work on /home/airflow/.local/lib/python3.12/site-packages/airflow/example_dags/example_task_group.py
[2024-06-15T02:12:49.050+0000] {processor.py:830} INFO - Processing file /home/airflow/.local/lib/python3.12/site-packages/airflow/example_dags/example_task_group.py for tasks to queue
[2024-06-15T02:12:49.051+0000] {logging_mixin.py:188} INFO - [2024-06-15T02:12:49.051+0000] {dagbag.py:545} INFO - Filling up the DagBag from /home/airflow/.local/lib/python3.12/site-packages/airflow/example_dags/example_task_group.py
[2024-06-15T02:12:49.057+0000] {processor.py:840} INFO - DAG(s) 'example_task_group' retrieved from /home/airflow/.local/lib/python3.12/site-packages/airflow/example_dags/example_task_group.py
[2024-06-15T02:12:49.074+0000] {logging_mixin.py:188} INFO - [2024-06-15T02:12:49.074+0000] {dag.py:3096} INFO - Sync 1 DAGs
[2024-06-15T02:12:49.093+0000] {logging_mixin.py:188} INFO - [2024-06-15T02:12:49.093+0000] {dag.py:3954} INFO - Setting next_dagrun for example_task_group to 2024-06-14 00:00:00+00:00, run_after=2024-06-15 00:00:00+00:00
[2024-06-15T02:12:49.107+0000] {processor.py:183} INFO - Processing /home/airflow/.local/lib/python3.12/site-packages/airflow/example_dags/example_task_group.py took 0.063 seconds
[2024-06-15T02:13:19.366+0000] {processor.py:161} INFO - Started process (PID=1116) to work on /home/airflow/.local/lib/python3.12/site-packages/airflow/example_dags/example_task_group.py
[2024-06-15T02:13:19.367+0000] {processor.py:830} INFO - Processing file /home/airflow/.local/lib/python3.12/site-packages/airflow/example_dags/example_task_group.py for tasks to queue
[2024-06-15T02:13:19.368+0000] {logging_mixin.py:188} INFO - [2024-06-15T02:13:19.368+0000] {dagbag.py:545} INFO - Filling up the DagBag from /home/airflow/.local/lib/python3.12/site-packages/airflow/example_dags/example_task_group.py
[2024-06-15T02:13:19.378+0000] {processor.py:840} INFO - DAG(s) 'example_task_group' retrieved from /home/airflow/.local/lib/python3.12/site-packages/airflow/example_dags/example_task_group.py
[2024-06-15T02:13:19.398+0000] {logging_mixin.py:188} INFO - [2024-06-15T02:13:19.398+0000] {dag.py:3096} INFO - Sync 1 DAGs
[2024-06-15T02:13:19.418+0000] {logging_mixin.py:188} INFO - [2024-06-15T02:13:19.418+0000] {dag.py:3954} INFO - Setting next_dagrun for example_task_group to 2024-06-14 00:00:00+00:00, run_after=2024-06-15 00:00:00+00:00
[2024-06-15T02:13:19.433+0000] {processor.py:183} INFO - Processing /home/airflow/.local/lib/python3.12/site-packages/airflow/example_dags/example_task_group.py took 0.071 seconds
[2024-06-15T02:13:49.672+0000] {processor.py:161} INFO - Started process (PID=1174) to work on /home/airflow/.local/lib/python3.12/site-packages/airflow/example_dags/example_task_group.py
[2024-06-15T02:13:49.673+0000] {processor.py:830} INFO - Processing file /home/airflow/.local/lib/python3.12/site-packages/airflow/example_dags/example_task_group.py for tasks to queue
[2024-06-15T02:13:49.674+0000] {logging_mixin.py:188} INFO - [2024-06-15T02:13:49.674+0000] {dagbag.py:545} INFO - Filling up the DagBag from /home/airflow/.local/lib/python3.12/site-packages/airflow/example_dags/example_task_group.py
[2024-06-15T02:13:49.679+0000] {processor.py:840} INFO - DAG(s) 'example_task_group' retrieved from /home/airflow/.local/lib/python3.12/site-packages/airflow/example_dags/example_task_group.py
[2024-06-15T02:13:49.695+0000] {logging_mixin.py:188} INFO - [2024-06-15T02:13:49.695+0000] {dag.py:3096} INFO - Sync 1 DAGs
[2024-06-15T02:13:49.714+0000] {logging_mixin.py:188} INFO - [2024-06-15T02:13:49.713+0000] {dag.py:3954} INFO - Setting next_dagrun for example_task_group to 2024-06-14 00:00:00+00:00, run_after=2024-06-15 00:00:00+00:00
[2024-06-15T02:13:49.749+0000] {processor.py:183} INFO - Processing /home/airflow/.local/lib/python3.12/site-packages/airflow/example_dags/example_task_group.py took 0.080 seconds
[2024-06-15T02:14:19.970+0000] {processor.py:161} INFO - Started process (PID=1232) to work on /home/airflow/.local/lib/python3.12/site-packages/airflow/example_dags/example_task_group.py
[2024-06-15T02:14:19.971+0000] {processor.py:830} INFO - Processing file /home/airflow/.local/lib/python3.12/site-packages/airflow/example_dags/example_task_group.py for tasks to queue
[2024-06-15T02:14:19.972+0000] {logging_mixin.py:188} INFO - [2024-06-15T02:14:19.972+0000] {dagbag.py:545} INFO - Filling up the DagBag from /home/airflow/.local/lib/python3.12/site-packages/airflow/example_dags/example_task_group.py
[2024-06-15T02:14:19.981+0000] {processor.py:840} INFO - DAG(s) 'example_task_group' retrieved from /home/airflow/.local/lib/python3.12/site-packages/airflow/example_dags/example_task_group.py
[2024-06-15T02:14:19.998+0000] {logging_mixin.py:188} INFO - [2024-06-15T02:14:19.998+0000] {dag.py:3096} INFO - Sync 1 DAGs
[2024-06-15T02:14:20.018+0000] {logging_mixin.py:188} INFO - [2024-06-15T02:14:20.018+0000] {dag.py:3954} INFO - Setting next_dagrun for example_task_group to 2024-06-14 00:00:00+00:00, run_after=2024-06-15 00:00:00+00:00
[2024-06-15T02:14:20.032+0000] {processor.py:183} INFO - Processing /home/airflow/.local/lib/python3.12/site-packages/airflow/example_dags/example_task_group.py took 0.067 seconds
[2024-06-15T02:14:50.495+0000] {processor.py:161} INFO - Started process (PID=1290) to work on /home/airflow/.local/lib/python3.12/site-packages/airflow/example_dags/example_task_group.py
[2024-06-15T02:14:50.496+0000] {processor.py:830} INFO - Processing file /home/airflow/.local/lib/python3.12/site-packages/airflow/example_dags/example_task_group.py for tasks to queue
[2024-06-15T02:14:50.497+0000] {logging_mixin.py:188} INFO - [2024-06-15T02:14:50.497+0000] {dagbag.py:545} INFO - Filling up the DagBag from /home/airflow/.local/lib/python3.12/site-packages/airflow/example_dags/example_task_group.py
[2024-06-15T02:14:50.503+0000] {processor.py:840} INFO - DAG(s) 'example_task_group' retrieved from /home/airflow/.local/lib/python3.12/site-packages/airflow/example_dags/example_task_group.py
[2024-06-15T02:14:50.520+0000] {logging_mixin.py:188} INFO - [2024-06-15T02:14:50.520+0000] {dag.py:3096} INFO - Sync 1 DAGs
[2024-06-15T02:14:50.541+0000] {logging_mixin.py:188} INFO - [2024-06-15T02:14:50.541+0000] {dag.py:3954} INFO - Setting next_dagrun for example_task_group to 2024-06-14 00:00:00+00:00, run_after=2024-06-15 00:00:00+00:00
[2024-06-15T02:14:50.556+0000] {processor.py:183} INFO - Processing /home/airflow/.local/lib/python3.12/site-packages/airflow/example_dags/example_task_group.py took 0.065 seconds
[2024-06-15T02:15:20.724+0000] {processor.py:161} INFO - Started process (PID=1348) to work on /home/airflow/.local/lib/python3.12/site-packages/airflow/example_dags/example_task_group.py
[2024-06-15T02:15:20.724+0000] {processor.py:830} INFO - Processing file /home/airflow/.local/lib/python3.12/site-packages/airflow/example_dags/example_task_group.py for tasks to queue
[2024-06-15T02:15:20.726+0000] {logging_mixin.py:188} INFO - [2024-06-15T02:15:20.726+0000] {dagbag.py:545} INFO - Filling up the DagBag from /home/airflow/.local/lib/python3.12/site-packages/airflow/example_dags/example_task_group.py
[2024-06-15T02:15:20.731+0000] {processor.py:840} INFO - DAG(s) 'example_task_group' retrieved from /home/airflow/.local/lib/python3.12/site-packages/airflow/example_dags/example_task_group.py
[2024-06-15T02:15:20.749+0000] {logging_mixin.py:188} INFO - [2024-06-15T02:15:20.749+0000] {dag.py:3096} INFO - Sync 1 DAGs
[2024-06-15T02:15:20.766+0000] {logging_mixin.py:188} INFO - [2024-06-15T02:15:20.766+0000] {dag.py:3954} INFO - Setting next_dagrun for example_task_group to 2024-06-14 00:00:00+00:00, run_after=2024-06-15 00:00:00+00:00
[2024-06-15T02:15:20.780+0000] {processor.py:183} INFO - Processing /home/airflow/.local/lib/python3.12/site-packages/airflow/example_dags/example_task_group.py took 0.061 seconds
[2024-06-15T02:15:50.944+0000] {processor.py:161} INFO - Started process (PID=1406) to work on /home/airflow/.local/lib/python3.12/site-packages/airflow/example_dags/example_task_group.py
[2024-06-15T02:15:50.945+0000] {processor.py:830} INFO - Processing file /home/airflow/.local/lib/python3.12/site-packages/airflow/example_dags/example_task_group.py for tasks to queue
[2024-06-15T02:15:50.946+0000] {logging_mixin.py:188} INFO - [2024-06-15T02:15:50.946+0000] {dagbag.py:545} INFO - Filling up the DagBag from /home/airflow/.local/lib/python3.12/site-packages/airflow/example_dags/example_task_group.py
[2024-06-15T02:15:50.951+0000] {processor.py:840} INFO - DAG(s) 'example_task_group' retrieved from /home/airflow/.local/lib/python3.12/site-packages/airflow/example_dags/example_task_group.py
[2024-06-15T02:15:50.971+0000] {logging_mixin.py:188} INFO - [2024-06-15T02:15:50.971+0000] {dag.py:3096} INFO - Sync 1 DAGs
[2024-06-15T02:15:50.989+0000] {logging_mixin.py:188} INFO - [2024-06-15T02:15:50.989+0000] {dag.py:3954} INFO - Setting next_dagrun for example_task_group to 2024-06-14 00:00:00+00:00, run_after=2024-06-15 00:00:00+00:00
[2024-06-15T02:15:51.005+0000] {processor.py:183} INFO - Processing /home/airflow/.local/lib/python3.12/site-packages/airflow/example_dags/example_task_group.py took 0.064 seconds
[2024-06-15T02:16:22.815+0000] {processor.py:161} INFO - Started process (PID=1470) to work on /home/airflow/.local/lib/python3.12/site-packages/airflow/example_dags/example_task_group.py
[2024-06-15T02:16:22.816+0000] {processor.py:830} INFO - Processing file /home/airflow/.local/lib/python3.12/site-packages/airflow/example_dags/example_task_group.py for tasks to queue
[2024-06-15T02:16:22.817+0000] {logging_mixin.py:188} INFO - [2024-06-15T02:16:22.817+0000] {dagbag.py:545} INFO - Filling up the DagBag from /home/airflow/.local/lib/python3.12/site-packages/airflow/example_dags/example_task_group.py
[2024-06-15T02:16:22.826+0000] {processor.py:840} INFO - DAG(s) 'example_task_group' retrieved from /home/airflow/.local/lib/python3.12/site-packages/airflow/example_dags/example_task_group.py
[2024-06-15T02:16:22.848+0000] {logging_mixin.py:188} INFO - [2024-06-15T02:16:22.848+0000] {dag.py:3096} INFO - Sync 1 DAGs
[2024-06-15T02:16:22.868+0000] {logging_mixin.py:188} INFO - [2024-06-15T02:16:22.868+0000] {dag.py:3954} INFO - Setting next_dagrun for example_task_group to 2024-06-14 00:00:00+00:00, run_after=2024-06-15 00:00:00+00:00
[2024-06-15T02:16:23.092+0000] {processor.py:183} INFO - Processing /home/airflow/.local/lib/python3.12/site-packages/airflow/example_dags/example_task_group.py took 0.282 seconds
[2024-06-15T02:16:53.962+0000] {processor.py:161} INFO - Started process (PID=1528) to work on /home/airflow/.local/lib/python3.12/site-packages/airflow/example_dags/example_task_group.py
[2024-06-15T02:16:53.963+0000] {processor.py:830} INFO - Processing file /home/airflow/.local/lib/python3.12/site-packages/airflow/example_dags/example_task_group.py for tasks to queue
[2024-06-15T02:16:53.964+0000] {logging_mixin.py:188} INFO - [2024-06-15T02:16:53.964+0000] {dagbag.py:545} INFO - Filling up the DagBag from /home/airflow/.local/lib/python3.12/site-packages/airflow/example_dags/example_task_group.py
[2024-06-15T02:16:53.969+0000] {processor.py:840} INFO - DAG(s) 'example_task_group' retrieved from /home/airflow/.local/lib/python3.12/site-packages/airflow/example_dags/example_task_group.py
[2024-06-15T02:16:53.987+0000] {logging_mixin.py:188} INFO - [2024-06-15T02:16:53.987+0000] {dag.py:3096} INFO - Sync 1 DAGs
[2024-06-15T02:16:54.005+0000] {logging_mixin.py:188} INFO - [2024-06-15T02:16:54.005+0000] {dag.py:3954} INFO - Setting next_dagrun for example_task_group to 2024-06-14 00:00:00+00:00, run_after=2024-06-15 00:00:00+00:00
[2024-06-15T02:16:54.020+0000] {processor.py:183} INFO - Processing /home/airflow/.local/lib/python3.12/site-packages/airflow/example_dags/example_task_group.py took 0.062 seconds
[2024-06-15T02:17:24.378+0000] {processor.py:161} INFO - Started process (PID=1586) to work on /home/airflow/.local/lib/python3.12/site-packages/airflow/example_dags/example_task_group.py
[2024-06-15T02:17:24.379+0000] {processor.py:830} INFO - Processing file /home/airflow/.local/lib/python3.12/site-packages/airflow/example_dags/example_task_group.py for tasks to queue
[2024-06-15T02:17:24.380+0000] {logging_mixin.py:188} INFO - [2024-06-15T02:17:24.380+0000] {dagbag.py:545} INFO - Filling up the DagBag from /home/airflow/.local/lib/python3.12/site-packages/airflow/example_dags/example_task_group.py
[2024-06-15T02:17:24.386+0000] {processor.py:840} INFO - DAG(s) 'example_task_group' retrieved from /home/airflow/.local/lib/python3.12/site-packages/airflow/example_dags/example_task_group.py
[2024-06-15T02:17:24.402+0000] {logging_mixin.py:188} INFO - [2024-06-15T02:17:24.401+0000] {dag.py:3096} INFO - Sync 1 DAGs
[2024-06-15T02:17:24.421+0000] {logging_mixin.py:188} INFO - [2024-06-15T02:17:24.421+0000] {dag.py:3954} INFO - Setting next_dagrun for example_task_group to 2024-06-14 00:00:00+00:00, run_after=2024-06-15 00:00:00+00:00
[2024-06-15T02:17:24.436+0000] {processor.py:183} INFO - Processing /home/airflow/.local/lib/python3.12/site-packages/airflow/example_dags/example_task_group.py took 0.063 seconds
[2024-06-15T02:17:54.722+0000] {processor.py:161} INFO - Started process (PID=1644) to work on /home/airflow/.local/lib/python3.12/site-packages/airflow/example_dags/example_task_group.py
[2024-06-15T02:17:54.722+0000] {processor.py:830} INFO - Processing file /home/airflow/.local/lib/python3.12/site-packages/airflow/example_dags/example_task_group.py for tasks to queue
[2024-06-15T02:17:54.724+0000] {logging_mixin.py:188} INFO - [2024-06-15T02:17:54.724+0000] {dagbag.py:545} INFO - Filling up the DagBag from /home/airflow/.local/lib/python3.12/site-packages/airflow/example_dags/example_task_group.py
[2024-06-15T02:17:54.730+0000] {processor.py:840} INFO - DAG(s) 'example_task_group' retrieved from /home/airflow/.local/lib/python3.12/site-packages/airflow/example_dags/example_task_group.py
[2024-06-15T02:17:54.747+0000] {logging_mixin.py:188} INFO - [2024-06-15T02:17:54.747+0000] {dag.py:3096} INFO - Sync 1 DAGs
[2024-06-15T02:17:54.764+0000] {logging_mixin.py:188} INFO - [2024-06-15T02:17:54.764+0000] {dag.py:3954} INFO - Setting next_dagrun for example_task_group to 2024-06-14 00:00:00+00:00, run_after=2024-06-15 00:00:00+00:00
[2024-06-15T02:17:54.782+0000] {processor.py:183} INFO - Processing /home/airflow/.local/lib/python3.12/site-packages/airflow/example_dags/example_task_group.py took 0.065 seconds
[2024-06-15T02:18:25.159+0000] {processor.py:161} INFO - Started process (PID=1702) to work on /home/airflow/.local/lib/python3.12/site-packages/airflow/example_dags/example_task_group.py
[2024-06-15T02:18:25.159+0000] {processor.py:830} INFO - Processing file /home/airflow/.local/lib/python3.12/site-packages/airflow/example_dags/example_task_group.py for tasks to queue
[2024-06-15T02:18:25.160+0000] {logging_mixin.py:188} INFO - [2024-06-15T02:18:25.160+0000] {dagbag.py:545} INFO - Filling up the DagBag from /home/airflow/.local/lib/python3.12/site-packages/airflow/example_dags/example_task_group.py
[2024-06-15T02:18:25.167+0000] {processor.py:840} INFO - DAG(s) 'example_task_group' retrieved from /home/airflow/.local/lib/python3.12/site-packages/airflow/example_dags/example_task_group.py
[2024-06-15T02:18:25.183+0000] {logging_mixin.py:188} INFO - [2024-06-15T02:18:25.183+0000] {dag.py:3096} INFO - Sync 1 DAGs
[2024-06-15T02:18:25.204+0000] {logging_mixin.py:188} INFO - [2024-06-15T02:18:25.204+0000] {dag.py:3954} INFO - Setting next_dagrun for example_task_group to 2024-06-14 00:00:00+00:00, run_after=2024-06-15 00:00:00+00:00
[2024-06-15T02:18:25.219+0000] {processor.py:183} INFO - Processing /home/airflow/.local/lib/python3.12/site-packages/airflow/example_dags/example_task_group.py took 0.065 seconds
[2024-06-15T02:18:55.833+0000] {processor.py:161} INFO - Started process (PID=1760) to work on /home/airflow/.local/lib/python3.12/site-packages/airflow/example_dags/example_task_group.py
[2024-06-15T02:18:55.834+0000] {processor.py:830} INFO - Processing file /home/airflow/.local/lib/python3.12/site-packages/airflow/example_dags/example_task_group.py for tasks to queue
[2024-06-15T02:18:55.835+0000] {logging_mixin.py:188} INFO - [2024-06-15T02:18:55.835+0000] {dagbag.py:545} INFO - Filling up the DagBag from /home/airflow/.local/lib/python3.12/site-packages/airflow/example_dags/example_task_group.py
[2024-06-15T02:18:55.841+0000] {processor.py:840} INFO - DAG(s) 'example_task_group' retrieved from /home/airflow/.local/lib/python3.12/site-packages/airflow/example_dags/example_task_group.py
[2024-06-15T02:18:55.856+0000] {logging_mixin.py:188} INFO - [2024-06-15T02:18:55.856+0000] {dag.py:3096} INFO - Sync 1 DAGs
[2024-06-15T02:18:55.879+0000] {logging_mixin.py:188} INFO - [2024-06-15T02:18:55.879+0000] {dag.py:3954} INFO - Setting next_dagrun for example_task_group to 2024-06-14 00:00:00+00:00, run_after=2024-06-15 00:00:00+00:00
[2024-06-15T02:18:55.895+0000] {processor.py:183} INFO - Processing /home/airflow/.local/lib/python3.12/site-packages/airflow/example_dags/example_task_group.py took 0.066 seconds
[2024-06-15T02:19:25.990+0000] {processor.py:161} INFO - Started process (PID=1818) to work on /home/airflow/.local/lib/python3.12/site-packages/airflow/example_dags/example_task_group.py
[2024-06-15T02:19:25.990+0000] {processor.py:830} INFO - Processing file /home/airflow/.local/lib/python3.12/site-packages/airflow/example_dags/example_task_group.py for tasks to queue
[2024-06-15T02:19:25.992+0000] {logging_mixin.py:188} INFO - [2024-06-15T02:19:25.991+0000] {dagbag.py:545} INFO - Filling up the DagBag from /home/airflow/.local/lib/python3.12/site-packages/airflow/example_dags/example_task_group.py
[2024-06-15T02:19:25.997+0000] {processor.py:840} INFO - DAG(s) 'example_task_group' retrieved from /home/airflow/.local/lib/python3.12/site-packages/airflow/example_dags/example_task_group.py
[2024-06-15T02:19:26.017+0000] {logging_mixin.py:188} INFO - [2024-06-15T02:19:26.017+0000] {dag.py:3096} INFO - Sync 1 DAGs
[2024-06-15T02:19:26.046+0000] {logging_mixin.py:188} INFO - [2024-06-15T02:19:26.046+0000] {dag.py:3954} INFO - Setting next_dagrun for example_task_group to 2024-06-14 00:00:00+00:00, run_after=2024-06-15 00:00:00+00:00
[2024-06-15T02:19:26.064+0000] {processor.py:183} INFO - Processing /home/airflow/.local/lib/python3.12/site-packages/airflow/example_dags/example_task_group.py took 0.078 seconds
[2024-06-15T02:19:56.912+0000] {processor.py:161} INFO - Started process (PID=1876) to work on /home/airflow/.local/lib/python3.12/site-packages/airflow/example_dags/example_task_group.py
[2024-06-15T02:19:56.913+0000] {processor.py:830} INFO - Processing file /home/airflow/.local/lib/python3.12/site-packages/airflow/example_dags/example_task_group.py for tasks to queue
[2024-06-15T02:19:56.914+0000] {logging_mixin.py:188} INFO - [2024-06-15T02:19:56.914+0000] {dagbag.py:545} INFO - Filling up the DagBag from /home/airflow/.local/lib/python3.12/site-packages/airflow/example_dags/example_task_group.py
[2024-06-15T02:19:56.920+0000] {processor.py:840} INFO - DAG(s) 'example_task_group' retrieved from /home/airflow/.local/lib/python3.12/site-packages/airflow/example_dags/example_task_group.py
[2024-06-15T02:19:56.936+0000] {logging_mixin.py:188} INFO - [2024-06-15T02:19:56.936+0000] {dag.py:3096} INFO - Sync 1 DAGs
[2024-06-15T02:19:56.955+0000] {logging_mixin.py:188} INFO - [2024-06-15T02:19:56.955+0000] {dag.py:3954} INFO - Setting next_dagrun for example_task_group to 2024-06-14 00:00:00+00:00, run_after=2024-06-15 00:00:00+00:00
[2024-06-15T02:19:56.971+0000] {processor.py:183} INFO - Processing /home/airflow/.local/lib/python3.12/site-packages/airflow/example_dags/example_task_group.py took 0.063 seconds
[2024-06-15T02:20:27.975+0000] {processor.py:161} INFO - Started process (PID=1934) to work on /home/airflow/.local/lib/python3.12/site-packages/airflow/example_dags/example_task_group.py
[2024-06-15T02:20:27.976+0000] {processor.py:830} INFO - Processing file /home/airflow/.local/lib/python3.12/site-packages/airflow/example_dags/example_task_group.py for tasks to queue
[2024-06-15T02:20:27.978+0000] {logging_mixin.py:188} INFO - [2024-06-15T02:20:27.977+0000] {dagbag.py:545} INFO - Filling up the DagBag from /home/airflow/.local/lib/python3.12/site-packages/airflow/example_dags/example_task_group.py
[2024-06-15T02:20:28.114+0000] {processor.py:840} INFO - DAG(s) 'example_task_group' retrieved from /home/airflow/.local/lib/python3.12/site-packages/airflow/example_dags/example_task_group.py
[2024-06-15T02:20:28.133+0000] {logging_mixin.py:188} INFO - [2024-06-15T02:20:28.132+0000] {dag.py:3096} INFO - Sync 1 DAGs
[2024-06-15T02:20:28.151+0000] {logging_mixin.py:188} INFO - [2024-06-15T02:20:28.151+0000] {dag.py:3954} INFO - Setting next_dagrun for example_task_group to 2024-06-14 00:00:00+00:00, run_after=2024-06-15 00:00:00+00:00
[2024-06-15T02:20:28.168+0000] {processor.py:183} INFO - Processing /home/airflow/.local/lib/python3.12/site-packages/airflow/example_dags/example_task_group.py took 0.197 seconds
[2024-06-15T02:20:58.935+0000] {processor.py:161} INFO - Started process (PID=1992) to work on /home/airflow/.local/lib/python3.12/site-packages/airflow/example_dags/example_task_group.py
[2024-06-15T02:20:58.935+0000] {processor.py:830} INFO - Processing file /home/airflow/.local/lib/python3.12/site-packages/airflow/example_dags/example_task_group.py for tasks to queue
[2024-06-15T02:20:58.937+0000] {logging_mixin.py:188} INFO - [2024-06-15T02:20:58.937+0000] {dagbag.py:545} INFO - Filling up the DagBag from /home/airflow/.local/lib/python3.12/site-packages/airflow/example_dags/example_task_group.py
[2024-06-15T02:20:58.943+0000] {processor.py:840} INFO - DAG(s) 'example_task_group' retrieved from /home/airflow/.local/lib/python3.12/site-packages/airflow/example_dags/example_task_group.py
[2024-06-15T02:20:58.961+0000] {logging_mixin.py:188} INFO - [2024-06-15T02:20:58.961+0000] {dag.py:3096} INFO - Sync 1 DAGs
[2024-06-15T02:20:58.980+0000] {logging_mixin.py:188} INFO - [2024-06-15T02:20:58.980+0000] {dag.py:3954} INFO - Setting next_dagrun for example_task_group to 2024-06-14 00:00:00+00:00, run_after=2024-06-15 00:00:00+00:00
[2024-06-15T02:20:58.997+0000] {processor.py:183} INFO - Processing /home/airflow/.local/lib/python3.12/site-packages/airflow/example_dags/example_task_group.py took 0.066 seconds
[2024-06-15T02:21:29.237+0000] {processor.py:161} INFO - Started process (PID=2050) to work on /home/airflow/.local/lib/python3.12/site-packages/airflow/example_dags/example_task_group.py
[2024-06-15T02:21:29.237+0000] {processor.py:830} INFO - Processing file /home/airflow/.local/lib/python3.12/site-packages/airflow/example_dags/example_task_group.py for tasks to queue
[2024-06-15T02:21:29.239+0000] {logging_mixin.py:188} INFO - [2024-06-15T02:21:29.239+0000] {dagbag.py:545} INFO - Filling up the DagBag from /home/airflow/.local/lib/python3.12/site-packages/airflow/example_dags/example_task_group.py
[2024-06-15T02:21:29.244+0000] {processor.py:840} INFO - DAG(s) 'example_task_group' retrieved from /home/airflow/.local/lib/python3.12/site-packages/airflow/example_dags/example_task_group.py
[2024-06-15T02:21:29.261+0000] {logging_mixin.py:188} INFO - [2024-06-15T02:21:29.261+0000] {dag.py:3096} INFO - Sync 1 DAGs
[2024-06-15T02:21:29.280+0000] {logging_mixin.py:188} INFO - [2024-06-15T02:21:29.280+0000] {dag.py:3954} INFO - Setting next_dagrun for example_task_group to 2024-06-14 00:00:00+00:00, run_after=2024-06-15 00:00:00+00:00
[2024-06-15T02:21:29.296+0000] {processor.py:183} INFO - Processing /home/airflow/.local/lib/python3.12/site-packages/airflow/example_dags/example_task_group.py took 0.063 seconds
[2024-06-15T02:21:59.840+0000] {processor.py:161} INFO - Started process (PID=2108) to work on /home/airflow/.local/lib/python3.12/site-packages/airflow/example_dags/example_task_group.py
[2024-06-15T02:21:59.841+0000] {processor.py:830} INFO - Processing file /home/airflow/.local/lib/python3.12/site-packages/airflow/example_dags/example_task_group.py for tasks to queue
[2024-06-15T02:21:59.842+0000] {logging_mixin.py:188} INFO - [2024-06-15T02:21:59.842+0000] {dagbag.py:545} INFO - Filling up the DagBag from /home/airflow/.local/lib/python3.12/site-packages/airflow/example_dags/example_task_group.py
[2024-06-15T02:21:59.848+0000] {processor.py:840} INFO - DAG(s) 'example_task_group' retrieved from /home/airflow/.local/lib/python3.12/site-packages/airflow/example_dags/example_task_group.py
[2024-06-15T02:21:59.877+0000] {logging_mixin.py:188} INFO - [2024-06-15T02:21:59.877+0000] {dag.py:3096} INFO - Sync 1 DAGs
[2024-06-15T02:21:59.907+0000] {logging_mixin.py:188} INFO - [2024-06-15T02:21:59.907+0000] {dag.py:3954} INFO - Setting next_dagrun for example_task_group to 2024-06-14 00:00:00+00:00, run_after=2024-06-15 00:00:00+00:00
[2024-06-15T02:21:59.923+0000] {processor.py:183} INFO - Processing /home/airflow/.local/lib/python3.12/site-packages/airflow/example_dags/example_task_group.py took 0.089 seconds
[2024-06-15T02:22:30.136+0000] {processor.py:161} INFO - Started process (PID=2166) to work on /home/airflow/.local/lib/python3.12/site-packages/airflow/example_dags/example_task_group.py
[2024-06-15T02:22:30.137+0000] {processor.py:830} INFO - Processing file /home/airflow/.local/lib/python3.12/site-packages/airflow/example_dags/example_task_group.py for tasks to queue
[2024-06-15T02:22:30.138+0000] {logging_mixin.py:188} INFO - [2024-06-15T02:22:30.138+0000] {dagbag.py:545} INFO - Filling up the DagBag from /home/airflow/.local/lib/python3.12/site-packages/airflow/example_dags/example_task_group.py
[2024-06-15T02:22:30.144+0000] {processor.py:840} INFO - DAG(s) 'example_task_group' retrieved from /home/airflow/.local/lib/python3.12/site-packages/airflow/example_dags/example_task_group.py
[2024-06-15T02:22:30.161+0000] {logging_mixin.py:188} INFO - [2024-06-15T02:22:30.161+0000] {dag.py:3096} INFO - Sync 1 DAGs
[2024-06-15T02:22:30.179+0000] {logging_mixin.py:188} INFO - [2024-06-15T02:22:30.179+0000] {dag.py:3954} INFO - Setting next_dagrun for example_task_group to 2024-06-14 00:00:00+00:00, run_after=2024-06-15 00:00:00+00:00
[2024-06-15T02:22:30.194+0000] {processor.py:183} INFO - Processing /home/airflow/.local/lib/python3.12/site-packages/airflow/example_dags/example_task_group.py took 0.063 seconds
[2024-06-15T02:23:00.325+0000] {processor.py:161} INFO - Started process (PID=2224) to work on /home/airflow/.local/lib/python3.12/site-packages/airflow/example_dags/example_task_group.py
[2024-06-15T02:23:00.326+0000] {processor.py:830} INFO - Processing file /home/airflow/.local/lib/python3.12/site-packages/airflow/example_dags/example_task_group.py for tasks to queue
[2024-06-15T02:23:00.327+0000] {logging_mixin.py:188} INFO - [2024-06-15T02:23:00.327+0000] {dagbag.py:545} INFO - Filling up the DagBag from /home/airflow/.local/lib/python3.12/site-packages/airflow/example_dags/example_task_group.py
[2024-06-15T02:23:00.334+0000] {processor.py:840} INFO - DAG(s) 'example_task_group' retrieved from /home/airflow/.local/lib/python3.12/site-packages/airflow/example_dags/example_task_group.py
[2024-06-15T02:23:00.352+0000] {logging_mixin.py:188} INFO - [2024-06-15T02:23:00.352+0000] {dag.py:3096} INFO - Sync 1 DAGs
[2024-06-15T02:23:00.372+0000] {logging_mixin.py:188} INFO - [2024-06-15T02:23:00.371+0000] {dag.py:3954} INFO - Setting next_dagrun for example_task_group to 2024-06-14 00:00:00+00:00, run_after=2024-06-15 00:00:00+00:00
[2024-06-15T02:23:00.388+0000] {processor.py:183} INFO - Processing /home/airflow/.local/lib/python3.12/site-packages/airflow/example_dags/example_task_group.py took 0.067 seconds
[2024-06-15T02:23:30.638+0000] {processor.py:161} INFO - Started process (PID=2282) to work on /home/airflow/.local/lib/python3.12/site-packages/airflow/example_dags/example_task_group.py
[2024-06-15T02:23:30.639+0000] {processor.py:830} INFO - Processing file /home/airflow/.local/lib/python3.12/site-packages/airflow/example_dags/example_task_group.py for tasks to queue
[2024-06-15T02:23:30.640+0000] {logging_mixin.py:188} INFO - [2024-06-15T02:23:30.640+0000] {dagbag.py:545} INFO - Filling up the DagBag from /home/airflow/.local/lib/python3.12/site-packages/airflow/example_dags/example_task_group.py
[2024-06-15T02:23:30.646+0000] {processor.py:840} INFO - DAG(s) 'example_task_group' retrieved from /home/airflow/.local/lib/python3.12/site-packages/airflow/example_dags/example_task_group.py
[2024-06-15T02:23:30.662+0000] {logging_mixin.py:188} INFO - [2024-06-15T02:23:30.661+0000] {dag.py:3096} INFO - Sync 1 DAGs
[2024-06-15T02:23:30.680+0000] {logging_mixin.py:188} INFO - [2024-06-15T02:23:30.680+0000] {dag.py:3954} INFO - Setting next_dagrun for example_task_group to 2024-06-14 00:00:00+00:00, run_after=2024-06-15 00:00:00+00:00
[2024-06-15T02:23:30.693+0000] {processor.py:183} INFO - Processing /home/airflow/.local/lib/python3.12/site-packages/airflow/example_dags/example_task_group.py took 0.059 seconds
[2024-06-15T02:24:00.807+0000] {processor.py:161} INFO - Started process (PID=2340) to work on /home/airflow/.local/lib/python3.12/site-packages/airflow/example_dags/example_task_group.py
[2024-06-15T02:24:00.808+0000] {processor.py:830} INFO - Processing file /home/airflow/.local/lib/python3.12/site-packages/airflow/example_dags/example_task_group.py for tasks to queue
[2024-06-15T02:24:00.810+0000] {logging_mixin.py:188} INFO - [2024-06-15T02:24:00.809+0000] {dagbag.py:545} INFO - Filling up the DagBag from /home/airflow/.local/lib/python3.12/site-packages/airflow/example_dags/example_task_group.py
[2024-06-15T02:24:00.816+0000] {processor.py:840} INFO - DAG(s) 'example_task_group' retrieved from /home/airflow/.local/lib/python3.12/site-packages/airflow/example_dags/example_task_group.py
[2024-06-15T02:24:00.834+0000] {logging_mixin.py:188} INFO - [2024-06-15T02:24:00.834+0000] {dag.py:3096} INFO - Sync 1 DAGs
[2024-06-15T02:24:00.853+0000] {logging_mixin.py:188} INFO - [2024-06-15T02:24:00.853+0000] {dag.py:3954} INFO - Setting next_dagrun for example_task_group to 2024-06-14 00:00:00+00:00, run_after=2024-06-15 00:00:00+00:00
[2024-06-15T02:24:00.868+0000] {processor.py:183} INFO - Processing /home/airflow/.local/lib/python3.12/site-packages/airflow/example_dags/example_task_group.py took 0.064 seconds
