[2024-06-15T02:04:07.620+0000] {processor.py:161} INFO - Started process (PID=45) to work on /home/airflow/.local/lib/python3.12/site-packages/airflow/example_dags/example_setup_teardown.py
[2024-06-15T02:04:07.621+0000] {processor.py:830} INFO - Processing file /home/airflow/.local/lib/python3.12/site-packages/airflow/example_dags/example_setup_teardown.py for tasks to queue
[2024-06-15T02:04:07.622+0000] {logging_mixin.py:188} INFO - [2024-06-15T02:04:07.622+0000] {dagbag.py:545} INFO - Filling up the DagBag from /home/airflow/.local/lib/python3.12/site-packages/airflow/example_dags/example_setup_teardown.py
[2024-06-15T02:04:07.630+0000] {processor.py:840} INFO - DAG(s) 'example_setup_teardown' retrieved from /home/airflow/.local/lib/python3.12/site-packages/airflow/example_dags/example_setup_teardown.py
[2024-06-15T02:04:07.642+0000] {logging_mixin.py:188} INFO - [2024-06-15T02:04:07.642+0000] {dag.py:3096} INFO - Sync 1 DAGs
[2024-06-15T02:04:07.666+0000] {logging_mixin.py:188} INFO - [2024-06-15T02:04:07.666+0000] {dag.py:3954} INFO - Setting next_dagrun for example_setup_teardown to 2024-06-14 00:00:00+00:00, run_after=2024-06-15 00:00:00+00:00
[2024-06-15T02:04:07.684+0000] {processor.py:183} INFO - Processing /home/airflow/.local/lib/python3.12/site-packages/airflow/example_dags/example_setup_teardown.py took 0.069 seconds
[2024-06-15T02:04:38.031+0000] {processor.py:161} INFO - Started process (PID=102) to work on /home/airflow/.local/lib/python3.12/site-packages/airflow/example_dags/example_setup_teardown.py
[2024-06-15T02:04:38.032+0000] {processor.py:830} INFO - Processing file /home/airflow/.local/lib/python3.12/site-packages/airflow/example_dags/example_setup_teardown.py for tasks to queue
[2024-06-15T02:04:38.033+0000] {logging_mixin.py:188} INFO - [2024-06-15T02:04:38.033+0000] {dagbag.py:545} INFO - Filling up the DagBag from /home/airflow/.local/lib/python3.12/site-packages/airflow/example_dags/example_setup_teardown.py
[2024-06-15T02:04:38.039+0000] {processor.py:840} INFO - DAG(s) 'example_setup_teardown' retrieved from /home/airflow/.local/lib/python3.12/site-packages/airflow/example_dags/example_setup_teardown.py
[2024-06-15T02:04:38.136+0000] {logging_mixin.py:188} INFO - [2024-06-15T02:04:38.135+0000] {dag.py:3096} INFO - Sync 1 DAGs
[2024-06-15T02:04:38.154+0000] {logging_mixin.py:188} INFO - [2024-06-15T02:04:38.153+0000] {dag.py:3954} INFO - Setting next_dagrun for example_setup_teardown to 2024-06-14 00:00:00+00:00, run_after=2024-06-15 00:00:00+00:00
[2024-06-15T02:04:38.173+0000] {processor.py:183} INFO - Processing /home/airflow/.local/lib/python3.12/site-packages/airflow/example_dags/example_setup_teardown.py took 0.146 seconds
[2024-06-15T02:05:09.092+0000] {processor.py:161} INFO - Started process (PID=161) to work on /home/airflow/.local/lib/python3.12/site-packages/airflow/example_dags/example_setup_teardown.py
[2024-06-15T02:05:09.093+0000] {processor.py:830} INFO - Processing file /home/airflow/.local/lib/python3.12/site-packages/airflow/example_dags/example_setup_teardown.py for tasks to queue
[2024-06-15T02:05:09.094+0000] {logging_mixin.py:188} INFO - [2024-06-15T02:05:09.094+0000] {dagbag.py:545} INFO - Filling up the DagBag from /home/airflow/.local/lib/python3.12/site-packages/airflow/example_dags/example_setup_teardown.py
[2024-06-15T02:05:09.100+0000] {processor.py:840} INFO - DAG(s) 'example_setup_teardown' retrieved from /home/airflow/.local/lib/python3.12/site-packages/airflow/example_dags/example_setup_teardown.py
[2024-06-15T02:05:09.117+0000] {logging_mixin.py:188} INFO - [2024-06-15T02:05:09.117+0000] {dag.py:3096} INFO - Sync 1 DAGs
[2024-06-15T02:05:09.137+0000] {logging_mixin.py:188} INFO - [2024-06-15T02:05:09.137+0000] {dag.py:3954} INFO - Setting next_dagrun for example_setup_teardown to 2024-06-14 00:00:00+00:00, run_after=2024-06-15 00:00:00+00:00
[2024-06-15T02:05:09.153+0000] {processor.py:183} INFO - Processing /home/airflow/.local/lib/python3.12/site-packages/airflow/example_dags/example_setup_teardown.py took 0.066 seconds
[2024-06-15T02:05:39.460+0000] {processor.py:161} INFO - Started process (PID=218) to work on /home/airflow/.local/lib/python3.12/site-packages/airflow/example_dags/example_setup_teardown.py
[2024-06-15T02:05:39.461+0000] {processor.py:830} INFO - Processing file /home/airflow/.local/lib/python3.12/site-packages/airflow/example_dags/example_setup_teardown.py for tasks to queue
[2024-06-15T02:05:39.463+0000] {logging_mixin.py:188} INFO - [2024-06-15T02:05:39.462+0000] {dagbag.py:545} INFO - Filling up the DagBag from /home/airflow/.local/lib/python3.12/site-packages/airflow/example_dags/example_setup_teardown.py
[2024-06-15T02:05:39.468+0000] {processor.py:840} INFO - DAG(s) 'example_setup_teardown' retrieved from /home/airflow/.local/lib/python3.12/site-packages/airflow/example_dags/example_setup_teardown.py
[2024-06-15T02:05:39.485+0000] {logging_mixin.py:188} INFO - [2024-06-15T02:05:39.485+0000] {dag.py:3096} INFO - Sync 1 DAGs
[2024-06-15T02:05:39.506+0000] {logging_mixin.py:188} INFO - [2024-06-15T02:05:39.505+0000] {dag.py:3954} INFO - Setting next_dagrun for example_setup_teardown to 2024-06-14 00:00:00+00:00, run_after=2024-06-15 00:00:00+00:00
[2024-06-15T02:05:39.522+0000] {processor.py:183} INFO - Processing /home/airflow/.local/lib/python3.12/site-packages/airflow/example_dags/example_setup_teardown.py took 0.066 seconds
[2024-06-15T02:06:09.813+0000] {processor.py:161} INFO - Started process (PID=276) to work on /home/airflow/.local/lib/python3.12/site-packages/airflow/example_dags/example_setup_teardown.py
[2024-06-15T02:06:09.814+0000] {processor.py:830} INFO - Processing file /home/airflow/.local/lib/python3.12/site-packages/airflow/example_dags/example_setup_teardown.py for tasks to queue
[2024-06-15T02:06:09.815+0000] {logging_mixin.py:188} INFO - [2024-06-15T02:06:09.815+0000] {dagbag.py:545} INFO - Filling up the DagBag from /home/airflow/.local/lib/python3.12/site-packages/airflow/example_dags/example_setup_teardown.py
[2024-06-15T02:06:09.820+0000] {processor.py:840} INFO - DAG(s) 'example_setup_teardown' retrieved from /home/airflow/.local/lib/python3.12/site-packages/airflow/example_dags/example_setup_teardown.py
[2024-06-15T02:06:09.837+0000] {logging_mixin.py:188} INFO - [2024-06-15T02:06:09.837+0000] {dag.py:3096} INFO - Sync 1 DAGs
[2024-06-15T02:06:09.858+0000] {logging_mixin.py:188} INFO - [2024-06-15T02:06:09.858+0000] {dag.py:3954} INFO - Setting next_dagrun for example_setup_teardown to 2024-06-14 00:00:00+00:00, run_after=2024-06-15 00:00:00+00:00
[2024-06-15T02:06:09.874+0000] {processor.py:183} INFO - Processing /home/airflow/.local/lib/python3.12/site-packages/airflow/example_dags/example_setup_teardown.py took 0.065 seconds
[2024-06-15T02:06:40.316+0000] {processor.py:161} INFO - Started process (PID=334) to work on /home/airflow/.local/lib/python3.12/site-packages/airflow/example_dags/example_setup_teardown.py
[2024-06-15T02:06:40.316+0000] {processor.py:830} INFO - Processing file /home/airflow/.local/lib/python3.12/site-packages/airflow/example_dags/example_setup_teardown.py for tasks to queue
[2024-06-15T02:06:40.318+0000] {logging_mixin.py:188} INFO - [2024-06-15T02:06:40.318+0000] {dagbag.py:545} INFO - Filling up the DagBag from /home/airflow/.local/lib/python3.12/site-packages/airflow/example_dags/example_setup_teardown.py
[2024-06-15T02:06:40.323+0000] {processor.py:840} INFO - DAG(s) 'example_setup_teardown' retrieved from /home/airflow/.local/lib/python3.12/site-packages/airflow/example_dags/example_setup_teardown.py
[2024-06-15T02:06:40.340+0000] {logging_mixin.py:188} INFO - [2024-06-15T02:06:40.340+0000] {dag.py:3096} INFO - Sync 1 DAGs
[2024-06-15T02:06:40.358+0000] {logging_mixin.py:188} INFO - [2024-06-15T02:06:40.358+0000] {dag.py:3954} INFO - Setting next_dagrun for example_setup_teardown to 2024-06-14 00:00:00+00:00, run_after=2024-06-15 00:00:00+00:00
[2024-06-15T02:06:40.490+0000] {processor.py:183} INFO - Processing /home/airflow/.local/lib/python3.12/site-packages/airflow/example_dags/example_setup_teardown.py took 0.178 seconds
[2024-06-15T02:07:10.528+0000] {processor.py:161} INFO - Started process (PID=392) to work on /home/airflow/.local/lib/python3.12/site-packages/airflow/example_dags/example_setup_teardown.py
[2024-06-15T02:07:10.528+0000] {processor.py:830} INFO - Processing file /home/airflow/.local/lib/python3.12/site-packages/airflow/example_dags/example_setup_teardown.py for tasks to queue
[2024-06-15T02:07:10.530+0000] {logging_mixin.py:188} INFO - [2024-06-15T02:07:10.530+0000] {dagbag.py:545} INFO - Filling up the DagBag from /home/airflow/.local/lib/python3.12/site-packages/airflow/example_dags/example_setup_teardown.py
[2024-06-15T02:07:10.535+0000] {processor.py:840} INFO - DAG(s) 'example_setup_teardown' retrieved from /home/airflow/.local/lib/python3.12/site-packages/airflow/example_dags/example_setup_teardown.py
[2024-06-15T02:07:10.551+0000] {logging_mixin.py:188} INFO - [2024-06-15T02:07:10.551+0000] {dag.py:3096} INFO - Sync 1 DAGs
[2024-06-15T02:07:10.569+0000] {logging_mixin.py:188} INFO - [2024-06-15T02:07:10.569+0000] {dag.py:3954} INFO - Setting next_dagrun for example_setup_teardown to 2024-06-14 00:00:00+00:00, run_after=2024-06-15 00:00:00+00:00
[2024-06-15T02:07:10.588+0000] {processor.py:183} INFO - Processing /home/airflow/.local/lib/python3.12/site-packages/airflow/example_dags/example_setup_teardown.py took 0.064 seconds
[2024-06-15T02:07:40.621+0000] {processor.py:161} INFO - Started process (PID=450) to work on /home/airflow/.local/lib/python3.12/site-packages/airflow/example_dags/example_setup_teardown.py
[2024-06-15T02:07:40.622+0000] {processor.py:830} INFO - Processing file /home/airflow/.local/lib/python3.12/site-packages/airflow/example_dags/example_setup_teardown.py for tasks to queue
[2024-06-15T02:07:40.623+0000] {logging_mixin.py:188} INFO - [2024-06-15T02:07:40.623+0000] {dagbag.py:545} INFO - Filling up the DagBag from /home/airflow/.local/lib/python3.12/site-packages/airflow/example_dags/example_setup_teardown.py
[2024-06-15T02:07:40.628+0000] {processor.py:840} INFO - DAG(s) 'example_setup_teardown' retrieved from /home/airflow/.local/lib/python3.12/site-packages/airflow/example_dags/example_setup_teardown.py
[2024-06-15T02:07:40.646+0000] {logging_mixin.py:188} INFO - [2024-06-15T02:07:40.646+0000] {dag.py:3096} INFO - Sync 1 DAGs
[2024-06-15T02:07:40.665+0000] {logging_mixin.py:188} INFO - [2024-06-15T02:07:40.665+0000] {dag.py:3954} INFO - Setting next_dagrun for example_setup_teardown to 2024-06-14 00:00:00+00:00, run_after=2024-06-15 00:00:00+00:00
[2024-06-15T02:07:40.680+0000] {processor.py:183} INFO - Processing /home/airflow/.local/lib/python3.12/site-packages/airflow/example_dags/example_setup_teardown.py took 0.063 seconds
[2024-06-15T02:08:10.943+0000] {processor.py:161} INFO - Started process (PID=508) to work on /home/airflow/.local/lib/python3.12/site-packages/airflow/example_dags/example_setup_teardown.py
[2024-06-15T02:08:10.943+0000] {processor.py:830} INFO - Processing file /home/airflow/.local/lib/python3.12/site-packages/airflow/example_dags/example_setup_teardown.py for tasks to queue
[2024-06-15T02:08:10.945+0000] {logging_mixin.py:188} INFO - [2024-06-15T02:08:10.944+0000] {dagbag.py:545} INFO - Filling up the DagBag from /home/airflow/.local/lib/python3.12/site-packages/airflow/example_dags/example_setup_teardown.py
[2024-06-15T02:08:10.950+0000] {processor.py:840} INFO - DAG(s) 'example_setup_teardown' retrieved from /home/airflow/.local/lib/python3.12/site-packages/airflow/example_dags/example_setup_teardown.py
[2024-06-15T02:08:10.966+0000] {logging_mixin.py:188} INFO - [2024-06-15T02:08:10.966+0000] {dag.py:3096} INFO - Sync 1 DAGs
[2024-06-15T02:08:10.986+0000] {logging_mixin.py:188} INFO - [2024-06-15T02:08:10.986+0000] {dag.py:3954} INFO - Setting next_dagrun for example_setup_teardown to 2024-06-14 00:00:00+00:00, run_after=2024-06-15 00:00:00+00:00
[2024-06-15T02:08:11.002+0000] {processor.py:183} INFO - Processing /home/airflow/.local/lib/python3.12/site-packages/airflow/example_dags/example_setup_teardown.py took 0.064 seconds
[2024-06-15T02:08:41.382+0000] {processor.py:161} INFO - Started process (PID=566) to work on /home/airflow/.local/lib/python3.12/site-packages/airflow/example_dags/example_setup_teardown.py
[2024-06-15T02:08:41.382+0000] {processor.py:830} INFO - Processing file /home/airflow/.local/lib/python3.12/site-packages/airflow/example_dags/example_setup_teardown.py for tasks to queue
[2024-06-15T02:08:41.384+0000] {logging_mixin.py:188} INFO - [2024-06-15T02:08:41.383+0000] {dagbag.py:545} INFO - Filling up the DagBag from /home/airflow/.local/lib/python3.12/site-packages/airflow/example_dags/example_setup_teardown.py
[2024-06-15T02:08:41.389+0000] {processor.py:840} INFO - DAG(s) 'example_setup_teardown' retrieved from /home/airflow/.local/lib/python3.12/site-packages/airflow/example_dags/example_setup_teardown.py
[2024-06-15T02:08:41.406+0000] {logging_mixin.py:188} INFO - [2024-06-15T02:08:41.406+0000] {dag.py:3096} INFO - Sync 1 DAGs
[2024-06-15T02:08:41.427+0000] {logging_mixin.py:188} INFO - [2024-06-15T02:08:41.426+0000] {dag.py:3954} INFO - Setting next_dagrun for example_setup_teardown to 2024-06-14 00:00:00+00:00, run_after=2024-06-15 00:00:00+00:00
[2024-06-15T02:08:41.444+0000] {processor.py:183} INFO - Processing /home/airflow/.local/lib/python3.12/site-packages/airflow/example_dags/example_setup_teardown.py took 0.067 seconds
[2024-06-15T02:09:11.775+0000] {processor.py:161} INFO - Started process (PID=624) to work on /home/airflow/.local/lib/python3.12/site-packages/airflow/example_dags/example_setup_teardown.py
[2024-06-15T02:09:11.776+0000] {processor.py:830} INFO - Processing file /home/airflow/.local/lib/python3.12/site-packages/airflow/example_dags/example_setup_teardown.py for tasks to queue
[2024-06-15T02:09:11.777+0000] {logging_mixin.py:188} INFO - [2024-06-15T02:09:11.777+0000] {dagbag.py:545} INFO - Filling up the DagBag from /home/airflow/.local/lib/python3.12/site-packages/airflow/example_dags/example_setup_teardown.py
[2024-06-15T02:09:11.783+0000] {processor.py:840} INFO - DAG(s) 'example_setup_teardown' retrieved from /home/airflow/.local/lib/python3.12/site-packages/airflow/example_dags/example_setup_teardown.py
[2024-06-15T02:09:11.800+0000] {logging_mixin.py:188} INFO - [2024-06-15T02:09:11.800+0000] {dag.py:3096} INFO - Sync 1 DAGs
[2024-06-15T02:09:11.820+0000] {logging_mixin.py:188} INFO - [2024-06-15T02:09:11.820+0000] {dag.py:3954} INFO - Setting next_dagrun for example_setup_teardown to 2024-06-14 00:00:00+00:00, run_after=2024-06-15 00:00:00+00:00
[2024-06-15T02:09:11.837+0000] {processor.py:183} INFO - Processing /home/airflow/.local/lib/python3.12/site-packages/airflow/example_dags/example_setup_teardown.py took 0.066 seconds
[2024-06-15T02:09:41.925+0000] {processor.py:161} INFO - Started process (PID=682) to work on /home/airflow/.local/lib/python3.12/site-packages/airflow/example_dags/example_setup_teardown.py
[2024-06-15T02:09:41.926+0000] {processor.py:830} INFO - Processing file /home/airflow/.local/lib/python3.12/site-packages/airflow/example_dags/example_setup_teardown.py for tasks to queue
[2024-06-15T02:09:41.928+0000] {logging_mixin.py:188} INFO - [2024-06-15T02:09:41.927+0000] {dagbag.py:545} INFO - Filling up the DagBag from /home/airflow/.local/lib/python3.12/site-packages/airflow/example_dags/example_setup_teardown.py
[2024-06-15T02:09:41.933+0000] {processor.py:840} INFO - DAG(s) 'example_setup_teardown' retrieved from /home/airflow/.local/lib/python3.12/site-packages/airflow/example_dags/example_setup_teardown.py
[2024-06-15T02:09:41.956+0000] {logging_mixin.py:188} INFO - [2024-06-15T02:09:41.956+0000] {dag.py:3096} INFO - Sync 1 DAGs
[2024-06-15T02:09:41.984+0000] {logging_mixin.py:188} INFO - [2024-06-15T02:09:41.984+0000] {dag.py:3954} INFO - Setting next_dagrun for example_setup_teardown to 2024-06-14 00:00:00+00:00, run_after=2024-06-15 00:00:00+00:00
[2024-06-15T02:09:42.006+0000] {processor.py:183} INFO - Processing /home/airflow/.local/lib/python3.12/site-packages/airflow/example_dags/example_setup_teardown.py took 0.084 seconds
[2024-06-15T02:10:12.095+0000] {processor.py:161} INFO - Started process (PID=740) to work on /home/airflow/.local/lib/python3.12/site-packages/airflow/example_dags/example_setup_teardown.py
[2024-06-15T02:10:12.096+0000] {processor.py:830} INFO - Processing file /home/airflow/.local/lib/python3.12/site-packages/airflow/example_dags/example_setup_teardown.py for tasks to queue
[2024-06-15T02:10:12.098+0000] {logging_mixin.py:188} INFO - [2024-06-15T02:10:12.098+0000] {dagbag.py:545} INFO - Filling up the DagBag from /home/airflow/.local/lib/python3.12/site-packages/airflow/example_dags/example_setup_teardown.py
[2024-06-15T02:10:12.105+0000] {processor.py:840} INFO - DAG(s) 'example_setup_teardown' retrieved from /home/airflow/.local/lib/python3.12/site-packages/airflow/example_dags/example_setup_teardown.py
[2024-06-15T02:10:12.124+0000] {logging_mixin.py:188} INFO - [2024-06-15T02:10:12.123+0000] {dag.py:3096} INFO - Sync 1 DAGs
[2024-06-15T02:10:12.149+0000] {logging_mixin.py:188} INFO - [2024-06-15T02:10:12.149+0000] {dag.py:3954} INFO - Setting next_dagrun for example_setup_teardown to 2024-06-14 00:00:00+00:00, run_after=2024-06-15 00:00:00+00:00
[2024-06-15T02:10:12.164+0000] {processor.py:183} INFO - Processing /home/airflow/.local/lib/python3.12/site-packages/airflow/example_dags/example_setup_teardown.py took 0.074 seconds
[2024-06-15T02:10:42.602+0000] {processor.py:161} INFO - Started process (PID=798) to work on /home/airflow/.local/lib/python3.12/site-packages/airflow/example_dags/example_setup_teardown.py
[2024-06-15T02:10:42.603+0000] {processor.py:830} INFO - Processing file /home/airflow/.local/lib/python3.12/site-packages/airflow/example_dags/example_setup_teardown.py for tasks to queue
[2024-06-15T02:10:42.604+0000] {logging_mixin.py:188} INFO - [2024-06-15T02:10:42.604+0000] {dagbag.py:545} INFO - Filling up the DagBag from /home/airflow/.local/lib/python3.12/site-packages/airflow/example_dags/example_setup_teardown.py
[2024-06-15T02:10:42.610+0000] {processor.py:840} INFO - DAG(s) 'example_setup_teardown' retrieved from /home/airflow/.local/lib/python3.12/site-packages/airflow/example_dags/example_setup_teardown.py
[2024-06-15T02:10:42.627+0000] {logging_mixin.py:188} INFO - [2024-06-15T02:10:42.626+0000] {dag.py:3096} INFO - Sync 1 DAGs
[2024-06-15T02:10:42.645+0000] {logging_mixin.py:188} INFO - [2024-06-15T02:10:42.645+0000] {dag.py:3954} INFO - Setting next_dagrun for example_setup_teardown to 2024-06-14 00:00:00+00:00, run_after=2024-06-15 00:00:00+00:00
[2024-06-15T02:10:42.659+0000] {processor.py:183} INFO - Processing /home/airflow/.local/lib/python3.12/site-packages/airflow/example_dags/example_setup_teardown.py took 0.063 seconds
[2024-06-15T02:11:13.183+0000] {processor.py:161} INFO - Started process (PID=856) to work on /home/airflow/.local/lib/python3.12/site-packages/airflow/example_dags/example_setup_teardown.py
[2024-06-15T02:11:13.184+0000] {processor.py:830} INFO - Processing file /home/airflow/.local/lib/python3.12/site-packages/airflow/example_dags/example_setup_teardown.py for tasks to queue
[2024-06-15T02:11:13.186+0000] {logging_mixin.py:188} INFO - [2024-06-15T02:11:13.185+0000] {dagbag.py:545} INFO - Filling up the DagBag from /home/airflow/.local/lib/python3.12/site-packages/airflow/example_dags/example_setup_teardown.py
[2024-06-15T02:11:13.191+0000] {processor.py:840} INFO - DAG(s) 'example_setup_teardown' retrieved from /home/airflow/.local/lib/python3.12/site-packages/airflow/example_dags/example_setup_teardown.py
[2024-06-15T02:11:13.209+0000] {logging_mixin.py:188} INFO - [2024-06-15T02:11:13.209+0000] {dag.py:3096} INFO - Sync 1 DAGs
[2024-06-15T02:11:13.226+0000] {logging_mixin.py:188} INFO - [2024-06-15T02:11:13.226+0000] {dag.py:3954} INFO - Setting next_dagrun for example_setup_teardown to 2024-06-14 00:00:00+00:00, run_after=2024-06-15 00:00:00+00:00
[2024-06-15T02:11:13.241+0000] {processor.py:183} INFO - Processing /home/airflow/.local/lib/python3.12/site-packages/airflow/example_dags/example_setup_teardown.py took 0.062 seconds
[2024-06-15T02:11:43.753+0000] {processor.py:161} INFO - Started process (PID=914) to work on /home/airflow/.local/lib/python3.12/site-packages/airflow/example_dags/example_setup_teardown.py
[2024-06-15T02:11:43.754+0000] {processor.py:830} INFO - Processing file /home/airflow/.local/lib/python3.12/site-packages/airflow/example_dags/example_setup_teardown.py for tasks to queue
[2024-06-15T02:11:43.755+0000] {logging_mixin.py:188} INFO - [2024-06-15T02:11:43.755+0000] {dagbag.py:545} INFO - Filling up the DagBag from /home/airflow/.local/lib/python3.12/site-packages/airflow/example_dags/example_setup_teardown.py
[2024-06-15T02:11:43.761+0000] {processor.py:840} INFO - DAG(s) 'example_setup_teardown' retrieved from /home/airflow/.local/lib/python3.12/site-packages/airflow/example_dags/example_setup_teardown.py
[2024-06-15T02:11:43.779+0000] {logging_mixin.py:188} INFO - [2024-06-15T02:11:43.779+0000] {dag.py:3096} INFO - Sync 1 DAGs
[2024-06-15T02:11:43.799+0000] {logging_mixin.py:188} INFO - [2024-06-15T02:11:43.798+0000] {dag.py:3954} INFO - Setting next_dagrun for example_setup_teardown to 2024-06-14 00:00:00+00:00, run_after=2024-06-15 00:00:00+00:00
[2024-06-15T02:11:43.816+0000] {processor.py:183} INFO - Processing /home/airflow/.local/lib/python3.12/site-packages/airflow/example_dags/example_setup_teardown.py took 0.067 seconds
[2024-06-15T02:12:14.227+0000] {processor.py:161} INFO - Started process (PID=972) to work on /home/airflow/.local/lib/python3.12/site-packages/airflow/example_dags/example_setup_teardown.py
[2024-06-15T02:12:14.228+0000] {processor.py:830} INFO - Processing file /home/airflow/.local/lib/python3.12/site-packages/airflow/example_dags/example_setup_teardown.py for tasks to queue
[2024-06-15T02:12:14.229+0000] {logging_mixin.py:188} INFO - [2024-06-15T02:12:14.229+0000] {dagbag.py:545} INFO - Filling up the DagBag from /home/airflow/.local/lib/python3.12/site-packages/airflow/example_dags/example_setup_teardown.py
[2024-06-15T02:12:14.235+0000] {processor.py:840} INFO - DAG(s) 'example_setup_teardown' retrieved from /home/airflow/.local/lib/python3.12/site-packages/airflow/example_dags/example_setup_teardown.py
[2024-06-15T02:12:14.253+0000] {logging_mixin.py:188} INFO - [2024-06-15T02:12:14.253+0000] {dag.py:3096} INFO - Sync 1 DAGs
[2024-06-15T02:12:14.275+0000] {logging_mixin.py:188} INFO - [2024-06-15T02:12:14.275+0000] {dag.py:3954} INFO - Setting next_dagrun for example_setup_teardown to 2024-06-14 00:00:00+00:00, run_after=2024-06-15 00:00:00+00:00
[2024-06-15T02:12:14.292+0000] {processor.py:183} INFO - Processing /home/airflow/.local/lib/python3.12/site-packages/airflow/example_dags/example_setup_teardown.py took 0.069 seconds
[2024-06-15T02:12:44.594+0000] {processor.py:161} INFO - Started process (PID=1030) to work on /home/airflow/.local/lib/python3.12/site-packages/airflow/example_dags/example_setup_teardown.py
[2024-06-15T02:12:44.595+0000] {processor.py:830} INFO - Processing file /home/airflow/.local/lib/python3.12/site-packages/airflow/example_dags/example_setup_teardown.py for tasks to queue
[2024-06-15T02:12:44.596+0000] {logging_mixin.py:188} INFO - [2024-06-15T02:12:44.596+0000] {dagbag.py:545} INFO - Filling up the DagBag from /home/airflow/.local/lib/python3.12/site-packages/airflow/example_dags/example_setup_teardown.py
[2024-06-15T02:12:44.602+0000] {processor.py:840} INFO - DAG(s) 'example_setup_teardown' retrieved from /home/airflow/.local/lib/python3.12/site-packages/airflow/example_dags/example_setup_teardown.py
[2024-06-15T02:12:44.620+0000] {logging_mixin.py:188} INFO - [2024-06-15T02:12:44.620+0000] {dag.py:3096} INFO - Sync 1 DAGs
[2024-06-15T02:12:44.638+0000] {logging_mixin.py:188} INFO - [2024-06-15T02:12:44.638+0000] {dag.py:3954} INFO - Setting next_dagrun for example_setup_teardown to 2024-06-14 00:00:00+00:00, run_after=2024-06-15 00:00:00+00:00
[2024-06-15T02:12:44.652+0000] {processor.py:183} INFO - Processing /home/airflow/.local/lib/python3.12/site-packages/airflow/example_dags/example_setup_teardown.py took 0.062 seconds
[2024-06-15T02:13:15.059+0000] {processor.py:161} INFO - Started process (PID=1088) to work on /home/airflow/.local/lib/python3.12/site-packages/airflow/example_dags/example_setup_teardown.py
[2024-06-15T02:13:15.060+0000] {processor.py:830} INFO - Processing file /home/airflow/.local/lib/python3.12/site-packages/airflow/example_dags/example_setup_teardown.py for tasks to queue
[2024-06-15T02:13:15.061+0000] {logging_mixin.py:188} INFO - [2024-06-15T02:13:15.061+0000] {dagbag.py:545} INFO - Filling up the DagBag from /home/airflow/.local/lib/python3.12/site-packages/airflow/example_dags/example_setup_teardown.py
[2024-06-15T02:13:15.074+0000] {processor.py:840} INFO - DAG(s) 'example_setup_teardown' retrieved from /home/airflow/.local/lib/python3.12/site-packages/airflow/example_dags/example_setup_teardown.py
[2024-06-15T02:13:15.092+0000] {logging_mixin.py:188} INFO - [2024-06-15T02:13:15.092+0000] {dag.py:3096} INFO - Sync 1 DAGs
[2024-06-15T02:13:15.111+0000] {logging_mixin.py:188} INFO - [2024-06-15T02:13:15.111+0000] {dag.py:3954} INFO - Setting next_dagrun for example_setup_teardown to 2024-06-14 00:00:00+00:00, run_after=2024-06-15 00:00:00+00:00
[2024-06-15T02:13:15.126+0000] {processor.py:183} INFO - Processing /home/airflow/.local/lib/python3.12/site-packages/airflow/example_dags/example_setup_teardown.py took 0.071 seconds
[2024-06-15T02:13:45.333+0000] {processor.py:161} INFO - Started process (PID=1146) to work on /home/airflow/.local/lib/python3.12/site-packages/airflow/example_dags/example_setup_teardown.py
[2024-06-15T02:13:45.333+0000] {processor.py:830} INFO - Processing file /home/airflow/.local/lib/python3.12/site-packages/airflow/example_dags/example_setup_teardown.py for tasks to queue
[2024-06-15T02:13:45.335+0000] {logging_mixin.py:188} INFO - [2024-06-15T02:13:45.334+0000] {dagbag.py:545} INFO - Filling up the DagBag from /home/airflow/.local/lib/python3.12/site-packages/airflow/example_dags/example_setup_teardown.py
[2024-06-15T02:13:45.340+0000] {processor.py:840} INFO - DAG(s) 'example_setup_teardown' retrieved from /home/airflow/.local/lib/python3.12/site-packages/airflow/example_dags/example_setup_teardown.py
[2024-06-15T02:13:45.356+0000] {logging_mixin.py:188} INFO - [2024-06-15T02:13:45.356+0000] {dag.py:3096} INFO - Sync 1 DAGs
[2024-06-15T02:13:45.376+0000] {logging_mixin.py:188} INFO - [2024-06-15T02:13:45.376+0000] {dag.py:3954} INFO - Setting next_dagrun for example_setup_teardown to 2024-06-14 00:00:00+00:00, run_after=2024-06-15 00:00:00+00:00
[2024-06-15T02:13:45.391+0000] {processor.py:183} INFO - Processing /home/airflow/.local/lib/python3.12/site-packages/airflow/example_dags/example_setup_teardown.py took 0.063 seconds
[2024-06-15T02:14:15.676+0000] {processor.py:161} INFO - Started process (PID=1204) to work on /home/airflow/.local/lib/python3.12/site-packages/airflow/example_dags/example_setup_teardown.py
[2024-06-15T02:14:15.677+0000] {processor.py:830} INFO - Processing file /home/airflow/.local/lib/python3.12/site-packages/airflow/example_dags/example_setup_teardown.py for tasks to queue
[2024-06-15T02:14:15.678+0000] {logging_mixin.py:188} INFO - [2024-06-15T02:14:15.678+0000] {dagbag.py:545} INFO - Filling up the DagBag from /home/airflow/.local/lib/python3.12/site-packages/airflow/example_dags/example_setup_teardown.py
[2024-06-15T02:14:15.683+0000] {processor.py:840} INFO - DAG(s) 'example_setup_teardown' retrieved from /home/airflow/.local/lib/python3.12/site-packages/airflow/example_dags/example_setup_teardown.py
[2024-06-15T02:14:15.700+0000] {logging_mixin.py:188} INFO - [2024-06-15T02:14:15.700+0000] {dag.py:3096} INFO - Sync 1 DAGs
[2024-06-15T02:14:15.716+0000] {logging_mixin.py:188} INFO - [2024-06-15T02:14:15.716+0000] {dag.py:3954} INFO - Setting next_dagrun for example_setup_teardown to 2024-06-14 00:00:00+00:00, run_after=2024-06-15 00:00:00+00:00
[2024-06-15T02:14:15.732+0000] {processor.py:183} INFO - Processing /home/airflow/.local/lib/python3.12/site-packages/airflow/example_dags/example_setup_teardown.py took 0.061 seconds
[2024-06-15T02:14:46.003+0000] {processor.py:161} INFO - Started process (PID=1262) to work on /home/airflow/.local/lib/python3.12/site-packages/airflow/example_dags/example_setup_teardown.py
[2024-06-15T02:14:46.004+0000] {processor.py:830} INFO - Processing file /home/airflow/.local/lib/python3.12/site-packages/airflow/example_dags/example_setup_teardown.py for tasks to queue
[2024-06-15T02:14:46.005+0000] {logging_mixin.py:188} INFO - [2024-06-15T02:14:46.005+0000] {dagbag.py:545} INFO - Filling up the DagBag from /home/airflow/.local/lib/python3.12/site-packages/airflow/example_dags/example_setup_teardown.py
[2024-06-15T02:14:46.011+0000] {processor.py:840} INFO - DAG(s) 'example_setup_teardown' retrieved from /home/airflow/.local/lib/python3.12/site-packages/airflow/example_dags/example_setup_teardown.py
[2024-06-15T02:14:46.028+0000] {logging_mixin.py:188} INFO - [2024-06-15T02:14:46.027+0000] {dag.py:3096} INFO - Sync 1 DAGs
[2024-06-15T02:14:46.047+0000] {logging_mixin.py:188} INFO - [2024-06-15T02:14:46.047+0000] {dag.py:3954} INFO - Setting next_dagrun for example_setup_teardown to 2024-06-14 00:00:00+00:00, run_after=2024-06-15 00:00:00+00:00
[2024-06-15T02:14:46.069+0000] {processor.py:183} INFO - Processing /home/airflow/.local/lib/python3.12/site-packages/airflow/example_dags/example_setup_teardown.py took 0.071 seconds
[2024-06-15T02:15:16.439+0000] {processor.py:161} INFO - Started process (PID=1320) to work on /home/airflow/.local/lib/python3.12/site-packages/airflow/example_dags/example_setup_teardown.py
[2024-06-15T02:15:16.440+0000] {processor.py:830} INFO - Processing file /home/airflow/.local/lib/python3.12/site-packages/airflow/example_dags/example_setup_teardown.py for tasks to queue
[2024-06-15T02:15:16.441+0000] {logging_mixin.py:188} INFO - [2024-06-15T02:15:16.441+0000] {dagbag.py:545} INFO - Filling up the DagBag from /home/airflow/.local/lib/python3.12/site-packages/airflow/example_dags/example_setup_teardown.py
[2024-06-15T02:15:16.447+0000] {processor.py:840} INFO - DAG(s) 'example_setup_teardown' retrieved from /home/airflow/.local/lib/python3.12/site-packages/airflow/example_dags/example_setup_teardown.py
[2024-06-15T02:15:16.463+0000] {logging_mixin.py:188} INFO - [2024-06-15T02:15:16.462+0000] {dag.py:3096} INFO - Sync 1 DAGs
[2024-06-15T02:15:16.481+0000] {logging_mixin.py:188} INFO - [2024-06-15T02:15:16.481+0000] {dag.py:3954} INFO - Setting next_dagrun for example_setup_teardown to 2024-06-14 00:00:00+00:00, run_after=2024-06-15 00:00:00+00:00
[2024-06-15T02:15:16.496+0000] {processor.py:183} INFO - Processing /home/airflow/.local/lib/python3.12/site-packages/airflow/example_dags/example_setup_teardown.py took 0.061 seconds
[2024-06-15T02:15:46.683+0000] {processor.py:161} INFO - Started process (PID=1378) to work on /home/airflow/.local/lib/python3.12/site-packages/airflow/example_dags/example_setup_teardown.py
[2024-06-15T02:15:46.684+0000] {processor.py:830} INFO - Processing file /home/airflow/.local/lib/python3.12/site-packages/airflow/example_dags/example_setup_teardown.py for tasks to queue
[2024-06-15T02:15:46.685+0000] {logging_mixin.py:188} INFO - [2024-06-15T02:15:46.685+0000] {dagbag.py:545} INFO - Filling up the DagBag from /home/airflow/.local/lib/python3.12/site-packages/airflow/example_dags/example_setup_teardown.py
[2024-06-15T02:15:46.691+0000] {processor.py:840} INFO - DAG(s) 'example_setup_teardown' retrieved from /home/airflow/.local/lib/python3.12/site-packages/airflow/example_dags/example_setup_teardown.py
[2024-06-15T02:15:46.707+0000] {logging_mixin.py:188} INFO - [2024-06-15T02:15:46.707+0000] {dag.py:3096} INFO - Sync 1 DAGs
[2024-06-15T02:15:46.728+0000] {logging_mixin.py:188} INFO - [2024-06-15T02:15:46.728+0000] {dag.py:3954} INFO - Setting next_dagrun for example_setup_teardown to 2024-06-14 00:00:00+00:00, run_after=2024-06-15 00:00:00+00:00
[2024-06-15T02:15:46.744+0000] {processor.py:183} INFO - Processing /home/airflow/.local/lib/python3.12/site-packages/airflow/example_dags/example_setup_teardown.py took 0.065 seconds
[2024-06-15T02:16:17.374+0000] {processor.py:161} INFO - Started process (PID=1436) to work on /home/airflow/.local/lib/python3.12/site-packages/airflow/example_dags/example_setup_teardown.py
[2024-06-15T02:16:17.375+0000] {processor.py:830} INFO - Processing file /home/airflow/.local/lib/python3.12/site-packages/airflow/example_dags/example_setup_teardown.py for tasks to queue
[2024-06-15T02:16:17.377+0000] {logging_mixin.py:188} INFO - [2024-06-15T02:16:17.376+0000] {dagbag.py:545} INFO - Filling up the DagBag from /home/airflow/.local/lib/python3.12/site-packages/airflow/example_dags/example_setup_teardown.py
[2024-06-15T02:16:17.385+0000] {processor.py:840} INFO - DAG(s) 'example_setup_teardown' retrieved from /home/airflow/.local/lib/python3.12/site-packages/airflow/example_dags/example_setup_teardown.py
[2024-06-15T02:16:17.403+0000] {logging_mixin.py:188} INFO - [2024-06-15T02:16:17.403+0000] {dag.py:3096} INFO - Sync 1 DAGs
[2024-06-15T02:16:17.424+0000] {logging_mixin.py:188} INFO - [2024-06-15T02:16:17.423+0000] {dag.py:3954} INFO - Setting next_dagrun for example_setup_teardown to 2024-06-14 00:00:00+00:00, run_after=2024-06-15 00:00:00+00:00
[2024-06-15T02:16:17.481+0000] {processor.py:183} INFO - Processing /home/airflow/.local/lib/python3.12/site-packages/airflow/example_dags/example_setup_teardown.py took 0.112 seconds
[2024-06-15T02:16:47.546+0000] {processor.py:161} INFO - Started process (PID=1494) to work on /home/airflow/.local/lib/python3.12/site-packages/airflow/example_dags/example_setup_teardown.py
[2024-06-15T02:16:47.547+0000] {processor.py:830} INFO - Processing file /home/airflow/.local/lib/python3.12/site-packages/airflow/example_dags/example_setup_teardown.py for tasks to queue
[2024-06-15T02:16:47.549+0000] {logging_mixin.py:188} INFO - [2024-06-15T02:16:47.548+0000] {dagbag.py:545} INFO - Filling up the DagBag from /home/airflow/.local/lib/python3.12/site-packages/airflow/example_dags/example_setup_teardown.py
[2024-06-15T02:16:47.554+0000] {processor.py:840} INFO - DAG(s) 'example_setup_teardown' retrieved from /home/airflow/.local/lib/python3.12/site-packages/airflow/example_dags/example_setup_teardown.py
[2024-06-15T02:16:47.570+0000] {logging_mixin.py:188} INFO - [2024-06-15T02:16:47.570+0000] {dag.py:3096} INFO - Sync 1 DAGs
[2024-06-15T02:16:47.590+0000] {logging_mixin.py:188} INFO - [2024-06-15T02:16:47.589+0000] {dag.py:3954} INFO - Setting next_dagrun for example_setup_teardown to 2024-06-14 00:00:00+00:00, run_after=2024-06-15 00:00:00+00:00
[2024-06-15T02:16:47.605+0000] {processor.py:183} INFO - Processing /home/airflow/.local/lib/python3.12/site-packages/airflow/example_dags/example_setup_teardown.py took 0.064 seconds
[2024-06-15T02:17:17.993+0000] {processor.py:161} INFO - Started process (PID=1552) to work on /home/airflow/.local/lib/python3.12/site-packages/airflow/example_dags/example_setup_teardown.py
[2024-06-15T02:17:17.994+0000] {processor.py:830} INFO - Processing file /home/airflow/.local/lib/python3.12/site-packages/airflow/example_dags/example_setup_teardown.py for tasks to queue
[2024-06-15T02:17:17.995+0000] {logging_mixin.py:188} INFO - [2024-06-15T02:17:17.995+0000] {dagbag.py:545} INFO - Filling up the DagBag from /home/airflow/.local/lib/python3.12/site-packages/airflow/example_dags/example_setup_teardown.py
[2024-06-15T02:17:18.000+0000] {processor.py:840} INFO - DAG(s) 'example_setup_teardown' retrieved from /home/airflow/.local/lib/python3.12/site-packages/airflow/example_dags/example_setup_teardown.py
[2024-06-15T02:17:18.016+0000] {logging_mixin.py:188} INFO - [2024-06-15T02:17:18.016+0000] {dag.py:3096} INFO - Sync 1 DAGs
[2024-06-15T02:17:18.034+0000] {logging_mixin.py:188} INFO - [2024-06-15T02:17:18.034+0000] {dag.py:3954} INFO - Setting next_dagrun for example_setup_teardown to 2024-06-14 00:00:00+00:00, run_after=2024-06-15 00:00:00+00:00
[2024-06-15T02:17:18.049+0000] {processor.py:183} INFO - Processing /home/airflow/.local/lib/python3.12/site-packages/airflow/example_dags/example_setup_teardown.py took 0.060 seconds
[2024-06-15T02:17:48.393+0000] {processor.py:161} INFO - Started process (PID=1610) to work on /home/airflow/.local/lib/python3.12/site-packages/airflow/example_dags/example_setup_teardown.py
[2024-06-15T02:17:48.394+0000] {processor.py:830} INFO - Processing file /home/airflow/.local/lib/python3.12/site-packages/airflow/example_dags/example_setup_teardown.py for tasks to queue
[2024-06-15T02:17:48.395+0000] {logging_mixin.py:188} INFO - [2024-06-15T02:17:48.395+0000] {dagbag.py:545} INFO - Filling up the DagBag from /home/airflow/.local/lib/python3.12/site-packages/airflow/example_dags/example_setup_teardown.py
[2024-06-15T02:17:48.401+0000] {processor.py:840} INFO - DAG(s) 'example_setup_teardown' retrieved from /home/airflow/.local/lib/python3.12/site-packages/airflow/example_dags/example_setup_teardown.py
[2024-06-15T02:17:48.417+0000] {logging_mixin.py:188} INFO - [2024-06-15T02:17:48.417+0000] {dag.py:3096} INFO - Sync 1 DAGs
[2024-06-15T02:17:48.436+0000] {logging_mixin.py:188} INFO - [2024-06-15T02:17:48.436+0000] {dag.py:3954} INFO - Setting next_dagrun for example_setup_teardown to 2024-06-14 00:00:00+00:00, run_after=2024-06-15 00:00:00+00:00
[2024-06-15T02:17:48.451+0000] {processor.py:183} INFO - Processing /home/airflow/.local/lib/python3.12/site-packages/airflow/example_dags/example_setup_teardown.py took 0.062 seconds
[2024-06-15T02:18:18.780+0000] {processor.py:161} INFO - Started process (PID=1668) to work on /home/airflow/.local/lib/python3.12/site-packages/airflow/example_dags/example_setup_teardown.py
[2024-06-15T02:18:18.780+0000] {processor.py:830} INFO - Processing file /home/airflow/.local/lib/python3.12/site-packages/airflow/example_dags/example_setup_teardown.py for tasks to queue
[2024-06-15T02:18:18.782+0000] {logging_mixin.py:188} INFO - [2024-06-15T02:18:18.781+0000] {dagbag.py:545} INFO - Filling up the DagBag from /home/airflow/.local/lib/python3.12/site-packages/airflow/example_dags/example_setup_teardown.py
[2024-06-15T02:18:18.786+0000] {processor.py:840} INFO - DAG(s) 'example_setup_teardown' retrieved from /home/airflow/.local/lib/python3.12/site-packages/airflow/example_dags/example_setup_teardown.py
[2024-06-15T02:18:18.804+0000] {logging_mixin.py:188} INFO - [2024-06-15T02:18:18.803+0000] {dag.py:3096} INFO - Sync 1 DAGs
[2024-06-15T02:18:18.822+0000] {logging_mixin.py:188} INFO - [2024-06-15T02:18:18.822+0000] {dag.py:3954} INFO - Setting next_dagrun for example_setup_teardown to 2024-06-14 00:00:00+00:00, run_after=2024-06-15 00:00:00+00:00
[2024-06-15T02:18:18.837+0000] {processor.py:183} INFO - Processing /home/airflow/.local/lib/python3.12/site-packages/airflow/example_dags/example_setup_teardown.py took 0.061 seconds
[2024-06-15T02:18:49.528+0000] {processor.py:161} INFO - Started process (PID=1726) to work on /home/airflow/.local/lib/python3.12/site-packages/airflow/example_dags/example_setup_teardown.py
[2024-06-15T02:18:49.529+0000] {processor.py:830} INFO - Processing file /home/airflow/.local/lib/python3.12/site-packages/airflow/example_dags/example_setup_teardown.py for tasks to queue
[2024-06-15T02:18:49.530+0000] {logging_mixin.py:188} INFO - [2024-06-15T02:18:49.530+0000] {dagbag.py:545} INFO - Filling up the DagBag from /home/airflow/.local/lib/python3.12/site-packages/airflow/example_dags/example_setup_teardown.py
[2024-06-15T02:18:49.536+0000] {processor.py:840} INFO - DAG(s) 'example_setup_teardown' retrieved from /home/airflow/.local/lib/python3.12/site-packages/airflow/example_dags/example_setup_teardown.py
[2024-06-15T02:18:49.554+0000] {logging_mixin.py:188} INFO - [2024-06-15T02:18:49.554+0000] {dag.py:3096} INFO - Sync 1 DAGs
[2024-06-15T02:18:49.575+0000] {logging_mixin.py:188} INFO - [2024-06-15T02:18:49.575+0000] {dag.py:3954} INFO - Setting next_dagrun for example_setup_teardown to 2024-06-14 00:00:00+00:00, run_after=2024-06-15 00:00:00+00:00
[2024-06-15T02:18:49.699+0000] {processor.py:183} INFO - Processing /home/airflow/.local/lib/python3.12/site-packages/airflow/example_dags/example_setup_teardown.py took 0.177 seconds
[2024-06-15T02:19:20.030+0000] {processor.py:161} INFO - Started process (PID=1784) to work on /home/airflow/.local/lib/python3.12/site-packages/airflow/example_dags/example_setup_teardown.py
[2024-06-15T02:19:20.031+0000] {processor.py:830} INFO - Processing file /home/airflow/.local/lib/python3.12/site-packages/airflow/example_dags/example_setup_teardown.py for tasks to queue
[2024-06-15T02:19:20.032+0000] {logging_mixin.py:188} INFO - [2024-06-15T02:19:20.032+0000] {dagbag.py:545} INFO - Filling up the DagBag from /home/airflow/.local/lib/python3.12/site-packages/airflow/example_dags/example_setup_teardown.py
[2024-06-15T02:19:20.038+0000] {processor.py:840} INFO - DAG(s) 'example_setup_teardown' retrieved from /home/airflow/.local/lib/python3.12/site-packages/airflow/example_dags/example_setup_teardown.py
[2024-06-15T02:19:20.055+0000] {logging_mixin.py:188} INFO - [2024-06-15T02:19:20.055+0000] {dag.py:3096} INFO - Sync 1 DAGs
[2024-06-15T02:19:20.073+0000] {logging_mixin.py:188} INFO - [2024-06-15T02:19:20.073+0000] {dag.py:3954} INFO - Setting next_dagrun for example_setup_teardown to 2024-06-14 00:00:00+00:00, run_after=2024-06-15 00:00:00+00:00
[2024-06-15T02:19:20.191+0000] {processor.py:183} INFO - Processing /home/airflow/.local/lib/python3.12/site-packages/airflow/example_dags/example_setup_teardown.py took 0.165 seconds
[2024-06-15T02:19:50.349+0000] {processor.py:161} INFO - Started process (PID=1842) to work on /home/airflow/.local/lib/python3.12/site-packages/airflow/example_dags/example_setup_teardown.py
[2024-06-15T02:19:50.349+0000] {processor.py:830} INFO - Processing file /home/airflow/.local/lib/python3.12/site-packages/airflow/example_dags/example_setup_teardown.py for tasks to queue
[2024-06-15T02:19:50.351+0000] {logging_mixin.py:188} INFO - [2024-06-15T02:19:50.350+0000] {dagbag.py:545} INFO - Filling up the DagBag from /home/airflow/.local/lib/python3.12/site-packages/airflow/example_dags/example_setup_teardown.py
[2024-06-15T02:19:50.356+0000] {processor.py:840} INFO - DAG(s) 'example_setup_teardown' retrieved from /home/airflow/.local/lib/python3.12/site-packages/airflow/example_dags/example_setup_teardown.py
[2024-06-15T02:19:50.372+0000] {logging_mixin.py:188} INFO - [2024-06-15T02:19:50.371+0000] {dag.py:3096} INFO - Sync 1 DAGs
[2024-06-15T02:19:50.391+0000] {logging_mixin.py:188} INFO - [2024-06-15T02:19:50.390+0000] {dag.py:3954} INFO - Setting next_dagrun for example_setup_teardown to 2024-06-14 00:00:00+00:00, run_after=2024-06-15 00:00:00+00:00
[2024-06-15T02:19:50.508+0000] {processor.py:183} INFO - Processing /home/airflow/.local/lib/python3.12/site-packages/airflow/example_dags/example_setup_teardown.py took 0.164 seconds
[2024-06-15T02:20:21.199+0000] {processor.py:161} INFO - Started process (PID=1900) to work on /home/airflow/.local/lib/python3.12/site-packages/airflow/example_dags/example_setup_teardown.py
[2024-06-15T02:20:21.199+0000] {processor.py:830} INFO - Processing file /home/airflow/.local/lib/python3.12/site-packages/airflow/example_dags/example_setup_teardown.py for tasks to queue
[2024-06-15T02:20:21.201+0000] {logging_mixin.py:188} INFO - [2024-06-15T02:20:21.200+0000] {dagbag.py:545} INFO - Filling up the DagBag from /home/airflow/.local/lib/python3.12/site-packages/airflow/example_dags/example_setup_teardown.py
[2024-06-15T02:20:21.206+0000] {processor.py:840} INFO - DAG(s) 'example_setup_teardown' retrieved from /home/airflow/.local/lib/python3.12/site-packages/airflow/example_dags/example_setup_teardown.py
[2024-06-15T02:20:21.225+0000] {logging_mixin.py:188} INFO - [2024-06-15T02:20:21.225+0000] {dag.py:3096} INFO - Sync 1 DAGs
[2024-06-15T02:20:21.244+0000] {logging_mixin.py:188} INFO - [2024-06-15T02:20:21.244+0000] {dag.py:3954} INFO - Setting next_dagrun for example_setup_teardown to 2024-06-14 00:00:00+00:00, run_after=2024-06-15 00:00:00+00:00
[2024-06-15T02:20:21.369+0000] {processor.py:183} INFO - Processing /home/airflow/.local/lib/python3.12/site-packages/airflow/example_dags/example_setup_teardown.py took 0.176 seconds
[2024-06-15T02:20:51.549+0000] {processor.py:161} INFO - Started process (PID=1964) to work on /home/airflow/.local/lib/python3.12/site-packages/airflow/example_dags/example_setup_teardown.py
[2024-06-15T02:20:51.550+0000] {processor.py:830} INFO - Processing file /home/airflow/.local/lib/python3.12/site-packages/airflow/example_dags/example_setup_teardown.py for tasks to queue
[2024-06-15T02:20:51.551+0000] {logging_mixin.py:188} INFO - [2024-06-15T02:20:51.551+0000] {dagbag.py:545} INFO - Filling up the DagBag from /home/airflow/.local/lib/python3.12/site-packages/airflow/example_dags/example_setup_teardown.py
[2024-06-15T02:20:51.557+0000] {processor.py:840} INFO - DAG(s) 'example_setup_teardown' retrieved from /home/airflow/.local/lib/python3.12/site-packages/airflow/example_dags/example_setup_teardown.py
[2024-06-15T02:20:51.572+0000] {logging_mixin.py:188} INFO - [2024-06-15T02:20:51.571+0000] {dag.py:3096} INFO - Sync 1 DAGs
[2024-06-15T02:20:51.590+0000] {logging_mixin.py:188} INFO - [2024-06-15T02:20:51.589+0000] {dag.py:3954} INFO - Setting next_dagrun for example_setup_teardown to 2024-06-14 00:00:00+00:00, run_after=2024-06-15 00:00:00+00:00
[2024-06-15T02:20:51.604+0000] {processor.py:183} INFO - Processing /home/airflow/.local/lib/python3.12/site-packages/airflow/example_dags/example_setup_teardown.py took 0.059 seconds
[2024-06-15T02:21:21.977+0000] {processor.py:161} INFO - Started process (PID=2022) to work on /home/airflow/.local/lib/python3.12/site-packages/airflow/example_dags/example_setup_teardown.py
[2024-06-15T02:21:21.978+0000] {processor.py:830} INFO - Processing file /home/airflow/.local/lib/python3.12/site-packages/airflow/example_dags/example_setup_teardown.py for tasks to queue
[2024-06-15T02:21:21.979+0000] {logging_mixin.py:188} INFO - [2024-06-15T02:21:21.979+0000] {dagbag.py:545} INFO - Filling up the DagBag from /home/airflow/.local/lib/python3.12/site-packages/airflow/example_dags/example_setup_teardown.py
[2024-06-15T02:21:21.985+0000] {processor.py:840} INFO - DAG(s) 'example_setup_teardown' retrieved from /home/airflow/.local/lib/python3.12/site-packages/airflow/example_dags/example_setup_teardown.py
[2024-06-15T02:21:22.002+0000] {logging_mixin.py:188} INFO - [2024-06-15T02:21:22.002+0000] {dag.py:3096} INFO - Sync 1 DAGs
[2024-06-15T02:21:22.021+0000] {logging_mixin.py:188} INFO - [2024-06-15T02:21:22.020+0000] {dag.py:3954} INFO - Setting next_dagrun for example_setup_teardown to 2024-06-14 00:00:00+00:00, run_after=2024-06-15 00:00:00+00:00
[2024-06-15T02:21:22.039+0000] {processor.py:183} INFO - Processing /home/airflow/.local/lib/python3.12/site-packages/airflow/example_dags/example_setup_teardown.py took 0.066 seconds
[2024-06-15T02:21:52.251+0000] {processor.py:161} INFO - Started process (PID=2080) to work on /home/airflow/.local/lib/python3.12/site-packages/airflow/example_dags/example_setup_teardown.py
[2024-06-15T02:21:52.252+0000] {processor.py:830} INFO - Processing file /home/airflow/.local/lib/python3.12/site-packages/airflow/example_dags/example_setup_teardown.py for tasks to queue
[2024-06-15T02:21:52.253+0000] {logging_mixin.py:188} INFO - [2024-06-15T02:21:52.253+0000] {dagbag.py:545} INFO - Filling up the DagBag from /home/airflow/.local/lib/python3.12/site-packages/airflow/example_dags/example_setup_teardown.py
[2024-06-15T02:21:52.259+0000] {processor.py:840} INFO - DAG(s) 'example_setup_teardown' retrieved from /home/airflow/.local/lib/python3.12/site-packages/airflow/example_dags/example_setup_teardown.py
[2024-06-15T02:21:52.277+0000] {logging_mixin.py:188} INFO - [2024-06-15T02:21:52.277+0000] {dag.py:3096} INFO - Sync 1 DAGs
[2024-06-15T02:21:52.296+0000] {logging_mixin.py:188} INFO - [2024-06-15T02:21:52.296+0000] {dag.py:3954} INFO - Setting next_dagrun for example_setup_teardown to 2024-06-14 00:00:00+00:00, run_after=2024-06-15 00:00:00+00:00
[2024-06-15T02:21:52.311+0000] {processor.py:183} INFO - Processing /home/airflow/.local/lib/python3.12/site-packages/airflow/example_dags/example_setup_teardown.py took 0.064 seconds
[2024-06-15T02:22:22.890+0000] {processor.py:161} INFO - Started process (PID=2138) to work on /home/airflow/.local/lib/python3.12/site-packages/airflow/example_dags/example_setup_teardown.py
[2024-06-15T02:22:22.891+0000] {processor.py:830} INFO - Processing file /home/airflow/.local/lib/python3.12/site-packages/airflow/example_dags/example_setup_teardown.py for tasks to queue
[2024-06-15T02:22:22.892+0000] {logging_mixin.py:188} INFO - [2024-06-15T02:22:22.892+0000] {dagbag.py:545} INFO - Filling up the DagBag from /home/airflow/.local/lib/python3.12/site-packages/airflow/example_dags/example_setup_teardown.py
[2024-06-15T02:22:22.897+0000] {processor.py:840} INFO - DAG(s) 'example_setup_teardown' retrieved from /home/airflow/.local/lib/python3.12/site-packages/airflow/example_dags/example_setup_teardown.py
[2024-06-15T02:22:22.913+0000] {logging_mixin.py:188} INFO - [2024-06-15T02:22:22.913+0000] {dag.py:3096} INFO - Sync 1 DAGs
[2024-06-15T02:22:22.930+0000] {logging_mixin.py:188} INFO - [2024-06-15T02:22:22.930+0000] {dag.py:3954} INFO - Setting next_dagrun for example_setup_teardown to 2024-06-14 00:00:00+00:00, run_after=2024-06-15 00:00:00+00:00
[2024-06-15T02:22:22.945+0000] {processor.py:183} INFO - Processing /home/airflow/.local/lib/python3.12/site-packages/airflow/example_dags/example_setup_teardown.py took 0.058 seconds
[2024-06-15T02:22:53.118+0000] {processor.py:161} INFO - Started process (PID=2196) to work on /home/airflow/.local/lib/python3.12/site-packages/airflow/example_dags/example_setup_teardown.py
[2024-06-15T02:22:53.119+0000] {processor.py:830} INFO - Processing file /home/airflow/.local/lib/python3.12/site-packages/airflow/example_dags/example_setup_teardown.py for tasks to queue
[2024-06-15T02:22:53.120+0000] {logging_mixin.py:188} INFO - [2024-06-15T02:22:53.120+0000] {dagbag.py:545} INFO - Filling up the DagBag from /home/airflow/.local/lib/python3.12/site-packages/airflow/example_dags/example_setup_teardown.py
[2024-06-15T02:22:53.125+0000] {processor.py:840} INFO - DAG(s) 'example_setup_teardown' retrieved from /home/airflow/.local/lib/python3.12/site-packages/airflow/example_dags/example_setup_teardown.py
[2024-06-15T02:22:53.142+0000] {logging_mixin.py:188} INFO - [2024-06-15T02:22:53.142+0000] {dag.py:3096} INFO - Sync 1 DAGs
[2024-06-15T02:22:53.160+0000] {logging_mixin.py:188} INFO - [2024-06-15T02:22:53.160+0000] {dag.py:3954} INFO - Setting next_dagrun for example_setup_teardown to 2024-06-14 00:00:00+00:00, run_after=2024-06-15 00:00:00+00:00
[2024-06-15T02:22:53.174+0000] {processor.py:183} INFO - Processing /home/airflow/.local/lib/python3.12/site-packages/airflow/example_dags/example_setup_teardown.py took 0.060 seconds
[2024-06-15T02:23:23.277+0000] {processor.py:161} INFO - Started process (PID=2254) to work on /home/airflow/.local/lib/python3.12/site-packages/airflow/example_dags/example_setup_teardown.py
[2024-06-15T02:23:23.277+0000] {processor.py:830} INFO - Processing file /home/airflow/.local/lib/python3.12/site-packages/airflow/example_dags/example_setup_teardown.py for tasks to queue
[2024-06-15T02:23:23.279+0000] {logging_mixin.py:188} INFO - [2024-06-15T02:23:23.279+0000] {dagbag.py:545} INFO - Filling up the DagBag from /home/airflow/.local/lib/python3.12/site-packages/airflow/example_dags/example_setup_teardown.py
[2024-06-15T02:23:23.283+0000] {processor.py:840} INFO - DAG(s) 'example_setup_teardown' retrieved from /home/airflow/.local/lib/python3.12/site-packages/airflow/example_dags/example_setup_teardown.py
[2024-06-15T02:23:23.301+0000] {logging_mixin.py:188} INFO - [2024-06-15T02:23:23.301+0000] {dag.py:3096} INFO - Sync 1 DAGs
[2024-06-15T02:23:23.321+0000] {logging_mixin.py:188} INFO - [2024-06-15T02:23:23.321+0000] {dag.py:3954} INFO - Setting next_dagrun for example_setup_teardown to 2024-06-14 00:00:00+00:00, run_after=2024-06-15 00:00:00+00:00
[2024-06-15T02:23:23.335+0000] {processor.py:183} INFO - Processing /home/airflow/.local/lib/python3.12/site-packages/airflow/example_dags/example_setup_teardown.py took 0.062 seconds
[2024-06-15T02:23:53.557+0000] {processor.py:161} INFO - Started process (PID=2312) to work on /home/airflow/.local/lib/python3.12/site-packages/airflow/example_dags/example_setup_teardown.py
[2024-06-15T02:23:53.558+0000] {processor.py:830} INFO - Processing file /home/airflow/.local/lib/python3.12/site-packages/airflow/example_dags/example_setup_teardown.py for tasks to queue
[2024-06-15T02:23:53.559+0000] {logging_mixin.py:188} INFO - [2024-06-15T02:23:53.559+0000] {dagbag.py:545} INFO - Filling up the DagBag from /home/airflow/.local/lib/python3.12/site-packages/airflow/example_dags/example_setup_teardown.py
[2024-06-15T02:23:53.565+0000] {processor.py:840} INFO - DAG(s) 'example_setup_teardown' retrieved from /home/airflow/.local/lib/python3.12/site-packages/airflow/example_dags/example_setup_teardown.py
[2024-06-15T02:23:53.580+0000] {logging_mixin.py:188} INFO - [2024-06-15T02:23:53.580+0000] {dag.py:3096} INFO - Sync 1 DAGs
[2024-06-15T02:23:53.599+0000] {logging_mixin.py:188} INFO - [2024-06-15T02:23:53.598+0000] {dag.py:3954} INFO - Setting next_dagrun for example_setup_teardown to 2024-06-14 00:00:00+00:00, run_after=2024-06-15 00:00:00+00:00
[2024-06-15T02:23:53.614+0000] {processor.py:183} INFO - Processing /home/airflow/.local/lib/python3.12/site-packages/airflow/example_dags/example_setup_teardown.py took 0.065 seconds
