[2024-06-15T02:04:07.801+0000] {processor.py:161} INFO - Started process (PID=47) to work on /home/airflow/.local/lib/python3.12/site-packages/airflow/example_dags/example_bash_decorator.py
[2024-06-15T02:04:07.801+0000] {processor.py:830} INFO - Processing file /home/airflow/.local/lib/python3.12/site-packages/airflow/example_dags/example_bash_decorator.py for tasks to queue
[2024-06-15T02:04:07.803+0000] {logging_mixin.py:188} INFO - [2024-06-15T02:04:07.803+0000] {dagbag.py:545} INFO - Filling up the DagBag from /home/airflow/.local/lib/python3.12/site-packages/airflow/example_dags/example_bash_decorator.py
[2024-06-15T02:04:07.817+0000] {processor.py:840} INFO - DAG(s) 'example_bash_decorator' retrieved from /home/airflow/.local/lib/python3.12/site-packages/airflow/example_dags/example_bash_decorator.py
[2024-06-15T02:04:07.828+0000] {logging_mixin.py:188} INFO - [2024-06-15T02:04:07.827+0000] {dag.py:3096} INFO - Sync 1 DAGs
[2024-06-15T02:04:07.844+0000] {logging_mixin.py:188} INFO - [2024-06-15T02:04:07.843+0000] {dag.py:3954} INFO - Setting next_dagrun for example_bash_decorator to None, run_after=None
[2024-06-15T02:04:07.863+0000] {processor.py:183} INFO - Processing /home/airflow/.local/lib/python3.12/site-packages/airflow/example_dags/example_bash_decorator.py took 0.067 seconds
[2024-06-15T02:04:38.369+0000] {processor.py:161} INFO - Started process (PID=105) to work on /home/airflow/.local/lib/python3.12/site-packages/airflow/example_dags/example_bash_decorator.py
[2024-06-15T02:04:38.370+0000] {processor.py:830} INFO - Processing file /home/airflow/.local/lib/python3.12/site-packages/airflow/example_dags/example_bash_decorator.py for tasks to queue
[2024-06-15T02:04:38.371+0000] {logging_mixin.py:188} INFO - [2024-06-15T02:04:38.371+0000] {dagbag.py:545} INFO - Filling up the DagBag from /home/airflow/.local/lib/python3.12/site-packages/airflow/example_dags/example_bash_decorator.py
[2024-06-15T02:04:38.383+0000] {processor.py:840} INFO - DAG(s) 'example_bash_decorator' retrieved from /home/airflow/.local/lib/python3.12/site-packages/airflow/example_dags/example_bash_decorator.py
[2024-06-15T02:04:38.496+0000] {logging_mixin.py:188} INFO - [2024-06-15T02:04:38.495+0000] {dag.py:3096} INFO - Sync 1 DAGs
[2024-06-15T02:04:38.505+0000] {logging_mixin.py:188} INFO - [2024-06-15T02:04:38.505+0000] {dag.py:3954} INFO - Setting next_dagrun for example_bash_decorator to None, run_after=None
[2024-06-15T02:04:38.521+0000] {processor.py:183} INFO - Processing /home/airflow/.local/lib/python3.12/site-packages/airflow/example_dags/example_bash_decorator.py took 0.157 seconds
[2024-06-15T02:05:09.282+0000] {processor.py:161} INFO - Started process (PID=163) to work on /home/airflow/.local/lib/python3.12/site-packages/airflow/example_dags/example_bash_decorator.py
[2024-06-15T02:05:09.282+0000] {processor.py:830} INFO - Processing file /home/airflow/.local/lib/python3.12/site-packages/airflow/example_dags/example_bash_decorator.py for tasks to queue
[2024-06-15T02:05:09.284+0000] {logging_mixin.py:188} INFO - [2024-06-15T02:05:09.284+0000] {dagbag.py:545} INFO - Filling up the DagBag from /home/airflow/.local/lib/python3.12/site-packages/airflow/example_dags/example_bash_decorator.py
[2024-06-15T02:05:09.294+0000] {processor.py:840} INFO - DAG(s) 'example_bash_decorator' retrieved from /home/airflow/.local/lib/python3.12/site-packages/airflow/example_dags/example_bash_decorator.py
[2024-06-15T02:05:09.314+0000] {logging_mixin.py:188} INFO - [2024-06-15T02:05:09.314+0000] {dag.py:3096} INFO - Sync 1 DAGs
[2024-06-15T02:05:09.327+0000] {logging_mixin.py:188} INFO - [2024-06-15T02:05:09.326+0000] {dag.py:3954} INFO - Setting next_dagrun for example_bash_decorator to None, run_after=None
[2024-06-15T02:05:09.342+0000] {processor.py:183} INFO - Processing /home/airflow/.local/lib/python3.12/site-packages/airflow/example_dags/example_bash_decorator.py took 0.066 seconds
[2024-06-15T02:05:39.634+0000] {processor.py:161} INFO - Started process (PID=221) to work on /home/airflow/.local/lib/python3.12/site-packages/airflow/example_dags/example_bash_decorator.py
[2024-06-15T02:05:39.635+0000] {processor.py:830} INFO - Processing file /home/airflow/.local/lib/python3.12/site-packages/airflow/example_dags/example_bash_decorator.py for tasks to queue
[2024-06-15T02:05:39.636+0000] {logging_mixin.py:188} INFO - [2024-06-15T02:05:39.636+0000] {dagbag.py:545} INFO - Filling up the DagBag from /home/airflow/.local/lib/python3.12/site-packages/airflow/example_dags/example_bash_decorator.py
[2024-06-15T02:05:39.649+0000] {processor.py:840} INFO - DAG(s) 'example_bash_decorator' retrieved from /home/airflow/.local/lib/python3.12/site-packages/airflow/example_dags/example_bash_decorator.py
[2024-06-15T02:05:39.668+0000] {logging_mixin.py:188} INFO - [2024-06-15T02:05:39.668+0000] {dag.py:3096} INFO - Sync 1 DAGs
[2024-06-15T02:05:39.680+0000] {logging_mixin.py:188} INFO - [2024-06-15T02:05:39.679+0000] {dag.py:3954} INFO - Setting next_dagrun for example_bash_decorator to None, run_after=None
[2024-06-15T02:05:39.694+0000] {processor.py:183} INFO - Processing /home/airflow/.local/lib/python3.12/site-packages/airflow/example_dags/example_bash_decorator.py took 0.063 seconds
[2024-06-15T02:06:09.987+0000] {processor.py:161} INFO - Started process (PID=279) to work on /home/airflow/.local/lib/python3.12/site-packages/airflow/example_dags/example_bash_decorator.py
[2024-06-15T02:06:09.988+0000] {processor.py:830} INFO - Processing file /home/airflow/.local/lib/python3.12/site-packages/airflow/example_dags/example_bash_decorator.py for tasks to queue
[2024-06-15T02:06:09.989+0000] {logging_mixin.py:188} INFO - [2024-06-15T02:06:09.989+0000] {dagbag.py:545} INFO - Filling up the DagBag from /home/airflow/.local/lib/python3.12/site-packages/airflow/example_dags/example_bash_decorator.py
[2024-06-15T02:06:10.000+0000] {processor.py:840} INFO - DAG(s) 'example_bash_decorator' retrieved from /home/airflow/.local/lib/python3.12/site-packages/airflow/example_dags/example_bash_decorator.py
[2024-06-15T02:06:10.020+0000] {logging_mixin.py:188} INFO - [2024-06-15T02:06:10.020+0000] {dag.py:3096} INFO - Sync 1 DAGs
[2024-06-15T02:06:10.030+0000] {logging_mixin.py:188} INFO - [2024-06-15T02:06:10.030+0000] {dag.py:3954} INFO - Setting next_dagrun for example_bash_decorator to None, run_after=None
[2024-06-15T02:06:10.044+0000] {processor.py:183} INFO - Processing /home/airflow/.local/lib/python3.12/site-packages/airflow/example_dags/example_bash_decorator.py took 0.061 seconds
[2024-06-15T02:06:40.609+0000] {processor.py:161} INFO - Started process (PID=337) to work on /home/airflow/.local/lib/python3.12/site-packages/airflow/example_dags/example_bash_decorator.py
[2024-06-15T02:06:40.610+0000] {processor.py:830} INFO - Processing file /home/airflow/.local/lib/python3.12/site-packages/airflow/example_dags/example_bash_decorator.py for tasks to queue
[2024-06-15T02:06:40.611+0000] {logging_mixin.py:188} INFO - [2024-06-15T02:06:40.611+0000] {dagbag.py:545} INFO - Filling up the DagBag from /home/airflow/.local/lib/python3.12/site-packages/airflow/example_dags/example_bash_decorator.py
[2024-06-15T02:06:40.623+0000] {processor.py:840} INFO - DAG(s) 'example_bash_decorator' retrieved from /home/airflow/.local/lib/python3.12/site-packages/airflow/example_dags/example_bash_decorator.py
[2024-06-15T02:06:40.647+0000] {logging_mixin.py:188} INFO - [2024-06-15T02:06:40.646+0000] {dag.py:3096} INFO - Sync 1 DAGs
[2024-06-15T02:06:40.658+0000] {logging_mixin.py:188} INFO - [2024-06-15T02:06:40.658+0000] {dag.py:3954} INFO - Setting next_dagrun for example_bash_decorator to None, run_after=None
[2024-06-15T02:06:40.731+0000] {processor.py:183} INFO - Processing /home/airflow/.local/lib/python3.12/site-packages/airflow/example_dags/example_bash_decorator.py took 0.126 seconds
[2024-06-15T02:07:11.636+0000] {processor.py:161} INFO - Started process (PID=395) to work on /home/airflow/.local/lib/python3.12/site-packages/airflow/example_dags/example_bash_decorator.py
[2024-06-15T02:07:11.637+0000] {processor.py:830} INFO - Processing file /home/airflow/.local/lib/python3.12/site-packages/airflow/example_dags/example_bash_decorator.py for tasks to queue
[2024-06-15T02:07:11.638+0000] {logging_mixin.py:188} INFO - [2024-06-15T02:07:11.638+0000] {dagbag.py:545} INFO - Filling up the DagBag from /home/airflow/.local/lib/python3.12/site-packages/airflow/example_dags/example_bash_decorator.py
[2024-06-15T02:07:11.651+0000] {processor.py:840} INFO - DAG(s) 'example_bash_decorator' retrieved from /home/airflow/.local/lib/python3.12/site-packages/airflow/example_dags/example_bash_decorator.py
[2024-06-15T02:07:11.674+0000] {logging_mixin.py:188} INFO - [2024-06-15T02:07:11.674+0000] {dag.py:3096} INFO - Sync 1 DAGs
[2024-06-15T02:07:11.685+0000] {logging_mixin.py:188} INFO - [2024-06-15T02:07:11.685+0000] {dag.py:3954} INFO - Setting next_dagrun for example_bash_decorator to None, run_after=None
[2024-06-15T02:07:11.703+0000] {processor.py:183} INFO - Processing /home/airflow/.local/lib/python3.12/site-packages/airflow/example_dags/example_bash_decorator.py took 0.071 seconds
[2024-06-15T02:07:42.714+0000] {processor.py:161} INFO - Started process (PID=453) to work on /home/airflow/.local/lib/python3.12/site-packages/airflow/example_dags/example_bash_decorator.py
[2024-06-15T02:07:42.715+0000] {processor.py:830} INFO - Processing file /home/airflow/.local/lib/python3.12/site-packages/airflow/example_dags/example_bash_decorator.py for tasks to queue
[2024-06-15T02:07:42.716+0000] {logging_mixin.py:188} INFO - [2024-06-15T02:07:42.716+0000] {dagbag.py:545} INFO - Filling up the DagBag from /home/airflow/.local/lib/python3.12/site-packages/airflow/example_dags/example_bash_decorator.py
[2024-06-15T02:07:42.727+0000] {processor.py:840} INFO - DAG(s) 'example_bash_decorator' retrieved from /home/airflow/.local/lib/python3.12/site-packages/airflow/example_dags/example_bash_decorator.py
[2024-06-15T02:07:42.748+0000] {logging_mixin.py:188} INFO - [2024-06-15T02:07:42.748+0000] {dag.py:3096} INFO - Sync 1 DAGs
[2024-06-15T02:07:42.760+0000] {logging_mixin.py:188} INFO - [2024-06-15T02:07:42.760+0000] {dag.py:3954} INFO - Setting next_dagrun for example_bash_decorator to None, run_after=None
[2024-06-15T02:07:42.775+0000] {processor.py:183} INFO - Processing /home/airflow/.local/lib/python3.12/site-packages/airflow/example_dags/example_bash_decorator.py took 0.065 seconds
[2024-06-15T02:08:13.038+0000] {processor.py:161} INFO - Started process (PID=511) to work on /home/airflow/.local/lib/python3.12/site-packages/airflow/example_dags/example_bash_decorator.py
[2024-06-15T02:08:13.039+0000] {processor.py:830} INFO - Processing file /home/airflow/.local/lib/python3.12/site-packages/airflow/example_dags/example_bash_decorator.py for tasks to queue
[2024-06-15T02:08:13.040+0000] {logging_mixin.py:188} INFO - [2024-06-15T02:08:13.040+0000] {dagbag.py:545} INFO - Filling up the DagBag from /home/airflow/.local/lib/python3.12/site-packages/airflow/example_dags/example_bash_decorator.py
[2024-06-15T02:08:13.051+0000] {processor.py:840} INFO - DAG(s) 'example_bash_decorator' retrieved from /home/airflow/.local/lib/python3.12/site-packages/airflow/example_dags/example_bash_decorator.py
[2024-06-15T02:08:13.071+0000] {logging_mixin.py:188} INFO - [2024-06-15T02:08:13.071+0000] {dag.py:3096} INFO - Sync 1 DAGs
[2024-06-15T02:08:13.083+0000] {logging_mixin.py:188} INFO - [2024-06-15T02:08:13.083+0000] {dag.py:3954} INFO - Setting next_dagrun for example_bash_decorator to None, run_after=None
[2024-06-15T02:08:13.098+0000] {processor.py:183} INFO - Processing /home/airflow/.local/lib/python3.12/site-packages/airflow/example_dags/example_bash_decorator.py took 0.064 seconds
[2024-06-15T02:08:43.480+0000] {processor.py:161} INFO - Started process (PID=569) to work on /home/airflow/.local/lib/python3.12/site-packages/airflow/example_dags/example_bash_decorator.py
[2024-06-15T02:08:43.481+0000] {processor.py:830} INFO - Processing file /home/airflow/.local/lib/python3.12/site-packages/airflow/example_dags/example_bash_decorator.py for tasks to queue
[2024-06-15T02:08:43.482+0000] {logging_mixin.py:188} INFO - [2024-06-15T02:08:43.482+0000] {dagbag.py:545} INFO - Filling up the DagBag from /home/airflow/.local/lib/python3.12/site-packages/airflow/example_dags/example_bash_decorator.py
[2024-06-15T02:08:43.492+0000] {processor.py:840} INFO - DAG(s) 'example_bash_decorator' retrieved from /home/airflow/.local/lib/python3.12/site-packages/airflow/example_dags/example_bash_decorator.py
[2024-06-15T02:08:43.513+0000] {logging_mixin.py:188} INFO - [2024-06-15T02:08:43.513+0000] {dag.py:3096} INFO - Sync 1 DAGs
[2024-06-15T02:08:43.524+0000] {logging_mixin.py:188} INFO - [2024-06-15T02:08:43.524+0000] {dag.py:3954} INFO - Setting next_dagrun for example_bash_decorator to None, run_after=None
[2024-06-15T02:08:43.620+0000] {processor.py:183} INFO - Processing /home/airflow/.local/lib/python3.12/site-packages/airflow/example_dags/example_bash_decorator.py took 0.143 seconds
[2024-06-15T02:09:13.878+0000] {processor.py:161} INFO - Started process (PID=627) to work on /home/airflow/.local/lib/python3.12/site-packages/airflow/example_dags/example_bash_decorator.py
[2024-06-15T02:09:13.879+0000] {processor.py:830} INFO - Processing file /home/airflow/.local/lib/python3.12/site-packages/airflow/example_dags/example_bash_decorator.py for tasks to queue
[2024-06-15T02:09:13.880+0000] {logging_mixin.py:188} INFO - [2024-06-15T02:09:13.880+0000] {dagbag.py:545} INFO - Filling up the DagBag from /home/airflow/.local/lib/python3.12/site-packages/airflow/example_dags/example_bash_decorator.py
[2024-06-15T02:09:13.894+0000] {processor.py:840} INFO - DAG(s) 'example_bash_decorator' retrieved from /home/airflow/.local/lib/python3.12/site-packages/airflow/example_dags/example_bash_decorator.py
[2024-06-15T02:09:13.915+0000] {logging_mixin.py:188} INFO - [2024-06-15T02:09:13.915+0000] {dag.py:3096} INFO - Sync 1 DAGs
[2024-06-15T02:09:13.928+0000] {logging_mixin.py:188} INFO - [2024-06-15T02:09:13.927+0000] {dag.py:3954} INFO - Setting next_dagrun for example_bash_decorator to None, run_after=None
[2024-06-15T02:09:13.943+0000] {processor.py:183} INFO - Processing /home/airflow/.local/lib/python3.12/site-packages/airflow/example_dags/example_bash_decorator.py took 0.069 seconds
[2024-06-15T02:09:44.044+0000] {processor.py:161} INFO - Started process (PID=684) to work on /home/airflow/.local/lib/python3.12/site-packages/airflow/example_dags/example_bash_decorator.py
[2024-06-15T02:09:44.044+0000] {processor.py:830} INFO - Processing file /home/airflow/.local/lib/python3.12/site-packages/airflow/example_dags/example_bash_decorator.py for tasks to queue
[2024-06-15T02:09:44.046+0000] {logging_mixin.py:188} INFO - [2024-06-15T02:09:44.045+0000] {dagbag.py:545} INFO - Filling up the DagBag from /home/airflow/.local/lib/python3.12/site-packages/airflow/example_dags/example_bash_decorator.py
[2024-06-15T02:09:44.055+0000] {processor.py:840} INFO - DAG(s) 'example_bash_decorator' retrieved from /home/airflow/.local/lib/python3.12/site-packages/airflow/example_dags/example_bash_decorator.py
[2024-06-15T02:09:44.075+0000] {logging_mixin.py:188} INFO - [2024-06-15T02:09:44.074+0000] {dag.py:3096} INFO - Sync 1 DAGs
[2024-06-15T02:09:44.087+0000] {logging_mixin.py:188} INFO - [2024-06-15T02:09:44.086+0000] {dag.py:3954} INFO - Setting next_dagrun for example_bash_decorator to None, run_after=None
[2024-06-15T02:09:44.103+0000] {processor.py:183} INFO - Processing /home/airflow/.local/lib/python3.12/site-packages/airflow/example_dags/example_bash_decorator.py took 0.063 seconds
[2024-06-15T02:10:14.201+0000] {processor.py:161} INFO - Started process (PID=742) to work on /home/airflow/.local/lib/python3.12/site-packages/airflow/example_dags/example_bash_decorator.py
[2024-06-15T02:10:14.202+0000] {processor.py:830} INFO - Processing file /home/airflow/.local/lib/python3.12/site-packages/airflow/example_dags/example_bash_decorator.py for tasks to queue
[2024-06-15T02:10:14.203+0000] {logging_mixin.py:188} INFO - [2024-06-15T02:10:14.203+0000] {dagbag.py:545} INFO - Filling up the DagBag from /home/airflow/.local/lib/python3.12/site-packages/airflow/example_dags/example_bash_decorator.py
[2024-06-15T02:10:14.214+0000] {processor.py:840} INFO - DAG(s) 'example_bash_decorator' retrieved from /home/airflow/.local/lib/python3.12/site-packages/airflow/example_dags/example_bash_decorator.py
[2024-06-15T02:10:14.234+0000] {logging_mixin.py:188} INFO - [2024-06-15T02:10:14.233+0000] {dag.py:3096} INFO - Sync 1 DAGs
[2024-06-15T02:10:14.244+0000] {logging_mixin.py:188} INFO - [2024-06-15T02:10:14.244+0000] {dag.py:3954} INFO - Setting next_dagrun for example_bash_decorator to None, run_after=None
[2024-06-15T02:10:14.261+0000] {processor.py:183} INFO - Processing /home/airflow/.local/lib/python3.12/site-packages/airflow/example_dags/example_bash_decorator.py took 0.065 seconds
[2024-06-15T02:10:44.697+0000] {processor.py:161} INFO - Started process (PID=800) to work on /home/airflow/.local/lib/python3.12/site-packages/airflow/example_dags/example_bash_decorator.py
[2024-06-15T02:10:44.698+0000] {processor.py:830} INFO - Processing file /home/airflow/.local/lib/python3.12/site-packages/airflow/example_dags/example_bash_decorator.py for tasks to queue
[2024-06-15T02:10:44.699+0000] {logging_mixin.py:188} INFO - [2024-06-15T02:10:44.699+0000] {dagbag.py:545} INFO - Filling up the DagBag from /home/airflow/.local/lib/python3.12/site-packages/airflow/example_dags/example_bash_decorator.py
[2024-06-15T02:10:44.712+0000] {processor.py:840} INFO - DAG(s) 'example_bash_decorator' retrieved from /home/airflow/.local/lib/python3.12/site-packages/airflow/example_dags/example_bash_decorator.py
[2024-06-15T02:10:44.733+0000] {logging_mixin.py:188} INFO - [2024-06-15T02:10:44.733+0000] {dag.py:3096} INFO - Sync 1 DAGs
[2024-06-15T02:10:44.744+0000] {logging_mixin.py:188} INFO - [2024-06-15T02:10:44.743+0000] {dag.py:3954} INFO - Setting next_dagrun for example_bash_decorator to None, run_after=None
[2024-06-15T02:10:44.759+0000] {processor.py:183} INFO - Processing /home/airflow/.local/lib/python3.12/site-packages/airflow/example_dags/example_bash_decorator.py took 0.066 seconds
[2024-06-15T02:11:15.282+0000] {processor.py:161} INFO - Started process (PID=858) to work on /home/airflow/.local/lib/python3.12/site-packages/airflow/example_dags/example_bash_decorator.py
[2024-06-15T02:11:15.283+0000] {processor.py:830} INFO - Processing file /home/airflow/.local/lib/python3.12/site-packages/airflow/example_dags/example_bash_decorator.py for tasks to queue
[2024-06-15T02:11:15.285+0000] {logging_mixin.py:188} INFO - [2024-06-15T02:11:15.285+0000] {dagbag.py:545} INFO - Filling up the DagBag from /home/airflow/.local/lib/python3.12/site-packages/airflow/example_dags/example_bash_decorator.py
[2024-06-15T02:11:15.297+0000] {processor.py:840} INFO - DAG(s) 'example_bash_decorator' retrieved from /home/airflow/.local/lib/python3.12/site-packages/airflow/example_dags/example_bash_decorator.py
[2024-06-15T02:11:15.316+0000] {logging_mixin.py:188} INFO - [2024-06-15T02:11:15.316+0000] {dag.py:3096} INFO - Sync 1 DAGs
[2024-06-15T02:11:15.327+0000] {logging_mixin.py:188} INFO - [2024-06-15T02:11:15.327+0000] {dag.py:3954} INFO - Setting next_dagrun for example_bash_decorator to None, run_after=None
[2024-06-15T02:11:15.342+0000] {processor.py:183} INFO - Processing /home/airflow/.local/lib/python3.12/site-packages/airflow/example_dags/example_bash_decorator.py took 0.064 seconds
[2024-06-15T02:11:45.856+0000] {processor.py:161} INFO - Started process (PID=916) to work on /home/airflow/.local/lib/python3.12/site-packages/airflow/example_dags/example_bash_decorator.py
[2024-06-15T02:11:45.857+0000] {processor.py:830} INFO - Processing file /home/airflow/.local/lib/python3.12/site-packages/airflow/example_dags/example_bash_decorator.py for tasks to queue
[2024-06-15T02:11:45.858+0000] {logging_mixin.py:188} INFO - [2024-06-15T02:11:45.858+0000] {dagbag.py:545} INFO - Filling up the DagBag from /home/airflow/.local/lib/python3.12/site-packages/airflow/example_dags/example_bash_decorator.py
[2024-06-15T02:11:45.872+0000] {processor.py:840} INFO - DAG(s) 'example_bash_decorator' retrieved from /home/airflow/.local/lib/python3.12/site-packages/airflow/example_dags/example_bash_decorator.py
[2024-06-15T02:11:45.915+0000] {logging_mixin.py:188} INFO - [2024-06-15T02:11:45.914+0000] {dag.py:3096} INFO - Sync 1 DAGs
[2024-06-15T02:11:45.931+0000] {logging_mixin.py:188} INFO - [2024-06-15T02:11:45.931+0000] {dag.py:3954} INFO - Setting next_dagrun for example_bash_decorator to None, run_after=None
[2024-06-15T02:11:45.949+0000] {processor.py:183} INFO - Processing /home/airflow/.local/lib/python3.12/site-packages/airflow/example_dags/example_bash_decorator.py took 0.097 seconds
[2024-06-15T02:12:16.330+0000] {processor.py:161} INFO - Started process (PID=974) to work on /home/airflow/.local/lib/python3.12/site-packages/airflow/example_dags/example_bash_decorator.py
[2024-06-15T02:12:16.333+0000] {processor.py:830} INFO - Processing file /home/airflow/.local/lib/python3.12/site-packages/airflow/example_dags/example_bash_decorator.py for tasks to queue
[2024-06-15T02:12:16.334+0000] {logging_mixin.py:188} INFO - [2024-06-15T02:12:16.334+0000] {dagbag.py:545} INFO - Filling up the DagBag from /home/airflow/.local/lib/python3.12/site-packages/airflow/example_dags/example_bash_decorator.py
[2024-06-15T02:12:16.345+0000] {processor.py:840} INFO - DAG(s) 'example_bash_decorator' retrieved from /home/airflow/.local/lib/python3.12/site-packages/airflow/example_dags/example_bash_decorator.py
[2024-06-15T02:12:16.365+0000] {logging_mixin.py:188} INFO - [2024-06-15T02:12:16.365+0000] {dag.py:3096} INFO - Sync 1 DAGs
[2024-06-15T02:12:16.375+0000] {logging_mixin.py:188} INFO - [2024-06-15T02:12:16.375+0000] {dag.py:3954} INFO - Setting next_dagrun for example_bash_decorator to None, run_after=None
[2024-06-15T02:12:16.391+0000] {processor.py:183} INFO - Processing /home/airflow/.local/lib/python3.12/site-packages/airflow/example_dags/example_bash_decorator.py took 0.065 seconds
[2024-06-15T02:12:46.688+0000] {processor.py:161} INFO - Started process (PID=1032) to work on /home/airflow/.local/lib/python3.12/site-packages/airflow/example_dags/example_bash_decorator.py
[2024-06-15T02:12:46.689+0000] {processor.py:830} INFO - Processing file /home/airflow/.local/lib/python3.12/site-packages/airflow/example_dags/example_bash_decorator.py for tasks to queue
[2024-06-15T02:12:46.690+0000] {logging_mixin.py:188} INFO - [2024-06-15T02:12:46.690+0000] {dagbag.py:545} INFO - Filling up the DagBag from /home/airflow/.local/lib/python3.12/site-packages/airflow/example_dags/example_bash_decorator.py
[2024-06-15T02:12:46.701+0000] {processor.py:840} INFO - DAG(s) 'example_bash_decorator' retrieved from /home/airflow/.local/lib/python3.12/site-packages/airflow/example_dags/example_bash_decorator.py
[2024-06-15T02:12:46.721+0000] {logging_mixin.py:188} INFO - [2024-06-15T02:12:46.720+0000] {dag.py:3096} INFO - Sync 1 DAGs
[2024-06-15T02:12:46.730+0000] {logging_mixin.py:188} INFO - [2024-06-15T02:12:46.730+0000] {dag.py:3954} INFO - Setting next_dagrun for example_bash_decorator to None, run_after=None
[2024-06-15T02:12:46.744+0000] {processor.py:183} INFO - Processing /home/airflow/.local/lib/python3.12/site-packages/airflow/example_dags/example_bash_decorator.py took 0.060 seconds
[2024-06-15T02:13:17.077+0000] {processor.py:161} INFO - Started process (PID=1090) to work on /home/airflow/.local/lib/python3.12/site-packages/airflow/example_dags/example_bash_decorator.py
[2024-06-15T02:13:17.077+0000] {processor.py:830} INFO - Processing file /home/airflow/.local/lib/python3.12/site-packages/airflow/example_dags/example_bash_decorator.py for tasks to queue
[2024-06-15T02:13:17.079+0000] {logging_mixin.py:188} INFO - [2024-06-15T02:13:17.079+0000] {dagbag.py:545} INFO - Filling up the DagBag from /home/airflow/.local/lib/python3.12/site-packages/airflow/example_dags/example_bash_decorator.py
[2024-06-15T02:13:17.090+0000] {processor.py:840} INFO - DAG(s) 'example_bash_decorator' retrieved from /home/airflow/.local/lib/python3.12/site-packages/airflow/example_dags/example_bash_decorator.py
[2024-06-15T02:13:17.109+0000] {logging_mixin.py:188} INFO - [2024-06-15T02:13:17.109+0000] {dag.py:3096} INFO - Sync 1 DAGs
[2024-06-15T02:13:17.120+0000] {logging_mixin.py:188} INFO - [2024-06-15T02:13:17.119+0000] {dag.py:3954} INFO - Setting next_dagrun for example_bash_decorator to None, run_after=None
[2024-06-15T02:13:17.134+0000] {processor.py:183} INFO - Processing /home/airflow/.local/lib/python3.12/site-packages/airflow/example_dags/example_bash_decorator.py took 0.061 seconds
[2024-06-15T02:13:47.425+0000] {processor.py:161} INFO - Started process (PID=1148) to work on /home/airflow/.local/lib/python3.12/site-packages/airflow/example_dags/example_bash_decorator.py
[2024-06-15T02:13:47.426+0000] {processor.py:830} INFO - Processing file /home/airflow/.local/lib/python3.12/site-packages/airflow/example_dags/example_bash_decorator.py for tasks to queue
[2024-06-15T02:13:47.427+0000] {logging_mixin.py:188} INFO - [2024-06-15T02:13:47.427+0000] {dagbag.py:545} INFO - Filling up the DagBag from /home/airflow/.local/lib/python3.12/site-packages/airflow/example_dags/example_bash_decorator.py
[2024-06-15T02:13:47.437+0000] {processor.py:840} INFO - DAG(s) 'example_bash_decorator' retrieved from /home/airflow/.local/lib/python3.12/site-packages/airflow/example_dags/example_bash_decorator.py
[2024-06-15T02:13:47.456+0000] {logging_mixin.py:188} INFO - [2024-06-15T02:13:47.455+0000] {dag.py:3096} INFO - Sync 1 DAGs
[2024-06-15T02:13:47.465+0000] {logging_mixin.py:188} INFO - [2024-06-15T02:13:47.465+0000] {dag.py:3954} INFO - Setting next_dagrun for example_bash_decorator to None, run_after=None
[2024-06-15T02:13:47.480+0000] {processor.py:183} INFO - Processing /home/airflow/.local/lib/python3.12/site-packages/airflow/example_dags/example_bash_decorator.py took 0.059 seconds
[2024-06-15T02:14:17.769+0000] {processor.py:161} INFO - Started process (PID=1206) to work on /home/airflow/.local/lib/python3.12/site-packages/airflow/example_dags/example_bash_decorator.py
[2024-06-15T02:14:17.770+0000] {processor.py:830} INFO - Processing file /home/airflow/.local/lib/python3.12/site-packages/airflow/example_dags/example_bash_decorator.py for tasks to queue
[2024-06-15T02:14:17.771+0000] {logging_mixin.py:188} INFO - [2024-06-15T02:14:17.771+0000] {dagbag.py:545} INFO - Filling up the DagBag from /home/airflow/.local/lib/python3.12/site-packages/airflow/example_dags/example_bash_decorator.py
[2024-06-15T02:14:17.780+0000] {processor.py:840} INFO - DAG(s) 'example_bash_decorator' retrieved from /home/airflow/.local/lib/python3.12/site-packages/airflow/example_dags/example_bash_decorator.py
[2024-06-15T02:14:17.800+0000] {logging_mixin.py:188} INFO - [2024-06-15T02:14:17.800+0000] {dag.py:3096} INFO - Sync 1 DAGs
[2024-06-15T02:14:17.810+0000] {logging_mixin.py:188} INFO - [2024-06-15T02:14:17.810+0000] {dag.py:3954} INFO - Setting next_dagrun for example_bash_decorator to None, run_after=None
[2024-06-15T02:14:17.824+0000] {processor.py:183} INFO - Processing /home/airflow/.local/lib/python3.12/site-packages/airflow/example_dags/example_bash_decorator.py took 0.059 seconds
[2024-06-15T02:14:48.107+0000] {processor.py:161} INFO - Started process (PID=1264) to work on /home/airflow/.local/lib/python3.12/site-packages/airflow/example_dags/example_bash_decorator.py
[2024-06-15T02:14:48.107+0000] {processor.py:830} INFO - Processing file /home/airflow/.local/lib/python3.12/site-packages/airflow/example_dags/example_bash_decorator.py for tasks to queue
[2024-06-15T02:14:48.109+0000] {logging_mixin.py:188} INFO - [2024-06-15T02:14:48.108+0000] {dagbag.py:545} INFO - Filling up the DagBag from /home/airflow/.local/lib/python3.12/site-packages/airflow/example_dags/example_bash_decorator.py
[2024-06-15T02:14:48.119+0000] {processor.py:840} INFO - DAG(s) 'example_bash_decorator' retrieved from /home/airflow/.local/lib/python3.12/site-packages/airflow/example_dags/example_bash_decorator.py
[2024-06-15T02:14:48.141+0000] {logging_mixin.py:188} INFO - [2024-06-15T02:14:48.141+0000] {dag.py:3096} INFO - Sync 1 DAGs
[2024-06-15T02:14:48.152+0000] {logging_mixin.py:188} INFO - [2024-06-15T02:14:48.152+0000] {dag.py:3954} INFO - Setting next_dagrun for example_bash_decorator to None, run_after=None
[2024-06-15T02:14:48.170+0000] {processor.py:183} INFO - Processing /home/airflow/.local/lib/python3.12/site-packages/airflow/example_dags/example_bash_decorator.py took 0.067 seconds
[2024-06-15T02:15:18.532+0000] {processor.py:161} INFO - Started process (PID=1322) to work on /home/airflow/.local/lib/python3.12/site-packages/airflow/example_dags/example_bash_decorator.py
[2024-06-15T02:15:18.533+0000] {processor.py:830} INFO - Processing file /home/airflow/.local/lib/python3.12/site-packages/airflow/example_dags/example_bash_decorator.py for tasks to queue
[2024-06-15T02:15:18.534+0000] {logging_mixin.py:188} INFO - [2024-06-15T02:15:18.534+0000] {dagbag.py:545} INFO - Filling up the DagBag from /home/airflow/.local/lib/python3.12/site-packages/airflow/example_dags/example_bash_decorator.py
[2024-06-15T02:15:18.545+0000] {processor.py:840} INFO - DAG(s) 'example_bash_decorator' retrieved from /home/airflow/.local/lib/python3.12/site-packages/airflow/example_dags/example_bash_decorator.py
[2024-06-15T02:15:18.566+0000] {logging_mixin.py:188} INFO - [2024-06-15T02:15:18.566+0000] {dag.py:3096} INFO - Sync 1 DAGs
[2024-06-15T02:15:18.576+0000] {logging_mixin.py:188} INFO - [2024-06-15T02:15:18.576+0000] {dag.py:3954} INFO - Setting next_dagrun for example_bash_decorator to None, run_after=None
[2024-06-15T02:15:18.589+0000] {processor.py:183} INFO - Processing /home/airflow/.local/lib/python3.12/site-packages/airflow/example_dags/example_bash_decorator.py took 0.062 seconds
[2024-06-15T02:15:48.780+0000] {processor.py:161} INFO - Started process (PID=1380) to work on /home/airflow/.local/lib/python3.12/site-packages/airflow/example_dags/example_bash_decorator.py
[2024-06-15T02:15:48.780+0000] {processor.py:830} INFO - Processing file /home/airflow/.local/lib/python3.12/site-packages/airflow/example_dags/example_bash_decorator.py for tasks to queue
[2024-06-15T02:15:48.782+0000] {logging_mixin.py:188} INFO - [2024-06-15T02:15:48.781+0000] {dagbag.py:545} INFO - Filling up the DagBag from /home/airflow/.local/lib/python3.12/site-packages/airflow/example_dags/example_bash_decorator.py
[2024-06-15T02:15:48.792+0000] {processor.py:840} INFO - DAG(s) 'example_bash_decorator' retrieved from /home/airflow/.local/lib/python3.12/site-packages/airflow/example_dags/example_bash_decorator.py
[2024-06-15T02:15:48.810+0000] {logging_mixin.py:188} INFO - [2024-06-15T02:15:48.810+0000] {dag.py:3096} INFO - Sync 1 DAGs
[2024-06-15T02:15:48.821+0000] {logging_mixin.py:188} INFO - [2024-06-15T02:15:48.820+0000] {dag.py:3954} INFO - Setting next_dagrun for example_bash_decorator to None, run_after=None
[2024-06-15T02:15:48.834+0000] {processor.py:183} INFO - Processing /home/airflow/.local/lib/python3.12/site-packages/airflow/example_dags/example_bash_decorator.py took 0.058 seconds
[2024-06-15T02:16:19.527+0000] {processor.py:161} INFO - Started process (PID=1438) to work on /home/airflow/.local/lib/python3.12/site-packages/airflow/example_dags/example_bash_decorator.py
[2024-06-15T02:16:19.527+0000] {processor.py:830} INFO - Processing file /home/airflow/.local/lib/python3.12/site-packages/airflow/example_dags/example_bash_decorator.py for tasks to queue
[2024-06-15T02:16:19.529+0000] {logging_mixin.py:188} INFO - [2024-06-15T02:16:19.528+0000] {dagbag.py:545} INFO - Filling up the DagBag from /home/airflow/.local/lib/python3.12/site-packages/airflow/example_dags/example_bash_decorator.py
[2024-06-15T02:16:19.542+0000] {processor.py:840} INFO - DAG(s) 'example_bash_decorator' retrieved from /home/airflow/.local/lib/python3.12/site-packages/airflow/example_dags/example_bash_decorator.py
[2024-06-15T02:16:19.565+0000] {logging_mixin.py:188} INFO - [2024-06-15T02:16:19.564+0000] {dag.py:3096} INFO - Sync 1 DAGs
[2024-06-15T02:16:19.576+0000] {logging_mixin.py:188} INFO - [2024-06-15T02:16:19.576+0000] {dag.py:3954} INFO - Setting next_dagrun for example_bash_decorator to None, run_after=None
[2024-06-15T02:16:19.641+0000] {processor.py:183} INFO - Processing /home/airflow/.local/lib/python3.12/site-packages/airflow/example_dags/example_bash_decorator.py took 0.118 seconds
[2024-06-15T02:16:49.711+0000] {processor.py:161} INFO - Started process (PID=1496) to work on /home/airflow/.local/lib/python3.12/site-packages/airflow/example_dags/example_bash_decorator.py
[2024-06-15T02:16:49.712+0000] {processor.py:830} INFO - Processing file /home/airflow/.local/lib/python3.12/site-packages/airflow/example_dags/example_bash_decorator.py for tasks to queue
[2024-06-15T02:16:49.713+0000] {logging_mixin.py:188} INFO - [2024-06-15T02:16:49.713+0000] {dagbag.py:545} INFO - Filling up the DagBag from /home/airflow/.local/lib/python3.12/site-packages/airflow/example_dags/example_bash_decorator.py
[2024-06-15T02:16:49.724+0000] {processor.py:840} INFO - DAG(s) 'example_bash_decorator' retrieved from /home/airflow/.local/lib/python3.12/site-packages/airflow/example_dags/example_bash_decorator.py
[2024-06-15T02:16:49.743+0000] {logging_mixin.py:188} INFO - [2024-06-15T02:16:49.743+0000] {dag.py:3096} INFO - Sync 1 DAGs
[2024-06-15T02:16:49.755+0000] {logging_mixin.py:188} INFO - [2024-06-15T02:16:49.754+0000] {dag.py:3954} INFO - Setting next_dagrun for example_bash_decorator to None, run_after=None
[2024-06-15T02:16:49.769+0000] {processor.py:183} INFO - Processing /home/airflow/.local/lib/python3.12/site-packages/airflow/example_dags/example_bash_decorator.py took 0.062 seconds
[2024-06-15T02:17:20.086+0000] {processor.py:161} INFO - Started process (PID=1554) to work on /home/airflow/.local/lib/python3.12/site-packages/airflow/example_dags/example_bash_decorator.py
[2024-06-15T02:17:20.087+0000] {processor.py:830} INFO - Processing file /home/airflow/.local/lib/python3.12/site-packages/airflow/example_dags/example_bash_decorator.py for tasks to queue
[2024-06-15T02:17:20.088+0000] {logging_mixin.py:188} INFO - [2024-06-15T02:17:20.088+0000] {dagbag.py:545} INFO - Filling up the DagBag from /home/airflow/.local/lib/python3.12/site-packages/airflow/example_dags/example_bash_decorator.py
[2024-06-15T02:17:20.099+0000] {processor.py:840} INFO - DAG(s) 'example_bash_decorator' retrieved from /home/airflow/.local/lib/python3.12/site-packages/airflow/example_dags/example_bash_decorator.py
[2024-06-15T02:17:20.118+0000] {logging_mixin.py:188} INFO - [2024-06-15T02:17:20.118+0000] {dag.py:3096} INFO - Sync 1 DAGs
[2024-06-15T02:17:20.128+0000] {logging_mixin.py:188} INFO - [2024-06-15T02:17:20.128+0000] {dag.py:3954} INFO - Setting next_dagrun for example_bash_decorator to None, run_after=None
[2024-06-15T02:17:20.143+0000] {processor.py:183} INFO - Processing /home/airflow/.local/lib/python3.12/site-packages/airflow/example_dags/example_bash_decorator.py took 0.062 seconds
[2024-06-15T02:17:50.487+0000] {processor.py:161} INFO - Started process (PID=1612) to work on /home/airflow/.local/lib/python3.12/site-packages/airflow/example_dags/example_bash_decorator.py
[2024-06-15T02:17:50.488+0000] {processor.py:830} INFO - Processing file /home/airflow/.local/lib/python3.12/site-packages/airflow/example_dags/example_bash_decorator.py for tasks to queue
[2024-06-15T02:17:50.490+0000] {logging_mixin.py:188} INFO - [2024-06-15T02:17:50.489+0000] {dagbag.py:545} INFO - Filling up the DagBag from /home/airflow/.local/lib/python3.12/site-packages/airflow/example_dags/example_bash_decorator.py
[2024-06-15T02:17:50.500+0000] {processor.py:840} INFO - DAG(s) 'example_bash_decorator' retrieved from /home/airflow/.local/lib/python3.12/site-packages/airflow/example_dags/example_bash_decorator.py
[2024-06-15T02:17:50.520+0000] {logging_mixin.py:188} INFO - [2024-06-15T02:17:50.520+0000] {dag.py:3096} INFO - Sync 1 DAGs
[2024-06-15T02:17:50.530+0000] {logging_mixin.py:188} INFO - [2024-06-15T02:17:50.530+0000] {dag.py:3954} INFO - Setting next_dagrun for example_bash_decorator to None, run_after=None
[2024-06-15T02:17:50.545+0000] {processor.py:183} INFO - Processing /home/airflow/.local/lib/python3.12/site-packages/airflow/example_dags/example_bash_decorator.py took 0.062 seconds
[2024-06-15T02:18:20.874+0000] {processor.py:161} INFO - Started process (PID=1670) to work on /home/airflow/.local/lib/python3.12/site-packages/airflow/example_dags/example_bash_decorator.py
[2024-06-15T02:18:20.875+0000] {processor.py:830} INFO - Processing file /home/airflow/.local/lib/python3.12/site-packages/airflow/example_dags/example_bash_decorator.py for tasks to queue
[2024-06-15T02:18:20.877+0000] {logging_mixin.py:188} INFO - [2024-06-15T02:18:20.876+0000] {dagbag.py:545} INFO - Filling up the DagBag from /home/airflow/.local/lib/python3.12/site-packages/airflow/example_dags/example_bash_decorator.py
[2024-06-15T02:18:20.888+0000] {processor.py:840} INFO - DAG(s) 'example_bash_decorator' retrieved from /home/airflow/.local/lib/python3.12/site-packages/airflow/example_dags/example_bash_decorator.py
[2024-06-15T02:18:20.907+0000] {logging_mixin.py:188} INFO - [2024-06-15T02:18:20.907+0000] {dag.py:3096} INFO - Sync 1 DAGs
[2024-06-15T02:18:20.918+0000] {logging_mixin.py:188} INFO - [2024-06-15T02:18:20.918+0000] {dag.py:3954} INFO - Setting next_dagrun for example_bash_decorator to None, run_after=None
[2024-06-15T02:18:20.935+0000] {processor.py:183} INFO - Processing /home/airflow/.local/lib/python3.12/site-packages/airflow/example_dags/example_bash_decorator.py took 0.065 seconds
[2024-06-15T02:18:51.606+0000] {processor.py:161} INFO - Started process (PID=1734) to work on /home/airflow/.local/lib/python3.12/site-packages/airflow/example_dags/example_bash_decorator.py
[2024-06-15T02:18:51.606+0000] {processor.py:830} INFO - Processing file /home/airflow/.local/lib/python3.12/site-packages/airflow/example_dags/example_bash_decorator.py for tasks to queue
[2024-06-15T02:18:51.608+0000] {logging_mixin.py:188} INFO - [2024-06-15T02:18:51.607+0000] {dagbag.py:545} INFO - Filling up the DagBag from /home/airflow/.local/lib/python3.12/site-packages/airflow/example_dags/example_bash_decorator.py
[2024-06-15T02:18:51.619+0000] {processor.py:840} INFO - DAG(s) 'example_bash_decorator' retrieved from /home/airflow/.local/lib/python3.12/site-packages/airflow/example_dags/example_bash_decorator.py
[2024-06-15T02:18:51.638+0000] {logging_mixin.py:188} INFO - [2024-06-15T02:18:51.637+0000] {dag.py:3096} INFO - Sync 1 DAGs
[2024-06-15T02:18:51.648+0000] {logging_mixin.py:188} INFO - [2024-06-15T02:18:51.647+0000] {dag.py:3954} INFO - Setting next_dagrun for example_bash_decorator to None, run_after=None
[2024-06-15T02:18:51.661+0000] {processor.py:183} INFO - Processing /home/airflow/.local/lib/python3.12/site-packages/airflow/example_dags/example_bash_decorator.py took 0.059 seconds
[2024-06-15T02:19:22.238+0000] {processor.py:161} INFO - Started process (PID=1792) to work on /home/airflow/.local/lib/python3.12/site-packages/airflow/example_dags/example_bash_decorator.py
[2024-06-15T02:19:22.239+0000] {processor.py:830} INFO - Processing file /home/airflow/.local/lib/python3.12/site-packages/airflow/example_dags/example_bash_decorator.py for tasks to queue
[2024-06-15T02:19:22.240+0000] {logging_mixin.py:188} INFO - [2024-06-15T02:19:22.240+0000] {dagbag.py:545} INFO - Filling up the DagBag from /home/airflow/.local/lib/python3.12/site-packages/airflow/example_dags/example_bash_decorator.py
[2024-06-15T02:19:22.258+0000] {processor.py:840} INFO - DAG(s) 'example_bash_decorator' retrieved from /home/airflow/.local/lib/python3.12/site-packages/airflow/example_dags/example_bash_decorator.py
[2024-06-15T02:19:22.283+0000] {logging_mixin.py:188} INFO - [2024-06-15T02:19:22.283+0000] {dag.py:3096} INFO - Sync 1 DAGs
[2024-06-15T02:19:22.430+0000] {logging_mixin.py:188} INFO - [2024-06-15T02:19:22.430+0000] {dag.py:3954} INFO - Setting next_dagrun for example_bash_decorator to None, run_after=None
[2024-06-15T02:19:22.446+0000] {processor.py:183} INFO - Processing /home/airflow/.local/lib/python3.12/site-packages/airflow/example_dags/example_bash_decorator.py took 0.214 seconds
[2024-06-15T02:19:52.547+0000] {processor.py:161} INFO - Started process (PID=1850) to work on /home/airflow/.local/lib/python3.12/site-packages/airflow/example_dags/example_bash_decorator.py
[2024-06-15T02:19:52.548+0000] {processor.py:830} INFO - Processing file /home/airflow/.local/lib/python3.12/site-packages/airflow/example_dags/example_bash_decorator.py for tasks to queue
[2024-06-15T02:19:52.550+0000] {logging_mixin.py:188} INFO - [2024-06-15T02:19:52.549+0000] {dagbag.py:545} INFO - Filling up the DagBag from /home/airflow/.local/lib/python3.12/site-packages/airflow/example_dags/example_bash_decorator.py
[2024-06-15T02:19:52.560+0000] {processor.py:840} INFO - DAG(s) 'example_bash_decorator' retrieved from /home/airflow/.local/lib/python3.12/site-packages/airflow/example_dags/example_bash_decorator.py
[2024-06-15T02:19:52.580+0000] {logging_mixin.py:188} INFO - [2024-06-15T02:19:52.579+0000] {dag.py:3096} INFO - Sync 1 DAGs
[2024-06-15T02:19:52.589+0000] {logging_mixin.py:188} INFO - [2024-06-15T02:19:52.589+0000] {dag.py:3954} INFO - Setting next_dagrun for example_bash_decorator to None, run_after=None
[2024-06-15T02:19:52.711+0000] {processor.py:183} INFO - Processing /home/airflow/.local/lib/python3.12/site-packages/airflow/example_dags/example_bash_decorator.py took 0.168 seconds
[2024-06-15T02:20:23.408+0000] {processor.py:161} INFO - Started process (PID=1908) to work on /home/airflow/.local/lib/python3.12/site-packages/airflow/example_dags/example_bash_decorator.py
[2024-06-15T02:20:23.409+0000] {processor.py:830} INFO - Processing file /home/airflow/.local/lib/python3.12/site-packages/airflow/example_dags/example_bash_decorator.py for tasks to queue
[2024-06-15T02:20:23.410+0000] {logging_mixin.py:188} INFO - [2024-06-15T02:20:23.410+0000] {dagbag.py:545} INFO - Filling up the DagBag from /home/airflow/.local/lib/python3.12/site-packages/airflow/example_dags/example_bash_decorator.py
[2024-06-15T02:20:23.421+0000] {processor.py:840} INFO - DAG(s) 'example_bash_decorator' retrieved from /home/airflow/.local/lib/python3.12/site-packages/airflow/example_dags/example_bash_decorator.py
[2024-06-15T02:20:23.441+0000] {logging_mixin.py:188} INFO - [2024-06-15T02:20:23.441+0000] {dag.py:3096} INFO - Sync 1 DAGs
[2024-06-15T02:20:23.451+0000] {logging_mixin.py:188} INFO - [2024-06-15T02:20:23.451+0000] {dag.py:3954} INFO - Setting next_dagrun for example_bash_decorator to None, run_after=None
[2024-06-15T02:20:23.567+0000] {processor.py:183} INFO - Processing /home/airflow/.local/lib/python3.12/site-packages/airflow/example_dags/example_bash_decorator.py took 0.163 seconds
[2024-06-15T02:20:53.650+0000] {processor.py:161} INFO - Started process (PID=1966) to work on /home/airflow/.local/lib/python3.12/site-packages/airflow/example_dags/example_bash_decorator.py
[2024-06-15T02:20:53.651+0000] {processor.py:830} INFO - Processing file /home/airflow/.local/lib/python3.12/site-packages/airflow/example_dags/example_bash_decorator.py for tasks to queue
[2024-06-15T02:20:53.652+0000] {logging_mixin.py:188} INFO - [2024-06-15T02:20:53.652+0000] {dagbag.py:545} INFO - Filling up the DagBag from /home/airflow/.local/lib/python3.12/site-packages/airflow/example_dags/example_bash_decorator.py
[2024-06-15T02:20:53.665+0000] {processor.py:840} INFO - DAG(s) 'example_bash_decorator' retrieved from /home/airflow/.local/lib/python3.12/site-packages/airflow/example_dags/example_bash_decorator.py
[2024-06-15T02:20:53.685+0000] {logging_mixin.py:188} INFO - [2024-06-15T02:20:53.684+0000] {dag.py:3096} INFO - Sync 1 DAGs
[2024-06-15T02:20:53.695+0000] {logging_mixin.py:188} INFO - [2024-06-15T02:20:53.695+0000] {dag.py:3954} INFO - Setting next_dagrun for example_bash_decorator to None, run_after=None
[2024-06-15T02:20:53.710+0000] {processor.py:183} INFO - Processing /home/airflow/.local/lib/python3.12/site-packages/airflow/example_dags/example_bash_decorator.py took 0.063 seconds
[2024-06-15T02:21:24.089+0000] {processor.py:161} INFO - Started process (PID=2024) to work on /home/airflow/.local/lib/python3.12/site-packages/airflow/example_dags/example_bash_decorator.py
[2024-06-15T02:21:24.090+0000] {processor.py:830} INFO - Processing file /home/airflow/.local/lib/python3.12/site-packages/airflow/example_dags/example_bash_decorator.py for tasks to queue
[2024-06-15T02:21:24.092+0000] {logging_mixin.py:188} INFO - [2024-06-15T02:21:24.091+0000] {dagbag.py:545} INFO - Filling up the DagBag from /home/airflow/.local/lib/python3.12/site-packages/airflow/example_dags/example_bash_decorator.py
[2024-06-15T02:21:24.104+0000] {processor.py:840} INFO - DAG(s) 'example_bash_decorator' retrieved from /home/airflow/.local/lib/python3.12/site-packages/airflow/example_dags/example_bash_decorator.py
[2024-06-15T02:21:24.124+0000] {logging_mixin.py:188} INFO - [2024-06-15T02:21:24.124+0000] {dag.py:3096} INFO - Sync 1 DAGs
[2024-06-15T02:21:24.137+0000] {logging_mixin.py:188} INFO - [2024-06-15T02:21:24.136+0000] {dag.py:3954} INFO - Setting next_dagrun for example_bash_decorator to None, run_after=None
[2024-06-15T02:21:24.154+0000] {processor.py:183} INFO - Processing /home/airflow/.local/lib/python3.12/site-packages/airflow/example_dags/example_bash_decorator.py took 0.069 seconds
[2024-06-15T02:21:54.345+0000] {processor.py:161} INFO - Started process (PID=2082) to work on /home/airflow/.local/lib/python3.12/site-packages/airflow/example_dags/example_bash_decorator.py
[2024-06-15T02:21:54.346+0000] {processor.py:830} INFO - Processing file /home/airflow/.local/lib/python3.12/site-packages/airflow/example_dags/example_bash_decorator.py for tasks to queue
[2024-06-15T02:21:54.347+0000] {logging_mixin.py:188} INFO - [2024-06-15T02:21:54.347+0000] {dagbag.py:545} INFO - Filling up the DagBag from /home/airflow/.local/lib/python3.12/site-packages/airflow/example_dags/example_bash_decorator.py
[2024-06-15T02:21:54.357+0000] {processor.py:840} INFO - DAG(s) 'example_bash_decorator' retrieved from /home/airflow/.local/lib/python3.12/site-packages/airflow/example_dags/example_bash_decorator.py
[2024-06-15T02:21:54.377+0000] {logging_mixin.py:188} INFO - [2024-06-15T02:21:54.377+0000] {dag.py:3096} INFO - Sync 1 DAGs
[2024-06-15T02:21:54.387+0000] {logging_mixin.py:188} INFO - [2024-06-15T02:21:54.387+0000] {dag.py:3954} INFO - Setting next_dagrun for example_bash_decorator to None, run_after=None
[2024-06-15T02:21:54.438+0000] {processor.py:183} INFO - Processing /home/airflow/.local/lib/python3.12/site-packages/airflow/example_dags/example_bash_decorator.py took 0.097 seconds
[2024-06-15T02:22:24.980+0000] {processor.py:161} INFO - Started process (PID=2140) to work on /home/airflow/.local/lib/python3.12/site-packages/airflow/example_dags/example_bash_decorator.py
[2024-06-15T02:22:24.980+0000] {processor.py:830} INFO - Processing file /home/airflow/.local/lib/python3.12/site-packages/airflow/example_dags/example_bash_decorator.py for tasks to queue
[2024-06-15T02:22:24.982+0000] {logging_mixin.py:188} INFO - [2024-06-15T02:22:24.981+0000] {dagbag.py:545} INFO - Filling up the DagBag from /home/airflow/.local/lib/python3.12/site-packages/airflow/example_dags/example_bash_decorator.py
[2024-06-15T02:22:24.992+0000] {processor.py:840} INFO - DAG(s) 'example_bash_decorator' retrieved from /home/airflow/.local/lib/python3.12/site-packages/airflow/example_dags/example_bash_decorator.py
[2024-06-15T02:22:25.010+0000] {logging_mixin.py:188} INFO - [2024-06-15T02:22:25.010+0000] {dag.py:3096} INFO - Sync 1 DAGs
[2024-06-15T02:22:25.020+0000] {logging_mixin.py:188} INFO - [2024-06-15T02:22:25.020+0000] {dag.py:3954} INFO - Setting next_dagrun for example_bash_decorator to None, run_after=None
[2024-06-15T02:22:25.033+0000] {processor.py:183} INFO - Processing /home/airflow/.local/lib/python3.12/site-packages/airflow/example_dags/example_bash_decorator.py took 0.057 seconds
[2024-06-15T02:22:55.219+0000] {processor.py:161} INFO - Started process (PID=2198) to work on /home/airflow/.local/lib/python3.12/site-packages/airflow/example_dags/example_bash_decorator.py
[2024-06-15T02:22:55.219+0000] {processor.py:830} INFO - Processing file /home/airflow/.local/lib/python3.12/site-packages/airflow/example_dags/example_bash_decorator.py for tasks to queue
[2024-06-15T02:22:55.221+0000] {logging_mixin.py:188} INFO - [2024-06-15T02:22:55.220+0000] {dagbag.py:545} INFO - Filling up the DagBag from /home/airflow/.local/lib/python3.12/site-packages/airflow/example_dags/example_bash_decorator.py
[2024-06-15T02:22:55.232+0000] {processor.py:840} INFO - DAG(s) 'example_bash_decorator' retrieved from /home/airflow/.local/lib/python3.12/site-packages/airflow/example_dags/example_bash_decorator.py
[2024-06-15T02:22:55.252+0000] {logging_mixin.py:188} INFO - [2024-06-15T02:22:55.251+0000] {dag.py:3096} INFO - Sync 1 DAGs
[2024-06-15T02:22:55.262+0000] {logging_mixin.py:188} INFO - [2024-06-15T02:22:55.262+0000] {dag.py:3954} INFO - Setting next_dagrun for example_bash_decorator to None, run_after=None
[2024-06-15T02:22:55.276+0000] {processor.py:183} INFO - Processing /home/airflow/.local/lib/python3.12/site-packages/airflow/example_dags/example_bash_decorator.py took 0.062 seconds
[2024-06-15T02:23:25.390+0000] {processor.py:161} INFO - Started process (PID=2256) to work on /home/airflow/.local/lib/python3.12/site-packages/airflow/example_dags/example_bash_decorator.py
[2024-06-15T02:23:25.391+0000] {processor.py:830} INFO - Processing file /home/airflow/.local/lib/python3.12/site-packages/airflow/example_dags/example_bash_decorator.py for tasks to queue
[2024-06-15T02:23:25.394+0000] {logging_mixin.py:188} INFO - [2024-06-15T02:23:25.393+0000] {dagbag.py:545} INFO - Filling up the DagBag from /home/airflow/.local/lib/python3.12/site-packages/airflow/example_dags/example_bash_decorator.py
[2024-06-15T02:23:25.407+0000] {processor.py:840} INFO - DAG(s) 'example_bash_decorator' retrieved from /home/airflow/.local/lib/python3.12/site-packages/airflow/example_dags/example_bash_decorator.py
[2024-06-15T02:23:25.440+0000] {logging_mixin.py:188} INFO - [2024-06-15T02:23:25.440+0000] {dag.py:3096} INFO - Sync 1 DAGs
[2024-06-15T02:23:25.454+0000] {logging_mixin.py:188} INFO - [2024-06-15T02:23:25.454+0000] {dag.py:3954} INFO - Setting next_dagrun for example_bash_decorator to None, run_after=None
[2024-06-15T02:23:25.471+0000] {processor.py:183} INFO - Processing /home/airflow/.local/lib/python3.12/site-packages/airflow/example_dags/example_bash_decorator.py took 0.087 seconds
[2024-06-15T02:23:55.649+0000] {processor.py:161} INFO - Started process (PID=2314) to work on /home/airflow/.local/lib/python3.12/site-packages/airflow/example_dags/example_bash_decorator.py
[2024-06-15T02:23:55.650+0000] {processor.py:830} INFO - Processing file /home/airflow/.local/lib/python3.12/site-packages/airflow/example_dags/example_bash_decorator.py for tasks to queue
[2024-06-15T02:23:55.652+0000] {logging_mixin.py:188} INFO - [2024-06-15T02:23:55.651+0000] {dagbag.py:545} INFO - Filling up the DagBag from /home/airflow/.local/lib/python3.12/site-packages/airflow/example_dags/example_bash_decorator.py
[2024-06-15T02:23:55.662+0000] {processor.py:840} INFO - DAG(s) 'example_bash_decorator' retrieved from /home/airflow/.local/lib/python3.12/site-packages/airflow/example_dags/example_bash_decorator.py
[2024-06-15T02:23:55.681+0000] {logging_mixin.py:188} INFO - [2024-06-15T02:23:55.681+0000] {dag.py:3096} INFO - Sync 1 DAGs
[2024-06-15T02:23:55.692+0000] {logging_mixin.py:188} INFO - [2024-06-15T02:23:55.692+0000] {dag.py:3954} INFO - Setting next_dagrun for example_bash_decorator to None, run_after=None
[2024-06-15T02:23:55.706+0000] {processor.py:183} INFO - Processing /home/airflow/.local/lib/python3.12/site-packages/airflow/example_dags/example_bash_decorator.py took 0.061 seconds
