[2024-06-15T02:04:08.901+0000] {processor.py:161} INFO - Started process (PID=65) to work on /home/airflow/.local/lib/python3.12/site-packages/airflow/example_dags/example_branch_python_dop_operator_3.py
[2024-06-15T02:04:08.903+0000] {processor.py:830} INFO - Processing file /home/airflow/.local/lib/python3.12/site-packages/airflow/example_dags/example_branch_python_dop_operator_3.py for tasks to queue
[2024-06-15T02:04:08.905+0000] {logging_mixin.py:188} INFO - [2024-06-15T02:04:08.905+0000] {dagbag.py:545} INFO - Filling up the DagBag from /home/airflow/.local/lib/python3.12/site-packages/airflow/example_dags/example_branch_python_dop_operator_3.py
[2024-06-15T02:04:08.922+0000] {processor.py:840} INFO - DAG(s) 'example_branch_dop_operator_v3' retrieved from /home/airflow/.local/lib/python3.12/site-packages/airflow/example_dags/example_branch_python_dop_operator_3.py
[2024-06-15T02:04:08.937+0000] {logging_mixin.py:188} INFO - [2024-06-15T02:04:08.936+0000] {dag.py:3096} INFO - Sync 1 DAGs
[2024-06-15T02:04:08.976+0000] {logging_mixin.py:188} INFO - [2024-06-15T02:04:08.976+0000] {dag.py:3954} INFO - Setting next_dagrun for example_branch_dop_operator_v3 to 2024-06-15 02:03:00+00:00, run_after=2024-06-15 02:04:00+00:00
[2024-06-15T02:04:09.003+0000] {processor.py:183} INFO - Processing /home/airflow/.local/lib/python3.12/site-packages/airflow/example_dags/example_branch_python_dop_operator_3.py took 0.109 seconds
[2024-06-15T02:04:39.939+0000] {processor.py:161} INFO - Started process (PID=123) to work on /home/airflow/.local/lib/python3.12/site-packages/airflow/example_dags/example_branch_python_dop_operator_3.py
[2024-06-15T02:04:39.940+0000] {processor.py:830} INFO - Processing file /home/airflow/.local/lib/python3.12/site-packages/airflow/example_dags/example_branch_python_dop_operator_3.py for tasks to queue
[2024-06-15T02:04:39.941+0000] {logging_mixin.py:188} INFO - [2024-06-15T02:04:39.941+0000] {dagbag.py:545} INFO - Filling up the DagBag from /home/airflow/.local/lib/python3.12/site-packages/airflow/example_dags/example_branch_python_dop_operator_3.py
[2024-06-15T02:04:39.948+0000] {processor.py:840} INFO - DAG(s) 'example_branch_dop_operator_v3' retrieved from /home/airflow/.local/lib/python3.12/site-packages/airflow/example_dags/example_branch_python_dop_operator_3.py
[2024-06-15T02:04:40.037+0000] {logging_mixin.py:188} INFO - [2024-06-15T02:04:40.037+0000] {dag.py:3096} INFO - Sync 1 DAGs
[2024-06-15T02:04:40.057+0000] {logging_mixin.py:188} INFO - [2024-06-15T02:04:40.056+0000] {dag.py:3954} INFO - Setting next_dagrun for example_branch_dop_operator_v3 to 2024-06-15 02:03:00+00:00, run_after=2024-06-15 02:04:00+00:00
[2024-06-15T02:04:40.074+0000] {processor.py:183} INFO - Processing /home/airflow/.local/lib/python3.12/site-packages/airflow/example_dags/example_branch_python_dop_operator_3.py took 0.139 seconds
[2024-06-15T02:05:10.159+0000] {processor.py:161} INFO - Started process (PID=181) to work on /home/airflow/.local/lib/python3.12/site-packages/airflow/example_dags/example_branch_python_dop_operator_3.py
[2024-06-15T02:05:10.159+0000] {processor.py:830} INFO - Processing file /home/airflow/.local/lib/python3.12/site-packages/airflow/example_dags/example_branch_python_dop_operator_3.py for tasks to queue
[2024-06-15T02:05:10.160+0000] {logging_mixin.py:188} INFO - [2024-06-15T02:05:10.160+0000] {dagbag.py:545} INFO - Filling up the DagBag from /home/airflow/.local/lib/python3.12/site-packages/airflow/example_dags/example_branch_python_dop_operator_3.py
[2024-06-15T02:05:10.167+0000] {processor.py:840} INFO - DAG(s) 'example_branch_dop_operator_v3' retrieved from /home/airflow/.local/lib/python3.12/site-packages/airflow/example_dags/example_branch_python_dop_operator_3.py
[2024-06-15T02:05:10.183+0000] {logging_mixin.py:188} INFO - [2024-06-15T02:05:10.183+0000] {dag.py:3096} INFO - Sync 1 DAGs
[2024-06-15T02:05:10.204+0000] {logging_mixin.py:188} INFO - [2024-06-15T02:05:10.204+0000] {dag.py:3954} INFO - Setting next_dagrun for example_branch_dop_operator_v3 to 2024-06-15 02:04:00+00:00, run_after=2024-06-15 02:05:00+00:00
[2024-06-15T02:05:10.220+0000] {processor.py:183} INFO - Processing /home/airflow/.local/lib/python3.12/site-packages/airflow/example_dags/example_branch_python_dop_operator_3.py took 0.066 seconds
[2024-06-15T02:05:40.526+0000] {processor.py:161} INFO - Started process (PID=239) to work on /home/airflow/.local/lib/python3.12/site-packages/airflow/example_dags/example_branch_python_dop_operator_3.py
[2024-06-15T02:05:40.527+0000] {processor.py:830} INFO - Processing file /home/airflow/.local/lib/python3.12/site-packages/airflow/example_dags/example_branch_python_dop_operator_3.py for tasks to queue
[2024-06-15T02:05:40.528+0000] {logging_mixin.py:188} INFO - [2024-06-15T02:05:40.528+0000] {dagbag.py:545} INFO - Filling up the DagBag from /home/airflow/.local/lib/python3.12/site-packages/airflow/example_dags/example_branch_python_dop_operator_3.py
[2024-06-15T02:05:40.536+0000] {processor.py:840} INFO - DAG(s) 'example_branch_dop_operator_v3' retrieved from /home/airflow/.local/lib/python3.12/site-packages/airflow/example_dags/example_branch_python_dop_operator_3.py
[2024-06-15T02:05:40.552+0000] {logging_mixin.py:188} INFO - [2024-06-15T02:05:40.551+0000] {dag.py:3096} INFO - Sync 1 DAGs
[2024-06-15T02:05:40.574+0000] {logging_mixin.py:188} INFO - [2024-06-15T02:05:40.573+0000] {dag.py:3954} INFO - Setting next_dagrun for example_branch_dop_operator_v3 to 2024-06-15 02:04:00+00:00, run_after=2024-06-15 02:05:00+00:00
[2024-06-15T02:05:40.589+0000] {processor.py:183} INFO - Processing /home/airflow/.local/lib/python3.12/site-packages/airflow/example_dags/example_branch_python_dop_operator_3.py took 0.066 seconds
[2024-06-15T02:06:10.766+0000] {processor.py:161} INFO - Started process (PID=297) to work on /home/airflow/.local/lib/python3.12/site-packages/airflow/example_dags/example_branch_python_dop_operator_3.py
[2024-06-15T02:06:10.766+0000] {processor.py:830} INFO - Processing file /home/airflow/.local/lib/python3.12/site-packages/airflow/example_dags/example_branch_python_dop_operator_3.py for tasks to queue
[2024-06-15T02:06:10.768+0000] {logging_mixin.py:188} INFO - [2024-06-15T02:06:10.767+0000] {dagbag.py:545} INFO - Filling up the DagBag from /home/airflow/.local/lib/python3.12/site-packages/airflow/example_dags/example_branch_python_dop_operator_3.py
[2024-06-15T02:06:10.774+0000] {processor.py:840} INFO - DAG(s) 'example_branch_dop_operator_v3' retrieved from /home/airflow/.local/lib/python3.12/site-packages/airflow/example_dags/example_branch_python_dop_operator_3.py
[2024-06-15T02:06:10.790+0000] {logging_mixin.py:188} INFO - [2024-06-15T02:06:10.790+0000] {dag.py:3096} INFO - Sync 1 DAGs
[2024-06-15T02:06:10.811+0000] {logging_mixin.py:188} INFO - [2024-06-15T02:06:10.811+0000] {dag.py:3954} INFO - Setting next_dagrun for example_branch_dop_operator_v3 to 2024-06-15 02:05:00+00:00, run_after=2024-06-15 02:06:00+00:00
[2024-06-15T02:06:10.826+0000] {processor.py:183} INFO - Processing /home/airflow/.local/lib/python3.12/site-packages/airflow/example_dags/example_branch_python_dop_operator_3.py took 0.064 seconds
[2024-06-15T02:06:41.698+0000] {processor.py:161} INFO - Started process (PID=355) to work on /home/airflow/.local/lib/python3.12/site-packages/airflow/example_dags/example_branch_python_dop_operator_3.py
[2024-06-15T02:06:41.699+0000] {processor.py:830} INFO - Processing file /home/airflow/.local/lib/python3.12/site-packages/airflow/example_dags/example_branch_python_dop_operator_3.py for tasks to queue
[2024-06-15T02:06:41.701+0000] {logging_mixin.py:188} INFO - [2024-06-15T02:06:41.700+0000] {dagbag.py:545} INFO - Filling up the DagBag from /home/airflow/.local/lib/python3.12/site-packages/airflow/example_dags/example_branch_python_dop_operator_3.py
[2024-06-15T02:06:41.707+0000] {processor.py:840} INFO - DAG(s) 'example_branch_dop_operator_v3' retrieved from /home/airflow/.local/lib/python3.12/site-packages/airflow/example_dags/example_branch_python_dop_operator_3.py
[2024-06-15T02:06:41.723+0000] {logging_mixin.py:188} INFO - [2024-06-15T02:06:41.723+0000] {dag.py:3096} INFO - Sync 1 DAGs
[2024-06-15T02:06:41.744+0000] {logging_mixin.py:188} INFO - [2024-06-15T02:06:41.744+0000] {dag.py:3954} INFO - Setting next_dagrun for example_branch_dop_operator_v3 to 2024-06-15 02:05:00+00:00, run_after=2024-06-15 02:06:00+00:00
[2024-06-15T02:06:41.759+0000] {processor.py:183} INFO - Processing /home/airflow/.local/lib/python3.12/site-packages/airflow/example_dags/example_branch_python_dop_operator_3.py took 0.065 seconds
[2024-06-15T02:07:12.742+0000] {processor.py:161} INFO - Started process (PID=413) to work on /home/airflow/.local/lib/python3.12/site-packages/airflow/example_dags/example_branch_python_dop_operator_3.py
[2024-06-15T02:07:12.743+0000] {processor.py:830} INFO - Processing file /home/airflow/.local/lib/python3.12/site-packages/airflow/example_dags/example_branch_python_dop_operator_3.py for tasks to queue
[2024-06-15T02:07:12.744+0000] {logging_mixin.py:188} INFO - [2024-06-15T02:07:12.744+0000] {dagbag.py:545} INFO - Filling up the DagBag from /home/airflow/.local/lib/python3.12/site-packages/airflow/example_dags/example_branch_python_dop_operator_3.py
[2024-06-15T02:07:12.751+0000] {processor.py:840} INFO - DAG(s) 'example_branch_dop_operator_v3' retrieved from /home/airflow/.local/lib/python3.12/site-packages/airflow/example_dags/example_branch_python_dop_operator_3.py
[2024-06-15T02:07:12.765+0000] {logging_mixin.py:188} INFO - [2024-06-15T02:07:12.765+0000] {dag.py:3096} INFO - Sync 1 DAGs
[2024-06-15T02:07:12.787+0000] {logging_mixin.py:188} INFO - [2024-06-15T02:07:12.786+0000] {dag.py:3954} INFO - Setting next_dagrun for example_branch_dop_operator_v3 to 2024-06-15 02:06:00+00:00, run_after=2024-06-15 02:07:00+00:00
[2024-06-15T02:07:12.801+0000] {processor.py:183} INFO - Processing /home/airflow/.local/lib/python3.12/site-packages/airflow/example_dags/example_branch_python_dop_operator_3.py took 0.062 seconds
[2024-06-15T02:07:43.691+0000] {processor.py:161} INFO - Started process (PID=471) to work on /home/airflow/.local/lib/python3.12/site-packages/airflow/example_dags/example_branch_python_dop_operator_3.py
[2024-06-15T02:07:43.692+0000] {processor.py:830} INFO - Processing file /home/airflow/.local/lib/python3.12/site-packages/airflow/example_dags/example_branch_python_dop_operator_3.py for tasks to queue
[2024-06-15T02:07:43.693+0000] {logging_mixin.py:188} INFO - [2024-06-15T02:07:43.693+0000] {dagbag.py:545} INFO - Filling up the DagBag from /home/airflow/.local/lib/python3.12/site-packages/airflow/example_dags/example_branch_python_dop_operator_3.py
[2024-06-15T02:07:43.699+0000] {processor.py:840} INFO - DAG(s) 'example_branch_dop_operator_v3' retrieved from /home/airflow/.local/lib/python3.12/site-packages/airflow/example_dags/example_branch_python_dop_operator_3.py
[2024-06-15T02:07:43.715+0000] {logging_mixin.py:188} INFO - [2024-06-15T02:07:43.714+0000] {dag.py:3096} INFO - Sync 1 DAGs
[2024-06-15T02:07:43.735+0000] {logging_mixin.py:188} INFO - [2024-06-15T02:07:43.735+0000] {dag.py:3954} INFO - Setting next_dagrun for example_branch_dop_operator_v3 to 2024-06-15 02:06:00+00:00, run_after=2024-06-15 02:07:00+00:00
[2024-06-15T02:07:43.749+0000] {processor.py:183} INFO - Processing /home/airflow/.local/lib/python3.12/site-packages/airflow/example_dags/example_branch_python_dop_operator_3.py took 0.064 seconds
[2024-06-15T02:08:14.009+0000] {processor.py:161} INFO - Started process (PID=529) to work on /home/airflow/.local/lib/python3.12/site-packages/airflow/example_dags/example_branch_python_dop_operator_3.py
[2024-06-15T02:08:14.010+0000] {processor.py:830} INFO - Processing file /home/airflow/.local/lib/python3.12/site-packages/airflow/example_dags/example_branch_python_dop_operator_3.py for tasks to queue
[2024-06-15T02:08:14.011+0000] {logging_mixin.py:188} INFO - [2024-06-15T02:08:14.011+0000] {dagbag.py:545} INFO - Filling up the DagBag from /home/airflow/.local/lib/python3.12/site-packages/airflow/example_dags/example_branch_python_dop_operator_3.py
[2024-06-15T02:08:14.018+0000] {processor.py:840} INFO - DAG(s) 'example_branch_dop_operator_v3' retrieved from /home/airflow/.local/lib/python3.12/site-packages/airflow/example_dags/example_branch_python_dop_operator_3.py
[2024-06-15T02:08:14.033+0000] {logging_mixin.py:188} INFO - [2024-06-15T02:08:14.033+0000] {dag.py:3096} INFO - Sync 1 DAGs
[2024-06-15T02:08:14.055+0000] {logging_mixin.py:188} INFO - [2024-06-15T02:08:14.055+0000] {dag.py:3954} INFO - Setting next_dagrun for example_branch_dop_operator_v3 to 2024-06-15 02:07:00+00:00, run_after=2024-06-15 02:08:00+00:00
[2024-06-15T02:08:14.070+0000] {processor.py:183} INFO - Processing /home/airflow/.local/lib/python3.12/site-packages/airflow/example_dags/example_branch_python_dop_operator_3.py took 0.064 seconds
[2024-06-15T02:08:44.445+0000] {processor.py:161} INFO - Started process (PID=587) to work on /home/airflow/.local/lib/python3.12/site-packages/airflow/example_dags/example_branch_python_dop_operator_3.py
[2024-06-15T02:08:44.446+0000] {processor.py:830} INFO - Processing file /home/airflow/.local/lib/python3.12/site-packages/airflow/example_dags/example_branch_python_dop_operator_3.py for tasks to queue
[2024-06-15T02:08:44.447+0000] {logging_mixin.py:188} INFO - [2024-06-15T02:08:44.447+0000] {dagbag.py:545} INFO - Filling up the DagBag from /home/airflow/.local/lib/python3.12/site-packages/airflow/example_dags/example_branch_python_dop_operator_3.py
[2024-06-15T02:08:44.454+0000] {processor.py:840} INFO - DAG(s) 'example_branch_dop_operator_v3' retrieved from /home/airflow/.local/lib/python3.12/site-packages/airflow/example_dags/example_branch_python_dop_operator_3.py
[2024-06-15T02:08:44.470+0000] {logging_mixin.py:188} INFO - [2024-06-15T02:08:44.469+0000] {dag.py:3096} INFO - Sync 1 DAGs
[2024-06-15T02:08:44.490+0000] {logging_mixin.py:188} INFO - [2024-06-15T02:08:44.490+0000] {dag.py:3954} INFO - Setting next_dagrun for example_branch_dop_operator_v3 to 2024-06-15 02:07:00+00:00, run_after=2024-06-15 02:08:00+00:00
[2024-06-15T02:08:44.505+0000] {processor.py:183} INFO - Processing /home/airflow/.local/lib/python3.12/site-packages/airflow/example_dags/example_branch_python_dop_operator_3.py took 0.063 seconds
[2024-06-15T02:09:15.021+0000] {processor.py:161} INFO - Started process (PID=645) to work on /home/airflow/.local/lib/python3.12/site-packages/airflow/example_dags/example_branch_python_dop_operator_3.py
[2024-06-15T02:09:15.022+0000] {processor.py:830} INFO - Processing file /home/airflow/.local/lib/python3.12/site-packages/airflow/example_dags/example_branch_python_dop_operator_3.py for tasks to queue
[2024-06-15T02:09:15.024+0000] {logging_mixin.py:188} INFO - [2024-06-15T02:09:15.023+0000] {dagbag.py:545} INFO - Filling up the DagBag from /home/airflow/.local/lib/python3.12/site-packages/airflow/example_dags/example_branch_python_dop_operator_3.py
[2024-06-15T02:09:15.031+0000] {processor.py:840} INFO - DAG(s) 'example_branch_dop_operator_v3' retrieved from /home/airflow/.local/lib/python3.12/site-packages/airflow/example_dags/example_branch_python_dop_operator_3.py
[2024-06-15T02:09:15.048+0000] {logging_mixin.py:188} INFO - [2024-06-15T02:09:15.048+0000] {dag.py:3096} INFO - Sync 1 DAGs
[2024-06-15T02:09:15.074+0000] {logging_mixin.py:188} INFO - [2024-06-15T02:09:15.074+0000] {dag.py:3954} INFO - Setting next_dagrun for example_branch_dop_operator_v3 to 2024-06-15 02:08:00+00:00, run_after=2024-06-15 02:09:00+00:00
[2024-06-15T02:09:15.092+0000] {processor.py:183} INFO - Processing /home/airflow/.local/lib/python3.12/site-packages/airflow/example_dags/example_branch_python_dop_operator_3.py took 0.075 seconds
[2024-06-15T02:09:45.169+0000] {processor.py:161} INFO - Started process (PID=703) to work on /home/airflow/.local/lib/python3.12/site-packages/airflow/example_dags/example_branch_python_dop_operator_3.py
[2024-06-15T02:09:45.170+0000] {processor.py:830} INFO - Processing file /home/airflow/.local/lib/python3.12/site-packages/airflow/example_dags/example_branch_python_dop_operator_3.py for tasks to queue
[2024-06-15T02:09:45.172+0000] {logging_mixin.py:188} INFO - [2024-06-15T02:09:45.171+0000] {dagbag.py:545} INFO - Filling up the DagBag from /home/airflow/.local/lib/python3.12/site-packages/airflow/example_dags/example_branch_python_dop_operator_3.py
[2024-06-15T02:09:45.178+0000] {processor.py:840} INFO - DAG(s) 'example_branch_dop_operator_v3' retrieved from /home/airflow/.local/lib/python3.12/site-packages/airflow/example_dags/example_branch_python_dop_operator_3.py
[2024-06-15T02:09:45.195+0000] {logging_mixin.py:188} INFO - [2024-06-15T02:09:45.194+0000] {dag.py:3096} INFO - Sync 1 DAGs
[2024-06-15T02:09:45.217+0000] {logging_mixin.py:188} INFO - [2024-06-15T02:09:45.217+0000] {dag.py:3954} INFO - Setting next_dagrun for example_branch_dop_operator_v3 to 2024-06-15 02:08:00+00:00, run_after=2024-06-15 02:09:00+00:00
[2024-06-15T02:09:45.238+0000] {processor.py:183} INFO - Processing /home/airflow/.local/lib/python3.12/site-packages/airflow/example_dags/example_branch_python_dop_operator_3.py took 0.075 seconds
[2024-06-15T02:10:16.209+0000] {processor.py:161} INFO - Started process (PID=761) to work on /home/airflow/.local/lib/python3.12/site-packages/airflow/example_dags/example_branch_python_dop_operator_3.py
[2024-06-15T02:10:16.209+0000] {processor.py:830} INFO - Processing file /home/airflow/.local/lib/python3.12/site-packages/airflow/example_dags/example_branch_python_dop_operator_3.py for tasks to queue
[2024-06-15T02:10:16.211+0000] {logging_mixin.py:188} INFO - [2024-06-15T02:10:16.211+0000] {dagbag.py:545} INFO - Filling up the DagBag from /home/airflow/.local/lib/python3.12/site-packages/airflow/example_dags/example_branch_python_dop_operator_3.py
[2024-06-15T02:10:16.218+0000] {processor.py:840} INFO - DAG(s) 'example_branch_dop_operator_v3' retrieved from /home/airflow/.local/lib/python3.12/site-packages/airflow/example_dags/example_branch_python_dop_operator_3.py
[2024-06-15T02:10:16.236+0000] {logging_mixin.py:188} INFO - [2024-06-15T02:10:16.236+0000] {dag.py:3096} INFO - Sync 1 DAGs
[2024-06-15T02:10:16.261+0000] {logging_mixin.py:188} INFO - [2024-06-15T02:10:16.261+0000] {dag.py:3954} INFO - Setting next_dagrun for example_branch_dop_operator_v3 to 2024-06-15 02:09:00+00:00, run_after=2024-06-15 02:10:00+00:00
[2024-06-15T02:10:16.279+0000] {processor.py:183} INFO - Processing /home/airflow/.local/lib/python3.12/site-packages/airflow/example_dags/example_branch_python_dop_operator_3.py took 0.074 seconds
[2024-06-15T02:10:46.713+0000] {processor.py:161} INFO - Started process (PID=819) to work on /home/airflow/.local/lib/python3.12/site-packages/airflow/example_dags/example_branch_python_dop_operator_3.py
[2024-06-15T02:10:46.714+0000] {processor.py:830} INFO - Processing file /home/airflow/.local/lib/python3.12/site-packages/airflow/example_dags/example_branch_python_dop_operator_3.py for tasks to queue
[2024-06-15T02:10:46.716+0000] {logging_mixin.py:188} INFO - [2024-06-15T02:10:46.715+0000] {dagbag.py:545} INFO - Filling up the DagBag from /home/airflow/.local/lib/python3.12/site-packages/airflow/example_dags/example_branch_python_dop_operator_3.py
[2024-06-15T02:10:46.723+0000] {processor.py:840} INFO - DAG(s) 'example_branch_dop_operator_v3' retrieved from /home/airflow/.local/lib/python3.12/site-packages/airflow/example_dags/example_branch_python_dop_operator_3.py
[2024-06-15T02:10:46.743+0000] {logging_mixin.py:188} INFO - [2024-06-15T02:10:46.743+0000] {dag.py:3096} INFO - Sync 1 DAGs
[2024-06-15T02:10:46.777+0000] {logging_mixin.py:188} INFO - [2024-06-15T02:10:46.777+0000] {dag.py:3954} INFO - Setting next_dagrun for example_branch_dop_operator_v3 to 2024-06-15 02:09:00+00:00, run_after=2024-06-15 02:10:00+00:00
[2024-06-15T02:10:46.800+0000] {processor.py:183} INFO - Processing /home/airflow/.local/lib/python3.12/site-packages/airflow/example_dags/example_branch_python_dop_operator_3.py took 0.092 seconds
[2024-06-15T02:11:17.281+0000] {processor.py:161} INFO - Started process (PID=877) to work on /home/airflow/.local/lib/python3.12/site-packages/airflow/example_dags/example_branch_python_dop_operator_3.py
[2024-06-15T02:11:17.282+0000] {processor.py:830} INFO - Processing file /home/airflow/.local/lib/python3.12/site-packages/airflow/example_dags/example_branch_python_dop_operator_3.py for tasks to queue
[2024-06-15T02:11:17.284+0000] {logging_mixin.py:188} INFO - [2024-06-15T02:11:17.284+0000] {dagbag.py:545} INFO - Filling up the DagBag from /home/airflow/.local/lib/python3.12/site-packages/airflow/example_dags/example_branch_python_dop_operator_3.py
[2024-06-15T02:11:17.292+0000] {processor.py:840} INFO - DAG(s) 'example_branch_dop_operator_v3' retrieved from /home/airflow/.local/lib/python3.12/site-packages/airflow/example_dags/example_branch_python_dop_operator_3.py
[2024-06-15T02:11:17.308+0000] {logging_mixin.py:188} INFO - [2024-06-15T02:11:17.308+0000] {dag.py:3096} INFO - Sync 1 DAGs
[2024-06-15T02:11:17.330+0000] {logging_mixin.py:188} INFO - [2024-06-15T02:11:17.329+0000] {dag.py:3954} INFO - Setting next_dagrun for example_branch_dop_operator_v3 to 2024-06-15 02:10:00+00:00, run_after=2024-06-15 02:11:00+00:00
[2024-06-15T02:11:17.345+0000] {processor.py:183} INFO - Processing /home/airflow/.local/lib/python3.12/site-packages/airflow/example_dags/example_branch_python_dop_operator_3.py took 0.069 seconds
[2024-06-15T02:11:47.787+0000] {processor.py:161} INFO - Started process (PID=935) to work on /home/airflow/.local/lib/python3.12/site-packages/airflow/example_dags/example_branch_python_dop_operator_3.py
[2024-06-15T02:11:47.788+0000] {processor.py:830} INFO - Processing file /home/airflow/.local/lib/python3.12/site-packages/airflow/example_dags/example_branch_python_dop_operator_3.py for tasks to queue
[2024-06-15T02:11:47.790+0000] {logging_mixin.py:188} INFO - [2024-06-15T02:11:47.789+0000] {dagbag.py:545} INFO - Filling up the DagBag from /home/airflow/.local/lib/python3.12/site-packages/airflow/example_dags/example_branch_python_dop_operator_3.py
[2024-06-15T02:11:47.797+0000] {processor.py:840} INFO - DAG(s) 'example_branch_dop_operator_v3' retrieved from /home/airflow/.local/lib/python3.12/site-packages/airflow/example_dags/example_branch_python_dop_operator_3.py
[2024-06-15T02:11:47.811+0000] {logging_mixin.py:188} INFO - [2024-06-15T02:11:47.811+0000] {dag.py:3096} INFO - Sync 1 DAGs
[2024-06-15T02:11:47.832+0000] {logging_mixin.py:188} INFO - [2024-06-15T02:11:47.832+0000] {dag.py:3954} INFO - Setting next_dagrun for example_branch_dop_operator_v3 to 2024-06-15 02:10:00+00:00, run_after=2024-06-15 02:11:00+00:00
[2024-06-15T02:11:47.848+0000] {processor.py:183} INFO - Processing /home/airflow/.local/lib/python3.12/site-packages/airflow/example_dags/example_branch_python_dop_operator_3.py took 0.064 seconds
[2024-06-15T02:12:18.339+0000] {processor.py:161} INFO - Started process (PID=993) to work on /home/airflow/.local/lib/python3.12/site-packages/airflow/example_dags/example_branch_python_dop_operator_3.py
[2024-06-15T02:12:18.340+0000] {processor.py:830} INFO - Processing file /home/airflow/.local/lib/python3.12/site-packages/airflow/example_dags/example_branch_python_dop_operator_3.py for tasks to queue
[2024-06-15T02:12:18.342+0000] {logging_mixin.py:188} INFO - [2024-06-15T02:12:18.341+0000] {dagbag.py:545} INFO - Filling up the DagBag from /home/airflow/.local/lib/python3.12/site-packages/airflow/example_dags/example_branch_python_dop_operator_3.py
[2024-06-15T02:12:18.349+0000] {processor.py:840} INFO - DAG(s) 'example_branch_dop_operator_v3' retrieved from /home/airflow/.local/lib/python3.12/site-packages/airflow/example_dags/example_branch_python_dop_operator_3.py
[2024-06-15T02:12:18.367+0000] {logging_mixin.py:188} INFO - [2024-06-15T02:12:18.367+0000] {dag.py:3096} INFO - Sync 1 DAGs
[2024-06-15T02:12:18.393+0000] {logging_mixin.py:188} INFO - [2024-06-15T02:12:18.393+0000] {dag.py:3954} INFO - Setting next_dagrun for example_branch_dop_operator_v3 to 2024-06-15 02:11:00+00:00, run_after=2024-06-15 02:12:00+00:00
[2024-06-15T02:12:18.411+0000] {processor.py:183} INFO - Processing /home/airflow/.local/lib/python3.12/site-packages/airflow/example_dags/example_branch_python_dop_operator_3.py took 0.077 seconds
[2024-06-15T02:12:48.705+0000] {processor.py:161} INFO - Started process (PID=1051) to work on /home/airflow/.local/lib/python3.12/site-packages/airflow/example_dags/example_branch_python_dop_operator_3.py
[2024-06-15T02:12:48.705+0000] {processor.py:830} INFO - Processing file /home/airflow/.local/lib/python3.12/site-packages/airflow/example_dags/example_branch_python_dop_operator_3.py for tasks to queue
[2024-06-15T02:12:48.707+0000] {logging_mixin.py:188} INFO - [2024-06-15T02:12:48.706+0000] {dagbag.py:545} INFO - Filling up the DagBag from /home/airflow/.local/lib/python3.12/site-packages/airflow/example_dags/example_branch_python_dop_operator_3.py
[2024-06-15T02:12:48.716+0000] {processor.py:840} INFO - DAG(s) 'example_branch_dop_operator_v3' retrieved from /home/airflow/.local/lib/python3.12/site-packages/airflow/example_dags/example_branch_python_dop_operator_3.py
[2024-06-15T02:12:48.731+0000] {logging_mixin.py:188} INFO - [2024-06-15T02:12:48.731+0000] {dag.py:3096} INFO - Sync 1 DAGs
[2024-06-15T02:12:48.752+0000] {logging_mixin.py:188} INFO - [2024-06-15T02:12:48.752+0000] {dag.py:3954} INFO - Setting next_dagrun for example_branch_dop_operator_v3 to 2024-06-15 02:11:00+00:00, run_after=2024-06-15 02:12:00+00:00
[2024-06-15T02:12:48.767+0000] {processor.py:183} INFO - Processing /home/airflow/.local/lib/python3.12/site-packages/airflow/example_dags/example_branch_python_dop_operator_3.py took 0.066 seconds
[2024-06-15T02:13:19.045+0000] {processor.py:161} INFO - Started process (PID=1109) to work on /home/airflow/.local/lib/python3.12/site-packages/airflow/example_dags/example_branch_python_dop_operator_3.py
[2024-06-15T02:13:19.046+0000] {processor.py:830} INFO - Processing file /home/airflow/.local/lib/python3.12/site-packages/airflow/example_dags/example_branch_python_dop_operator_3.py for tasks to queue
[2024-06-15T02:13:19.047+0000] {logging_mixin.py:188} INFO - [2024-06-15T02:13:19.047+0000] {dagbag.py:545} INFO - Filling up the DagBag from /home/airflow/.local/lib/python3.12/site-packages/airflow/example_dags/example_branch_python_dop_operator_3.py
[2024-06-15T02:13:19.054+0000] {processor.py:840} INFO - DAG(s) 'example_branch_dop_operator_v3' retrieved from /home/airflow/.local/lib/python3.12/site-packages/airflow/example_dags/example_branch_python_dop_operator_3.py
[2024-06-15T02:13:19.071+0000] {logging_mixin.py:188} INFO - [2024-06-15T02:13:19.070+0000] {dag.py:3096} INFO - Sync 1 DAGs
[2024-06-15T02:13:19.091+0000] {logging_mixin.py:188} INFO - [2024-06-15T02:13:19.091+0000] {dag.py:3954} INFO - Setting next_dagrun for example_branch_dop_operator_v3 to 2024-06-15 02:12:00+00:00, run_after=2024-06-15 02:13:00+00:00
[2024-06-15T02:13:19.106+0000] {processor.py:183} INFO - Processing /home/airflow/.local/lib/python3.12/site-packages/airflow/example_dags/example_branch_python_dop_operator_3.py took 0.066 seconds
[2024-06-15T02:13:49.295+0000] {processor.py:161} INFO - Started process (PID=1167) to work on /home/airflow/.local/lib/python3.12/site-packages/airflow/example_dags/example_branch_python_dop_operator_3.py
[2024-06-15T02:13:49.296+0000] {processor.py:830} INFO - Processing file /home/airflow/.local/lib/python3.12/site-packages/airflow/example_dags/example_branch_python_dop_operator_3.py for tasks to queue
[2024-06-15T02:13:49.298+0000] {logging_mixin.py:188} INFO - [2024-06-15T02:13:49.297+0000] {dagbag.py:545} INFO - Filling up the DagBag from /home/airflow/.local/lib/python3.12/site-packages/airflow/example_dags/example_branch_python_dop_operator_3.py
[2024-06-15T02:13:49.307+0000] {processor.py:840} INFO - DAG(s) 'example_branch_dop_operator_v3' retrieved from /home/airflow/.local/lib/python3.12/site-packages/airflow/example_dags/example_branch_python_dop_operator_3.py
[2024-06-15T02:13:49.326+0000] {logging_mixin.py:188} INFO - [2024-06-15T02:13:49.326+0000] {dag.py:3096} INFO - Sync 1 DAGs
[2024-06-15T02:13:49.348+0000] {logging_mixin.py:188} INFO - [2024-06-15T02:13:49.348+0000] {dag.py:3954} INFO - Setting next_dagrun for example_branch_dop_operator_v3 to 2024-06-15 02:12:00+00:00, run_after=2024-06-15 02:13:00+00:00
[2024-06-15T02:13:49.362+0000] {processor.py:183} INFO - Processing /home/airflow/.local/lib/python3.12/site-packages/airflow/example_dags/example_branch_python_dop_operator_3.py took 0.073 seconds
[2024-06-15T02:14:19.665+0000] {processor.py:161} INFO - Started process (PID=1225) to work on /home/airflow/.local/lib/python3.12/site-packages/airflow/example_dags/example_branch_python_dop_operator_3.py
[2024-06-15T02:14:19.665+0000] {processor.py:830} INFO - Processing file /home/airflow/.local/lib/python3.12/site-packages/airflow/example_dags/example_branch_python_dop_operator_3.py for tasks to queue
[2024-06-15T02:14:19.667+0000] {logging_mixin.py:188} INFO - [2024-06-15T02:14:19.667+0000] {dagbag.py:545} INFO - Filling up the DagBag from /home/airflow/.local/lib/python3.12/site-packages/airflow/example_dags/example_branch_python_dop_operator_3.py
[2024-06-15T02:14:19.674+0000] {processor.py:840} INFO - DAG(s) 'example_branch_dop_operator_v3' retrieved from /home/airflow/.local/lib/python3.12/site-packages/airflow/example_dags/example_branch_python_dop_operator_3.py
[2024-06-15T02:14:19.690+0000] {logging_mixin.py:188} INFO - [2024-06-15T02:14:19.689+0000] {dag.py:3096} INFO - Sync 1 DAGs
[2024-06-15T02:14:19.710+0000] {logging_mixin.py:188} INFO - [2024-06-15T02:14:19.710+0000] {dag.py:3954} INFO - Setting next_dagrun for example_branch_dop_operator_v3 to 2024-06-15 02:13:00+00:00, run_after=2024-06-15 02:14:00+00:00
[2024-06-15T02:14:19.725+0000] {processor.py:183} INFO - Processing /home/airflow/.local/lib/python3.12/site-packages/airflow/example_dags/example_branch_python_dop_operator_3.py took 0.065 seconds
[2024-06-15T02:14:50.154+0000] {processor.py:161} INFO - Started process (PID=1283) to work on /home/airflow/.local/lib/python3.12/site-packages/airflow/example_dags/example_branch_python_dop_operator_3.py
[2024-06-15T02:14:50.155+0000] {processor.py:830} INFO - Processing file /home/airflow/.local/lib/python3.12/site-packages/airflow/example_dags/example_branch_python_dop_operator_3.py for tasks to queue
[2024-06-15T02:14:50.157+0000] {logging_mixin.py:188} INFO - [2024-06-15T02:14:50.156+0000] {dagbag.py:545} INFO - Filling up the DagBag from /home/airflow/.local/lib/python3.12/site-packages/airflow/example_dags/example_branch_python_dop_operator_3.py
[2024-06-15T02:14:50.163+0000] {processor.py:840} INFO - DAG(s) 'example_branch_dop_operator_v3' retrieved from /home/airflow/.local/lib/python3.12/site-packages/airflow/example_dags/example_branch_python_dop_operator_3.py
[2024-06-15T02:14:50.178+0000] {logging_mixin.py:188} INFO - [2024-06-15T02:14:50.178+0000] {dag.py:3096} INFO - Sync 1 DAGs
[2024-06-15T02:14:50.199+0000] {logging_mixin.py:188} INFO - [2024-06-15T02:14:50.199+0000] {dag.py:3954} INFO - Setting next_dagrun for example_branch_dop_operator_v3 to 2024-06-15 02:13:00+00:00, run_after=2024-06-15 02:14:00+00:00
[2024-06-15T02:14:50.213+0000] {processor.py:183} INFO - Processing /home/airflow/.local/lib/python3.12/site-packages/airflow/example_dags/example_branch_python_dop_operator_3.py took 0.063 seconds
[2024-06-15T02:15:20.442+0000] {processor.py:161} INFO - Started process (PID=1341) to work on /home/airflow/.local/lib/python3.12/site-packages/airflow/example_dags/example_branch_python_dop_operator_3.py
[2024-06-15T02:15:20.442+0000] {processor.py:830} INFO - Processing file /home/airflow/.local/lib/python3.12/site-packages/airflow/example_dags/example_branch_python_dop_operator_3.py for tasks to queue
[2024-06-15T02:15:20.444+0000] {logging_mixin.py:188} INFO - [2024-06-15T02:15:20.443+0000] {dagbag.py:545} INFO - Filling up the DagBag from /home/airflow/.local/lib/python3.12/site-packages/airflow/example_dags/example_branch_python_dop_operator_3.py
[2024-06-15T02:15:20.450+0000] {processor.py:840} INFO - DAG(s) 'example_branch_dop_operator_v3' retrieved from /home/airflow/.local/lib/python3.12/site-packages/airflow/example_dags/example_branch_python_dop_operator_3.py
[2024-06-15T02:15:20.465+0000] {logging_mixin.py:188} INFO - [2024-06-15T02:15:20.465+0000] {dag.py:3096} INFO - Sync 1 DAGs
[2024-06-15T02:15:20.488+0000] {logging_mixin.py:188} INFO - [2024-06-15T02:15:20.488+0000] {dag.py:3954} INFO - Setting next_dagrun for example_branch_dop_operator_v3 to 2024-06-15 02:14:00+00:00, run_after=2024-06-15 02:15:00+00:00
[2024-06-15T02:15:20.504+0000] {processor.py:183} INFO - Processing /home/airflow/.local/lib/python3.12/site-packages/airflow/example_dags/example_branch_python_dop_operator_3.py took 0.066 seconds
[2024-06-15T02:15:50.681+0000] {processor.py:161} INFO - Started process (PID=1399) to work on /home/airflow/.local/lib/python3.12/site-packages/airflow/example_dags/example_branch_python_dop_operator_3.py
[2024-06-15T02:15:50.681+0000] {processor.py:830} INFO - Processing file /home/airflow/.local/lib/python3.12/site-packages/airflow/example_dags/example_branch_python_dop_operator_3.py for tasks to queue
[2024-06-15T02:15:50.683+0000] {logging_mixin.py:188} INFO - [2024-06-15T02:15:50.682+0000] {dagbag.py:545} INFO - Filling up the DagBag from /home/airflow/.local/lib/python3.12/site-packages/airflow/example_dags/example_branch_python_dop_operator_3.py
[2024-06-15T02:15:50.690+0000] {processor.py:840} INFO - DAG(s) 'example_branch_dop_operator_v3' retrieved from /home/airflow/.local/lib/python3.12/site-packages/airflow/example_dags/example_branch_python_dop_operator_3.py
[2024-06-15T02:15:50.705+0000] {logging_mixin.py:188} INFO - [2024-06-15T02:15:50.705+0000] {dag.py:3096} INFO - Sync 1 DAGs
[2024-06-15T02:15:50.728+0000] {logging_mixin.py:188} INFO - [2024-06-15T02:15:50.727+0000] {dag.py:3954} INFO - Setting next_dagrun for example_branch_dop_operator_v3 to 2024-06-15 02:14:00+00:00, run_after=2024-06-15 02:15:00+00:00
[2024-06-15T02:15:50.742+0000] {processor.py:183} INFO - Processing /home/airflow/.local/lib/python3.12/site-packages/airflow/example_dags/example_branch_python_dop_operator_3.py took 0.065 seconds
[2024-06-15T02:16:22.363+0000] {processor.py:161} INFO - Started process (PID=1463) to work on /home/airflow/.local/lib/python3.12/site-packages/airflow/example_dags/example_branch_python_dop_operator_3.py
[2024-06-15T02:16:22.364+0000] {processor.py:830} INFO - Processing file /home/airflow/.local/lib/python3.12/site-packages/airflow/example_dags/example_branch_python_dop_operator_3.py for tasks to queue
[2024-06-15T02:16:22.366+0000] {logging_mixin.py:188} INFO - [2024-06-15T02:16:22.366+0000] {dagbag.py:545} INFO - Filling up the DagBag from /home/airflow/.local/lib/python3.12/site-packages/airflow/example_dags/example_branch_python_dop_operator_3.py
[2024-06-15T02:16:22.375+0000] {processor.py:840} INFO - DAG(s) 'example_branch_dop_operator_v3' retrieved from /home/airflow/.local/lib/python3.12/site-packages/airflow/example_dags/example_branch_python_dop_operator_3.py
[2024-06-15T02:16:22.395+0000] {logging_mixin.py:188} INFO - [2024-06-15T02:16:22.394+0000] {dag.py:3096} INFO - Sync 1 DAGs
[2024-06-15T02:16:22.421+0000] {logging_mixin.py:188} INFO - [2024-06-15T02:16:22.420+0000] {dag.py:3954} INFO - Setting next_dagrun for example_branch_dop_operator_v3 to 2024-06-15 02:15:00+00:00, run_after=2024-06-15 02:16:00+00:00
[2024-06-15T02:16:22.498+0000] {processor.py:183} INFO - Processing /home/airflow/.local/lib/python3.12/site-packages/airflow/example_dags/example_branch_python_dop_operator_3.py took 0.140 seconds
[2024-06-15T02:16:52.679+0000] {processor.py:161} INFO - Started process (PID=1521) to work on /home/airflow/.local/lib/python3.12/site-packages/airflow/example_dags/example_branch_python_dop_operator_3.py
[2024-06-15T02:16:52.680+0000] {processor.py:830} INFO - Processing file /home/airflow/.local/lib/python3.12/site-packages/airflow/example_dags/example_branch_python_dop_operator_3.py for tasks to queue
[2024-06-15T02:16:52.681+0000] {logging_mixin.py:188} INFO - [2024-06-15T02:16:52.681+0000] {dagbag.py:545} INFO - Filling up the DagBag from /home/airflow/.local/lib/python3.12/site-packages/airflow/example_dags/example_branch_python_dop_operator_3.py
[2024-06-15T02:16:52.688+0000] {processor.py:840} INFO - DAG(s) 'example_branch_dop_operator_v3' retrieved from /home/airflow/.local/lib/python3.12/site-packages/airflow/example_dags/example_branch_python_dop_operator_3.py
[2024-06-15T02:16:52.705+0000] {logging_mixin.py:188} INFO - [2024-06-15T02:16:52.705+0000] {dag.py:3096} INFO - Sync 1 DAGs
[2024-06-15T02:16:52.727+0000] {logging_mixin.py:188} INFO - [2024-06-15T02:16:52.727+0000] {dag.py:3954} INFO - Setting next_dagrun for example_branch_dop_operator_v3 to 2024-06-15 02:15:00+00:00, run_after=2024-06-15 02:16:00+00:00
[2024-06-15T02:16:52.754+0000] {processor.py:183} INFO - Processing /home/airflow/.local/lib/python3.12/site-packages/airflow/example_dags/example_branch_python_dop_operator_3.py took 0.080 seconds
[2024-06-15T02:17:23.092+0000] {processor.py:161} INFO - Started process (PID=1579) to work on /home/airflow/.local/lib/python3.12/site-packages/airflow/example_dags/example_branch_python_dop_operator_3.py
[2024-06-15T02:17:23.092+0000] {processor.py:830} INFO - Processing file /home/airflow/.local/lib/python3.12/site-packages/airflow/example_dags/example_branch_python_dop_operator_3.py for tasks to queue
[2024-06-15T02:17:23.093+0000] {logging_mixin.py:188} INFO - [2024-06-15T02:17:23.093+0000] {dagbag.py:545} INFO - Filling up the DagBag from /home/airflow/.local/lib/python3.12/site-packages/airflow/example_dags/example_branch_python_dop_operator_3.py
[2024-06-15T02:17:23.100+0000] {processor.py:840} INFO - DAG(s) 'example_branch_dop_operator_v3' retrieved from /home/airflow/.local/lib/python3.12/site-packages/airflow/example_dags/example_branch_python_dop_operator_3.py
[2024-06-15T02:17:23.116+0000] {logging_mixin.py:188} INFO - [2024-06-15T02:17:23.116+0000] {dag.py:3096} INFO - Sync 1 DAGs
[2024-06-15T02:17:23.137+0000] {logging_mixin.py:188} INFO - [2024-06-15T02:17:23.137+0000] {dag.py:3954} INFO - Setting next_dagrun for example_branch_dop_operator_v3 to 2024-06-15 02:16:00+00:00, run_after=2024-06-15 02:17:00+00:00
[2024-06-15T02:17:23.152+0000] {processor.py:183} INFO - Processing /home/airflow/.local/lib/python3.12/site-packages/airflow/example_dags/example_branch_python_dop_operator_3.py took 0.064 seconds
[2024-06-15T02:17:53.442+0000] {processor.py:161} INFO - Started process (PID=1637) to work on /home/airflow/.local/lib/python3.12/site-packages/airflow/example_dags/example_branch_python_dop_operator_3.py
[2024-06-15T02:17:53.443+0000] {processor.py:830} INFO - Processing file /home/airflow/.local/lib/python3.12/site-packages/airflow/example_dags/example_branch_python_dop_operator_3.py for tasks to queue
[2024-06-15T02:17:53.444+0000] {logging_mixin.py:188} INFO - [2024-06-15T02:17:53.444+0000] {dagbag.py:545} INFO - Filling up the DagBag from /home/airflow/.local/lib/python3.12/site-packages/airflow/example_dags/example_branch_python_dop_operator_3.py
[2024-06-15T02:17:53.451+0000] {processor.py:840} INFO - DAG(s) 'example_branch_dop_operator_v3' retrieved from /home/airflow/.local/lib/python3.12/site-packages/airflow/example_dags/example_branch_python_dop_operator_3.py
[2024-06-15T02:17:53.466+0000] {logging_mixin.py:188} INFO - [2024-06-15T02:17:53.466+0000] {dag.py:3096} INFO - Sync 1 DAGs
[2024-06-15T02:17:53.488+0000] {logging_mixin.py:188} INFO - [2024-06-15T02:17:53.488+0000] {dag.py:3954} INFO - Setting next_dagrun for example_branch_dop_operator_v3 to 2024-06-15 02:16:00+00:00, run_after=2024-06-15 02:17:00+00:00
[2024-06-15T02:17:53.505+0000] {processor.py:183} INFO - Processing /home/airflow/.local/lib/python3.12/site-packages/airflow/example_dags/example_branch_python_dop_operator_3.py took 0.066 seconds
[2024-06-15T02:18:23.874+0000] {processor.py:161} INFO - Started process (PID=1695) to work on /home/airflow/.local/lib/python3.12/site-packages/airflow/example_dags/example_branch_python_dop_operator_3.py
[2024-06-15T02:18:23.875+0000] {processor.py:830} INFO - Processing file /home/airflow/.local/lib/python3.12/site-packages/airflow/example_dags/example_branch_python_dop_operator_3.py for tasks to queue
[2024-06-15T02:18:23.876+0000] {logging_mixin.py:188} INFO - [2024-06-15T02:18:23.876+0000] {dagbag.py:545} INFO - Filling up the DagBag from /home/airflow/.local/lib/python3.12/site-packages/airflow/example_dags/example_branch_python_dop_operator_3.py
[2024-06-15T02:18:23.883+0000] {processor.py:840} INFO - DAG(s) 'example_branch_dop_operator_v3' retrieved from /home/airflow/.local/lib/python3.12/site-packages/airflow/example_dags/example_branch_python_dop_operator_3.py
[2024-06-15T02:18:23.900+0000] {logging_mixin.py:188} INFO - [2024-06-15T02:18:23.900+0000] {dag.py:3096} INFO - Sync 1 DAGs
[2024-06-15T02:18:23.922+0000] {logging_mixin.py:188} INFO - [2024-06-15T02:18:23.922+0000] {dag.py:3954} INFO - Setting next_dagrun for example_branch_dop_operator_v3 to 2024-06-15 02:17:00+00:00, run_after=2024-06-15 02:18:00+00:00
[2024-06-15T02:18:23.939+0000] {processor.py:183} INFO - Processing /home/airflow/.local/lib/python3.12/site-packages/airflow/example_dags/example_branch_python_dop_operator_3.py took 0.069 seconds
[2024-06-15T02:18:54.547+0000] {processor.py:161} INFO - Started process (PID=1753) to work on /home/airflow/.local/lib/python3.12/site-packages/airflow/example_dags/example_branch_python_dop_operator_3.py
[2024-06-15T02:18:54.547+0000] {processor.py:830} INFO - Processing file /home/airflow/.local/lib/python3.12/site-packages/airflow/example_dags/example_branch_python_dop_operator_3.py for tasks to queue
[2024-06-15T02:18:54.549+0000] {logging_mixin.py:188} INFO - [2024-06-15T02:18:54.549+0000] {dagbag.py:545} INFO - Filling up the DagBag from /home/airflow/.local/lib/python3.12/site-packages/airflow/example_dags/example_branch_python_dop_operator_3.py
[2024-06-15T02:18:54.556+0000] {processor.py:840} INFO - DAG(s) 'example_branch_dop_operator_v3' retrieved from /home/airflow/.local/lib/python3.12/site-packages/airflow/example_dags/example_branch_python_dop_operator_3.py
[2024-06-15T02:18:54.575+0000] {logging_mixin.py:188} INFO - [2024-06-15T02:18:54.575+0000] {dag.py:3096} INFO - Sync 1 DAGs
[2024-06-15T02:18:54.598+0000] {logging_mixin.py:188} INFO - [2024-06-15T02:18:54.598+0000] {dag.py:3954} INFO - Setting next_dagrun for example_branch_dop_operator_v3 to 2024-06-15 02:17:00+00:00, run_after=2024-06-15 02:18:00+00:00
[2024-06-15T02:18:54.616+0000] {processor.py:183} INFO - Processing /home/airflow/.local/lib/python3.12/site-packages/airflow/example_dags/example_branch_python_dop_operator_3.py took 0.074 seconds
[2024-06-15T02:19:25.625+0000] {processor.py:161} INFO - Started process (PID=1811) to work on /home/airflow/.local/lib/python3.12/site-packages/airflow/example_dags/example_branch_python_dop_operator_3.py
[2024-06-15T02:19:25.626+0000] {processor.py:830} INFO - Processing file /home/airflow/.local/lib/python3.12/site-packages/airflow/example_dags/example_branch_python_dop_operator_3.py for tasks to queue
[2024-06-15T02:19:25.628+0000] {logging_mixin.py:188} INFO - [2024-06-15T02:19:25.627+0000] {dagbag.py:545} INFO - Filling up the DagBag from /home/airflow/.local/lib/python3.12/site-packages/airflow/example_dags/example_branch_python_dop_operator_3.py
[2024-06-15T02:19:25.634+0000] {processor.py:840} INFO - DAG(s) 'example_branch_dop_operator_v3' retrieved from /home/airflow/.local/lib/python3.12/site-packages/airflow/example_dags/example_branch_python_dop_operator_3.py
[2024-06-15T02:19:25.651+0000] {logging_mixin.py:188} INFO - [2024-06-15T02:19:25.651+0000] {dag.py:3096} INFO - Sync 1 DAGs
[2024-06-15T02:19:25.675+0000] {logging_mixin.py:188} INFO - [2024-06-15T02:19:25.675+0000] {dag.py:3954} INFO - Setting next_dagrun for example_branch_dop_operator_v3 to 2024-06-15 02:18:00+00:00, run_after=2024-06-15 02:19:00+00:00
[2024-06-15T02:19:25.689+0000] {processor.py:183} INFO - Processing /home/airflow/.local/lib/python3.12/site-packages/airflow/example_dags/example_branch_python_dop_operator_3.py took 0.068 seconds
[2024-06-15T02:19:56.552+0000] {processor.py:161} INFO - Started process (PID=1869) to work on /home/airflow/.local/lib/python3.12/site-packages/airflow/example_dags/example_branch_python_dop_operator_3.py
[2024-06-15T02:19:56.552+0000] {processor.py:830} INFO - Processing file /home/airflow/.local/lib/python3.12/site-packages/airflow/example_dags/example_branch_python_dop_operator_3.py for tasks to queue
[2024-06-15T02:19:56.554+0000] {logging_mixin.py:188} INFO - [2024-06-15T02:19:56.553+0000] {dagbag.py:545} INFO - Filling up the DagBag from /home/airflow/.local/lib/python3.12/site-packages/airflow/example_dags/example_branch_python_dop_operator_3.py
[2024-06-15T02:19:56.560+0000] {processor.py:840} INFO - DAG(s) 'example_branch_dop_operator_v3' retrieved from /home/airflow/.local/lib/python3.12/site-packages/airflow/example_dags/example_branch_python_dop_operator_3.py
[2024-06-15T02:19:56.577+0000] {logging_mixin.py:188} INFO - [2024-06-15T02:19:56.576+0000] {dag.py:3096} INFO - Sync 1 DAGs
[2024-06-15T02:19:56.600+0000] {logging_mixin.py:188} INFO - [2024-06-15T02:19:56.599+0000] {dag.py:3954} INFO - Setting next_dagrun for example_branch_dop_operator_v3 to 2024-06-15 02:18:00+00:00, run_after=2024-06-15 02:19:00+00:00
[2024-06-15T02:19:56.615+0000] {processor.py:183} INFO - Processing /home/airflow/.local/lib/python3.12/site-packages/airflow/example_dags/example_branch_python_dop_operator_3.py took 0.068 seconds
[2024-06-15T02:20:27.288+0000] {processor.py:161} INFO - Started process (PID=1927) to work on /home/airflow/.local/lib/python3.12/site-packages/airflow/example_dags/example_branch_python_dop_operator_3.py
[2024-06-15T02:20:27.288+0000] {processor.py:830} INFO - Processing file /home/airflow/.local/lib/python3.12/site-packages/airflow/example_dags/example_branch_python_dop_operator_3.py for tasks to queue
[2024-06-15T02:20:27.290+0000] {logging_mixin.py:188} INFO - [2024-06-15T02:20:27.289+0000] {dagbag.py:545} INFO - Filling up the DagBag from /home/airflow/.local/lib/python3.12/site-packages/airflow/example_dags/example_branch_python_dop_operator_3.py
[2024-06-15T02:20:27.296+0000] {processor.py:840} INFO - DAG(s) 'example_branch_dop_operator_v3' retrieved from /home/airflow/.local/lib/python3.12/site-packages/airflow/example_dags/example_branch_python_dop_operator_3.py
[2024-06-15T02:20:27.431+0000] {logging_mixin.py:188} INFO - [2024-06-15T02:20:27.431+0000] {dag.py:3096} INFO - Sync 1 DAGs
[2024-06-15T02:20:27.453+0000] {logging_mixin.py:188} INFO - [2024-06-15T02:20:27.453+0000] {dag.py:3954} INFO - Setting next_dagrun for example_branch_dop_operator_v3 to 2024-06-15 02:19:00+00:00, run_after=2024-06-15 02:20:00+00:00
[2024-06-15T02:20:27.468+0000] {processor.py:183} INFO - Processing /home/airflow/.local/lib/python3.12/site-packages/airflow/example_dags/example_branch_python_dop_operator_3.py took 0.185 seconds
[2024-06-15T02:20:57.612+0000] {processor.py:161} INFO - Started process (PID=1985) to work on /home/airflow/.local/lib/python3.12/site-packages/airflow/example_dags/example_branch_python_dop_operator_3.py
[2024-06-15T02:20:57.613+0000] {processor.py:830} INFO - Processing file /home/airflow/.local/lib/python3.12/site-packages/airflow/example_dags/example_branch_python_dop_operator_3.py for tasks to queue
[2024-06-15T02:20:57.614+0000] {logging_mixin.py:188} INFO - [2024-06-15T02:20:57.614+0000] {dagbag.py:545} INFO - Filling up the DagBag from /home/airflow/.local/lib/python3.12/site-packages/airflow/example_dags/example_branch_python_dop_operator_3.py
[2024-06-15T02:20:57.622+0000] {processor.py:840} INFO - DAG(s) 'example_branch_dop_operator_v3' retrieved from /home/airflow/.local/lib/python3.12/site-packages/airflow/example_dags/example_branch_python_dop_operator_3.py
[2024-06-15T02:20:57.636+0000] {logging_mixin.py:188} INFO - [2024-06-15T02:20:57.636+0000] {dag.py:3096} INFO - Sync 1 DAGs
[2024-06-15T02:20:57.657+0000] {logging_mixin.py:188} INFO - [2024-06-15T02:20:57.657+0000] {dag.py:3954} INFO - Setting next_dagrun for example_branch_dop_operator_v3 to 2024-06-15 02:19:00+00:00, run_after=2024-06-15 02:20:00+00:00
[2024-06-15T02:20:57.673+0000] {processor.py:183} INFO - Processing /home/airflow/.local/lib/python3.12/site-packages/airflow/example_dags/example_branch_python_dop_operator_3.py took 0.064 seconds
[2024-06-15T02:21:27.939+0000] {processor.py:161} INFO - Started process (PID=2043) to work on /home/airflow/.local/lib/python3.12/site-packages/airflow/example_dags/example_branch_python_dop_operator_3.py
[2024-06-15T02:21:27.939+0000] {processor.py:830} INFO - Processing file /home/airflow/.local/lib/python3.12/site-packages/airflow/example_dags/example_branch_python_dop_operator_3.py for tasks to queue
[2024-06-15T02:21:27.941+0000] {logging_mixin.py:188} INFO - [2024-06-15T02:21:27.941+0000] {dagbag.py:545} INFO - Filling up the DagBag from /home/airflow/.local/lib/python3.12/site-packages/airflow/example_dags/example_branch_python_dop_operator_3.py
[2024-06-15T02:21:27.948+0000] {processor.py:840} INFO - DAG(s) 'example_branch_dop_operator_v3' retrieved from /home/airflow/.local/lib/python3.12/site-packages/airflow/example_dags/example_branch_python_dop_operator_3.py
[2024-06-15T02:21:27.963+0000] {logging_mixin.py:188} INFO - [2024-06-15T02:21:27.963+0000] {dag.py:3096} INFO - Sync 1 DAGs
[2024-06-15T02:21:27.984+0000] {logging_mixin.py:188} INFO - [2024-06-15T02:21:27.984+0000] {dag.py:3954} INFO - Setting next_dagrun for example_branch_dop_operator_v3 to 2024-06-15 02:20:00+00:00, run_after=2024-06-15 02:21:00+00:00
[2024-06-15T02:21:28.000+0000] {processor.py:183} INFO - Processing /home/airflow/.local/lib/python3.12/site-packages/airflow/example_dags/example_branch_python_dop_operator_3.py took 0.066 seconds
[2024-06-15T02:21:58.414+0000] {processor.py:161} INFO - Started process (PID=2101) to work on /home/airflow/.local/lib/python3.12/site-packages/airflow/example_dags/example_branch_python_dop_operator_3.py
[2024-06-15T02:21:58.415+0000] {processor.py:830} INFO - Processing file /home/airflow/.local/lib/python3.12/site-packages/airflow/example_dags/example_branch_python_dop_operator_3.py for tasks to queue
[2024-06-15T02:21:58.417+0000] {logging_mixin.py:188} INFO - [2024-06-15T02:21:58.416+0000] {dagbag.py:545} INFO - Filling up the DagBag from /home/airflow/.local/lib/python3.12/site-packages/airflow/example_dags/example_branch_python_dop_operator_3.py
[2024-06-15T02:21:58.423+0000] {processor.py:840} INFO - DAG(s) 'example_branch_dop_operator_v3' retrieved from /home/airflow/.local/lib/python3.12/site-packages/airflow/example_dags/example_branch_python_dop_operator_3.py
[2024-06-15T02:21:58.440+0000] {logging_mixin.py:188} INFO - [2024-06-15T02:21:58.440+0000] {dag.py:3096} INFO - Sync 1 DAGs
[2024-06-15T02:21:58.465+0000] {logging_mixin.py:188} INFO - [2024-06-15T02:21:58.465+0000] {dag.py:3954} INFO - Setting next_dagrun for example_branch_dop_operator_v3 to 2024-06-15 02:20:00+00:00, run_after=2024-06-15 02:21:00+00:00
[2024-06-15T02:21:58.492+0000] {processor.py:183} INFO - Processing /home/airflow/.local/lib/python3.12/site-packages/airflow/example_dags/example_branch_python_dop_operator_3.py took 0.082 seconds
[2024-06-15T02:22:28.846+0000] {processor.py:161} INFO - Started process (PID=2159) to work on /home/airflow/.local/lib/python3.12/site-packages/airflow/example_dags/example_branch_python_dop_operator_3.py
[2024-06-15T02:22:28.847+0000] {processor.py:830} INFO - Processing file /home/airflow/.local/lib/python3.12/site-packages/airflow/example_dags/example_branch_python_dop_operator_3.py for tasks to queue
[2024-06-15T02:22:28.848+0000] {logging_mixin.py:188} INFO - [2024-06-15T02:22:28.848+0000] {dagbag.py:545} INFO - Filling up the DagBag from /home/airflow/.local/lib/python3.12/site-packages/airflow/example_dags/example_branch_python_dop_operator_3.py
[2024-06-15T02:22:28.854+0000] {processor.py:840} INFO - DAG(s) 'example_branch_dop_operator_v3' retrieved from /home/airflow/.local/lib/python3.12/site-packages/airflow/example_dags/example_branch_python_dop_operator_3.py
[2024-06-15T02:22:28.869+0000] {logging_mixin.py:188} INFO - [2024-06-15T02:22:28.869+0000] {dag.py:3096} INFO - Sync 1 DAGs
[2024-06-15T02:22:28.890+0000] {logging_mixin.py:188} INFO - [2024-06-15T02:22:28.890+0000] {dag.py:3954} INFO - Setting next_dagrun for example_branch_dop_operator_v3 to 2024-06-15 02:21:00+00:00, run_after=2024-06-15 02:22:00+00:00
[2024-06-15T02:22:28.905+0000] {processor.py:183} INFO - Processing /home/airflow/.local/lib/python3.12/site-packages/airflow/example_dags/example_branch_python_dop_operator_3.py took 0.064 seconds
[2024-06-15T02:22:59.046+0000] {processor.py:161} INFO - Started process (PID=2217) to work on /home/airflow/.local/lib/python3.12/site-packages/airflow/example_dags/example_branch_python_dop_operator_3.py
[2024-06-15T02:22:59.047+0000] {processor.py:830} INFO - Processing file /home/airflow/.local/lib/python3.12/site-packages/airflow/example_dags/example_branch_python_dop_operator_3.py for tasks to queue
[2024-06-15T02:22:59.048+0000] {logging_mixin.py:188} INFO - [2024-06-15T02:22:59.048+0000] {dagbag.py:545} INFO - Filling up the DagBag from /home/airflow/.local/lib/python3.12/site-packages/airflow/example_dags/example_branch_python_dop_operator_3.py
[2024-06-15T02:22:59.055+0000] {processor.py:840} INFO - DAG(s) 'example_branch_dop_operator_v3' retrieved from /home/airflow/.local/lib/python3.12/site-packages/airflow/example_dags/example_branch_python_dop_operator_3.py
[2024-06-15T02:22:59.070+0000] {logging_mixin.py:188} INFO - [2024-06-15T02:22:59.069+0000] {dag.py:3096} INFO - Sync 1 DAGs
[2024-06-15T02:22:59.090+0000] {logging_mixin.py:188} INFO - [2024-06-15T02:22:59.090+0000] {dag.py:3954} INFO - Setting next_dagrun for example_branch_dop_operator_v3 to 2024-06-15 02:21:00+00:00, run_after=2024-06-15 02:22:00+00:00
[2024-06-15T02:22:59.105+0000] {processor.py:183} INFO - Processing /home/airflow/.local/lib/python3.12/site-packages/airflow/example_dags/example_branch_python_dop_operator_3.py took 0.063 seconds
[2024-06-15T02:23:29.287+0000] {processor.py:161} INFO - Started process (PID=2275) to work on /home/airflow/.local/lib/python3.12/site-packages/airflow/example_dags/example_branch_python_dop_operator_3.py
[2024-06-15T02:23:29.287+0000] {processor.py:830} INFO - Processing file /home/airflow/.local/lib/python3.12/site-packages/airflow/example_dags/example_branch_python_dop_operator_3.py for tasks to queue
[2024-06-15T02:23:29.288+0000] {logging_mixin.py:188} INFO - [2024-06-15T02:23:29.288+0000] {dagbag.py:545} INFO - Filling up the DagBag from /home/airflow/.local/lib/python3.12/site-packages/airflow/example_dags/example_branch_python_dop_operator_3.py
[2024-06-15T02:23:29.295+0000] {processor.py:840} INFO - DAG(s) 'example_branch_dop_operator_v3' retrieved from /home/airflow/.local/lib/python3.12/site-packages/airflow/example_dags/example_branch_python_dop_operator_3.py
[2024-06-15T02:23:29.310+0000] {logging_mixin.py:188} INFO - [2024-06-15T02:23:29.310+0000] {dag.py:3096} INFO - Sync 1 DAGs
[2024-06-15T02:23:29.332+0000] {logging_mixin.py:188} INFO - [2024-06-15T02:23:29.332+0000] {dag.py:3954} INFO - Setting next_dagrun for example_branch_dop_operator_v3 to 2024-06-15 02:22:00+00:00, run_after=2024-06-15 02:23:00+00:00
[2024-06-15T02:23:29.348+0000] {processor.py:183} INFO - Processing /home/airflow/.local/lib/python3.12/site-packages/airflow/example_dags/example_branch_python_dop_operator_3.py took 0.065 seconds
[2024-06-15T02:23:59.525+0000] {processor.py:161} INFO - Started process (PID=2333) to work on /home/airflow/.local/lib/python3.12/site-packages/airflow/example_dags/example_branch_python_dop_operator_3.py
[2024-06-15T02:23:59.526+0000] {processor.py:830} INFO - Processing file /home/airflow/.local/lib/python3.12/site-packages/airflow/example_dags/example_branch_python_dop_operator_3.py for tasks to queue
[2024-06-15T02:23:59.527+0000] {logging_mixin.py:188} INFO - [2024-06-15T02:23:59.527+0000] {dagbag.py:545} INFO - Filling up the DagBag from /home/airflow/.local/lib/python3.12/site-packages/airflow/example_dags/example_branch_python_dop_operator_3.py
[2024-06-15T02:23:59.534+0000] {processor.py:840} INFO - DAG(s) 'example_branch_dop_operator_v3' retrieved from /home/airflow/.local/lib/python3.12/site-packages/airflow/example_dags/example_branch_python_dop_operator_3.py
[2024-06-15T02:23:59.550+0000] {logging_mixin.py:188} INFO - [2024-06-15T02:23:59.550+0000] {dag.py:3096} INFO - Sync 1 DAGs
[2024-06-15T02:23:59.573+0000] {logging_mixin.py:188} INFO - [2024-06-15T02:23:59.573+0000] {dag.py:3954} INFO - Setting next_dagrun for example_branch_dop_operator_v3 to 2024-06-15 02:22:00+00:00, run_after=2024-06-15 02:23:00+00:00
[2024-06-15T02:23:59.589+0000] {processor.py:183} INFO - Processing /home/airflow/.local/lib/python3.12/site-packages/airflow/example_dags/example_branch_python_dop_operator_3.py took 0.068 seconds
