[2024-06-15T02:04:07.527+0000] {processor.py:161} INFO - Started process (PID=43) to work on /home/airflow/.local/lib/python3.12/site-packages/airflow/example_dags/example_short_circuit_operator.py
[2024-06-15T02:04:07.528+0000] {processor.py:830} INFO - Processing file /home/airflow/.local/lib/python3.12/site-packages/airflow/example_dags/example_short_circuit_operator.py for tasks to queue
[2024-06-15T02:04:07.530+0000] {logging_mixin.py:188} INFO - [2024-06-15T02:04:07.529+0000] {dagbag.py:545} INFO - Filling up the DagBag from /home/airflow/.local/lib/python3.12/site-packages/airflow/example_dags/example_short_circuit_operator.py
[2024-06-15T02:04:07.538+0000] {processor.py:840} INFO - DAG(s) 'example_short_circuit_operator' retrieved from /home/airflow/.local/lib/python3.12/site-packages/airflow/example_dags/example_short_circuit_operator.py
[2024-06-15T02:04:07.547+0000] {logging_mixin.py:188} INFO - [2024-06-15T02:04:07.547+0000] {dag.py:3096} INFO - Sync 1 DAGs
[2024-06-15T02:04:07.568+0000] {logging_mixin.py:188} INFO - [2024-06-15T02:04:07.568+0000] {dag.py:3954} INFO - Setting next_dagrun for example_short_circuit_operator to 2024-06-14 00:00:00+00:00, run_after=2024-06-15 00:00:00+00:00
[2024-06-15T02:04:07.586+0000] {processor.py:183} INFO - Processing /home/airflow/.local/lib/python3.12/site-packages/airflow/example_dags/example_short_circuit_operator.py took 0.064 seconds
[2024-06-15T02:04:38.002+0000] {processor.py:161} INFO - Started process (PID=101) to work on /home/airflow/.local/lib/python3.12/site-packages/airflow/example_dags/example_short_circuit_operator.py
[2024-06-15T02:04:38.003+0000] {processor.py:830} INFO - Processing file /home/airflow/.local/lib/python3.12/site-packages/airflow/example_dags/example_short_circuit_operator.py for tasks to queue
[2024-06-15T02:04:38.005+0000] {logging_mixin.py:188} INFO - [2024-06-15T02:04:38.004+0000] {dagbag.py:545} INFO - Filling up the DagBag from /home/airflow/.local/lib/python3.12/site-packages/airflow/example_dags/example_short_circuit_operator.py
[2024-06-15T02:04:38.011+0000] {processor.py:840} INFO - DAG(s) 'example_short_circuit_operator' retrieved from /home/airflow/.local/lib/python3.12/site-packages/airflow/example_dags/example_short_circuit_operator.py
[2024-06-15T02:04:38.110+0000] {logging_mixin.py:188} INFO - [2024-06-15T02:04:38.110+0000] {dag.py:3096} INFO - Sync 1 DAGs
[2024-06-15T02:04:38.132+0000] {logging_mixin.py:188} INFO - [2024-06-15T02:04:38.131+0000] {dag.py:3954} INFO - Setting next_dagrun for example_short_circuit_operator to 2024-06-14 00:00:00+00:00, run_after=2024-06-15 00:00:00+00:00
[2024-06-15T02:04:38.148+0000] {processor.py:183} INFO - Processing /home/airflow/.local/lib/python3.12/site-packages/airflow/example_dags/example_short_circuit_operator.py took 0.151 seconds
[2024-06-15T02:05:08.978+0000] {processor.py:161} INFO - Started process (PID=159) to work on /home/airflow/.local/lib/python3.12/site-packages/airflow/example_dags/example_short_circuit_operator.py
[2024-06-15T02:05:08.979+0000] {processor.py:830} INFO - Processing file /home/airflow/.local/lib/python3.12/site-packages/airflow/example_dags/example_short_circuit_operator.py for tasks to queue
[2024-06-15T02:05:08.981+0000] {logging_mixin.py:188} INFO - [2024-06-15T02:05:08.981+0000] {dagbag.py:545} INFO - Filling up the DagBag from /home/airflow/.local/lib/python3.12/site-packages/airflow/example_dags/example_short_circuit_operator.py
[2024-06-15T02:05:08.987+0000] {processor.py:840} INFO - DAG(s) 'example_short_circuit_operator' retrieved from /home/airflow/.local/lib/python3.12/site-packages/airflow/example_dags/example_short_circuit_operator.py
[2024-06-15T02:05:09.009+0000] {logging_mixin.py:188} INFO - [2024-06-15T02:05:09.009+0000] {dag.py:3096} INFO - Sync 1 DAGs
[2024-06-15T02:05:09.031+0000] {logging_mixin.py:188} INFO - [2024-06-15T02:05:09.031+0000] {dag.py:3954} INFO - Setting next_dagrun for example_short_circuit_operator to 2024-06-14 00:00:00+00:00, run_after=2024-06-15 00:00:00+00:00
[2024-06-15T02:05:09.066+0000] {processor.py:183} INFO - Processing /home/airflow/.local/lib/python3.12/site-packages/airflow/example_dags/example_short_circuit_operator.py took 0.092 seconds
[2024-06-15T02:05:39.425+0000] {processor.py:161} INFO - Started process (PID=217) to work on /home/airflow/.local/lib/python3.12/site-packages/airflow/example_dags/example_short_circuit_operator.py
[2024-06-15T02:05:39.426+0000] {processor.py:830} INFO - Processing file /home/airflow/.local/lib/python3.12/site-packages/airflow/example_dags/example_short_circuit_operator.py for tasks to queue
[2024-06-15T02:05:39.428+0000] {logging_mixin.py:188} INFO - [2024-06-15T02:05:39.427+0000] {dagbag.py:545} INFO - Filling up the DagBag from /home/airflow/.local/lib/python3.12/site-packages/airflow/example_dags/example_short_circuit_operator.py
[2024-06-15T02:05:39.434+0000] {processor.py:840} INFO - DAG(s) 'example_short_circuit_operator' retrieved from /home/airflow/.local/lib/python3.12/site-packages/airflow/example_dags/example_short_circuit_operator.py
[2024-06-15T02:05:39.454+0000] {logging_mixin.py:188} INFO - [2024-06-15T02:05:39.454+0000] {dag.py:3096} INFO - Sync 1 DAGs
[2024-06-15T02:05:39.475+0000] {logging_mixin.py:188} INFO - [2024-06-15T02:05:39.475+0000] {dag.py:3954} INFO - Setting next_dagrun for example_short_circuit_operator to 2024-06-14 00:00:00+00:00, run_after=2024-06-15 00:00:00+00:00
[2024-06-15T02:05:39.491+0000] {processor.py:183} INFO - Processing /home/airflow/.local/lib/python3.12/site-packages/airflow/example_dags/example_short_circuit_operator.py took 0.070 seconds
[2024-06-15T02:06:09.782+0000] {processor.py:161} INFO - Started process (PID=275) to work on /home/airflow/.local/lib/python3.12/site-packages/airflow/example_dags/example_short_circuit_operator.py
[2024-06-15T02:06:09.783+0000] {processor.py:830} INFO - Processing file /home/airflow/.local/lib/python3.12/site-packages/airflow/example_dags/example_short_circuit_operator.py for tasks to queue
[2024-06-15T02:06:09.784+0000] {logging_mixin.py:188} INFO - [2024-06-15T02:06:09.784+0000] {dagbag.py:545} INFO - Filling up the DagBag from /home/airflow/.local/lib/python3.12/site-packages/airflow/example_dags/example_short_circuit_operator.py
[2024-06-15T02:06:09.790+0000] {processor.py:840} INFO - DAG(s) 'example_short_circuit_operator' retrieved from /home/airflow/.local/lib/python3.12/site-packages/airflow/example_dags/example_short_circuit_operator.py
[2024-06-15T02:06:09.809+0000] {logging_mixin.py:188} INFO - [2024-06-15T02:06:09.809+0000] {dag.py:3096} INFO - Sync 1 DAGs
[2024-06-15T02:06:09.828+0000] {logging_mixin.py:188} INFO - [2024-06-15T02:06:09.828+0000] {dag.py:3954} INFO - Setting next_dagrun for example_short_circuit_operator to 2024-06-14 00:00:00+00:00, run_after=2024-06-15 00:00:00+00:00
[2024-06-15T02:06:09.843+0000] {processor.py:183} INFO - Processing /home/airflow/.local/lib/python3.12/site-packages/airflow/example_dags/example_short_circuit_operator.py took 0.065 seconds
[2024-06-15T02:06:40.192+0000] {processor.py:161} INFO - Started process (PID=333) to work on /home/airflow/.local/lib/python3.12/site-packages/airflow/example_dags/example_short_circuit_operator.py
[2024-06-15T02:06:40.193+0000] {processor.py:830} INFO - Processing file /home/airflow/.local/lib/python3.12/site-packages/airflow/example_dags/example_short_circuit_operator.py for tasks to queue
[2024-06-15T02:06:40.194+0000] {logging_mixin.py:188} INFO - [2024-06-15T02:06:40.194+0000] {dagbag.py:545} INFO - Filling up the DagBag from /home/airflow/.local/lib/python3.12/site-packages/airflow/example_dags/example_short_circuit_operator.py
[2024-06-15T02:06:40.201+0000] {processor.py:840} INFO - DAG(s) 'example_short_circuit_operator' retrieved from /home/airflow/.local/lib/python3.12/site-packages/airflow/example_dags/example_short_circuit_operator.py
[2024-06-15T02:06:40.218+0000] {logging_mixin.py:188} INFO - [2024-06-15T02:06:40.218+0000] {dag.py:3096} INFO - Sync 1 DAGs
[2024-06-15T02:06:40.236+0000] {logging_mixin.py:188} INFO - [2024-06-15T02:06:40.236+0000] {dag.py:3954} INFO - Setting next_dagrun for example_short_circuit_operator to 2024-06-14 00:00:00+00:00, run_after=2024-06-15 00:00:00+00:00
[2024-06-15T02:06:40.391+0000] {processor.py:183} INFO - Processing /home/airflow/.local/lib/python3.12/site-packages/airflow/example_dags/example_short_circuit_operator.py took 0.203 seconds
[2024-06-15T02:07:10.431+0000] {processor.py:161} INFO - Started process (PID=391) to work on /home/airflow/.local/lib/python3.12/site-packages/airflow/example_dags/example_short_circuit_operator.py
[2024-06-15T02:07:10.432+0000] {processor.py:830} INFO - Processing file /home/airflow/.local/lib/python3.12/site-packages/airflow/example_dags/example_short_circuit_operator.py for tasks to queue
[2024-06-15T02:07:10.433+0000] {logging_mixin.py:188} INFO - [2024-06-15T02:07:10.433+0000] {dagbag.py:545} INFO - Filling up the DagBag from /home/airflow/.local/lib/python3.12/site-packages/airflow/example_dags/example_short_circuit_operator.py
[2024-06-15T02:07:10.440+0000] {processor.py:840} INFO - DAG(s) 'example_short_circuit_operator' retrieved from /home/airflow/.local/lib/python3.12/site-packages/airflow/example_dags/example_short_circuit_operator.py
[2024-06-15T02:07:10.460+0000] {logging_mixin.py:188} INFO - [2024-06-15T02:07:10.460+0000] {dag.py:3096} INFO - Sync 1 DAGs
[2024-06-15T02:07:10.480+0000] {logging_mixin.py:188} INFO - [2024-06-15T02:07:10.480+0000] {dag.py:3954} INFO - Setting next_dagrun for example_short_circuit_operator to 2024-06-14 00:00:00+00:00, run_after=2024-06-15 00:00:00+00:00
[2024-06-15T02:07:10.497+0000] {processor.py:183} INFO - Processing /home/airflow/.local/lib/python3.12/site-packages/airflow/example_dags/example_short_circuit_operator.py took 0.070 seconds
[2024-06-15T02:07:40.534+0000] {processor.py:161} INFO - Started process (PID=449) to work on /home/airflow/.local/lib/python3.12/site-packages/airflow/example_dags/example_short_circuit_operator.py
[2024-06-15T02:07:40.535+0000] {processor.py:830} INFO - Processing file /home/airflow/.local/lib/python3.12/site-packages/airflow/example_dags/example_short_circuit_operator.py for tasks to queue
[2024-06-15T02:07:40.536+0000] {logging_mixin.py:188} INFO - [2024-06-15T02:07:40.536+0000] {dagbag.py:545} INFO - Filling up the DagBag from /home/airflow/.local/lib/python3.12/site-packages/airflow/example_dags/example_short_circuit_operator.py
[2024-06-15T02:07:40.542+0000] {processor.py:840} INFO - DAG(s) 'example_short_circuit_operator' retrieved from /home/airflow/.local/lib/python3.12/site-packages/airflow/example_dags/example_short_circuit_operator.py
[2024-06-15T02:07:40.560+0000] {logging_mixin.py:188} INFO - [2024-06-15T02:07:40.560+0000] {dag.py:3096} INFO - Sync 1 DAGs
[2024-06-15T02:07:40.577+0000] {logging_mixin.py:188} INFO - [2024-06-15T02:07:40.577+0000] {dag.py:3954} INFO - Setting next_dagrun for example_short_circuit_operator to 2024-06-14 00:00:00+00:00, run_after=2024-06-15 00:00:00+00:00
[2024-06-15T02:07:40.591+0000] {processor.py:183} INFO - Processing /home/airflow/.local/lib/python3.12/site-packages/airflow/example_dags/example_short_circuit_operator.py took 0.061 seconds
[2024-06-15T02:08:10.907+0000] {processor.py:161} INFO - Started process (PID=507) to work on /home/airflow/.local/lib/python3.12/site-packages/airflow/example_dags/example_short_circuit_operator.py
[2024-06-15T02:08:10.907+0000] {processor.py:830} INFO - Processing file /home/airflow/.local/lib/python3.12/site-packages/airflow/example_dags/example_short_circuit_operator.py for tasks to queue
[2024-06-15T02:08:10.909+0000] {logging_mixin.py:188} INFO - [2024-06-15T02:08:10.909+0000] {dagbag.py:545} INFO - Filling up the DagBag from /home/airflow/.local/lib/python3.12/site-packages/airflow/example_dags/example_short_circuit_operator.py
[2024-06-15T02:08:10.915+0000] {processor.py:840} INFO - DAG(s) 'example_short_circuit_operator' retrieved from /home/airflow/.local/lib/python3.12/site-packages/airflow/example_dags/example_short_circuit_operator.py
[2024-06-15T02:08:10.935+0000] {logging_mixin.py:188} INFO - [2024-06-15T02:08:10.934+0000] {dag.py:3096} INFO - Sync 1 DAGs
[2024-06-15T02:08:10.954+0000] {logging_mixin.py:188} INFO - [2024-06-15T02:08:10.953+0000] {dag.py:3954} INFO - Setting next_dagrun for example_short_circuit_operator to 2024-06-14 00:00:00+00:00, run_after=2024-06-15 00:00:00+00:00
[2024-06-15T02:08:10.969+0000] {processor.py:183} INFO - Processing /home/airflow/.local/lib/python3.12/site-packages/airflow/example_dags/example_short_circuit_operator.py took 0.066 seconds
[2024-06-15T02:08:41.352+0000] {processor.py:161} INFO - Started process (PID=565) to work on /home/airflow/.local/lib/python3.12/site-packages/airflow/example_dags/example_short_circuit_operator.py
[2024-06-15T02:08:41.353+0000] {processor.py:830} INFO - Processing file /home/airflow/.local/lib/python3.12/site-packages/airflow/example_dags/example_short_circuit_operator.py for tasks to queue
[2024-06-15T02:08:41.354+0000] {logging_mixin.py:188} INFO - [2024-06-15T02:08:41.354+0000] {dagbag.py:545} INFO - Filling up the DagBag from /home/airflow/.local/lib/python3.12/site-packages/airflow/example_dags/example_short_circuit_operator.py
[2024-06-15T02:08:41.361+0000] {processor.py:840} INFO - DAG(s) 'example_short_circuit_operator' retrieved from /home/airflow/.local/lib/python3.12/site-packages/airflow/example_dags/example_short_circuit_operator.py
[2024-06-15T02:08:41.387+0000] {logging_mixin.py:188} INFO - [2024-06-15T02:08:41.387+0000] {dag.py:3096} INFO - Sync 1 DAGs
[2024-06-15T02:08:41.406+0000] {logging_mixin.py:188} INFO - [2024-06-15T02:08:41.406+0000] {dag.py:3954} INFO - Setting next_dagrun for example_short_circuit_operator to 2024-06-14 00:00:00+00:00, run_after=2024-06-15 00:00:00+00:00
[2024-06-15T02:08:41.422+0000] {processor.py:183} INFO - Processing /home/airflow/.local/lib/python3.12/site-packages/airflow/example_dags/example_short_circuit_operator.py took 0.075 seconds
[2024-06-15T02:09:11.742+0000] {processor.py:161} INFO - Started process (PID=623) to work on /home/airflow/.local/lib/python3.12/site-packages/airflow/example_dags/example_short_circuit_operator.py
[2024-06-15T02:09:11.743+0000] {processor.py:830} INFO - Processing file /home/airflow/.local/lib/python3.12/site-packages/airflow/example_dags/example_short_circuit_operator.py for tasks to queue
[2024-06-15T02:09:11.745+0000] {logging_mixin.py:188} INFO - [2024-06-15T02:09:11.744+0000] {dagbag.py:545} INFO - Filling up the DagBag from /home/airflow/.local/lib/python3.12/site-packages/airflow/example_dags/example_short_circuit_operator.py
[2024-06-15T02:09:11.751+0000] {processor.py:840} INFO - DAG(s) 'example_short_circuit_operator' retrieved from /home/airflow/.local/lib/python3.12/site-packages/airflow/example_dags/example_short_circuit_operator.py
[2024-06-15T02:09:11.772+0000] {logging_mixin.py:188} INFO - [2024-06-15T02:09:11.771+0000] {dag.py:3096} INFO - Sync 1 DAGs
[2024-06-15T02:09:11.790+0000] {logging_mixin.py:188} INFO - [2024-06-15T02:09:11.790+0000] {dag.py:3954} INFO - Setting next_dagrun for example_short_circuit_operator to 2024-06-14 00:00:00+00:00, run_after=2024-06-15 00:00:00+00:00
[2024-06-15T02:09:11.808+0000] {processor.py:183} INFO - Processing /home/airflow/.local/lib/python3.12/site-packages/airflow/example_dags/example_short_circuit_operator.py took 0.069 seconds
[2024-06-15T02:09:41.893+0000] {processor.py:161} INFO - Started process (PID=681) to work on /home/airflow/.local/lib/python3.12/site-packages/airflow/example_dags/example_short_circuit_operator.py
[2024-06-15T02:09:41.894+0000] {processor.py:830} INFO - Processing file /home/airflow/.local/lib/python3.12/site-packages/airflow/example_dags/example_short_circuit_operator.py for tasks to queue
[2024-06-15T02:09:41.895+0000] {logging_mixin.py:188} INFO - [2024-06-15T02:09:41.895+0000] {dagbag.py:545} INFO - Filling up the DagBag from /home/airflow/.local/lib/python3.12/site-packages/airflow/example_dags/example_short_circuit_operator.py
[2024-06-15T02:09:41.902+0000] {processor.py:840} INFO - DAG(s) 'example_short_circuit_operator' retrieved from /home/airflow/.local/lib/python3.12/site-packages/airflow/example_dags/example_short_circuit_operator.py
[2024-06-15T02:09:41.922+0000] {logging_mixin.py:188} INFO - [2024-06-15T02:09:41.922+0000] {dag.py:3096} INFO - Sync 1 DAGs
[2024-06-15T02:09:41.946+0000] {logging_mixin.py:188} INFO - [2024-06-15T02:09:41.946+0000] {dag.py:3954} INFO - Setting next_dagrun for example_short_circuit_operator to 2024-06-14 00:00:00+00:00, run_after=2024-06-15 00:00:00+00:00
[2024-06-15T02:09:41.963+0000] {processor.py:183} INFO - Processing /home/airflow/.local/lib/python3.12/site-packages/airflow/example_dags/example_short_circuit_operator.py took 0.073 seconds
[2024-06-15T02:10:12.061+0000] {processor.py:161} INFO - Started process (PID=739) to work on /home/airflow/.local/lib/python3.12/site-packages/airflow/example_dags/example_short_circuit_operator.py
[2024-06-15T02:10:12.062+0000] {processor.py:830} INFO - Processing file /home/airflow/.local/lib/python3.12/site-packages/airflow/example_dags/example_short_circuit_operator.py for tasks to queue
[2024-06-15T02:10:12.068+0000] {logging_mixin.py:188} INFO - [2024-06-15T02:10:12.068+0000] {dagbag.py:545} INFO - Filling up the DagBag from /home/airflow/.local/lib/python3.12/site-packages/airflow/example_dags/example_short_circuit_operator.py
[2024-06-15T02:10:12.075+0000] {processor.py:840} INFO - DAG(s) 'example_short_circuit_operator' retrieved from /home/airflow/.local/lib/python3.12/site-packages/airflow/example_dags/example_short_circuit_operator.py
[2024-06-15T02:10:12.095+0000] {logging_mixin.py:188} INFO - [2024-06-15T02:10:12.095+0000] {dag.py:3096} INFO - Sync 1 DAGs
[2024-06-15T02:10:12.115+0000] {logging_mixin.py:188} INFO - [2024-06-15T02:10:12.115+0000] {dag.py:3954} INFO - Setting next_dagrun for example_short_circuit_operator to 2024-06-14 00:00:00+00:00, run_after=2024-06-15 00:00:00+00:00
[2024-06-15T02:10:12.131+0000] {processor.py:183} INFO - Processing /home/airflow/.local/lib/python3.12/site-packages/airflow/example_dags/example_short_circuit_operator.py took 0.074 seconds
[2024-06-15T02:10:42.561+0000] {processor.py:161} INFO - Started process (PID=797) to work on /home/airflow/.local/lib/python3.12/site-packages/airflow/example_dags/example_short_circuit_operator.py
[2024-06-15T02:10:42.561+0000] {processor.py:830} INFO - Processing file /home/airflow/.local/lib/python3.12/site-packages/airflow/example_dags/example_short_circuit_operator.py for tasks to queue
[2024-06-15T02:10:42.563+0000] {logging_mixin.py:188} INFO - [2024-06-15T02:10:42.562+0000] {dagbag.py:545} INFO - Filling up the DagBag from /home/airflow/.local/lib/python3.12/site-packages/airflow/example_dags/example_short_circuit_operator.py
[2024-06-15T02:10:42.569+0000] {processor.py:840} INFO - DAG(s) 'example_short_circuit_operator' retrieved from /home/airflow/.local/lib/python3.12/site-packages/airflow/example_dags/example_short_circuit_operator.py
[2024-06-15T02:10:42.594+0000] {logging_mixin.py:188} INFO - [2024-06-15T02:10:42.594+0000] {dag.py:3096} INFO - Sync 1 DAGs
[2024-06-15T02:10:42.615+0000] {logging_mixin.py:188} INFO - [2024-06-15T02:10:42.614+0000] {dag.py:3954} INFO - Setting next_dagrun for example_short_circuit_operator to 2024-06-14 00:00:00+00:00, run_after=2024-06-15 00:00:00+00:00
[2024-06-15T02:10:42.630+0000] {processor.py:183} INFO - Processing /home/airflow/.local/lib/python3.12/site-packages/airflow/example_dags/example_short_circuit_operator.py took 0.074 seconds
[2024-06-15T02:11:13.152+0000] {processor.py:161} INFO - Started process (PID=855) to work on /home/airflow/.local/lib/python3.12/site-packages/airflow/example_dags/example_short_circuit_operator.py
[2024-06-15T02:11:13.153+0000] {processor.py:830} INFO - Processing file /home/airflow/.local/lib/python3.12/site-packages/airflow/example_dags/example_short_circuit_operator.py for tasks to queue
[2024-06-15T02:11:13.154+0000] {logging_mixin.py:188} INFO - [2024-06-15T02:11:13.154+0000] {dagbag.py:545} INFO - Filling up the DagBag from /home/airflow/.local/lib/python3.12/site-packages/airflow/example_dags/example_short_circuit_operator.py
[2024-06-15T02:11:13.161+0000] {processor.py:840} INFO - DAG(s) 'example_short_circuit_operator' retrieved from /home/airflow/.local/lib/python3.12/site-packages/airflow/example_dags/example_short_circuit_operator.py
[2024-06-15T02:11:13.179+0000] {logging_mixin.py:188} INFO - [2024-06-15T02:11:13.179+0000] {dag.py:3096} INFO - Sync 1 DAGs
[2024-06-15T02:11:13.197+0000] {logging_mixin.py:188} INFO - [2024-06-15T02:11:13.197+0000] {dag.py:3954} INFO - Setting next_dagrun for example_short_circuit_operator to 2024-06-14 00:00:00+00:00, run_after=2024-06-15 00:00:00+00:00
[2024-06-15T02:11:13.213+0000] {processor.py:183} INFO - Processing /home/airflow/.local/lib/python3.12/site-packages/airflow/example_dags/example_short_circuit_operator.py took 0.065 seconds
[2024-06-15T02:11:43.651+0000] {processor.py:161} INFO - Started process (PID=913) to work on /home/airflow/.local/lib/python3.12/site-packages/airflow/example_dags/example_short_circuit_operator.py
[2024-06-15T02:11:43.652+0000] {processor.py:830} INFO - Processing file /home/airflow/.local/lib/python3.12/site-packages/airflow/example_dags/example_short_circuit_operator.py for tasks to queue
[2024-06-15T02:11:43.653+0000] {logging_mixin.py:188} INFO - [2024-06-15T02:11:43.653+0000] {dagbag.py:545} INFO - Filling up the DagBag from /home/airflow/.local/lib/python3.12/site-packages/airflow/example_dags/example_short_circuit_operator.py
[2024-06-15T02:11:43.659+0000] {processor.py:840} INFO - DAG(s) 'example_short_circuit_operator' retrieved from /home/airflow/.local/lib/python3.12/site-packages/airflow/example_dags/example_short_circuit_operator.py
[2024-06-15T02:11:43.681+0000] {logging_mixin.py:188} INFO - [2024-06-15T02:11:43.681+0000] {dag.py:3096} INFO - Sync 1 DAGs
[2024-06-15T02:11:43.704+0000] {logging_mixin.py:188} INFO - [2024-06-15T02:11:43.704+0000] {dag.py:3954} INFO - Setting next_dagrun for example_short_circuit_operator to 2024-06-14 00:00:00+00:00, run_after=2024-06-15 00:00:00+00:00
[2024-06-15T02:11:43.719+0000] {processor.py:183} INFO - Processing /home/airflow/.local/lib/python3.12/site-packages/airflow/example_dags/example_short_circuit_operator.py took 0.072 seconds
[2024-06-15T02:12:14.189+0000] {processor.py:161} INFO - Started process (PID=971) to work on /home/airflow/.local/lib/python3.12/site-packages/airflow/example_dags/example_short_circuit_operator.py
[2024-06-15T02:12:14.190+0000] {processor.py:830} INFO - Processing file /home/airflow/.local/lib/python3.12/site-packages/airflow/example_dags/example_short_circuit_operator.py for tasks to queue
[2024-06-15T02:12:14.192+0000] {logging_mixin.py:188} INFO - [2024-06-15T02:12:14.192+0000] {dagbag.py:545} INFO - Filling up the DagBag from /home/airflow/.local/lib/python3.12/site-packages/airflow/example_dags/example_short_circuit_operator.py
[2024-06-15T02:12:14.199+0000] {processor.py:840} INFO - DAG(s) 'example_short_circuit_operator' retrieved from /home/airflow/.local/lib/python3.12/site-packages/airflow/example_dags/example_short_circuit_operator.py
[2024-06-15T02:12:14.222+0000] {logging_mixin.py:188} INFO - [2024-06-15T02:12:14.222+0000] {dag.py:3096} INFO - Sync 1 DAGs
[2024-06-15T02:12:14.244+0000] {logging_mixin.py:188} INFO - [2024-06-15T02:12:14.244+0000] {dag.py:3954} INFO - Setting next_dagrun for example_short_circuit_operator to 2024-06-14 00:00:00+00:00, run_after=2024-06-15 00:00:00+00:00
[2024-06-15T02:12:14.261+0000] {processor.py:183} INFO - Processing /home/airflow/.local/lib/python3.12/site-packages/airflow/example_dags/example_short_circuit_operator.py took 0.076 seconds
[2024-06-15T02:12:44.565+0000] {processor.py:161} INFO - Started process (PID=1029) to work on /home/airflow/.local/lib/python3.12/site-packages/airflow/example_dags/example_short_circuit_operator.py
[2024-06-15T02:12:44.566+0000] {processor.py:830} INFO - Processing file /home/airflow/.local/lib/python3.12/site-packages/airflow/example_dags/example_short_circuit_operator.py for tasks to queue
[2024-06-15T02:12:44.567+0000] {logging_mixin.py:188} INFO - [2024-06-15T02:12:44.567+0000] {dagbag.py:545} INFO - Filling up the DagBag from /home/airflow/.local/lib/python3.12/site-packages/airflow/example_dags/example_short_circuit_operator.py
[2024-06-15T02:12:44.574+0000] {processor.py:840} INFO - DAG(s) 'example_short_circuit_operator' retrieved from /home/airflow/.local/lib/python3.12/site-packages/airflow/example_dags/example_short_circuit_operator.py
[2024-06-15T02:12:44.594+0000] {logging_mixin.py:188} INFO - [2024-06-15T02:12:44.594+0000] {dag.py:3096} INFO - Sync 1 DAGs
[2024-06-15T02:12:44.614+0000] {logging_mixin.py:188} INFO - [2024-06-15T02:12:44.612+0000] {dag.py:3954} INFO - Setting next_dagrun for example_short_circuit_operator to 2024-06-14 00:00:00+00:00, run_after=2024-06-15 00:00:00+00:00
[2024-06-15T02:12:44.634+0000] {processor.py:183} INFO - Processing /home/airflow/.local/lib/python3.12/site-packages/airflow/example_dags/example_short_circuit_operator.py took 0.073 seconds
[2024-06-15T02:13:14.968+0000] {processor.py:161} INFO - Started process (PID=1087) to work on /home/airflow/.local/lib/python3.12/site-packages/airflow/example_dags/example_short_circuit_operator.py
[2024-06-15T02:13:14.969+0000] {processor.py:830} INFO - Processing file /home/airflow/.local/lib/python3.12/site-packages/airflow/example_dags/example_short_circuit_operator.py for tasks to queue
[2024-06-15T02:13:14.972+0000] {logging_mixin.py:188} INFO - [2024-06-15T02:13:14.971+0000] {dagbag.py:545} INFO - Filling up the DagBag from /home/airflow/.local/lib/python3.12/site-packages/airflow/example_dags/example_short_circuit_operator.py
[2024-06-15T02:13:14.978+0000] {processor.py:840} INFO - DAG(s) 'example_short_circuit_operator' retrieved from /home/airflow/.local/lib/python3.12/site-packages/airflow/example_dags/example_short_circuit_operator.py
[2024-06-15T02:13:14.996+0000] {logging_mixin.py:188} INFO - [2024-06-15T02:13:14.996+0000] {dag.py:3096} INFO - Sync 1 DAGs
[2024-06-15T02:13:15.016+0000] {logging_mixin.py:188} INFO - [2024-06-15T02:13:15.016+0000] {dag.py:3954} INFO - Setting next_dagrun for example_short_circuit_operator to 2024-06-14 00:00:00+00:00, run_after=2024-06-15 00:00:00+00:00
[2024-06-15T02:13:15.032+0000] {processor.py:183} INFO - Processing /home/airflow/.local/lib/python3.12/site-packages/airflow/example_dags/example_short_circuit_operator.py took 0.068 seconds
[2024-06-15T02:13:45.301+0000] {processor.py:161} INFO - Started process (PID=1145) to work on /home/airflow/.local/lib/python3.12/site-packages/airflow/example_dags/example_short_circuit_operator.py
[2024-06-15T02:13:45.301+0000] {processor.py:830} INFO - Processing file /home/airflow/.local/lib/python3.12/site-packages/airflow/example_dags/example_short_circuit_operator.py for tasks to queue
[2024-06-15T02:13:45.303+0000] {logging_mixin.py:188} INFO - [2024-06-15T02:13:45.303+0000] {dagbag.py:545} INFO - Filling up the DagBag from /home/airflow/.local/lib/python3.12/site-packages/airflow/example_dags/example_short_circuit_operator.py
[2024-06-15T02:13:45.309+0000] {processor.py:840} INFO - DAG(s) 'example_short_circuit_operator' retrieved from /home/airflow/.local/lib/python3.12/site-packages/airflow/example_dags/example_short_circuit_operator.py
[2024-06-15T02:13:45.328+0000] {logging_mixin.py:188} INFO - [2024-06-15T02:13:45.328+0000] {dag.py:3096} INFO - Sync 1 DAGs
[2024-06-15T02:13:45.345+0000] {logging_mixin.py:188} INFO - [2024-06-15T02:13:45.345+0000] {dag.py:3954} INFO - Setting next_dagrun for example_short_circuit_operator to 2024-06-14 00:00:00+00:00, run_after=2024-06-15 00:00:00+00:00
[2024-06-15T02:13:45.358+0000] {processor.py:183} INFO - Processing /home/airflow/.local/lib/python3.12/site-packages/airflow/example_dags/example_short_circuit_operator.py took 0.062 seconds
[2024-06-15T02:14:15.639+0000] {processor.py:161} INFO - Started process (PID=1203) to work on /home/airflow/.local/lib/python3.12/site-packages/airflow/example_dags/example_short_circuit_operator.py
[2024-06-15T02:14:15.640+0000] {processor.py:830} INFO - Processing file /home/airflow/.local/lib/python3.12/site-packages/airflow/example_dags/example_short_circuit_operator.py for tasks to queue
[2024-06-15T02:14:15.641+0000] {logging_mixin.py:188} INFO - [2024-06-15T02:14:15.641+0000] {dagbag.py:545} INFO - Filling up the DagBag from /home/airflow/.local/lib/python3.12/site-packages/airflow/example_dags/example_short_circuit_operator.py
[2024-06-15T02:14:15.647+0000] {processor.py:840} INFO - DAG(s) 'example_short_circuit_operator' retrieved from /home/airflow/.local/lib/python3.12/site-packages/airflow/example_dags/example_short_circuit_operator.py
[2024-06-15T02:14:15.666+0000] {logging_mixin.py:188} INFO - [2024-06-15T02:14:15.666+0000] {dag.py:3096} INFO - Sync 1 DAGs
[2024-06-15T02:14:15.686+0000] {logging_mixin.py:188} INFO - [2024-06-15T02:14:15.685+0000] {dag.py:3954} INFO - Setting next_dagrun for example_short_circuit_operator to 2024-06-14 00:00:00+00:00, run_after=2024-06-15 00:00:00+00:00
[2024-06-15T02:14:15.700+0000] {processor.py:183} INFO - Processing /home/airflow/.local/lib/python3.12/site-packages/airflow/example_dags/example_short_circuit_operator.py took 0.065 seconds
[2024-06-15T02:14:45.969+0000] {processor.py:161} INFO - Started process (PID=1261) to work on /home/airflow/.local/lib/python3.12/site-packages/airflow/example_dags/example_short_circuit_operator.py
[2024-06-15T02:14:45.970+0000] {processor.py:830} INFO - Processing file /home/airflow/.local/lib/python3.12/site-packages/airflow/example_dags/example_short_circuit_operator.py for tasks to queue
[2024-06-15T02:14:45.971+0000] {logging_mixin.py:188} INFO - [2024-06-15T02:14:45.971+0000] {dagbag.py:545} INFO - Filling up the DagBag from /home/airflow/.local/lib/python3.12/site-packages/airflow/example_dags/example_short_circuit_operator.py
[2024-06-15T02:14:45.978+0000] {processor.py:840} INFO - DAG(s) 'example_short_circuit_operator' retrieved from /home/airflow/.local/lib/python3.12/site-packages/airflow/example_dags/example_short_circuit_operator.py
[2024-06-15T02:14:45.999+0000] {logging_mixin.py:188} INFO - [2024-06-15T02:14:45.998+0000] {dag.py:3096} INFO - Sync 1 DAGs
[2024-06-15T02:14:46.019+0000] {logging_mixin.py:188} INFO - [2024-06-15T02:14:46.019+0000] {dag.py:3954} INFO - Setting next_dagrun for example_short_circuit_operator to 2024-06-14 00:00:00+00:00, run_after=2024-06-15 00:00:00+00:00
[2024-06-15T02:14:46.034+0000] {processor.py:183} INFO - Processing /home/airflow/.local/lib/python3.12/site-packages/airflow/example_dags/example_short_circuit_operator.py took 0.070 seconds
[2024-06-15T02:15:16.410+0000] {processor.py:161} INFO - Started process (PID=1319) to work on /home/airflow/.local/lib/python3.12/site-packages/airflow/example_dags/example_short_circuit_operator.py
[2024-06-15T02:15:16.411+0000] {processor.py:830} INFO - Processing file /home/airflow/.local/lib/python3.12/site-packages/airflow/example_dags/example_short_circuit_operator.py for tasks to queue
[2024-06-15T02:15:16.412+0000] {logging_mixin.py:188} INFO - [2024-06-15T02:15:16.412+0000] {dagbag.py:545} INFO - Filling up the DagBag from /home/airflow/.local/lib/python3.12/site-packages/airflow/example_dags/example_short_circuit_operator.py
[2024-06-15T02:15:16.418+0000] {processor.py:840} INFO - DAG(s) 'example_short_circuit_operator' retrieved from /home/airflow/.local/lib/python3.12/site-packages/airflow/example_dags/example_short_circuit_operator.py
[2024-06-15T02:15:16.437+0000] {logging_mixin.py:188} INFO - [2024-06-15T02:15:16.436+0000] {dag.py:3096} INFO - Sync 1 DAGs
[2024-06-15T02:15:16.457+0000] {logging_mixin.py:188} INFO - [2024-06-15T02:15:16.457+0000] {dag.py:3954} INFO - Setting next_dagrun for example_short_circuit_operator to 2024-06-14 00:00:00+00:00, run_after=2024-06-15 00:00:00+00:00
[2024-06-15T02:15:16.473+0000] {processor.py:183} INFO - Processing /home/airflow/.local/lib/python3.12/site-packages/airflow/example_dags/example_short_circuit_operator.py took 0.066 seconds
[2024-06-15T02:15:46.653+0000] {processor.py:161} INFO - Started process (PID=1377) to work on /home/airflow/.local/lib/python3.12/site-packages/airflow/example_dags/example_short_circuit_operator.py
[2024-06-15T02:15:46.654+0000] {processor.py:830} INFO - Processing file /home/airflow/.local/lib/python3.12/site-packages/airflow/example_dags/example_short_circuit_operator.py for tasks to queue
[2024-06-15T02:15:46.655+0000] {logging_mixin.py:188} INFO - [2024-06-15T02:15:46.655+0000] {dagbag.py:545} INFO - Filling up the DagBag from /home/airflow/.local/lib/python3.12/site-packages/airflow/example_dags/example_short_circuit_operator.py
[2024-06-15T02:15:46.661+0000] {processor.py:840} INFO - DAG(s) 'example_short_circuit_operator' retrieved from /home/airflow/.local/lib/python3.12/site-packages/airflow/example_dags/example_short_circuit_operator.py
[2024-06-15T02:15:46.682+0000] {logging_mixin.py:188} INFO - [2024-06-15T02:15:46.682+0000] {dag.py:3096} INFO - Sync 1 DAGs
[2024-06-15T02:15:46.701+0000] {logging_mixin.py:188} INFO - [2024-06-15T02:15:46.701+0000] {dag.py:3954} INFO - Setting next_dagrun for example_short_circuit_operator to 2024-06-14 00:00:00+00:00, run_after=2024-06-15 00:00:00+00:00
[2024-06-15T02:15:46.716+0000] {processor.py:183} INFO - Processing /home/airflow/.local/lib/python3.12/site-packages/airflow/example_dags/example_short_circuit_operator.py took 0.067 seconds
[2024-06-15T02:16:17.259+0000] {processor.py:161} INFO - Started process (PID=1435) to work on /home/airflow/.local/lib/python3.12/site-packages/airflow/example_dags/example_short_circuit_operator.py
[2024-06-15T02:16:17.260+0000] {processor.py:830} INFO - Processing file /home/airflow/.local/lib/python3.12/site-packages/airflow/example_dags/example_short_circuit_operator.py for tasks to queue
[2024-06-15T02:16:17.261+0000] {logging_mixin.py:188} INFO - [2024-06-15T02:16:17.261+0000] {dagbag.py:545} INFO - Filling up the DagBag from /home/airflow/.local/lib/python3.12/site-packages/airflow/example_dags/example_short_circuit_operator.py
[2024-06-15T02:16:17.267+0000] {processor.py:840} INFO - DAG(s) 'example_short_circuit_operator' retrieved from /home/airflow/.local/lib/python3.12/site-packages/airflow/example_dags/example_short_circuit_operator.py
[2024-06-15T02:16:17.287+0000] {logging_mixin.py:188} INFO - [2024-06-15T02:16:17.286+0000] {dag.py:3096} INFO - Sync 1 DAGs
[2024-06-15T02:16:17.306+0000] {logging_mixin.py:188} INFO - [2024-06-15T02:16:17.306+0000] {dag.py:3954} INFO - Setting next_dagrun for example_short_circuit_operator to 2024-06-14 00:00:00+00:00, run_after=2024-06-15 00:00:00+00:00
[2024-06-15T02:16:17.347+0000] {processor.py:183} INFO - Processing /home/airflow/.local/lib/python3.12/site-packages/airflow/example_dags/example_short_circuit_operator.py took 0.093 seconds
[2024-06-15T02:16:47.521+0000] {processor.py:161} INFO - Started process (PID=1493) to work on /home/airflow/.local/lib/python3.12/site-packages/airflow/example_dags/example_short_circuit_operator.py
[2024-06-15T02:16:47.522+0000] {processor.py:830} INFO - Processing file /home/airflow/.local/lib/python3.12/site-packages/airflow/example_dags/example_short_circuit_operator.py for tasks to queue
[2024-06-15T02:16:47.523+0000] {logging_mixin.py:188} INFO - [2024-06-15T02:16:47.523+0000] {dagbag.py:545} INFO - Filling up the DagBag from /home/airflow/.local/lib/python3.12/site-packages/airflow/example_dags/example_short_circuit_operator.py
[2024-06-15T02:16:47.529+0000] {processor.py:840} INFO - DAG(s) 'example_short_circuit_operator' retrieved from /home/airflow/.local/lib/python3.12/site-packages/airflow/example_dags/example_short_circuit_operator.py
[2024-06-15T02:16:47.548+0000] {logging_mixin.py:188} INFO - [2024-06-15T02:16:47.548+0000] {dag.py:3096} INFO - Sync 1 DAGs
[2024-06-15T02:16:47.567+0000] {logging_mixin.py:188} INFO - [2024-06-15T02:16:47.567+0000] {dag.py:3954} INFO - Setting next_dagrun for example_short_circuit_operator to 2024-06-14 00:00:00+00:00, run_after=2024-06-15 00:00:00+00:00
[2024-06-15T02:16:47.582+0000] {processor.py:183} INFO - Processing /home/airflow/.local/lib/python3.12/site-packages/airflow/example_dags/example_short_circuit_operator.py took 0.065 seconds
[2024-06-15T02:17:17.963+0000] {processor.py:161} INFO - Started process (PID=1551) to work on /home/airflow/.local/lib/python3.12/site-packages/airflow/example_dags/example_short_circuit_operator.py
[2024-06-15T02:17:17.963+0000] {processor.py:830} INFO - Processing file /home/airflow/.local/lib/python3.12/site-packages/airflow/example_dags/example_short_circuit_operator.py for tasks to queue
[2024-06-15T02:17:17.965+0000] {logging_mixin.py:188} INFO - [2024-06-15T02:17:17.965+0000] {dagbag.py:545} INFO - Filling up the DagBag from /home/airflow/.local/lib/python3.12/site-packages/airflow/example_dags/example_short_circuit_operator.py
[2024-06-15T02:17:17.971+0000] {processor.py:840} INFO - DAG(s) 'example_short_circuit_operator' retrieved from /home/airflow/.local/lib/python3.12/site-packages/airflow/example_dags/example_short_circuit_operator.py
[2024-06-15T02:17:17.989+0000] {logging_mixin.py:188} INFO - [2024-06-15T02:17:17.989+0000] {dag.py:3096} INFO - Sync 1 DAGs
[2024-06-15T02:17:18.007+0000] {logging_mixin.py:188} INFO - [2024-06-15T02:17:18.007+0000] {dag.py:3954} INFO - Setting next_dagrun for example_short_circuit_operator to 2024-06-14 00:00:00+00:00, run_after=2024-06-15 00:00:00+00:00
[2024-06-15T02:17:18.022+0000] {processor.py:183} INFO - Processing /home/airflow/.local/lib/python3.12/site-packages/airflow/example_dags/example_short_circuit_operator.py took 0.063 seconds
[2024-06-15T02:17:48.356+0000] {processor.py:161} INFO - Started process (PID=1609) to work on /home/airflow/.local/lib/python3.12/site-packages/airflow/example_dags/example_short_circuit_operator.py
[2024-06-15T02:17:48.356+0000] {processor.py:830} INFO - Processing file /home/airflow/.local/lib/python3.12/site-packages/airflow/example_dags/example_short_circuit_operator.py for tasks to queue
[2024-06-15T02:17:48.358+0000] {logging_mixin.py:188} INFO - [2024-06-15T02:17:48.358+0000] {dagbag.py:545} INFO - Filling up the DagBag from /home/airflow/.local/lib/python3.12/site-packages/airflow/example_dags/example_short_circuit_operator.py
[2024-06-15T02:17:48.363+0000] {processor.py:840} INFO - DAG(s) 'example_short_circuit_operator' retrieved from /home/airflow/.local/lib/python3.12/site-packages/airflow/example_dags/example_short_circuit_operator.py
[2024-06-15T02:17:48.386+0000] {logging_mixin.py:188} INFO - [2024-06-15T02:17:48.386+0000] {dag.py:3096} INFO - Sync 1 DAGs
[2024-06-15T02:17:48.406+0000] {logging_mixin.py:188} INFO - [2024-06-15T02:17:48.406+0000] {dag.py:3954} INFO - Setting next_dagrun for example_short_circuit_operator to 2024-06-14 00:00:00+00:00, run_after=2024-06-15 00:00:00+00:00
[2024-06-15T02:17:48.421+0000] {processor.py:183} INFO - Processing /home/airflow/.local/lib/python3.12/site-packages/airflow/example_dags/example_short_circuit_operator.py took 0.070 seconds
[2024-06-15T02:18:18.755+0000] {processor.py:161} INFO - Started process (PID=1667) to work on /home/airflow/.local/lib/python3.12/site-packages/airflow/example_dags/example_short_circuit_operator.py
[2024-06-15T02:18:18.756+0000] {processor.py:830} INFO - Processing file /home/airflow/.local/lib/python3.12/site-packages/airflow/example_dags/example_short_circuit_operator.py for tasks to queue
[2024-06-15T02:18:18.758+0000] {logging_mixin.py:188} INFO - [2024-06-15T02:18:18.757+0000] {dagbag.py:545} INFO - Filling up the DagBag from /home/airflow/.local/lib/python3.12/site-packages/airflow/example_dags/example_short_circuit_operator.py
[2024-06-15T02:18:18.763+0000] {processor.py:840} INFO - DAG(s) 'example_short_circuit_operator' retrieved from /home/airflow/.local/lib/python3.12/site-packages/airflow/example_dags/example_short_circuit_operator.py
[2024-06-15T02:18:18.782+0000] {logging_mixin.py:188} INFO - [2024-06-15T02:18:18.782+0000] {dag.py:3096} INFO - Sync 1 DAGs
[2024-06-15T02:18:18.801+0000] {logging_mixin.py:188} INFO - [2024-06-15T02:18:18.801+0000] {dag.py:3954} INFO - Setting next_dagrun for example_short_circuit_operator to 2024-06-14 00:00:00+00:00, run_after=2024-06-15 00:00:00+00:00
[2024-06-15T02:18:18.817+0000] {processor.py:183} INFO - Processing /home/airflow/.local/lib/python3.12/site-packages/airflow/example_dags/example_short_circuit_operator.py took 0.066 seconds
[2024-06-15T02:18:49.378+0000] {processor.py:161} INFO - Started process (PID=1725) to work on /home/airflow/.local/lib/python3.12/site-packages/airflow/example_dags/example_short_circuit_operator.py
[2024-06-15T02:18:49.379+0000] {processor.py:830} INFO - Processing file /home/airflow/.local/lib/python3.12/site-packages/airflow/example_dags/example_short_circuit_operator.py for tasks to queue
[2024-06-15T02:18:49.380+0000] {logging_mixin.py:188} INFO - [2024-06-15T02:18:49.380+0000] {dagbag.py:545} INFO - Filling up the DagBag from /home/airflow/.local/lib/python3.12/site-packages/airflow/example_dags/example_short_circuit_operator.py
[2024-06-15T02:18:49.387+0000] {processor.py:840} INFO - DAG(s) 'example_short_circuit_operator' retrieved from /home/airflow/.local/lib/python3.12/site-packages/airflow/example_dags/example_short_circuit_operator.py
[2024-06-15T02:18:49.407+0000] {logging_mixin.py:188} INFO - [2024-06-15T02:18:49.407+0000] {dag.py:3096} INFO - Sync 1 DAGs
[2024-06-15T02:18:49.427+0000] {logging_mixin.py:188} INFO - [2024-06-15T02:18:49.427+0000] {dag.py:3954} INFO - Setting next_dagrun for example_short_circuit_operator to 2024-06-14 00:00:00+00:00, run_after=2024-06-15 00:00:00+00:00
[2024-06-15T02:18:49.561+0000] {processor.py:183} INFO - Processing /home/airflow/.local/lib/python3.12/site-packages/airflow/example_dags/example_short_circuit_operator.py took 0.187 seconds
[2024-06-15T02:19:19.888+0000] {processor.py:161} INFO - Started process (PID=1783) to work on /home/airflow/.local/lib/python3.12/site-packages/airflow/example_dags/example_short_circuit_operator.py
[2024-06-15T02:19:19.888+0000] {processor.py:830} INFO - Processing file /home/airflow/.local/lib/python3.12/site-packages/airflow/example_dags/example_short_circuit_operator.py for tasks to queue
[2024-06-15T02:19:19.890+0000] {logging_mixin.py:188} INFO - [2024-06-15T02:19:19.889+0000] {dagbag.py:545} INFO - Filling up the DagBag from /home/airflow/.local/lib/python3.12/site-packages/airflow/example_dags/example_short_circuit_operator.py
[2024-06-15T02:19:19.896+0000] {processor.py:840} INFO - DAG(s) 'example_short_circuit_operator' retrieved from /home/airflow/.local/lib/python3.12/site-packages/airflow/example_dags/example_short_circuit_operator.py
[2024-06-15T02:19:19.915+0000] {logging_mixin.py:188} INFO - [2024-06-15T02:19:19.915+0000] {dag.py:3096} INFO - Sync 1 DAGs
[2024-06-15T02:19:19.935+0000] {logging_mixin.py:188} INFO - [2024-06-15T02:19:19.935+0000] {dag.py:3954} INFO - Setting next_dagrun for example_short_circuit_operator to 2024-06-14 00:00:00+00:00, run_after=2024-06-15 00:00:00+00:00
[2024-06-15T02:19:20.058+0000] {processor.py:183} INFO - Processing /home/airflow/.local/lib/python3.12/site-packages/airflow/example_dags/example_short_circuit_operator.py took 0.177 seconds
[2024-06-15T02:19:50.131+0000] {processor.py:161} INFO - Started process (PID=1841) to work on /home/airflow/.local/lib/python3.12/site-packages/airflow/example_dags/example_short_circuit_operator.py
[2024-06-15T02:19:50.131+0000] {processor.py:830} INFO - Processing file /home/airflow/.local/lib/python3.12/site-packages/airflow/example_dags/example_short_circuit_operator.py for tasks to queue
[2024-06-15T02:19:50.133+0000] {logging_mixin.py:188} INFO - [2024-06-15T02:19:50.132+0000] {dagbag.py:545} INFO - Filling up the DagBag from /home/airflow/.local/lib/python3.12/site-packages/airflow/example_dags/example_short_circuit_operator.py
[2024-06-15T02:19:50.138+0000] {processor.py:840} INFO - DAG(s) 'example_short_circuit_operator' retrieved from /home/airflow/.local/lib/python3.12/site-packages/airflow/example_dags/example_short_circuit_operator.py
[2024-06-15T02:19:50.156+0000] {logging_mixin.py:188} INFO - [2024-06-15T02:19:50.156+0000] {dag.py:3096} INFO - Sync 1 DAGs
[2024-06-15T02:19:50.174+0000] {logging_mixin.py:188} INFO - [2024-06-15T02:19:50.174+0000] {dag.py:3954} INFO - Setting next_dagrun for example_short_circuit_operator to 2024-06-14 00:00:00+00:00, run_after=2024-06-15 00:00:00+00:00
[2024-06-15T02:19:50.316+0000] {processor.py:183} INFO - Processing /home/airflow/.local/lib/python3.12/site-packages/airflow/example_dags/example_short_circuit_operator.py took 0.190 seconds
[2024-06-15T02:20:21.198+0000] {processor.py:161} INFO - Started process (PID=1899) to work on /home/airflow/.local/lib/python3.12/site-packages/airflow/example_dags/example_short_circuit_operator.py
[2024-06-15T02:20:21.199+0000] {processor.py:830} INFO - Processing file /home/airflow/.local/lib/python3.12/site-packages/airflow/example_dags/example_short_circuit_operator.py for tasks to queue
[2024-06-15T02:20:21.201+0000] {logging_mixin.py:188} INFO - [2024-06-15T02:20:21.200+0000] {dagbag.py:545} INFO - Filling up the DagBag from /home/airflow/.local/lib/python3.12/site-packages/airflow/example_dags/example_short_circuit_operator.py
[2024-06-15T02:20:21.207+0000] {processor.py:840} INFO - DAG(s) 'example_short_circuit_operator' retrieved from /home/airflow/.local/lib/python3.12/site-packages/airflow/example_dags/example_short_circuit_operator.py
[2024-06-15T02:20:21.226+0000] {logging_mixin.py:188} INFO - [2024-06-15T02:20:21.226+0000] {dag.py:3096} INFO - Sync 1 DAGs
[2024-06-15T02:20:21.244+0000] {logging_mixin.py:188} INFO - [2024-06-15T02:20:21.244+0000] {dag.py:3954} INFO - Setting next_dagrun for example_short_circuit_operator to 2024-06-14 00:00:00+00:00, run_after=2024-06-15 00:00:00+00:00
[2024-06-15T02:20:21.369+0000] {processor.py:183} INFO - Processing /home/airflow/.local/lib/python3.12/site-packages/airflow/example_dags/example_short_circuit_operator.py took 0.176 seconds
[2024-06-15T02:20:51.547+0000] {processor.py:161} INFO - Started process (PID=1963) to work on /home/airflow/.local/lib/python3.12/site-packages/airflow/example_dags/example_short_circuit_operator.py
[2024-06-15T02:20:51.548+0000] {processor.py:830} INFO - Processing file /home/airflow/.local/lib/python3.12/site-packages/airflow/example_dags/example_short_circuit_operator.py for tasks to queue
[2024-06-15T02:20:51.549+0000] {logging_mixin.py:188} INFO - [2024-06-15T02:20:51.549+0000] {dagbag.py:545} INFO - Filling up the DagBag from /home/airflow/.local/lib/python3.12/site-packages/airflow/example_dags/example_short_circuit_operator.py
[2024-06-15T02:20:51.555+0000] {processor.py:840} INFO - DAG(s) 'example_short_circuit_operator' retrieved from /home/airflow/.local/lib/python3.12/site-packages/airflow/example_dags/example_short_circuit_operator.py
[2024-06-15T02:20:51.574+0000] {logging_mixin.py:188} INFO - [2024-06-15T02:20:51.574+0000] {dag.py:3096} INFO - Sync 1 DAGs
[2024-06-15T02:20:51.593+0000] {logging_mixin.py:188} INFO - [2024-06-15T02:20:51.593+0000] {dag.py:3954} INFO - Setting next_dagrun for example_short_circuit_operator to 2024-06-14 00:00:00+00:00, run_after=2024-06-15 00:00:00+00:00
[2024-06-15T02:20:51.608+0000] {processor.py:183} INFO - Processing /home/airflow/.local/lib/python3.12/site-packages/airflow/example_dags/example_short_circuit_operator.py took 0.065 seconds
[2024-06-15T02:21:21.976+0000] {processor.py:161} INFO - Started process (PID=2021) to work on /home/airflow/.local/lib/python3.12/site-packages/airflow/example_dags/example_short_circuit_operator.py
[2024-06-15T02:21:21.977+0000] {processor.py:830} INFO - Processing file /home/airflow/.local/lib/python3.12/site-packages/airflow/example_dags/example_short_circuit_operator.py for tasks to queue
[2024-06-15T02:21:21.979+0000] {logging_mixin.py:188} INFO - [2024-06-15T02:21:21.978+0000] {dagbag.py:545} INFO - Filling up the DagBag from /home/airflow/.local/lib/python3.12/site-packages/airflow/example_dags/example_short_circuit_operator.py
[2024-06-15T02:21:21.986+0000] {processor.py:840} INFO - DAG(s) 'example_short_circuit_operator' retrieved from /home/airflow/.local/lib/python3.12/site-packages/airflow/example_dags/example_short_circuit_operator.py
[2024-06-15T02:21:22.005+0000] {logging_mixin.py:188} INFO - [2024-06-15T02:21:22.005+0000] {dag.py:3096} INFO - Sync 1 DAGs
[2024-06-15T02:21:22.025+0000] {logging_mixin.py:188} INFO - [2024-06-15T02:21:22.024+0000] {dag.py:3954} INFO - Setting next_dagrun for example_short_circuit_operator to 2024-06-14 00:00:00+00:00, run_after=2024-06-15 00:00:00+00:00
[2024-06-15T02:21:22.043+0000] {processor.py:183} INFO - Processing /home/airflow/.local/lib/python3.12/site-packages/airflow/example_dags/example_short_circuit_operator.py took 0.071 seconds
[2024-06-15T02:21:52.250+0000] {processor.py:161} INFO - Started process (PID=2079) to work on /home/airflow/.local/lib/python3.12/site-packages/airflow/example_dags/example_short_circuit_operator.py
[2024-06-15T02:21:52.251+0000] {processor.py:830} INFO - Processing file /home/airflow/.local/lib/python3.12/site-packages/airflow/example_dags/example_short_circuit_operator.py for tasks to queue
[2024-06-15T02:21:52.252+0000] {logging_mixin.py:188} INFO - [2024-06-15T02:21:52.252+0000] {dagbag.py:545} INFO - Filling up the DagBag from /home/airflow/.local/lib/python3.12/site-packages/airflow/example_dags/example_short_circuit_operator.py
[2024-06-15T02:21:52.259+0000] {processor.py:840} INFO - DAG(s) 'example_short_circuit_operator' retrieved from /home/airflow/.local/lib/python3.12/site-packages/airflow/example_dags/example_short_circuit_operator.py
[2024-06-15T02:21:52.279+0000] {logging_mixin.py:188} INFO - [2024-06-15T02:21:52.279+0000] {dag.py:3096} INFO - Sync 1 DAGs
[2024-06-15T02:21:52.296+0000] {logging_mixin.py:188} INFO - [2024-06-15T02:21:52.296+0000] {dag.py:3954} INFO - Setting next_dagrun for example_short_circuit_operator to 2024-06-14 00:00:00+00:00, run_after=2024-06-15 00:00:00+00:00
[2024-06-15T02:21:52.311+0000] {processor.py:183} INFO - Processing /home/airflow/.local/lib/python3.12/site-packages/airflow/example_dags/example_short_circuit_operator.py took 0.065 seconds
[2024-06-15T02:22:22.890+0000] {processor.py:161} INFO - Started process (PID=2137) to work on /home/airflow/.local/lib/python3.12/site-packages/airflow/example_dags/example_short_circuit_operator.py
[2024-06-15T02:22:22.891+0000] {processor.py:830} INFO - Processing file /home/airflow/.local/lib/python3.12/site-packages/airflow/example_dags/example_short_circuit_operator.py for tasks to queue
[2024-06-15T02:22:22.892+0000] {logging_mixin.py:188} INFO - [2024-06-15T02:22:22.892+0000] {dagbag.py:545} INFO - Filling up the DagBag from /home/airflow/.local/lib/python3.12/site-packages/airflow/example_dags/example_short_circuit_operator.py
[2024-06-15T02:22:22.898+0000] {processor.py:840} INFO - DAG(s) 'example_short_circuit_operator' retrieved from /home/airflow/.local/lib/python3.12/site-packages/airflow/example_dags/example_short_circuit_operator.py
[2024-06-15T02:22:22.915+0000] {logging_mixin.py:188} INFO - [2024-06-15T02:22:22.915+0000] {dag.py:3096} INFO - Sync 1 DAGs
[2024-06-15T02:22:22.932+0000] {logging_mixin.py:188} INFO - [2024-06-15T02:22:22.932+0000] {dag.py:3954} INFO - Setting next_dagrun for example_short_circuit_operator to 2024-06-14 00:00:00+00:00, run_after=2024-06-15 00:00:00+00:00
[2024-06-15T02:22:22.946+0000] {processor.py:183} INFO - Processing /home/airflow/.local/lib/python3.12/site-packages/airflow/example_dags/example_short_circuit_operator.py took 0.060 seconds
[2024-06-15T02:22:53.118+0000] {processor.py:161} INFO - Started process (PID=2195) to work on /home/airflow/.local/lib/python3.12/site-packages/airflow/example_dags/example_short_circuit_operator.py
[2024-06-15T02:22:53.119+0000] {processor.py:830} INFO - Processing file /home/airflow/.local/lib/python3.12/site-packages/airflow/example_dags/example_short_circuit_operator.py for tasks to queue
[2024-06-15T02:22:53.120+0000] {logging_mixin.py:188} INFO - [2024-06-15T02:22:53.120+0000] {dagbag.py:545} INFO - Filling up the DagBag from /home/airflow/.local/lib/python3.12/site-packages/airflow/example_dags/example_short_circuit_operator.py
[2024-06-15T02:22:53.126+0000] {processor.py:840} INFO - DAG(s) 'example_short_circuit_operator' retrieved from /home/airflow/.local/lib/python3.12/site-packages/airflow/example_dags/example_short_circuit_operator.py
[2024-06-15T02:22:53.146+0000] {logging_mixin.py:188} INFO - [2024-06-15T02:22:53.146+0000] {dag.py:3096} INFO - Sync 1 DAGs
[2024-06-15T02:22:53.164+0000] {logging_mixin.py:188} INFO - [2024-06-15T02:22:53.163+0000] {dag.py:3954} INFO - Setting next_dagrun for example_short_circuit_operator to 2024-06-14 00:00:00+00:00, run_after=2024-06-15 00:00:00+00:00
[2024-06-15T02:22:53.178+0000] {processor.py:183} INFO - Processing /home/airflow/.local/lib/python3.12/site-packages/airflow/example_dags/example_short_circuit_operator.py took 0.064 seconds
[2024-06-15T02:23:23.277+0000] {processor.py:161} INFO - Started process (PID=2253) to work on /home/airflow/.local/lib/python3.12/site-packages/airflow/example_dags/example_short_circuit_operator.py
[2024-06-15T02:23:23.277+0000] {processor.py:830} INFO - Processing file /home/airflow/.local/lib/python3.12/site-packages/airflow/example_dags/example_short_circuit_operator.py for tasks to queue
[2024-06-15T02:23:23.279+0000] {logging_mixin.py:188} INFO - [2024-06-15T02:23:23.279+0000] {dagbag.py:545} INFO - Filling up the DagBag from /home/airflow/.local/lib/python3.12/site-packages/airflow/example_dags/example_short_circuit_operator.py
[2024-06-15T02:23:23.284+0000] {processor.py:840} INFO - DAG(s) 'example_short_circuit_operator' retrieved from /home/airflow/.local/lib/python3.12/site-packages/airflow/example_dags/example_short_circuit_operator.py
[2024-06-15T02:23:23.301+0000] {logging_mixin.py:188} INFO - [2024-06-15T02:23:23.301+0000] {dag.py:3096} INFO - Sync 1 DAGs
[2024-06-15T02:23:23.321+0000] {logging_mixin.py:188} INFO - [2024-06-15T02:23:23.321+0000] {dag.py:3954} INFO - Setting next_dagrun for example_short_circuit_operator to 2024-06-14 00:00:00+00:00, run_after=2024-06-15 00:00:00+00:00
[2024-06-15T02:23:23.335+0000] {processor.py:183} INFO - Processing /home/airflow/.local/lib/python3.12/site-packages/airflow/example_dags/example_short_circuit_operator.py took 0.063 seconds
[2024-06-15T02:23:53.555+0000] {processor.py:161} INFO - Started process (PID=2311) to work on /home/airflow/.local/lib/python3.12/site-packages/airflow/example_dags/example_short_circuit_operator.py
[2024-06-15T02:23:53.556+0000] {processor.py:830} INFO - Processing file /home/airflow/.local/lib/python3.12/site-packages/airflow/example_dags/example_short_circuit_operator.py for tasks to queue
[2024-06-15T02:23:53.557+0000] {logging_mixin.py:188} INFO - [2024-06-15T02:23:53.557+0000] {dagbag.py:545} INFO - Filling up the DagBag from /home/airflow/.local/lib/python3.12/site-packages/airflow/example_dags/example_short_circuit_operator.py
[2024-06-15T02:23:53.563+0000] {processor.py:840} INFO - DAG(s) 'example_short_circuit_operator' retrieved from /home/airflow/.local/lib/python3.12/site-packages/airflow/example_dags/example_short_circuit_operator.py
[2024-06-15T02:23:53.582+0000] {logging_mixin.py:188} INFO - [2024-06-15T02:23:53.582+0000] {dag.py:3096} INFO - Sync 1 DAGs
[2024-06-15T02:23:53.599+0000] {logging_mixin.py:188} INFO - [2024-06-15T02:23:53.599+0000] {dag.py:3954} INFO - Setting next_dagrun for example_short_circuit_operator to 2024-06-14 00:00:00+00:00, run_after=2024-06-15 00:00:00+00:00
[2024-06-15T02:23:53.614+0000] {processor.py:183} INFO - Processing /home/airflow/.local/lib/python3.12/site-packages/airflow/example_dags/example_short_circuit_operator.py took 0.065 seconds
