[2024-06-15T02:04:07.262+0000] {processor.py:161} INFO - Started process (PID=38) to work on /home/airflow/.local/lib/python3.12/site-packages/airflow/example_dags/example_skip_dag.py
[2024-06-15T02:04:07.263+0000] {processor.py:830} INFO - Processing file /home/airflow/.local/lib/python3.12/site-packages/airflow/example_dags/example_skip_dag.py for tasks to queue
[2024-06-15T02:04:07.265+0000] {logging_mixin.py:188} INFO - [2024-06-15T02:04:07.264+0000] {dagbag.py:545} INFO - Filling up the DagBag from /home/airflow/.local/lib/python3.12/site-packages/airflow/example_dags/example_skip_dag.py
[2024-06-15T02:04:07.271+0000] {processor.py:840} INFO - DAG(s) 'example_skip_dag' retrieved from /home/airflow/.local/lib/python3.12/site-packages/airflow/example_dags/example_skip_dag.py
[2024-06-15T02:04:07.282+0000] {logging_mixin.py:188} INFO - [2024-06-15T02:04:07.282+0000] {dag.py:3096} INFO - Sync 1 DAGs
[2024-06-15T02:04:07.304+0000] {logging_mixin.py:188} INFO - [2024-06-15T02:04:07.304+0000] {dag.py:3954} INFO - Setting next_dagrun for example_skip_dag to 2024-06-14 00:00:00+00:00, run_after=2024-06-15 00:00:00+00:00
[2024-06-15T02:04:07.322+0000] {processor.py:183} INFO - Processing /home/airflow/.local/lib/python3.12/site-packages/airflow/example_dags/example_skip_dag.py took 0.064 seconds
[2024-06-15T02:04:37.568+0000] {processor.py:161} INFO - Started process (PID=96) to work on /home/airflow/.local/lib/python3.12/site-packages/airflow/example_dags/example_skip_dag.py
[2024-06-15T02:04:37.568+0000] {processor.py:830} INFO - Processing file /home/airflow/.local/lib/python3.12/site-packages/airflow/example_dags/example_skip_dag.py for tasks to queue
[2024-06-15T02:04:37.570+0000] {logging_mixin.py:188} INFO - [2024-06-15T02:04:37.569+0000] {dagbag.py:545} INFO - Filling up the DagBag from /home/airflow/.local/lib/python3.12/site-packages/airflow/example_dags/example_skip_dag.py
[2024-06-15T02:04:37.574+0000] {processor.py:840} INFO - DAG(s) 'example_skip_dag' retrieved from /home/airflow/.local/lib/python3.12/site-packages/airflow/example_dags/example_skip_dag.py
[2024-06-15T02:04:37.666+0000] {logging_mixin.py:188} INFO - [2024-06-15T02:04:37.666+0000] {dag.py:3096} INFO - Sync 1 DAGs
[2024-06-15T02:04:37.683+0000] {logging_mixin.py:188} INFO - [2024-06-15T02:04:37.682+0000] {dag.py:3954} INFO - Setting next_dagrun for example_skip_dag to 2024-06-14 00:00:00+00:00, run_after=2024-06-15 00:00:00+00:00
[2024-06-15T02:04:37.698+0000] {processor.py:183} INFO - Processing /home/airflow/.local/lib/python3.12/site-packages/airflow/example_dags/example_skip_dag.py took 0.133 seconds
[2024-06-15T02:05:08.581+0000] {processor.py:161} INFO - Started process (PID=154) to work on /home/airflow/.local/lib/python3.12/site-packages/airflow/example_dags/example_skip_dag.py
[2024-06-15T02:05:08.581+0000] {processor.py:830} INFO - Processing file /home/airflow/.local/lib/python3.12/site-packages/airflow/example_dags/example_skip_dag.py for tasks to queue
[2024-06-15T02:05:08.583+0000] {logging_mixin.py:188} INFO - [2024-06-15T02:05:08.583+0000] {dagbag.py:545} INFO - Filling up the DagBag from /home/airflow/.local/lib/python3.12/site-packages/airflow/example_dags/example_skip_dag.py
[2024-06-15T02:05:08.588+0000] {processor.py:840} INFO - DAG(s) 'example_skip_dag' retrieved from /home/airflow/.local/lib/python3.12/site-packages/airflow/example_dags/example_skip_dag.py
[2024-06-15T02:05:08.606+0000] {logging_mixin.py:188} INFO - [2024-06-15T02:05:08.605+0000] {dag.py:3096} INFO - Sync 1 DAGs
[2024-06-15T02:05:08.624+0000] {logging_mixin.py:188} INFO - [2024-06-15T02:05:08.624+0000] {dag.py:3954} INFO - Setting next_dagrun for example_skip_dag to 2024-06-14 00:00:00+00:00, run_after=2024-06-15 00:00:00+00:00
[2024-06-15T02:05:08.771+0000] {processor.py:183} INFO - Processing /home/airflow/.local/lib/python3.12/site-packages/airflow/example_dags/example_skip_dag.py took 0.194 seconds
[2024-06-15T02:05:39.206+0000] {processor.py:161} INFO - Started process (PID=212) to work on /home/airflow/.local/lib/python3.12/site-packages/airflow/example_dags/example_skip_dag.py
[2024-06-15T02:05:39.206+0000] {processor.py:830} INFO - Processing file /home/airflow/.local/lib/python3.12/site-packages/airflow/example_dags/example_skip_dag.py for tasks to queue
[2024-06-15T02:05:39.208+0000] {logging_mixin.py:188} INFO - [2024-06-15T02:05:39.208+0000] {dagbag.py:545} INFO - Filling up the DagBag from /home/airflow/.local/lib/python3.12/site-packages/airflow/example_dags/example_skip_dag.py
[2024-06-15T02:05:39.212+0000] {processor.py:840} INFO - DAG(s) 'example_skip_dag' retrieved from /home/airflow/.local/lib/python3.12/site-packages/airflow/example_dags/example_skip_dag.py
[2024-06-15T02:05:39.231+0000] {logging_mixin.py:188} INFO - [2024-06-15T02:05:39.231+0000] {dag.py:3096} INFO - Sync 1 DAGs
[2024-06-15T02:05:39.250+0000] {logging_mixin.py:188} INFO - [2024-06-15T02:05:39.250+0000] {dag.py:3954} INFO - Setting next_dagrun for example_skip_dag to 2024-06-14 00:00:00+00:00, run_after=2024-06-15 00:00:00+00:00
[2024-06-15T02:05:39.265+0000] {processor.py:183} INFO - Processing /home/airflow/.local/lib/python3.12/site-packages/airflow/example_dags/example_skip_dag.py took 0.063 seconds
[2024-06-15T02:06:09.567+0000] {processor.py:161} INFO - Started process (PID=270) to work on /home/airflow/.local/lib/python3.12/site-packages/airflow/example_dags/example_skip_dag.py
[2024-06-15T02:06:09.568+0000] {processor.py:830} INFO - Processing file /home/airflow/.local/lib/python3.12/site-packages/airflow/example_dags/example_skip_dag.py for tasks to queue
[2024-06-15T02:06:09.569+0000] {logging_mixin.py:188} INFO - [2024-06-15T02:06:09.569+0000] {dagbag.py:545} INFO - Filling up the DagBag from /home/airflow/.local/lib/python3.12/site-packages/airflow/example_dags/example_skip_dag.py
[2024-06-15T02:06:09.574+0000] {processor.py:840} INFO - DAG(s) 'example_skip_dag' retrieved from /home/airflow/.local/lib/python3.12/site-packages/airflow/example_dags/example_skip_dag.py
[2024-06-15T02:06:09.590+0000] {logging_mixin.py:188} INFO - [2024-06-15T02:06:09.590+0000] {dag.py:3096} INFO - Sync 1 DAGs
[2024-06-15T02:06:09.609+0000] {logging_mixin.py:188} INFO - [2024-06-15T02:06:09.608+0000] {dag.py:3954} INFO - Setting next_dagrun for example_skip_dag to 2024-06-14 00:00:00+00:00, run_after=2024-06-15 00:00:00+00:00
[2024-06-15T02:06:09.624+0000] {processor.py:183} INFO - Processing /home/airflow/.local/lib/python3.12/site-packages/airflow/example_dags/example_skip_dag.py took 0.060 seconds
[2024-06-15T02:06:39.756+0000] {processor.py:161} INFO - Started process (PID=328) to work on /home/airflow/.local/lib/python3.12/site-packages/airflow/example_dags/example_skip_dag.py
[2024-06-15T02:06:39.756+0000] {processor.py:830} INFO - Processing file /home/airflow/.local/lib/python3.12/site-packages/airflow/example_dags/example_skip_dag.py for tasks to queue
[2024-06-15T02:06:39.758+0000] {logging_mixin.py:188} INFO - [2024-06-15T02:06:39.758+0000] {dagbag.py:545} INFO - Filling up the DagBag from /home/airflow/.local/lib/python3.12/site-packages/airflow/example_dags/example_skip_dag.py
[2024-06-15T02:06:39.762+0000] {processor.py:840} INFO - DAG(s) 'example_skip_dag' retrieved from /home/airflow/.local/lib/python3.12/site-packages/airflow/example_dags/example_skip_dag.py
[2024-06-15T02:06:39.782+0000] {logging_mixin.py:188} INFO - [2024-06-15T02:06:39.782+0000] {dag.py:3096} INFO - Sync 1 DAGs
[2024-06-15T02:06:39.799+0000] {logging_mixin.py:188} INFO - [2024-06-15T02:06:39.799+0000] {dag.py:3954} INFO - Setting next_dagrun for example_skip_dag to 2024-06-14 00:00:00+00:00, run_after=2024-06-15 00:00:00+00:00
[2024-06-15T02:06:39.939+0000] {processor.py:183} INFO - Processing /home/airflow/.local/lib/python3.12/site-packages/airflow/example_dags/example_skip_dag.py took 0.188 seconds
[2024-06-15T02:07:10.114+0000] {processor.py:161} INFO - Started process (PID=386) to work on /home/airflow/.local/lib/python3.12/site-packages/airflow/example_dags/example_skip_dag.py
[2024-06-15T02:07:10.114+0000] {processor.py:830} INFO - Processing file /home/airflow/.local/lib/python3.12/site-packages/airflow/example_dags/example_skip_dag.py for tasks to queue
[2024-06-15T02:07:10.117+0000] {logging_mixin.py:188} INFO - [2024-06-15T02:07:10.116+0000] {dagbag.py:545} INFO - Filling up the DagBag from /home/airflow/.local/lib/python3.12/site-packages/airflow/example_dags/example_skip_dag.py
[2024-06-15T02:07:10.122+0000] {processor.py:840} INFO - DAG(s) 'example_skip_dag' retrieved from /home/airflow/.local/lib/python3.12/site-packages/airflow/example_dags/example_skip_dag.py
[2024-06-15T02:07:10.141+0000] {logging_mixin.py:188} INFO - [2024-06-15T02:07:10.141+0000] {dag.py:3096} INFO - Sync 1 DAGs
[2024-06-15T02:07:10.162+0000] {logging_mixin.py:188} INFO - [2024-06-15T02:07:10.162+0000] {dag.py:3954} INFO - Setting next_dagrun for example_skip_dag to 2024-06-14 00:00:00+00:00, run_after=2024-06-15 00:00:00+00:00
[2024-06-15T02:07:10.178+0000] {processor.py:183} INFO - Processing /home/airflow/.local/lib/python3.12/site-packages/airflow/example_dags/example_skip_dag.py took 0.068 seconds
[2024-06-15T02:07:40.238+0000] {processor.py:161} INFO - Started process (PID=444) to work on /home/airflow/.local/lib/python3.12/site-packages/airflow/example_dags/example_skip_dag.py
[2024-06-15T02:07:40.238+0000] {processor.py:830} INFO - Processing file /home/airflow/.local/lib/python3.12/site-packages/airflow/example_dags/example_skip_dag.py for tasks to queue
[2024-06-15T02:07:40.240+0000] {logging_mixin.py:188} INFO - [2024-06-15T02:07:40.239+0000] {dagbag.py:545} INFO - Filling up the DagBag from /home/airflow/.local/lib/python3.12/site-packages/airflow/example_dags/example_skip_dag.py
[2024-06-15T02:07:40.244+0000] {processor.py:840} INFO - DAG(s) 'example_skip_dag' retrieved from /home/airflow/.local/lib/python3.12/site-packages/airflow/example_dags/example_skip_dag.py
[2024-06-15T02:07:40.260+0000] {logging_mixin.py:188} INFO - [2024-06-15T02:07:40.260+0000] {dag.py:3096} INFO - Sync 1 DAGs
[2024-06-15T02:07:40.278+0000] {logging_mixin.py:188} INFO - [2024-06-15T02:07:40.277+0000] {dag.py:3954} INFO - Setting next_dagrun for example_skip_dag to 2024-06-14 00:00:00+00:00, run_after=2024-06-15 00:00:00+00:00
[2024-06-15T02:07:40.291+0000] {processor.py:183} INFO - Processing /home/airflow/.local/lib/python3.12/site-packages/airflow/example_dags/example_skip_dag.py took 0.058 seconds
[2024-06-15T02:08:10.688+0000] {processor.py:161} INFO - Started process (PID=502) to work on /home/airflow/.local/lib/python3.12/site-packages/airflow/example_dags/example_skip_dag.py
[2024-06-15T02:08:10.689+0000] {processor.py:830} INFO - Processing file /home/airflow/.local/lib/python3.12/site-packages/airflow/example_dags/example_skip_dag.py for tasks to queue
[2024-06-15T02:08:10.690+0000] {logging_mixin.py:188} INFO - [2024-06-15T02:08:10.690+0000] {dagbag.py:545} INFO - Filling up the DagBag from /home/airflow/.local/lib/python3.12/site-packages/airflow/example_dags/example_skip_dag.py
[2024-06-15T02:08:10.695+0000] {processor.py:840} INFO - DAG(s) 'example_skip_dag' retrieved from /home/airflow/.local/lib/python3.12/site-packages/airflow/example_dags/example_skip_dag.py
[2024-06-15T02:08:10.714+0000] {logging_mixin.py:188} INFO - [2024-06-15T02:08:10.713+0000] {dag.py:3096} INFO - Sync 1 DAGs
[2024-06-15T02:08:10.735+0000] {logging_mixin.py:188} INFO - [2024-06-15T02:08:10.735+0000] {dag.py:3954} INFO - Setting next_dagrun for example_skip_dag to 2024-06-14 00:00:00+00:00, run_after=2024-06-15 00:00:00+00:00
[2024-06-15T02:08:10.750+0000] {processor.py:183} INFO - Processing /home/airflow/.local/lib/python3.12/site-packages/airflow/example_dags/example_skip_dag.py took 0.066 seconds
[2024-06-15T02:08:41.091+0000] {processor.py:161} INFO - Started process (PID=560) to work on /home/airflow/.local/lib/python3.12/site-packages/airflow/example_dags/example_skip_dag.py
[2024-06-15T02:08:41.093+0000] {processor.py:830} INFO - Processing file /home/airflow/.local/lib/python3.12/site-packages/airflow/example_dags/example_skip_dag.py for tasks to queue
[2024-06-15T02:08:41.096+0000] {logging_mixin.py:188} INFO - [2024-06-15T02:08:41.095+0000] {dagbag.py:545} INFO - Filling up the DagBag from /home/airflow/.local/lib/python3.12/site-packages/airflow/example_dags/example_skip_dag.py
[2024-06-15T02:08:41.102+0000] {processor.py:840} INFO - DAG(s) 'example_skip_dag' retrieved from /home/airflow/.local/lib/python3.12/site-packages/airflow/example_dags/example_skip_dag.py
[2024-06-15T02:08:41.119+0000] {logging_mixin.py:188} INFO - [2024-06-15T02:08:41.119+0000] {dag.py:3096} INFO - Sync 1 DAGs
[2024-06-15T02:08:41.139+0000] {logging_mixin.py:188} INFO - [2024-06-15T02:08:41.139+0000] {dag.py:3954} INFO - Setting next_dagrun for example_skip_dag to 2024-06-14 00:00:00+00:00, run_after=2024-06-15 00:00:00+00:00
[2024-06-15T02:08:41.155+0000] {processor.py:183} INFO - Processing /home/airflow/.local/lib/python3.12/site-packages/airflow/example_dags/example_skip_dag.py took 0.072 seconds
[2024-06-15T02:09:11.508+0000] {processor.py:161} INFO - Started process (PID=618) to work on /home/airflow/.local/lib/python3.12/site-packages/airflow/example_dags/example_skip_dag.py
[2024-06-15T02:09:11.509+0000] {processor.py:830} INFO - Processing file /home/airflow/.local/lib/python3.12/site-packages/airflow/example_dags/example_skip_dag.py for tasks to queue
[2024-06-15T02:09:11.510+0000] {logging_mixin.py:188} INFO - [2024-06-15T02:09:11.510+0000] {dagbag.py:545} INFO - Filling up the DagBag from /home/airflow/.local/lib/python3.12/site-packages/airflow/example_dags/example_skip_dag.py
[2024-06-15T02:09:11.516+0000] {processor.py:840} INFO - DAG(s) 'example_skip_dag' retrieved from /home/airflow/.local/lib/python3.12/site-packages/airflow/example_dags/example_skip_dag.py
[2024-06-15T02:09:11.534+0000] {logging_mixin.py:188} INFO - [2024-06-15T02:09:11.534+0000] {dag.py:3096} INFO - Sync 1 DAGs
[2024-06-15T02:09:11.552+0000] {logging_mixin.py:188} INFO - [2024-06-15T02:09:11.552+0000] {dag.py:3954} INFO - Setting next_dagrun for example_skip_dag to 2024-06-14 00:00:00+00:00, run_after=2024-06-15 00:00:00+00:00
[2024-06-15T02:09:11.567+0000] {processor.py:183} INFO - Processing /home/airflow/.local/lib/python3.12/site-packages/airflow/example_dags/example_skip_dag.py took 0.063 seconds
[2024-06-15T02:09:41.680+0000] {processor.py:161} INFO - Started process (PID=676) to work on /home/airflow/.local/lib/python3.12/site-packages/airflow/example_dags/example_skip_dag.py
[2024-06-15T02:09:41.681+0000] {processor.py:830} INFO - Processing file /home/airflow/.local/lib/python3.12/site-packages/airflow/example_dags/example_skip_dag.py for tasks to queue
[2024-06-15T02:09:41.682+0000] {logging_mixin.py:188} INFO - [2024-06-15T02:09:41.682+0000] {dagbag.py:545} INFO - Filling up the DagBag from /home/airflow/.local/lib/python3.12/site-packages/airflow/example_dags/example_skip_dag.py
[2024-06-15T02:09:41.687+0000] {processor.py:840} INFO - DAG(s) 'example_skip_dag' retrieved from /home/airflow/.local/lib/python3.12/site-packages/airflow/example_dags/example_skip_dag.py
[2024-06-15T02:09:41.704+0000] {logging_mixin.py:188} INFO - [2024-06-15T02:09:41.704+0000] {dag.py:3096} INFO - Sync 1 DAGs
[2024-06-15T02:09:41.726+0000] {logging_mixin.py:188} INFO - [2024-06-15T02:09:41.726+0000] {dag.py:3954} INFO - Setting next_dagrun for example_skip_dag to 2024-06-14 00:00:00+00:00, run_after=2024-06-15 00:00:00+00:00
[2024-06-15T02:09:41.741+0000] {processor.py:183} INFO - Processing /home/airflow/.local/lib/python3.12/site-packages/airflow/example_dags/example_skip_dag.py took 0.065 seconds
[2024-06-15T02:10:11.840+0000] {processor.py:161} INFO - Started process (PID=734) to work on /home/airflow/.local/lib/python3.12/site-packages/airflow/example_dags/example_skip_dag.py
[2024-06-15T02:10:11.841+0000] {processor.py:830} INFO - Processing file /home/airflow/.local/lib/python3.12/site-packages/airflow/example_dags/example_skip_dag.py for tasks to queue
[2024-06-15T02:10:11.842+0000] {logging_mixin.py:188} INFO - [2024-06-15T02:10:11.842+0000] {dagbag.py:545} INFO - Filling up the DagBag from /home/airflow/.local/lib/python3.12/site-packages/airflow/example_dags/example_skip_dag.py
[2024-06-15T02:10:11.846+0000] {processor.py:840} INFO - DAG(s) 'example_skip_dag' retrieved from /home/airflow/.local/lib/python3.12/site-packages/airflow/example_dags/example_skip_dag.py
[2024-06-15T02:10:11.862+0000] {logging_mixin.py:188} INFO - [2024-06-15T02:10:11.862+0000] {dag.py:3096} INFO - Sync 1 DAGs
[2024-06-15T02:10:11.880+0000] {logging_mixin.py:188} INFO - [2024-06-15T02:10:11.880+0000] {dag.py:3954} INFO - Setting next_dagrun for example_skip_dag to 2024-06-14 00:00:00+00:00, run_after=2024-06-15 00:00:00+00:00
[2024-06-15T02:10:11.894+0000] {processor.py:183} INFO - Processing /home/airflow/.local/lib/python3.12/site-packages/airflow/example_dags/example_skip_dag.py took 0.058 seconds
[2024-06-15T02:10:42.344+0000] {processor.py:161} INFO - Started process (PID=792) to work on /home/airflow/.local/lib/python3.12/site-packages/airflow/example_dags/example_skip_dag.py
[2024-06-15T02:10:42.345+0000] {processor.py:830} INFO - Processing file /home/airflow/.local/lib/python3.12/site-packages/airflow/example_dags/example_skip_dag.py for tasks to queue
[2024-06-15T02:10:42.346+0000] {logging_mixin.py:188} INFO - [2024-06-15T02:10:42.346+0000] {dagbag.py:545} INFO - Filling up the DagBag from /home/airflow/.local/lib/python3.12/site-packages/airflow/example_dags/example_skip_dag.py
[2024-06-15T02:10:42.351+0000] {processor.py:840} INFO - DAG(s) 'example_skip_dag' retrieved from /home/airflow/.local/lib/python3.12/site-packages/airflow/example_dags/example_skip_dag.py
[2024-06-15T02:10:42.367+0000] {logging_mixin.py:188} INFO - [2024-06-15T02:10:42.367+0000] {dag.py:3096} INFO - Sync 1 DAGs
[2024-06-15T02:10:42.386+0000] {logging_mixin.py:188} INFO - [2024-06-15T02:10:42.385+0000] {dag.py:3954} INFO - Setting next_dagrun for example_skip_dag to 2024-06-14 00:00:00+00:00, run_after=2024-06-15 00:00:00+00:00
[2024-06-15T02:10:42.401+0000] {processor.py:183} INFO - Processing /home/airflow/.local/lib/python3.12/site-packages/airflow/example_dags/example_skip_dag.py took 0.061 seconds
[2024-06-15T02:11:12.934+0000] {processor.py:161} INFO - Started process (PID=850) to work on /home/airflow/.local/lib/python3.12/site-packages/airflow/example_dags/example_skip_dag.py
[2024-06-15T02:11:12.934+0000] {processor.py:830} INFO - Processing file /home/airflow/.local/lib/python3.12/site-packages/airflow/example_dags/example_skip_dag.py for tasks to queue
[2024-06-15T02:11:12.936+0000] {logging_mixin.py:188} INFO - [2024-06-15T02:11:12.935+0000] {dagbag.py:545} INFO - Filling up the DagBag from /home/airflow/.local/lib/python3.12/site-packages/airflow/example_dags/example_skip_dag.py
[2024-06-15T02:11:12.941+0000] {processor.py:840} INFO - DAG(s) 'example_skip_dag' retrieved from /home/airflow/.local/lib/python3.12/site-packages/airflow/example_dags/example_skip_dag.py
[2024-06-15T02:11:12.960+0000] {logging_mixin.py:188} INFO - [2024-06-15T02:11:12.960+0000] {dag.py:3096} INFO - Sync 1 DAGs
[2024-06-15T02:11:12.979+0000] {logging_mixin.py:188} INFO - [2024-06-15T02:11:12.978+0000] {dag.py:3954} INFO - Setting next_dagrun for example_skip_dag to 2024-06-14 00:00:00+00:00, run_after=2024-06-15 00:00:00+00:00
[2024-06-15T02:11:12.993+0000] {processor.py:183} INFO - Processing /home/airflow/.local/lib/python3.12/site-packages/airflow/example_dags/example_skip_dag.py took 0.064 seconds
[2024-06-15T02:11:43.367+0000] {processor.py:161} INFO - Started process (PID=908) to work on /home/airflow/.local/lib/python3.12/site-packages/airflow/example_dags/example_skip_dag.py
[2024-06-15T02:11:43.368+0000] {processor.py:830} INFO - Processing file /home/airflow/.local/lib/python3.12/site-packages/airflow/example_dags/example_skip_dag.py for tasks to queue
[2024-06-15T02:11:43.370+0000] {logging_mixin.py:188} INFO - [2024-06-15T02:11:43.369+0000] {dagbag.py:545} INFO - Filling up the DagBag from /home/airflow/.local/lib/python3.12/site-packages/airflow/example_dags/example_skip_dag.py
[2024-06-15T02:11:43.383+0000] {processor.py:840} INFO - DAG(s) 'example_skip_dag' retrieved from /home/airflow/.local/lib/python3.12/site-packages/airflow/example_dags/example_skip_dag.py
[2024-06-15T02:11:43.404+0000] {logging_mixin.py:188} INFO - [2024-06-15T02:11:43.404+0000] {dag.py:3096} INFO - Sync 1 DAGs
[2024-06-15T02:11:43.429+0000] {logging_mixin.py:188} INFO - [2024-06-15T02:11:43.428+0000] {dag.py:3954} INFO - Setting next_dagrun for example_skip_dag to 2024-06-14 00:00:00+00:00, run_after=2024-06-15 00:00:00+00:00
[2024-06-15T02:11:43.455+0000] {processor.py:183} INFO - Processing /home/airflow/.local/lib/python3.12/site-packages/airflow/example_dags/example_skip_dag.py took 0.094 seconds
[2024-06-15T02:12:13.915+0000] {processor.py:161} INFO - Started process (PID=966) to work on /home/airflow/.local/lib/python3.12/site-packages/airflow/example_dags/example_skip_dag.py
[2024-06-15T02:12:13.915+0000] {processor.py:830} INFO - Processing file /home/airflow/.local/lib/python3.12/site-packages/airflow/example_dags/example_skip_dag.py for tasks to queue
[2024-06-15T02:12:13.917+0000] {logging_mixin.py:188} INFO - [2024-06-15T02:12:13.917+0000] {dagbag.py:545} INFO - Filling up the DagBag from /home/airflow/.local/lib/python3.12/site-packages/airflow/example_dags/example_skip_dag.py
[2024-06-15T02:12:13.922+0000] {processor.py:840} INFO - DAG(s) 'example_skip_dag' retrieved from /home/airflow/.local/lib/python3.12/site-packages/airflow/example_dags/example_skip_dag.py
[2024-06-15T02:12:13.940+0000] {logging_mixin.py:188} INFO - [2024-06-15T02:12:13.940+0000] {dag.py:3096} INFO - Sync 1 DAGs
[2024-06-15T02:12:13.966+0000] {logging_mixin.py:188} INFO - [2024-06-15T02:12:13.966+0000] {dag.py:3954} INFO - Setting next_dagrun for example_skip_dag to 2024-06-14 00:00:00+00:00, run_after=2024-06-15 00:00:00+00:00
[2024-06-15T02:12:13.990+0000] {processor.py:183} INFO - Processing /home/airflow/.local/lib/python3.12/site-packages/airflow/example_dags/example_skip_dag.py took 0.080 seconds
[2024-06-15T02:12:44.352+0000] {processor.py:161} INFO - Started process (PID=1024) to work on /home/airflow/.local/lib/python3.12/site-packages/airflow/example_dags/example_skip_dag.py
[2024-06-15T02:12:44.353+0000] {processor.py:830} INFO - Processing file /home/airflow/.local/lib/python3.12/site-packages/airflow/example_dags/example_skip_dag.py for tasks to queue
[2024-06-15T02:12:44.354+0000] {logging_mixin.py:188} INFO - [2024-06-15T02:12:44.354+0000] {dagbag.py:545} INFO - Filling up the DagBag from /home/airflow/.local/lib/python3.12/site-packages/airflow/example_dags/example_skip_dag.py
[2024-06-15T02:12:44.359+0000] {processor.py:840} INFO - DAG(s) 'example_skip_dag' retrieved from /home/airflow/.local/lib/python3.12/site-packages/airflow/example_dags/example_skip_dag.py
[2024-06-15T02:12:44.376+0000] {logging_mixin.py:188} INFO - [2024-06-15T02:12:44.375+0000] {dag.py:3096} INFO - Sync 1 DAGs
[2024-06-15T02:12:44.393+0000] {logging_mixin.py:188} INFO - [2024-06-15T02:12:44.393+0000] {dag.py:3954} INFO - Setting next_dagrun for example_skip_dag to 2024-06-14 00:00:00+00:00, run_after=2024-06-15 00:00:00+00:00
[2024-06-15T02:12:44.408+0000] {processor.py:183} INFO - Processing /home/airflow/.local/lib/python3.12/site-packages/airflow/example_dags/example_skip_dag.py took 0.060 seconds
[2024-06-15T02:13:14.742+0000] {processor.py:161} INFO - Started process (PID=1082) to work on /home/airflow/.local/lib/python3.12/site-packages/airflow/example_dags/example_skip_dag.py
[2024-06-15T02:13:14.743+0000] {processor.py:830} INFO - Processing file /home/airflow/.local/lib/python3.12/site-packages/airflow/example_dags/example_skip_dag.py for tasks to queue
[2024-06-15T02:13:14.744+0000] {logging_mixin.py:188} INFO - [2024-06-15T02:13:14.744+0000] {dagbag.py:545} INFO - Filling up the DagBag from /home/airflow/.local/lib/python3.12/site-packages/airflow/example_dags/example_skip_dag.py
[2024-06-15T02:13:14.750+0000] {processor.py:840} INFO - DAG(s) 'example_skip_dag' retrieved from /home/airflow/.local/lib/python3.12/site-packages/airflow/example_dags/example_skip_dag.py
[2024-06-15T02:13:14.769+0000] {logging_mixin.py:188} INFO - [2024-06-15T02:13:14.769+0000] {dag.py:3096} INFO - Sync 1 DAGs
[2024-06-15T02:13:14.786+0000] {logging_mixin.py:188} INFO - [2024-06-15T02:13:14.786+0000] {dag.py:3954} INFO - Setting next_dagrun for example_skip_dag to 2024-06-14 00:00:00+00:00, run_after=2024-06-15 00:00:00+00:00
[2024-06-15T02:13:14.801+0000] {processor.py:183} INFO - Processing /home/airflow/.local/lib/python3.12/site-packages/airflow/example_dags/example_skip_dag.py took 0.062 seconds
[2024-06-15T02:13:45.091+0000] {processor.py:161} INFO - Started process (PID=1140) to work on /home/airflow/.local/lib/python3.12/site-packages/airflow/example_dags/example_skip_dag.py
[2024-06-15T02:13:45.092+0000] {processor.py:830} INFO - Processing file /home/airflow/.local/lib/python3.12/site-packages/airflow/example_dags/example_skip_dag.py for tasks to queue
[2024-06-15T02:13:45.093+0000] {logging_mixin.py:188} INFO - [2024-06-15T02:13:45.093+0000] {dagbag.py:545} INFO - Filling up the DagBag from /home/airflow/.local/lib/python3.12/site-packages/airflow/example_dags/example_skip_dag.py
[2024-06-15T02:13:45.098+0000] {processor.py:840} INFO - DAG(s) 'example_skip_dag' retrieved from /home/airflow/.local/lib/python3.12/site-packages/airflow/example_dags/example_skip_dag.py
[2024-06-15T02:13:45.117+0000] {logging_mixin.py:188} INFO - [2024-06-15T02:13:45.116+0000] {dag.py:3096} INFO - Sync 1 DAGs
[2024-06-15T02:13:45.134+0000] {logging_mixin.py:188} INFO - [2024-06-15T02:13:45.134+0000] {dag.py:3954} INFO - Setting next_dagrun for example_skip_dag to 2024-06-14 00:00:00+00:00, run_after=2024-06-15 00:00:00+00:00
[2024-06-15T02:13:45.149+0000] {processor.py:183} INFO - Processing /home/airflow/.local/lib/python3.12/site-packages/airflow/example_dags/example_skip_dag.py took 0.062 seconds
[2024-06-15T02:14:15.426+0000] {processor.py:161} INFO - Started process (PID=1198) to work on /home/airflow/.local/lib/python3.12/site-packages/airflow/example_dags/example_skip_dag.py
[2024-06-15T02:14:15.426+0000] {processor.py:830} INFO - Processing file /home/airflow/.local/lib/python3.12/site-packages/airflow/example_dags/example_skip_dag.py for tasks to queue
[2024-06-15T02:14:15.428+0000] {logging_mixin.py:188} INFO - [2024-06-15T02:14:15.427+0000] {dagbag.py:545} INFO - Filling up the DagBag from /home/airflow/.local/lib/python3.12/site-packages/airflow/example_dags/example_skip_dag.py
[2024-06-15T02:14:15.433+0000] {processor.py:840} INFO - DAG(s) 'example_skip_dag' retrieved from /home/airflow/.local/lib/python3.12/site-packages/airflow/example_dags/example_skip_dag.py
[2024-06-15T02:14:15.449+0000] {logging_mixin.py:188} INFO - [2024-06-15T02:14:15.449+0000] {dag.py:3096} INFO - Sync 1 DAGs
[2024-06-15T02:14:15.469+0000] {logging_mixin.py:188} INFO - [2024-06-15T02:14:15.469+0000] {dag.py:3954} INFO - Setting next_dagrun for example_skip_dag to 2024-06-14 00:00:00+00:00, run_after=2024-06-15 00:00:00+00:00
[2024-06-15T02:14:15.484+0000] {processor.py:183} INFO - Processing /home/airflow/.local/lib/python3.12/site-packages/airflow/example_dags/example_skip_dag.py took 0.062 seconds
[2024-06-15T02:14:45.730+0000] {processor.py:161} INFO - Started process (PID=1256) to work on /home/airflow/.local/lib/python3.12/site-packages/airflow/example_dags/example_skip_dag.py
[2024-06-15T02:14:45.730+0000] {processor.py:830} INFO - Processing file /home/airflow/.local/lib/python3.12/site-packages/airflow/example_dags/example_skip_dag.py for tasks to queue
[2024-06-15T02:14:45.731+0000] {logging_mixin.py:188} INFO - [2024-06-15T02:14:45.731+0000] {dagbag.py:545} INFO - Filling up the DagBag from /home/airflow/.local/lib/python3.12/site-packages/airflow/example_dags/example_skip_dag.py
[2024-06-15T02:14:45.736+0000] {processor.py:840} INFO - DAG(s) 'example_skip_dag' retrieved from /home/airflow/.local/lib/python3.12/site-packages/airflow/example_dags/example_skip_dag.py
[2024-06-15T02:14:45.755+0000] {logging_mixin.py:188} INFO - [2024-06-15T02:14:45.755+0000] {dag.py:3096} INFO - Sync 1 DAGs
[2024-06-15T02:14:45.778+0000] {logging_mixin.py:188} INFO - [2024-06-15T02:14:45.777+0000] {dag.py:3954} INFO - Setting next_dagrun for example_skip_dag to 2024-06-14 00:00:00+00:00, run_after=2024-06-15 00:00:00+00:00
[2024-06-15T02:14:45.797+0000] {processor.py:183} INFO - Processing /home/airflow/.local/lib/python3.12/site-packages/airflow/example_dags/example_skip_dag.py took 0.071 seconds
[2024-06-15T02:15:16.189+0000] {processor.py:161} INFO - Started process (PID=1314) to work on /home/airflow/.local/lib/python3.12/site-packages/airflow/example_dags/example_skip_dag.py
[2024-06-15T02:15:16.190+0000] {processor.py:830} INFO - Processing file /home/airflow/.local/lib/python3.12/site-packages/airflow/example_dags/example_skip_dag.py for tasks to queue
[2024-06-15T02:15:16.191+0000] {logging_mixin.py:188} INFO - [2024-06-15T02:15:16.191+0000] {dagbag.py:545} INFO - Filling up the DagBag from /home/airflow/.local/lib/python3.12/site-packages/airflow/example_dags/example_skip_dag.py
[2024-06-15T02:15:16.196+0000] {processor.py:840} INFO - DAG(s) 'example_skip_dag' retrieved from /home/airflow/.local/lib/python3.12/site-packages/airflow/example_dags/example_skip_dag.py
[2024-06-15T02:15:16.213+0000] {logging_mixin.py:188} INFO - [2024-06-15T02:15:16.213+0000] {dag.py:3096} INFO - Sync 1 DAGs
[2024-06-15T02:15:16.231+0000] {logging_mixin.py:188} INFO - [2024-06-15T02:15:16.231+0000] {dag.py:3954} INFO - Setting next_dagrun for example_skip_dag to 2024-06-14 00:00:00+00:00, run_after=2024-06-15 00:00:00+00:00
[2024-06-15T02:15:16.246+0000] {processor.py:183} INFO - Processing /home/airflow/.local/lib/python3.12/site-packages/airflow/example_dags/example_skip_dag.py took 0.061 seconds
[2024-06-15T02:15:46.432+0000] {processor.py:161} INFO - Started process (PID=1372) to work on /home/airflow/.local/lib/python3.12/site-packages/airflow/example_dags/example_skip_dag.py
[2024-06-15T02:15:46.432+0000] {processor.py:830} INFO - Processing file /home/airflow/.local/lib/python3.12/site-packages/airflow/example_dags/example_skip_dag.py for tasks to queue
[2024-06-15T02:15:46.434+0000] {logging_mixin.py:188} INFO - [2024-06-15T02:15:46.433+0000] {dagbag.py:545} INFO - Filling up the DagBag from /home/airflow/.local/lib/python3.12/site-packages/airflow/example_dags/example_skip_dag.py
[2024-06-15T02:15:46.439+0000] {processor.py:840} INFO - DAG(s) 'example_skip_dag' retrieved from /home/airflow/.local/lib/python3.12/site-packages/airflow/example_dags/example_skip_dag.py
[2024-06-15T02:15:46.457+0000] {logging_mixin.py:188} INFO - [2024-06-15T02:15:46.457+0000] {dag.py:3096} INFO - Sync 1 DAGs
[2024-06-15T02:15:46.474+0000] {logging_mixin.py:188} INFO - [2024-06-15T02:15:46.474+0000] {dag.py:3954} INFO - Setting next_dagrun for example_skip_dag to 2024-06-14 00:00:00+00:00, run_after=2024-06-15 00:00:00+00:00
[2024-06-15T02:15:46.489+0000] {processor.py:183} INFO - Processing /home/airflow/.local/lib/python3.12/site-packages/airflow/example_dags/example_skip_dag.py took 0.061 seconds
[2024-06-15T02:16:16.678+0000] {processor.py:161} INFO - Started process (PID=1430) to work on /home/airflow/.local/lib/python3.12/site-packages/airflow/example_dags/example_skip_dag.py
[2024-06-15T02:16:16.679+0000] {processor.py:830} INFO - Processing file /home/airflow/.local/lib/python3.12/site-packages/airflow/example_dags/example_skip_dag.py for tasks to queue
[2024-06-15T02:16:16.681+0000] {logging_mixin.py:188} INFO - [2024-06-15T02:16:16.680+0000] {dagbag.py:545} INFO - Filling up the DagBag from /home/airflow/.local/lib/python3.12/site-packages/airflow/example_dags/example_skip_dag.py
[2024-06-15T02:16:16.686+0000] {processor.py:840} INFO - DAG(s) 'example_skip_dag' retrieved from /home/airflow/.local/lib/python3.12/site-packages/airflow/example_dags/example_skip_dag.py
[2024-06-15T02:16:16.704+0000] {logging_mixin.py:188} INFO - [2024-06-15T02:16:16.704+0000] {dag.py:3096} INFO - Sync 1 DAGs
[2024-06-15T02:16:16.723+0000] {logging_mixin.py:188} INFO - [2024-06-15T02:16:16.723+0000] {dag.py:3954} INFO - Setting next_dagrun for example_skip_dag to 2024-06-14 00:00:00+00:00, run_after=2024-06-15 00:00:00+00:00
[2024-06-15T02:16:16.801+0000] {processor.py:183} INFO - Processing /home/airflow/.local/lib/python3.12/site-packages/airflow/example_dags/example_skip_dag.py took 0.127 seconds
[2024-06-15T02:16:47.292+0000] {processor.py:161} INFO - Started process (PID=1488) to work on /home/airflow/.local/lib/python3.12/site-packages/airflow/example_dags/example_skip_dag.py
[2024-06-15T02:16:47.293+0000] {processor.py:830} INFO - Processing file /home/airflow/.local/lib/python3.12/site-packages/airflow/example_dags/example_skip_dag.py for tasks to queue
[2024-06-15T02:16:47.294+0000] {logging_mixin.py:188} INFO - [2024-06-15T02:16:47.294+0000] {dagbag.py:545} INFO - Filling up the DagBag from /home/airflow/.local/lib/python3.12/site-packages/airflow/example_dags/example_skip_dag.py
[2024-06-15T02:16:47.299+0000] {processor.py:840} INFO - DAG(s) 'example_skip_dag' retrieved from /home/airflow/.local/lib/python3.12/site-packages/airflow/example_dags/example_skip_dag.py
[2024-06-15T02:16:47.315+0000] {logging_mixin.py:188} INFO - [2024-06-15T02:16:47.315+0000] {dag.py:3096} INFO - Sync 1 DAGs
[2024-06-15T02:16:47.334+0000] {logging_mixin.py:188} INFO - [2024-06-15T02:16:47.334+0000] {dag.py:3954} INFO - Setting next_dagrun for example_skip_dag to 2024-06-14 00:00:00+00:00, run_after=2024-06-15 00:00:00+00:00
[2024-06-15T02:16:47.349+0000] {processor.py:183} INFO - Processing /home/airflow/.local/lib/python3.12/site-packages/airflow/example_dags/example_skip_dag.py took 0.061 seconds
[2024-06-15T02:17:17.755+0000] {processor.py:161} INFO - Started process (PID=1546) to work on /home/airflow/.local/lib/python3.12/site-packages/airflow/example_dags/example_skip_dag.py
[2024-06-15T02:17:17.756+0000] {processor.py:830} INFO - Processing file /home/airflow/.local/lib/python3.12/site-packages/airflow/example_dags/example_skip_dag.py for tasks to queue
[2024-06-15T02:17:17.757+0000] {logging_mixin.py:188} INFO - [2024-06-15T02:17:17.757+0000] {dagbag.py:545} INFO - Filling up the DagBag from /home/airflow/.local/lib/python3.12/site-packages/airflow/example_dags/example_skip_dag.py
[2024-06-15T02:17:17.762+0000] {processor.py:840} INFO - DAG(s) 'example_skip_dag' retrieved from /home/airflow/.local/lib/python3.12/site-packages/airflow/example_dags/example_skip_dag.py
[2024-06-15T02:17:17.779+0000] {logging_mixin.py:188} INFO - [2024-06-15T02:17:17.779+0000] {dag.py:3096} INFO - Sync 1 DAGs
[2024-06-15T02:17:17.797+0000] {logging_mixin.py:188} INFO - [2024-06-15T02:17:17.796+0000] {dag.py:3954} INFO - Setting next_dagrun for example_skip_dag to 2024-06-14 00:00:00+00:00, run_after=2024-06-15 00:00:00+00:00
[2024-06-15T02:17:17.810+0000] {processor.py:183} INFO - Processing /home/airflow/.local/lib/python3.12/site-packages/airflow/example_dags/example_skip_dag.py took 0.059 seconds
[2024-06-15T02:17:48.138+0000] {processor.py:161} INFO - Started process (PID=1604) to work on /home/airflow/.local/lib/python3.12/site-packages/airflow/example_dags/example_skip_dag.py
[2024-06-15T02:17:48.138+0000] {processor.py:830} INFO - Processing file /home/airflow/.local/lib/python3.12/site-packages/airflow/example_dags/example_skip_dag.py for tasks to queue
[2024-06-15T02:17:48.140+0000] {logging_mixin.py:188} INFO - [2024-06-15T02:17:48.139+0000] {dagbag.py:545} INFO - Filling up the DagBag from /home/airflow/.local/lib/python3.12/site-packages/airflow/example_dags/example_skip_dag.py
[2024-06-15T02:17:48.145+0000] {processor.py:840} INFO - DAG(s) 'example_skip_dag' retrieved from /home/airflow/.local/lib/python3.12/site-packages/airflow/example_dags/example_skip_dag.py
[2024-06-15T02:17:48.162+0000] {logging_mixin.py:188} INFO - [2024-06-15T02:17:48.162+0000] {dag.py:3096} INFO - Sync 1 DAGs
[2024-06-15T02:17:48.181+0000] {logging_mixin.py:188} INFO - [2024-06-15T02:17:48.180+0000] {dag.py:3954} INFO - Setting next_dagrun for example_skip_dag to 2024-06-14 00:00:00+00:00, run_after=2024-06-15 00:00:00+00:00
[2024-06-15T02:17:48.194+0000] {processor.py:183} INFO - Processing /home/airflow/.local/lib/python3.12/site-packages/airflow/example_dags/example_skip_dag.py took 0.060 seconds
[2024-06-15T02:18:18.528+0000] {processor.py:161} INFO - Started process (PID=1662) to work on /home/airflow/.local/lib/python3.12/site-packages/airflow/example_dags/example_skip_dag.py
[2024-06-15T02:18:18.529+0000] {processor.py:830} INFO - Processing file /home/airflow/.local/lib/python3.12/site-packages/airflow/example_dags/example_skip_dag.py for tasks to queue
[2024-06-15T02:18:18.530+0000] {logging_mixin.py:188} INFO - [2024-06-15T02:18:18.530+0000] {dagbag.py:545} INFO - Filling up the DagBag from /home/airflow/.local/lib/python3.12/site-packages/airflow/example_dags/example_skip_dag.py
[2024-06-15T02:18:18.535+0000] {processor.py:840} INFO - DAG(s) 'example_skip_dag' retrieved from /home/airflow/.local/lib/python3.12/site-packages/airflow/example_dags/example_skip_dag.py
[2024-06-15T02:18:18.553+0000] {logging_mixin.py:188} INFO - [2024-06-15T02:18:18.553+0000] {dag.py:3096} INFO - Sync 1 DAGs
[2024-06-15T02:18:18.571+0000] {logging_mixin.py:188} INFO - [2024-06-15T02:18:18.571+0000] {dag.py:3954} INFO - Setting next_dagrun for example_skip_dag to 2024-06-14 00:00:00+00:00, run_after=2024-06-15 00:00:00+00:00
[2024-06-15T02:18:18.588+0000] {processor.py:183} INFO - Processing /home/airflow/.local/lib/python3.12/site-packages/airflow/example_dags/example_skip_dag.py took 0.064 seconds
[2024-06-15T02:18:49.008+0000] {processor.py:161} INFO - Started process (PID=1720) to work on /home/airflow/.local/lib/python3.12/site-packages/airflow/example_dags/example_skip_dag.py
[2024-06-15T02:18:49.009+0000] {processor.py:830} INFO - Processing file /home/airflow/.local/lib/python3.12/site-packages/airflow/example_dags/example_skip_dag.py for tasks to queue
[2024-06-15T02:18:49.010+0000] {logging_mixin.py:188} INFO - [2024-06-15T02:18:49.010+0000] {dagbag.py:545} INFO - Filling up the DagBag from /home/airflow/.local/lib/python3.12/site-packages/airflow/example_dags/example_skip_dag.py
[2024-06-15T02:18:49.014+0000] {processor.py:840} INFO - DAG(s) 'example_skip_dag' retrieved from /home/airflow/.local/lib/python3.12/site-packages/airflow/example_dags/example_skip_dag.py
[2024-06-15T02:18:49.031+0000] {logging_mixin.py:188} INFO - [2024-06-15T02:18:49.031+0000] {dag.py:3096} INFO - Sync 1 DAGs
[2024-06-15T02:18:49.051+0000] {logging_mixin.py:188} INFO - [2024-06-15T02:18:49.051+0000] {dag.py:3954} INFO - Setting next_dagrun for example_skip_dag to 2024-06-14 00:00:00+00:00, run_after=2024-06-15 00:00:00+00:00
[2024-06-15T02:18:49.204+0000] {processor.py:183} INFO - Processing /home/airflow/.local/lib/python3.12/site-packages/airflow/example_dags/example_skip_dag.py took 0.200 seconds
[2024-06-15T02:19:19.544+0000] {processor.py:161} INFO - Started process (PID=1778) to work on /home/airflow/.local/lib/python3.12/site-packages/airflow/example_dags/example_skip_dag.py
[2024-06-15T02:19:19.544+0000] {processor.py:830} INFO - Processing file /home/airflow/.local/lib/python3.12/site-packages/airflow/example_dags/example_skip_dag.py for tasks to queue
[2024-06-15T02:19:19.546+0000] {logging_mixin.py:188} INFO - [2024-06-15T02:19:19.546+0000] {dagbag.py:545} INFO - Filling up the DagBag from /home/airflow/.local/lib/python3.12/site-packages/airflow/example_dags/example_skip_dag.py
[2024-06-15T02:19:19.551+0000] {processor.py:840} INFO - DAG(s) 'example_skip_dag' retrieved from /home/airflow/.local/lib/python3.12/site-packages/airflow/example_dags/example_skip_dag.py
[2024-06-15T02:19:19.572+0000] {logging_mixin.py:188} INFO - [2024-06-15T02:19:19.572+0000] {dag.py:3096} INFO - Sync 1 DAGs
[2024-06-15T02:19:19.592+0000] {logging_mixin.py:188} INFO - [2024-06-15T02:19:19.592+0000] {dag.py:3954} INFO - Setting next_dagrun for example_skip_dag to 2024-06-14 00:00:00+00:00, run_after=2024-06-15 00:00:00+00:00
[2024-06-15T02:19:19.726+0000] {processor.py:183} INFO - Processing /home/airflow/.local/lib/python3.12/site-packages/airflow/example_dags/example_skip_dag.py took 0.186 seconds
[2024-06-15T02:19:49.800+0000] {processor.py:161} INFO - Started process (PID=1837) to work on /home/airflow/.local/lib/python3.12/site-packages/airflow/example_dags/example_skip_dag.py
[2024-06-15T02:19:49.801+0000] {processor.py:830} INFO - Processing file /home/airflow/.local/lib/python3.12/site-packages/airflow/example_dags/example_skip_dag.py for tasks to queue
[2024-06-15T02:19:49.802+0000] {logging_mixin.py:188} INFO - [2024-06-15T02:19:49.802+0000] {dagbag.py:545} INFO - Filling up the DagBag from /home/airflow/.local/lib/python3.12/site-packages/airflow/example_dags/example_skip_dag.py
[2024-06-15T02:19:49.807+0000] {processor.py:840} INFO - DAG(s) 'example_skip_dag' retrieved from /home/airflow/.local/lib/python3.12/site-packages/airflow/example_dags/example_skip_dag.py
[2024-06-15T02:19:49.824+0000] {logging_mixin.py:188} INFO - [2024-06-15T02:19:49.824+0000] {dag.py:3096} INFO - Sync 1 DAGs
[2024-06-15T02:19:49.842+0000] {logging_mixin.py:188} INFO - [2024-06-15T02:19:49.842+0000] {dag.py:3954} INFO - Setting next_dagrun for example_skip_dag to 2024-06-14 00:00:00+00:00, run_after=2024-06-15 00:00:00+00:00
[2024-06-15T02:19:49.857+0000] {processor.py:183} INFO - Processing /home/airflow/.local/lib/python3.12/site-packages/airflow/example_dags/example_skip_dag.py took 0.061 seconds
[2024-06-15T02:20:19.975+0000] {processor.py:161} INFO - Started process (PID=1894) to work on /home/airflow/.local/lib/python3.12/site-packages/airflow/example_dags/example_skip_dag.py
[2024-06-15T02:20:19.976+0000] {processor.py:830} INFO - Processing file /home/airflow/.local/lib/python3.12/site-packages/airflow/example_dags/example_skip_dag.py for tasks to queue
[2024-06-15T02:20:19.977+0000] {logging_mixin.py:188} INFO - [2024-06-15T02:20:19.977+0000] {dagbag.py:545} INFO - Filling up the DagBag from /home/airflow/.local/lib/python3.12/site-packages/airflow/example_dags/example_skip_dag.py
[2024-06-15T02:20:19.982+0000] {processor.py:840} INFO - DAG(s) 'example_skip_dag' retrieved from /home/airflow/.local/lib/python3.12/site-packages/airflow/example_dags/example_skip_dag.py
[2024-06-15T02:20:19.997+0000] {logging_mixin.py:188} INFO - [2024-06-15T02:20:19.997+0000] {dag.py:3096} INFO - Sync 1 DAGs
[2024-06-15T02:20:20.014+0000] {logging_mixin.py:188} INFO - [2024-06-15T02:20:20.014+0000] {dag.py:3954} INFO - Setting next_dagrun for example_skip_dag to 2024-06-14 00:00:00+00:00, run_after=2024-06-15 00:00:00+00:00
[2024-06-15T02:20:20.030+0000] {processor.py:183} INFO - Processing /home/airflow/.local/lib/python3.12/site-packages/airflow/example_dags/example_skip_dag.py took 0.059 seconds
[2024-06-15T02:20:50.276+0000] {processor.py:161} INFO - Started process (PID=1952) to work on /home/airflow/.local/lib/python3.12/site-packages/airflow/example_dags/example_skip_dag.py
[2024-06-15T02:20:50.276+0000] {processor.py:830} INFO - Processing file /home/airflow/.local/lib/python3.12/site-packages/airflow/example_dags/example_skip_dag.py for tasks to queue
[2024-06-15T02:20:50.278+0000] {logging_mixin.py:188} INFO - [2024-06-15T02:20:50.278+0000] {dagbag.py:545} INFO - Filling up the DagBag from /home/airflow/.local/lib/python3.12/site-packages/airflow/example_dags/example_skip_dag.py
[2024-06-15T02:20:50.284+0000] {processor.py:840} INFO - DAG(s) 'example_skip_dag' retrieved from /home/airflow/.local/lib/python3.12/site-packages/airflow/example_dags/example_skip_dag.py
[2024-06-15T02:20:50.307+0000] {logging_mixin.py:188} INFO - [2024-06-15T02:20:50.306+0000] {dag.py:3096} INFO - Sync 1 DAGs
[2024-06-15T02:20:50.331+0000] {logging_mixin.py:188} INFO - [2024-06-15T02:20:50.331+0000] {dag.py:3954} INFO - Setting next_dagrun for example_skip_dag to 2024-06-14 00:00:00+00:00, run_after=2024-06-15 00:00:00+00:00
[2024-06-15T02:20:50.349+0000] {processor.py:183} INFO - Processing /home/airflow/.local/lib/python3.12/site-packages/airflow/example_dags/example_skip_dag.py took 0.078 seconds
[2024-06-15T02:21:20.743+0000] {processor.py:161} INFO - Started process (PID=2010) to work on /home/airflow/.local/lib/python3.12/site-packages/airflow/example_dags/example_skip_dag.py
[2024-06-15T02:21:20.744+0000] {processor.py:830} INFO - Processing file /home/airflow/.local/lib/python3.12/site-packages/airflow/example_dags/example_skip_dag.py for tasks to queue
[2024-06-15T02:21:20.745+0000] {logging_mixin.py:188} INFO - [2024-06-15T02:21:20.745+0000] {dagbag.py:545} INFO - Filling up the DagBag from /home/airflow/.local/lib/python3.12/site-packages/airflow/example_dags/example_skip_dag.py
[2024-06-15T02:21:20.751+0000] {processor.py:840} INFO - DAG(s) 'example_skip_dag' retrieved from /home/airflow/.local/lib/python3.12/site-packages/airflow/example_dags/example_skip_dag.py
[2024-06-15T02:21:20.769+0000] {logging_mixin.py:188} INFO - [2024-06-15T02:21:20.768+0000] {dag.py:3096} INFO - Sync 1 DAGs
[2024-06-15T02:21:20.786+0000] {logging_mixin.py:188} INFO - [2024-06-15T02:21:20.786+0000] {dag.py:3954} INFO - Setting next_dagrun for example_skip_dag to 2024-06-14 00:00:00+00:00, run_after=2024-06-15 00:00:00+00:00
[2024-06-15T02:21:20.802+0000] {processor.py:183} INFO - Processing /home/airflow/.local/lib/python3.12/site-packages/airflow/example_dags/example_skip_dag.py took 0.062 seconds
[2024-06-15T02:21:51.025+0000] {processor.py:161} INFO - Started process (PID=2068) to work on /home/airflow/.local/lib/python3.12/site-packages/airflow/example_dags/example_skip_dag.py
[2024-06-15T02:21:51.026+0000] {processor.py:830} INFO - Processing file /home/airflow/.local/lib/python3.12/site-packages/airflow/example_dags/example_skip_dag.py for tasks to queue
[2024-06-15T02:21:51.027+0000] {logging_mixin.py:188} INFO - [2024-06-15T02:21:51.027+0000] {dagbag.py:545} INFO - Filling up the DagBag from /home/airflow/.local/lib/python3.12/site-packages/airflow/example_dags/example_skip_dag.py
[2024-06-15T02:21:51.032+0000] {processor.py:840} INFO - DAG(s) 'example_skip_dag' retrieved from /home/airflow/.local/lib/python3.12/site-packages/airflow/example_dags/example_skip_dag.py
[2024-06-15T02:21:51.048+0000] {logging_mixin.py:188} INFO - [2024-06-15T02:21:51.048+0000] {dag.py:3096} INFO - Sync 1 DAGs
[2024-06-15T02:21:51.067+0000] {logging_mixin.py:188} INFO - [2024-06-15T02:21:51.067+0000] {dag.py:3954} INFO - Setting next_dagrun for example_skip_dag to 2024-06-14 00:00:00+00:00, run_after=2024-06-15 00:00:00+00:00
[2024-06-15T02:21:51.084+0000] {processor.py:183} INFO - Processing /home/airflow/.local/lib/python3.12/site-packages/airflow/example_dags/example_skip_dag.py took 0.064 seconds
[2024-06-15T02:22:21.655+0000] {processor.py:161} INFO - Started process (PID=2132) to work on /home/airflow/.local/lib/python3.12/site-packages/airflow/example_dags/example_skip_dag.py
[2024-06-15T02:22:21.655+0000] {processor.py:830} INFO - Processing file /home/airflow/.local/lib/python3.12/site-packages/airflow/example_dags/example_skip_dag.py for tasks to queue
[2024-06-15T02:22:21.657+0000] {logging_mixin.py:188} INFO - [2024-06-15T02:22:21.656+0000] {dagbag.py:545} INFO - Filling up the DagBag from /home/airflow/.local/lib/python3.12/site-packages/airflow/example_dags/example_skip_dag.py
[2024-06-15T02:22:21.662+0000] {processor.py:840} INFO - DAG(s) 'example_skip_dag' retrieved from /home/airflow/.local/lib/python3.12/site-packages/airflow/example_dags/example_skip_dag.py
[2024-06-15T02:22:21.682+0000] {logging_mixin.py:188} INFO - [2024-06-15T02:22:21.682+0000] {dag.py:3096} INFO - Sync 1 DAGs
[2024-06-15T02:22:21.699+0000] {logging_mixin.py:188} INFO - [2024-06-15T02:22:21.698+0000] {dag.py:3954} INFO - Setting next_dagrun for example_skip_dag to 2024-06-14 00:00:00+00:00, run_after=2024-06-15 00:00:00+00:00
[2024-06-15T02:22:21.713+0000] {processor.py:183} INFO - Processing /home/airflow/.local/lib/python3.12/site-packages/airflow/example_dags/example_skip_dag.py took 0.062 seconds
[2024-06-15T02:22:51.884+0000] {processor.py:161} INFO - Started process (PID=2190) to work on /home/airflow/.local/lib/python3.12/site-packages/airflow/example_dags/example_skip_dag.py
[2024-06-15T02:22:51.884+0000] {processor.py:830} INFO - Processing file /home/airflow/.local/lib/python3.12/site-packages/airflow/example_dags/example_skip_dag.py for tasks to queue
[2024-06-15T02:22:51.885+0000] {logging_mixin.py:188} INFO - [2024-06-15T02:22:51.885+0000] {dagbag.py:545} INFO - Filling up the DagBag from /home/airflow/.local/lib/python3.12/site-packages/airflow/example_dags/example_skip_dag.py
[2024-06-15T02:22:51.890+0000] {processor.py:840} INFO - DAG(s) 'example_skip_dag' retrieved from /home/airflow/.local/lib/python3.12/site-packages/airflow/example_dags/example_skip_dag.py
[2024-06-15T02:22:51.906+0000] {logging_mixin.py:188} INFO - [2024-06-15T02:22:51.906+0000] {dag.py:3096} INFO - Sync 1 DAGs
[2024-06-15T02:22:51.924+0000] {logging_mixin.py:188} INFO - [2024-06-15T02:22:51.924+0000] {dag.py:3954} INFO - Setting next_dagrun for example_skip_dag to 2024-06-14 00:00:00+00:00, run_after=2024-06-15 00:00:00+00:00
[2024-06-15T02:22:51.937+0000] {processor.py:183} INFO - Processing /home/airflow/.local/lib/python3.12/site-packages/airflow/example_dags/example_skip_dag.py took 0.058 seconds
[2024-06-15T02:23:22.040+0000] {processor.py:161} INFO - Started process (PID=2248) to work on /home/airflow/.local/lib/python3.12/site-packages/airflow/example_dags/example_skip_dag.py
[2024-06-15T02:23:22.041+0000] {processor.py:830} INFO - Processing file /home/airflow/.local/lib/python3.12/site-packages/airflow/example_dags/example_skip_dag.py for tasks to queue
[2024-06-15T02:23:22.042+0000] {logging_mixin.py:188} INFO - [2024-06-15T02:23:22.042+0000] {dagbag.py:545} INFO - Filling up the DagBag from /home/airflow/.local/lib/python3.12/site-packages/airflow/example_dags/example_skip_dag.py
[2024-06-15T02:23:22.047+0000] {processor.py:840} INFO - DAG(s) 'example_skip_dag' retrieved from /home/airflow/.local/lib/python3.12/site-packages/airflow/example_dags/example_skip_dag.py
[2024-06-15T02:23:22.064+0000] {logging_mixin.py:188} INFO - [2024-06-15T02:23:22.064+0000] {dag.py:3096} INFO - Sync 1 DAGs
[2024-06-15T02:23:22.082+0000] {logging_mixin.py:188} INFO - [2024-06-15T02:23:22.082+0000] {dag.py:3954} INFO - Setting next_dagrun for example_skip_dag to 2024-06-14 00:00:00+00:00, run_after=2024-06-15 00:00:00+00:00
[2024-06-15T02:23:22.097+0000] {processor.py:183} INFO - Processing /home/airflow/.local/lib/python3.12/site-packages/airflow/example_dags/example_skip_dag.py took 0.061 seconds
[2024-06-15T02:23:52.318+0000] {processor.py:161} INFO - Started process (PID=2306) to work on /home/airflow/.local/lib/python3.12/site-packages/airflow/example_dags/example_skip_dag.py
[2024-06-15T02:23:52.318+0000] {processor.py:830} INFO - Processing file /home/airflow/.local/lib/python3.12/site-packages/airflow/example_dags/example_skip_dag.py for tasks to queue
[2024-06-15T02:23:52.320+0000] {logging_mixin.py:188} INFO - [2024-06-15T02:23:52.320+0000] {dagbag.py:545} INFO - Filling up the DagBag from /home/airflow/.local/lib/python3.12/site-packages/airflow/example_dags/example_skip_dag.py
[2024-06-15T02:23:52.324+0000] {processor.py:840} INFO - DAG(s) 'example_skip_dag' retrieved from /home/airflow/.local/lib/python3.12/site-packages/airflow/example_dags/example_skip_dag.py
[2024-06-15T02:23:52.343+0000] {logging_mixin.py:188} INFO - [2024-06-15T02:23:52.343+0000] {dag.py:3096} INFO - Sync 1 DAGs
[2024-06-15T02:23:52.366+0000] {logging_mixin.py:188} INFO - [2024-06-15T02:23:52.366+0000] {dag.py:3954} INFO - Setting next_dagrun for example_skip_dag to 2024-06-14 00:00:00+00:00, run_after=2024-06-15 00:00:00+00:00
[2024-06-15T02:23:52.382+0000] {processor.py:183} INFO - Processing /home/airflow/.local/lib/python3.12/site-packages/airflow/example_dags/example_skip_dag.py took 0.068 seconds
