[2024-06-15T02:04:09.702+0000] {processor.py:161} INFO - Started process (PID=77) to work on /home/airflow/.local/lib/python3.12/site-packages/airflow/example_dags/example_bash_operator.py
[2024-06-15T02:04:09.703+0000] {processor.py:830} INFO - Processing file /home/airflow/.local/lib/python3.12/site-packages/airflow/example_dags/example_bash_operator.py for tasks to queue
[2024-06-15T02:04:09.705+0000] {logging_mixin.py:188} INFO - [2024-06-15T02:04:09.705+0000] {dagbag.py:545} INFO - Filling up the DagBag from /home/airflow/.local/lib/python3.12/site-packages/airflow/example_dags/example_bash_operator.py
[2024-06-15T02:04:09.716+0000] {processor.py:840} INFO - DAG(s) 'example_bash_operator' retrieved from /home/airflow/.local/lib/python3.12/site-packages/airflow/example_dags/example_bash_operator.py
[2024-06-15T02:04:09.728+0000] {logging_mixin.py:188} INFO - [2024-06-15T02:04:09.728+0000] {dag.py:3096} INFO - Sync 1 DAGs
[2024-06-15T02:04:09.757+0000] {logging_mixin.py:188} INFO - [2024-06-15T02:04:09.757+0000] {dag.py:3954} INFO - Setting next_dagrun for example_bash_operator to 2024-06-14 00:00:00+00:00, run_after=2024-06-15 00:00:00+00:00
[2024-06-15T02:04:09.778+0000] {processor.py:183} INFO - Processing /home/airflow/.local/lib/python3.12/site-packages/airflow/example_dags/example_bash_operator.py took 0.081 seconds
[2024-06-15T02:04:40.957+0000] {processor.py:161} INFO - Started process (PID=135) to work on /home/airflow/.local/lib/python3.12/site-packages/airflow/example_dags/example_bash_operator.py
[2024-06-15T02:04:40.957+0000] {processor.py:830} INFO - Processing file /home/airflow/.local/lib/python3.12/site-packages/airflow/example_dags/example_bash_operator.py for tasks to queue
[2024-06-15T02:04:40.959+0000] {logging_mixin.py:188} INFO - [2024-06-15T02:04:40.958+0000] {dagbag.py:545} INFO - Filling up the DagBag from /home/airflow/.local/lib/python3.12/site-packages/airflow/example_dags/example_bash_operator.py
[2024-06-15T02:04:40.968+0000] {processor.py:840} INFO - DAG(s) 'example_bash_operator' retrieved from /home/airflow/.local/lib/python3.12/site-packages/airflow/example_dags/example_bash_operator.py
[2024-06-15T02:04:41.065+0000] {logging_mixin.py:188} INFO - [2024-06-15T02:04:41.065+0000] {dag.py:3096} INFO - Sync 1 DAGs
[2024-06-15T02:04:41.086+0000] {logging_mixin.py:188} INFO - [2024-06-15T02:04:41.085+0000] {dag.py:3954} INFO - Setting next_dagrun for example_bash_operator to 2024-06-14 00:00:00+00:00, run_after=2024-06-15 00:00:00+00:00
[2024-06-15T02:04:41.104+0000] {processor.py:183} INFO - Processing /home/airflow/.local/lib/python3.12/site-packages/airflow/example_dags/example_bash_operator.py took 0.151 seconds
[2024-06-15T02:05:11.694+0000] {processor.py:161} INFO - Started process (PID=193) to work on /home/airflow/.local/lib/python3.12/site-packages/airflow/example_dags/example_bash_operator.py
[2024-06-15T02:05:11.694+0000] {processor.py:830} INFO - Processing file /home/airflow/.local/lib/python3.12/site-packages/airflow/example_dags/example_bash_operator.py for tasks to queue
[2024-06-15T02:05:11.696+0000] {logging_mixin.py:188} INFO - [2024-06-15T02:05:11.695+0000] {dagbag.py:545} INFO - Filling up the DagBag from /home/airflow/.local/lib/python3.12/site-packages/airflow/example_dags/example_bash_operator.py
[2024-06-15T02:05:11.705+0000] {processor.py:840} INFO - DAG(s) 'example_bash_operator' retrieved from /home/airflow/.local/lib/python3.12/site-packages/airflow/example_dags/example_bash_operator.py
[2024-06-15T02:05:11.729+0000] {logging_mixin.py:188} INFO - [2024-06-15T02:05:11.729+0000] {dag.py:3096} INFO - Sync 1 DAGs
[2024-06-15T02:05:11.748+0000] {logging_mixin.py:188} INFO - [2024-06-15T02:05:11.747+0000] {dag.py:3954} INFO - Setting next_dagrun for example_bash_operator to 2024-06-14 00:00:00+00:00, run_after=2024-06-15 00:00:00+00:00
[2024-06-15T02:05:11.763+0000] {processor.py:183} INFO - Processing /home/airflow/.local/lib/python3.12/site-packages/airflow/example_dags/example_bash_operator.py took 0.073 seconds
[2024-06-15T02:05:42.057+0000] {processor.py:161} INFO - Started process (PID=251) to work on /home/airflow/.local/lib/python3.12/site-packages/airflow/example_dags/example_bash_operator.py
[2024-06-15T02:05:42.058+0000] {processor.py:830} INFO - Processing file /home/airflow/.local/lib/python3.12/site-packages/airflow/example_dags/example_bash_operator.py for tasks to queue
[2024-06-15T02:05:42.059+0000] {logging_mixin.py:188} INFO - [2024-06-15T02:05:42.059+0000] {dagbag.py:545} INFO - Filling up the DagBag from /home/airflow/.local/lib/python3.12/site-packages/airflow/example_dags/example_bash_operator.py
[2024-06-15T02:05:42.069+0000] {processor.py:840} INFO - DAG(s) 'example_bash_operator' retrieved from /home/airflow/.local/lib/python3.12/site-packages/airflow/example_dags/example_bash_operator.py
[2024-06-15T02:05:42.096+0000] {logging_mixin.py:188} INFO - [2024-06-15T02:05:42.096+0000] {dag.py:3096} INFO - Sync 1 DAGs
[2024-06-15T02:05:42.119+0000] {logging_mixin.py:188} INFO - [2024-06-15T02:05:42.119+0000] {dag.py:3954} INFO - Setting next_dagrun for example_bash_operator to 2024-06-14 00:00:00+00:00, run_after=2024-06-15 00:00:00+00:00
[2024-06-15T02:05:42.134+0000] {processor.py:183} INFO - Processing /home/airflow/.local/lib/python3.12/site-packages/airflow/example_dags/example_bash_operator.py took 0.082 seconds
[2024-06-15T02:06:12.259+0000] {processor.py:161} INFO - Started process (PID=309) to work on /home/airflow/.local/lib/python3.12/site-packages/airflow/example_dags/example_bash_operator.py
[2024-06-15T02:06:12.260+0000] {processor.py:830} INFO - Processing file /home/airflow/.local/lib/python3.12/site-packages/airflow/example_dags/example_bash_operator.py for tasks to queue
[2024-06-15T02:06:12.261+0000] {logging_mixin.py:188} INFO - [2024-06-15T02:06:12.261+0000] {dagbag.py:545} INFO - Filling up the DagBag from /home/airflow/.local/lib/python3.12/site-packages/airflow/example_dags/example_bash_operator.py
[2024-06-15T02:06:12.270+0000] {processor.py:840} INFO - DAG(s) 'example_bash_operator' retrieved from /home/airflow/.local/lib/python3.12/site-packages/airflow/example_dags/example_bash_operator.py
[2024-06-15T02:06:12.293+0000] {logging_mixin.py:188} INFO - [2024-06-15T02:06:12.292+0000] {dag.py:3096} INFO - Sync 1 DAGs
[2024-06-15T02:06:12.311+0000] {logging_mixin.py:188} INFO - [2024-06-15T02:06:12.311+0000] {dag.py:3954} INFO - Setting next_dagrun for example_bash_operator to 2024-06-14 00:00:00+00:00, run_after=2024-06-15 00:00:00+00:00
[2024-06-15T02:06:12.325+0000] {processor.py:183} INFO - Processing /home/airflow/.local/lib/python3.12/site-packages/airflow/example_dags/example_bash_operator.py took 0.070 seconds
[2024-06-15T02:06:43.213+0000] {processor.py:161} INFO - Started process (PID=367) to work on /home/airflow/.local/lib/python3.12/site-packages/airflow/example_dags/example_bash_operator.py
[2024-06-15T02:06:43.214+0000] {processor.py:830} INFO - Processing file /home/airflow/.local/lib/python3.12/site-packages/airflow/example_dags/example_bash_operator.py for tasks to queue
[2024-06-15T02:06:43.215+0000] {logging_mixin.py:188} INFO - [2024-06-15T02:06:43.215+0000] {dagbag.py:545} INFO - Filling up the DagBag from /home/airflow/.local/lib/python3.12/site-packages/airflow/example_dags/example_bash_operator.py
[2024-06-15T02:06:43.223+0000] {processor.py:840} INFO - DAG(s) 'example_bash_operator' retrieved from /home/airflow/.local/lib/python3.12/site-packages/airflow/example_dags/example_bash_operator.py
[2024-06-15T02:06:43.245+0000] {logging_mixin.py:188} INFO - [2024-06-15T02:06:43.245+0000] {dag.py:3096} INFO - Sync 1 DAGs
[2024-06-15T02:06:43.263+0000] {logging_mixin.py:188} INFO - [2024-06-15T02:06:43.263+0000] {dag.py:3954} INFO - Setting next_dagrun for example_bash_operator to 2024-06-14 00:00:00+00:00, run_after=2024-06-15 00:00:00+00:00
[2024-06-15T02:06:43.278+0000] {processor.py:183} INFO - Processing /home/airflow/.local/lib/python3.12/site-packages/airflow/example_dags/example_bash_operator.py took 0.069 seconds
[2024-06-15T02:07:13.393+0000] {processor.py:161} INFO - Started process (PID=425) to work on /home/airflow/.local/lib/python3.12/site-packages/airflow/example_dags/example_bash_operator.py
[2024-06-15T02:07:13.393+0000] {processor.py:830} INFO - Processing file /home/airflow/.local/lib/python3.12/site-packages/airflow/example_dags/example_bash_operator.py for tasks to queue
[2024-06-15T02:07:13.395+0000] {logging_mixin.py:188} INFO - [2024-06-15T02:07:13.394+0000] {dagbag.py:545} INFO - Filling up the DagBag from /home/airflow/.local/lib/python3.12/site-packages/airflow/example_dags/example_bash_operator.py
[2024-06-15T02:07:13.403+0000] {processor.py:840} INFO - DAG(s) 'example_bash_operator' retrieved from /home/airflow/.local/lib/python3.12/site-packages/airflow/example_dags/example_bash_operator.py
[2024-06-15T02:07:13.426+0000] {logging_mixin.py:188} INFO - [2024-06-15T02:07:13.426+0000] {dag.py:3096} INFO - Sync 1 DAGs
[2024-06-15T02:07:13.448+0000] {logging_mixin.py:188} INFO - [2024-06-15T02:07:13.447+0000] {dag.py:3954} INFO - Setting next_dagrun for example_bash_operator to 2024-06-14 00:00:00+00:00, run_after=2024-06-15 00:00:00+00:00
[2024-06-15T02:07:13.462+0000] {processor.py:183} INFO - Processing /home/airflow/.local/lib/python3.12/site-packages/airflow/example_dags/example_bash_operator.py took 0.073 seconds
[2024-06-15T02:07:44.181+0000] {processor.py:161} INFO - Started process (PID=483) to work on /home/airflow/.local/lib/python3.12/site-packages/airflow/example_dags/example_bash_operator.py
[2024-06-15T02:07:44.181+0000] {processor.py:830} INFO - Processing file /home/airflow/.local/lib/python3.12/site-packages/airflow/example_dags/example_bash_operator.py for tasks to queue
[2024-06-15T02:07:44.182+0000] {logging_mixin.py:188} INFO - [2024-06-15T02:07:44.182+0000] {dagbag.py:545} INFO - Filling up the DagBag from /home/airflow/.local/lib/python3.12/site-packages/airflow/example_dags/example_bash_operator.py
[2024-06-15T02:07:44.191+0000] {processor.py:840} INFO - DAG(s) 'example_bash_operator' retrieved from /home/airflow/.local/lib/python3.12/site-packages/airflow/example_dags/example_bash_operator.py
[2024-06-15T02:07:44.217+0000] {logging_mixin.py:188} INFO - [2024-06-15T02:07:44.217+0000] {dag.py:3096} INFO - Sync 1 DAGs
[2024-06-15T02:07:44.235+0000] {logging_mixin.py:188} INFO - [2024-06-15T02:07:44.235+0000] {dag.py:3954} INFO - Setting next_dagrun for example_bash_operator to 2024-06-14 00:00:00+00:00, run_after=2024-06-15 00:00:00+00:00
[2024-06-15T02:07:44.250+0000] {processor.py:183} INFO - Processing /home/airflow/.local/lib/python3.12/site-packages/airflow/example_dags/example_bash_operator.py took 0.073 seconds
[2024-06-15T02:08:14.571+0000] {processor.py:161} INFO - Started process (PID=541) to work on /home/airflow/.local/lib/python3.12/site-packages/airflow/example_dags/example_bash_operator.py
[2024-06-15T02:08:14.572+0000] {processor.py:830} INFO - Processing file /home/airflow/.local/lib/python3.12/site-packages/airflow/example_dags/example_bash_operator.py for tasks to queue
[2024-06-15T02:08:14.573+0000] {logging_mixin.py:188} INFO - [2024-06-15T02:08:14.573+0000] {dagbag.py:545} INFO - Filling up the DagBag from /home/airflow/.local/lib/python3.12/site-packages/airflow/example_dags/example_bash_operator.py
[2024-06-15T02:08:14.582+0000] {processor.py:840} INFO - DAG(s) 'example_bash_operator' retrieved from /home/airflow/.local/lib/python3.12/site-packages/airflow/example_dags/example_bash_operator.py
[2024-06-15T02:08:14.607+0000] {logging_mixin.py:188} INFO - [2024-06-15T02:08:14.607+0000] {dag.py:3096} INFO - Sync 1 DAGs
[2024-06-15T02:08:14.626+0000] {logging_mixin.py:188} INFO - [2024-06-15T02:08:14.626+0000] {dag.py:3954} INFO - Setting next_dagrun for example_bash_operator to 2024-06-14 00:00:00+00:00, run_after=2024-06-15 00:00:00+00:00
[2024-06-15T02:08:14.642+0000] {processor.py:183} INFO - Processing /home/airflow/.local/lib/python3.12/site-packages/airflow/example_dags/example_bash_operator.py took 0.076 seconds
[2024-06-15T02:08:45.003+0000] {processor.py:161} INFO - Started process (PID=599) to work on /home/airflow/.local/lib/python3.12/site-packages/airflow/example_dags/example_bash_operator.py
[2024-06-15T02:08:45.004+0000] {processor.py:830} INFO - Processing file /home/airflow/.local/lib/python3.12/site-packages/airflow/example_dags/example_bash_operator.py for tasks to queue
[2024-06-15T02:08:45.005+0000] {logging_mixin.py:188} INFO - [2024-06-15T02:08:45.005+0000] {dagbag.py:545} INFO - Filling up the DagBag from /home/airflow/.local/lib/python3.12/site-packages/airflow/example_dags/example_bash_operator.py
[2024-06-15T02:08:45.014+0000] {processor.py:840} INFO - DAG(s) 'example_bash_operator' retrieved from /home/airflow/.local/lib/python3.12/site-packages/airflow/example_dags/example_bash_operator.py
[2024-06-15T02:08:45.037+0000] {logging_mixin.py:188} INFO - [2024-06-15T02:08:45.037+0000] {dag.py:3096} INFO - Sync 1 DAGs
[2024-06-15T02:08:45.058+0000] {logging_mixin.py:188} INFO - [2024-06-15T02:08:45.058+0000] {dag.py:3954} INFO - Setting next_dagrun for example_bash_operator to 2024-06-14 00:00:00+00:00, run_after=2024-06-15 00:00:00+00:00
[2024-06-15T02:08:45.074+0000] {processor.py:183} INFO - Processing /home/airflow/.local/lib/python3.12/site-packages/airflow/example_dags/example_bash_operator.py took 0.075 seconds
[2024-06-15T02:09:15.718+0000] {processor.py:161} INFO - Started process (PID=657) to work on /home/airflow/.local/lib/python3.12/site-packages/airflow/example_dags/example_bash_operator.py
[2024-06-15T02:09:15.719+0000] {processor.py:830} INFO - Processing file /home/airflow/.local/lib/python3.12/site-packages/airflow/example_dags/example_bash_operator.py for tasks to queue
[2024-06-15T02:09:15.721+0000] {logging_mixin.py:188} INFO - [2024-06-15T02:09:15.720+0000] {dagbag.py:545} INFO - Filling up the DagBag from /home/airflow/.local/lib/python3.12/site-packages/airflow/example_dags/example_bash_operator.py
[2024-06-15T02:09:15.730+0000] {processor.py:840} INFO - DAG(s) 'example_bash_operator' retrieved from /home/airflow/.local/lib/python3.12/site-packages/airflow/example_dags/example_bash_operator.py
[2024-06-15T02:09:15.758+0000] {logging_mixin.py:188} INFO - [2024-06-15T02:09:15.758+0000] {dag.py:3096} INFO - Sync 1 DAGs
[2024-06-15T02:09:15.783+0000] {logging_mixin.py:188} INFO - [2024-06-15T02:09:15.782+0000] {dag.py:3954} INFO - Setting next_dagrun for example_bash_operator to 2024-06-14 00:00:00+00:00, run_after=2024-06-15 00:00:00+00:00
[2024-06-15T02:09:15.801+0000] {processor.py:183} INFO - Processing /home/airflow/.local/lib/python3.12/site-packages/airflow/example_dags/example_bash_operator.py took 0.088 seconds
[2024-06-15T02:09:45.877+0000] {processor.py:161} INFO - Started process (PID=715) to work on /home/airflow/.local/lib/python3.12/site-packages/airflow/example_dags/example_bash_operator.py
[2024-06-15T02:09:45.877+0000] {processor.py:830} INFO - Processing file /home/airflow/.local/lib/python3.12/site-packages/airflow/example_dags/example_bash_operator.py for tasks to queue
[2024-06-15T02:09:45.879+0000] {logging_mixin.py:188} INFO - [2024-06-15T02:09:45.878+0000] {dagbag.py:545} INFO - Filling up the DagBag from /home/airflow/.local/lib/python3.12/site-packages/airflow/example_dags/example_bash_operator.py
[2024-06-15T02:09:45.888+0000] {processor.py:840} INFO - DAG(s) 'example_bash_operator' retrieved from /home/airflow/.local/lib/python3.12/site-packages/airflow/example_dags/example_bash_operator.py
[2024-06-15T02:09:45.912+0000] {logging_mixin.py:188} INFO - [2024-06-15T02:09:45.912+0000] {dag.py:3096} INFO - Sync 1 DAGs
[2024-06-15T02:09:45.932+0000] {logging_mixin.py:188} INFO - [2024-06-15T02:09:45.932+0000] {dag.py:3954} INFO - Setting next_dagrun for example_bash_operator to 2024-06-14 00:00:00+00:00, run_after=2024-06-15 00:00:00+00:00
[2024-06-15T02:09:45.947+0000] {processor.py:183} INFO - Processing /home/airflow/.local/lib/python3.12/site-packages/airflow/example_dags/example_bash_operator.py took 0.074 seconds
[2024-06-15T02:10:16.859+0000] {processor.py:161} INFO - Started process (PID=773) to work on /home/airflow/.local/lib/python3.12/site-packages/airflow/example_dags/example_bash_operator.py
[2024-06-15T02:10:16.860+0000] {processor.py:830} INFO - Processing file /home/airflow/.local/lib/python3.12/site-packages/airflow/example_dags/example_bash_operator.py for tasks to queue
[2024-06-15T02:10:16.861+0000] {logging_mixin.py:188} INFO - [2024-06-15T02:10:16.861+0000] {dagbag.py:545} INFO - Filling up the DagBag from /home/airflow/.local/lib/python3.12/site-packages/airflow/example_dags/example_bash_operator.py
[2024-06-15T02:10:16.877+0000] {processor.py:840} INFO - DAG(s) 'example_bash_operator' retrieved from /home/airflow/.local/lib/python3.12/site-packages/airflow/example_dags/example_bash_operator.py
[2024-06-15T02:10:16.903+0000] {logging_mixin.py:188} INFO - [2024-06-15T02:10:16.903+0000] {dag.py:3096} INFO - Sync 1 DAGs
[2024-06-15T02:10:16.926+0000] {logging_mixin.py:188} INFO - [2024-06-15T02:10:16.925+0000] {dag.py:3954} INFO - Setting next_dagrun for example_bash_operator to 2024-06-14 00:00:00+00:00, run_after=2024-06-15 00:00:00+00:00
[2024-06-15T02:10:16.943+0000] {processor.py:183} INFO - Processing /home/airflow/.local/lib/python3.12/site-packages/airflow/example_dags/example_bash_operator.py took 0.089 seconds
[2024-06-15T02:10:47.382+0000] {processor.py:161} INFO - Started process (PID=831) to work on /home/airflow/.local/lib/python3.12/site-packages/airflow/example_dags/example_bash_operator.py
[2024-06-15T02:10:47.383+0000] {processor.py:830} INFO - Processing file /home/airflow/.local/lib/python3.12/site-packages/airflow/example_dags/example_bash_operator.py for tasks to queue
[2024-06-15T02:10:47.385+0000] {logging_mixin.py:188} INFO - [2024-06-15T02:10:47.385+0000] {dagbag.py:545} INFO - Filling up the DagBag from /home/airflow/.local/lib/python3.12/site-packages/airflow/example_dags/example_bash_operator.py
[2024-06-15T02:10:47.394+0000] {processor.py:840} INFO - DAG(s) 'example_bash_operator' retrieved from /home/airflow/.local/lib/python3.12/site-packages/airflow/example_dags/example_bash_operator.py
[2024-06-15T02:10:47.423+0000] {logging_mixin.py:188} INFO - [2024-06-15T02:10:47.422+0000] {dag.py:3096} INFO - Sync 1 DAGs
[2024-06-15T02:10:47.446+0000] {logging_mixin.py:188} INFO - [2024-06-15T02:10:47.445+0000] {dag.py:3954} INFO - Setting next_dagrun for example_bash_operator to 2024-06-14 00:00:00+00:00, run_after=2024-06-15 00:00:00+00:00
[2024-06-15T02:10:47.465+0000] {processor.py:183} INFO - Processing /home/airflow/.local/lib/python3.12/site-packages/airflow/example_dags/example_bash_operator.py took 0.087 seconds
[2024-06-15T02:11:17.848+0000] {processor.py:161} INFO - Started process (PID=889) to work on /home/airflow/.local/lib/python3.12/site-packages/airflow/example_dags/example_bash_operator.py
[2024-06-15T02:11:17.849+0000] {processor.py:830} INFO - Processing file /home/airflow/.local/lib/python3.12/site-packages/airflow/example_dags/example_bash_operator.py for tasks to queue
[2024-06-15T02:11:17.851+0000] {logging_mixin.py:188} INFO - [2024-06-15T02:11:17.850+0000] {dagbag.py:545} INFO - Filling up the DagBag from /home/airflow/.local/lib/python3.12/site-packages/airflow/example_dags/example_bash_operator.py
[2024-06-15T02:11:17.859+0000] {processor.py:840} INFO - DAG(s) 'example_bash_operator' retrieved from /home/airflow/.local/lib/python3.12/site-packages/airflow/example_dags/example_bash_operator.py
[2024-06-15T02:11:17.884+0000] {logging_mixin.py:188} INFO - [2024-06-15T02:11:17.883+0000] {dag.py:3096} INFO - Sync 1 DAGs
[2024-06-15T02:11:17.905+0000] {logging_mixin.py:188} INFO - [2024-06-15T02:11:17.905+0000] {dag.py:3954} INFO - Setting next_dagrun for example_bash_operator to 2024-06-14 00:00:00+00:00, run_after=2024-06-15 00:00:00+00:00
[2024-06-15T02:11:17.921+0000] {processor.py:183} INFO - Processing /home/airflow/.local/lib/python3.12/site-packages/airflow/example_dags/example_bash_operator.py took 0.077 seconds
[2024-06-15T02:11:48.386+0000] {processor.py:161} INFO - Started process (PID=947) to work on /home/airflow/.local/lib/python3.12/site-packages/airflow/example_dags/example_bash_operator.py
[2024-06-15T02:11:48.386+0000] {processor.py:830} INFO - Processing file /home/airflow/.local/lib/python3.12/site-packages/airflow/example_dags/example_bash_operator.py for tasks to queue
[2024-06-15T02:11:48.388+0000] {logging_mixin.py:188} INFO - [2024-06-15T02:11:48.388+0000] {dagbag.py:545} INFO - Filling up the DagBag from /home/airflow/.local/lib/python3.12/site-packages/airflow/example_dags/example_bash_operator.py
[2024-06-15T02:11:48.397+0000] {processor.py:840} INFO - DAG(s) 'example_bash_operator' retrieved from /home/airflow/.local/lib/python3.12/site-packages/airflow/example_dags/example_bash_operator.py
[2024-06-15T02:11:48.422+0000] {logging_mixin.py:188} INFO - [2024-06-15T02:11:48.421+0000] {dag.py:3096} INFO - Sync 1 DAGs
[2024-06-15T02:11:48.442+0000] {logging_mixin.py:188} INFO - [2024-06-15T02:11:48.442+0000] {dag.py:3954} INFO - Setting next_dagrun for example_bash_operator to 2024-06-14 00:00:00+00:00, run_after=2024-06-15 00:00:00+00:00
[2024-06-15T02:11:48.458+0000] {processor.py:183} INFO - Processing /home/airflow/.local/lib/python3.12/site-packages/airflow/example_dags/example_bash_operator.py took 0.076 seconds
[2024-06-15T02:12:18.893+0000] {processor.py:161} INFO - Started process (PID=1005) to work on /home/airflow/.local/lib/python3.12/site-packages/airflow/example_dags/example_bash_operator.py
[2024-06-15T02:12:18.893+0000] {processor.py:830} INFO - Processing file /home/airflow/.local/lib/python3.12/site-packages/airflow/example_dags/example_bash_operator.py for tasks to queue
[2024-06-15T02:12:18.895+0000] {logging_mixin.py:188} INFO - [2024-06-15T02:12:18.895+0000] {dagbag.py:545} INFO - Filling up the DagBag from /home/airflow/.local/lib/python3.12/site-packages/airflow/example_dags/example_bash_operator.py
[2024-06-15T02:12:18.904+0000] {processor.py:840} INFO - DAG(s) 'example_bash_operator' retrieved from /home/airflow/.local/lib/python3.12/site-packages/airflow/example_dags/example_bash_operator.py
[2024-06-15T02:12:18.927+0000] {logging_mixin.py:188} INFO - [2024-06-15T02:12:18.927+0000] {dag.py:3096} INFO - Sync 1 DAGs
[2024-06-15T02:12:18.949+0000] {logging_mixin.py:188} INFO - [2024-06-15T02:12:18.948+0000] {dag.py:3954} INFO - Setting next_dagrun for example_bash_operator to 2024-06-14 00:00:00+00:00, run_after=2024-06-15 00:00:00+00:00
[2024-06-15T02:12:18.966+0000] {processor.py:183} INFO - Processing /home/airflow/.local/lib/python3.12/site-packages/airflow/example_dags/example_bash_operator.py took 0.076 seconds
[2024-06-15T02:12:49.290+0000] {processor.py:161} INFO - Started process (PID=1063) to work on /home/airflow/.local/lib/python3.12/site-packages/airflow/example_dags/example_bash_operator.py
[2024-06-15T02:12:49.290+0000] {processor.py:830} INFO - Processing file /home/airflow/.local/lib/python3.12/site-packages/airflow/example_dags/example_bash_operator.py for tasks to queue
[2024-06-15T02:12:49.293+0000] {logging_mixin.py:188} INFO - [2024-06-15T02:12:49.292+0000] {dagbag.py:545} INFO - Filling up the DagBag from /home/airflow/.local/lib/python3.12/site-packages/airflow/example_dags/example_bash_operator.py
[2024-06-15T02:12:49.303+0000] {processor.py:840} INFO - DAG(s) 'example_bash_operator' retrieved from /home/airflow/.local/lib/python3.12/site-packages/airflow/example_dags/example_bash_operator.py
[2024-06-15T02:12:49.327+0000] {logging_mixin.py:188} INFO - [2024-06-15T02:12:49.327+0000] {dag.py:3096} INFO - Sync 1 DAGs
[2024-06-15T02:12:49.346+0000] {logging_mixin.py:188} INFO - [2024-06-15T02:12:49.346+0000] {dag.py:3954} INFO - Setting next_dagrun for example_bash_operator to 2024-06-14 00:00:00+00:00, run_after=2024-06-15 00:00:00+00:00
[2024-06-15T02:12:49.361+0000] {processor.py:183} INFO - Processing /home/airflow/.local/lib/python3.12/site-packages/airflow/example_dags/example_bash_operator.py took 0.076 seconds
[2024-06-15T02:13:19.599+0000] {processor.py:161} INFO - Started process (PID=1121) to work on /home/airflow/.local/lib/python3.12/site-packages/airflow/example_dags/example_bash_operator.py
[2024-06-15T02:13:19.600+0000] {processor.py:830} INFO - Processing file /home/airflow/.local/lib/python3.12/site-packages/airflow/example_dags/example_bash_operator.py for tasks to queue
[2024-06-15T02:13:19.601+0000] {logging_mixin.py:188} INFO - [2024-06-15T02:13:19.601+0000] {dagbag.py:545} INFO - Filling up the DagBag from /home/airflow/.local/lib/python3.12/site-packages/airflow/example_dags/example_bash_operator.py
[2024-06-15T02:13:19.611+0000] {processor.py:840} INFO - DAG(s) 'example_bash_operator' retrieved from /home/airflow/.local/lib/python3.12/site-packages/airflow/example_dags/example_bash_operator.py
[2024-06-15T02:13:19.634+0000] {logging_mixin.py:188} INFO - [2024-06-15T02:13:19.634+0000] {dag.py:3096} INFO - Sync 1 DAGs
[2024-06-15T02:13:19.653+0000] {logging_mixin.py:188} INFO - [2024-06-15T02:13:19.652+0000] {dag.py:3954} INFO - Setting next_dagrun for example_bash_operator to 2024-06-14 00:00:00+00:00, run_after=2024-06-15 00:00:00+00:00
[2024-06-15T02:13:19.666+0000] {processor.py:183} INFO - Processing /home/airflow/.local/lib/python3.12/site-packages/airflow/example_dags/example_bash_operator.py took 0.071 seconds
[2024-06-15T02:13:49.927+0000] {processor.py:161} INFO - Started process (PID=1179) to work on /home/airflow/.local/lib/python3.12/site-packages/airflow/example_dags/example_bash_operator.py
[2024-06-15T02:13:49.928+0000] {processor.py:830} INFO - Processing file /home/airflow/.local/lib/python3.12/site-packages/airflow/example_dags/example_bash_operator.py for tasks to queue
[2024-06-15T02:13:49.929+0000] {logging_mixin.py:188} INFO - [2024-06-15T02:13:49.929+0000] {dagbag.py:545} INFO - Filling up the DagBag from /home/airflow/.local/lib/python3.12/site-packages/airflow/example_dags/example_bash_operator.py
[2024-06-15T02:13:49.938+0000] {processor.py:840} INFO - DAG(s) 'example_bash_operator' retrieved from /home/airflow/.local/lib/python3.12/site-packages/airflow/example_dags/example_bash_operator.py
[2024-06-15T02:13:49.961+0000] {logging_mixin.py:188} INFO - [2024-06-15T02:13:49.961+0000] {dag.py:3096} INFO - Sync 1 DAGs
[2024-06-15T02:13:49.980+0000] {logging_mixin.py:188} INFO - [2024-06-15T02:13:49.979+0000] {dag.py:3954} INFO - Setting next_dagrun for example_bash_operator to 2024-06-14 00:00:00+00:00, run_after=2024-06-15 00:00:00+00:00
[2024-06-15T02:13:49.996+0000] {processor.py:183} INFO - Processing /home/airflow/.local/lib/python3.12/site-packages/airflow/example_dags/example_bash_operator.py took 0.074 seconds
[2024-06-15T02:14:20.204+0000] {processor.py:161} INFO - Started process (PID=1237) to work on /home/airflow/.local/lib/python3.12/site-packages/airflow/example_dags/example_bash_operator.py
[2024-06-15T02:14:20.204+0000] {processor.py:830} INFO - Processing file /home/airflow/.local/lib/python3.12/site-packages/airflow/example_dags/example_bash_operator.py for tasks to queue
[2024-06-15T02:14:20.206+0000] {logging_mixin.py:188} INFO - [2024-06-15T02:14:20.206+0000] {dagbag.py:545} INFO - Filling up the DagBag from /home/airflow/.local/lib/python3.12/site-packages/airflow/example_dags/example_bash_operator.py
[2024-06-15T02:14:20.216+0000] {processor.py:840} INFO - DAG(s) 'example_bash_operator' retrieved from /home/airflow/.local/lib/python3.12/site-packages/airflow/example_dags/example_bash_operator.py
[2024-06-15T02:14:20.241+0000] {logging_mixin.py:188} INFO - [2024-06-15T02:14:20.241+0000] {dag.py:3096} INFO - Sync 1 DAGs
[2024-06-15T02:14:20.265+0000] {logging_mixin.py:188} INFO - [2024-06-15T02:14:20.265+0000] {dag.py:3954} INFO - Setting next_dagrun for example_bash_operator to 2024-06-14 00:00:00+00:00, run_after=2024-06-15 00:00:00+00:00
[2024-06-15T02:14:20.282+0000] {processor.py:183} INFO - Processing /home/airflow/.local/lib/python3.12/site-packages/airflow/example_dags/example_bash_operator.py took 0.084 seconds
[2024-06-15T02:14:50.733+0000] {processor.py:161} INFO - Started process (PID=1295) to work on /home/airflow/.local/lib/python3.12/site-packages/airflow/example_dags/example_bash_operator.py
[2024-06-15T02:14:50.734+0000] {processor.py:830} INFO - Processing file /home/airflow/.local/lib/python3.12/site-packages/airflow/example_dags/example_bash_operator.py for tasks to queue
[2024-06-15T02:14:50.735+0000] {logging_mixin.py:188} INFO - [2024-06-15T02:14:50.735+0000] {dagbag.py:545} INFO - Filling up the DagBag from /home/airflow/.local/lib/python3.12/site-packages/airflow/example_dags/example_bash_operator.py
[2024-06-15T02:14:50.747+0000] {processor.py:840} INFO - DAG(s) 'example_bash_operator' retrieved from /home/airflow/.local/lib/python3.12/site-packages/airflow/example_dags/example_bash_operator.py
[2024-06-15T02:14:50.770+0000] {logging_mixin.py:188} INFO - [2024-06-15T02:14:50.770+0000] {dag.py:3096} INFO - Sync 1 DAGs
[2024-06-15T02:14:50.788+0000] {logging_mixin.py:188} INFO - [2024-06-15T02:14:50.788+0000] {dag.py:3954} INFO - Setting next_dagrun for example_bash_operator to 2024-06-14 00:00:00+00:00, run_after=2024-06-15 00:00:00+00:00
[2024-06-15T02:14:50.803+0000] {processor.py:183} INFO - Processing /home/airflow/.local/lib/python3.12/site-packages/airflow/example_dags/example_bash_operator.py took 0.074 seconds
[2024-06-15T02:15:20.971+0000] {processor.py:161} INFO - Started process (PID=1359) to work on /home/airflow/.local/lib/python3.12/site-packages/airflow/example_dags/example_bash_operator.py
[2024-06-15T02:15:20.971+0000] {processor.py:830} INFO - Processing file /home/airflow/.local/lib/python3.12/site-packages/airflow/example_dags/example_bash_operator.py for tasks to queue
[2024-06-15T02:15:20.973+0000] {logging_mixin.py:188} INFO - [2024-06-15T02:15:20.973+0000] {dagbag.py:545} INFO - Filling up the DagBag from /home/airflow/.local/lib/python3.12/site-packages/airflow/example_dags/example_bash_operator.py
[2024-06-15T02:15:20.982+0000] {processor.py:840} INFO - DAG(s) 'example_bash_operator' retrieved from /home/airflow/.local/lib/python3.12/site-packages/airflow/example_dags/example_bash_operator.py
[2024-06-15T02:15:21.010+0000] {logging_mixin.py:188} INFO - [2024-06-15T02:15:21.009+0000] {dag.py:3096} INFO - Sync 1 DAGs
[2024-06-15T02:15:21.031+0000] {logging_mixin.py:188} INFO - [2024-06-15T02:15:21.031+0000] {dag.py:3954} INFO - Setting next_dagrun for example_bash_operator to 2024-06-14 00:00:00+00:00, run_after=2024-06-15 00:00:00+00:00
[2024-06-15T02:15:21.049+0000] {processor.py:183} INFO - Processing /home/airflow/.local/lib/python3.12/site-packages/airflow/example_dags/example_bash_operator.py took 0.082 seconds
[2024-06-15T02:15:51.176+0000] {processor.py:161} INFO - Started process (PID=1417) to work on /home/airflow/.local/lib/python3.12/site-packages/airflow/example_dags/example_bash_operator.py
[2024-06-15T02:15:51.177+0000] {processor.py:830} INFO - Processing file /home/airflow/.local/lib/python3.12/site-packages/airflow/example_dags/example_bash_operator.py for tasks to queue
[2024-06-15T02:15:51.178+0000] {logging_mixin.py:188} INFO - [2024-06-15T02:15:51.178+0000] {dagbag.py:545} INFO - Filling up the DagBag from /home/airflow/.local/lib/python3.12/site-packages/airflow/example_dags/example_bash_operator.py
[2024-06-15T02:15:51.188+0000] {processor.py:840} INFO - DAG(s) 'example_bash_operator' retrieved from /home/airflow/.local/lib/python3.12/site-packages/airflow/example_dags/example_bash_operator.py
[2024-06-15T02:15:51.212+0000] {logging_mixin.py:188} INFO - [2024-06-15T02:15:51.211+0000] {dag.py:3096} INFO - Sync 1 DAGs
[2024-06-15T02:15:51.232+0000] {logging_mixin.py:188} INFO - [2024-06-15T02:15:51.232+0000] {dag.py:3954} INFO - Setting next_dagrun for example_bash_operator to 2024-06-14 00:00:00+00:00, run_after=2024-06-15 00:00:00+00:00
[2024-06-15T02:15:51.246+0000] {processor.py:183} INFO - Processing /home/airflow/.local/lib/python3.12/site-packages/airflow/example_dags/example_bash_operator.py took 0.074 seconds
[2024-06-15T02:16:23.574+0000] {processor.py:161} INFO - Started process (PID=1475) to work on /home/airflow/.local/lib/python3.12/site-packages/airflow/example_dags/example_bash_operator.py
[2024-06-15T02:16:23.575+0000] {processor.py:830} INFO - Processing file /home/airflow/.local/lib/python3.12/site-packages/airflow/example_dags/example_bash_operator.py for tasks to queue
[2024-06-15T02:16:23.576+0000] {logging_mixin.py:188} INFO - [2024-06-15T02:16:23.576+0000] {dagbag.py:545} INFO - Filling up the DagBag from /home/airflow/.local/lib/python3.12/site-packages/airflow/example_dags/example_bash_operator.py
[2024-06-15T02:16:23.585+0000] {processor.py:840} INFO - DAG(s) 'example_bash_operator' retrieved from /home/airflow/.local/lib/python3.12/site-packages/airflow/example_dags/example_bash_operator.py
[2024-06-15T02:16:23.609+0000] {logging_mixin.py:188} INFO - [2024-06-15T02:16:23.609+0000] {dag.py:3096} INFO - Sync 1 DAGs
[2024-06-15T02:16:23.635+0000] {logging_mixin.py:188} INFO - [2024-06-15T02:16:23.634+0000] {dag.py:3954} INFO - Setting next_dagrun for example_bash_operator to 2024-06-14 00:00:00+00:00, run_after=2024-06-15 00:00:00+00:00
[2024-06-15T02:16:23.762+0000] {processor.py:183} INFO - Processing /home/airflow/.local/lib/python3.12/site-packages/airflow/example_dags/example_bash_operator.py took 0.192 seconds
[2024-06-15T02:16:54.293+0000] {processor.py:161} INFO - Started process (PID=1533) to work on /home/airflow/.local/lib/python3.12/site-packages/airflow/example_dags/example_bash_operator.py
[2024-06-15T02:16:54.293+0000] {processor.py:830} INFO - Processing file /home/airflow/.local/lib/python3.12/site-packages/airflow/example_dags/example_bash_operator.py for tasks to queue
[2024-06-15T02:16:54.295+0000] {logging_mixin.py:188} INFO - [2024-06-15T02:16:54.295+0000] {dagbag.py:545} INFO - Filling up the DagBag from /home/airflow/.local/lib/python3.12/site-packages/airflow/example_dags/example_bash_operator.py
[2024-06-15T02:16:54.304+0000] {processor.py:840} INFO - DAG(s) 'example_bash_operator' retrieved from /home/airflow/.local/lib/python3.12/site-packages/airflow/example_dags/example_bash_operator.py
[2024-06-15T02:16:54.327+0000] {logging_mixin.py:188} INFO - [2024-06-15T02:16:54.327+0000] {dag.py:3096} INFO - Sync 1 DAGs
[2024-06-15T02:16:54.346+0000] {logging_mixin.py:188} INFO - [2024-06-15T02:16:54.346+0000] {dag.py:3954} INFO - Setting next_dagrun for example_bash_operator to 2024-06-14 00:00:00+00:00, run_after=2024-06-15 00:00:00+00:00
[2024-06-15T02:16:54.361+0000] {processor.py:183} INFO - Processing /home/airflow/.local/lib/python3.12/site-packages/airflow/example_dags/example_bash_operator.py took 0.072 seconds
[2024-06-15T02:17:24.700+0000] {processor.py:161} INFO - Started process (PID=1591) to work on /home/airflow/.local/lib/python3.12/site-packages/airflow/example_dags/example_bash_operator.py
[2024-06-15T02:17:24.700+0000] {processor.py:830} INFO - Processing file /home/airflow/.local/lib/python3.12/site-packages/airflow/example_dags/example_bash_operator.py for tasks to queue
[2024-06-15T02:17:24.702+0000] {logging_mixin.py:188} INFO - [2024-06-15T02:17:24.701+0000] {dagbag.py:545} INFO - Filling up the DagBag from /home/airflow/.local/lib/python3.12/site-packages/airflow/example_dags/example_bash_operator.py
[2024-06-15T02:17:24.712+0000] {processor.py:840} INFO - DAG(s) 'example_bash_operator' retrieved from /home/airflow/.local/lib/python3.12/site-packages/airflow/example_dags/example_bash_operator.py
[2024-06-15T02:17:24.735+0000] {logging_mixin.py:188} INFO - [2024-06-15T02:17:24.735+0000] {dag.py:3096} INFO - Sync 1 DAGs
[2024-06-15T02:17:24.754+0000] {logging_mixin.py:188} INFO - [2024-06-15T02:17:24.754+0000] {dag.py:3954} INFO - Setting next_dagrun for example_bash_operator to 2024-06-14 00:00:00+00:00, run_after=2024-06-15 00:00:00+00:00
[2024-06-15T02:17:24.769+0000] {processor.py:183} INFO - Processing /home/airflow/.local/lib/python3.12/site-packages/airflow/example_dags/example_bash_operator.py took 0.073 seconds
[2024-06-15T02:17:55.041+0000] {processor.py:161} INFO - Started process (PID=1649) to work on /home/airflow/.local/lib/python3.12/site-packages/airflow/example_dags/example_bash_operator.py
[2024-06-15T02:17:55.041+0000] {processor.py:830} INFO - Processing file /home/airflow/.local/lib/python3.12/site-packages/airflow/example_dags/example_bash_operator.py for tasks to queue
[2024-06-15T02:17:55.043+0000] {logging_mixin.py:188} INFO - [2024-06-15T02:17:55.043+0000] {dagbag.py:545} INFO - Filling up the DagBag from /home/airflow/.local/lib/python3.12/site-packages/airflow/example_dags/example_bash_operator.py
[2024-06-15T02:17:55.053+0000] {processor.py:840} INFO - DAG(s) 'example_bash_operator' retrieved from /home/airflow/.local/lib/python3.12/site-packages/airflow/example_dags/example_bash_operator.py
[2024-06-15T02:17:55.077+0000] {logging_mixin.py:188} INFO - [2024-06-15T02:17:55.077+0000] {dag.py:3096} INFO - Sync 1 DAGs
[2024-06-15T02:17:55.098+0000] {logging_mixin.py:188} INFO - [2024-06-15T02:17:55.097+0000] {dag.py:3954} INFO - Setting next_dagrun for example_bash_operator to 2024-06-14 00:00:00+00:00, run_after=2024-06-15 00:00:00+00:00
[2024-06-15T02:17:55.112+0000] {processor.py:183} INFO - Processing /home/airflow/.local/lib/python3.12/site-packages/airflow/example_dags/example_bash_operator.py took 0.075 seconds
[2024-06-15T02:18:25.493+0000] {processor.py:161} INFO - Started process (PID=1707) to work on /home/airflow/.local/lib/python3.12/site-packages/airflow/example_dags/example_bash_operator.py
[2024-06-15T02:18:25.494+0000] {processor.py:830} INFO - Processing file /home/airflow/.local/lib/python3.12/site-packages/airflow/example_dags/example_bash_operator.py for tasks to queue
[2024-06-15T02:18:25.495+0000] {logging_mixin.py:188} INFO - [2024-06-15T02:18:25.495+0000] {dagbag.py:545} INFO - Filling up the DagBag from /home/airflow/.local/lib/python3.12/site-packages/airflow/example_dags/example_bash_operator.py
[2024-06-15T02:18:25.504+0000] {processor.py:840} INFO - DAG(s) 'example_bash_operator' retrieved from /home/airflow/.local/lib/python3.12/site-packages/airflow/example_dags/example_bash_operator.py
[2024-06-15T02:18:25.529+0000] {logging_mixin.py:188} INFO - [2024-06-15T02:18:25.529+0000] {dag.py:3096} INFO - Sync 1 DAGs
[2024-06-15T02:18:25.551+0000] {logging_mixin.py:188} INFO - [2024-06-15T02:18:25.550+0000] {dag.py:3954} INFO - Setting next_dagrun for example_bash_operator to 2024-06-14 00:00:00+00:00, run_after=2024-06-15 00:00:00+00:00
[2024-06-15T02:18:25.566+0000] {processor.py:183} INFO - Processing /home/airflow/.local/lib/python3.12/site-packages/airflow/example_dags/example_bash_operator.py took 0.077 seconds
[2024-06-15T02:18:56.080+0000] {processor.py:161} INFO - Started process (PID=1765) to work on /home/airflow/.local/lib/python3.12/site-packages/airflow/example_dags/example_bash_operator.py
[2024-06-15T02:18:56.080+0000] {processor.py:830} INFO - Processing file /home/airflow/.local/lib/python3.12/site-packages/airflow/example_dags/example_bash_operator.py for tasks to queue
[2024-06-15T02:18:56.082+0000] {logging_mixin.py:188} INFO - [2024-06-15T02:18:56.081+0000] {dagbag.py:545} INFO - Filling up the DagBag from /home/airflow/.local/lib/python3.12/site-packages/airflow/example_dags/example_bash_operator.py
[2024-06-15T02:18:56.092+0000] {processor.py:840} INFO - DAG(s) 'example_bash_operator' retrieved from /home/airflow/.local/lib/python3.12/site-packages/airflow/example_dags/example_bash_operator.py
[2024-06-15T02:18:56.116+0000] {logging_mixin.py:188} INFO - [2024-06-15T02:18:56.116+0000] {dag.py:3096} INFO - Sync 1 DAGs
[2024-06-15T02:18:56.137+0000] {logging_mixin.py:188} INFO - [2024-06-15T02:18:56.137+0000] {dag.py:3954} INFO - Setting next_dagrun for example_bash_operator to 2024-06-14 00:00:00+00:00, run_after=2024-06-15 00:00:00+00:00
[2024-06-15T02:18:56.152+0000] {processor.py:183} INFO - Processing /home/airflow/.local/lib/python3.12/site-packages/airflow/example_dags/example_bash_operator.py took 0.076 seconds
[2024-06-15T02:19:26.254+0000] {processor.py:161} INFO - Started process (PID=1823) to work on /home/airflow/.local/lib/python3.12/site-packages/airflow/example_dags/example_bash_operator.py
[2024-06-15T02:19:26.255+0000] {processor.py:830} INFO - Processing file /home/airflow/.local/lib/python3.12/site-packages/airflow/example_dags/example_bash_operator.py for tasks to queue
[2024-06-15T02:19:26.256+0000] {logging_mixin.py:188} INFO - [2024-06-15T02:19:26.256+0000] {dagbag.py:545} INFO - Filling up the DagBag from /home/airflow/.local/lib/python3.12/site-packages/airflow/example_dags/example_bash_operator.py
[2024-06-15T02:19:26.265+0000] {processor.py:840} INFO - DAG(s) 'example_bash_operator' retrieved from /home/airflow/.local/lib/python3.12/site-packages/airflow/example_dags/example_bash_operator.py
[2024-06-15T02:19:26.288+0000] {logging_mixin.py:188} INFO - [2024-06-15T02:19:26.287+0000] {dag.py:3096} INFO - Sync 1 DAGs
[2024-06-15T02:19:26.306+0000] {logging_mixin.py:188} INFO - [2024-06-15T02:19:26.306+0000] {dag.py:3954} INFO - Setting next_dagrun for example_bash_operator to 2024-06-14 00:00:00+00:00, run_after=2024-06-15 00:00:00+00:00
[2024-06-15T02:19:26.321+0000] {processor.py:183} INFO - Processing /home/airflow/.local/lib/python3.12/site-packages/airflow/example_dags/example_bash_operator.py took 0.071 seconds
[2024-06-15T02:19:57.135+0000] {processor.py:161} INFO - Started process (PID=1881) to work on /home/airflow/.local/lib/python3.12/site-packages/airflow/example_dags/example_bash_operator.py
[2024-06-15T02:19:57.136+0000] {processor.py:830} INFO - Processing file /home/airflow/.local/lib/python3.12/site-packages/airflow/example_dags/example_bash_operator.py for tasks to queue
[2024-06-15T02:19:57.137+0000] {logging_mixin.py:188} INFO - [2024-06-15T02:19:57.137+0000] {dagbag.py:545} INFO - Filling up the DagBag from /home/airflow/.local/lib/python3.12/site-packages/airflow/example_dags/example_bash_operator.py
[2024-06-15T02:19:57.145+0000] {processor.py:840} INFO - DAG(s) 'example_bash_operator' retrieved from /home/airflow/.local/lib/python3.12/site-packages/airflow/example_dags/example_bash_operator.py
[2024-06-15T02:19:57.170+0000] {logging_mixin.py:188} INFO - [2024-06-15T02:19:57.169+0000] {dag.py:3096} INFO - Sync 1 DAGs
[2024-06-15T02:19:57.189+0000] {logging_mixin.py:188} INFO - [2024-06-15T02:19:57.189+0000] {dag.py:3954} INFO - Setting next_dagrun for example_bash_operator to 2024-06-14 00:00:00+00:00, run_after=2024-06-15 00:00:00+00:00
[2024-06-15T02:19:57.202+0000] {processor.py:183} INFO - Processing /home/airflow/.local/lib/python3.12/site-packages/airflow/example_dags/example_bash_operator.py took 0.072 seconds
[2024-06-15T02:20:28.482+0000] {processor.py:161} INFO - Started process (PID=1939) to work on /home/airflow/.local/lib/python3.12/site-packages/airflow/example_dags/example_bash_operator.py
[2024-06-15T02:20:28.483+0000] {processor.py:830} INFO - Processing file /home/airflow/.local/lib/python3.12/site-packages/airflow/example_dags/example_bash_operator.py for tasks to queue
[2024-06-15T02:20:28.485+0000] {logging_mixin.py:188} INFO - [2024-06-15T02:20:28.484+0000] {dagbag.py:545} INFO - Filling up the DagBag from /home/airflow/.local/lib/python3.12/site-packages/airflow/example_dags/example_bash_operator.py
[2024-06-15T02:20:28.493+0000] {processor.py:840} INFO - DAG(s) 'example_bash_operator' retrieved from /home/airflow/.local/lib/python3.12/site-packages/airflow/example_dags/example_bash_operator.py
[2024-06-15T02:20:28.523+0000] {logging_mixin.py:188} INFO - [2024-06-15T02:20:28.523+0000] {dag.py:3096} INFO - Sync 1 DAGs
[2024-06-15T02:20:28.546+0000] {logging_mixin.py:188} INFO - [2024-06-15T02:20:28.546+0000] {dag.py:3954} INFO - Setting next_dagrun for example_bash_operator to 2024-06-14 00:00:00+00:00, run_after=2024-06-15 00:00:00+00:00
[2024-06-15T02:20:28.563+0000] {processor.py:183} INFO - Processing /home/airflow/.local/lib/python3.12/site-packages/airflow/example_dags/example_bash_operator.py took 0.085 seconds
[2024-06-15T02:20:59.252+0000] {processor.py:161} INFO - Started process (PID=1997) to work on /home/airflow/.local/lib/python3.12/site-packages/airflow/example_dags/example_bash_operator.py
[2024-06-15T02:20:59.253+0000] {processor.py:830} INFO - Processing file /home/airflow/.local/lib/python3.12/site-packages/airflow/example_dags/example_bash_operator.py for tasks to queue
[2024-06-15T02:20:59.254+0000] {logging_mixin.py:188} INFO - [2024-06-15T02:20:59.254+0000] {dagbag.py:545} INFO - Filling up the DagBag from /home/airflow/.local/lib/python3.12/site-packages/airflow/example_dags/example_bash_operator.py
[2024-06-15T02:20:59.263+0000] {processor.py:840} INFO - DAG(s) 'example_bash_operator' retrieved from /home/airflow/.local/lib/python3.12/site-packages/airflow/example_dags/example_bash_operator.py
[2024-06-15T02:20:59.286+0000] {logging_mixin.py:188} INFO - [2024-06-15T02:20:59.286+0000] {dag.py:3096} INFO - Sync 1 DAGs
[2024-06-15T02:20:59.306+0000] {logging_mixin.py:188} INFO - [2024-06-15T02:20:59.306+0000] {dag.py:3954} INFO - Setting next_dagrun for example_bash_operator to 2024-06-14 00:00:00+00:00, run_after=2024-06-15 00:00:00+00:00
[2024-06-15T02:20:59.325+0000] {processor.py:183} INFO - Processing /home/airflow/.local/lib/python3.12/site-packages/airflow/example_dags/example_bash_operator.py took 0.076 seconds
[2024-06-15T02:21:29.491+0000] {processor.py:161} INFO - Started process (PID=2055) to work on /home/airflow/.local/lib/python3.12/site-packages/airflow/example_dags/example_bash_operator.py
[2024-06-15T02:21:29.491+0000] {processor.py:830} INFO - Processing file /home/airflow/.local/lib/python3.12/site-packages/airflow/example_dags/example_bash_operator.py for tasks to queue
[2024-06-15T02:21:29.493+0000] {logging_mixin.py:188} INFO - [2024-06-15T02:21:29.493+0000] {dagbag.py:545} INFO - Filling up the DagBag from /home/airflow/.local/lib/python3.12/site-packages/airflow/example_dags/example_bash_operator.py
[2024-06-15T02:21:29.502+0000] {processor.py:840} INFO - DAG(s) 'example_bash_operator' retrieved from /home/airflow/.local/lib/python3.12/site-packages/airflow/example_dags/example_bash_operator.py
[2024-06-15T02:21:29.527+0000] {logging_mixin.py:188} INFO - [2024-06-15T02:21:29.526+0000] {dag.py:3096} INFO - Sync 1 DAGs
[2024-06-15T02:21:29.549+0000] {logging_mixin.py:188} INFO - [2024-06-15T02:21:29.549+0000] {dag.py:3954} INFO - Setting next_dagrun for example_bash_operator to 2024-06-14 00:00:00+00:00, run_after=2024-06-15 00:00:00+00:00
[2024-06-15T02:21:29.573+0000] {processor.py:183} INFO - Processing /home/airflow/.local/lib/python3.12/site-packages/airflow/example_dags/example_bash_operator.py took 0.087 seconds
[2024-06-15T02:22:00.201+0000] {processor.py:161} INFO - Started process (PID=2113) to work on /home/airflow/.local/lib/python3.12/site-packages/airflow/example_dags/example_bash_operator.py
[2024-06-15T02:22:00.202+0000] {processor.py:830} INFO - Processing file /home/airflow/.local/lib/python3.12/site-packages/airflow/example_dags/example_bash_operator.py for tasks to queue
[2024-06-15T02:22:00.203+0000] {logging_mixin.py:188} INFO - [2024-06-15T02:22:00.203+0000] {dagbag.py:545} INFO - Filling up the DagBag from /home/airflow/.local/lib/python3.12/site-packages/airflow/example_dags/example_bash_operator.py
[2024-06-15T02:22:00.212+0000] {processor.py:840} INFO - DAG(s) 'example_bash_operator' retrieved from /home/airflow/.local/lib/python3.12/site-packages/airflow/example_dags/example_bash_operator.py
[2024-06-15T02:22:00.237+0000] {logging_mixin.py:188} INFO - [2024-06-15T02:22:00.237+0000] {dag.py:3096} INFO - Sync 1 DAGs
[2024-06-15T02:22:00.258+0000] {logging_mixin.py:188} INFO - [2024-06-15T02:22:00.257+0000] {dag.py:3954} INFO - Setting next_dagrun for example_bash_operator to 2024-06-14 00:00:00+00:00, run_after=2024-06-15 00:00:00+00:00
[2024-06-15T02:22:00.273+0000] {processor.py:183} INFO - Processing /home/airflow/.local/lib/python3.12/site-packages/airflow/example_dags/example_bash_operator.py took 0.076 seconds
[2024-06-15T02:22:30.443+0000] {processor.py:161} INFO - Started process (PID=2171) to work on /home/airflow/.local/lib/python3.12/site-packages/airflow/example_dags/example_bash_operator.py
[2024-06-15T02:22:30.444+0000] {processor.py:830} INFO - Processing file /home/airflow/.local/lib/python3.12/site-packages/airflow/example_dags/example_bash_operator.py for tasks to queue
[2024-06-15T02:22:30.445+0000] {logging_mixin.py:188} INFO - [2024-06-15T02:22:30.445+0000] {dagbag.py:545} INFO - Filling up the DagBag from /home/airflow/.local/lib/python3.12/site-packages/airflow/example_dags/example_bash_operator.py
[2024-06-15T02:22:30.454+0000] {processor.py:840} INFO - DAG(s) 'example_bash_operator' retrieved from /home/airflow/.local/lib/python3.12/site-packages/airflow/example_dags/example_bash_operator.py
[2024-06-15T02:22:30.478+0000] {logging_mixin.py:188} INFO - [2024-06-15T02:22:30.478+0000] {dag.py:3096} INFO - Sync 1 DAGs
[2024-06-15T02:22:30.499+0000] {logging_mixin.py:188} INFO - [2024-06-15T02:22:30.498+0000] {dag.py:3954} INFO - Setting next_dagrun for example_bash_operator to 2024-06-14 00:00:00+00:00, run_after=2024-06-15 00:00:00+00:00
[2024-06-15T02:22:30.516+0000] {processor.py:183} INFO - Processing /home/airflow/.local/lib/python3.12/site-packages/airflow/example_dags/example_bash_operator.py took 0.077 seconds
[2024-06-15T02:23:00.565+0000] {processor.py:161} INFO - Started process (PID=2229) to work on /home/airflow/.local/lib/python3.12/site-packages/airflow/example_dags/example_bash_operator.py
[2024-06-15T02:23:00.565+0000] {processor.py:830} INFO - Processing file /home/airflow/.local/lib/python3.12/site-packages/airflow/example_dags/example_bash_operator.py for tasks to queue
[2024-06-15T02:23:00.567+0000] {logging_mixin.py:188} INFO - [2024-06-15T02:23:00.567+0000] {dagbag.py:545} INFO - Filling up the DagBag from /home/airflow/.local/lib/python3.12/site-packages/airflow/example_dags/example_bash_operator.py
[2024-06-15T02:23:00.576+0000] {processor.py:840} INFO - DAG(s) 'example_bash_operator' retrieved from /home/airflow/.local/lib/python3.12/site-packages/airflow/example_dags/example_bash_operator.py
[2024-06-15T02:23:00.599+0000] {logging_mixin.py:188} INFO - [2024-06-15T02:23:00.599+0000] {dag.py:3096} INFO - Sync 1 DAGs
[2024-06-15T02:23:00.619+0000] {logging_mixin.py:188} INFO - [2024-06-15T02:23:00.619+0000] {dag.py:3954} INFO - Setting next_dagrun for example_bash_operator to 2024-06-14 00:00:00+00:00, run_after=2024-06-15 00:00:00+00:00
[2024-06-15T02:23:00.634+0000] {processor.py:183} INFO - Processing /home/airflow/.local/lib/python3.12/site-packages/airflow/example_dags/example_bash_operator.py took 0.073 seconds
[2024-06-15T02:23:30.887+0000] {processor.py:161} INFO - Started process (PID=2287) to work on /home/airflow/.local/lib/python3.12/site-packages/airflow/example_dags/example_bash_operator.py
[2024-06-15T02:23:30.888+0000] {processor.py:830} INFO - Processing file /home/airflow/.local/lib/python3.12/site-packages/airflow/example_dags/example_bash_operator.py for tasks to queue
[2024-06-15T02:23:30.889+0000] {logging_mixin.py:188} INFO - [2024-06-15T02:23:30.889+0000] {dagbag.py:545} INFO - Filling up the DagBag from /home/airflow/.local/lib/python3.12/site-packages/airflow/example_dags/example_bash_operator.py
[2024-06-15T02:23:30.899+0000] {processor.py:840} INFO - DAG(s) 'example_bash_operator' retrieved from /home/airflow/.local/lib/python3.12/site-packages/airflow/example_dags/example_bash_operator.py
[2024-06-15T02:23:30.921+0000] {logging_mixin.py:188} INFO - [2024-06-15T02:23:30.921+0000] {dag.py:3096} INFO - Sync 1 DAGs
[2024-06-15T02:23:30.940+0000] {logging_mixin.py:188} INFO - [2024-06-15T02:23:30.940+0000] {dag.py:3954} INFO - Setting next_dagrun for example_bash_operator to 2024-06-14 00:00:00+00:00, run_after=2024-06-15 00:00:00+00:00
[2024-06-15T02:23:30.955+0000] {processor.py:183} INFO - Processing /home/airflow/.local/lib/python3.12/site-packages/airflow/example_dags/example_bash_operator.py took 0.072 seconds
[2024-06-15T02:24:01.041+0000] {processor.py:161} INFO - Started process (PID=2345) to work on /home/airflow/.local/lib/python3.12/site-packages/airflow/example_dags/example_bash_operator.py
[2024-06-15T02:24:01.041+0000] {processor.py:830} INFO - Processing file /home/airflow/.local/lib/python3.12/site-packages/airflow/example_dags/example_bash_operator.py for tasks to queue
[2024-06-15T02:24:01.043+0000] {logging_mixin.py:188} INFO - [2024-06-15T02:24:01.042+0000] {dagbag.py:545} INFO - Filling up the DagBag from /home/airflow/.local/lib/python3.12/site-packages/airflow/example_dags/example_bash_operator.py
[2024-06-15T02:24:01.051+0000] {processor.py:840} INFO - DAG(s) 'example_bash_operator' retrieved from /home/airflow/.local/lib/python3.12/site-packages/airflow/example_dags/example_bash_operator.py
[2024-06-15T02:24:01.074+0000] {logging_mixin.py:188} INFO - [2024-06-15T02:24:01.073+0000] {dag.py:3096} INFO - Sync 1 DAGs
[2024-06-15T02:24:01.092+0000] {logging_mixin.py:188} INFO - [2024-06-15T02:24:01.092+0000] {dag.py:3954} INFO - Setting next_dagrun for example_bash_operator to 2024-06-14 00:00:00+00:00, run_after=2024-06-15 00:00:00+00:00
[2024-06-15T02:24:01.108+0000] {processor.py:183} INFO - Processing /home/airflow/.local/lib/python3.12/site-packages/airflow/example_dags/example_bash_operator.py took 0.071 seconds
