[2024-06-15T02:04:08.167+0000] {processor.py:161} INFO - Started process (PID=53) to work on /home/airflow/.local/lib/python3.12/site-packages/airflow/example_dags/example_python_decorator.py
[2024-06-15T02:04:08.168+0000] {processor.py:830} INFO - Processing file /home/airflow/.local/lib/python3.12/site-packages/airflow/example_dags/example_python_decorator.py for tasks to queue
[2024-06-15T02:04:08.170+0000] {logging_mixin.py:188} INFO - [2024-06-15T02:04:08.170+0000] {dagbag.py:545} INFO - Filling up the DagBag from /home/airflow/.local/lib/python3.12/site-packages/airflow/example_dags/example_python_decorator.py
[2024-06-15T02:04:08.182+0000] {processor.py:840} INFO - DAG(s) 'example_python_decorator' retrieved from /home/airflow/.local/lib/python3.12/site-packages/airflow/example_dags/example_python_decorator.py
[2024-06-15T02:04:08.192+0000] {logging_mixin.py:188} INFO - [2024-06-15T02:04:08.192+0000] {dag.py:3096} INFO - Sync 1 DAGs
[2024-06-15T02:04:08.205+0000] {logging_mixin.py:188} INFO - [2024-06-15T02:04:08.205+0000] {dag.py:3954} INFO - Setting next_dagrun for example_python_decorator to None, run_after=None
[2024-06-15T02:04:08.222+0000] {processor.py:183} INFO - Processing /home/airflow/.local/lib/python3.12/site-packages/airflow/example_dags/example_python_decorator.py took 0.060 seconds
[2024-06-15T02:04:38.927+0000] {processor.py:161} INFO - Started process (PID=111) to work on /home/airflow/.local/lib/python3.12/site-packages/airflow/example_dags/example_python_decorator.py
[2024-06-15T02:04:38.928+0000] {processor.py:830} INFO - Processing file /home/airflow/.local/lib/python3.12/site-packages/airflow/example_dags/example_python_decorator.py for tasks to queue
[2024-06-15T02:04:38.930+0000] {logging_mixin.py:188} INFO - [2024-06-15T02:04:38.929+0000] {dagbag.py:545} INFO - Filling up the DagBag from /home/airflow/.local/lib/python3.12/site-packages/airflow/example_dags/example_python_decorator.py
[2024-06-15T02:04:38.944+0000] {processor.py:840} INFO - DAG(s) 'example_python_decorator' retrieved from /home/airflow/.local/lib/python3.12/site-packages/airflow/example_dags/example_python_decorator.py
[2024-06-15T02:04:39.086+0000] {logging_mixin.py:188} INFO - [2024-06-15T02:04:39.086+0000] {dag.py:3096} INFO - Sync 1 DAGs
[2024-06-15T02:04:39.103+0000] {logging_mixin.py:188} INFO - [2024-06-15T02:04:39.103+0000] {dag.py:3954} INFO - Setting next_dagrun for example_python_decorator to None, run_after=None
[2024-06-15T02:04:39.123+0000] {processor.py:183} INFO - Processing /home/airflow/.local/lib/python3.12/site-packages/airflow/example_dags/example_python_decorator.py took 0.200 seconds
[2024-06-15T02:05:09.563+0000] {processor.py:161} INFO - Started process (PID=169) to work on /home/airflow/.local/lib/python3.12/site-packages/airflow/example_dags/example_python_decorator.py
[2024-06-15T02:05:09.564+0000] {processor.py:830} INFO - Processing file /home/airflow/.local/lib/python3.12/site-packages/airflow/example_dags/example_python_decorator.py for tasks to queue
[2024-06-15T02:05:09.565+0000] {logging_mixin.py:188} INFO - [2024-06-15T02:05:09.565+0000] {dagbag.py:545} INFO - Filling up the DagBag from /home/airflow/.local/lib/python3.12/site-packages/airflow/example_dags/example_python_decorator.py
[2024-06-15T02:05:09.577+0000] {processor.py:840} INFO - DAG(s) 'example_python_decorator' retrieved from /home/airflow/.local/lib/python3.12/site-packages/airflow/example_dags/example_python_decorator.py
[2024-06-15T02:05:09.595+0000] {logging_mixin.py:188} INFO - [2024-06-15T02:05:09.595+0000] {dag.py:3096} INFO - Sync 1 DAGs
[2024-06-15T02:05:09.607+0000] {logging_mixin.py:188} INFO - [2024-06-15T02:05:09.607+0000] {dag.py:3954} INFO - Setting next_dagrun for example_python_decorator to None, run_after=None
[2024-06-15T02:05:09.623+0000] {processor.py:183} INFO - Processing /home/airflow/.local/lib/python3.12/site-packages/airflow/example_dags/example_python_decorator.py took 0.064 seconds
[2024-06-15T02:05:39.943+0000] {processor.py:161} INFO - Started process (PID=227) to work on /home/airflow/.local/lib/python3.12/site-packages/airflow/example_dags/example_python_decorator.py
[2024-06-15T02:05:39.943+0000] {processor.py:830} INFO - Processing file /home/airflow/.local/lib/python3.12/site-packages/airflow/example_dags/example_python_decorator.py for tasks to queue
[2024-06-15T02:05:39.945+0000] {logging_mixin.py:188} INFO - [2024-06-15T02:05:39.945+0000] {dagbag.py:545} INFO - Filling up the DagBag from /home/airflow/.local/lib/python3.12/site-packages/airflow/example_dags/example_python_decorator.py
[2024-06-15T02:05:39.958+0000] {processor.py:840} INFO - DAG(s) 'example_python_decorator' retrieved from /home/airflow/.local/lib/python3.12/site-packages/airflow/example_dags/example_python_decorator.py
[2024-06-15T02:05:39.975+0000] {logging_mixin.py:188} INFO - [2024-06-15T02:05:39.975+0000] {dag.py:3096} INFO - Sync 1 DAGs
[2024-06-15T02:05:39.988+0000] {logging_mixin.py:188} INFO - [2024-06-15T02:05:39.988+0000] {dag.py:3954} INFO - Setting next_dagrun for example_python_decorator to None, run_after=None
[2024-06-15T02:05:40.003+0000] {processor.py:183} INFO - Processing /home/airflow/.local/lib/python3.12/site-packages/airflow/example_dags/example_python_decorator.py took 0.066 seconds
[2024-06-15T02:06:10.280+0000] {processor.py:161} INFO - Started process (PID=285) to work on /home/airflow/.local/lib/python3.12/site-packages/airflow/example_dags/example_python_decorator.py
[2024-06-15T02:06:10.281+0000] {processor.py:830} INFO - Processing file /home/airflow/.local/lib/python3.12/site-packages/airflow/example_dags/example_python_decorator.py for tasks to queue
[2024-06-15T02:06:10.282+0000] {logging_mixin.py:188} INFO - [2024-06-15T02:06:10.282+0000] {dagbag.py:545} INFO - Filling up the DagBag from /home/airflow/.local/lib/python3.12/site-packages/airflow/example_dags/example_python_decorator.py
[2024-06-15T02:06:10.293+0000] {processor.py:840} INFO - DAG(s) 'example_python_decorator' retrieved from /home/airflow/.local/lib/python3.12/site-packages/airflow/example_dags/example_python_decorator.py
[2024-06-15T02:06:10.310+0000] {logging_mixin.py:188} INFO - [2024-06-15T02:06:10.310+0000] {dag.py:3096} INFO - Sync 1 DAGs
[2024-06-15T02:06:10.322+0000] {logging_mixin.py:188} INFO - [2024-06-15T02:06:10.322+0000] {dag.py:3954} INFO - Setting next_dagrun for example_python_decorator to None, run_after=None
[2024-06-15T02:06:10.337+0000] {processor.py:183} INFO - Processing /home/airflow/.local/lib/python3.12/site-packages/airflow/example_dags/example_python_decorator.py took 0.060 seconds
[2024-06-15T02:06:41.150+0000] {processor.py:161} INFO - Started process (PID=343) to work on /home/airflow/.local/lib/python3.12/site-packages/airflow/example_dags/example_python_decorator.py
[2024-06-15T02:06:41.150+0000] {processor.py:830} INFO - Processing file /home/airflow/.local/lib/python3.12/site-packages/airflow/example_dags/example_python_decorator.py for tasks to queue
[2024-06-15T02:06:41.152+0000] {logging_mixin.py:188} INFO - [2024-06-15T02:06:41.151+0000] {dagbag.py:545} INFO - Filling up the DagBag from /home/airflow/.local/lib/python3.12/site-packages/airflow/example_dags/example_python_decorator.py
[2024-06-15T02:06:41.165+0000] {processor.py:840} INFO - DAG(s) 'example_python_decorator' retrieved from /home/airflow/.local/lib/python3.12/site-packages/airflow/example_dags/example_python_decorator.py
[2024-06-15T02:06:41.184+0000] {logging_mixin.py:188} INFO - [2024-06-15T02:06:41.184+0000] {dag.py:3096} INFO - Sync 1 DAGs
[2024-06-15T02:06:41.195+0000] {logging_mixin.py:188} INFO - [2024-06-15T02:06:41.195+0000] {dag.py:3954} INFO - Setting next_dagrun for example_python_decorator to None, run_after=None
[2024-06-15T02:06:41.211+0000] {processor.py:183} INFO - Processing /home/airflow/.local/lib/python3.12/site-packages/airflow/example_dags/example_python_decorator.py took 0.065 seconds
[2024-06-15T02:07:12.121+0000] {processor.py:161} INFO - Started process (PID=401) to work on /home/airflow/.local/lib/python3.12/site-packages/airflow/example_dags/example_python_decorator.py
[2024-06-15T02:07:12.122+0000] {processor.py:830} INFO - Processing file /home/airflow/.local/lib/python3.12/site-packages/airflow/example_dags/example_python_decorator.py for tasks to queue
[2024-06-15T02:07:12.123+0000] {logging_mixin.py:188} INFO - [2024-06-15T02:07:12.123+0000] {dagbag.py:545} INFO - Filling up the DagBag from /home/airflow/.local/lib/python3.12/site-packages/airflow/example_dags/example_python_decorator.py
[2024-06-15T02:07:12.133+0000] {processor.py:840} INFO - DAG(s) 'example_python_decorator' retrieved from /home/airflow/.local/lib/python3.12/site-packages/airflow/example_dags/example_python_decorator.py
[2024-06-15T02:07:12.153+0000] {logging_mixin.py:188} INFO - [2024-06-15T02:07:12.153+0000] {dag.py:3096} INFO - Sync 1 DAGs
[2024-06-15T02:07:12.168+0000] {logging_mixin.py:188} INFO - [2024-06-15T02:07:12.168+0000] {dag.py:3954} INFO - Setting next_dagrun for example_python_decorator to None, run_after=None
[2024-06-15T02:07:12.188+0000] {processor.py:183} INFO - Processing /home/airflow/.local/lib/python3.12/site-packages/airflow/example_dags/example_python_decorator.py took 0.072 seconds
[2024-06-15T02:07:43.122+0000] {processor.py:161} INFO - Started process (PID=459) to work on /home/airflow/.local/lib/python3.12/site-packages/airflow/example_dags/example_python_decorator.py
[2024-06-15T02:07:43.123+0000] {processor.py:830} INFO - Processing file /home/airflow/.local/lib/python3.12/site-packages/airflow/example_dags/example_python_decorator.py for tasks to queue
[2024-06-15T02:07:43.124+0000] {logging_mixin.py:188} INFO - [2024-06-15T02:07:43.124+0000] {dagbag.py:545} INFO - Filling up the DagBag from /home/airflow/.local/lib/python3.12/site-packages/airflow/example_dags/example_python_decorator.py
[2024-06-15T02:07:43.134+0000] {processor.py:840} INFO - DAG(s) 'example_python_decorator' retrieved from /home/airflow/.local/lib/python3.12/site-packages/airflow/example_dags/example_python_decorator.py
[2024-06-15T02:07:43.152+0000] {logging_mixin.py:188} INFO - [2024-06-15T02:07:43.151+0000] {dag.py:3096} INFO - Sync 1 DAGs
[2024-06-15T02:07:43.164+0000] {logging_mixin.py:188} INFO - [2024-06-15T02:07:43.164+0000] {dag.py:3954} INFO - Setting next_dagrun for example_python_decorator to None, run_after=None
[2024-06-15T02:07:43.179+0000] {processor.py:183} INFO - Processing /home/airflow/.local/lib/python3.12/site-packages/airflow/example_dags/example_python_decorator.py took 0.063 seconds
[2024-06-15T02:08:13.387+0000] {processor.py:161} INFO - Started process (PID=517) to work on /home/airflow/.local/lib/python3.12/site-packages/airflow/example_dags/example_python_decorator.py
[2024-06-15T02:08:13.387+0000] {processor.py:830} INFO - Processing file /home/airflow/.local/lib/python3.12/site-packages/airflow/example_dags/example_python_decorator.py for tasks to queue
[2024-06-15T02:08:13.389+0000] {logging_mixin.py:188} INFO - [2024-06-15T02:08:13.389+0000] {dagbag.py:545} INFO - Filling up the DagBag from /home/airflow/.local/lib/python3.12/site-packages/airflow/example_dags/example_python_decorator.py
[2024-06-15T02:08:13.403+0000] {processor.py:840} INFO - DAG(s) 'example_python_decorator' retrieved from /home/airflow/.local/lib/python3.12/site-packages/airflow/example_dags/example_python_decorator.py
[2024-06-15T02:08:13.422+0000] {logging_mixin.py:188} INFO - [2024-06-15T02:08:13.422+0000] {dag.py:3096} INFO - Sync 1 DAGs
[2024-06-15T02:08:13.433+0000] {logging_mixin.py:188} INFO - [2024-06-15T02:08:13.433+0000] {dag.py:3954} INFO - Setting next_dagrun for example_python_decorator to None, run_after=None
[2024-06-15T02:08:13.448+0000] {processor.py:183} INFO - Processing /home/airflow/.local/lib/python3.12/site-packages/airflow/example_dags/example_python_decorator.py took 0.065 seconds
[2024-06-15T02:08:43.960+0000] {processor.py:161} INFO - Started process (PID=575) to work on /home/airflow/.local/lib/python3.12/site-packages/airflow/example_dags/example_python_decorator.py
[2024-06-15T02:08:43.960+0000] {processor.py:830} INFO - Processing file /home/airflow/.local/lib/python3.12/site-packages/airflow/example_dags/example_python_decorator.py for tasks to queue
[2024-06-15T02:08:43.962+0000] {logging_mixin.py:188} INFO - [2024-06-15T02:08:43.962+0000] {dagbag.py:545} INFO - Filling up the DagBag from /home/airflow/.local/lib/python3.12/site-packages/airflow/example_dags/example_python_decorator.py
[2024-06-15T02:08:43.973+0000] {processor.py:840} INFO - DAG(s) 'example_python_decorator' retrieved from /home/airflow/.local/lib/python3.12/site-packages/airflow/example_dags/example_python_decorator.py
[2024-06-15T02:08:43.990+0000] {logging_mixin.py:188} INFO - [2024-06-15T02:08:43.990+0000] {dag.py:3096} INFO - Sync 1 DAGs
[2024-06-15T02:08:44.000+0000] {logging_mixin.py:188} INFO - [2024-06-15T02:08:44.000+0000] {dag.py:3954} INFO - Setting next_dagrun for example_python_decorator to None, run_after=None
[2024-06-15T02:08:44.016+0000] {processor.py:183} INFO - Processing /home/airflow/.local/lib/python3.12/site-packages/airflow/example_dags/example_python_decorator.py took 0.060 seconds
[2024-06-15T02:09:14.373+0000] {processor.py:161} INFO - Started process (PID=633) to work on /home/airflow/.local/lib/python3.12/site-packages/airflow/example_dags/example_python_decorator.py
[2024-06-15T02:09:14.374+0000] {processor.py:830} INFO - Processing file /home/airflow/.local/lib/python3.12/site-packages/airflow/example_dags/example_python_decorator.py for tasks to queue
[2024-06-15T02:09:14.376+0000] {logging_mixin.py:188} INFO - [2024-06-15T02:09:14.375+0000] {dagbag.py:545} INFO - Filling up the DagBag from /home/airflow/.local/lib/python3.12/site-packages/airflow/example_dags/example_python_decorator.py
[2024-06-15T02:09:14.389+0000] {processor.py:840} INFO - DAG(s) 'example_python_decorator' retrieved from /home/airflow/.local/lib/python3.12/site-packages/airflow/example_dags/example_python_decorator.py
[2024-06-15T02:09:14.412+0000] {logging_mixin.py:188} INFO - [2024-06-15T02:09:14.411+0000] {dag.py:3096} INFO - Sync 1 DAGs
[2024-06-15T02:09:14.423+0000] {logging_mixin.py:188} INFO - [2024-06-15T02:09:14.423+0000] {dag.py:3954} INFO - Setting next_dagrun for example_python_decorator to None, run_after=None
[2024-06-15T02:09:14.441+0000] {processor.py:183} INFO - Processing /home/airflow/.local/lib/python3.12/site-packages/airflow/example_dags/example_python_decorator.py took 0.072 seconds
[2024-06-15T02:09:44.602+0000] {processor.py:161} INFO - Started process (PID=691) to work on /home/airflow/.local/lib/python3.12/site-packages/airflow/example_dags/example_python_decorator.py
[2024-06-15T02:09:44.603+0000] {processor.py:830} INFO - Processing file /home/airflow/.local/lib/python3.12/site-packages/airflow/example_dags/example_python_decorator.py for tasks to queue
[2024-06-15T02:09:44.604+0000] {logging_mixin.py:188} INFO - [2024-06-15T02:09:44.604+0000] {dagbag.py:545} INFO - Filling up the DagBag from /home/airflow/.local/lib/python3.12/site-packages/airflow/example_dags/example_python_decorator.py
[2024-06-15T02:09:44.615+0000] {processor.py:840} INFO - DAG(s) 'example_python_decorator' retrieved from /home/airflow/.local/lib/python3.12/site-packages/airflow/example_dags/example_python_decorator.py
[2024-06-15T02:09:44.633+0000] {logging_mixin.py:188} INFO - [2024-06-15T02:09:44.633+0000] {dag.py:3096} INFO - Sync 1 DAGs
[2024-06-15T02:09:44.647+0000] {logging_mixin.py:188} INFO - [2024-06-15T02:09:44.647+0000] {dag.py:3954} INFO - Setting next_dagrun for example_python_decorator to None, run_after=None
[2024-06-15T02:09:44.662+0000] {processor.py:183} INFO - Processing /home/airflow/.local/lib/python3.12/site-packages/airflow/example_dags/example_python_decorator.py took 0.063 seconds
[2024-06-15T02:10:15.597+0000] {processor.py:161} INFO - Started process (PID=749) to work on /home/airflow/.local/lib/python3.12/site-packages/airflow/example_dags/example_python_decorator.py
[2024-06-15T02:10:15.597+0000] {processor.py:830} INFO - Processing file /home/airflow/.local/lib/python3.12/site-packages/airflow/example_dags/example_python_decorator.py for tasks to queue
[2024-06-15T02:10:15.599+0000] {logging_mixin.py:188} INFO - [2024-06-15T02:10:15.598+0000] {dagbag.py:545} INFO - Filling up the DagBag from /home/airflow/.local/lib/python3.12/site-packages/airflow/example_dags/example_python_decorator.py
[2024-06-15T02:10:15.610+0000] {processor.py:840} INFO - DAG(s) 'example_python_decorator' retrieved from /home/airflow/.local/lib/python3.12/site-packages/airflow/example_dags/example_python_decorator.py
[2024-06-15T02:10:15.628+0000] {logging_mixin.py:188} INFO - [2024-06-15T02:10:15.628+0000] {dag.py:3096} INFO - Sync 1 DAGs
[2024-06-15T02:10:15.640+0000] {logging_mixin.py:188} INFO - [2024-06-15T02:10:15.640+0000] {dag.py:3954} INFO - Setting next_dagrun for example_python_decorator to None, run_after=None
[2024-06-15T02:10:15.655+0000] {processor.py:183} INFO - Processing /home/airflow/.local/lib/python3.12/site-packages/airflow/example_dags/example_python_decorator.py took 0.063 seconds
[2024-06-15T02:10:46.093+0000] {processor.py:161} INFO - Started process (PID=807) to work on /home/airflow/.local/lib/python3.12/site-packages/airflow/example_dags/example_python_decorator.py
[2024-06-15T02:10:46.094+0000] {processor.py:830} INFO - Processing file /home/airflow/.local/lib/python3.12/site-packages/airflow/example_dags/example_python_decorator.py for tasks to queue
[2024-06-15T02:10:46.096+0000] {logging_mixin.py:188} INFO - [2024-06-15T02:10:46.096+0000] {dagbag.py:545} INFO - Filling up the DagBag from /home/airflow/.local/lib/python3.12/site-packages/airflow/example_dags/example_python_decorator.py
[2024-06-15T02:10:46.109+0000] {processor.py:840} INFO - DAG(s) 'example_python_decorator' retrieved from /home/airflow/.local/lib/python3.12/site-packages/airflow/example_dags/example_python_decorator.py
[2024-06-15T02:10:46.129+0000] {logging_mixin.py:188} INFO - [2024-06-15T02:10:46.128+0000] {dag.py:3096} INFO - Sync 1 DAGs
[2024-06-15T02:10:46.142+0000] {logging_mixin.py:188} INFO - [2024-06-15T02:10:46.142+0000] {dag.py:3954} INFO - Setting next_dagrun for example_python_decorator to None, run_after=None
[2024-06-15T02:10:46.162+0000] {processor.py:183} INFO - Processing /home/airflow/.local/lib/python3.12/site-packages/airflow/example_dags/example_python_decorator.py took 0.074 seconds
[2024-06-15T02:11:16.696+0000] {processor.py:161} INFO - Started process (PID=865) to work on /home/airflow/.local/lib/python3.12/site-packages/airflow/example_dags/example_python_decorator.py
[2024-06-15T02:11:16.697+0000] {processor.py:830} INFO - Processing file /home/airflow/.local/lib/python3.12/site-packages/airflow/example_dags/example_python_decorator.py for tasks to queue
[2024-06-15T02:11:16.698+0000] {logging_mixin.py:188} INFO - [2024-06-15T02:11:16.698+0000] {dagbag.py:545} INFO - Filling up the DagBag from /home/airflow/.local/lib/python3.12/site-packages/airflow/example_dags/example_python_decorator.py
[2024-06-15T02:11:16.709+0000] {processor.py:840} INFO - DAG(s) 'example_python_decorator' retrieved from /home/airflow/.local/lib/python3.12/site-packages/airflow/example_dags/example_python_decorator.py
[2024-06-15T02:11:16.728+0000] {logging_mixin.py:188} INFO - [2024-06-15T02:11:16.727+0000] {dag.py:3096} INFO - Sync 1 DAGs
[2024-06-15T02:11:16.739+0000] {logging_mixin.py:188} INFO - [2024-06-15T02:11:16.739+0000] {dag.py:3954} INFO - Setting next_dagrun for example_python_decorator to None, run_after=None
[2024-06-15T02:11:16.754+0000] {processor.py:183} INFO - Processing /home/airflow/.local/lib/python3.12/site-packages/airflow/example_dags/example_python_decorator.py took 0.062 seconds
[2024-06-15T02:11:47.240+0000] {processor.py:161} INFO - Started process (PID=923) to work on /home/airflow/.local/lib/python3.12/site-packages/airflow/example_dags/example_python_decorator.py
[2024-06-15T02:11:47.241+0000] {processor.py:830} INFO - Processing file /home/airflow/.local/lib/python3.12/site-packages/airflow/example_dags/example_python_decorator.py for tasks to queue
[2024-06-15T02:11:47.242+0000] {logging_mixin.py:188} INFO - [2024-06-15T02:11:47.242+0000] {dagbag.py:545} INFO - Filling up the DagBag from /home/airflow/.local/lib/python3.12/site-packages/airflow/example_dags/example_python_decorator.py
[2024-06-15T02:11:47.253+0000] {processor.py:840} INFO - DAG(s) 'example_python_decorator' retrieved from /home/airflow/.local/lib/python3.12/site-packages/airflow/example_dags/example_python_decorator.py
[2024-06-15T02:11:47.272+0000] {logging_mixin.py:188} INFO - [2024-06-15T02:11:47.272+0000] {dag.py:3096} INFO - Sync 1 DAGs
[2024-06-15T02:11:47.282+0000] {logging_mixin.py:188} INFO - [2024-06-15T02:11:47.282+0000] {dag.py:3954} INFO - Setting next_dagrun for example_python_decorator to None, run_after=None
[2024-06-15T02:11:47.297+0000] {processor.py:183} INFO - Processing /home/airflow/.local/lib/python3.12/site-packages/airflow/example_dags/example_python_decorator.py took 0.061 seconds
[2024-06-15T02:12:17.808+0000] {processor.py:161} INFO - Started process (PID=981) to work on /home/airflow/.local/lib/python3.12/site-packages/airflow/example_dags/example_python_decorator.py
[2024-06-15T02:12:17.809+0000] {processor.py:830} INFO - Processing file /home/airflow/.local/lib/python3.12/site-packages/airflow/example_dags/example_python_decorator.py for tasks to queue
[2024-06-15T02:12:17.810+0000] {logging_mixin.py:188} INFO - [2024-06-15T02:12:17.810+0000] {dagbag.py:545} INFO - Filling up the DagBag from /home/airflow/.local/lib/python3.12/site-packages/airflow/example_dags/example_python_decorator.py
[2024-06-15T02:12:17.822+0000] {processor.py:840} INFO - DAG(s) 'example_python_decorator' retrieved from /home/airflow/.local/lib/python3.12/site-packages/airflow/example_dags/example_python_decorator.py
[2024-06-15T02:12:17.840+0000] {logging_mixin.py:188} INFO - [2024-06-15T02:12:17.840+0000] {dag.py:3096} INFO - Sync 1 DAGs
[2024-06-15T02:12:17.851+0000] {logging_mixin.py:188} INFO - [2024-06-15T02:12:17.850+0000] {dag.py:3954} INFO - Setting next_dagrun for example_python_decorator to None, run_after=None
[2024-06-15T02:12:17.866+0000] {processor.py:183} INFO - Processing /home/airflow/.local/lib/python3.12/site-packages/airflow/example_dags/example_python_decorator.py took 0.062 seconds
[2024-06-15T02:12:48.039+0000] {processor.py:161} INFO - Started process (PID=1039) to work on /home/airflow/.local/lib/python3.12/site-packages/airflow/example_dags/example_python_decorator.py
[2024-06-15T02:12:48.040+0000] {processor.py:830} INFO - Processing file /home/airflow/.local/lib/python3.12/site-packages/airflow/example_dags/example_python_decorator.py for tasks to queue
[2024-06-15T02:12:48.041+0000] {logging_mixin.py:188} INFO - [2024-06-15T02:12:48.041+0000] {dagbag.py:545} INFO - Filling up the DagBag from /home/airflow/.local/lib/python3.12/site-packages/airflow/example_dags/example_python_decorator.py
[2024-06-15T02:12:48.052+0000] {processor.py:840} INFO - DAG(s) 'example_python_decorator' retrieved from /home/airflow/.local/lib/python3.12/site-packages/airflow/example_dags/example_python_decorator.py
[2024-06-15T02:12:48.072+0000] {logging_mixin.py:188} INFO - [2024-06-15T02:12:48.071+0000] {dag.py:3096} INFO - Sync 1 DAGs
[2024-06-15T02:12:48.083+0000] {logging_mixin.py:188} INFO - [2024-06-15T02:12:48.083+0000] {dag.py:3954} INFO - Setting next_dagrun for example_python_decorator to None, run_after=None
[2024-06-15T02:12:48.099+0000] {processor.py:183} INFO - Processing /home/airflow/.local/lib/python3.12/site-packages/airflow/example_dags/example_python_decorator.py took 0.064 seconds
[2024-06-15T02:13:18.339+0000] {processor.py:161} INFO - Started process (PID=1096) to work on /home/airflow/.local/lib/python3.12/site-packages/airflow/example_dags/example_python_decorator.py
[2024-06-15T02:13:18.340+0000] {processor.py:830} INFO - Processing file /home/airflow/.local/lib/python3.12/site-packages/airflow/example_dags/example_python_decorator.py for tasks to queue
[2024-06-15T02:13:18.341+0000] {logging_mixin.py:188} INFO - [2024-06-15T02:13:18.341+0000] {dagbag.py:545} INFO - Filling up the DagBag from /home/airflow/.local/lib/python3.12/site-packages/airflow/example_dags/example_python_decorator.py
[2024-06-15T02:13:18.351+0000] {processor.py:840} INFO - DAG(s) 'example_python_decorator' retrieved from /home/airflow/.local/lib/python3.12/site-packages/airflow/example_dags/example_python_decorator.py
[2024-06-15T02:13:18.370+0000] {logging_mixin.py:188} INFO - [2024-06-15T02:13:18.369+0000] {dag.py:3096} INFO - Sync 1 DAGs
[2024-06-15T02:13:18.383+0000] {logging_mixin.py:188} INFO - [2024-06-15T02:13:18.383+0000] {dag.py:3954} INFO - Setting next_dagrun for example_python_decorator to None, run_after=None
[2024-06-15T02:13:18.409+0000] {processor.py:183} INFO - Processing /home/airflow/.local/lib/python3.12/site-packages/airflow/example_dags/example_python_decorator.py took 0.074 seconds
[2024-06-15T02:13:48.665+0000] {processor.py:161} INFO - Started process (PID=1154) to work on /home/airflow/.local/lib/python3.12/site-packages/airflow/example_dags/example_python_decorator.py
[2024-06-15T02:13:48.665+0000] {processor.py:830} INFO - Processing file /home/airflow/.local/lib/python3.12/site-packages/airflow/example_dags/example_python_decorator.py for tasks to queue
[2024-06-15T02:13:48.667+0000] {logging_mixin.py:188} INFO - [2024-06-15T02:13:48.666+0000] {dagbag.py:545} INFO - Filling up the DagBag from /home/airflow/.local/lib/python3.12/site-packages/airflow/example_dags/example_python_decorator.py
[2024-06-15T02:13:48.677+0000] {processor.py:840} INFO - DAG(s) 'example_python_decorator' retrieved from /home/airflow/.local/lib/python3.12/site-packages/airflow/example_dags/example_python_decorator.py
[2024-06-15T02:13:48.694+0000] {logging_mixin.py:188} INFO - [2024-06-15T02:13:48.694+0000] {dag.py:3096} INFO - Sync 1 DAGs
[2024-06-15T02:13:48.707+0000] {logging_mixin.py:188} INFO - [2024-06-15T02:13:48.707+0000] {dag.py:3954} INFO - Setting next_dagrun for example_python_decorator to None, run_after=None
[2024-06-15T02:13:48.722+0000] {processor.py:183} INFO - Processing /home/airflow/.local/lib/python3.12/site-packages/airflow/example_dags/example_python_decorator.py took 0.061 seconds
[2024-06-15T02:14:19.043+0000] {processor.py:161} INFO - Started process (PID=1212) to work on /home/airflow/.local/lib/python3.12/site-packages/airflow/example_dags/example_python_decorator.py
[2024-06-15T02:14:19.044+0000] {processor.py:830} INFO - Processing file /home/airflow/.local/lib/python3.12/site-packages/airflow/example_dags/example_python_decorator.py for tasks to queue
[2024-06-15T02:14:19.045+0000] {logging_mixin.py:188} INFO - [2024-06-15T02:14:19.045+0000] {dagbag.py:545} INFO - Filling up the DagBag from /home/airflow/.local/lib/python3.12/site-packages/airflow/example_dags/example_python_decorator.py
[2024-06-15T02:14:19.056+0000] {processor.py:840} INFO - DAG(s) 'example_python_decorator' retrieved from /home/airflow/.local/lib/python3.12/site-packages/airflow/example_dags/example_python_decorator.py
[2024-06-15T02:14:19.076+0000] {logging_mixin.py:188} INFO - [2024-06-15T02:14:19.076+0000] {dag.py:3096} INFO - Sync 1 DAGs
[2024-06-15T02:14:19.086+0000] {logging_mixin.py:188} INFO - [2024-06-15T02:14:19.086+0000] {dag.py:3954} INFO - Setting next_dagrun for example_python_decorator to None, run_after=None
[2024-06-15T02:14:19.101+0000] {processor.py:183} INFO - Processing /home/airflow/.local/lib/python3.12/site-packages/airflow/example_dags/example_python_decorator.py took 0.062 seconds
[2024-06-15T02:14:49.379+0000] {processor.py:161} INFO - Started process (PID=1270) to work on /home/airflow/.local/lib/python3.12/site-packages/airflow/example_dags/example_python_decorator.py
[2024-06-15T02:14:49.380+0000] {processor.py:830} INFO - Processing file /home/airflow/.local/lib/python3.12/site-packages/airflow/example_dags/example_python_decorator.py for tasks to queue
[2024-06-15T02:14:49.382+0000] {logging_mixin.py:188} INFO - [2024-06-15T02:14:49.381+0000] {dagbag.py:545} INFO - Filling up the DagBag from /home/airflow/.local/lib/python3.12/site-packages/airflow/example_dags/example_python_decorator.py
[2024-06-15T02:14:49.394+0000] {processor.py:840} INFO - DAG(s) 'example_python_decorator' retrieved from /home/airflow/.local/lib/python3.12/site-packages/airflow/example_dags/example_python_decorator.py
[2024-06-15T02:14:49.415+0000] {logging_mixin.py:188} INFO - [2024-06-15T02:14:49.414+0000] {dag.py:3096} INFO - Sync 1 DAGs
[2024-06-15T02:14:49.425+0000] {logging_mixin.py:188} INFO - [2024-06-15T02:14:49.425+0000] {dag.py:3954} INFO - Setting next_dagrun for example_python_decorator to None, run_after=None
[2024-06-15T02:14:49.440+0000] {processor.py:183} INFO - Processing /home/airflow/.local/lib/python3.12/site-packages/airflow/example_dags/example_python_decorator.py took 0.068 seconds
[2024-06-15T02:15:19.773+0000] {processor.py:161} INFO - Started process (PID=1328) to work on /home/airflow/.local/lib/python3.12/site-packages/airflow/example_dags/example_python_decorator.py
[2024-06-15T02:15:19.773+0000] {processor.py:830} INFO - Processing file /home/airflow/.local/lib/python3.12/site-packages/airflow/example_dags/example_python_decorator.py for tasks to queue
[2024-06-15T02:15:19.775+0000] {logging_mixin.py:188} INFO - [2024-06-15T02:15:19.774+0000] {dagbag.py:545} INFO - Filling up the DagBag from /home/airflow/.local/lib/python3.12/site-packages/airflow/example_dags/example_python_decorator.py
[2024-06-15T02:15:19.784+0000] {processor.py:840} INFO - DAG(s) 'example_python_decorator' retrieved from /home/airflow/.local/lib/python3.12/site-packages/airflow/example_dags/example_python_decorator.py
[2024-06-15T02:15:19.801+0000] {logging_mixin.py:188} INFO - [2024-06-15T02:15:19.801+0000] {dag.py:3096} INFO - Sync 1 DAGs
[2024-06-15T02:15:19.811+0000] {logging_mixin.py:188} INFO - [2024-06-15T02:15:19.811+0000] {dag.py:3954} INFO - Setting next_dagrun for example_python_decorator to None, run_after=None
[2024-06-15T02:15:19.825+0000] {processor.py:183} INFO - Processing /home/airflow/.local/lib/python3.12/site-packages/airflow/example_dags/example_python_decorator.py took 0.056 seconds
[2024-06-15T02:15:50.022+0000] {processor.py:161} INFO - Started process (PID=1386) to work on /home/airflow/.local/lib/python3.12/site-packages/airflow/example_dags/example_python_decorator.py
[2024-06-15T02:15:50.022+0000] {processor.py:830} INFO - Processing file /home/airflow/.local/lib/python3.12/site-packages/airflow/example_dags/example_python_decorator.py for tasks to queue
[2024-06-15T02:15:50.024+0000] {logging_mixin.py:188} INFO - [2024-06-15T02:15:50.024+0000] {dagbag.py:545} INFO - Filling up the DagBag from /home/airflow/.local/lib/python3.12/site-packages/airflow/example_dags/example_python_decorator.py
[2024-06-15T02:15:50.035+0000] {processor.py:840} INFO - DAG(s) 'example_python_decorator' retrieved from /home/airflow/.local/lib/python3.12/site-packages/airflow/example_dags/example_python_decorator.py
[2024-06-15T02:15:50.054+0000] {logging_mixin.py:188} INFO - [2024-06-15T02:15:50.054+0000] {dag.py:3096} INFO - Sync 1 DAGs
[2024-06-15T02:15:50.065+0000] {logging_mixin.py:188} INFO - [2024-06-15T02:15:50.065+0000] {dag.py:3954} INFO - Setting next_dagrun for example_python_decorator to None, run_after=None
[2024-06-15T02:15:50.079+0000] {processor.py:183} INFO - Processing /home/airflow/.local/lib/python3.12/site-packages/airflow/example_dags/example_python_decorator.py took 0.061 seconds
[2024-06-15T02:16:21.050+0000] {processor.py:161} INFO - Started process (PID=1451) to work on /home/airflow/.local/lib/python3.12/site-packages/airflow/example_dags/example_python_decorator.py
[2024-06-15T02:16:21.051+0000] {processor.py:830} INFO - Processing file /home/airflow/.local/lib/python3.12/site-packages/airflow/example_dags/example_python_decorator.py for tasks to queue
[2024-06-15T02:16:21.052+0000] {logging_mixin.py:188} INFO - [2024-06-15T02:16:21.052+0000] {dagbag.py:545} INFO - Filling up the DagBag from /home/airflow/.local/lib/python3.12/site-packages/airflow/example_dags/example_python_decorator.py
[2024-06-15T02:16:21.062+0000] {processor.py:840} INFO - DAG(s) 'example_python_decorator' retrieved from /home/airflow/.local/lib/python3.12/site-packages/airflow/example_dags/example_python_decorator.py
[2024-06-15T02:16:21.081+0000] {logging_mixin.py:188} INFO - [2024-06-15T02:16:21.081+0000] {dag.py:3096} INFO - Sync 1 DAGs
[2024-06-15T02:16:21.092+0000] {logging_mixin.py:188} INFO - [2024-06-15T02:16:21.092+0000] {dag.py:3954} INFO - Setting next_dagrun for example_python_decorator to None, run_after=None
[2024-06-15T02:16:21.200+0000] {processor.py:183} INFO - Processing /home/airflow/.local/lib/python3.12/site-packages/airflow/example_dags/example_python_decorator.py took 0.155 seconds
[2024-06-15T02:16:52.166+0000] {processor.py:161} INFO - Started process (PID=1509) to work on /home/airflow/.local/lib/python3.12/site-packages/airflow/example_dags/example_python_decorator.py
[2024-06-15T02:16:52.167+0000] {processor.py:830} INFO - Processing file /home/airflow/.local/lib/python3.12/site-packages/airflow/example_dags/example_python_decorator.py for tasks to queue
[2024-06-15T02:16:52.169+0000] {logging_mixin.py:188} INFO - [2024-06-15T02:16:52.168+0000] {dagbag.py:545} INFO - Filling up the DagBag from /home/airflow/.local/lib/python3.12/site-packages/airflow/example_dags/example_python_decorator.py
[2024-06-15T02:16:52.180+0000] {processor.py:840} INFO - DAG(s) 'example_python_decorator' retrieved from /home/airflow/.local/lib/python3.12/site-packages/airflow/example_dags/example_python_decorator.py
[2024-06-15T02:16:52.199+0000] {logging_mixin.py:188} INFO - [2024-06-15T02:16:52.198+0000] {dag.py:3096} INFO - Sync 1 DAGs
[2024-06-15T02:16:52.210+0000] {logging_mixin.py:188} INFO - [2024-06-15T02:16:52.210+0000] {dag.py:3954} INFO - Setting next_dagrun for example_python_decorator to None, run_after=None
[2024-06-15T02:16:52.225+0000] {processor.py:183} INFO - Processing /home/airflow/.local/lib/python3.12/site-packages/airflow/example_dags/example_python_decorator.py took 0.063 seconds
[2024-06-15T02:17:22.527+0000] {processor.py:161} INFO - Started process (PID=1567) to work on /home/airflow/.local/lib/python3.12/site-packages/airflow/example_dags/example_python_decorator.py
[2024-06-15T02:17:22.527+0000] {processor.py:830} INFO - Processing file /home/airflow/.local/lib/python3.12/site-packages/airflow/example_dags/example_python_decorator.py for tasks to queue
[2024-06-15T02:17:22.529+0000] {logging_mixin.py:188} INFO - [2024-06-15T02:17:22.528+0000] {dagbag.py:545} INFO - Filling up the DagBag from /home/airflow/.local/lib/python3.12/site-packages/airflow/example_dags/example_python_decorator.py
[2024-06-15T02:17:22.539+0000] {processor.py:840} INFO - DAG(s) 'example_python_decorator' retrieved from /home/airflow/.local/lib/python3.12/site-packages/airflow/example_dags/example_python_decorator.py
[2024-06-15T02:17:22.557+0000] {logging_mixin.py:188} INFO - [2024-06-15T02:17:22.556+0000] {dag.py:3096} INFO - Sync 1 DAGs
[2024-06-15T02:17:22.567+0000] {logging_mixin.py:188} INFO - [2024-06-15T02:17:22.567+0000] {dag.py:3954} INFO - Setting next_dagrun for example_python_decorator to None, run_after=None
[2024-06-15T02:17:22.582+0000] {processor.py:183} INFO - Processing /home/airflow/.local/lib/python3.12/site-packages/airflow/example_dags/example_python_decorator.py took 0.059 seconds
[2024-06-15T02:17:52.945+0000] {processor.py:161} INFO - Started process (PID=1625) to work on /home/airflow/.local/lib/python3.12/site-packages/airflow/example_dags/example_python_decorator.py
[2024-06-15T02:17:52.946+0000] {processor.py:830} INFO - Processing file /home/airflow/.local/lib/python3.12/site-packages/airflow/example_dags/example_python_decorator.py for tasks to queue
[2024-06-15T02:17:52.947+0000] {logging_mixin.py:188} INFO - [2024-06-15T02:17:52.947+0000] {dagbag.py:545} INFO - Filling up the DagBag from /home/airflow/.local/lib/python3.12/site-packages/airflow/example_dags/example_python_decorator.py
[2024-06-15T02:17:52.960+0000] {processor.py:840} INFO - DAG(s) 'example_python_decorator' retrieved from /home/airflow/.local/lib/python3.12/site-packages/airflow/example_dags/example_python_decorator.py
[2024-06-15T02:17:52.980+0000] {logging_mixin.py:188} INFO - [2024-06-15T02:17:52.979+0000] {dag.py:3096} INFO - Sync 1 DAGs
[2024-06-15T02:17:52.990+0000] {logging_mixin.py:188} INFO - [2024-06-15T02:17:52.990+0000] {dag.py:3954} INFO - Setting next_dagrun for example_python_decorator to None, run_after=None
[2024-06-15T02:17:53.006+0000] {processor.py:183} INFO - Processing /home/airflow/.local/lib/python3.12/site-packages/airflow/example_dags/example_python_decorator.py took 0.065 seconds
[2024-06-15T02:18:23.344+0000] {processor.py:161} INFO - Started process (PID=1683) to work on /home/airflow/.local/lib/python3.12/site-packages/airflow/example_dags/example_python_decorator.py
[2024-06-15T02:18:23.345+0000] {processor.py:830} INFO - Processing file /home/airflow/.local/lib/python3.12/site-packages/airflow/example_dags/example_python_decorator.py for tasks to queue
[2024-06-15T02:18:23.346+0000] {logging_mixin.py:188} INFO - [2024-06-15T02:18:23.346+0000] {dagbag.py:545} INFO - Filling up the DagBag from /home/airflow/.local/lib/python3.12/site-packages/airflow/example_dags/example_python_decorator.py
[2024-06-15T02:18:23.358+0000] {processor.py:840} INFO - DAG(s) 'example_python_decorator' retrieved from /home/airflow/.local/lib/python3.12/site-packages/airflow/example_dags/example_python_decorator.py
[2024-06-15T02:18:23.380+0000] {logging_mixin.py:188} INFO - [2024-06-15T02:18:23.379+0000] {dag.py:3096} INFO - Sync 1 DAGs
[2024-06-15T02:18:23.391+0000] {logging_mixin.py:188} INFO - [2024-06-15T02:18:23.391+0000] {dag.py:3954} INFO - Setting next_dagrun for example_python_decorator to None, run_after=None
[2024-06-15T02:18:23.407+0000] {processor.py:183} INFO - Processing /home/airflow/.local/lib/python3.12/site-packages/airflow/example_dags/example_python_decorator.py took 0.068 seconds
[2024-06-15T02:18:54.071+0000] {processor.py:161} INFO - Started process (PID=1741) to work on /home/airflow/.local/lib/python3.12/site-packages/airflow/example_dags/example_python_decorator.py
[2024-06-15T02:18:54.072+0000] {processor.py:830} INFO - Processing file /home/airflow/.local/lib/python3.12/site-packages/airflow/example_dags/example_python_decorator.py for tasks to queue
[2024-06-15T02:18:54.073+0000] {logging_mixin.py:188} INFO - [2024-06-15T02:18:54.073+0000] {dagbag.py:545} INFO - Filling up the DagBag from /home/airflow/.local/lib/python3.12/site-packages/airflow/example_dags/example_python_decorator.py
[2024-06-15T02:18:54.084+0000] {processor.py:840} INFO - DAG(s) 'example_python_decorator' retrieved from /home/airflow/.local/lib/python3.12/site-packages/airflow/example_dags/example_python_decorator.py
[2024-06-15T02:18:54.103+0000] {logging_mixin.py:188} INFO - [2024-06-15T02:18:54.102+0000] {dag.py:3096} INFO - Sync 1 DAGs
[2024-06-15T02:18:54.114+0000] {logging_mixin.py:188} INFO - [2024-06-15T02:18:54.113+0000] {dag.py:3954} INFO - Setting next_dagrun for example_python_decorator to None, run_after=None
[2024-06-15T02:18:54.129+0000] {processor.py:183} INFO - Processing /home/airflow/.local/lib/python3.12/site-packages/airflow/example_dags/example_python_decorator.py took 0.062 seconds
[2024-06-15T02:19:24.959+0000] {processor.py:161} INFO - Started process (PID=1799) to work on /home/airflow/.local/lib/python3.12/site-packages/airflow/example_dags/example_python_decorator.py
[2024-06-15T02:19:24.960+0000] {processor.py:830} INFO - Processing file /home/airflow/.local/lib/python3.12/site-packages/airflow/example_dags/example_python_decorator.py for tasks to queue
[2024-06-15T02:19:24.962+0000] {logging_mixin.py:188} INFO - [2024-06-15T02:19:24.961+0000] {dagbag.py:545} INFO - Filling up the DagBag from /home/airflow/.local/lib/python3.12/site-packages/airflow/example_dags/example_python_decorator.py
[2024-06-15T02:19:24.979+0000] {processor.py:840} INFO - DAG(s) 'example_python_decorator' retrieved from /home/airflow/.local/lib/python3.12/site-packages/airflow/example_dags/example_python_decorator.py
[2024-06-15T02:19:25.007+0000] {logging_mixin.py:188} INFO - [2024-06-15T02:19:25.007+0000] {dag.py:3096} INFO - Sync 1 DAGs
[2024-06-15T02:19:25.137+0000] {logging_mixin.py:188} INFO - [2024-06-15T02:19:25.137+0000] {dag.py:3954} INFO - Setting next_dagrun for example_python_decorator to None, run_after=None
[2024-06-15T02:19:25.152+0000] {processor.py:183} INFO - Processing /home/airflow/.local/lib/python3.12/site-packages/airflow/example_dags/example_python_decorator.py took 0.198 seconds
[2024-06-15T02:19:55.487+0000] {processor.py:161} INFO - Started process (PID=1858) to work on /home/airflow/.local/lib/python3.12/site-packages/airflow/example_dags/example_python_decorator.py
[2024-06-15T02:19:55.488+0000] {processor.py:830} INFO - Processing file /home/airflow/.local/lib/python3.12/site-packages/airflow/example_dags/example_python_decorator.py for tasks to queue
[2024-06-15T02:19:55.489+0000] {logging_mixin.py:188} INFO - [2024-06-15T02:19:55.489+0000] {dagbag.py:545} INFO - Filling up the DagBag from /home/airflow/.local/lib/python3.12/site-packages/airflow/example_dags/example_python_decorator.py
[2024-06-15T02:19:55.500+0000] {processor.py:840} INFO - DAG(s) 'example_python_decorator' retrieved from /home/airflow/.local/lib/python3.12/site-packages/airflow/example_dags/example_python_decorator.py
[2024-06-15T02:19:55.518+0000] {logging_mixin.py:188} INFO - [2024-06-15T02:19:55.518+0000] {dag.py:3096} INFO - Sync 1 DAGs
[2024-06-15T02:19:55.640+0000] {logging_mixin.py:188} INFO - [2024-06-15T02:19:55.640+0000] {dag.py:3954} INFO - Setting next_dagrun for example_python_decorator to None, run_after=None
[2024-06-15T02:19:55.654+0000] {processor.py:183} INFO - Processing /home/airflow/.local/lib/python3.12/site-packages/airflow/example_dags/example_python_decorator.py took 0.171 seconds
[2024-06-15T02:20:26.057+0000] {processor.py:161} INFO - Started process (PID=1915) to work on /home/airflow/.local/lib/python3.12/site-packages/airflow/example_dags/example_python_decorator.py
[2024-06-15T02:20:26.058+0000] {processor.py:830} INFO - Processing file /home/airflow/.local/lib/python3.12/site-packages/airflow/example_dags/example_python_decorator.py for tasks to queue
[2024-06-15T02:20:26.059+0000] {logging_mixin.py:188} INFO - [2024-06-15T02:20:26.059+0000] {dagbag.py:545} INFO - Filling up the DagBag from /home/airflow/.local/lib/python3.12/site-packages/airflow/example_dags/example_python_decorator.py
[2024-06-15T02:20:26.071+0000] {processor.py:840} INFO - DAG(s) 'example_python_decorator' retrieved from /home/airflow/.local/lib/python3.12/site-packages/airflow/example_dags/example_python_decorator.py
[2024-06-15T02:20:26.090+0000] {logging_mixin.py:188} INFO - [2024-06-15T02:20:26.090+0000] {dag.py:3096} INFO - Sync 1 DAGs
[2024-06-15T02:20:26.221+0000] {logging_mixin.py:188} INFO - [2024-06-15T02:20:26.221+0000] {dag.py:3954} INFO - Setting next_dagrun for example_python_decorator to None, run_after=None
[2024-06-15T02:20:26.237+0000] {processor.py:183} INFO - Processing /home/airflow/.local/lib/python3.12/site-packages/airflow/example_dags/example_python_decorator.py took 0.184 seconds
[2024-06-15T02:20:56.990+0000] {processor.py:161} INFO - Started process (PID=1973) to work on /home/airflow/.local/lib/python3.12/site-packages/airflow/example_dags/example_python_decorator.py
[2024-06-15T02:20:56.991+0000] {processor.py:830} INFO - Processing file /home/airflow/.local/lib/python3.12/site-packages/airflow/example_dags/example_python_decorator.py for tasks to queue
[2024-06-15T02:20:56.992+0000] {logging_mixin.py:188} INFO - [2024-06-15T02:20:56.992+0000] {dagbag.py:545} INFO - Filling up the DagBag from /home/airflow/.local/lib/python3.12/site-packages/airflow/example_dags/example_python_decorator.py
[2024-06-15T02:20:57.003+0000] {processor.py:840} INFO - DAG(s) 'example_python_decorator' retrieved from /home/airflow/.local/lib/python3.12/site-packages/airflow/example_dags/example_python_decorator.py
[2024-06-15T02:20:57.021+0000] {logging_mixin.py:188} INFO - [2024-06-15T02:20:57.021+0000] {dag.py:3096} INFO - Sync 1 DAGs
[2024-06-15T02:20:57.034+0000] {logging_mixin.py:188} INFO - [2024-06-15T02:20:57.034+0000] {dag.py:3954} INFO - Setting next_dagrun for example_python_decorator to None, run_after=None
[2024-06-15T02:20:57.049+0000] {processor.py:183} INFO - Processing /home/airflow/.local/lib/python3.12/site-packages/airflow/example_dags/example_python_decorator.py took 0.064 seconds
[2024-06-15T02:21:27.431+0000] {processor.py:161} INFO - Started process (PID=2031) to work on /home/airflow/.local/lib/python3.12/site-packages/airflow/example_dags/example_python_decorator.py
[2024-06-15T02:21:27.432+0000] {processor.py:830} INFO - Processing file /home/airflow/.local/lib/python3.12/site-packages/airflow/example_dags/example_python_decorator.py for tasks to queue
[2024-06-15T02:21:27.434+0000] {logging_mixin.py:188} INFO - [2024-06-15T02:21:27.433+0000] {dagbag.py:545} INFO - Filling up the DagBag from /home/airflow/.local/lib/python3.12/site-packages/airflow/example_dags/example_python_decorator.py
[2024-06-15T02:21:27.444+0000] {processor.py:840} INFO - DAG(s) 'example_python_decorator' retrieved from /home/airflow/.local/lib/python3.12/site-packages/airflow/example_dags/example_python_decorator.py
[2024-06-15T02:21:27.463+0000] {logging_mixin.py:188} INFO - [2024-06-15T02:21:27.463+0000] {dag.py:3096} INFO - Sync 1 DAGs
[2024-06-15T02:21:27.474+0000] {logging_mixin.py:188} INFO - [2024-06-15T02:21:27.473+0000] {dag.py:3954} INFO - Setting next_dagrun for example_python_decorator to None, run_after=None
[2024-06-15T02:21:27.490+0000] {processor.py:183} INFO - Processing /home/airflow/.local/lib/python3.12/site-packages/airflow/example_dags/example_python_decorator.py took 0.063 seconds
[2024-06-15T02:21:57.720+0000] {processor.py:161} INFO - Started process (PID=2089) to work on /home/airflow/.local/lib/python3.12/site-packages/airflow/example_dags/example_python_decorator.py
[2024-06-15T02:21:57.720+0000] {processor.py:830} INFO - Processing file /home/airflow/.local/lib/python3.12/site-packages/airflow/example_dags/example_python_decorator.py for tasks to queue
[2024-06-15T02:21:57.722+0000] {logging_mixin.py:188} INFO - [2024-06-15T02:21:57.722+0000] {dagbag.py:545} INFO - Filling up the DagBag from /home/airflow/.local/lib/python3.12/site-packages/airflow/example_dags/example_python_decorator.py
[2024-06-15T02:21:57.733+0000] {processor.py:840} INFO - DAG(s) 'example_python_decorator' retrieved from /home/airflow/.local/lib/python3.12/site-packages/airflow/example_dags/example_python_decorator.py
[2024-06-15T02:21:57.755+0000] {logging_mixin.py:188} INFO - [2024-06-15T02:21:57.755+0000] {dag.py:3096} INFO - Sync 1 DAGs
[2024-06-15T02:21:57.766+0000] {logging_mixin.py:188} INFO - [2024-06-15T02:21:57.766+0000] {dag.py:3954} INFO - Setting next_dagrun for example_python_decorator to None, run_after=None
[2024-06-15T02:21:57.782+0000] {processor.py:183} INFO - Processing /home/airflow/.local/lib/python3.12/site-packages/airflow/example_dags/example_python_decorator.py took 0.066 seconds
[2024-06-15T02:22:28.309+0000] {processor.py:161} INFO - Started process (PID=2147) to work on /home/airflow/.local/lib/python3.12/site-packages/airflow/example_dags/example_python_decorator.py
[2024-06-15T02:22:28.310+0000] {processor.py:830} INFO - Processing file /home/airflow/.local/lib/python3.12/site-packages/airflow/example_dags/example_python_decorator.py for tasks to queue
[2024-06-15T02:22:28.312+0000] {logging_mixin.py:188} INFO - [2024-06-15T02:22:28.311+0000] {dagbag.py:545} INFO - Filling up the DagBag from /home/airflow/.local/lib/python3.12/site-packages/airflow/example_dags/example_python_decorator.py
[2024-06-15T02:22:28.322+0000] {processor.py:840} INFO - DAG(s) 'example_python_decorator' retrieved from /home/airflow/.local/lib/python3.12/site-packages/airflow/example_dags/example_python_decorator.py
[2024-06-15T02:22:28.340+0000] {logging_mixin.py:188} INFO - [2024-06-15T02:22:28.340+0000] {dag.py:3096} INFO - Sync 1 DAGs
[2024-06-15T02:22:28.352+0000] {logging_mixin.py:188} INFO - [2024-06-15T02:22:28.352+0000] {dag.py:3954} INFO - Setting next_dagrun for example_python_decorator to None, run_after=None
[2024-06-15T02:22:28.369+0000] {processor.py:183} INFO - Processing /home/airflow/.local/lib/python3.12/site-packages/airflow/example_dags/example_python_decorator.py took 0.065 seconds
[2024-06-15T02:22:58.547+0000] {processor.py:161} INFO - Started process (PID=2205) to work on /home/airflow/.local/lib/python3.12/site-packages/airflow/example_dags/example_python_decorator.py
[2024-06-15T02:22:58.548+0000] {processor.py:830} INFO - Processing file /home/airflow/.local/lib/python3.12/site-packages/airflow/example_dags/example_python_decorator.py for tasks to queue
[2024-06-15T02:22:58.549+0000] {logging_mixin.py:188} INFO - [2024-06-15T02:22:58.549+0000] {dagbag.py:545} INFO - Filling up the DagBag from /home/airflow/.local/lib/python3.12/site-packages/airflow/example_dags/example_python_decorator.py
[2024-06-15T02:22:58.561+0000] {processor.py:840} INFO - DAG(s) 'example_python_decorator' retrieved from /home/airflow/.local/lib/python3.12/site-packages/airflow/example_dags/example_python_decorator.py
[2024-06-15T02:22:58.579+0000] {logging_mixin.py:188} INFO - [2024-06-15T02:22:58.579+0000] {dag.py:3096} INFO - Sync 1 DAGs
[2024-06-15T02:22:58.591+0000] {logging_mixin.py:188} INFO - [2024-06-15T02:22:58.590+0000] {dag.py:3954} INFO - Setting next_dagrun for example_python_decorator to None, run_after=None
[2024-06-15T02:22:58.604+0000] {processor.py:183} INFO - Processing /home/airflow/.local/lib/python3.12/site-packages/airflow/example_dags/example_python_decorator.py took 0.061 seconds
[2024-06-15T02:23:28.805+0000] {processor.py:161} INFO - Started process (PID=2263) to work on /home/airflow/.local/lib/python3.12/site-packages/airflow/example_dags/example_python_decorator.py
[2024-06-15T02:23:28.806+0000] {processor.py:830} INFO - Processing file /home/airflow/.local/lib/python3.12/site-packages/airflow/example_dags/example_python_decorator.py for tasks to queue
[2024-06-15T02:23:28.807+0000] {logging_mixin.py:188} INFO - [2024-06-15T02:23:28.807+0000] {dagbag.py:545} INFO - Filling up the DagBag from /home/airflow/.local/lib/python3.12/site-packages/airflow/example_dags/example_python_decorator.py
[2024-06-15T02:23:28.817+0000] {processor.py:840} INFO - DAG(s) 'example_python_decorator' retrieved from /home/airflow/.local/lib/python3.12/site-packages/airflow/example_dags/example_python_decorator.py
[2024-06-15T02:23:28.837+0000] {logging_mixin.py:188} INFO - [2024-06-15T02:23:28.837+0000] {dag.py:3096} INFO - Sync 1 DAGs
[2024-06-15T02:23:28.847+0000] {logging_mixin.py:188} INFO - [2024-06-15T02:23:28.847+0000] {dag.py:3954} INFO - Setting next_dagrun for example_python_decorator to None, run_after=None
[2024-06-15T02:23:28.862+0000] {processor.py:183} INFO - Processing /home/airflow/.local/lib/python3.12/site-packages/airflow/example_dags/example_python_decorator.py took 0.061 seconds
[2024-06-15T02:23:58.926+0000] {processor.py:161} INFO - Started process (PID=2321) to work on /home/airflow/.local/lib/python3.12/site-packages/airflow/example_dags/example_python_decorator.py
[2024-06-15T02:23:58.927+0000] {processor.py:830} INFO - Processing file /home/airflow/.local/lib/python3.12/site-packages/airflow/example_dags/example_python_decorator.py for tasks to queue
[2024-06-15T02:23:58.928+0000] {logging_mixin.py:188} INFO - [2024-06-15T02:23:58.928+0000] {dagbag.py:545} INFO - Filling up the DagBag from /home/airflow/.local/lib/python3.12/site-packages/airflow/example_dags/example_python_decorator.py
[2024-06-15T02:23:58.940+0000] {processor.py:840} INFO - DAG(s) 'example_python_decorator' retrieved from /home/airflow/.local/lib/python3.12/site-packages/airflow/example_dags/example_python_decorator.py
[2024-06-15T02:23:58.960+0000] {logging_mixin.py:188} INFO - [2024-06-15T02:23:58.959+0000] {dag.py:3096} INFO - Sync 1 DAGs
[2024-06-15T02:23:58.970+0000] {logging_mixin.py:188} INFO - [2024-06-15T02:23:58.970+0000] {dag.py:3954} INFO - Setting next_dagrun for example_python_decorator to None, run_after=None
[2024-06-15T02:23:58.985+0000] {processor.py:183} INFO - Processing /home/airflow/.local/lib/python3.12/site-packages/airflow/example_dags/example_python_decorator.py took 0.063 seconds
