[2024-06-15T02:04:09.238+0000] {processor.py:161} INFO - Started process (PID=70) to work on /home/airflow/.local/lib/python3.12/site-packages/airflow/example_dags/example_nested_branch_dag.py
[2024-06-15T02:04:09.239+0000] {processor.py:830} INFO - Processing file /home/airflow/.local/lib/python3.12/site-packages/airflow/example_dags/example_nested_branch_dag.py for tasks to queue
[2024-06-15T02:04:09.241+0000] {logging_mixin.py:188} INFO - [2024-06-15T02:04:09.241+0000] {dagbag.py:545} INFO - Filling up the DagBag from /home/airflow/.local/lib/python3.12/site-packages/airflow/example_dags/example_nested_branch_dag.py
[2024-06-15T02:04:09.257+0000] {processor.py:840} INFO - DAG(s) 'example_nested_branch_dag' retrieved from /home/airflow/.local/lib/python3.12/site-packages/airflow/example_dags/example_nested_branch_dag.py
[2024-06-15T02:04:09.270+0000] {logging_mixin.py:188} INFO - [2024-06-15T02:04:09.270+0000] {dag.py:3096} INFO - Sync 1 DAGs
[2024-06-15T02:04:09.311+0000] {logging_mixin.py:188} INFO - [2024-06-15T02:04:09.310+0000] {dag.py:3954} INFO - Setting next_dagrun for example_nested_branch_dag to 2024-06-14 00:00:00+00:00, run_after=2024-06-15 00:00:00+00:00
[2024-06-15T02:04:09.337+0000] {processor.py:183} INFO - Processing /home/airflow/.local/lib/python3.12/site-packages/airflow/example_dags/example_nested_branch_dag.py took 0.105 seconds
[2024-06-15T02:04:40.314+0000] {processor.py:161} INFO - Started process (PID=128) to work on /home/airflow/.local/lib/python3.12/site-packages/airflow/example_dags/example_nested_branch_dag.py
[2024-06-15T02:04:40.315+0000] {processor.py:830} INFO - Processing file /home/airflow/.local/lib/python3.12/site-packages/airflow/example_dags/example_nested_branch_dag.py for tasks to queue
[2024-06-15T02:04:40.317+0000] {logging_mixin.py:188} INFO - [2024-06-15T02:04:40.316+0000] {dagbag.py:545} INFO - Filling up the DagBag from /home/airflow/.local/lib/python3.12/site-packages/airflow/example_dags/example_nested_branch_dag.py
[2024-06-15T02:04:40.324+0000] {processor.py:840} INFO - DAG(s) 'example_nested_branch_dag' retrieved from /home/airflow/.local/lib/python3.12/site-packages/airflow/example_dags/example_nested_branch_dag.py
[2024-06-15T02:04:40.421+0000] {logging_mixin.py:188} INFO - [2024-06-15T02:04:40.421+0000] {dag.py:3096} INFO - Sync 1 DAGs
[2024-06-15T02:04:40.441+0000] {logging_mixin.py:188} INFO - [2024-06-15T02:04:40.441+0000] {dag.py:3954} INFO - Setting next_dagrun for example_nested_branch_dag to 2024-06-14 00:00:00+00:00, run_after=2024-06-15 00:00:00+00:00
[2024-06-15T02:04:40.456+0000] {processor.py:183} INFO - Processing /home/airflow/.local/lib/python3.12/site-packages/airflow/example_dags/example_nested_branch_dag.py took 0.146 seconds
[2024-06-15T02:05:11.355+0000] {processor.py:161} INFO - Started process (PID=186) to work on /home/airflow/.local/lib/python3.12/site-packages/airflow/example_dags/example_nested_branch_dag.py
[2024-06-15T02:05:11.355+0000] {processor.py:830} INFO - Processing file /home/airflow/.local/lib/python3.12/site-packages/airflow/example_dags/example_nested_branch_dag.py for tasks to queue
[2024-06-15T02:05:11.357+0000] {logging_mixin.py:188} INFO - [2024-06-15T02:05:11.356+0000] {dagbag.py:545} INFO - Filling up the DagBag from /home/airflow/.local/lib/python3.12/site-packages/airflow/example_dags/example_nested_branch_dag.py
[2024-06-15T02:05:11.364+0000] {processor.py:840} INFO - DAG(s) 'example_nested_branch_dag' retrieved from /home/airflow/.local/lib/python3.12/site-packages/airflow/example_dags/example_nested_branch_dag.py
[2024-06-15T02:05:11.384+0000] {logging_mixin.py:188} INFO - [2024-06-15T02:05:11.384+0000] {dag.py:3096} INFO - Sync 1 DAGs
[2024-06-15T02:05:11.407+0000] {logging_mixin.py:188} INFO - [2024-06-15T02:05:11.407+0000] {dag.py:3954} INFO - Setting next_dagrun for example_nested_branch_dag to 2024-06-14 00:00:00+00:00, run_after=2024-06-15 00:00:00+00:00
[2024-06-15T02:05:11.424+0000] {processor.py:183} INFO - Processing /home/airflow/.local/lib/python3.12/site-packages/airflow/example_dags/example_nested_branch_dag.py took 0.074 seconds
[2024-06-15T02:05:41.724+0000] {processor.py:161} INFO - Started process (PID=244) to work on /home/airflow/.local/lib/python3.12/site-packages/airflow/example_dags/example_nested_branch_dag.py
[2024-06-15T02:05:41.724+0000] {processor.py:830} INFO - Processing file /home/airflow/.local/lib/python3.12/site-packages/airflow/example_dags/example_nested_branch_dag.py for tasks to queue
[2024-06-15T02:05:41.726+0000] {logging_mixin.py:188} INFO - [2024-06-15T02:05:41.725+0000] {dagbag.py:545} INFO - Filling up the DagBag from /home/airflow/.local/lib/python3.12/site-packages/airflow/example_dags/example_nested_branch_dag.py
[2024-06-15T02:05:41.733+0000] {processor.py:840} INFO - DAG(s) 'example_nested_branch_dag' retrieved from /home/airflow/.local/lib/python3.12/site-packages/airflow/example_dags/example_nested_branch_dag.py
[2024-06-15T02:05:41.752+0000] {logging_mixin.py:188} INFO - [2024-06-15T02:05:41.752+0000] {dag.py:3096} INFO - Sync 1 DAGs
[2024-06-15T02:05:41.770+0000] {logging_mixin.py:188} INFO - [2024-06-15T02:05:41.770+0000] {dag.py:3954} INFO - Setting next_dagrun for example_nested_branch_dag to 2024-06-14 00:00:00+00:00, run_after=2024-06-15 00:00:00+00:00
[2024-06-15T02:05:41.787+0000] {processor.py:183} INFO - Processing /home/airflow/.local/lib/python3.12/site-packages/airflow/example_dags/example_nested_branch_dag.py took 0.067 seconds
[2024-06-15T02:06:11.960+0000] {processor.py:161} INFO - Started process (PID=302) to work on /home/airflow/.local/lib/python3.12/site-packages/airflow/example_dags/example_nested_branch_dag.py
[2024-06-15T02:06:11.960+0000] {processor.py:830} INFO - Processing file /home/airflow/.local/lib/python3.12/site-packages/airflow/example_dags/example_nested_branch_dag.py for tasks to queue
[2024-06-15T02:06:11.962+0000] {logging_mixin.py:188} INFO - [2024-06-15T02:06:11.962+0000] {dagbag.py:545} INFO - Filling up the DagBag from /home/airflow/.local/lib/python3.12/site-packages/airflow/example_dags/example_nested_branch_dag.py
[2024-06-15T02:06:11.970+0000] {processor.py:840} INFO - DAG(s) 'example_nested_branch_dag' retrieved from /home/airflow/.local/lib/python3.12/site-packages/airflow/example_dags/example_nested_branch_dag.py
[2024-06-15T02:06:11.987+0000] {logging_mixin.py:188} INFO - [2024-06-15T02:06:11.987+0000] {dag.py:3096} INFO - Sync 1 DAGs
[2024-06-15T02:06:12.007+0000] {logging_mixin.py:188} INFO - [2024-06-15T02:06:12.007+0000] {dag.py:3954} INFO - Setting next_dagrun for example_nested_branch_dag to 2024-06-14 00:00:00+00:00, run_after=2024-06-15 00:00:00+00:00
[2024-06-15T02:06:12.022+0000] {processor.py:183} INFO - Processing /home/airflow/.local/lib/python3.12/site-packages/airflow/example_dags/example_nested_branch_dag.py took 0.066 seconds
[2024-06-15T02:06:42.896+0000] {processor.py:161} INFO - Started process (PID=360) to work on /home/airflow/.local/lib/python3.12/site-packages/airflow/example_dags/example_nested_branch_dag.py
[2024-06-15T02:06:42.897+0000] {processor.py:830} INFO - Processing file /home/airflow/.local/lib/python3.12/site-packages/airflow/example_dags/example_nested_branch_dag.py for tasks to queue
[2024-06-15T02:06:42.898+0000] {logging_mixin.py:188} INFO - [2024-06-15T02:06:42.898+0000] {dagbag.py:545} INFO - Filling up the DagBag from /home/airflow/.local/lib/python3.12/site-packages/airflow/example_dags/example_nested_branch_dag.py
[2024-06-15T02:06:42.906+0000] {processor.py:840} INFO - DAG(s) 'example_nested_branch_dag' retrieved from /home/airflow/.local/lib/python3.12/site-packages/airflow/example_dags/example_nested_branch_dag.py
[2024-06-15T02:06:42.925+0000] {logging_mixin.py:188} INFO - [2024-06-15T02:06:42.924+0000] {dag.py:3096} INFO - Sync 1 DAGs
[2024-06-15T02:06:42.945+0000] {logging_mixin.py:188} INFO - [2024-06-15T02:06:42.944+0000] {dag.py:3954} INFO - Setting next_dagrun for example_nested_branch_dag to 2024-06-14 00:00:00+00:00, run_after=2024-06-15 00:00:00+00:00
[2024-06-15T02:06:42.961+0000] {processor.py:183} INFO - Processing /home/airflow/.local/lib/python3.12/site-packages/airflow/example_dags/example_nested_branch_dag.py took 0.069 seconds
[2024-06-15T02:07:13.012+0000] {processor.py:161} INFO - Started process (PID=418) to work on /home/airflow/.local/lib/python3.12/site-packages/airflow/example_dags/example_nested_branch_dag.py
[2024-06-15T02:07:13.013+0000] {processor.py:830} INFO - Processing file /home/airflow/.local/lib/python3.12/site-packages/airflow/example_dags/example_nested_branch_dag.py for tasks to queue
[2024-06-15T02:07:13.014+0000] {logging_mixin.py:188} INFO - [2024-06-15T02:07:13.014+0000] {dagbag.py:545} INFO - Filling up the DagBag from /home/airflow/.local/lib/python3.12/site-packages/airflow/example_dags/example_nested_branch_dag.py
[2024-06-15T02:07:13.023+0000] {processor.py:840} INFO - DAG(s) 'example_nested_branch_dag' retrieved from /home/airflow/.local/lib/python3.12/site-packages/airflow/example_dags/example_nested_branch_dag.py
[2024-06-15T02:07:13.042+0000] {logging_mixin.py:188} INFO - [2024-06-15T02:07:13.042+0000] {dag.py:3096} INFO - Sync 1 DAGs
[2024-06-15T02:07:13.063+0000] {logging_mixin.py:188} INFO - [2024-06-15T02:07:13.063+0000] {dag.py:3954} INFO - Setting next_dagrun for example_nested_branch_dag to 2024-06-14 00:00:00+00:00, run_after=2024-06-15 00:00:00+00:00
[2024-06-15T02:07:13.081+0000] {processor.py:183} INFO - Processing /home/airflow/.local/lib/python3.12/site-packages/airflow/example_dags/example_nested_branch_dag.py took 0.073 seconds
[2024-06-15T02:07:43.868+0000] {processor.py:161} INFO - Started process (PID=476) to work on /home/airflow/.local/lib/python3.12/site-packages/airflow/example_dags/example_nested_branch_dag.py
[2024-06-15T02:07:43.868+0000] {processor.py:830} INFO - Processing file /home/airflow/.local/lib/python3.12/site-packages/airflow/example_dags/example_nested_branch_dag.py for tasks to queue
[2024-06-15T02:07:43.870+0000] {logging_mixin.py:188} INFO - [2024-06-15T02:07:43.869+0000] {dagbag.py:545} INFO - Filling up the DagBag from /home/airflow/.local/lib/python3.12/site-packages/airflow/example_dags/example_nested_branch_dag.py
[2024-06-15T02:07:43.878+0000] {processor.py:840} INFO - DAG(s) 'example_nested_branch_dag' retrieved from /home/airflow/.local/lib/python3.12/site-packages/airflow/example_dags/example_nested_branch_dag.py
[2024-06-15T02:07:43.894+0000] {logging_mixin.py:188} INFO - [2024-06-15T02:07:43.894+0000] {dag.py:3096} INFO - Sync 1 DAGs
[2024-06-15T02:07:43.912+0000] {logging_mixin.py:188} INFO - [2024-06-15T02:07:43.912+0000] {dag.py:3954} INFO - Setting next_dagrun for example_nested_branch_dag to 2024-06-14 00:00:00+00:00, run_after=2024-06-15 00:00:00+00:00
[2024-06-15T02:07:43.928+0000] {processor.py:183} INFO - Processing /home/airflow/.local/lib/python3.12/site-packages/airflow/example_dags/example_nested_branch_dag.py took 0.064 seconds
[2024-06-15T02:08:14.218+0000] {processor.py:161} INFO - Started process (PID=534) to work on /home/airflow/.local/lib/python3.12/site-packages/airflow/example_dags/example_nested_branch_dag.py
[2024-06-15T02:08:14.219+0000] {processor.py:830} INFO - Processing file /home/airflow/.local/lib/python3.12/site-packages/airflow/example_dags/example_nested_branch_dag.py for tasks to queue
[2024-06-15T02:08:14.220+0000] {logging_mixin.py:188} INFO - [2024-06-15T02:08:14.220+0000] {dagbag.py:545} INFO - Filling up the DagBag from /home/airflow/.local/lib/python3.12/site-packages/airflow/example_dags/example_nested_branch_dag.py
[2024-06-15T02:08:14.231+0000] {processor.py:840} INFO - DAG(s) 'example_nested_branch_dag' retrieved from /home/airflow/.local/lib/python3.12/site-packages/airflow/example_dags/example_nested_branch_dag.py
[2024-06-15T02:08:14.250+0000] {logging_mixin.py:188} INFO - [2024-06-15T02:08:14.250+0000] {dag.py:3096} INFO - Sync 1 DAGs
[2024-06-15T02:08:14.270+0000] {logging_mixin.py:188} INFO - [2024-06-15T02:08:14.270+0000] {dag.py:3954} INFO - Setting next_dagrun for example_nested_branch_dag to 2024-06-14 00:00:00+00:00, run_after=2024-06-15 00:00:00+00:00
[2024-06-15T02:08:14.285+0000] {processor.py:183} INFO - Processing /home/airflow/.local/lib/python3.12/site-packages/airflow/example_dags/example_nested_branch_dag.py took 0.072 seconds
[2024-06-15T02:08:44.674+0000] {processor.py:161} INFO - Started process (PID=592) to work on /home/airflow/.local/lib/python3.12/site-packages/airflow/example_dags/example_nested_branch_dag.py
[2024-06-15T02:08:44.675+0000] {processor.py:830} INFO - Processing file /home/airflow/.local/lib/python3.12/site-packages/airflow/example_dags/example_nested_branch_dag.py for tasks to queue
[2024-06-15T02:08:44.679+0000] {logging_mixin.py:188} INFO - [2024-06-15T02:08:44.678+0000] {dagbag.py:545} INFO - Filling up the DagBag from /home/airflow/.local/lib/python3.12/site-packages/airflow/example_dags/example_nested_branch_dag.py
[2024-06-15T02:08:44.687+0000] {processor.py:840} INFO - DAG(s) 'example_nested_branch_dag' retrieved from /home/airflow/.local/lib/python3.12/site-packages/airflow/example_dags/example_nested_branch_dag.py
[2024-06-15T02:08:44.708+0000] {logging_mixin.py:188} INFO - [2024-06-15T02:08:44.708+0000] {dag.py:3096} INFO - Sync 1 DAGs
[2024-06-15T02:08:44.730+0000] {logging_mixin.py:188} INFO - [2024-06-15T02:08:44.729+0000] {dag.py:3954} INFO - Setting next_dagrun for example_nested_branch_dag to 2024-06-14 00:00:00+00:00, run_after=2024-06-15 00:00:00+00:00
[2024-06-15T02:08:44.747+0000] {processor.py:183} INFO - Processing /home/airflow/.local/lib/python3.12/site-packages/airflow/example_dags/example_nested_branch_dag.py took 0.077 seconds
[2024-06-15T02:09:15.332+0000] {processor.py:161} INFO - Started process (PID=650) to work on /home/airflow/.local/lib/python3.12/site-packages/airflow/example_dags/example_nested_branch_dag.py
[2024-06-15T02:09:15.333+0000] {processor.py:830} INFO - Processing file /home/airflow/.local/lib/python3.12/site-packages/airflow/example_dags/example_nested_branch_dag.py for tasks to queue
[2024-06-15T02:09:15.335+0000] {logging_mixin.py:188} INFO - [2024-06-15T02:09:15.335+0000] {dagbag.py:545} INFO - Filling up the DagBag from /home/airflow/.local/lib/python3.12/site-packages/airflow/example_dags/example_nested_branch_dag.py
[2024-06-15T02:09:15.343+0000] {processor.py:840} INFO - DAG(s) 'example_nested_branch_dag' retrieved from /home/airflow/.local/lib/python3.12/site-packages/airflow/example_dags/example_nested_branch_dag.py
[2024-06-15T02:09:15.366+0000] {logging_mixin.py:188} INFO - [2024-06-15T02:09:15.366+0000] {dag.py:3096} INFO - Sync 1 DAGs
[2024-06-15T02:09:15.390+0000] {logging_mixin.py:188} INFO - [2024-06-15T02:09:15.390+0000] {dag.py:3954} INFO - Setting next_dagrun for example_nested_branch_dag to 2024-06-14 00:00:00+00:00, run_after=2024-06-15 00:00:00+00:00
[2024-06-15T02:09:15.409+0000] {processor.py:183} INFO - Processing /home/airflow/.local/lib/python3.12/site-packages/airflow/example_dags/example_nested_branch_dag.py took 0.080 seconds
[2024-06-15T02:09:45.467+0000] {processor.py:161} INFO - Started process (PID=708) to work on /home/airflow/.local/lib/python3.12/site-packages/airflow/example_dags/example_nested_branch_dag.py
[2024-06-15T02:09:45.468+0000] {processor.py:830} INFO - Processing file /home/airflow/.local/lib/python3.12/site-packages/airflow/example_dags/example_nested_branch_dag.py for tasks to queue
[2024-06-15T02:09:45.469+0000] {logging_mixin.py:188} INFO - [2024-06-15T02:09:45.469+0000] {dagbag.py:545} INFO - Filling up the DagBag from /home/airflow/.local/lib/python3.12/site-packages/airflow/example_dags/example_nested_branch_dag.py
[2024-06-15T02:09:45.476+0000] {processor.py:840} INFO - DAG(s) 'example_nested_branch_dag' retrieved from /home/airflow/.local/lib/python3.12/site-packages/airflow/example_dags/example_nested_branch_dag.py
[2024-06-15T02:09:45.495+0000] {logging_mixin.py:188} INFO - [2024-06-15T02:09:45.494+0000] {dag.py:3096} INFO - Sync 1 DAGs
[2024-06-15T02:09:45.515+0000] {logging_mixin.py:188} INFO - [2024-06-15T02:09:45.515+0000] {dag.py:3954} INFO - Setting next_dagrun for example_nested_branch_dag to 2024-06-14 00:00:00+00:00, run_after=2024-06-15 00:00:00+00:00
[2024-06-15T02:09:45.531+0000] {processor.py:183} INFO - Processing /home/airflow/.local/lib/python3.12/site-packages/airflow/example_dags/example_nested_branch_dag.py took 0.068 seconds
[2024-06-15T02:10:16.506+0000] {processor.py:161} INFO - Started process (PID=766) to work on /home/airflow/.local/lib/python3.12/site-packages/airflow/example_dags/example_nested_branch_dag.py
[2024-06-15T02:10:16.507+0000] {processor.py:830} INFO - Processing file /home/airflow/.local/lib/python3.12/site-packages/airflow/example_dags/example_nested_branch_dag.py for tasks to queue
[2024-06-15T02:10:16.508+0000] {logging_mixin.py:188} INFO - [2024-06-15T02:10:16.508+0000] {dagbag.py:545} INFO - Filling up the DagBag from /home/airflow/.local/lib/python3.12/site-packages/airflow/example_dags/example_nested_branch_dag.py
[2024-06-15T02:10:16.516+0000] {processor.py:840} INFO - DAG(s) 'example_nested_branch_dag' retrieved from /home/airflow/.local/lib/python3.12/site-packages/airflow/example_dags/example_nested_branch_dag.py
[2024-06-15T02:10:16.535+0000] {logging_mixin.py:188} INFO - [2024-06-15T02:10:16.534+0000] {dag.py:3096} INFO - Sync 1 DAGs
[2024-06-15T02:10:16.555+0000] {logging_mixin.py:188} INFO - [2024-06-15T02:10:16.555+0000] {dag.py:3954} INFO - Setting next_dagrun for example_nested_branch_dag to 2024-06-14 00:00:00+00:00, run_after=2024-06-15 00:00:00+00:00
[2024-06-15T02:10:16.570+0000] {processor.py:183} INFO - Processing /home/airflow/.local/lib/python3.12/site-packages/airflow/example_dags/example_nested_branch_dag.py took 0.069 seconds
[2024-06-15T02:10:46.999+0000] {processor.py:161} INFO - Started process (PID=824) to work on /home/airflow/.local/lib/python3.12/site-packages/airflow/example_dags/example_nested_branch_dag.py
[2024-06-15T02:10:47.000+0000] {processor.py:830} INFO - Processing file /home/airflow/.local/lib/python3.12/site-packages/airflow/example_dags/example_nested_branch_dag.py for tasks to queue
[2024-06-15T02:10:47.002+0000] {logging_mixin.py:188} INFO - [2024-06-15T02:10:47.002+0000] {dagbag.py:545} INFO - Filling up the DagBag from /home/airflow/.local/lib/python3.12/site-packages/airflow/example_dags/example_nested_branch_dag.py
[2024-06-15T02:10:47.011+0000] {processor.py:840} INFO - DAG(s) 'example_nested_branch_dag' retrieved from /home/airflow/.local/lib/python3.12/site-packages/airflow/example_dags/example_nested_branch_dag.py
[2024-06-15T02:10:47.033+0000] {logging_mixin.py:188} INFO - [2024-06-15T02:10:47.033+0000] {dag.py:3096} INFO - Sync 1 DAGs
[2024-06-15T02:10:47.059+0000] {logging_mixin.py:188} INFO - [2024-06-15T02:10:47.059+0000] {dag.py:3954} INFO - Setting next_dagrun for example_nested_branch_dag to 2024-06-14 00:00:00+00:00, run_after=2024-06-15 00:00:00+00:00
[2024-06-15T02:10:47.079+0000] {processor.py:183} INFO - Processing /home/airflow/.local/lib/python3.12/site-packages/airflow/example_dags/example_nested_branch_dag.py took 0.085 seconds
[2024-06-15T02:11:17.550+0000] {processor.py:161} INFO - Started process (PID=882) to work on /home/airflow/.local/lib/python3.12/site-packages/airflow/example_dags/example_nested_branch_dag.py
[2024-06-15T02:11:17.551+0000] {processor.py:830} INFO - Processing file /home/airflow/.local/lib/python3.12/site-packages/airflow/example_dags/example_nested_branch_dag.py for tasks to queue
[2024-06-15T02:11:17.552+0000] {logging_mixin.py:188} INFO - [2024-06-15T02:11:17.552+0000] {dagbag.py:545} INFO - Filling up the DagBag from /home/airflow/.local/lib/python3.12/site-packages/airflow/example_dags/example_nested_branch_dag.py
[2024-06-15T02:11:17.560+0000] {processor.py:840} INFO - DAG(s) 'example_nested_branch_dag' retrieved from /home/airflow/.local/lib/python3.12/site-packages/airflow/example_dags/example_nested_branch_dag.py
[2024-06-15T02:11:17.578+0000] {logging_mixin.py:188} INFO - [2024-06-15T02:11:17.578+0000] {dag.py:3096} INFO - Sync 1 DAGs
[2024-06-15T02:11:17.597+0000] {logging_mixin.py:188} INFO - [2024-06-15T02:11:17.597+0000] {dag.py:3954} INFO - Setting next_dagrun for example_nested_branch_dag to 2024-06-14 00:00:00+00:00, run_after=2024-06-15 00:00:00+00:00
[2024-06-15T02:11:17.612+0000] {processor.py:183} INFO - Processing /home/airflow/.local/lib/python3.12/site-packages/airflow/example_dags/example_nested_branch_dag.py took 0.066 seconds
[2024-06-15T02:11:48.055+0000] {processor.py:161} INFO - Started process (PID=940) to work on /home/airflow/.local/lib/python3.12/site-packages/airflow/example_dags/example_nested_branch_dag.py
[2024-06-15T02:11:48.055+0000] {processor.py:830} INFO - Processing file /home/airflow/.local/lib/python3.12/site-packages/airflow/example_dags/example_nested_branch_dag.py for tasks to queue
[2024-06-15T02:11:48.057+0000] {logging_mixin.py:188} INFO - [2024-06-15T02:11:48.056+0000] {dagbag.py:545} INFO - Filling up the DagBag from /home/airflow/.local/lib/python3.12/site-packages/airflow/example_dags/example_nested_branch_dag.py
[2024-06-15T02:11:48.064+0000] {processor.py:840} INFO - DAG(s) 'example_nested_branch_dag' retrieved from /home/airflow/.local/lib/python3.12/site-packages/airflow/example_dags/example_nested_branch_dag.py
[2024-06-15T02:11:48.083+0000] {logging_mixin.py:188} INFO - [2024-06-15T02:11:48.083+0000] {dag.py:3096} INFO - Sync 1 DAGs
[2024-06-15T02:11:48.101+0000] {logging_mixin.py:188} INFO - [2024-06-15T02:11:48.101+0000] {dag.py:3954} INFO - Setting next_dagrun for example_nested_branch_dag to 2024-06-14 00:00:00+00:00, run_after=2024-06-15 00:00:00+00:00
[2024-06-15T02:11:48.116+0000] {processor.py:183} INFO - Processing /home/airflow/.local/lib/python3.12/site-packages/airflow/example_dags/example_nested_branch_dag.py took 0.065 seconds
[2024-06-15T02:12:18.589+0000] {processor.py:161} INFO - Started process (PID=998) to work on /home/airflow/.local/lib/python3.12/site-packages/airflow/example_dags/example_nested_branch_dag.py
[2024-06-15T02:12:18.589+0000] {processor.py:830} INFO - Processing file /home/airflow/.local/lib/python3.12/site-packages/airflow/example_dags/example_nested_branch_dag.py for tasks to queue
[2024-06-15T02:12:18.591+0000] {logging_mixin.py:188} INFO - [2024-06-15T02:12:18.590+0000] {dagbag.py:545} INFO - Filling up the DagBag from /home/airflow/.local/lib/python3.12/site-packages/airflow/example_dags/example_nested_branch_dag.py
[2024-06-15T02:12:18.599+0000] {processor.py:840} INFO - DAG(s) 'example_nested_branch_dag' retrieved from /home/airflow/.local/lib/python3.12/site-packages/airflow/example_dags/example_nested_branch_dag.py
[2024-06-15T02:12:18.617+0000] {logging_mixin.py:188} INFO - [2024-06-15T02:12:18.616+0000] {dag.py:3096} INFO - Sync 1 DAGs
[2024-06-15T02:12:18.636+0000] {logging_mixin.py:188} INFO - [2024-06-15T02:12:18.635+0000] {dag.py:3954} INFO - Setting next_dagrun for example_nested_branch_dag to 2024-06-14 00:00:00+00:00, run_after=2024-06-15 00:00:00+00:00
[2024-06-15T02:12:18.650+0000] {processor.py:183} INFO - Processing /home/airflow/.local/lib/python3.12/site-packages/airflow/example_dags/example_nested_branch_dag.py took 0.066 seconds
[2024-06-15T02:12:48.976+0000] {processor.py:161} INFO - Started process (PID=1056) to work on /home/airflow/.local/lib/python3.12/site-packages/airflow/example_dags/example_nested_branch_dag.py
[2024-06-15T02:12:48.977+0000] {processor.py:830} INFO - Processing file /home/airflow/.local/lib/python3.12/site-packages/airflow/example_dags/example_nested_branch_dag.py for tasks to queue
[2024-06-15T02:12:48.978+0000] {logging_mixin.py:188} INFO - [2024-06-15T02:12:48.978+0000] {dagbag.py:545} INFO - Filling up the DagBag from /home/airflow/.local/lib/python3.12/site-packages/airflow/example_dags/example_nested_branch_dag.py
[2024-06-15T02:12:48.985+0000] {processor.py:840} INFO - DAG(s) 'example_nested_branch_dag' retrieved from /home/airflow/.local/lib/python3.12/site-packages/airflow/example_dags/example_nested_branch_dag.py
[2024-06-15T02:12:49.003+0000] {logging_mixin.py:188} INFO - [2024-06-15T02:12:49.002+0000] {dag.py:3096} INFO - Sync 1 DAGs
[2024-06-15T02:12:49.022+0000] {logging_mixin.py:188} INFO - [2024-06-15T02:12:49.021+0000] {dag.py:3954} INFO - Setting next_dagrun for example_nested_branch_dag to 2024-06-14 00:00:00+00:00, run_after=2024-06-15 00:00:00+00:00
[2024-06-15T02:12:49.037+0000] {processor.py:183} INFO - Processing /home/airflow/.local/lib/python3.12/site-packages/airflow/example_dags/example_nested_branch_dag.py took 0.065 seconds
[2024-06-15T02:13:19.267+0000] {processor.py:161} INFO - Started process (PID=1114) to work on /home/airflow/.local/lib/python3.12/site-packages/airflow/example_dags/example_nested_branch_dag.py
[2024-06-15T02:13:19.268+0000] {processor.py:830} INFO - Processing file /home/airflow/.local/lib/python3.12/site-packages/airflow/example_dags/example_nested_branch_dag.py for tasks to queue
[2024-06-15T02:13:19.269+0000] {logging_mixin.py:188} INFO - [2024-06-15T02:13:19.269+0000] {dagbag.py:545} INFO - Filling up the DagBag from /home/airflow/.local/lib/python3.12/site-packages/airflow/example_dags/example_nested_branch_dag.py
[2024-06-15T02:13:19.279+0000] {processor.py:840} INFO - DAG(s) 'example_nested_branch_dag' retrieved from /home/airflow/.local/lib/python3.12/site-packages/airflow/example_dags/example_nested_branch_dag.py
[2024-06-15T02:13:19.304+0000] {logging_mixin.py:188} INFO - [2024-06-15T02:13:19.303+0000] {dag.py:3096} INFO - Sync 1 DAGs
[2024-06-15T02:13:19.327+0000] {logging_mixin.py:188} INFO - [2024-06-15T02:13:19.327+0000] {dag.py:3954} INFO - Setting next_dagrun for example_nested_branch_dag to 2024-06-14 00:00:00+00:00, run_after=2024-06-15 00:00:00+00:00
[2024-06-15T02:13:19.343+0000] {processor.py:183} INFO - Processing /home/airflow/.local/lib/python3.12/site-packages/airflow/example_dags/example_nested_branch_dag.py took 0.081 seconds
[2024-06-15T02:13:49.581+0000] {processor.py:161} INFO - Started process (PID=1172) to work on /home/airflow/.local/lib/python3.12/site-packages/airflow/example_dags/example_nested_branch_dag.py
[2024-06-15T02:13:49.581+0000] {processor.py:830} INFO - Processing file /home/airflow/.local/lib/python3.12/site-packages/airflow/example_dags/example_nested_branch_dag.py for tasks to queue
[2024-06-15T02:13:49.583+0000] {logging_mixin.py:188} INFO - [2024-06-15T02:13:49.582+0000] {dagbag.py:545} INFO - Filling up the DagBag from /home/airflow/.local/lib/python3.12/site-packages/airflow/example_dags/example_nested_branch_dag.py
[2024-06-15T02:13:49.591+0000] {processor.py:840} INFO - DAG(s) 'example_nested_branch_dag' retrieved from /home/airflow/.local/lib/python3.12/site-packages/airflow/example_dags/example_nested_branch_dag.py
[2024-06-15T02:13:49.608+0000] {logging_mixin.py:188} INFO - [2024-06-15T02:13:49.608+0000] {dag.py:3096} INFO - Sync 1 DAGs
[2024-06-15T02:13:49.629+0000] {logging_mixin.py:188} INFO - [2024-06-15T02:13:49.628+0000] {dag.py:3954} INFO - Setting next_dagrun for example_nested_branch_dag to 2024-06-14 00:00:00+00:00, run_after=2024-06-15 00:00:00+00:00
[2024-06-15T02:13:49.645+0000] {processor.py:183} INFO - Processing /home/airflow/.local/lib/python3.12/site-packages/airflow/example_dags/example_nested_branch_dag.py took 0.069 seconds
[2024-06-15T02:14:19.882+0000] {processor.py:161} INFO - Started process (PID=1230) to work on /home/airflow/.local/lib/python3.12/site-packages/airflow/example_dags/example_nested_branch_dag.py
[2024-06-15T02:14:19.882+0000] {processor.py:830} INFO - Processing file /home/airflow/.local/lib/python3.12/site-packages/airflow/example_dags/example_nested_branch_dag.py for tasks to queue
[2024-06-15T02:14:19.884+0000] {logging_mixin.py:188} INFO - [2024-06-15T02:14:19.883+0000] {dagbag.py:545} INFO - Filling up the DagBag from /home/airflow/.local/lib/python3.12/site-packages/airflow/example_dags/example_nested_branch_dag.py
[2024-06-15T02:14:19.891+0000] {processor.py:840} INFO - DAG(s) 'example_nested_branch_dag' retrieved from /home/airflow/.local/lib/python3.12/site-packages/airflow/example_dags/example_nested_branch_dag.py
[2024-06-15T02:14:19.909+0000] {logging_mixin.py:188} INFO - [2024-06-15T02:14:19.909+0000] {dag.py:3096} INFO - Sync 1 DAGs
[2024-06-15T02:14:19.931+0000] {logging_mixin.py:188} INFO - [2024-06-15T02:14:19.930+0000] {dag.py:3954} INFO - Setting next_dagrun for example_nested_branch_dag to 2024-06-14 00:00:00+00:00, run_after=2024-06-15 00:00:00+00:00
[2024-06-15T02:14:19.947+0000] {processor.py:183} INFO - Processing /home/airflow/.local/lib/python3.12/site-packages/airflow/example_dags/example_nested_branch_dag.py took 0.070 seconds
[2024-06-15T02:14:50.419+0000] {processor.py:161} INFO - Started process (PID=1288) to work on /home/airflow/.local/lib/python3.12/site-packages/airflow/example_dags/example_nested_branch_dag.py
[2024-06-15T02:14:50.420+0000] {processor.py:830} INFO - Processing file /home/airflow/.local/lib/python3.12/site-packages/airflow/example_dags/example_nested_branch_dag.py for tasks to queue
[2024-06-15T02:14:50.421+0000] {logging_mixin.py:188} INFO - [2024-06-15T02:14:50.421+0000] {dagbag.py:545} INFO - Filling up the DagBag from /home/airflow/.local/lib/python3.12/site-packages/airflow/example_dags/example_nested_branch_dag.py
[2024-06-15T02:14:50.429+0000] {processor.py:840} INFO - DAG(s) 'example_nested_branch_dag' retrieved from /home/airflow/.local/lib/python3.12/site-packages/airflow/example_dags/example_nested_branch_dag.py
[2024-06-15T02:14:50.448+0000] {logging_mixin.py:188} INFO - [2024-06-15T02:14:50.448+0000] {dag.py:3096} INFO - Sync 1 DAGs
[2024-06-15T02:14:50.469+0000] {logging_mixin.py:188} INFO - [2024-06-15T02:14:50.468+0000] {dag.py:3954} INFO - Setting next_dagrun for example_nested_branch_dag to 2024-06-14 00:00:00+00:00, run_after=2024-06-15 00:00:00+00:00
[2024-06-15T02:14:50.485+0000] {processor.py:183} INFO - Processing /home/airflow/.local/lib/python3.12/site-packages/airflow/example_dags/example_nested_branch_dag.py took 0.069 seconds
[2024-06-15T02:15:20.639+0000] {processor.py:161} INFO - Started process (PID=1346) to work on /home/airflow/.local/lib/python3.12/site-packages/airflow/example_dags/example_nested_branch_dag.py
[2024-06-15T02:15:20.640+0000] {processor.py:830} INFO - Processing file /home/airflow/.local/lib/python3.12/site-packages/airflow/example_dags/example_nested_branch_dag.py for tasks to queue
[2024-06-15T02:15:20.641+0000] {logging_mixin.py:188} INFO - [2024-06-15T02:15:20.641+0000] {dagbag.py:545} INFO - Filling up the DagBag from /home/airflow/.local/lib/python3.12/site-packages/airflow/example_dags/example_nested_branch_dag.py
[2024-06-15T02:15:20.649+0000] {processor.py:840} INFO - DAG(s) 'example_nested_branch_dag' retrieved from /home/airflow/.local/lib/python3.12/site-packages/airflow/example_dags/example_nested_branch_dag.py
[2024-06-15T02:15:20.667+0000] {logging_mixin.py:188} INFO - [2024-06-15T02:15:20.666+0000] {dag.py:3096} INFO - Sync 1 DAGs
[2024-06-15T02:15:20.684+0000] {logging_mixin.py:188} INFO - [2024-06-15T02:15:20.684+0000] {dag.py:3954} INFO - Setting next_dagrun for example_nested_branch_dag to 2024-06-14 00:00:00+00:00, run_after=2024-06-15 00:00:00+00:00
[2024-06-15T02:15:20.699+0000] {processor.py:183} INFO - Processing /home/airflow/.local/lib/python3.12/site-packages/airflow/example_dags/example_nested_branch_dag.py took 0.063 seconds
[2024-06-15T02:15:50.865+0000] {processor.py:161} INFO - Started process (PID=1404) to work on /home/airflow/.local/lib/python3.12/site-packages/airflow/example_dags/example_nested_branch_dag.py
[2024-06-15T02:15:50.866+0000] {processor.py:830} INFO - Processing file /home/airflow/.local/lib/python3.12/site-packages/airflow/example_dags/example_nested_branch_dag.py for tasks to queue
[2024-06-15T02:15:50.867+0000] {logging_mixin.py:188} INFO - [2024-06-15T02:15:50.867+0000] {dagbag.py:545} INFO - Filling up the DagBag from /home/airflow/.local/lib/python3.12/site-packages/airflow/example_dags/example_nested_branch_dag.py
[2024-06-15T02:15:50.874+0000] {processor.py:840} INFO - DAG(s) 'example_nested_branch_dag' retrieved from /home/airflow/.local/lib/python3.12/site-packages/airflow/example_dags/example_nested_branch_dag.py
[2024-06-15T02:15:50.889+0000] {logging_mixin.py:188} INFO - [2024-06-15T02:15:50.889+0000] {dag.py:3096} INFO - Sync 1 DAGs
[2024-06-15T02:15:50.909+0000] {logging_mixin.py:188} INFO - [2024-06-15T02:15:50.908+0000] {dag.py:3954} INFO - Setting next_dagrun for example_nested_branch_dag to 2024-06-14 00:00:00+00:00, run_after=2024-06-15 00:00:00+00:00
[2024-06-15T02:15:50.924+0000] {processor.py:183} INFO - Processing /home/airflow/.local/lib/python3.12/site-packages/airflow/example_dags/example_nested_branch_dag.py took 0.063 seconds
[2024-06-15T02:16:22.684+0000] {processor.py:161} INFO - Started process (PID=1468) to work on /home/airflow/.local/lib/python3.12/site-packages/airflow/example_dags/example_nested_branch_dag.py
[2024-06-15T02:16:22.685+0000] {processor.py:830} INFO - Processing file /home/airflow/.local/lib/python3.12/site-packages/airflow/example_dags/example_nested_branch_dag.py for tasks to queue
[2024-06-15T02:16:22.686+0000] {logging_mixin.py:188} INFO - [2024-06-15T02:16:22.686+0000] {dagbag.py:545} INFO - Filling up the DagBag from /home/airflow/.local/lib/python3.12/site-packages/airflow/example_dags/example_nested_branch_dag.py
[2024-06-15T02:16:22.696+0000] {processor.py:840} INFO - DAG(s) 'example_nested_branch_dag' retrieved from /home/airflow/.local/lib/python3.12/site-packages/airflow/example_dags/example_nested_branch_dag.py
[2024-06-15T02:16:22.721+0000] {logging_mixin.py:188} INFO - [2024-06-15T02:16:22.720+0000] {dag.py:3096} INFO - Sync 1 DAGs
[2024-06-15T02:16:22.742+0000] {logging_mixin.py:188} INFO - [2024-06-15T02:16:22.742+0000] {dag.py:3954} INFO - Setting next_dagrun for example_nested_branch_dag to 2024-06-14 00:00:00+00:00, run_after=2024-06-15 00:00:00+00:00
[2024-06-15T02:16:22.783+0000] {processor.py:183} INFO - Processing /home/airflow/.local/lib/python3.12/site-packages/airflow/example_dags/example_nested_branch_dag.py took 0.105 seconds
[2024-06-15T02:16:52.914+0000] {processor.py:161} INFO - Started process (PID=1526) to work on /home/airflow/.local/lib/python3.12/site-packages/airflow/example_dags/example_nested_branch_dag.py
[2024-06-15T02:16:52.915+0000] {processor.py:830} INFO - Processing file /home/airflow/.local/lib/python3.12/site-packages/airflow/example_dags/example_nested_branch_dag.py for tasks to queue
[2024-06-15T02:16:52.916+0000] {logging_mixin.py:188} INFO - [2024-06-15T02:16:52.916+0000] {dagbag.py:545} INFO - Filling up the DagBag from /home/airflow/.local/lib/python3.12/site-packages/airflow/example_dags/example_nested_branch_dag.py
[2024-06-15T02:16:52.923+0000] {processor.py:840} INFO - DAG(s) 'example_nested_branch_dag' retrieved from /home/airflow/.local/lib/python3.12/site-packages/airflow/example_dags/example_nested_branch_dag.py
[2024-06-15T02:16:52.941+0000] {logging_mixin.py:188} INFO - [2024-06-15T02:16:52.940+0000] {dag.py:3096} INFO - Sync 1 DAGs
[2024-06-15T02:16:52.959+0000] {logging_mixin.py:188} INFO - [2024-06-15T02:16:52.959+0000] {dag.py:3954} INFO - Setting next_dagrun for example_nested_branch_dag to 2024-06-14 00:00:00+00:00, run_after=2024-06-15 00:00:00+00:00
[2024-06-15T02:16:52.974+0000] {processor.py:183} INFO - Processing /home/airflow/.local/lib/python3.12/site-packages/airflow/example_dags/example_nested_branch_dag.py took 0.064 seconds
[2024-06-15T02:17:23.367+0000] {processor.py:161} INFO - Started process (PID=1584) to work on /home/airflow/.local/lib/python3.12/site-packages/airflow/example_dags/example_nested_branch_dag.py
[2024-06-15T02:17:23.368+0000] {processor.py:830} INFO - Processing file /home/airflow/.local/lib/python3.12/site-packages/airflow/example_dags/example_nested_branch_dag.py for tasks to queue
[2024-06-15T02:17:23.370+0000] {logging_mixin.py:188} INFO - [2024-06-15T02:17:23.369+0000] {dagbag.py:545} INFO - Filling up the DagBag from /home/airflow/.local/lib/python3.12/site-packages/airflow/example_dags/example_nested_branch_dag.py
[2024-06-15T02:17:23.377+0000] {processor.py:840} INFO - DAG(s) 'example_nested_branch_dag' retrieved from /home/airflow/.local/lib/python3.12/site-packages/airflow/example_dags/example_nested_branch_dag.py
[2024-06-15T02:17:23.394+0000] {logging_mixin.py:188} INFO - [2024-06-15T02:17:23.394+0000] {dag.py:3096} INFO - Sync 1 DAGs
[2024-06-15T02:17:23.414+0000] {logging_mixin.py:188} INFO - [2024-06-15T02:17:23.414+0000] {dag.py:3954} INFO - Setting next_dagrun for example_nested_branch_dag to 2024-06-14 00:00:00+00:00, run_after=2024-06-15 00:00:00+00:00
[2024-06-15T02:17:23.429+0000] {processor.py:183} INFO - Processing /home/airflow/.local/lib/python3.12/site-packages/airflow/example_dags/example_nested_branch_dag.py took 0.066 seconds
[2024-06-15T02:17:53.672+0000] {processor.py:161} INFO - Started process (PID=1642) to work on /home/airflow/.local/lib/python3.12/site-packages/airflow/example_dags/example_nested_branch_dag.py
[2024-06-15T02:17:53.673+0000] {processor.py:830} INFO - Processing file /home/airflow/.local/lib/python3.12/site-packages/airflow/example_dags/example_nested_branch_dag.py for tasks to queue
[2024-06-15T02:17:53.674+0000] {logging_mixin.py:188} INFO - [2024-06-15T02:17:53.674+0000] {dagbag.py:545} INFO - Filling up the DagBag from /home/airflow/.local/lib/python3.12/site-packages/airflow/example_dags/example_nested_branch_dag.py
[2024-06-15T02:17:53.682+0000] {processor.py:840} INFO - DAG(s) 'example_nested_branch_dag' retrieved from /home/airflow/.local/lib/python3.12/site-packages/airflow/example_dags/example_nested_branch_dag.py
[2024-06-15T02:17:53.700+0000] {logging_mixin.py:188} INFO - [2024-06-15T02:17:53.700+0000] {dag.py:3096} INFO - Sync 1 DAGs
[2024-06-15T02:17:53.719+0000] {logging_mixin.py:188} INFO - [2024-06-15T02:17:53.719+0000] {dag.py:3954} INFO - Setting next_dagrun for example_nested_branch_dag to 2024-06-14 00:00:00+00:00, run_after=2024-06-15 00:00:00+00:00
[2024-06-15T02:17:53.733+0000] {processor.py:183} INFO - Processing /home/airflow/.local/lib/python3.12/site-packages/airflow/example_dags/example_nested_branch_dag.py took 0.065 seconds
[2024-06-15T02:18:24.096+0000] {processor.py:161} INFO - Started process (PID=1700) to work on /home/airflow/.local/lib/python3.12/site-packages/airflow/example_dags/example_nested_branch_dag.py
[2024-06-15T02:18:24.096+0000] {processor.py:830} INFO - Processing file /home/airflow/.local/lib/python3.12/site-packages/airflow/example_dags/example_nested_branch_dag.py for tasks to queue
[2024-06-15T02:18:24.098+0000] {logging_mixin.py:188} INFO - [2024-06-15T02:18:24.098+0000] {dagbag.py:545} INFO - Filling up the DagBag from /home/airflow/.local/lib/python3.12/site-packages/airflow/example_dags/example_nested_branch_dag.py
[2024-06-15T02:18:24.107+0000] {processor.py:840} INFO - DAG(s) 'example_nested_branch_dag' retrieved from /home/airflow/.local/lib/python3.12/site-packages/airflow/example_dags/example_nested_branch_dag.py
[2024-06-15T02:18:24.123+0000] {logging_mixin.py:188} INFO - [2024-06-15T02:18:24.123+0000] {dag.py:3096} INFO - Sync 1 DAGs
[2024-06-15T02:18:24.142+0000] {logging_mixin.py:188} INFO - [2024-06-15T02:18:24.142+0000] {dag.py:3954} INFO - Setting next_dagrun for example_nested_branch_dag to 2024-06-14 00:00:00+00:00, run_after=2024-06-15 00:00:00+00:00
[2024-06-15T02:18:24.158+0000] {processor.py:183} INFO - Processing /home/airflow/.local/lib/python3.12/site-packages/airflow/example_dags/example_nested_branch_dag.py took 0.067 seconds
[2024-06-15T02:18:54.754+0000] {processor.py:161} INFO - Started process (PID=1758) to work on /home/airflow/.local/lib/python3.12/site-packages/airflow/example_dags/example_nested_branch_dag.py
[2024-06-15T02:18:54.755+0000] {processor.py:830} INFO - Processing file /home/airflow/.local/lib/python3.12/site-packages/airflow/example_dags/example_nested_branch_dag.py for tasks to queue
[2024-06-15T02:18:54.756+0000] {logging_mixin.py:188} INFO - [2024-06-15T02:18:54.756+0000] {dagbag.py:545} INFO - Filling up the DagBag from /home/airflow/.local/lib/python3.12/site-packages/airflow/example_dags/example_nested_branch_dag.py
[2024-06-15T02:18:54.767+0000] {processor.py:840} INFO - DAG(s) 'example_nested_branch_dag' retrieved from /home/airflow/.local/lib/python3.12/site-packages/airflow/example_dags/example_nested_branch_dag.py
[2024-06-15T02:18:54.786+0000] {logging_mixin.py:188} INFO - [2024-06-15T02:18:54.786+0000] {dag.py:3096} INFO - Sync 1 DAGs
[2024-06-15T02:18:54.807+0000] {logging_mixin.py:188} INFO - [2024-06-15T02:18:54.807+0000] {dag.py:3954} INFO - Setting next_dagrun for example_nested_branch_dag to 2024-06-14 00:00:00+00:00, run_after=2024-06-15 00:00:00+00:00
[2024-06-15T02:18:54.824+0000] {processor.py:183} INFO - Processing /home/airflow/.local/lib/python3.12/site-packages/airflow/example_dags/example_nested_branch_dag.py took 0.074 seconds
[2024-06-15T02:19:25.902+0000] {processor.py:161} INFO - Started process (PID=1816) to work on /home/airflow/.local/lib/python3.12/site-packages/airflow/example_dags/example_nested_branch_dag.py
[2024-06-15T02:19:25.903+0000] {processor.py:830} INFO - Processing file /home/airflow/.local/lib/python3.12/site-packages/airflow/example_dags/example_nested_branch_dag.py for tasks to queue
[2024-06-15T02:19:25.905+0000] {logging_mixin.py:188} INFO - [2024-06-15T02:19:25.904+0000] {dagbag.py:545} INFO - Filling up the DagBag from /home/airflow/.local/lib/python3.12/site-packages/airflow/example_dags/example_nested_branch_dag.py
[2024-06-15T02:19:25.912+0000] {processor.py:840} INFO - DAG(s) 'example_nested_branch_dag' retrieved from /home/airflow/.local/lib/python3.12/site-packages/airflow/example_dags/example_nested_branch_dag.py
[2024-06-15T02:19:25.929+0000] {logging_mixin.py:188} INFO - [2024-06-15T02:19:25.929+0000] {dag.py:3096} INFO - Sync 1 DAGs
[2024-06-15T02:19:25.947+0000] {logging_mixin.py:188} INFO - [2024-06-15T02:19:25.947+0000] {dag.py:3954} INFO - Setting next_dagrun for example_nested_branch_dag to 2024-06-14 00:00:00+00:00, run_after=2024-06-15 00:00:00+00:00
[2024-06-15T02:19:25.963+0000] {processor.py:183} INFO - Processing /home/airflow/.local/lib/python3.12/site-packages/airflow/example_dags/example_nested_branch_dag.py took 0.064 seconds
[2024-06-15T02:19:56.840+0000] {processor.py:161} INFO - Started process (PID=1874) to work on /home/airflow/.local/lib/python3.12/site-packages/airflow/example_dags/example_nested_branch_dag.py
[2024-06-15T02:19:56.841+0000] {processor.py:830} INFO - Processing file /home/airflow/.local/lib/python3.12/site-packages/airflow/example_dags/example_nested_branch_dag.py for tasks to queue
[2024-06-15T02:19:56.842+0000] {logging_mixin.py:188} INFO - [2024-06-15T02:19:56.842+0000] {dagbag.py:545} INFO - Filling up the DagBag from /home/airflow/.local/lib/python3.12/site-packages/airflow/example_dags/example_nested_branch_dag.py
[2024-06-15T02:19:56.850+0000] {processor.py:840} INFO - DAG(s) 'example_nested_branch_dag' retrieved from /home/airflow/.local/lib/python3.12/site-packages/airflow/example_dags/example_nested_branch_dag.py
[2024-06-15T02:19:56.866+0000] {logging_mixin.py:188} INFO - [2024-06-15T02:19:56.866+0000] {dag.py:3096} INFO - Sync 1 DAGs
[2024-06-15T02:19:56.885+0000] {logging_mixin.py:188} INFO - [2024-06-15T02:19:56.885+0000] {dag.py:3954} INFO - Setting next_dagrun for example_nested_branch_dag to 2024-06-14 00:00:00+00:00, run_after=2024-06-15 00:00:00+00:00
[2024-06-15T02:19:56.901+0000] {processor.py:183} INFO - Processing /home/airflow/.local/lib/python3.12/site-packages/airflow/example_dags/example_nested_branch_dag.py took 0.065 seconds
[2024-06-15T02:20:27.759+0000] {processor.py:161} INFO - Started process (PID=1932) to work on /home/airflow/.local/lib/python3.12/site-packages/airflow/example_dags/example_nested_branch_dag.py
[2024-06-15T02:20:27.759+0000] {processor.py:830} INFO - Processing file /home/airflow/.local/lib/python3.12/site-packages/airflow/example_dags/example_nested_branch_dag.py for tasks to queue
[2024-06-15T02:20:27.761+0000] {logging_mixin.py:188} INFO - [2024-06-15T02:20:27.760+0000] {dagbag.py:545} INFO - Filling up the DagBag from /home/airflow/.local/lib/python3.12/site-packages/airflow/example_dags/example_nested_branch_dag.py
[2024-06-15T02:20:27.889+0000] {processor.py:840} INFO - DAG(s) 'example_nested_branch_dag' retrieved from /home/airflow/.local/lib/python3.12/site-packages/airflow/example_dags/example_nested_branch_dag.py
[2024-06-15T02:20:27.908+0000] {logging_mixin.py:188} INFO - [2024-06-15T02:20:27.907+0000] {dag.py:3096} INFO - Sync 1 DAGs
[2024-06-15T02:20:27.928+0000] {logging_mixin.py:188} INFO - [2024-06-15T02:20:27.928+0000] {dag.py:3954} INFO - Setting next_dagrun for example_nested_branch_dag to 2024-06-14 00:00:00+00:00, run_after=2024-06-15 00:00:00+00:00
[2024-06-15T02:20:27.944+0000] {processor.py:183} INFO - Processing /home/airflow/.local/lib/python3.12/site-packages/airflow/example_dags/example_nested_branch_dag.py took 0.190 seconds
[2024-06-15T02:20:58.846+0000] {processor.py:161} INFO - Started process (PID=1990) to work on /home/airflow/.local/lib/python3.12/site-packages/airflow/example_dags/example_nested_branch_dag.py
[2024-06-15T02:20:58.847+0000] {processor.py:830} INFO - Processing file /home/airflow/.local/lib/python3.12/site-packages/airflow/example_dags/example_nested_branch_dag.py for tasks to queue
[2024-06-15T02:20:58.848+0000] {logging_mixin.py:188} INFO - [2024-06-15T02:20:58.848+0000] {dagbag.py:545} INFO - Filling up the DagBag from /home/airflow/.local/lib/python3.12/site-packages/airflow/example_dags/example_nested_branch_dag.py
[2024-06-15T02:20:58.857+0000] {processor.py:840} INFO - DAG(s) 'example_nested_branch_dag' retrieved from /home/airflow/.local/lib/python3.12/site-packages/airflow/example_dags/example_nested_branch_dag.py
[2024-06-15T02:20:58.874+0000] {logging_mixin.py:188} INFO - [2024-06-15T02:20:58.874+0000] {dag.py:3096} INFO - Sync 1 DAGs
[2024-06-15T02:20:58.893+0000] {logging_mixin.py:188} INFO - [2024-06-15T02:20:58.892+0000] {dag.py:3954} INFO - Setting next_dagrun for example_nested_branch_dag to 2024-06-14 00:00:00+00:00, run_after=2024-06-15 00:00:00+00:00
[2024-06-15T02:20:58.911+0000] {processor.py:183} INFO - Processing /home/airflow/.local/lib/python3.12/site-packages/airflow/example_dags/example_nested_branch_dag.py took 0.069 seconds
[2024-06-15T02:21:29.149+0000] {processor.py:161} INFO - Started process (PID=2048) to work on /home/airflow/.local/lib/python3.12/site-packages/airflow/example_dags/example_nested_branch_dag.py
[2024-06-15T02:21:29.150+0000] {processor.py:830} INFO - Processing file /home/airflow/.local/lib/python3.12/site-packages/airflow/example_dags/example_nested_branch_dag.py for tasks to queue
[2024-06-15T02:21:29.151+0000] {logging_mixin.py:188} INFO - [2024-06-15T02:21:29.151+0000] {dagbag.py:545} INFO - Filling up the DagBag from /home/airflow/.local/lib/python3.12/site-packages/airflow/example_dags/example_nested_branch_dag.py
[2024-06-15T02:21:29.159+0000] {processor.py:840} INFO - DAG(s) 'example_nested_branch_dag' retrieved from /home/airflow/.local/lib/python3.12/site-packages/airflow/example_dags/example_nested_branch_dag.py
[2024-06-15T02:21:29.179+0000] {logging_mixin.py:188} INFO - [2024-06-15T02:21:29.179+0000] {dag.py:3096} INFO - Sync 1 DAGs
[2024-06-15T02:21:29.197+0000] {logging_mixin.py:188} INFO - [2024-06-15T02:21:29.197+0000] {dag.py:3954} INFO - Setting next_dagrun for example_nested_branch_dag to 2024-06-14 00:00:00+00:00, run_after=2024-06-15 00:00:00+00:00
[2024-06-15T02:21:29.212+0000] {processor.py:183} INFO - Processing /home/airflow/.local/lib/python3.12/site-packages/airflow/example_dags/example_nested_branch_dag.py took 0.067 seconds
[2024-06-15T02:21:59.731+0000] {processor.py:161} INFO - Started process (PID=2106) to work on /home/airflow/.local/lib/python3.12/site-packages/airflow/example_dags/example_nested_branch_dag.py
[2024-06-15T02:21:59.732+0000] {processor.py:830} INFO - Processing file /home/airflow/.local/lib/python3.12/site-packages/airflow/example_dags/example_nested_branch_dag.py for tasks to queue
[2024-06-15T02:21:59.733+0000] {logging_mixin.py:188} INFO - [2024-06-15T02:21:59.733+0000] {dagbag.py:545} INFO - Filling up the DagBag from /home/airflow/.local/lib/python3.12/site-packages/airflow/example_dags/example_nested_branch_dag.py
[2024-06-15T02:21:59.742+0000] {processor.py:840} INFO - DAG(s) 'example_nested_branch_dag' retrieved from /home/airflow/.local/lib/python3.12/site-packages/airflow/example_dags/example_nested_branch_dag.py
[2024-06-15T02:21:59.761+0000] {logging_mixin.py:188} INFO - [2024-06-15T02:21:59.761+0000] {dag.py:3096} INFO - Sync 1 DAGs
[2024-06-15T02:21:59.786+0000] {logging_mixin.py:188} INFO - [2024-06-15T02:21:59.785+0000] {dag.py:3954} INFO - Setting next_dagrun for example_nested_branch_dag to 2024-06-14 00:00:00+00:00, run_after=2024-06-15 00:00:00+00:00
[2024-06-15T02:21:59.811+0000] {processor.py:183} INFO - Processing /home/airflow/.local/lib/python3.12/site-packages/airflow/example_dags/example_nested_branch_dag.py took 0.086 seconds
[2024-06-15T02:22:30.044+0000] {processor.py:161} INFO - Started process (PID=2164) to work on /home/airflow/.local/lib/python3.12/site-packages/airflow/example_dags/example_nested_branch_dag.py
[2024-06-15T02:22:30.045+0000] {processor.py:830} INFO - Processing file /home/airflow/.local/lib/python3.12/site-packages/airflow/example_dags/example_nested_branch_dag.py for tasks to queue
[2024-06-15T02:22:30.046+0000] {logging_mixin.py:188} INFO - [2024-06-15T02:22:30.046+0000] {dagbag.py:545} INFO - Filling up the DagBag from /home/airflow/.local/lib/python3.12/site-packages/airflow/example_dags/example_nested_branch_dag.py
[2024-06-15T02:22:30.055+0000] {processor.py:840} INFO - DAG(s) 'example_nested_branch_dag' retrieved from /home/airflow/.local/lib/python3.12/site-packages/airflow/example_dags/example_nested_branch_dag.py
[2024-06-15T02:22:30.073+0000] {logging_mixin.py:188} INFO - [2024-06-15T02:22:30.073+0000] {dag.py:3096} INFO - Sync 1 DAGs
[2024-06-15T02:22:30.094+0000] {logging_mixin.py:188} INFO - [2024-06-15T02:22:30.094+0000] {dag.py:3954} INFO - Setting next_dagrun for example_nested_branch_dag to 2024-06-14 00:00:00+00:00, run_after=2024-06-15 00:00:00+00:00
[2024-06-15T02:22:30.110+0000] {processor.py:183} INFO - Processing /home/airflow/.local/lib/python3.12/site-packages/airflow/example_dags/example_nested_branch_dag.py took 0.071 seconds
[2024-06-15T02:23:00.238+0000] {processor.py:161} INFO - Started process (PID=2222) to work on /home/airflow/.local/lib/python3.12/site-packages/airflow/example_dags/example_nested_branch_dag.py
[2024-06-15T02:23:00.239+0000] {processor.py:830} INFO - Processing file /home/airflow/.local/lib/python3.12/site-packages/airflow/example_dags/example_nested_branch_dag.py for tasks to queue
[2024-06-15T02:23:00.240+0000] {logging_mixin.py:188} INFO - [2024-06-15T02:23:00.240+0000] {dagbag.py:545} INFO - Filling up the DagBag from /home/airflow/.local/lib/python3.12/site-packages/airflow/example_dags/example_nested_branch_dag.py
[2024-06-15T02:23:00.247+0000] {processor.py:840} INFO - DAG(s) 'example_nested_branch_dag' retrieved from /home/airflow/.local/lib/python3.12/site-packages/airflow/example_dags/example_nested_branch_dag.py
[2024-06-15T02:23:00.267+0000] {logging_mixin.py:188} INFO - [2024-06-15T02:23:00.267+0000] {dag.py:3096} INFO - Sync 1 DAGs
[2024-06-15T02:23:00.285+0000] {logging_mixin.py:188} INFO - [2024-06-15T02:23:00.285+0000] {dag.py:3954} INFO - Setting next_dagrun for example_nested_branch_dag to 2024-06-14 00:00:00+00:00, run_after=2024-06-15 00:00:00+00:00
[2024-06-15T02:23:00.300+0000] {processor.py:183} INFO - Processing /home/airflow/.local/lib/python3.12/site-packages/airflow/example_dags/example_nested_branch_dag.py took 0.066 seconds
[2024-06-15T02:23:30.482+0000] {processor.py:161} INFO - Started process (PID=2280) to work on /home/airflow/.local/lib/python3.12/site-packages/airflow/example_dags/example_nested_branch_dag.py
[2024-06-15T02:23:30.483+0000] {processor.py:830} INFO - Processing file /home/airflow/.local/lib/python3.12/site-packages/airflow/example_dags/example_nested_branch_dag.py for tasks to queue
[2024-06-15T02:23:30.484+0000] {logging_mixin.py:188} INFO - [2024-06-15T02:23:30.483+0000] {dagbag.py:545} INFO - Filling up the DagBag from /home/airflow/.local/lib/python3.12/site-packages/airflow/example_dags/example_nested_branch_dag.py
[2024-06-15T02:23:30.494+0000] {processor.py:840} INFO - DAG(s) 'example_nested_branch_dag' retrieved from /home/airflow/.local/lib/python3.12/site-packages/airflow/example_dags/example_nested_branch_dag.py
[2024-06-15T02:23:30.509+0000] {logging_mixin.py:188} INFO - [2024-06-15T02:23:30.508+0000] {dag.py:3096} INFO - Sync 1 DAGs
[2024-06-15T02:23:30.528+0000] {logging_mixin.py:188} INFO - [2024-06-15T02:23:30.528+0000] {dag.py:3954} INFO - Setting next_dagrun for example_nested_branch_dag to 2024-06-14 00:00:00+00:00, run_after=2024-06-15 00:00:00+00:00
[2024-06-15T02:23:30.542+0000] {processor.py:183} INFO - Processing /home/airflow/.local/lib/python3.12/site-packages/airflow/example_dags/example_nested_branch_dag.py took 0.064 seconds
[2024-06-15T02:24:00.724+0000] {processor.py:161} INFO - Started process (PID=2338) to work on /home/airflow/.local/lib/python3.12/site-packages/airflow/example_dags/example_nested_branch_dag.py
[2024-06-15T02:24:00.724+0000] {processor.py:830} INFO - Processing file /home/airflow/.local/lib/python3.12/site-packages/airflow/example_dags/example_nested_branch_dag.py for tasks to queue
[2024-06-15T02:24:00.725+0000] {logging_mixin.py:188} INFO - [2024-06-15T02:24:00.725+0000] {dagbag.py:545} INFO - Filling up the DagBag from /home/airflow/.local/lib/python3.12/site-packages/airflow/example_dags/example_nested_branch_dag.py
[2024-06-15T02:24:00.736+0000] {processor.py:840} INFO - DAG(s) 'example_nested_branch_dag' retrieved from /home/airflow/.local/lib/python3.12/site-packages/airflow/example_dags/example_nested_branch_dag.py
[2024-06-15T02:24:00.753+0000] {logging_mixin.py:188} INFO - [2024-06-15T02:24:00.752+0000] {dag.py:3096} INFO - Sync 1 DAGs
[2024-06-15T02:24:00.771+0000] {logging_mixin.py:188} INFO - [2024-06-15T02:24:00.771+0000] {dag.py:3954} INFO - Setting next_dagrun for example_nested_branch_dag to 2024-06-14 00:00:00+00:00, run_after=2024-06-15 00:00:00+00:00
[2024-06-15T02:24:00.786+0000] {processor.py:183} INFO - Processing /home/airflow/.local/lib/python3.12/site-packages/airflow/example_dags/example_nested_branch_dag.py took 0.066 seconds
