[2024-06-15T02:04:09.171+0000] {processor.py:161} INFO - Started process (PID=69) to work on /home/airflow/.local/lib/python3.12/site-packages/airflow/example_dags/example_external_task_marker_dag.py
[2024-06-15T02:04:09.172+0000] {processor.py:830} INFO - Processing file /home/airflow/.local/lib/python3.12/site-packages/airflow/example_dags/example_external_task_marker_dag.py for tasks to queue
[2024-06-15T02:04:09.174+0000] {logging_mixin.py:188} INFO - [2024-06-15T02:04:09.174+0000] {dagbag.py:545} INFO - Filling up the DagBag from /home/airflow/.local/lib/python3.12/site-packages/airflow/example_dags/example_external_task_marker_dag.py
[2024-06-15T02:04:09.182+0000] {processor.py:840} INFO - DAG(s) 'example_external_task_marker_child', 'example_external_task_marker_parent' retrieved from /home/airflow/.local/lib/python3.12/site-packages/airflow/example_dags/example_external_task_marker_dag.py
[2024-06-15T02:04:09.202+0000] {logging_mixin.py:188} INFO - [2024-06-15T02:04:09.202+0000] {dag.py:3096} INFO - Sync 2 DAGs
[2024-06-15T02:04:09.221+0000] {logging_mixin.py:188} INFO - [2024-06-15T02:04:09.221+0000] {dag.py:3954} INFO - Setting next_dagrun for example_external_task_marker_child to None, run_after=None
[2024-06-15T02:04:09.226+0000] {logging_mixin.py:188} INFO - [2024-06-15T02:04:09.226+0000] {dag.py:3954} INFO - Setting next_dagrun for example_external_task_marker_parent to None, run_after=None
[2024-06-15T02:04:09.248+0000] {processor.py:183} INFO - Processing /home/airflow/.local/lib/python3.12/site-packages/airflow/example_dags/example_external_task_marker_dag.py took 0.083 seconds
[2024-06-15T02:04:40.279+0000] {processor.py:161} INFO - Started process (PID=127) to work on /home/airflow/.local/lib/python3.12/site-packages/airflow/example_dags/example_external_task_marker_dag.py
[2024-06-15T02:04:40.280+0000] {processor.py:830} INFO - Processing file /home/airflow/.local/lib/python3.12/site-packages/airflow/example_dags/example_external_task_marker_dag.py for tasks to queue
[2024-06-15T02:04:40.281+0000] {logging_mixin.py:188} INFO - [2024-06-15T02:04:40.281+0000] {dagbag.py:545} INFO - Filling up the DagBag from /home/airflow/.local/lib/python3.12/site-packages/airflow/example_dags/example_external_task_marker_dag.py
[2024-06-15T02:04:40.286+0000] {processor.py:840} INFO - DAG(s) 'example_external_task_marker_child', 'example_external_task_marker_parent' retrieved from /home/airflow/.local/lib/python3.12/site-packages/airflow/example_dags/example_external_task_marker_dag.py
[2024-06-15T02:04:40.392+0000] {logging_mixin.py:188} INFO - [2024-06-15T02:04:40.392+0000] {dag.py:3096} INFO - Sync 2 DAGs
[2024-06-15T02:04:40.404+0000] {logging_mixin.py:188} INFO - [2024-06-15T02:04:40.404+0000] {dag.py:3954} INFO - Setting next_dagrun for example_external_task_marker_child to None, run_after=None
[2024-06-15T02:04:40.408+0000] {logging_mixin.py:188} INFO - [2024-06-15T02:04:40.407+0000] {dag.py:3954} INFO - Setting next_dagrun for example_external_task_marker_parent to None, run_after=None
[2024-06-15T02:04:40.422+0000] {processor.py:183} INFO - Processing /home/airflow/.local/lib/python3.12/site-packages/airflow/example_dags/example_external_task_marker_dag.py took 0.147 seconds
[2024-06-15T02:05:11.335+0000] {processor.py:161} INFO - Started process (PID=185) to work on /home/airflow/.local/lib/python3.12/site-packages/airflow/example_dags/example_external_task_marker_dag.py
[2024-06-15T02:05:11.336+0000] {processor.py:830} INFO - Processing file /home/airflow/.local/lib/python3.12/site-packages/airflow/example_dags/example_external_task_marker_dag.py for tasks to queue
[2024-06-15T02:05:11.338+0000] {logging_mixin.py:188} INFO - [2024-06-15T02:05:11.337+0000] {dagbag.py:545} INFO - Filling up the DagBag from /home/airflow/.local/lib/python3.12/site-packages/airflow/example_dags/example_external_task_marker_dag.py
[2024-06-15T02:05:11.343+0000] {processor.py:840} INFO - DAG(s) 'example_external_task_marker_child', 'example_external_task_marker_parent' retrieved from /home/airflow/.local/lib/python3.12/site-packages/airflow/example_dags/example_external_task_marker_dag.py
[2024-06-15T02:05:11.364+0000] {logging_mixin.py:188} INFO - [2024-06-15T02:05:11.363+0000] {dag.py:3096} INFO - Sync 2 DAGs
[2024-06-15T02:05:11.377+0000] {logging_mixin.py:188} INFO - [2024-06-15T02:05:11.377+0000] {dag.py:3954} INFO - Setting next_dagrun for example_external_task_marker_child to None, run_after=None
[2024-06-15T02:05:11.381+0000] {logging_mixin.py:188} INFO - [2024-06-15T02:05:11.380+0000] {dag.py:3954} INFO - Setting next_dagrun for example_external_task_marker_parent to None, run_after=None
[2024-06-15T02:05:11.395+0000] {processor.py:183} INFO - Processing /home/airflow/.local/lib/python3.12/site-packages/airflow/example_dags/example_external_task_marker_dag.py took 0.064 seconds
[2024-06-15T02:05:41.708+0000] {processor.py:161} INFO - Started process (PID=243) to work on /home/airflow/.local/lib/python3.12/site-packages/airflow/example_dags/example_external_task_marker_dag.py
[2024-06-15T02:05:41.709+0000] {processor.py:830} INFO - Processing file /home/airflow/.local/lib/python3.12/site-packages/airflow/example_dags/example_external_task_marker_dag.py for tasks to queue
[2024-06-15T02:05:41.710+0000] {logging_mixin.py:188} INFO - [2024-06-15T02:05:41.710+0000] {dagbag.py:545} INFO - Filling up the DagBag from /home/airflow/.local/lib/python3.12/site-packages/airflow/example_dags/example_external_task_marker_dag.py
[2024-06-15T02:05:41.714+0000] {processor.py:840} INFO - DAG(s) 'example_external_task_marker_parent', 'example_external_task_marker_child' retrieved from /home/airflow/.local/lib/python3.12/site-packages/airflow/example_dags/example_external_task_marker_dag.py
[2024-06-15T02:05:41.734+0000] {logging_mixin.py:188} INFO - [2024-06-15T02:05:41.733+0000] {dag.py:3096} INFO - Sync 2 DAGs
[2024-06-15T02:05:41.745+0000] {logging_mixin.py:188} INFO - [2024-06-15T02:05:41.745+0000] {dag.py:3954} INFO - Setting next_dagrun for example_external_task_marker_child to None, run_after=None
[2024-06-15T02:05:41.749+0000] {logging_mixin.py:188} INFO - [2024-06-15T02:05:41.748+0000] {dag.py:3954} INFO - Setting next_dagrun for example_external_task_marker_parent to None, run_after=None
[2024-06-15T02:05:41.762+0000] {processor.py:183} INFO - Processing /home/airflow/.local/lib/python3.12/site-packages/airflow/example_dags/example_external_task_marker_dag.py took 0.059 seconds
[2024-06-15T02:06:11.940+0000] {processor.py:161} INFO - Started process (PID=301) to work on /home/airflow/.local/lib/python3.12/site-packages/airflow/example_dags/example_external_task_marker_dag.py
[2024-06-15T02:06:11.941+0000] {processor.py:830} INFO - Processing file /home/airflow/.local/lib/python3.12/site-packages/airflow/example_dags/example_external_task_marker_dag.py for tasks to queue
[2024-06-15T02:06:11.942+0000] {logging_mixin.py:188} INFO - [2024-06-15T02:06:11.942+0000] {dagbag.py:545} INFO - Filling up the DagBag from /home/airflow/.local/lib/python3.12/site-packages/airflow/example_dags/example_external_task_marker_dag.py
[2024-06-15T02:06:11.947+0000] {processor.py:840} INFO - DAG(s) 'example_external_task_marker_child', 'example_external_task_marker_parent' retrieved from /home/airflow/.local/lib/python3.12/site-packages/airflow/example_dags/example_external_task_marker_dag.py
[2024-06-15T02:06:11.965+0000] {logging_mixin.py:188} INFO - [2024-06-15T02:06:11.964+0000] {dag.py:3096} INFO - Sync 2 DAGs
[2024-06-15T02:06:11.977+0000] {logging_mixin.py:188} INFO - [2024-06-15T02:06:11.976+0000] {dag.py:3954} INFO - Setting next_dagrun for example_external_task_marker_child to None, run_after=None
[2024-06-15T02:06:11.980+0000] {logging_mixin.py:188} INFO - [2024-06-15T02:06:11.980+0000] {dag.py:3954} INFO - Setting next_dagrun for example_external_task_marker_parent to None, run_after=None
[2024-06-15T02:06:11.994+0000] {processor.py:183} INFO - Processing /home/airflow/.local/lib/python3.12/site-packages/airflow/example_dags/example_external_task_marker_dag.py took 0.060 seconds
[2024-06-15T02:06:42.876+0000] {processor.py:161} INFO - Started process (PID=359) to work on /home/airflow/.local/lib/python3.12/site-packages/airflow/example_dags/example_external_task_marker_dag.py
[2024-06-15T02:06:42.877+0000] {processor.py:830} INFO - Processing file /home/airflow/.local/lib/python3.12/site-packages/airflow/example_dags/example_external_task_marker_dag.py for tasks to queue
[2024-06-15T02:06:42.878+0000] {logging_mixin.py:188} INFO - [2024-06-15T02:06:42.878+0000] {dagbag.py:545} INFO - Filling up the DagBag from /home/airflow/.local/lib/python3.12/site-packages/airflow/example_dags/example_external_task_marker_dag.py
[2024-06-15T02:06:42.883+0000] {processor.py:840} INFO - DAG(s) 'example_external_task_marker_parent', 'example_external_task_marker_child' retrieved from /home/airflow/.local/lib/python3.12/site-packages/airflow/example_dags/example_external_task_marker_dag.py
[2024-06-15T02:06:42.902+0000] {logging_mixin.py:188} INFO - [2024-06-15T02:06:42.902+0000] {dag.py:3096} INFO - Sync 2 DAGs
[2024-06-15T02:06:42.914+0000] {logging_mixin.py:188} INFO - [2024-06-15T02:06:42.913+0000] {dag.py:3954} INFO - Setting next_dagrun for example_external_task_marker_child to None, run_after=None
[2024-06-15T02:06:42.917+0000] {logging_mixin.py:188} INFO - [2024-06-15T02:06:42.917+0000] {dag.py:3954} INFO - Setting next_dagrun for example_external_task_marker_parent to None, run_after=None
[2024-06-15T02:06:42.931+0000] {processor.py:183} INFO - Processing /home/airflow/.local/lib/python3.12/site-packages/airflow/example_dags/example_external_task_marker_dag.py took 0.060 seconds
[2024-06-15T02:07:12.999+0000] {processor.py:161} INFO - Started process (PID=417) to work on /home/airflow/.local/lib/python3.12/site-packages/airflow/example_dags/example_external_task_marker_dag.py
[2024-06-15T02:07:12.999+0000] {processor.py:830} INFO - Processing file /home/airflow/.local/lib/python3.12/site-packages/airflow/example_dags/example_external_task_marker_dag.py for tasks to queue
[2024-06-15T02:07:13.001+0000] {logging_mixin.py:188} INFO - [2024-06-15T02:07:13.000+0000] {dagbag.py:545} INFO - Filling up the DagBag from /home/airflow/.local/lib/python3.12/site-packages/airflow/example_dags/example_external_task_marker_dag.py
[2024-06-15T02:07:13.005+0000] {processor.py:840} INFO - DAG(s) 'example_external_task_marker_child', 'example_external_task_marker_parent' retrieved from /home/airflow/.local/lib/python3.12/site-packages/airflow/example_dags/example_external_task_marker_dag.py
[2024-06-15T02:07:13.025+0000] {logging_mixin.py:188} INFO - [2024-06-15T02:07:13.025+0000] {dag.py:3096} INFO - Sync 2 DAGs
[2024-06-15T02:07:13.037+0000] {logging_mixin.py:188} INFO - [2024-06-15T02:07:13.037+0000] {dag.py:3954} INFO - Setting next_dagrun for example_external_task_marker_child to None, run_after=None
[2024-06-15T02:07:13.041+0000] {logging_mixin.py:188} INFO - [2024-06-15T02:07:13.041+0000] {dag.py:3954} INFO - Setting next_dagrun for example_external_task_marker_parent to None, run_after=None
[2024-06-15T02:07:13.057+0000] {processor.py:183} INFO - Processing /home/airflow/.local/lib/python3.12/site-packages/airflow/example_dags/example_external_task_marker_dag.py took 0.063 seconds
[2024-06-15T02:07:43.866+0000] {processor.py:161} INFO - Started process (PID=475) to work on /home/airflow/.local/lib/python3.12/site-packages/airflow/example_dags/example_external_task_marker_dag.py
[2024-06-15T02:07:43.867+0000] {processor.py:830} INFO - Processing file /home/airflow/.local/lib/python3.12/site-packages/airflow/example_dags/example_external_task_marker_dag.py for tasks to queue
[2024-06-15T02:07:43.868+0000] {logging_mixin.py:188} INFO - [2024-06-15T02:07:43.868+0000] {dagbag.py:545} INFO - Filling up the DagBag from /home/airflow/.local/lib/python3.12/site-packages/airflow/example_dags/example_external_task_marker_dag.py
[2024-06-15T02:07:43.872+0000] {processor.py:840} INFO - DAG(s) 'example_external_task_marker_child', 'example_external_task_marker_parent' retrieved from /home/airflow/.local/lib/python3.12/site-packages/airflow/example_dags/example_external_task_marker_dag.py
[2024-06-15T02:07:43.890+0000] {logging_mixin.py:188} INFO - [2024-06-15T02:07:43.890+0000] {dag.py:3096} INFO - Sync 2 DAGs
[2024-06-15T02:07:43.903+0000] {logging_mixin.py:188} INFO - [2024-06-15T02:07:43.902+0000] {dag.py:3954} INFO - Setting next_dagrun for example_external_task_marker_child to None, run_after=None
[2024-06-15T02:07:43.906+0000] {logging_mixin.py:188} INFO - [2024-06-15T02:07:43.906+0000] {dag.py:3954} INFO - Setting next_dagrun for example_external_task_marker_parent to None, run_after=None
[2024-06-15T02:07:43.920+0000] {processor.py:183} INFO - Processing /home/airflow/.local/lib/python3.12/site-packages/airflow/example_dags/example_external_task_marker_dag.py took 0.057 seconds
[2024-06-15T02:08:14.195+0000] {processor.py:161} INFO - Started process (PID=533) to work on /home/airflow/.local/lib/python3.12/site-packages/airflow/example_dags/example_external_task_marker_dag.py
[2024-06-15T02:08:14.196+0000] {processor.py:830} INFO - Processing file /home/airflow/.local/lib/python3.12/site-packages/airflow/example_dags/example_external_task_marker_dag.py for tasks to queue
[2024-06-15T02:08:14.198+0000] {logging_mixin.py:188} INFO - [2024-06-15T02:08:14.198+0000] {dagbag.py:545} INFO - Filling up the DagBag from /home/airflow/.local/lib/python3.12/site-packages/airflow/example_dags/example_external_task_marker_dag.py
[2024-06-15T02:08:14.204+0000] {processor.py:840} INFO - DAG(s) 'example_external_task_marker_parent', 'example_external_task_marker_child' retrieved from /home/airflow/.local/lib/python3.12/site-packages/airflow/example_dags/example_external_task_marker_dag.py
[2024-06-15T02:08:14.229+0000] {logging_mixin.py:188} INFO - [2024-06-15T02:08:14.229+0000] {dag.py:3096} INFO - Sync 2 DAGs
[2024-06-15T02:08:14.243+0000] {logging_mixin.py:188} INFO - [2024-06-15T02:08:14.242+0000] {dag.py:3954} INFO - Setting next_dagrun for example_external_task_marker_child to None, run_after=None
[2024-06-15T02:08:14.246+0000] {logging_mixin.py:188} INFO - [2024-06-15T02:08:14.246+0000] {dag.py:3954} INFO - Setting next_dagrun for example_external_task_marker_parent to None, run_after=None
[2024-06-15T02:08:14.259+0000] {processor.py:183} INFO - Processing /home/airflow/.local/lib/python3.12/site-packages/airflow/example_dags/example_external_task_marker_dag.py took 0.069 seconds
[2024-06-15T02:08:44.623+0000] {processor.py:161} INFO - Started process (PID=591) to work on /home/airflow/.local/lib/python3.12/site-packages/airflow/example_dags/example_external_task_marker_dag.py
[2024-06-15T02:08:44.624+0000] {processor.py:830} INFO - Processing file /home/airflow/.local/lib/python3.12/site-packages/airflow/example_dags/example_external_task_marker_dag.py for tasks to queue
[2024-06-15T02:08:44.625+0000] {logging_mixin.py:188} INFO - [2024-06-15T02:08:44.625+0000] {dagbag.py:545} INFO - Filling up the DagBag from /home/airflow/.local/lib/python3.12/site-packages/airflow/example_dags/example_external_task_marker_dag.py
[2024-06-15T02:08:44.631+0000] {processor.py:840} INFO - DAG(s) 'example_external_task_marker_parent', 'example_external_task_marker_child' retrieved from /home/airflow/.local/lib/python3.12/site-packages/airflow/example_dags/example_external_task_marker_dag.py
[2024-06-15T02:08:44.651+0000] {logging_mixin.py:188} INFO - [2024-06-15T02:08:44.650+0000] {dag.py:3096} INFO - Sync 2 DAGs
[2024-06-15T02:08:44.664+0000] {logging_mixin.py:188} INFO - [2024-06-15T02:08:44.663+0000] {dag.py:3954} INFO - Setting next_dagrun for example_external_task_marker_child to None, run_after=None
[2024-06-15T02:08:44.668+0000] {logging_mixin.py:188} INFO - [2024-06-15T02:08:44.668+0000] {dag.py:3954} INFO - Setting next_dagrun for example_external_task_marker_parent to None, run_after=None
[2024-06-15T02:08:44.685+0000] {processor.py:183} INFO - Processing /home/airflow/.local/lib/python3.12/site-packages/airflow/example_dags/example_external_task_marker_dag.py took 0.067 seconds
[2024-06-15T02:09:15.243+0000] {processor.py:161} INFO - Started process (PID=649) to work on /home/airflow/.local/lib/python3.12/site-packages/airflow/example_dags/example_external_task_marker_dag.py
[2024-06-15T02:09:15.244+0000] {processor.py:830} INFO - Processing file /home/airflow/.local/lib/python3.12/site-packages/airflow/example_dags/example_external_task_marker_dag.py for tasks to queue
[2024-06-15T02:09:15.246+0000] {logging_mixin.py:188} INFO - [2024-06-15T02:09:15.245+0000] {dagbag.py:545} INFO - Filling up the DagBag from /home/airflow/.local/lib/python3.12/site-packages/airflow/example_dags/example_external_task_marker_dag.py
[2024-06-15T02:09:15.250+0000] {processor.py:840} INFO - DAG(s) 'example_external_task_marker_child', 'example_external_task_marker_parent' retrieved from /home/airflow/.local/lib/python3.12/site-packages/airflow/example_dags/example_external_task_marker_dag.py
[2024-06-15T02:09:15.271+0000] {logging_mixin.py:188} INFO - [2024-06-15T02:09:15.271+0000] {dag.py:3096} INFO - Sync 2 DAGs
[2024-06-15T02:09:15.284+0000] {logging_mixin.py:188} INFO - [2024-06-15T02:09:15.284+0000] {dag.py:3954} INFO - Setting next_dagrun for example_external_task_marker_child to None, run_after=None
[2024-06-15T02:09:15.288+0000] {logging_mixin.py:188} INFO - [2024-06-15T02:09:15.288+0000] {dag.py:3954} INFO - Setting next_dagrun for example_external_task_marker_parent to None, run_after=None
[2024-06-15T02:09:15.303+0000] {processor.py:183} INFO - Processing /home/airflow/.local/lib/python3.12/site-packages/airflow/example_dags/example_external_task_marker_dag.py took 0.063 seconds
[2024-06-15T02:09:45.451+0000] {processor.py:161} INFO - Started process (PID=707) to work on /home/airflow/.local/lib/python3.12/site-packages/airflow/example_dags/example_external_task_marker_dag.py
[2024-06-15T02:09:45.451+0000] {processor.py:830} INFO - Processing file /home/airflow/.local/lib/python3.12/site-packages/airflow/example_dags/example_external_task_marker_dag.py for tasks to queue
[2024-06-15T02:09:45.453+0000] {logging_mixin.py:188} INFO - [2024-06-15T02:09:45.452+0000] {dagbag.py:545} INFO - Filling up the DagBag from /home/airflow/.local/lib/python3.12/site-packages/airflow/example_dags/example_external_task_marker_dag.py
[2024-06-15T02:09:45.457+0000] {processor.py:840} INFO - DAG(s) 'example_external_task_marker_parent', 'example_external_task_marker_child' retrieved from /home/airflow/.local/lib/python3.12/site-packages/airflow/example_dags/example_external_task_marker_dag.py
[2024-06-15T02:09:45.476+0000] {logging_mixin.py:188} INFO - [2024-06-15T02:09:45.476+0000] {dag.py:3096} INFO - Sync 2 DAGs
[2024-06-15T02:09:45.488+0000] {logging_mixin.py:188} INFO - [2024-06-15T02:09:45.488+0000] {dag.py:3954} INFO - Setting next_dagrun for example_external_task_marker_child to None, run_after=None
[2024-06-15T02:09:45.492+0000] {logging_mixin.py:188} INFO - [2024-06-15T02:09:45.492+0000] {dag.py:3954} INFO - Setting next_dagrun for example_external_task_marker_parent to None, run_after=None
[2024-06-15T02:09:45.507+0000] {processor.py:183} INFO - Processing /home/airflow/.local/lib/python3.12/site-packages/airflow/example_dags/example_external_task_marker_dag.py took 0.061 seconds
[2024-06-15T02:10:16.423+0000] {processor.py:161} INFO - Started process (PID=765) to work on /home/airflow/.local/lib/python3.12/site-packages/airflow/example_dags/example_external_task_marker_dag.py
[2024-06-15T02:10:16.424+0000] {processor.py:830} INFO - Processing file /home/airflow/.local/lib/python3.12/site-packages/airflow/example_dags/example_external_task_marker_dag.py for tasks to queue
[2024-06-15T02:10:16.425+0000] {logging_mixin.py:188} INFO - [2024-06-15T02:10:16.425+0000] {dagbag.py:545} INFO - Filling up the DagBag from /home/airflow/.local/lib/python3.12/site-packages/airflow/example_dags/example_external_task_marker_dag.py
[2024-06-15T02:10:16.430+0000] {processor.py:840} INFO - DAG(s) 'example_external_task_marker_parent', 'example_external_task_marker_child' retrieved from /home/airflow/.local/lib/python3.12/site-packages/airflow/example_dags/example_external_task_marker_dag.py
[2024-06-15T02:10:16.449+0000] {logging_mixin.py:188} INFO - [2024-06-15T02:10:16.449+0000] {dag.py:3096} INFO - Sync 2 DAGs
[2024-06-15T02:10:16.461+0000] {logging_mixin.py:188} INFO - [2024-06-15T02:10:16.461+0000] {dag.py:3954} INFO - Setting next_dagrun for example_external_task_marker_child to None, run_after=None
[2024-06-15T02:10:16.465+0000] {logging_mixin.py:188} INFO - [2024-06-15T02:10:16.464+0000] {dag.py:3954} INFO - Setting next_dagrun for example_external_task_marker_parent to None, run_after=None
[2024-06-15T02:10:16.477+0000] {processor.py:183} INFO - Processing /home/airflow/.local/lib/python3.12/site-packages/airflow/example_dags/example_external_task_marker_dag.py took 0.061 seconds
[2024-06-15T02:10:46.957+0000] {processor.py:161} INFO - Started process (PID=823) to work on /home/airflow/.local/lib/python3.12/site-packages/airflow/example_dags/example_external_task_marker_dag.py
[2024-06-15T02:10:46.958+0000] {processor.py:830} INFO - Processing file /home/airflow/.local/lib/python3.12/site-packages/airflow/example_dags/example_external_task_marker_dag.py for tasks to queue
[2024-06-15T02:10:46.959+0000] {logging_mixin.py:188} INFO - [2024-06-15T02:10:46.959+0000] {dagbag.py:545} INFO - Filling up the DagBag from /home/airflow/.local/lib/python3.12/site-packages/airflow/example_dags/example_external_task_marker_dag.py
[2024-06-15T02:10:46.964+0000] {processor.py:840} INFO - DAG(s) 'example_external_task_marker_parent', 'example_external_task_marker_child' retrieved from /home/airflow/.local/lib/python3.12/site-packages/airflow/example_dags/example_external_task_marker_dag.py
[2024-06-15T02:10:46.990+0000] {logging_mixin.py:188} INFO - [2024-06-15T02:10:46.990+0000] {dag.py:3096} INFO - Sync 2 DAGs
[2024-06-15T02:10:47.005+0000] {logging_mixin.py:188} INFO - [2024-06-15T02:10:47.005+0000] {dag.py:3954} INFO - Setting next_dagrun for example_external_task_marker_child to None, run_after=None
[2024-06-15T02:10:47.010+0000] {logging_mixin.py:188} INFO - [2024-06-15T02:10:47.009+0000] {dag.py:3954} INFO - Setting next_dagrun for example_external_task_marker_parent to None, run_after=None
[2024-06-15T02:10:47.027+0000] {processor.py:183} INFO - Processing /home/airflow/.local/lib/python3.12/site-packages/airflow/example_dags/example_external_task_marker_dag.py took 0.075 seconds
[2024-06-15T02:11:17.470+0000] {processor.py:161} INFO - Started process (PID=881) to work on /home/airflow/.local/lib/python3.12/site-packages/airflow/example_dags/example_external_task_marker_dag.py
[2024-06-15T02:11:17.471+0000] {processor.py:830} INFO - Processing file /home/airflow/.local/lib/python3.12/site-packages/airflow/example_dags/example_external_task_marker_dag.py for tasks to queue
[2024-06-15T02:11:17.472+0000] {logging_mixin.py:188} INFO - [2024-06-15T02:11:17.472+0000] {dagbag.py:545} INFO - Filling up the DagBag from /home/airflow/.local/lib/python3.12/site-packages/airflow/example_dags/example_external_task_marker_dag.py
[2024-06-15T02:11:17.477+0000] {processor.py:840} INFO - DAG(s) 'example_external_task_marker_child', 'example_external_task_marker_parent' retrieved from /home/airflow/.local/lib/python3.12/site-packages/airflow/example_dags/example_external_task_marker_dag.py
[2024-06-15T02:11:17.496+0000] {logging_mixin.py:188} INFO - [2024-06-15T02:11:17.495+0000] {dag.py:3096} INFO - Sync 2 DAGs
[2024-06-15T02:11:17.507+0000] {logging_mixin.py:188} INFO - [2024-06-15T02:11:17.507+0000] {dag.py:3954} INFO - Setting next_dagrun for example_external_task_marker_child to None, run_after=None
[2024-06-15T02:11:17.511+0000] {logging_mixin.py:188} INFO - [2024-06-15T02:11:17.511+0000] {dag.py:3954} INFO - Setting next_dagrun for example_external_task_marker_parent to None, run_after=None
[2024-06-15T02:11:17.524+0000] {processor.py:183} INFO - Processing /home/airflow/.local/lib/python3.12/site-packages/airflow/example_dags/example_external_task_marker_dag.py took 0.057 seconds
[2024-06-15T02:11:47.974+0000] {processor.py:161} INFO - Started process (PID=939) to work on /home/airflow/.local/lib/python3.12/site-packages/airflow/example_dags/example_external_task_marker_dag.py
[2024-06-15T02:11:47.975+0000] {processor.py:830} INFO - Processing file /home/airflow/.local/lib/python3.12/site-packages/airflow/example_dags/example_external_task_marker_dag.py for tasks to queue
[2024-06-15T02:11:47.976+0000] {logging_mixin.py:188} INFO - [2024-06-15T02:11:47.976+0000] {dagbag.py:545} INFO - Filling up the DagBag from /home/airflow/.local/lib/python3.12/site-packages/airflow/example_dags/example_external_task_marker_dag.py
[2024-06-15T02:11:47.981+0000] {processor.py:840} INFO - DAG(s) 'example_external_task_marker_parent', 'example_external_task_marker_child' retrieved from /home/airflow/.local/lib/python3.12/site-packages/airflow/example_dags/example_external_task_marker_dag.py
[2024-06-15T02:11:48.000+0000] {logging_mixin.py:188} INFO - [2024-06-15T02:11:48.000+0000] {dag.py:3096} INFO - Sync 2 DAGs
[2024-06-15T02:11:48.012+0000] {logging_mixin.py:188} INFO - [2024-06-15T02:11:48.011+0000] {dag.py:3954} INFO - Setting next_dagrun for example_external_task_marker_child to None, run_after=None
[2024-06-15T02:11:48.015+0000] {logging_mixin.py:188} INFO - [2024-06-15T02:11:48.015+0000] {dag.py:3954} INFO - Setting next_dagrun for example_external_task_marker_parent to None, run_after=None
[2024-06-15T02:11:48.027+0000] {processor.py:183} INFO - Processing /home/airflow/.local/lib/python3.12/site-packages/airflow/example_dags/example_external_task_marker_dag.py took 0.057 seconds
[2024-06-15T02:12:18.547+0000] {processor.py:161} INFO - Started process (PID=997) to work on /home/airflow/.local/lib/python3.12/site-packages/airflow/example_dags/example_external_task_marker_dag.py
[2024-06-15T02:12:18.548+0000] {processor.py:830} INFO - Processing file /home/airflow/.local/lib/python3.12/site-packages/airflow/example_dags/example_external_task_marker_dag.py for tasks to queue
[2024-06-15T02:12:18.550+0000] {logging_mixin.py:188} INFO - [2024-06-15T02:12:18.550+0000] {dagbag.py:545} INFO - Filling up the DagBag from /home/airflow/.local/lib/python3.12/site-packages/airflow/example_dags/example_external_task_marker_dag.py
[2024-06-15T02:12:18.555+0000] {processor.py:840} INFO - DAG(s) 'example_external_task_marker_parent', 'example_external_task_marker_child' retrieved from /home/airflow/.local/lib/python3.12/site-packages/airflow/example_dags/example_external_task_marker_dag.py
[2024-06-15T02:12:18.573+0000] {logging_mixin.py:188} INFO - [2024-06-15T02:12:18.573+0000] {dag.py:3096} INFO - Sync 2 DAGs
[2024-06-15T02:12:18.584+0000] {logging_mixin.py:188} INFO - [2024-06-15T02:12:18.584+0000] {dag.py:3954} INFO - Setting next_dagrun for example_external_task_marker_child to None, run_after=None
[2024-06-15T02:12:18.588+0000] {logging_mixin.py:188} INFO - [2024-06-15T02:12:18.588+0000] {dag.py:3954} INFO - Setting next_dagrun for example_external_task_marker_parent to None, run_after=None
[2024-06-15T02:12:18.602+0000] {processor.py:183} INFO - Processing /home/airflow/.local/lib/python3.12/site-packages/airflow/example_dags/example_external_task_marker_dag.py took 0.058 seconds
[2024-06-15T02:12:48.896+0000] {processor.py:161} INFO - Started process (PID=1055) to work on /home/airflow/.local/lib/python3.12/site-packages/airflow/example_dags/example_external_task_marker_dag.py
[2024-06-15T02:12:48.897+0000] {processor.py:830} INFO - Processing file /home/airflow/.local/lib/python3.12/site-packages/airflow/example_dags/example_external_task_marker_dag.py for tasks to queue
[2024-06-15T02:12:48.898+0000] {logging_mixin.py:188} INFO - [2024-06-15T02:12:48.898+0000] {dagbag.py:545} INFO - Filling up the DagBag from /home/airflow/.local/lib/python3.12/site-packages/airflow/example_dags/example_external_task_marker_dag.py
[2024-06-15T02:12:48.903+0000] {processor.py:840} INFO - DAG(s) 'example_external_task_marker_parent', 'example_external_task_marker_child' retrieved from /home/airflow/.local/lib/python3.12/site-packages/airflow/example_dags/example_external_task_marker_dag.py
[2024-06-15T02:12:48.922+0000] {logging_mixin.py:188} INFO - [2024-06-15T02:12:48.922+0000] {dag.py:3096} INFO - Sync 2 DAGs
[2024-06-15T02:12:48.933+0000] {logging_mixin.py:188} INFO - [2024-06-15T02:12:48.933+0000] {dag.py:3954} INFO - Setting next_dagrun for example_external_task_marker_child to None, run_after=None
[2024-06-15T02:12:48.936+0000] {logging_mixin.py:188} INFO - [2024-06-15T02:12:48.936+0000] {dag.py:3954} INFO - Setting next_dagrun for example_external_task_marker_parent to None, run_after=None
[2024-06-15T02:12:48.949+0000] {processor.py:183} INFO - Processing /home/airflow/.local/lib/python3.12/site-packages/airflow/example_dags/example_external_task_marker_dag.py took 0.057 seconds
[2024-06-15T02:13:19.238+0000] {processor.py:161} INFO - Started process (PID=1113) to work on /home/airflow/.local/lib/python3.12/site-packages/airflow/example_dags/example_external_task_marker_dag.py
[2024-06-15T02:13:19.238+0000] {processor.py:830} INFO - Processing file /home/airflow/.local/lib/python3.12/site-packages/airflow/example_dags/example_external_task_marker_dag.py for tasks to queue
[2024-06-15T02:13:19.240+0000] {logging_mixin.py:188} INFO - [2024-06-15T02:13:19.239+0000] {dagbag.py:545} INFO - Filling up the DagBag from /home/airflow/.local/lib/python3.12/site-packages/airflow/example_dags/example_external_task_marker_dag.py
[2024-06-15T02:13:19.245+0000] {processor.py:840} INFO - DAG(s) 'example_external_task_marker_child', 'example_external_task_marker_parent' retrieved from /home/airflow/.local/lib/python3.12/site-packages/airflow/example_dags/example_external_task_marker_dag.py
[2024-06-15T02:13:19.267+0000] {logging_mixin.py:188} INFO - [2024-06-15T02:13:19.267+0000] {dag.py:3096} INFO - Sync 2 DAGs
[2024-06-15T02:13:19.282+0000] {logging_mixin.py:188} INFO - [2024-06-15T02:13:19.282+0000] {dag.py:3954} INFO - Setting next_dagrun for example_external_task_marker_child to None, run_after=None
[2024-06-15T02:13:19.288+0000] {logging_mixin.py:188} INFO - [2024-06-15T02:13:19.288+0000] {dag.py:3954} INFO - Setting next_dagrun for example_external_task_marker_parent to None, run_after=None
[2024-06-15T02:13:19.307+0000] {processor.py:183} INFO - Processing /home/airflow/.local/lib/python3.12/site-packages/airflow/example_dags/example_external_task_marker_dag.py took 0.074 seconds
[2024-06-15T02:13:49.500+0000] {processor.py:161} INFO - Started process (PID=1171) to work on /home/airflow/.local/lib/python3.12/site-packages/airflow/example_dags/example_external_task_marker_dag.py
[2024-06-15T02:13:49.500+0000] {processor.py:830} INFO - Processing file /home/airflow/.local/lib/python3.12/site-packages/airflow/example_dags/example_external_task_marker_dag.py for tasks to queue
[2024-06-15T02:13:49.502+0000] {logging_mixin.py:188} INFO - [2024-06-15T02:13:49.501+0000] {dagbag.py:545} INFO - Filling up the DagBag from /home/airflow/.local/lib/python3.12/site-packages/airflow/example_dags/example_external_task_marker_dag.py
[2024-06-15T02:13:49.506+0000] {processor.py:840} INFO - DAG(s) 'example_external_task_marker_child', 'example_external_task_marker_parent' retrieved from /home/airflow/.local/lib/python3.12/site-packages/airflow/example_dags/example_external_task_marker_dag.py
[2024-06-15T02:13:49.525+0000] {logging_mixin.py:188} INFO - [2024-06-15T02:13:49.525+0000] {dag.py:3096} INFO - Sync 2 DAGs
[2024-06-15T02:13:49.535+0000] {logging_mixin.py:188} INFO - [2024-06-15T02:13:49.535+0000] {dag.py:3954} INFO - Setting next_dagrun for example_external_task_marker_child to None, run_after=None
[2024-06-15T02:13:49.538+0000] {logging_mixin.py:188} INFO - [2024-06-15T02:13:49.538+0000] {dag.py:3954} INFO - Setting next_dagrun for example_external_task_marker_parent to None, run_after=None
[2024-06-15T02:13:49.553+0000] {processor.py:183} INFO - Processing /home/airflow/.local/lib/python3.12/site-packages/airflow/example_dags/example_external_task_marker_dag.py took 0.058 seconds
[2024-06-15T02:14:19.859+0000] {processor.py:161} INFO - Started process (PID=1229) to work on /home/airflow/.local/lib/python3.12/site-packages/airflow/example_dags/example_external_task_marker_dag.py
[2024-06-15T02:14:19.859+0000] {processor.py:830} INFO - Processing file /home/airflow/.local/lib/python3.12/site-packages/airflow/example_dags/example_external_task_marker_dag.py for tasks to queue
[2024-06-15T02:14:19.861+0000] {logging_mixin.py:188} INFO - [2024-06-15T02:14:19.860+0000] {dagbag.py:545} INFO - Filling up the DagBag from /home/airflow/.local/lib/python3.12/site-packages/airflow/example_dags/example_external_task_marker_dag.py
[2024-06-15T02:14:19.865+0000] {processor.py:840} INFO - DAG(s) 'example_external_task_marker_child', 'example_external_task_marker_parent' retrieved from /home/airflow/.local/lib/python3.12/site-packages/airflow/example_dags/example_external_task_marker_dag.py
[2024-06-15T02:14:19.884+0000] {logging_mixin.py:188} INFO - [2024-06-15T02:14:19.883+0000] {dag.py:3096} INFO - Sync 2 DAGs
[2024-06-15T02:14:19.895+0000] {logging_mixin.py:188} INFO - [2024-06-15T02:14:19.895+0000] {dag.py:3954} INFO - Setting next_dagrun for example_external_task_marker_child to None, run_after=None
[2024-06-15T02:14:19.899+0000] {logging_mixin.py:188} INFO - [2024-06-15T02:14:19.899+0000] {dag.py:3954} INFO - Setting next_dagrun for example_external_task_marker_parent to None, run_after=None
[2024-06-15T02:14:19.912+0000] {processor.py:183} INFO - Processing /home/airflow/.local/lib/python3.12/site-packages/airflow/example_dags/example_external_task_marker_dag.py took 0.058 seconds
[2024-06-15T02:14:50.339+0000] {processor.py:161} INFO - Started process (PID=1287) to work on /home/airflow/.local/lib/python3.12/site-packages/airflow/example_dags/example_external_task_marker_dag.py
[2024-06-15T02:14:50.340+0000] {processor.py:830} INFO - Processing file /home/airflow/.local/lib/python3.12/site-packages/airflow/example_dags/example_external_task_marker_dag.py for tasks to queue
[2024-06-15T02:14:50.341+0000] {logging_mixin.py:188} INFO - [2024-06-15T02:14:50.341+0000] {dagbag.py:545} INFO - Filling up the DagBag from /home/airflow/.local/lib/python3.12/site-packages/airflow/example_dags/example_external_task_marker_dag.py
[2024-06-15T02:14:50.345+0000] {processor.py:840} INFO - DAG(s) 'example_external_task_marker_parent', 'example_external_task_marker_child' retrieved from /home/airflow/.local/lib/python3.12/site-packages/airflow/example_dags/example_external_task_marker_dag.py
[2024-06-15T02:14:50.363+0000] {logging_mixin.py:188} INFO - [2024-06-15T02:14:50.363+0000] {dag.py:3096} INFO - Sync 2 DAGs
[2024-06-15T02:14:50.375+0000] {logging_mixin.py:188} INFO - [2024-06-15T02:14:50.375+0000] {dag.py:3954} INFO - Setting next_dagrun for example_external_task_marker_child to None, run_after=None
[2024-06-15T02:14:50.379+0000] {logging_mixin.py:188} INFO - [2024-06-15T02:14:50.378+0000] {dag.py:3954} INFO - Setting next_dagrun for example_external_task_marker_parent to None, run_after=None
[2024-06-15T02:14:50.391+0000] {processor.py:183} INFO - Processing /home/airflow/.local/lib/python3.12/site-packages/airflow/example_dags/example_external_task_marker_dag.py took 0.056 seconds
[2024-06-15T02:15:20.634+0000] {processor.py:161} INFO - Started process (PID=1345) to work on /home/airflow/.local/lib/python3.12/site-packages/airflow/example_dags/example_external_task_marker_dag.py
[2024-06-15T02:15:20.634+0000] {processor.py:830} INFO - Processing file /home/airflow/.local/lib/python3.12/site-packages/airflow/example_dags/example_external_task_marker_dag.py for tasks to queue
[2024-06-15T02:15:20.636+0000] {logging_mixin.py:188} INFO - [2024-06-15T02:15:20.635+0000] {dagbag.py:545} INFO - Filling up the DagBag from /home/airflow/.local/lib/python3.12/site-packages/airflow/example_dags/example_external_task_marker_dag.py
[2024-06-15T02:15:20.640+0000] {processor.py:840} INFO - DAG(s) 'example_external_task_marker_parent', 'example_external_task_marker_child' retrieved from /home/airflow/.local/lib/python3.12/site-packages/airflow/example_dags/example_external_task_marker_dag.py
[2024-06-15T02:15:20.659+0000] {logging_mixin.py:188} INFO - [2024-06-15T02:15:20.658+0000] {dag.py:3096} INFO - Sync 2 DAGs
[2024-06-15T02:15:20.670+0000] {logging_mixin.py:188} INFO - [2024-06-15T02:15:20.670+0000] {dag.py:3954} INFO - Setting next_dagrun for example_external_task_marker_child to None, run_after=None
[2024-06-15T02:15:20.673+0000] {logging_mixin.py:188} INFO - [2024-06-15T02:15:20.673+0000] {dag.py:3954} INFO - Setting next_dagrun for example_external_task_marker_parent to None, run_after=None
[2024-06-15T02:15:20.687+0000] {processor.py:183} INFO - Processing /home/airflow/.local/lib/python3.12/site-packages/airflow/example_dags/example_external_task_marker_dag.py took 0.057 seconds
[2024-06-15T02:15:50.865+0000] {processor.py:161} INFO - Started process (PID=1403) to work on /home/airflow/.local/lib/python3.12/site-packages/airflow/example_dags/example_external_task_marker_dag.py
[2024-06-15T02:15:50.866+0000] {processor.py:830} INFO - Processing file /home/airflow/.local/lib/python3.12/site-packages/airflow/example_dags/example_external_task_marker_dag.py for tasks to queue
[2024-06-15T02:15:50.867+0000] {logging_mixin.py:188} INFO - [2024-06-15T02:15:50.867+0000] {dagbag.py:545} INFO - Filling up the DagBag from /home/airflow/.local/lib/python3.12/site-packages/airflow/example_dags/example_external_task_marker_dag.py
[2024-06-15T02:15:50.871+0000] {processor.py:840} INFO - DAG(s) 'example_external_task_marker_child', 'example_external_task_marker_parent' retrieved from /home/airflow/.local/lib/python3.12/site-packages/airflow/example_dags/example_external_task_marker_dag.py
[2024-06-15T02:15:50.889+0000] {logging_mixin.py:188} INFO - [2024-06-15T02:15:50.889+0000] {dag.py:3096} INFO - Sync 2 DAGs
[2024-06-15T02:15:50.900+0000] {logging_mixin.py:188} INFO - [2024-06-15T02:15:50.899+0000] {dag.py:3954} INFO - Setting next_dagrun for example_external_task_marker_child to None, run_after=None
[2024-06-15T02:15:50.902+0000] {logging_mixin.py:188} INFO - [2024-06-15T02:15:50.902+0000] {dag.py:3954} INFO - Setting next_dagrun for example_external_task_marker_parent to None, run_after=None
[2024-06-15T02:15:50.915+0000] {processor.py:183} INFO - Processing /home/airflow/.local/lib/python3.12/site-packages/airflow/example_dags/example_external_task_marker_dag.py took 0.054 seconds
[2024-06-15T02:16:22.661+0000] {processor.py:161} INFO - Started process (PID=1467) to work on /home/airflow/.local/lib/python3.12/site-packages/airflow/example_dags/example_external_task_marker_dag.py
[2024-06-15T02:16:22.662+0000] {processor.py:830} INFO - Processing file /home/airflow/.local/lib/python3.12/site-packages/airflow/example_dags/example_external_task_marker_dag.py for tasks to queue
[2024-06-15T02:16:22.663+0000] {logging_mixin.py:188} INFO - [2024-06-15T02:16:22.663+0000] {dagbag.py:545} INFO - Filling up the DagBag from /home/airflow/.local/lib/python3.12/site-packages/airflow/example_dags/example_external_task_marker_dag.py
[2024-06-15T02:16:22.669+0000] {processor.py:840} INFO - DAG(s) 'example_external_task_marker_child', 'example_external_task_marker_parent' retrieved from /home/airflow/.local/lib/python3.12/site-packages/airflow/example_dags/example_external_task_marker_dag.py
[2024-06-15T02:16:22.691+0000] {logging_mixin.py:188} INFO - [2024-06-15T02:16:22.691+0000] {dag.py:3096} INFO - Sync 2 DAGs
[2024-06-15T02:16:22.706+0000] {logging_mixin.py:188} INFO - [2024-06-15T02:16:22.706+0000] {dag.py:3954} INFO - Setting next_dagrun for example_external_task_marker_child to None, run_after=None
[2024-06-15T02:16:22.710+0000] {logging_mixin.py:188} INFO - [2024-06-15T02:16:22.710+0000] {dag.py:3954} INFO - Setting next_dagrun for example_external_task_marker_parent to None, run_after=None
[2024-06-15T02:16:22.748+0000] {processor.py:183} INFO - Processing /home/airflow/.local/lib/python3.12/site-packages/airflow/example_dags/example_external_task_marker_dag.py took 0.091 seconds
[2024-06-15T02:16:52.880+0000] {processor.py:161} INFO - Started process (PID=1525) to work on /home/airflow/.local/lib/python3.12/site-packages/airflow/example_dags/example_external_task_marker_dag.py
[2024-06-15T02:16:52.880+0000] {processor.py:830} INFO - Processing file /home/airflow/.local/lib/python3.12/site-packages/airflow/example_dags/example_external_task_marker_dag.py for tasks to queue
[2024-06-15T02:16:52.882+0000] {logging_mixin.py:188} INFO - [2024-06-15T02:16:52.882+0000] {dagbag.py:545} INFO - Filling up the DagBag from /home/airflow/.local/lib/python3.12/site-packages/airflow/example_dags/example_external_task_marker_dag.py
[2024-06-15T02:16:52.887+0000] {processor.py:840} INFO - DAG(s) 'example_external_task_marker_child', 'example_external_task_marker_parent' retrieved from /home/airflow/.local/lib/python3.12/site-packages/airflow/example_dags/example_external_task_marker_dag.py
[2024-06-15T02:16:52.903+0000] {logging_mixin.py:188} INFO - [2024-06-15T02:16:52.903+0000] {dag.py:3096} INFO - Sync 2 DAGs
[2024-06-15T02:16:52.914+0000] {logging_mixin.py:188} INFO - [2024-06-15T02:16:52.914+0000] {dag.py:3954} INFO - Setting next_dagrun for example_external_task_marker_child to None, run_after=None
[2024-06-15T02:16:52.918+0000] {logging_mixin.py:188} INFO - [2024-06-15T02:16:52.917+0000] {dag.py:3954} INFO - Setting next_dagrun for example_external_task_marker_parent to None, run_after=None
[2024-06-15T02:16:52.930+0000] {processor.py:183} INFO - Processing /home/airflow/.local/lib/python3.12/site-packages/airflow/example_dags/example_external_task_marker_dag.py took 0.055 seconds
[2024-06-15T02:17:23.282+0000] {processor.py:161} INFO - Started process (PID=1583) to work on /home/airflow/.local/lib/python3.12/site-packages/airflow/example_dags/example_external_task_marker_dag.py
[2024-06-15T02:17:23.283+0000] {processor.py:830} INFO - Processing file /home/airflow/.local/lib/python3.12/site-packages/airflow/example_dags/example_external_task_marker_dag.py for tasks to queue
[2024-06-15T02:17:23.284+0000] {logging_mixin.py:188} INFO - [2024-06-15T02:17:23.284+0000] {dagbag.py:545} INFO - Filling up the DagBag from /home/airflow/.local/lib/python3.12/site-packages/airflow/example_dags/example_external_task_marker_dag.py
[2024-06-15T02:17:23.289+0000] {processor.py:840} INFO - DAG(s) 'example_external_task_marker_parent', 'example_external_task_marker_child' retrieved from /home/airflow/.local/lib/python3.12/site-packages/airflow/example_dags/example_external_task_marker_dag.py
[2024-06-15T02:17:23.311+0000] {logging_mixin.py:188} INFO - [2024-06-15T02:17:23.311+0000] {dag.py:3096} INFO - Sync 2 DAGs
[2024-06-15T02:17:23.323+0000] {logging_mixin.py:188} INFO - [2024-06-15T02:17:23.322+0000] {dag.py:3954} INFO - Setting next_dagrun for example_external_task_marker_child to None, run_after=None
[2024-06-15T02:17:23.326+0000] {logging_mixin.py:188} INFO - [2024-06-15T02:17:23.326+0000] {dag.py:3954} INFO - Setting next_dagrun for example_external_task_marker_parent to None, run_after=None
[2024-06-15T02:17:23.340+0000] {processor.py:183} INFO - Processing /home/airflow/.local/lib/python3.12/site-packages/airflow/example_dags/example_external_task_marker_dag.py took 0.062 seconds
[2024-06-15T02:17:53.631+0000] {processor.py:161} INFO - Started process (PID=1641) to work on /home/airflow/.local/lib/python3.12/site-packages/airflow/example_dags/example_external_task_marker_dag.py
[2024-06-15T02:17:53.632+0000] {processor.py:830} INFO - Processing file /home/airflow/.local/lib/python3.12/site-packages/airflow/example_dags/example_external_task_marker_dag.py for tasks to queue
[2024-06-15T02:17:53.634+0000] {logging_mixin.py:188} INFO - [2024-06-15T02:17:53.633+0000] {dagbag.py:545} INFO - Filling up the DagBag from /home/airflow/.local/lib/python3.12/site-packages/airflow/example_dags/example_external_task_marker_dag.py
[2024-06-15T02:17:53.638+0000] {processor.py:840} INFO - DAG(s) 'example_external_task_marker_parent', 'example_external_task_marker_child' retrieved from /home/airflow/.local/lib/python3.12/site-packages/airflow/example_dags/example_external_task_marker_dag.py
[2024-06-15T02:17:53.657+0000] {logging_mixin.py:188} INFO - [2024-06-15T02:17:53.657+0000] {dag.py:3096} INFO - Sync 2 DAGs
[2024-06-15T02:17:53.674+0000] {logging_mixin.py:188} INFO - [2024-06-15T02:17:53.674+0000] {dag.py:3954} INFO - Setting next_dagrun for example_external_task_marker_child to None, run_after=None
[2024-06-15T02:17:53.677+0000] {logging_mixin.py:188} INFO - [2024-06-15T02:17:53.677+0000] {dag.py:3954} INFO - Setting next_dagrun for example_external_task_marker_parent to None, run_after=None
[2024-06-15T02:17:53.691+0000] {processor.py:183} INFO - Processing /home/airflow/.local/lib/python3.12/site-packages/airflow/example_dags/example_external_task_marker_dag.py took 0.063 seconds
[2024-06-15T02:18:24.073+0000] {processor.py:161} INFO - Started process (PID=1699) to work on /home/airflow/.local/lib/python3.12/site-packages/airflow/example_dags/example_external_task_marker_dag.py
[2024-06-15T02:18:24.074+0000] {processor.py:830} INFO - Processing file /home/airflow/.local/lib/python3.12/site-packages/airflow/example_dags/example_external_task_marker_dag.py for tasks to queue
[2024-06-15T02:18:24.076+0000] {logging_mixin.py:188} INFO - [2024-06-15T02:18:24.075+0000] {dagbag.py:545} INFO - Filling up the DagBag from /home/airflow/.local/lib/python3.12/site-packages/airflow/example_dags/example_external_task_marker_dag.py
[2024-06-15T02:18:24.080+0000] {processor.py:840} INFO - DAG(s) 'example_external_task_marker_child', 'example_external_task_marker_parent' retrieved from /home/airflow/.local/lib/python3.12/site-packages/airflow/example_dags/example_external_task_marker_dag.py
[2024-06-15T02:18:24.099+0000] {logging_mixin.py:188} INFO - [2024-06-15T02:18:24.099+0000] {dag.py:3096} INFO - Sync 2 DAGs
[2024-06-15T02:18:24.109+0000] {logging_mixin.py:188} INFO - [2024-06-15T02:18:24.109+0000] {dag.py:3954} INFO - Setting next_dagrun for example_external_task_marker_child to None, run_after=None
[2024-06-15T02:18:24.112+0000] {logging_mixin.py:188} INFO - [2024-06-15T02:18:24.112+0000] {dag.py:3954} INFO - Setting next_dagrun for example_external_task_marker_parent to None, run_after=None
[2024-06-15T02:18:24.125+0000] {processor.py:183} INFO - Processing /home/airflow/.local/lib/python3.12/site-packages/airflow/example_dags/example_external_task_marker_dag.py took 0.056 seconds
[2024-06-15T02:18:54.742+0000] {processor.py:161} INFO - Started process (PID=1757) to work on /home/airflow/.local/lib/python3.12/site-packages/airflow/example_dags/example_external_task_marker_dag.py
[2024-06-15T02:18:54.742+0000] {processor.py:830} INFO - Processing file /home/airflow/.local/lib/python3.12/site-packages/airflow/example_dags/example_external_task_marker_dag.py for tasks to queue
[2024-06-15T02:18:54.744+0000] {logging_mixin.py:188} INFO - [2024-06-15T02:18:54.744+0000] {dagbag.py:545} INFO - Filling up the DagBag from /home/airflow/.local/lib/python3.12/site-packages/airflow/example_dags/example_external_task_marker_dag.py
[2024-06-15T02:18:54.749+0000] {processor.py:840} INFO - DAG(s) 'example_external_task_marker_parent', 'example_external_task_marker_child' retrieved from /home/airflow/.local/lib/python3.12/site-packages/airflow/example_dags/example_external_task_marker_dag.py
[2024-06-15T02:18:54.770+0000] {logging_mixin.py:188} INFO - [2024-06-15T02:18:54.769+0000] {dag.py:3096} INFO - Sync 2 DAGs
[2024-06-15T02:18:54.782+0000] {logging_mixin.py:188} INFO - [2024-06-15T02:18:54.782+0000] {dag.py:3954} INFO - Setting next_dagrun for example_external_task_marker_child to None, run_after=None
[2024-06-15T02:18:54.786+0000] {logging_mixin.py:188} INFO - [2024-06-15T02:18:54.786+0000] {dag.py:3954} INFO - Setting next_dagrun for example_external_task_marker_parent to None, run_after=None
[2024-06-15T02:18:54.801+0000] {processor.py:183} INFO - Processing /home/airflow/.local/lib/python3.12/site-packages/airflow/example_dags/example_external_task_marker_dag.py took 0.063 seconds
[2024-06-15T02:19:25.823+0000] {processor.py:161} INFO - Started process (PID=1815) to work on /home/airflow/.local/lib/python3.12/site-packages/airflow/example_dags/example_external_task_marker_dag.py
[2024-06-15T02:19:25.823+0000] {processor.py:830} INFO - Processing file /home/airflow/.local/lib/python3.12/site-packages/airflow/example_dags/example_external_task_marker_dag.py for tasks to queue
[2024-06-15T02:19:25.825+0000] {logging_mixin.py:188} INFO - [2024-06-15T02:19:25.825+0000] {dagbag.py:545} INFO - Filling up the DagBag from /home/airflow/.local/lib/python3.12/site-packages/airflow/example_dags/example_external_task_marker_dag.py
[2024-06-15T02:19:25.831+0000] {processor.py:840} INFO - DAG(s) 'example_external_task_marker_child', 'example_external_task_marker_parent' retrieved from /home/airflow/.local/lib/python3.12/site-packages/airflow/example_dags/example_external_task_marker_dag.py
[2024-06-15T02:19:25.850+0000] {logging_mixin.py:188} INFO - [2024-06-15T02:19:25.850+0000] {dag.py:3096} INFO - Sync 2 DAGs
[2024-06-15T02:19:25.861+0000] {logging_mixin.py:188} INFO - [2024-06-15T02:19:25.861+0000] {dag.py:3954} INFO - Setting next_dagrun for example_external_task_marker_child to None, run_after=None
[2024-06-15T02:19:25.864+0000] {logging_mixin.py:188} INFO - [2024-06-15T02:19:25.864+0000] {dag.py:3954} INFO - Setting next_dagrun for example_external_task_marker_parent to None, run_after=None
[2024-06-15T02:19:25.877+0000] {processor.py:183} INFO - Processing /home/airflow/.local/lib/python3.12/site-packages/airflow/example_dags/example_external_task_marker_dag.py took 0.059 seconds
[2024-06-15T02:19:56.746+0000] {processor.py:161} INFO - Started process (PID=1873) to work on /home/airflow/.local/lib/python3.12/site-packages/airflow/example_dags/example_external_task_marker_dag.py
[2024-06-15T02:19:56.747+0000] {processor.py:830} INFO - Processing file /home/airflow/.local/lib/python3.12/site-packages/airflow/example_dags/example_external_task_marker_dag.py for tasks to queue
[2024-06-15T02:19:56.749+0000] {logging_mixin.py:188} INFO - [2024-06-15T02:19:56.748+0000] {dagbag.py:545} INFO - Filling up the DagBag from /home/airflow/.local/lib/python3.12/site-packages/airflow/example_dags/example_external_task_marker_dag.py
[2024-06-15T02:19:56.755+0000] {processor.py:840} INFO - DAG(s) 'example_external_task_marker_parent', 'example_external_task_marker_child' retrieved from /home/airflow/.local/lib/python3.12/site-packages/airflow/example_dags/example_external_task_marker_dag.py
[2024-06-15T02:19:56.778+0000] {logging_mixin.py:188} INFO - [2024-06-15T02:19:56.778+0000] {dag.py:3096} INFO - Sync 2 DAGs
[2024-06-15T02:19:56.793+0000] {logging_mixin.py:188} INFO - [2024-06-15T02:19:56.793+0000] {dag.py:3954} INFO - Setting next_dagrun for example_external_task_marker_child to None, run_after=None
[2024-06-15T02:19:56.797+0000] {logging_mixin.py:188} INFO - [2024-06-15T02:19:56.797+0000] {dag.py:3954} INFO - Setting next_dagrun for example_external_task_marker_parent to None, run_after=None
[2024-06-15T02:19:56.811+0000] {processor.py:183} INFO - Processing /home/airflow/.local/lib/python3.12/site-packages/airflow/example_dags/example_external_task_marker_dag.py took 0.070 seconds
[2024-06-15T02:20:27.715+0000] {processor.py:161} INFO - Started process (PID=1931) to work on /home/airflow/.local/lib/python3.12/site-packages/airflow/example_dags/example_external_task_marker_dag.py
[2024-06-15T02:20:27.715+0000] {processor.py:830} INFO - Processing file /home/airflow/.local/lib/python3.12/site-packages/airflow/example_dags/example_external_task_marker_dag.py for tasks to queue
[2024-06-15T02:20:27.717+0000] {logging_mixin.py:188} INFO - [2024-06-15T02:20:27.717+0000] {dagbag.py:545} INFO - Filling up the DagBag from /home/airflow/.local/lib/python3.12/site-packages/airflow/example_dags/example_external_task_marker_dag.py
[2024-06-15T02:20:27.841+0000] {processor.py:840} INFO - DAG(s) 'example_external_task_marker_parent', 'example_external_task_marker_child' retrieved from /home/airflow/.local/lib/python3.12/site-packages/airflow/example_dags/example_external_task_marker_dag.py
[2024-06-15T02:20:27.862+0000] {logging_mixin.py:188} INFO - [2024-06-15T02:20:27.862+0000] {dag.py:3096} INFO - Sync 2 DAGs
[2024-06-15T02:20:27.874+0000] {logging_mixin.py:188} INFO - [2024-06-15T02:20:27.874+0000] {dag.py:3954} INFO - Setting next_dagrun for example_external_task_marker_child to None, run_after=None
[2024-06-15T02:20:27.878+0000] {logging_mixin.py:188} INFO - [2024-06-15T02:20:27.878+0000] {dag.py:3954} INFO - Setting next_dagrun for example_external_task_marker_parent to None, run_after=None
[2024-06-15T02:20:27.892+0000] {processor.py:183} INFO - Processing /home/airflow/.local/lib/python3.12/site-packages/airflow/example_dags/example_external_task_marker_dag.py took 0.182 seconds
[2024-06-15T02:20:58.845+0000] {processor.py:161} INFO - Started process (PID=1989) to work on /home/airflow/.local/lib/python3.12/site-packages/airflow/example_dags/example_external_task_marker_dag.py
[2024-06-15T02:20:58.846+0000] {processor.py:830} INFO - Processing file /home/airflow/.local/lib/python3.12/site-packages/airflow/example_dags/example_external_task_marker_dag.py for tasks to queue
[2024-06-15T02:20:58.847+0000] {logging_mixin.py:188} INFO - [2024-06-15T02:20:58.847+0000] {dagbag.py:545} INFO - Filling up the DagBag from /home/airflow/.local/lib/python3.12/site-packages/airflow/example_dags/example_external_task_marker_dag.py
[2024-06-15T02:20:58.852+0000] {processor.py:840} INFO - DAG(s) 'example_external_task_marker_parent', 'example_external_task_marker_child' retrieved from /home/airflow/.local/lib/python3.12/site-packages/airflow/example_dags/example_external_task_marker_dag.py
[2024-06-15T02:20:58.871+0000] {logging_mixin.py:188} INFO - [2024-06-15T02:20:58.871+0000] {dag.py:3096} INFO - Sync 2 DAGs
[2024-06-15T02:20:58.882+0000] {logging_mixin.py:188} INFO - [2024-06-15T02:20:58.882+0000] {dag.py:3954} INFO - Setting next_dagrun for example_external_task_marker_child to None, run_after=None
[2024-06-15T02:20:58.886+0000] {logging_mixin.py:188} INFO - [2024-06-15T02:20:58.886+0000] {dag.py:3954} INFO - Setting next_dagrun for example_external_task_marker_parent to None, run_after=None
[2024-06-15T02:20:58.902+0000] {processor.py:183} INFO - Processing /home/airflow/.local/lib/python3.12/site-packages/airflow/example_dags/example_external_task_marker_dag.py took 0.061 seconds
[2024-06-15T02:21:29.149+0000] {processor.py:161} INFO - Started process (PID=2047) to work on /home/airflow/.local/lib/python3.12/site-packages/airflow/example_dags/example_external_task_marker_dag.py
[2024-06-15T02:21:29.150+0000] {processor.py:830} INFO - Processing file /home/airflow/.local/lib/python3.12/site-packages/airflow/example_dags/example_external_task_marker_dag.py for tasks to queue
[2024-06-15T02:21:29.151+0000] {logging_mixin.py:188} INFO - [2024-06-15T02:21:29.151+0000] {dagbag.py:545} INFO - Filling up the DagBag from /home/airflow/.local/lib/python3.12/site-packages/airflow/example_dags/example_external_task_marker_dag.py
[2024-06-15T02:21:29.156+0000] {processor.py:840} INFO - DAG(s) 'example_external_task_marker_parent', 'example_external_task_marker_child' retrieved from /home/airflow/.local/lib/python3.12/site-packages/airflow/example_dags/example_external_task_marker_dag.py
[2024-06-15T02:21:29.177+0000] {logging_mixin.py:188} INFO - [2024-06-15T02:21:29.177+0000] {dag.py:3096} INFO - Sync 2 DAGs
[2024-06-15T02:21:29.189+0000] {logging_mixin.py:188} INFO - [2024-06-15T02:21:29.189+0000] {dag.py:3954} INFO - Setting next_dagrun for example_external_task_marker_child to None, run_after=None
[2024-06-15T02:21:29.192+0000] {logging_mixin.py:188} INFO - [2024-06-15T02:21:29.192+0000] {dag.py:3954} INFO - Setting next_dagrun for example_external_task_marker_parent to None, run_after=None
[2024-06-15T02:21:29.205+0000] {processor.py:183} INFO - Processing /home/airflow/.local/lib/python3.12/site-packages/airflow/example_dags/example_external_task_marker_dag.py took 0.061 seconds
[2024-06-15T02:21:59.730+0000] {processor.py:161} INFO - Started process (PID=2105) to work on /home/airflow/.local/lib/python3.12/site-packages/airflow/example_dags/example_external_task_marker_dag.py
[2024-06-15T02:21:59.730+0000] {processor.py:830} INFO - Processing file /home/airflow/.local/lib/python3.12/site-packages/airflow/example_dags/example_external_task_marker_dag.py for tasks to queue
[2024-06-15T02:21:59.732+0000] {logging_mixin.py:188} INFO - [2024-06-15T02:21:59.732+0000] {dagbag.py:545} INFO - Filling up the DagBag from /home/airflow/.local/lib/python3.12/site-packages/airflow/example_dags/example_external_task_marker_dag.py
[2024-06-15T02:21:59.737+0000] {processor.py:840} INFO - DAG(s) 'example_external_task_marker_child', 'example_external_task_marker_parent' retrieved from /home/airflow/.local/lib/python3.12/site-packages/airflow/example_dags/example_external_task_marker_dag.py
[2024-06-15T02:21:59.756+0000] {logging_mixin.py:188} INFO - [2024-06-15T02:21:59.756+0000] {dag.py:3096} INFO - Sync 2 DAGs
[2024-06-15T02:21:59.771+0000] {logging_mixin.py:188} INFO - [2024-06-15T02:21:59.770+0000] {dag.py:3954} INFO - Setting next_dagrun for example_external_task_marker_child to None, run_after=None
[2024-06-15T02:21:59.778+0000] {logging_mixin.py:188} INFO - [2024-06-15T02:21:59.777+0000] {dag.py:3954} INFO - Setting next_dagrun for example_external_task_marker_parent to None, run_after=None
[2024-06-15T02:21:59.798+0000] {processor.py:183} INFO - Processing /home/airflow/.local/lib/python3.12/site-packages/airflow/example_dags/example_external_task_marker_dag.py took 0.074 seconds
[2024-06-15T02:22:30.043+0000] {processor.py:161} INFO - Started process (PID=2163) to work on /home/airflow/.local/lib/python3.12/site-packages/airflow/example_dags/example_external_task_marker_dag.py
[2024-06-15T02:22:30.044+0000] {processor.py:830} INFO - Processing file /home/airflow/.local/lib/python3.12/site-packages/airflow/example_dags/example_external_task_marker_dag.py for tasks to queue
[2024-06-15T02:22:30.045+0000] {logging_mixin.py:188} INFO - [2024-06-15T02:22:30.045+0000] {dagbag.py:545} INFO - Filling up the DagBag from /home/airflow/.local/lib/python3.12/site-packages/airflow/example_dags/example_external_task_marker_dag.py
[2024-06-15T02:22:30.050+0000] {processor.py:840} INFO - DAG(s) 'example_external_task_marker_child', 'example_external_task_marker_parent' retrieved from /home/airflow/.local/lib/python3.12/site-packages/airflow/example_dags/example_external_task_marker_dag.py
[2024-06-15T02:22:30.071+0000] {logging_mixin.py:188} INFO - [2024-06-15T02:22:30.071+0000] {dag.py:3096} INFO - Sync 2 DAGs
[2024-06-15T02:22:30.085+0000] {logging_mixin.py:188} INFO - [2024-06-15T02:22:30.084+0000] {dag.py:3954} INFO - Setting next_dagrun for example_external_task_marker_child to None, run_after=None
[2024-06-15T02:22:30.088+0000] {logging_mixin.py:188} INFO - [2024-06-15T02:22:30.088+0000] {dag.py:3954} INFO - Setting next_dagrun for example_external_task_marker_parent to None, run_after=None
[2024-06-15T02:22:30.102+0000] {processor.py:183} INFO - Processing /home/airflow/.local/lib/python3.12/site-packages/airflow/example_dags/example_external_task_marker_dag.py took 0.064 seconds
[2024-06-15T02:23:00.238+0000] {processor.py:161} INFO - Started process (PID=2221) to work on /home/airflow/.local/lib/python3.12/site-packages/airflow/example_dags/example_external_task_marker_dag.py
[2024-06-15T02:23:00.239+0000] {processor.py:830} INFO - Processing file /home/airflow/.local/lib/python3.12/site-packages/airflow/example_dags/example_external_task_marker_dag.py for tasks to queue
[2024-06-15T02:23:00.240+0000] {logging_mixin.py:188} INFO - [2024-06-15T02:23:00.240+0000] {dagbag.py:545} INFO - Filling up the DagBag from /home/airflow/.local/lib/python3.12/site-packages/airflow/example_dags/example_external_task_marker_dag.py
[2024-06-15T02:23:00.244+0000] {processor.py:840} INFO - DAG(s) 'example_external_task_marker_child', 'example_external_task_marker_parent' retrieved from /home/airflow/.local/lib/python3.12/site-packages/airflow/example_dags/example_external_task_marker_dag.py
[2024-06-15T02:23:00.265+0000] {logging_mixin.py:188} INFO - [2024-06-15T02:23:00.265+0000] {dag.py:3096} INFO - Sync 2 DAGs
[2024-06-15T02:23:00.277+0000] {logging_mixin.py:188} INFO - [2024-06-15T02:23:00.277+0000] {dag.py:3954} INFO - Setting next_dagrun for example_external_task_marker_child to None, run_after=None
[2024-06-15T02:23:00.280+0000] {logging_mixin.py:188} INFO - [2024-06-15T02:23:00.280+0000] {dag.py:3954} INFO - Setting next_dagrun for example_external_task_marker_parent to None, run_after=None
[2024-06-15T02:23:00.293+0000] {processor.py:183} INFO - Processing /home/airflow/.local/lib/python3.12/site-packages/airflow/example_dags/example_external_task_marker_dag.py took 0.060 seconds
[2024-06-15T02:23:30.482+0000] {processor.py:161} INFO - Started process (PID=2279) to work on /home/airflow/.local/lib/python3.12/site-packages/airflow/example_dags/example_external_task_marker_dag.py
[2024-06-15T02:23:30.483+0000] {processor.py:830} INFO - Processing file /home/airflow/.local/lib/python3.12/site-packages/airflow/example_dags/example_external_task_marker_dag.py for tasks to queue
[2024-06-15T02:23:30.484+0000] {logging_mixin.py:188} INFO - [2024-06-15T02:23:30.483+0000] {dagbag.py:545} INFO - Filling up the DagBag from /home/airflow/.local/lib/python3.12/site-packages/airflow/example_dags/example_external_task_marker_dag.py
[2024-06-15T02:23:30.490+0000] {processor.py:840} INFO - DAG(s) 'example_external_task_marker_parent', 'example_external_task_marker_child' retrieved from /home/airflow/.local/lib/python3.12/site-packages/airflow/example_dags/example_external_task_marker_dag.py
[2024-06-15T02:23:30.508+0000] {logging_mixin.py:188} INFO - [2024-06-15T02:23:30.508+0000] {dag.py:3096} INFO - Sync 2 DAGs
[2024-06-15T02:23:30.520+0000] {logging_mixin.py:188} INFO - [2024-06-15T02:23:30.520+0000] {dag.py:3954} INFO - Setting next_dagrun for example_external_task_marker_child to None, run_after=None
[2024-06-15T02:23:30.524+0000] {logging_mixin.py:188} INFO - [2024-06-15T02:23:30.524+0000] {dag.py:3954} INFO - Setting next_dagrun for example_external_task_marker_parent to None, run_after=None
[2024-06-15T02:23:30.537+0000] {processor.py:183} INFO - Processing /home/airflow/.local/lib/python3.12/site-packages/airflow/example_dags/example_external_task_marker_dag.py took 0.059 seconds
[2024-06-15T02:24:00.723+0000] {processor.py:161} INFO - Started process (PID=2337) to work on /home/airflow/.local/lib/python3.12/site-packages/airflow/example_dags/example_external_task_marker_dag.py
[2024-06-15T02:24:00.724+0000] {processor.py:830} INFO - Processing file /home/airflow/.local/lib/python3.12/site-packages/airflow/example_dags/example_external_task_marker_dag.py for tasks to queue
[2024-06-15T02:24:00.725+0000] {logging_mixin.py:188} INFO - [2024-06-15T02:24:00.725+0000] {dagbag.py:545} INFO - Filling up the DagBag from /home/airflow/.local/lib/python3.12/site-packages/airflow/example_dags/example_external_task_marker_dag.py
[2024-06-15T02:24:00.732+0000] {processor.py:840} INFO - DAG(s) 'example_external_task_marker_child', 'example_external_task_marker_parent' retrieved from /home/airflow/.local/lib/python3.12/site-packages/airflow/example_dags/example_external_task_marker_dag.py
[2024-06-15T02:24:00.751+0000] {logging_mixin.py:188} INFO - [2024-06-15T02:24:00.750+0000] {dag.py:3096} INFO - Sync 2 DAGs
[2024-06-15T02:24:00.762+0000] {logging_mixin.py:188} INFO - [2024-06-15T02:24:00.762+0000] {dag.py:3954} INFO - Setting next_dagrun for example_external_task_marker_child to None, run_after=None
[2024-06-15T02:24:00.765+0000] {logging_mixin.py:188} INFO - [2024-06-15T02:24:00.765+0000] {dag.py:3954} INFO - Setting next_dagrun for example_external_task_marker_parent to None, run_after=None
[2024-06-15T02:24:00.778+0000] {processor.py:183} INFO - Processing /home/airflow/.local/lib/python3.12/site-packages/airflow/example_dags/example_external_task_marker_dag.py took 0.059 seconds
