[2024-06-15T02:04:06.880+0000] {processor.py:161} INFO - Started process (PID=34) to work on /home/airflow/.local/lib/python3.12/site-packages/airflow/example_dags/example_subdag_operator.py
[2024-06-15T02:04:06.881+0000] {processor.py:830} INFO - Processing file /home/airflow/.local/lib/python3.12/site-packages/airflow/example_dags/example_subdag_operator.py for tasks to queue
[2024-06-15T02:04:06.883+0000] {logging_mixin.py:188} INFO - [2024-06-15T02:04:06.882+0000] {dagbag.py:545} INFO - Filling up the DagBag from /home/airflow/.local/lib/python3.12/site-packages/airflow/example_dags/example_subdag_operator.py
[2024-06-15T02:04:06.904+0000] {processor.py:840} INFO - DAG(s) 'example_subdag_operator.section-1', 'example_subdag_operator.section-2', 'example_subdag_operator' retrieved from /home/airflow/.local/lib/python3.12/site-packages/airflow/example_dags/example_subdag_operator.py
[2024-06-15T02:04:06.926+0000] {logging_mixin.py:188} INFO - [2024-06-15T02:04:06.926+0000] {dag.py:3096} INFO - Sync 3 DAGs
[2024-06-15T02:04:06.950+0000] {logging_mixin.py:188} INFO - [2024-06-15T02:04:06.950+0000] {dag.py:3954} INFO - Setting next_dagrun for example_subdag_operator to 2022-01-01 00:00:00+00:00, run_after=2022-01-01 00:00:00+00:00
[2024-06-15T02:04:06.954+0000] {logging_mixin.py:188} INFO - [2024-06-15T02:04:06.954+0000] {dag.py:3954} INFO - Setting next_dagrun for example_subdag_operator.section-1 to None, run_after=None
[2024-06-15T02:04:06.956+0000] {logging_mixin.py:188} INFO - [2024-06-15T02:04:06.956+0000] {dag.py:3954} INFO - Setting next_dagrun for example_subdag_operator.section-2 to None, run_after=None
[2024-06-15T02:04:06.962+0000] {logging_mixin.py:188} INFO - [2024-06-15T02:04:06.962+0000] {dag.py:3096} INFO - Sync 2 DAGs
[2024-06-15T02:04:06.968+0000] {logging_mixin.py:188} INFO - [2024-06-15T02:04:06.968+0000] {dag.py:3954} INFO - Setting next_dagrun for example_subdag_operator.section-1 to None, run_after=None
[2024-06-15T02:04:06.969+0000] {logging_mixin.py:188} INFO - [2024-06-15T02:04:06.969+0000] {dag.py:3954} INFO - Setting next_dagrun for example_subdag_operator.section-2 to None, run_after=None
[2024-06-15T02:04:06.979+0000] {processor.py:183} INFO - Processing /home/airflow/.local/lib/python3.12/site-packages/airflow/example_dags/example_subdag_operator.py took 0.104 seconds
[2024-06-15T02:04:37.174+0000] {processor.py:161} INFO - Started process (PID=92) to work on /home/airflow/.local/lib/python3.12/site-packages/airflow/example_dags/example_subdag_operator.py
[2024-06-15T02:04:37.174+0000] {processor.py:830} INFO - Processing file /home/airflow/.local/lib/python3.12/site-packages/airflow/example_dags/example_subdag_operator.py for tasks to queue
[2024-06-15T02:04:37.176+0000] {logging_mixin.py:188} INFO - [2024-06-15T02:04:37.175+0000] {dagbag.py:545} INFO - Filling up the DagBag from /home/airflow/.local/lib/python3.12/site-packages/airflow/example_dags/example_subdag_operator.py
[2024-06-15T02:04:37.193+0000] {processor.py:840} INFO - DAG(s) 'example_subdag_operator.section-1', 'example_subdag_operator.section-2', 'example_subdag_operator' retrieved from /home/airflow/.local/lib/python3.12/site-packages/airflow/example_dags/example_subdag_operator.py
[2024-06-15T02:04:37.360+0000] {logging_mixin.py:188} INFO - [2024-06-15T02:04:37.359+0000] {dag.py:3096} INFO - Sync 3 DAGs
[2024-06-15T02:04:37.378+0000] {logging_mixin.py:188} INFO - [2024-06-15T02:04:37.378+0000] {dag.py:3954} INFO - Setting next_dagrun for example_subdag_operator to 2022-01-01 00:00:00+00:00, run_after=2022-01-01 00:00:00+00:00
[2024-06-15T02:04:37.381+0000] {logging_mixin.py:188} INFO - [2024-06-15T02:04:37.381+0000] {dag.py:3954} INFO - Setting next_dagrun for example_subdag_operator.section-1 to None, run_after=None
[2024-06-15T02:04:37.382+0000] {logging_mixin.py:188} INFO - [2024-06-15T02:04:37.382+0000] {dag.py:3954} INFO - Setting next_dagrun for example_subdag_operator.section-2 to None, run_after=None
[2024-06-15T02:04:37.390+0000] {logging_mixin.py:188} INFO - [2024-06-15T02:04:37.389+0000] {dag.py:3096} INFO - Sync 2 DAGs
[2024-06-15T02:04:37.394+0000] {logging_mixin.py:188} INFO - [2024-06-15T02:04:37.394+0000] {dag.py:3954} INFO - Setting next_dagrun for example_subdag_operator.section-1 to None, run_after=None
[2024-06-15T02:04:37.395+0000] {logging_mixin.py:188} INFO - [2024-06-15T02:04:37.395+0000] {dag.py:3954} INFO - Setting next_dagrun for example_subdag_operator.section-2 to None, run_after=None
[2024-06-15T02:04:37.402+0000] {processor.py:183} INFO - Processing /home/airflow/.local/lib/python3.12/site-packages/airflow/example_dags/example_subdag_operator.py took 0.233 seconds
[2024-06-15T02:05:07.458+0000] {processor.py:161} INFO - Started process (PID=150) to work on /home/airflow/.local/lib/python3.12/site-packages/airflow/example_dags/example_subdag_operator.py
[2024-06-15T02:05:07.459+0000] {processor.py:830} INFO - Processing file /home/airflow/.local/lib/python3.12/site-packages/airflow/example_dags/example_subdag_operator.py for tasks to queue
[2024-06-15T02:05:07.460+0000] {logging_mixin.py:188} INFO - [2024-06-15T02:05:07.460+0000] {dagbag.py:545} INFO - Filling up the DagBag from /home/airflow/.local/lib/python3.12/site-packages/airflow/example_dags/example_subdag_operator.py
[2024-06-15T02:05:07.480+0000] {processor.py:840} INFO - DAG(s) 'example_subdag_operator.section-1', 'example_subdag_operator.section-2', 'example_subdag_operator' retrieved from /home/airflow/.local/lib/python3.12/site-packages/airflow/example_dags/example_subdag_operator.py
[2024-06-15T02:05:07.495+0000] {logging_mixin.py:188} INFO - [2024-06-15T02:05:07.495+0000] {dag.py:3096} INFO - Sync 3 DAGs
[2024-06-15T02:05:07.517+0000] {logging_mixin.py:188} INFO - [2024-06-15T02:05:07.517+0000] {dag.py:3954} INFO - Setting next_dagrun for example_subdag_operator to 2022-01-01 00:00:00+00:00, run_after=2022-01-01 00:00:00+00:00
[2024-06-15T02:05:07.521+0000] {logging_mixin.py:188} INFO - [2024-06-15T02:05:07.521+0000] {dag.py:3954} INFO - Setting next_dagrun for example_subdag_operator.section-1 to None, run_after=None
[2024-06-15T02:05:07.523+0000] {logging_mixin.py:188} INFO - [2024-06-15T02:05:07.522+0000] {dag.py:3954} INFO - Setting next_dagrun for example_subdag_operator.section-2 to None, run_after=None
[2024-06-15T02:05:07.528+0000] {logging_mixin.py:188} INFO - [2024-06-15T02:05:07.528+0000] {dag.py:3096} INFO - Sync 2 DAGs
[2024-06-15T02:05:07.533+0000] {logging_mixin.py:188} INFO - [2024-06-15T02:05:07.533+0000] {dag.py:3954} INFO - Setting next_dagrun for example_subdag_operator.section-1 to None, run_after=None
[2024-06-15T02:05:07.534+0000] {logging_mixin.py:188} INFO - [2024-06-15T02:05:07.533+0000] {dag.py:3954} INFO - Setting next_dagrun for example_subdag_operator.section-2 to None, run_after=None
[2024-06-15T02:05:07.543+0000] {processor.py:183} INFO - Processing /home/airflow/.local/lib/python3.12/site-packages/airflow/example_dags/example_subdag_operator.py took 0.090 seconds
[2024-06-15T02:05:38.095+0000] {processor.py:161} INFO - Started process (PID=208) to work on /home/airflow/.local/lib/python3.12/site-packages/airflow/example_dags/example_subdag_operator.py
[2024-06-15T02:05:38.096+0000] {processor.py:830} INFO - Processing file /home/airflow/.local/lib/python3.12/site-packages/airflow/example_dags/example_subdag_operator.py for tasks to queue
[2024-06-15T02:05:38.098+0000] {logging_mixin.py:188} INFO - [2024-06-15T02:05:38.097+0000] {dagbag.py:545} INFO - Filling up the DagBag from /home/airflow/.local/lib/python3.12/site-packages/airflow/example_dags/example_subdag_operator.py
[2024-06-15T02:05:38.118+0000] {processor.py:840} INFO - DAG(s) 'example_subdag_operator.section-1', 'example_subdag_operator.section-2', 'example_subdag_operator' retrieved from /home/airflow/.local/lib/python3.12/site-packages/airflow/example_dags/example_subdag_operator.py
[2024-06-15T02:05:38.131+0000] {logging_mixin.py:188} INFO - [2024-06-15T02:05:38.131+0000] {dag.py:3096} INFO - Sync 3 DAGs
[2024-06-15T02:05:38.151+0000] {logging_mixin.py:188} INFO - [2024-06-15T02:05:38.150+0000] {dag.py:3954} INFO - Setting next_dagrun for example_subdag_operator to 2022-01-01 00:00:00+00:00, run_after=2022-01-01 00:00:00+00:00
[2024-06-15T02:05:38.154+0000] {logging_mixin.py:188} INFO - [2024-06-15T02:05:38.154+0000] {dag.py:3954} INFO - Setting next_dagrun for example_subdag_operator.section-1 to None, run_after=None
[2024-06-15T02:05:38.155+0000] {logging_mixin.py:188} INFO - [2024-06-15T02:05:38.155+0000] {dag.py:3954} INFO - Setting next_dagrun for example_subdag_operator.section-2 to None, run_after=None
[2024-06-15T02:05:38.161+0000] {logging_mixin.py:188} INFO - [2024-06-15T02:05:38.161+0000] {dag.py:3096} INFO - Sync 2 DAGs
[2024-06-15T02:05:38.165+0000] {logging_mixin.py:188} INFO - [2024-06-15T02:05:38.165+0000] {dag.py:3954} INFO - Setting next_dagrun for example_subdag_operator.section-1 to None, run_after=None
[2024-06-15T02:05:38.166+0000] {logging_mixin.py:188} INFO - [2024-06-15T02:05:38.166+0000] {dag.py:3954} INFO - Setting next_dagrun for example_subdag_operator.section-2 to None, run_after=None
[2024-06-15T02:05:38.174+0000] {processor.py:183} INFO - Processing /home/airflow/.local/lib/python3.12/site-packages/airflow/example_dags/example_subdag_operator.py took 0.082 seconds
[2024-06-15T02:06:08.461+0000] {processor.py:161} INFO - Started process (PID=266) to work on /home/airflow/.local/lib/python3.12/site-packages/airflow/example_dags/example_subdag_operator.py
[2024-06-15T02:06:08.462+0000] {processor.py:830} INFO - Processing file /home/airflow/.local/lib/python3.12/site-packages/airflow/example_dags/example_subdag_operator.py for tasks to queue
[2024-06-15T02:06:08.464+0000] {logging_mixin.py:188} INFO - [2024-06-15T02:06:08.463+0000] {dagbag.py:545} INFO - Filling up the DagBag from /home/airflow/.local/lib/python3.12/site-packages/airflow/example_dags/example_subdag_operator.py
[2024-06-15T02:06:08.482+0000] {processor.py:840} INFO - DAG(s) 'example_subdag_operator.section-1', 'example_subdag_operator.section-2', 'example_subdag_operator' retrieved from /home/airflow/.local/lib/python3.12/site-packages/airflow/example_dags/example_subdag_operator.py
[2024-06-15T02:06:08.495+0000] {logging_mixin.py:188} INFO - [2024-06-15T02:06:08.495+0000] {dag.py:3096} INFO - Sync 3 DAGs
[2024-06-15T02:06:08.512+0000] {logging_mixin.py:188} INFO - [2024-06-15T02:06:08.512+0000] {dag.py:3954} INFO - Setting next_dagrun for example_subdag_operator to 2022-01-01 00:00:00+00:00, run_after=2022-01-01 00:00:00+00:00
[2024-06-15T02:06:08.516+0000] {logging_mixin.py:188} INFO - [2024-06-15T02:06:08.515+0000] {dag.py:3954} INFO - Setting next_dagrun for example_subdag_operator.section-1 to None, run_after=None
[2024-06-15T02:06:08.517+0000] {logging_mixin.py:188} INFO - [2024-06-15T02:06:08.517+0000] {dag.py:3954} INFO - Setting next_dagrun for example_subdag_operator.section-2 to None, run_after=None
[2024-06-15T02:06:08.522+0000] {logging_mixin.py:188} INFO - [2024-06-15T02:06:08.522+0000] {dag.py:3096} INFO - Sync 2 DAGs
[2024-06-15T02:06:08.526+0000] {logging_mixin.py:188} INFO - [2024-06-15T02:06:08.526+0000] {dag.py:3954} INFO - Setting next_dagrun for example_subdag_operator.section-1 to None, run_after=None
[2024-06-15T02:06:08.527+0000] {logging_mixin.py:188} INFO - [2024-06-15T02:06:08.527+0000] {dag.py:3954} INFO - Setting next_dagrun for example_subdag_operator.section-2 to None, run_after=None
[2024-06-15T02:06:08.535+0000] {processor.py:183} INFO - Processing /home/airflow/.local/lib/python3.12/site-packages/airflow/example_dags/example_subdag_operator.py took 0.079 seconds
[2024-06-15T02:06:38.616+0000] {processor.py:161} INFO - Started process (PID=324) to work on /home/airflow/.local/lib/python3.12/site-packages/airflow/example_dags/example_subdag_operator.py
[2024-06-15T02:06:38.617+0000] {processor.py:830} INFO - Processing file /home/airflow/.local/lib/python3.12/site-packages/airflow/example_dags/example_subdag_operator.py for tasks to queue
[2024-06-15T02:06:38.618+0000] {logging_mixin.py:188} INFO - [2024-06-15T02:06:38.618+0000] {dagbag.py:545} INFO - Filling up the DagBag from /home/airflow/.local/lib/python3.12/site-packages/airflow/example_dags/example_subdag_operator.py
[2024-06-15T02:06:38.637+0000] {processor.py:840} INFO - DAG(s) 'example_subdag_operator.section-1', 'example_subdag_operator.section-2', 'example_subdag_operator' retrieved from /home/airflow/.local/lib/python3.12/site-packages/airflow/example_dags/example_subdag_operator.py
[2024-06-15T02:06:38.651+0000] {logging_mixin.py:188} INFO - [2024-06-15T02:06:38.650+0000] {dag.py:3096} INFO - Sync 3 DAGs
[2024-06-15T02:06:38.670+0000] {logging_mixin.py:188} INFO - [2024-06-15T02:06:38.669+0000] {dag.py:3954} INFO - Setting next_dagrun for example_subdag_operator to 2022-01-01 00:00:00+00:00, run_after=2022-01-01 00:00:00+00:00
[2024-06-15T02:06:38.674+0000] {logging_mixin.py:188} INFO - [2024-06-15T02:06:38.673+0000] {dag.py:3954} INFO - Setting next_dagrun for example_subdag_operator.section-1 to None, run_after=None
[2024-06-15T02:06:38.675+0000] {logging_mixin.py:188} INFO - [2024-06-15T02:06:38.675+0000] {dag.py:3954} INFO - Setting next_dagrun for example_subdag_operator.section-2 to None, run_after=None
[2024-06-15T02:06:38.681+0000] {logging_mixin.py:188} INFO - [2024-06-15T02:06:38.681+0000] {dag.py:3096} INFO - Sync 2 DAGs
[2024-06-15T02:06:38.685+0000] {logging_mixin.py:188} INFO - [2024-06-15T02:06:38.685+0000] {dag.py:3954} INFO - Setting next_dagrun for example_subdag_operator.section-1 to None, run_after=None
[2024-06-15T02:06:38.686+0000] {logging_mixin.py:188} INFO - [2024-06-15T02:06:38.686+0000] {dag.py:3954} INFO - Setting next_dagrun for example_subdag_operator.section-2 to None, run_after=None
[2024-06-15T02:06:38.723+0000] {processor.py:183} INFO - Processing /home/airflow/.local/lib/python3.12/site-packages/airflow/example_dags/example_subdag_operator.py took 0.112 seconds
[2024-06-15T02:07:08.972+0000] {processor.py:161} INFO - Started process (PID=382) to work on /home/airflow/.local/lib/python3.12/site-packages/airflow/example_dags/example_subdag_operator.py
[2024-06-15T02:07:08.973+0000] {processor.py:830} INFO - Processing file /home/airflow/.local/lib/python3.12/site-packages/airflow/example_dags/example_subdag_operator.py for tasks to queue
[2024-06-15T02:07:08.975+0000] {logging_mixin.py:188} INFO - [2024-06-15T02:07:08.975+0000] {dagbag.py:545} INFO - Filling up the DagBag from /home/airflow/.local/lib/python3.12/site-packages/airflow/example_dags/example_subdag_operator.py
[2024-06-15T02:07:08.997+0000] {processor.py:840} INFO - DAG(s) 'example_subdag_operator.section-1', 'example_subdag_operator.section-2', 'example_subdag_operator' retrieved from /home/airflow/.local/lib/python3.12/site-packages/airflow/example_dags/example_subdag_operator.py
[2024-06-15T02:07:09.015+0000] {logging_mixin.py:188} INFO - [2024-06-15T02:07:09.014+0000] {dag.py:3096} INFO - Sync 3 DAGs
[2024-06-15T02:07:09.043+0000] {logging_mixin.py:188} INFO - [2024-06-15T02:07:09.042+0000] {dag.py:3954} INFO - Setting next_dagrun for example_subdag_operator to 2022-01-01 00:00:00+00:00, run_after=2022-01-01 00:00:00+00:00
[2024-06-15T02:07:09.048+0000] {logging_mixin.py:188} INFO - [2024-06-15T02:07:09.047+0000] {dag.py:3954} INFO - Setting next_dagrun for example_subdag_operator.section-1 to None, run_after=None
[2024-06-15T02:07:09.049+0000] {logging_mixin.py:188} INFO - [2024-06-15T02:07:09.049+0000] {dag.py:3954} INFO - Setting next_dagrun for example_subdag_operator.section-2 to None, run_after=None
[2024-06-15T02:07:09.061+0000] {logging_mixin.py:188} INFO - [2024-06-15T02:07:09.060+0000] {dag.py:3096} INFO - Sync 2 DAGs
[2024-06-15T02:07:09.067+0000] {logging_mixin.py:188} INFO - [2024-06-15T02:07:09.067+0000] {dag.py:3954} INFO - Setting next_dagrun for example_subdag_operator.section-1 to None, run_after=None
[2024-06-15T02:07:09.068+0000] {logging_mixin.py:188} INFO - [2024-06-15T02:07:09.067+0000] {dag.py:3954} INFO - Setting next_dagrun for example_subdag_operator.section-2 to None, run_after=None
[2024-06-15T02:07:09.078+0000] {processor.py:183} INFO - Processing /home/airflow/.local/lib/python3.12/site-packages/airflow/example_dags/example_subdag_operator.py took 0.111 seconds
[2024-06-15T02:07:39.131+0000] {processor.py:161} INFO - Started process (PID=440) to work on /home/airflow/.local/lib/python3.12/site-packages/airflow/example_dags/example_subdag_operator.py
[2024-06-15T02:07:39.131+0000] {processor.py:830} INFO - Processing file /home/airflow/.local/lib/python3.12/site-packages/airflow/example_dags/example_subdag_operator.py for tasks to queue
[2024-06-15T02:07:39.133+0000] {logging_mixin.py:188} INFO - [2024-06-15T02:07:39.132+0000] {dagbag.py:545} INFO - Filling up the DagBag from /home/airflow/.local/lib/python3.12/site-packages/airflow/example_dags/example_subdag_operator.py
[2024-06-15T02:07:39.150+0000] {processor.py:840} INFO - DAG(s) 'example_subdag_operator.section-1', 'example_subdag_operator.section-2', 'example_subdag_operator' retrieved from /home/airflow/.local/lib/python3.12/site-packages/airflow/example_dags/example_subdag_operator.py
[2024-06-15T02:07:39.163+0000] {logging_mixin.py:188} INFO - [2024-06-15T02:07:39.163+0000] {dag.py:3096} INFO - Sync 3 DAGs
[2024-06-15T02:07:39.181+0000] {logging_mixin.py:188} INFO - [2024-06-15T02:07:39.181+0000] {dag.py:3954} INFO - Setting next_dagrun for example_subdag_operator to 2022-01-01 00:00:00+00:00, run_after=2022-01-01 00:00:00+00:00
[2024-06-15T02:07:39.184+0000] {logging_mixin.py:188} INFO - [2024-06-15T02:07:39.184+0000] {dag.py:3954} INFO - Setting next_dagrun for example_subdag_operator.section-1 to None, run_after=None
[2024-06-15T02:07:39.185+0000] {logging_mixin.py:188} INFO - [2024-06-15T02:07:39.185+0000] {dag.py:3954} INFO - Setting next_dagrun for example_subdag_operator.section-2 to None, run_after=None
[2024-06-15T02:07:39.192+0000] {logging_mixin.py:188} INFO - [2024-06-15T02:07:39.192+0000] {dag.py:3096} INFO - Sync 2 DAGs
[2024-06-15T02:07:39.196+0000] {logging_mixin.py:188} INFO - [2024-06-15T02:07:39.196+0000] {dag.py:3954} INFO - Setting next_dagrun for example_subdag_operator.section-1 to None, run_after=None
[2024-06-15T02:07:39.197+0000] {logging_mixin.py:188} INFO - [2024-06-15T02:07:39.197+0000] {dag.py:3954} INFO - Setting next_dagrun for example_subdag_operator.section-2 to None, run_after=None
[2024-06-15T02:07:39.206+0000] {processor.py:183} INFO - Processing /home/airflow/.local/lib/python3.12/site-packages/airflow/example_dags/example_subdag_operator.py took 0.079 seconds
[2024-06-15T02:08:09.576+0000] {processor.py:161} INFO - Started process (PID=498) to work on /home/airflow/.local/lib/python3.12/site-packages/airflow/example_dags/example_subdag_operator.py
[2024-06-15T02:08:09.576+0000] {processor.py:830} INFO - Processing file /home/airflow/.local/lib/python3.12/site-packages/airflow/example_dags/example_subdag_operator.py for tasks to queue
[2024-06-15T02:08:09.578+0000] {logging_mixin.py:188} INFO - [2024-06-15T02:08:09.577+0000] {dagbag.py:545} INFO - Filling up the DagBag from /home/airflow/.local/lib/python3.12/site-packages/airflow/example_dags/example_subdag_operator.py
[2024-06-15T02:08:09.597+0000] {processor.py:840} INFO - DAG(s) 'example_subdag_operator.section-1', 'example_subdag_operator.section-2', 'example_subdag_operator' retrieved from /home/airflow/.local/lib/python3.12/site-packages/airflow/example_dags/example_subdag_operator.py
[2024-06-15T02:08:09.611+0000] {logging_mixin.py:188} INFO - [2024-06-15T02:08:09.611+0000] {dag.py:3096} INFO - Sync 3 DAGs
[2024-06-15T02:08:09.630+0000] {logging_mixin.py:188} INFO - [2024-06-15T02:08:09.629+0000] {dag.py:3954} INFO - Setting next_dagrun for example_subdag_operator to 2022-01-01 00:00:00+00:00, run_after=2022-01-01 00:00:00+00:00
[2024-06-15T02:08:09.633+0000] {logging_mixin.py:188} INFO - [2024-06-15T02:08:09.633+0000] {dag.py:3954} INFO - Setting next_dagrun for example_subdag_operator.section-1 to None, run_after=None
[2024-06-15T02:08:09.634+0000] {logging_mixin.py:188} INFO - [2024-06-15T02:08:09.634+0000] {dag.py:3954} INFO - Setting next_dagrun for example_subdag_operator.section-2 to None, run_after=None
[2024-06-15T02:08:09.640+0000] {logging_mixin.py:188} INFO - [2024-06-15T02:08:09.639+0000] {dag.py:3096} INFO - Sync 2 DAGs
[2024-06-15T02:08:09.644+0000] {logging_mixin.py:188} INFO - [2024-06-15T02:08:09.644+0000] {dag.py:3954} INFO - Setting next_dagrun for example_subdag_operator.section-1 to None, run_after=None
[2024-06-15T02:08:09.645+0000] {logging_mixin.py:188} INFO - [2024-06-15T02:08:09.645+0000] {dag.py:3954} INFO - Setting next_dagrun for example_subdag_operator.section-2 to None, run_after=None
[2024-06-15T02:08:09.654+0000] {processor.py:183} INFO - Processing /home/airflow/.local/lib/python3.12/site-packages/airflow/example_dags/example_subdag_operator.py took 0.082 seconds
[2024-06-15T02:08:39.974+0000] {processor.py:161} INFO - Started process (PID=556) to work on /home/airflow/.local/lib/python3.12/site-packages/airflow/example_dags/example_subdag_operator.py
[2024-06-15T02:08:39.974+0000] {processor.py:830} INFO - Processing file /home/airflow/.local/lib/python3.12/site-packages/airflow/example_dags/example_subdag_operator.py for tasks to queue
[2024-06-15T02:08:39.976+0000] {logging_mixin.py:188} INFO - [2024-06-15T02:08:39.976+0000] {dagbag.py:545} INFO - Filling up the DagBag from /home/airflow/.local/lib/python3.12/site-packages/airflow/example_dags/example_subdag_operator.py
[2024-06-15T02:08:39.995+0000] {processor.py:840} INFO - DAG(s) 'example_subdag_operator.section-1', 'example_subdag_operator.section-2', 'example_subdag_operator' retrieved from /home/airflow/.local/lib/python3.12/site-packages/airflow/example_dags/example_subdag_operator.py
[2024-06-15T02:08:40.008+0000] {logging_mixin.py:188} INFO - [2024-06-15T02:08:40.008+0000] {dag.py:3096} INFO - Sync 3 DAGs
[2024-06-15T02:08:40.026+0000] {logging_mixin.py:188} INFO - [2024-06-15T02:08:40.026+0000] {dag.py:3954} INFO - Setting next_dagrun for example_subdag_operator to 2022-01-01 00:00:00+00:00, run_after=2022-01-01 00:00:00+00:00
[2024-06-15T02:08:40.029+0000] {logging_mixin.py:188} INFO - [2024-06-15T02:08:40.029+0000] {dag.py:3954} INFO - Setting next_dagrun for example_subdag_operator.section-1 to None, run_after=None
[2024-06-15T02:08:40.030+0000] {logging_mixin.py:188} INFO - [2024-06-15T02:08:40.030+0000] {dag.py:3954} INFO - Setting next_dagrun for example_subdag_operator.section-2 to None, run_after=None
[2024-06-15T02:08:40.037+0000] {logging_mixin.py:188} INFO - [2024-06-15T02:08:40.037+0000] {dag.py:3096} INFO - Sync 2 DAGs
[2024-06-15T02:08:40.041+0000] {logging_mixin.py:188} INFO - [2024-06-15T02:08:40.041+0000] {dag.py:3954} INFO - Setting next_dagrun for example_subdag_operator.section-1 to None, run_after=None
[2024-06-15T02:08:40.042+0000] {logging_mixin.py:188} INFO - [2024-06-15T02:08:40.042+0000] {dag.py:3954} INFO - Setting next_dagrun for example_subdag_operator.section-2 to None, run_after=None
[2024-06-15T02:08:40.051+0000] {processor.py:183} INFO - Processing /home/airflow/.local/lib/python3.12/site-packages/airflow/example_dags/example_subdag_operator.py took 0.081 seconds
[2024-06-15T02:09:10.390+0000] {processor.py:161} INFO - Started process (PID=614) to work on /home/airflow/.local/lib/python3.12/site-packages/airflow/example_dags/example_subdag_operator.py
[2024-06-15T02:09:10.391+0000] {processor.py:830} INFO - Processing file /home/airflow/.local/lib/python3.12/site-packages/airflow/example_dags/example_subdag_operator.py for tasks to queue
[2024-06-15T02:09:10.393+0000] {logging_mixin.py:188} INFO - [2024-06-15T02:09:10.392+0000] {dagbag.py:545} INFO - Filling up the DagBag from /home/airflow/.local/lib/python3.12/site-packages/airflow/example_dags/example_subdag_operator.py
[2024-06-15T02:09:10.412+0000] {processor.py:840} INFO - DAG(s) 'example_subdag_operator.section-1', 'example_subdag_operator.section-2', 'example_subdag_operator' retrieved from /home/airflow/.local/lib/python3.12/site-packages/airflow/example_dags/example_subdag_operator.py
[2024-06-15T02:09:10.427+0000] {logging_mixin.py:188} INFO - [2024-06-15T02:09:10.427+0000] {dag.py:3096} INFO - Sync 3 DAGs
[2024-06-15T02:09:10.446+0000] {logging_mixin.py:188} INFO - [2024-06-15T02:09:10.446+0000] {dag.py:3954} INFO - Setting next_dagrun for example_subdag_operator to 2022-01-01 00:00:00+00:00, run_after=2022-01-01 00:00:00+00:00
[2024-06-15T02:09:10.450+0000] {logging_mixin.py:188} INFO - [2024-06-15T02:09:10.450+0000] {dag.py:3954} INFO - Setting next_dagrun for example_subdag_operator.section-1 to None, run_after=None
[2024-06-15T02:09:10.451+0000] {logging_mixin.py:188} INFO - [2024-06-15T02:09:10.451+0000] {dag.py:3954} INFO - Setting next_dagrun for example_subdag_operator.section-2 to None, run_after=None
[2024-06-15T02:09:10.457+0000] {logging_mixin.py:188} INFO - [2024-06-15T02:09:10.457+0000] {dag.py:3096} INFO - Sync 2 DAGs
[2024-06-15T02:09:10.463+0000] {logging_mixin.py:188} INFO - [2024-06-15T02:09:10.462+0000] {dag.py:3954} INFO - Setting next_dagrun for example_subdag_operator.section-1 to None, run_after=None
[2024-06-15T02:09:10.463+0000] {logging_mixin.py:188} INFO - [2024-06-15T02:09:10.463+0000] {dag.py:3954} INFO - Setting next_dagrun for example_subdag_operator.section-2 to None, run_after=None
[2024-06-15T02:09:10.473+0000] {processor.py:183} INFO - Processing /home/airflow/.local/lib/python3.12/site-packages/airflow/example_dags/example_subdag_operator.py took 0.087 seconds
[2024-06-15T02:09:40.564+0000] {processor.py:161} INFO - Started process (PID=672) to work on /home/airflow/.local/lib/python3.12/site-packages/airflow/example_dags/example_subdag_operator.py
[2024-06-15T02:09:40.565+0000] {processor.py:830} INFO - Processing file /home/airflow/.local/lib/python3.12/site-packages/airflow/example_dags/example_subdag_operator.py for tasks to queue
[2024-06-15T02:09:40.566+0000] {logging_mixin.py:188} INFO - [2024-06-15T02:09:40.566+0000] {dagbag.py:545} INFO - Filling up the DagBag from /home/airflow/.local/lib/python3.12/site-packages/airflow/example_dags/example_subdag_operator.py
[2024-06-15T02:09:40.584+0000] {processor.py:840} INFO - DAG(s) 'example_subdag_operator.section-1', 'example_subdag_operator.section-2', 'example_subdag_operator' retrieved from /home/airflow/.local/lib/python3.12/site-packages/airflow/example_dags/example_subdag_operator.py
[2024-06-15T02:09:40.598+0000] {logging_mixin.py:188} INFO - [2024-06-15T02:09:40.597+0000] {dag.py:3096} INFO - Sync 3 DAGs
[2024-06-15T02:09:40.622+0000] {logging_mixin.py:188} INFO - [2024-06-15T02:09:40.621+0000] {dag.py:3954} INFO - Setting next_dagrun for example_subdag_operator to 2022-01-01 00:00:00+00:00, run_after=2022-01-01 00:00:00+00:00
[2024-06-15T02:09:40.625+0000] {logging_mixin.py:188} INFO - [2024-06-15T02:09:40.625+0000] {dag.py:3954} INFO - Setting next_dagrun for example_subdag_operator.section-1 to None, run_after=None
[2024-06-15T02:09:40.627+0000] {logging_mixin.py:188} INFO - [2024-06-15T02:09:40.626+0000] {dag.py:3954} INFO - Setting next_dagrun for example_subdag_operator.section-2 to None, run_after=None
[2024-06-15T02:09:40.633+0000] {logging_mixin.py:188} INFO - [2024-06-15T02:09:40.633+0000] {dag.py:3096} INFO - Sync 2 DAGs
[2024-06-15T02:09:40.638+0000] {logging_mixin.py:188} INFO - [2024-06-15T02:09:40.638+0000] {dag.py:3954} INFO - Setting next_dagrun for example_subdag_operator.section-1 to None, run_after=None
[2024-06-15T02:09:40.638+0000] {logging_mixin.py:188} INFO - [2024-06-15T02:09:40.638+0000] {dag.py:3954} INFO - Setting next_dagrun for example_subdag_operator.section-2 to None, run_after=None
[2024-06-15T02:09:40.647+0000] {processor.py:183} INFO - Processing /home/airflow/.local/lib/python3.12/site-packages/airflow/example_dags/example_subdag_operator.py took 0.087 seconds
[2024-06-15T02:10:10.755+0000] {processor.py:161} INFO - Started process (PID=731) to work on /home/airflow/.local/lib/python3.12/site-packages/airflow/example_dags/example_subdag_operator.py
[2024-06-15T02:10:10.756+0000] {processor.py:830} INFO - Processing file /home/airflow/.local/lib/python3.12/site-packages/airflow/example_dags/example_subdag_operator.py for tasks to queue
[2024-06-15T02:10:10.758+0000] {logging_mixin.py:188} INFO - [2024-06-15T02:10:10.757+0000] {dagbag.py:545} INFO - Filling up the DagBag from /home/airflow/.local/lib/python3.12/site-packages/airflow/example_dags/example_subdag_operator.py
[2024-06-15T02:10:10.776+0000] {processor.py:840} INFO - DAG(s) 'example_subdag_operator.section-1', 'example_subdag_operator.section-2', 'example_subdag_operator' retrieved from /home/airflow/.local/lib/python3.12/site-packages/airflow/example_dags/example_subdag_operator.py
[2024-06-15T02:10:10.791+0000] {logging_mixin.py:188} INFO - [2024-06-15T02:10:10.791+0000] {dag.py:3096} INFO - Sync 3 DAGs
[2024-06-15T02:10:10.809+0000] {logging_mixin.py:188} INFO - [2024-06-15T02:10:10.809+0000] {dag.py:3954} INFO - Setting next_dagrun for example_subdag_operator to 2022-01-01 00:00:00+00:00, run_after=2022-01-01 00:00:00+00:00
[2024-06-15T02:10:10.812+0000] {logging_mixin.py:188} INFO - [2024-06-15T02:10:10.812+0000] {dag.py:3954} INFO - Setting next_dagrun for example_subdag_operator.section-1 to None, run_after=None
[2024-06-15T02:10:10.813+0000] {logging_mixin.py:188} INFO - [2024-06-15T02:10:10.813+0000] {dag.py:3954} INFO - Setting next_dagrun for example_subdag_operator.section-2 to None, run_after=None
[2024-06-15T02:10:10.819+0000] {logging_mixin.py:188} INFO - [2024-06-15T02:10:10.819+0000] {dag.py:3096} INFO - Sync 2 DAGs
[2024-06-15T02:10:10.824+0000] {logging_mixin.py:188} INFO - [2024-06-15T02:10:10.824+0000] {dag.py:3954} INFO - Setting next_dagrun for example_subdag_operator.section-1 to None, run_after=None
[2024-06-15T02:10:10.825+0000] {logging_mixin.py:188} INFO - [2024-06-15T02:10:10.824+0000] {dag.py:3954} INFO - Setting next_dagrun for example_subdag_operator.section-2 to None, run_after=None
[2024-06-15T02:10:10.833+0000] {processor.py:183} INFO - Processing /home/airflow/.local/lib/python3.12/site-packages/airflow/example_dags/example_subdag_operator.py took 0.082 seconds
[2024-06-15T02:10:41.228+0000] {processor.py:161} INFO - Started process (PID=788) to work on /home/airflow/.local/lib/python3.12/site-packages/airflow/example_dags/example_subdag_operator.py
[2024-06-15T02:10:41.229+0000] {processor.py:830} INFO - Processing file /home/airflow/.local/lib/python3.12/site-packages/airflow/example_dags/example_subdag_operator.py for tasks to queue
[2024-06-15T02:10:41.230+0000] {logging_mixin.py:188} INFO - [2024-06-15T02:10:41.230+0000] {dagbag.py:545} INFO - Filling up the DagBag from /home/airflow/.local/lib/python3.12/site-packages/airflow/example_dags/example_subdag_operator.py
[2024-06-15T02:10:41.249+0000] {processor.py:840} INFO - DAG(s) 'example_subdag_operator.section-1', 'example_subdag_operator.section-2', 'example_subdag_operator' retrieved from /home/airflow/.local/lib/python3.12/site-packages/airflow/example_dags/example_subdag_operator.py
[2024-06-15T02:10:41.267+0000] {logging_mixin.py:188} INFO - [2024-06-15T02:10:41.266+0000] {dag.py:3096} INFO - Sync 3 DAGs
[2024-06-15T02:10:41.286+0000] {logging_mixin.py:188} INFO - [2024-06-15T02:10:41.286+0000] {dag.py:3954} INFO - Setting next_dagrun for example_subdag_operator to 2022-01-01 00:00:00+00:00, run_after=2022-01-01 00:00:00+00:00
[2024-06-15T02:10:41.290+0000] {logging_mixin.py:188} INFO - [2024-06-15T02:10:41.290+0000] {dag.py:3954} INFO - Setting next_dagrun for example_subdag_operator.section-1 to None, run_after=None
[2024-06-15T02:10:41.291+0000] {logging_mixin.py:188} INFO - [2024-06-15T02:10:41.291+0000] {dag.py:3954} INFO - Setting next_dagrun for example_subdag_operator.section-2 to None, run_after=None
[2024-06-15T02:10:41.298+0000] {logging_mixin.py:188} INFO - [2024-06-15T02:10:41.297+0000] {dag.py:3096} INFO - Sync 2 DAGs
[2024-06-15T02:10:41.302+0000] {logging_mixin.py:188} INFO - [2024-06-15T02:10:41.302+0000] {dag.py:3954} INFO - Setting next_dagrun for example_subdag_operator.section-1 to None, run_after=None
[2024-06-15T02:10:41.302+0000] {logging_mixin.py:188} INFO - [2024-06-15T02:10:41.302+0000] {dag.py:3954} INFO - Setting next_dagrun for example_subdag_operator.section-2 to None, run_after=None
[2024-06-15T02:10:41.311+0000] {processor.py:183} INFO - Processing /home/airflow/.local/lib/python3.12/site-packages/airflow/example_dags/example_subdag_operator.py took 0.088 seconds
[2024-06-15T02:11:11.812+0000] {processor.py:161} INFO - Started process (PID=846) to work on /home/airflow/.local/lib/python3.12/site-packages/airflow/example_dags/example_subdag_operator.py
[2024-06-15T02:11:11.813+0000] {processor.py:830} INFO - Processing file /home/airflow/.local/lib/python3.12/site-packages/airflow/example_dags/example_subdag_operator.py for tasks to queue
[2024-06-15T02:11:11.814+0000] {logging_mixin.py:188} INFO - [2024-06-15T02:11:11.814+0000] {dagbag.py:545} INFO - Filling up the DagBag from /home/airflow/.local/lib/python3.12/site-packages/airflow/example_dags/example_subdag_operator.py
[2024-06-15T02:11:11.835+0000] {processor.py:840} INFO - DAG(s) 'example_subdag_operator.section-1', 'example_subdag_operator.section-2', 'example_subdag_operator' retrieved from /home/airflow/.local/lib/python3.12/site-packages/airflow/example_dags/example_subdag_operator.py
[2024-06-15T02:11:11.852+0000] {logging_mixin.py:188} INFO - [2024-06-15T02:11:11.851+0000] {dag.py:3096} INFO - Sync 3 DAGs
[2024-06-15T02:11:11.872+0000] {logging_mixin.py:188} INFO - [2024-06-15T02:11:11.872+0000] {dag.py:3954} INFO - Setting next_dagrun for example_subdag_operator to 2022-01-01 00:00:00+00:00, run_after=2022-01-01 00:00:00+00:00
[2024-06-15T02:11:11.876+0000] {logging_mixin.py:188} INFO - [2024-06-15T02:11:11.876+0000] {dag.py:3954} INFO - Setting next_dagrun for example_subdag_operator.section-1 to None, run_after=None
[2024-06-15T02:11:11.877+0000] {logging_mixin.py:188} INFO - [2024-06-15T02:11:11.877+0000] {dag.py:3954} INFO - Setting next_dagrun for example_subdag_operator.section-2 to None, run_after=None
[2024-06-15T02:11:11.884+0000] {logging_mixin.py:188} INFO - [2024-06-15T02:11:11.884+0000] {dag.py:3096} INFO - Sync 2 DAGs
[2024-06-15T02:11:11.889+0000] {logging_mixin.py:188} INFO - [2024-06-15T02:11:11.889+0000] {dag.py:3954} INFO - Setting next_dagrun for example_subdag_operator.section-1 to None, run_after=None
[2024-06-15T02:11:11.890+0000] {logging_mixin.py:188} INFO - [2024-06-15T02:11:11.890+0000] {dag.py:3954} INFO - Setting next_dagrun for example_subdag_operator.section-2 to None, run_after=None
[2024-06-15T02:11:11.899+0000] {processor.py:183} INFO - Processing /home/airflow/.local/lib/python3.12/site-packages/airflow/example_dags/example_subdag_operator.py took 0.091 seconds
[2024-06-15T02:11:42.198+0000] {processor.py:161} INFO - Started process (PID=904) to work on /home/airflow/.local/lib/python3.12/site-packages/airflow/example_dags/example_subdag_operator.py
[2024-06-15T02:11:42.199+0000] {processor.py:830} INFO - Processing file /home/airflow/.local/lib/python3.12/site-packages/airflow/example_dags/example_subdag_operator.py for tasks to queue
[2024-06-15T02:11:42.201+0000] {logging_mixin.py:188} INFO - [2024-06-15T02:11:42.201+0000] {dagbag.py:545} INFO - Filling up the DagBag from /home/airflow/.local/lib/python3.12/site-packages/airflow/example_dags/example_subdag_operator.py
[2024-06-15T02:11:42.225+0000] {processor.py:840} INFO - DAG(s) 'example_subdag_operator.section-1', 'example_subdag_operator.section-2', 'example_subdag_operator' retrieved from /home/airflow/.local/lib/python3.12/site-packages/airflow/example_dags/example_subdag_operator.py
[2024-06-15T02:11:42.244+0000] {logging_mixin.py:188} INFO - [2024-06-15T02:11:42.243+0000] {dag.py:3096} INFO - Sync 3 DAGs
[2024-06-15T02:11:42.282+0000] {logging_mixin.py:188} INFO - [2024-06-15T02:11:42.281+0000] {dag.py:3954} INFO - Setting next_dagrun for example_subdag_operator to 2022-01-01 00:00:00+00:00, run_after=2022-01-01 00:00:00+00:00
[2024-06-15T02:11:42.286+0000] {logging_mixin.py:188} INFO - [2024-06-15T02:11:42.286+0000] {dag.py:3954} INFO - Setting next_dagrun for example_subdag_operator.section-1 to None, run_after=None
[2024-06-15T02:11:42.288+0000] {logging_mixin.py:188} INFO - [2024-06-15T02:11:42.288+0000] {dag.py:3954} INFO - Setting next_dagrun for example_subdag_operator.section-2 to None, run_after=None
[2024-06-15T02:11:42.305+0000] {logging_mixin.py:188} INFO - [2024-06-15T02:11:42.305+0000] {dag.py:3096} INFO - Sync 2 DAGs
[2024-06-15T02:11:42.313+0000] {logging_mixin.py:188} INFO - [2024-06-15T02:11:42.312+0000] {dag.py:3954} INFO - Setting next_dagrun for example_subdag_operator.section-1 to None, run_after=None
[2024-06-15T02:11:42.313+0000] {logging_mixin.py:188} INFO - [2024-06-15T02:11:42.313+0000] {dag.py:3954} INFO - Setting next_dagrun for example_subdag_operator.section-2 to None, run_after=None
[2024-06-15T02:11:42.329+0000] {processor.py:183} INFO - Processing /home/airflow/.local/lib/python3.12/site-packages/airflow/example_dags/example_subdag_operator.py took 0.136 seconds
[2024-06-15T02:12:12.789+0000] {processor.py:161} INFO - Started process (PID=962) to work on /home/airflow/.local/lib/python3.12/site-packages/airflow/example_dags/example_subdag_operator.py
[2024-06-15T02:12:12.789+0000] {processor.py:830} INFO - Processing file /home/airflow/.local/lib/python3.12/site-packages/airflow/example_dags/example_subdag_operator.py for tasks to queue
[2024-06-15T02:12:12.791+0000] {logging_mixin.py:188} INFO - [2024-06-15T02:12:12.791+0000] {dagbag.py:545} INFO - Filling up the DagBag from /home/airflow/.local/lib/python3.12/site-packages/airflow/example_dags/example_subdag_operator.py
[2024-06-15T02:12:12.809+0000] {processor.py:840} INFO - DAG(s) 'example_subdag_operator.section-1', 'example_subdag_operator.section-2', 'example_subdag_operator' retrieved from /home/airflow/.local/lib/python3.12/site-packages/airflow/example_dags/example_subdag_operator.py
[2024-06-15T02:12:12.828+0000] {logging_mixin.py:188} INFO - [2024-06-15T02:12:12.827+0000] {dag.py:3096} INFO - Sync 3 DAGs
[2024-06-15T02:12:12.849+0000] {logging_mixin.py:188} INFO - [2024-06-15T02:12:12.849+0000] {dag.py:3954} INFO - Setting next_dagrun for example_subdag_operator to 2022-01-01 00:00:00+00:00, run_after=2022-01-01 00:00:00+00:00
[2024-06-15T02:12:12.854+0000] {logging_mixin.py:188} INFO - [2024-06-15T02:12:12.853+0000] {dag.py:3954} INFO - Setting next_dagrun for example_subdag_operator.section-1 to None, run_after=None
[2024-06-15T02:12:12.855+0000] {logging_mixin.py:188} INFO - [2024-06-15T02:12:12.855+0000] {dag.py:3954} INFO - Setting next_dagrun for example_subdag_operator.section-2 to None, run_after=None
[2024-06-15T02:12:12.863+0000] {logging_mixin.py:188} INFO - [2024-06-15T02:12:12.863+0000] {dag.py:3096} INFO - Sync 2 DAGs
[2024-06-15T02:12:12.868+0000] {logging_mixin.py:188} INFO - [2024-06-15T02:12:12.868+0000] {dag.py:3954} INFO - Setting next_dagrun for example_subdag_operator.section-1 to None, run_after=None
[2024-06-15T02:12:12.869+0000] {logging_mixin.py:188} INFO - [2024-06-15T02:12:12.869+0000] {dag.py:3954} INFO - Setting next_dagrun for example_subdag_operator.section-2 to None, run_after=None
[2024-06-15T02:12:12.879+0000] {processor.py:183} INFO - Processing /home/airflow/.local/lib/python3.12/site-packages/airflow/example_dags/example_subdag_operator.py took 0.094 seconds
[2024-06-15T02:12:43.242+0000] {processor.py:161} INFO - Started process (PID=1020) to work on /home/airflow/.local/lib/python3.12/site-packages/airflow/example_dags/example_subdag_operator.py
[2024-06-15T02:12:43.243+0000] {processor.py:830} INFO - Processing file /home/airflow/.local/lib/python3.12/site-packages/airflow/example_dags/example_subdag_operator.py for tasks to queue
[2024-06-15T02:12:43.244+0000] {logging_mixin.py:188} INFO - [2024-06-15T02:12:43.244+0000] {dagbag.py:545} INFO - Filling up the DagBag from /home/airflow/.local/lib/python3.12/site-packages/airflow/example_dags/example_subdag_operator.py
[2024-06-15T02:12:43.262+0000] {processor.py:840} INFO - DAG(s) 'example_subdag_operator.section-1', 'example_subdag_operator.section-2', 'example_subdag_operator' retrieved from /home/airflow/.local/lib/python3.12/site-packages/airflow/example_dags/example_subdag_operator.py
[2024-06-15T02:12:43.276+0000] {logging_mixin.py:188} INFO - [2024-06-15T02:12:43.276+0000] {dag.py:3096} INFO - Sync 3 DAGs
[2024-06-15T02:12:43.293+0000] {logging_mixin.py:188} INFO - [2024-06-15T02:12:43.293+0000] {dag.py:3954} INFO - Setting next_dagrun for example_subdag_operator to 2022-01-01 00:00:00+00:00, run_after=2022-01-01 00:00:00+00:00
[2024-06-15T02:12:43.297+0000] {logging_mixin.py:188} INFO - [2024-06-15T02:12:43.296+0000] {dag.py:3954} INFO - Setting next_dagrun for example_subdag_operator.section-1 to None, run_after=None
[2024-06-15T02:12:43.298+0000] {logging_mixin.py:188} INFO - [2024-06-15T02:12:43.298+0000] {dag.py:3954} INFO - Setting next_dagrun for example_subdag_operator.section-2 to None, run_after=None
[2024-06-15T02:12:43.304+0000] {logging_mixin.py:188} INFO - [2024-06-15T02:12:43.303+0000] {dag.py:3096} INFO - Sync 2 DAGs
[2024-06-15T02:12:43.307+0000] {logging_mixin.py:188} INFO - [2024-06-15T02:12:43.307+0000] {dag.py:3954} INFO - Setting next_dagrun for example_subdag_operator.section-1 to None, run_after=None
[2024-06-15T02:12:43.308+0000] {logging_mixin.py:188} INFO - [2024-06-15T02:12:43.308+0000] {dag.py:3954} INFO - Setting next_dagrun for example_subdag_operator.section-2 to None, run_after=None
[2024-06-15T02:12:43.317+0000] {processor.py:183} INFO - Processing /home/airflow/.local/lib/python3.12/site-packages/airflow/example_dags/example_subdag_operator.py took 0.079 seconds
[2024-06-15T02:13:13.633+0000] {processor.py:161} INFO - Started process (PID=1078) to work on /home/airflow/.local/lib/python3.12/site-packages/airflow/example_dags/example_subdag_operator.py
[2024-06-15T02:13:13.634+0000] {processor.py:830} INFO - Processing file /home/airflow/.local/lib/python3.12/site-packages/airflow/example_dags/example_subdag_operator.py for tasks to queue
[2024-06-15T02:13:13.635+0000] {logging_mixin.py:188} INFO - [2024-06-15T02:13:13.635+0000] {dagbag.py:545} INFO - Filling up the DagBag from /home/airflow/.local/lib/python3.12/site-packages/airflow/example_dags/example_subdag_operator.py
[2024-06-15T02:13:13.653+0000] {processor.py:840} INFO - DAG(s) 'example_subdag_operator.section-1', 'example_subdag_operator.section-2', 'example_subdag_operator' retrieved from /home/airflow/.local/lib/python3.12/site-packages/airflow/example_dags/example_subdag_operator.py
[2024-06-15T02:13:13.668+0000] {logging_mixin.py:188} INFO - [2024-06-15T02:13:13.668+0000] {dag.py:3096} INFO - Sync 3 DAGs
[2024-06-15T02:13:13.688+0000] {logging_mixin.py:188} INFO - [2024-06-15T02:13:13.688+0000] {dag.py:3954} INFO - Setting next_dagrun for example_subdag_operator to 2022-01-01 00:00:00+00:00, run_after=2022-01-01 00:00:00+00:00
[2024-06-15T02:13:13.691+0000] {logging_mixin.py:188} INFO - [2024-06-15T02:13:13.691+0000] {dag.py:3954} INFO - Setting next_dagrun for example_subdag_operator.section-1 to None, run_after=None
[2024-06-15T02:13:13.692+0000] {logging_mixin.py:188} INFO - [2024-06-15T02:13:13.692+0000] {dag.py:3954} INFO - Setting next_dagrun for example_subdag_operator.section-2 to None, run_after=None
[2024-06-15T02:13:13.698+0000] {logging_mixin.py:188} INFO - [2024-06-15T02:13:13.697+0000] {dag.py:3096} INFO - Sync 2 DAGs
[2024-06-15T02:13:13.702+0000] {logging_mixin.py:188} INFO - [2024-06-15T02:13:13.702+0000] {dag.py:3954} INFO - Setting next_dagrun for example_subdag_operator.section-1 to None, run_after=None
[2024-06-15T02:13:13.703+0000] {logging_mixin.py:188} INFO - [2024-06-15T02:13:13.702+0000] {dag.py:3954} INFO - Setting next_dagrun for example_subdag_operator.section-2 to None, run_after=None
[2024-06-15T02:13:13.711+0000] {processor.py:183} INFO - Processing /home/airflow/.local/lib/python3.12/site-packages/airflow/example_dags/example_subdag_operator.py took 0.082 seconds
[2024-06-15T02:13:43.985+0000] {processor.py:161} INFO - Started process (PID=1136) to work on /home/airflow/.local/lib/python3.12/site-packages/airflow/example_dags/example_subdag_operator.py
[2024-06-15T02:13:43.986+0000] {processor.py:830} INFO - Processing file /home/airflow/.local/lib/python3.12/site-packages/airflow/example_dags/example_subdag_operator.py for tasks to queue
[2024-06-15T02:13:43.987+0000] {logging_mixin.py:188} INFO - [2024-06-15T02:13:43.987+0000] {dagbag.py:545} INFO - Filling up the DagBag from /home/airflow/.local/lib/python3.12/site-packages/airflow/example_dags/example_subdag_operator.py
[2024-06-15T02:13:44.004+0000] {processor.py:840} INFO - DAG(s) 'example_subdag_operator.section-1', 'example_subdag_operator.section-2', 'example_subdag_operator' retrieved from /home/airflow/.local/lib/python3.12/site-packages/airflow/example_dags/example_subdag_operator.py
[2024-06-15T02:13:44.018+0000] {logging_mixin.py:188} INFO - [2024-06-15T02:13:44.018+0000] {dag.py:3096} INFO - Sync 3 DAGs
[2024-06-15T02:13:44.037+0000] {logging_mixin.py:188} INFO - [2024-06-15T02:13:44.037+0000] {dag.py:3954} INFO - Setting next_dagrun for example_subdag_operator to 2022-01-01 00:00:00+00:00, run_after=2022-01-01 00:00:00+00:00
[2024-06-15T02:13:44.040+0000] {logging_mixin.py:188} INFO - [2024-06-15T02:13:44.040+0000] {dag.py:3954} INFO - Setting next_dagrun for example_subdag_operator.section-1 to None, run_after=None
[2024-06-15T02:13:44.041+0000] {logging_mixin.py:188} INFO - [2024-06-15T02:13:44.041+0000] {dag.py:3954} INFO - Setting next_dagrun for example_subdag_operator.section-2 to None, run_after=None
[2024-06-15T02:13:44.046+0000] {logging_mixin.py:188} INFO - [2024-06-15T02:13:44.046+0000] {dag.py:3096} INFO - Sync 2 DAGs
[2024-06-15T02:13:44.051+0000] {logging_mixin.py:188} INFO - [2024-06-15T02:13:44.051+0000] {dag.py:3954} INFO - Setting next_dagrun for example_subdag_operator.section-1 to None, run_after=None
[2024-06-15T02:13:44.051+0000] {logging_mixin.py:188} INFO - [2024-06-15T02:13:44.051+0000] {dag.py:3954} INFO - Setting next_dagrun for example_subdag_operator.section-2 to None, run_after=None
[2024-06-15T02:13:44.061+0000] {processor.py:183} INFO - Processing /home/airflow/.local/lib/python3.12/site-packages/airflow/example_dags/example_subdag_operator.py took 0.079 seconds
[2024-06-15T02:14:14.314+0000] {processor.py:161} INFO - Started process (PID=1194) to work on /home/airflow/.local/lib/python3.12/site-packages/airflow/example_dags/example_subdag_operator.py
[2024-06-15T02:14:14.314+0000] {processor.py:830} INFO - Processing file /home/airflow/.local/lib/python3.12/site-packages/airflow/example_dags/example_subdag_operator.py for tasks to queue
[2024-06-15T02:14:14.316+0000] {logging_mixin.py:188} INFO - [2024-06-15T02:14:14.316+0000] {dagbag.py:545} INFO - Filling up the DagBag from /home/airflow/.local/lib/python3.12/site-packages/airflow/example_dags/example_subdag_operator.py
[2024-06-15T02:14:14.334+0000] {processor.py:840} INFO - DAG(s) 'example_subdag_operator.section-1', 'example_subdag_operator.section-2', 'example_subdag_operator' retrieved from /home/airflow/.local/lib/python3.12/site-packages/airflow/example_dags/example_subdag_operator.py
[2024-06-15T02:14:14.349+0000] {logging_mixin.py:188} INFO - [2024-06-15T02:14:14.349+0000] {dag.py:3096} INFO - Sync 3 DAGs
[2024-06-15T02:14:14.369+0000] {logging_mixin.py:188} INFO - [2024-06-15T02:14:14.368+0000] {dag.py:3954} INFO - Setting next_dagrun for example_subdag_operator to 2022-01-01 00:00:00+00:00, run_after=2022-01-01 00:00:00+00:00
[2024-06-15T02:14:14.372+0000] {logging_mixin.py:188} INFO - [2024-06-15T02:14:14.372+0000] {dag.py:3954} INFO - Setting next_dagrun for example_subdag_operator.section-1 to None, run_after=None
[2024-06-15T02:14:14.374+0000] {logging_mixin.py:188} INFO - [2024-06-15T02:14:14.373+0000] {dag.py:3954} INFO - Setting next_dagrun for example_subdag_operator.section-2 to None, run_after=None
[2024-06-15T02:14:14.379+0000] {logging_mixin.py:188} INFO - [2024-06-15T02:14:14.379+0000] {dag.py:3096} INFO - Sync 2 DAGs
[2024-06-15T02:14:14.384+0000] {logging_mixin.py:188} INFO - [2024-06-15T02:14:14.384+0000] {dag.py:3954} INFO - Setting next_dagrun for example_subdag_operator.section-1 to None, run_after=None
[2024-06-15T02:14:14.384+0000] {logging_mixin.py:188} INFO - [2024-06-15T02:14:14.384+0000] {dag.py:3954} INFO - Setting next_dagrun for example_subdag_operator.section-2 to None, run_after=None
[2024-06-15T02:14:14.393+0000] {processor.py:183} INFO - Processing /home/airflow/.local/lib/python3.12/site-packages/airflow/example_dags/example_subdag_operator.py took 0.083 seconds
[2024-06-15T02:14:44.618+0000] {processor.py:161} INFO - Started process (PID=1252) to work on /home/airflow/.local/lib/python3.12/site-packages/airflow/example_dags/example_subdag_operator.py
[2024-06-15T02:14:44.619+0000] {processor.py:830} INFO - Processing file /home/airflow/.local/lib/python3.12/site-packages/airflow/example_dags/example_subdag_operator.py for tasks to queue
[2024-06-15T02:14:44.620+0000] {logging_mixin.py:188} INFO - [2024-06-15T02:14:44.620+0000] {dagbag.py:545} INFO - Filling up the DagBag from /home/airflow/.local/lib/python3.12/site-packages/airflow/example_dags/example_subdag_operator.py
[2024-06-15T02:14:44.639+0000] {processor.py:840} INFO - DAG(s) 'example_subdag_operator.section-1', 'example_subdag_operator.section-2', 'example_subdag_operator' retrieved from /home/airflow/.local/lib/python3.12/site-packages/airflow/example_dags/example_subdag_operator.py
[2024-06-15T02:14:44.651+0000] {logging_mixin.py:188} INFO - [2024-06-15T02:14:44.651+0000] {dag.py:3096} INFO - Sync 3 DAGs
[2024-06-15T02:14:44.672+0000] {logging_mixin.py:188} INFO - [2024-06-15T02:14:44.672+0000] {dag.py:3954} INFO - Setting next_dagrun for example_subdag_operator to 2022-01-01 00:00:00+00:00, run_after=2022-01-01 00:00:00+00:00
[2024-06-15T02:14:44.675+0000] {logging_mixin.py:188} INFO - [2024-06-15T02:14:44.675+0000] {dag.py:3954} INFO - Setting next_dagrun for example_subdag_operator.section-1 to None, run_after=None
[2024-06-15T02:14:44.676+0000] {logging_mixin.py:188} INFO - [2024-06-15T02:14:44.676+0000] {dag.py:3954} INFO - Setting next_dagrun for example_subdag_operator.section-2 to None, run_after=None
[2024-06-15T02:14:44.682+0000] {logging_mixin.py:188} INFO - [2024-06-15T02:14:44.682+0000] {dag.py:3096} INFO - Sync 2 DAGs
[2024-06-15T02:14:44.687+0000] {logging_mixin.py:188} INFO - [2024-06-15T02:14:44.687+0000] {dag.py:3954} INFO - Setting next_dagrun for example_subdag_operator.section-1 to None, run_after=None
[2024-06-15T02:14:44.688+0000] {logging_mixin.py:188} INFO - [2024-06-15T02:14:44.688+0000] {dag.py:3954} INFO - Setting next_dagrun for example_subdag_operator.section-2 to None, run_after=None
[2024-06-15T02:14:44.697+0000] {processor.py:183} INFO - Processing /home/airflow/.local/lib/python3.12/site-packages/airflow/example_dags/example_subdag_operator.py took 0.083 seconds
[2024-06-15T02:15:15.079+0000] {processor.py:161} INFO - Started process (PID=1310) to work on /home/airflow/.local/lib/python3.12/site-packages/airflow/example_dags/example_subdag_operator.py
[2024-06-15T02:15:15.079+0000] {processor.py:830} INFO - Processing file /home/airflow/.local/lib/python3.12/site-packages/airflow/example_dags/example_subdag_operator.py for tasks to queue
[2024-06-15T02:15:15.081+0000] {logging_mixin.py:188} INFO - [2024-06-15T02:15:15.080+0000] {dagbag.py:545} INFO - Filling up the DagBag from /home/airflow/.local/lib/python3.12/site-packages/airflow/example_dags/example_subdag_operator.py
[2024-06-15T02:15:15.098+0000] {processor.py:840} INFO - DAG(s) 'example_subdag_operator.section-1', 'example_subdag_operator.section-2', 'example_subdag_operator' retrieved from /home/airflow/.local/lib/python3.12/site-packages/airflow/example_dags/example_subdag_operator.py
[2024-06-15T02:15:15.112+0000] {logging_mixin.py:188} INFO - [2024-06-15T02:15:15.112+0000] {dag.py:3096} INFO - Sync 3 DAGs
[2024-06-15T02:15:15.132+0000] {logging_mixin.py:188} INFO - [2024-06-15T02:15:15.131+0000] {dag.py:3954} INFO - Setting next_dagrun for example_subdag_operator to 2022-01-01 00:00:00+00:00, run_after=2022-01-01 00:00:00+00:00
[2024-06-15T02:15:15.135+0000] {logging_mixin.py:188} INFO - [2024-06-15T02:15:15.135+0000] {dag.py:3954} INFO - Setting next_dagrun for example_subdag_operator.section-1 to None, run_after=None
[2024-06-15T02:15:15.136+0000] {logging_mixin.py:188} INFO - [2024-06-15T02:15:15.136+0000] {dag.py:3954} INFO - Setting next_dagrun for example_subdag_operator.section-2 to None, run_after=None
[2024-06-15T02:15:15.141+0000] {logging_mixin.py:188} INFO - [2024-06-15T02:15:15.141+0000] {dag.py:3096} INFO - Sync 2 DAGs
[2024-06-15T02:15:15.146+0000] {logging_mixin.py:188} INFO - [2024-06-15T02:15:15.146+0000] {dag.py:3954} INFO - Setting next_dagrun for example_subdag_operator.section-1 to None, run_after=None
[2024-06-15T02:15:15.147+0000] {logging_mixin.py:188} INFO - [2024-06-15T02:15:15.147+0000] {dag.py:3954} INFO - Setting next_dagrun for example_subdag_operator.section-2 to None, run_after=None
[2024-06-15T02:15:15.156+0000] {processor.py:183} INFO - Processing /home/airflow/.local/lib/python3.12/site-packages/airflow/example_dags/example_subdag_operator.py took 0.083 seconds
[2024-06-15T02:15:45.324+0000] {processor.py:161} INFO - Started process (PID=1368) to work on /home/airflow/.local/lib/python3.12/site-packages/airflow/example_dags/example_subdag_operator.py
[2024-06-15T02:15:45.325+0000] {processor.py:830} INFO - Processing file /home/airflow/.local/lib/python3.12/site-packages/airflow/example_dags/example_subdag_operator.py for tasks to queue
[2024-06-15T02:15:45.326+0000] {logging_mixin.py:188} INFO - [2024-06-15T02:15:45.326+0000] {dagbag.py:545} INFO - Filling up the DagBag from /home/airflow/.local/lib/python3.12/site-packages/airflow/example_dags/example_subdag_operator.py
[2024-06-15T02:15:45.344+0000] {processor.py:840} INFO - DAG(s) 'example_subdag_operator.section-1', 'example_subdag_operator.section-2', 'example_subdag_operator' retrieved from /home/airflow/.local/lib/python3.12/site-packages/airflow/example_dags/example_subdag_operator.py
[2024-06-15T02:15:45.357+0000] {logging_mixin.py:188} INFO - [2024-06-15T02:15:45.357+0000] {dag.py:3096} INFO - Sync 3 DAGs
[2024-06-15T02:15:45.377+0000] {logging_mixin.py:188} INFO - [2024-06-15T02:15:45.376+0000] {dag.py:3954} INFO - Setting next_dagrun for example_subdag_operator to 2022-01-01 00:00:00+00:00, run_after=2022-01-01 00:00:00+00:00
[2024-06-15T02:15:45.380+0000] {logging_mixin.py:188} INFO - [2024-06-15T02:15:45.380+0000] {dag.py:3954} INFO - Setting next_dagrun for example_subdag_operator.section-1 to None, run_after=None
[2024-06-15T02:15:45.381+0000] {logging_mixin.py:188} INFO - [2024-06-15T02:15:45.381+0000] {dag.py:3954} INFO - Setting next_dagrun for example_subdag_operator.section-2 to None, run_after=None
[2024-06-15T02:15:45.387+0000] {logging_mixin.py:188} INFO - [2024-06-15T02:15:45.386+0000] {dag.py:3096} INFO - Sync 2 DAGs
[2024-06-15T02:15:45.391+0000] {logging_mixin.py:188} INFO - [2024-06-15T02:15:45.391+0000] {dag.py:3954} INFO - Setting next_dagrun for example_subdag_operator.section-1 to None, run_after=None
[2024-06-15T02:15:45.392+0000] {logging_mixin.py:188} INFO - [2024-06-15T02:15:45.392+0000] {dag.py:3954} INFO - Setting next_dagrun for example_subdag_operator.section-2 to None, run_after=None
[2024-06-15T02:15:45.400+0000] {processor.py:183} INFO - Processing /home/airflow/.local/lib/python3.12/site-packages/airflow/example_dags/example_subdag_operator.py took 0.080 seconds
[2024-06-15T02:16:15.543+0000] {processor.py:161} INFO - Started process (PID=1426) to work on /home/airflow/.local/lib/python3.12/site-packages/airflow/example_dags/example_subdag_operator.py
[2024-06-15T02:16:15.543+0000] {processor.py:830} INFO - Processing file /home/airflow/.local/lib/python3.12/site-packages/airflow/example_dags/example_subdag_operator.py for tasks to queue
[2024-06-15T02:16:15.545+0000] {logging_mixin.py:188} INFO - [2024-06-15T02:16:15.545+0000] {dagbag.py:545} INFO - Filling up the DagBag from /home/airflow/.local/lib/python3.12/site-packages/airflow/example_dags/example_subdag_operator.py
[2024-06-15T02:16:15.563+0000] {processor.py:840} INFO - DAG(s) 'example_subdag_operator.section-1', 'example_subdag_operator.section-2', 'example_subdag_operator' retrieved from /home/airflow/.local/lib/python3.12/site-packages/airflow/example_dags/example_subdag_operator.py
[2024-06-15T02:16:15.578+0000] {logging_mixin.py:188} INFO - [2024-06-15T02:16:15.578+0000] {dag.py:3096} INFO - Sync 3 DAGs
[2024-06-15T02:16:15.599+0000] {logging_mixin.py:188} INFO - [2024-06-15T02:16:15.599+0000] {dag.py:3954} INFO - Setting next_dagrun for example_subdag_operator to 2022-01-01 00:00:00+00:00, run_after=2022-01-01 00:00:00+00:00
[2024-06-15T02:16:15.603+0000] {logging_mixin.py:188} INFO - [2024-06-15T02:16:15.602+0000] {dag.py:3954} INFO - Setting next_dagrun for example_subdag_operator.section-1 to None, run_after=None
[2024-06-15T02:16:15.604+0000] {logging_mixin.py:188} INFO - [2024-06-15T02:16:15.604+0000] {dag.py:3954} INFO - Setting next_dagrun for example_subdag_operator.section-2 to None, run_after=None
[2024-06-15T02:16:15.610+0000] {logging_mixin.py:188} INFO - [2024-06-15T02:16:15.610+0000] {dag.py:3096} INFO - Sync 2 DAGs
[2024-06-15T02:16:15.614+0000] {logging_mixin.py:188} INFO - [2024-06-15T02:16:15.614+0000] {dag.py:3954} INFO - Setting next_dagrun for example_subdag_operator.section-1 to None, run_after=None
[2024-06-15T02:16:15.615+0000] {logging_mixin.py:188} INFO - [2024-06-15T02:16:15.615+0000] {dag.py:3954} INFO - Setting next_dagrun for example_subdag_operator.section-2 to None, run_after=None
[2024-06-15T02:16:15.645+0000] {processor.py:183} INFO - Processing /home/airflow/.local/lib/python3.12/site-packages/airflow/example_dags/example_subdag_operator.py took 0.107 seconds
[2024-06-15T02:16:46.184+0000] {processor.py:161} INFO - Started process (PID=1484) to work on /home/airflow/.local/lib/python3.12/site-packages/airflow/example_dags/example_subdag_operator.py
[2024-06-15T02:16:46.184+0000] {processor.py:830} INFO - Processing file /home/airflow/.local/lib/python3.12/site-packages/airflow/example_dags/example_subdag_operator.py for tasks to queue
[2024-06-15T02:16:46.186+0000] {logging_mixin.py:188} INFO - [2024-06-15T02:16:46.186+0000] {dagbag.py:545} INFO - Filling up the DagBag from /home/airflow/.local/lib/python3.12/site-packages/airflow/example_dags/example_subdag_operator.py
[2024-06-15T02:16:46.204+0000] {processor.py:840} INFO - DAG(s) 'example_subdag_operator.section-1', 'example_subdag_operator.section-2', 'example_subdag_operator' retrieved from /home/airflow/.local/lib/python3.12/site-packages/airflow/example_dags/example_subdag_operator.py
[2024-06-15T02:16:46.218+0000] {logging_mixin.py:188} INFO - [2024-06-15T02:16:46.217+0000] {dag.py:3096} INFO - Sync 3 DAGs
[2024-06-15T02:16:46.236+0000] {logging_mixin.py:188} INFO - [2024-06-15T02:16:46.236+0000] {dag.py:3954} INFO - Setting next_dagrun for example_subdag_operator to 2022-01-01 00:00:00+00:00, run_after=2022-01-01 00:00:00+00:00
[2024-06-15T02:16:46.239+0000] {logging_mixin.py:188} INFO - [2024-06-15T02:16:46.239+0000] {dag.py:3954} INFO - Setting next_dagrun for example_subdag_operator.section-1 to None, run_after=None
[2024-06-15T02:16:46.240+0000] {logging_mixin.py:188} INFO - [2024-06-15T02:16:46.240+0000] {dag.py:3954} INFO - Setting next_dagrun for example_subdag_operator.section-2 to None, run_after=None
[2024-06-15T02:16:46.246+0000] {logging_mixin.py:188} INFO - [2024-06-15T02:16:46.245+0000] {dag.py:3096} INFO - Sync 2 DAGs
[2024-06-15T02:16:46.250+0000] {logging_mixin.py:188} INFO - [2024-06-15T02:16:46.250+0000] {dag.py:3954} INFO - Setting next_dagrun for example_subdag_operator.section-1 to None, run_after=None
[2024-06-15T02:16:46.250+0000] {logging_mixin.py:188} INFO - [2024-06-15T02:16:46.250+0000] {dag.py:3954} INFO - Setting next_dagrun for example_subdag_operator.section-2 to None, run_after=None
[2024-06-15T02:16:46.259+0000] {processor.py:183} INFO - Processing /home/airflow/.local/lib/python3.12/site-packages/airflow/example_dags/example_subdag_operator.py took 0.079 seconds
[2024-06-15T02:17:16.639+0000] {processor.py:161} INFO - Started process (PID=1542) to work on /home/airflow/.local/lib/python3.12/site-packages/airflow/example_dags/example_subdag_operator.py
[2024-06-15T02:17:16.640+0000] {processor.py:830} INFO - Processing file /home/airflow/.local/lib/python3.12/site-packages/airflow/example_dags/example_subdag_operator.py for tasks to queue
[2024-06-15T02:17:16.642+0000] {logging_mixin.py:188} INFO - [2024-06-15T02:17:16.642+0000] {dagbag.py:545} INFO - Filling up the DagBag from /home/airflow/.local/lib/python3.12/site-packages/airflow/example_dags/example_subdag_operator.py
[2024-06-15T02:17:16.662+0000] {processor.py:840} INFO - DAG(s) 'example_subdag_operator.section-1', 'example_subdag_operator.section-2', 'example_subdag_operator' retrieved from /home/airflow/.local/lib/python3.12/site-packages/airflow/example_dags/example_subdag_operator.py
[2024-06-15T02:17:16.677+0000] {logging_mixin.py:188} INFO - [2024-06-15T02:17:16.677+0000] {dag.py:3096} INFO - Sync 3 DAGs
[2024-06-15T02:17:16.697+0000] {logging_mixin.py:188} INFO - [2024-06-15T02:17:16.697+0000] {dag.py:3954} INFO - Setting next_dagrun for example_subdag_operator to 2022-01-01 00:00:00+00:00, run_after=2022-01-01 00:00:00+00:00
[2024-06-15T02:17:16.701+0000] {logging_mixin.py:188} INFO - [2024-06-15T02:17:16.701+0000] {dag.py:3954} INFO - Setting next_dagrun for example_subdag_operator.section-1 to None, run_after=None
[2024-06-15T02:17:16.703+0000] {logging_mixin.py:188} INFO - [2024-06-15T02:17:16.703+0000] {dag.py:3954} INFO - Setting next_dagrun for example_subdag_operator.section-2 to None, run_after=None
[2024-06-15T02:17:16.710+0000] {logging_mixin.py:188} INFO - [2024-06-15T02:17:16.710+0000] {dag.py:3096} INFO - Sync 2 DAGs
[2024-06-15T02:17:16.714+0000] {logging_mixin.py:188} INFO - [2024-06-15T02:17:16.714+0000] {dag.py:3954} INFO - Setting next_dagrun for example_subdag_operator.section-1 to None, run_after=None
[2024-06-15T02:17:16.715+0000] {logging_mixin.py:188} INFO - [2024-06-15T02:17:16.714+0000] {dag.py:3954} INFO - Setting next_dagrun for example_subdag_operator.section-2 to None, run_after=None
[2024-06-15T02:17:16.723+0000] {processor.py:183} INFO - Processing /home/airflow/.local/lib/python3.12/site-packages/airflow/example_dags/example_subdag_operator.py took 0.088 seconds
[2024-06-15T02:17:47.009+0000] {processor.py:161} INFO - Started process (PID=1600) to work on /home/airflow/.local/lib/python3.12/site-packages/airflow/example_dags/example_subdag_operator.py
[2024-06-15T02:17:47.010+0000] {processor.py:830} INFO - Processing file /home/airflow/.local/lib/python3.12/site-packages/airflow/example_dags/example_subdag_operator.py for tasks to queue
[2024-06-15T02:17:47.011+0000] {logging_mixin.py:188} INFO - [2024-06-15T02:17:47.011+0000] {dagbag.py:545} INFO - Filling up the DagBag from /home/airflow/.local/lib/python3.12/site-packages/airflow/example_dags/example_subdag_operator.py
[2024-06-15T02:17:47.030+0000] {processor.py:840} INFO - DAG(s) 'example_subdag_operator.section-1', 'example_subdag_operator.section-2', 'example_subdag_operator' retrieved from /home/airflow/.local/lib/python3.12/site-packages/airflow/example_dags/example_subdag_operator.py
[2024-06-15T02:17:47.049+0000] {logging_mixin.py:188} INFO - [2024-06-15T02:17:47.049+0000] {dag.py:3096} INFO - Sync 3 DAGs
[2024-06-15T02:17:47.074+0000] {logging_mixin.py:188} INFO - [2024-06-15T02:17:47.074+0000] {dag.py:3954} INFO - Setting next_dagrun for example_subdag_operator to 2022-01-01 00:00:00+00:00, run_after=2022-01-01 00:00:00+00:00
[2024-06-15T02:17:47.078+0000] {logging_mixin.py:188} INFO - [2024-06-15T02:17:47.078+0000] {dag.py:3954} INFO - Setting next_dagrun for example_subdag_operator.section-1 to None, run_after=None
[2024-06-15T02:17:47.083+0000] {logging_mixin.py:188} INFO - [2024-06-15T02:17:47.082+0000] {dag.py:3954} INFO - Setting next_dagrun for example_subdag_operator.section-2 to None, run_after=None
[2024-06-15T02:17:47.092+0000] {logging_mixin.py:188} INFO - [2024-06-15T02:17:47.092+0000] {dag.py:3096} INFO - Sync 2 DAGs
[2024-06-15T02:17:47.096+0000] {logging_mixin.py:188} INFO - [2024-06-15T02:17:47.096+0000] {dag.py:3954} INFO - Setting next_dagrun for example_subdag_operator.section-1 to None, run_after=None
[2024-06-15T02:17:47.097+0000] {logging_mixin.py:188} INFO - [2024-06-15T02:17:47.097+0000] {dag.py:3954} INFO - Setting next_dagrun for example_subdag_operator.section-2 to None, run_after=None
[2024-06-15T02:17:47.106+0000] {processor.py:183} INFO - Processing /home/airflow/.local/lib/python3.12/site-packages/airflow/example_dags/example_subdag_operator.py took 0.101 seconds
[2024-06-15T02:18:17.359+0000] {processor.py:161} INFO - Started process (PID=1658) to work on /home/airflow/.local/lib/python3.12/site-packages/airflow/example_dags/example_subdag_operator.py
[2024-06-15T02:18:17.360+0000] {processor.py:830} INFO - Processing file /home/airflow/.local/lib/python3.12/site-packages/airflow/example_dags/example_subdag_operator.py for tasks to queue
[2024-06-15T02:18:17.362+0000] {logging_mixin.py:188} INFO - [2024-06-15T02:18:17.361+0000] {dagbag.py:545} INFO - Filling up the DagBag from /home/airflow/.local/lib/python3.12/site-packages/airflow/example_dags/example_subdag_operator.py
[2024-06-15T02:18:17.384+0000] {processor.py:840} INFO - DAG(s) 'example_subdag_operator.section-1', 'example_subdag_operator.section-2', 'example_subdag_operator' retrieved from /home/airflow/.local/lib/python3.12/site-packages/airflow/example_dags/example_subdag_operator.py
[2024-06-15T02:18:17.398+0000] {logging_mixin.py:188} INFO - [2024-06-15T02:18:17.398+0000] {dag.py:3096} INFO - Sync 3 DAGs
[2024-06-15T02:18:17.417+0000] {logging_mixin.py:188} INFO - [2024-06-15T02:18:17.417+0000] {dag.py:3954} INFO - Setting next_dagrun for example_subdag_operator to 2022-01-01 00:00:00+00:00, run_after=2022-01-01 00:00:00+00:00
[2024-06-15T02:18:17.421+0000] {logging_mixin.py:188} INFO - [2024-06-15T02:18:17.421+0000] {dag.py:3954} INFO - Setting next_dagrun for example_subdag_operator.section-1 to None, run_after=None
[2024-06-15T02:18:17.422+0000] {logging_mixin.py:188} INFO - [2024-06-15T02:18:17.422+0000] {dag.py:3954} INFO - Setting next_dagrun for example_subdag_operator.section-2 to None, run_after=None
[2024-06-15T02:18:17.537+0000] {logging_mixin.py:188} INFO - [2024-06-15T02:18:17.536+0000] {dag.py:3096} INFO - Sync 2 DAGs
[2024-06-15T02:18:17.541+0000] {logging_mixin.py:188} INFO - [2024-06-15T02:18:17.541+0000] {dag.py:3954} INFO - Setting next_dagrun for example_subdag_operator.section-1 to None, run_after=None
[2024-06-15T02:18:17.542+0000] {logging_mixin.py:188} INFO - [2024-06-15T02:18:17.541+0000] {dag.py:3954} INFO - Setting next_dagrun for example_subdag_operator.section-2 to None, run_after=None
[2024-06-15T02:18:17.550+0000] {processor.py:183} INFO - Processing /home/airflow/.local/lib/python3.12/site-packages/airflow/example_dags/example_subdag_operator.py took 0.195 seconds
[2024-06-15T02:18:47.830+0000] {processor.py:161} INFO - Started process (PID=1716) to work on /home/airflow/.local/lib/python3.12/site-packages/airflow/example_dags/example_subdag_operator.py
[2024-06-15T02:18:47.831+0000] {processor.py:830} INFO - Processing file /home/airflow/.local/lib/python3.12/site-packages/airflow/example_dags/example_subdag_operator.py for tasks to queue
[2024-06-15T02:18:47.833+0000] {logging_mixin.py:188} INFO - [2024-06-15T02:18:47.833+0000] {dagbag.py:545} INFO - Filling up the DagBag from /home/airflow/.local/lib/python3.12/site-packages/airflow/example_dags/example_subdag_operator.py
[2024-06-15T02:18:47.851+0000] {processor.py:840} INFO - DAG(s) 'example_subdag_operator.section-1', 'example_subdag_operator.section-2', 'example_subdag_operator' retrieved from /home/airflow/.local/lib/python3.12/site-packages/airflow/example_dags/example_subdag_operator.py
[2024-06-15T02:18:47.866+0000] {logging_mixin.py:188} INFO - [2024-06-15T02:18:47.866+0000] {dag.py:3096} INFO - Sync 3 DAGs
[2024-06-15T02:18:47.885+0000] {logging_mixin.py:188} INFO - [2024-06-15T02:18:47.884+0000] {dag.py:3954} INFO - Setting next_dagrun for example_subdag_operator to 2022-01-01 00:00:00+00:00, run_after=2022-01-01 00:00:00+00:00
[2024-06-15T02:18:47.891+0000] {logging_mixin.py:188} INFO - [2024-06-15T02:18:47.891+0000] {dag.py:3954} INFO - Setting next_dagrun for example_subdag_operator.section-1 to None, run_after=None
[2024-06-15T02:18:47.895+0000] {logging_mixin.py:188} INFO - [2024-06-15T02:18:47.894+0000] {dag.py:3954} INFO - Setting next_dagrun for example_subdag_operator.section-2 to None, run_after=None
[2024-06-15T02:18:47.904+0000] {logging_mixin.py:188} INFO - [2024-06-15T02:18:47.903+0000] {dag.py:3096} INFO - Sync 2 DAGs
[2024-06-15T02:18:47.910+0000] {logging_mixin.py:188} INFO - [2024-06-15T02:18:47.910+0000] {dag.py:3954} INFO - Setting next_dagrun for example_subdag_operator.section-1 to None, run_after=None
[2024-06-15T02:18:47.911+0000] {logging_mixin.py:188} INFO - [2024-06-15T02:18:47.911+0000] {dag.py:3954} INFO - Setting next_dagrun for example_subdag_operator.section-2 to None, run_after=None
[2024-06-15T02:18:48.042+0000] {processor.py:183} INFO - Processing /home/airflow/.local/lib/python3.12/site-packages/airflow/example_dags/example_subdag_operator.py took 0.216 seconds
[2024-06-15T02:19:18.434+0000] {processor.py:161} INFO - Started process (PID=1774) to work on /home/airflow/.local/lib/python3.12/site-packages/airflow/example_dags/example_subdag_operator.py
[2024-06-15T02:19:18.434+0000] {processor.py:830} INFO - Processing file /home/airflow/.local/lib/python3.12/site-packages/airflow/example_dags/example_subdag_operator.py for tasks to queue
[2024-06-15T02:19:18.436+0000] {logging_mixin.py:188} INFO - [2024-06-15T02:19:18.436+0000] {dagbag.py:545} INFO - Filling up the DagBag from /home/airflow/.local/lib/python3.12/site-packages/airflow/example_dags/example_subdag_operator.py
[2024-06-15T02:19:18.454+0000] {processor.py:840} INFO - DAG(s) 'example_subdag_operator.section-1', 'example_subdag_operator.section-2', 'example_subdag_operator' retrieved from /home/airflow/.local/lib/python3.12/site-packages/airflow/example_dags/example_subdag_operator.py
[2024-06-15T02:19:18.467+0000] {logging_mixin.py:188} INFO - [2024-06-15T02:19:18.466+0000] {dag.py:3096} INFO - Sync 3 DAGs
[2024-06-15T02:19:18.485+0000] {logging_mixin.py:188} INFO - [2024-06-15T02:19:18.485+0000] {dag.py:3954} INFO - Setting next_dagrun for example_subdag_operator to 2022-01-01 00:00:00+00:00, run_after=2022-01-01 00:00:00+00:00
[2024-06-15T02:19:18.488+0000] {logging_mixin.py:188} INFO - [2024-06-15T02:19:18.488+0000] {dag.py:3954} INFO - Setting next_dagrun for example_subdag_operator.section-1 to None, run_after=None
[2024-06-15T02:19:18.490+0000] {logging_mixin.py:188} INFO - [2024-06-15T02:19:18.489+0000] {dag.py:3954} INFO - Setting next_dagrun for example_subdag_operator.section-2 to None, run_after=None
[2024-06-15T02:19:18.496+0000] {logging_mixin.py:188} INFO - [2024-06-15T02:19:18.496+0000] {dag.py:3096} INFO - Sync 2 DAGs
[2024-06-15T02:19:18.500+0000] {logging_mixin.py:188} INFO - [2024-06-15T02:19:18.500+0000] {dag.py:3954} INFO - Setting next_dagrun for example_subdag_operator.section-1 to None, run_after=None
[2024-06-15T02:19:18.501+0000] {logging_mixin.py:188} INFO - [2024-06-15T02:19:18.501+0000] {dag.py:3954} INFO - Setting next_dagrun for example_subdag_operator.section-2 to None, run_after=None
[2024-06-15T02:19:18.509+0000] {processor.py:183} INFO - Processing /home/airflow/.local/lib/python3.12/site-packages/airflow/example_dags/example_subdag_operator.py took 0.080 seconds
[2024-06-15T02:19:48.622+0000] {processor.py:161} INFO - Started process (PID=1832) to work on /home/airflow/.local/lib/python3.12/site-packages/airflow/example_dags/example_subdag_operator.py
[2024-06-15T02:19:48.623+0000] {processor.py:830} INFO - Processing file /home/airflow/.local/lib/python3.12/site-packages/airflow/example_dags/example_subdag_operator.py for tasks to queue
[2024-06-15T02:19:48.624+0000] {logging_mixin.py:188} INFO - [2024-06-15T02:19:48.624+0000] {dagbag.py:545} INFO - Filling up the DagBag from /home/airflow/.local/lib/python3.12/site-packages/airflow/example_dags/example_subdag_operator.py
[2024-06-15T02:19:48.643+0000] {processor.py:840} INFO - DAG(s) 'example_subdag_operator.section-1', 'example_subdag_operator.section-2', 'example_subdag_operator' retrieved from /home/airflow/.local/lib/python3.12/site-packages/airflow/example_dags/example_subdag_operator.py
[2024-06-15T02:19:48.655+0000] {logging_mixin.py:188} INFO - [2024-06-15T02:19:48.655+0000] {dag.py:3096} INFO - Sync 3 DAGs
[2024-06-15T02:19:48.672+0000] {logging_mixin.py:188} INFO - [2024-06-15T02:19:48.672+0000] {dag.py:3954} INFO - Setting next_dagrun for example_subdag_operator to 2022-01-01 00:00:00+00:00, run_after=2022-01-01 00:00:00+00:00
[2024-06-15T02:19:48.675+0000] {logging_mixin.py:188} INFO - [2024-06-15T02:19:48.675+0000] {dag.py:3954} INFO - Setting next_dagrun for example_subdag_operator.section-1 to None, run_after=None
[2024-06-15T02:19:48.677+0000] {logging_mixin.py:188} INFO - [2024-06-15T02:19:48.676+0000] {dag.py:3954} INFO - Setting next_dagrun for example_subdag_operator.section-2 to None, run_after=None
[2024-06-15T02:19:48.683+0000] {logging_mixin.py:188} INFO - [2024-06-15T02:19:48.682+0000] {dag.py:3096} INFO - Sync 2 DAGs
[2024-06-15T02:19:48.687+0000] {logging_mixin.py:188} INFO - [2024-06-15T02:19:48.687+0000] {dag.py:3954} INFO - Setting next_dagrun for example_subdag_operator.section-1 to None, run_after=None
[2024-06-15T02:19:48.687+0000] {logging_mixin.py:188} INFO - [2024-06-15T02:19:48.687+0000] {dag.py:3954} INFO - Setting next_dagrun for example_subdag_operator.section-2 to None, run_after=None
[2024-06-15T02:19:48.697+0000] {processor.py:183} INFO - Processing /home/airflow/.local/lib/python3.12/site-packages/airflow/example_dags/example_subdag_operator.py took 0.079 seconds
[2024-06-15T02:20:18.864+0000] {processor.py:161} INFO - Started process (PID=1890) to work on /home/airflow/.local/lib/python3.12/site-packages/airflow/example_dags/example_subdag_operator.py
[2024-06-15T02:20:18.865+0000] {processor.py:830} INFO - Processing file /home/airflow/.local/lib/python3.12/site-packages/airflow/example_dags/example_subdag_operator.py for tasks to queue
[2024-06-15T02:20:18.866+0000] {logging_mixin.py:188} INFO - [2024-06-15T02:20:18.866+0000] {dagbag.py:545} INFO - Filling up the DagBag from /home/airflow/.local/lib/python3.12/site-packages/airflow/example_dags/example_subdag_operator.py
[2024-06-15T02:20:18.886+0000] {processor.py:840} INFO - DAG(s) 'example_subdag_operator.section-1', 'example_subdag_operator.section-2', 'example_subdag_operator' retrieved from /home/airflow/.local/lib/python3.12/site-packages/airflow/example_dags/example_subdag_operator.py
[2024-06-15T02:20:18.899+0000] {logging_mixin.py:188} INFO - [2024-06-15T02:20:18.898+0000] {dag.py:3096} INFO - Sync 3 DAGs
[2024-06-15T02:20:18.916+0000] {logging_mixin.py:188} INFO - [2024-06-15T02:20:18.916+0000] {dag.py:3954} INFO - Setting next_dagrun for example_subdag_operator to 2022-01-01 00:00:00+00:00, run_after=2022-01-01 00:00:00+00:00
[2024-06-15T02:20:18.919+0000] {logging_mixin.py:188} INFO - [2024-06-15T02:20:18.919+0000] {dag.py:3954} INFO - Setting next_dagrun for example_subdag_operator.section-1 to None, run_after=None
[2024-06-15T02:20:18.920+0000] {logging_mixin.py:188} INFO - [2024-06-15T02:20:18.920+0000] {dag.py:3954} INFO - Setting next_dagrun for example_subdag_operator.section-2 to None, run_after=None
[2024-06-15T02:20:18.926+0000] {logging_mixin.py:188} INFO - [2024-06-15T02:20:18.926+0000] {dag.py:3096} INFO - Sync 2 DAGs
[2024-06-15T02:20:18.930+0000] {logging_mixin.py:188} INFO - [2024-06-15T02:20:18.930+0000] {dag.py:3954} INFO - Setting next_dagrun for example_subdag_operator.section-1 to None, run_after=None
[2024-06-15T02:20:18.930+0000] {logging_mixin.py:188} INFO - [2024-06-15T02:20:18.930+0000] {dag.py:3954} INFO - Setting next_dagrun for example_subdag_operator.section-2 to None, run_after=None
[2024-06-15T02:20:18.939+0000] {processor.py:183} INFO - Processing /home/airflow/.local/lib/python3.12/site-packages/airflow/example_dags/example_subdag_operator.py took 0.081 seconds
[2024-06-15T02:20:49.163+0000] {processor.py:161} INFO - Started process (PID=1948) to work on /home/airflow/.local/lib/python3.12/site-packages/airflow/example_dags/example_subdag_operator.py
[2024-06-15T02:20:49.164+0000] {processor.py:830} INFO - Processing file /home/airflow/.local/lib/python3.12/site-packages/airflow/example_dags/example_subdag_operator.py for tasks to queue
[2024-06-15T02:20:49.166+0000] {logging_mixin.py:188} INFO - [2024-06-15T02:20:49.165+0000] {dagbag.py:545} INFO - Filling up the DagBag from /home/airflow/.local/lib/python3.12/site-packages/airflow/example_dags/example_subdag_operator.py
[2024-06-15T02:20:49.185+0000] {processor.py:840} INFO - DAG(s) 'example_subdag_operator.section-1', 'example_subdag_operator.section-2', 'example_subdag_operator' retrieved from /home/airflow/.local/lib/python3.12/site-packages/airflow/example_dags/example_subdag_operator.py
[2024-06-15T02:20:49.199+0000] {logging_mixin.py:188} INFO - [2024-06-15T02:20:49.198+0000] {dag.py:3096} INFO - Sync 3 DAGs
[2024-06-15T02:20:49.215+0000] {logging_mixin.py:188} INFO - [2024-06-15T02:20:49.215+0000] {dag.py:3954} INFO - Setting next_dagrun for example_subdag_operator to 2022-01-01 00:00:00+00:00, run_after=2022-01-01 00:00:00+00:00
[2024-06-15T02:20:49.219+0000] {logging_mixin.py:188} INFO - [2024-06-15T02:20:49.218+0000] {dag.py:3954} INFO - Setting next_dagrun for example_subdag_operator.section-1 to None, run_after=None
[2024-06-15T02:20:49.220+0000] {logging_mixin.py:188} INFO - [2024-06-15T02:20:49.219+0000] {dag.py:3954} INFO - Setting next_dagrun for example_subdag_operator.section-2 to None, run_after=None
[2024-06-15T02:20:49.225+0000] {logging_mixin.py:188} INFO - [2024-06-15T02:20:49.225+0000] {dag.py:3096} INFO - Sync 2 DAGs
[2024-06-15T02:20:49.231+0000] {logging_mixin.py:188} INFO - [2024-06-15T02:20:49.231+0000] {dag.py:3954} INFO - Setting next_dagrun for example_subdag_operator.section-1 to None, run_after=None
[2024-06-15T02:20:49.232+0000] {logging_mixin.py:188} INFO - [2024-06-15T02:20:49.232+0000] {dag.py:3954} INFO - Setting next_dagrun for example_subdag_operator.section-2 to None, run_after=None
[2024-06-15T02:20:49.240+0000] {processor.py:183} INFO - Processing /home/airflow/.local/lib/python3.12/site-packages/airflow/example_dags/example_subdag_operator.py took 0.081 seconds
[2024-06-15T02:21:19.624+0000] {processor.py:161} INFO - Started process (PID=2006) to work on /home/airflow/.local/lib/python3.12/site-packages/airflow/example_dags/example_subdag_operator.py
[2024-06-15T02:21:19.625+0000] {processor.py:830} INFO - Processing file /home/airflow/.local/lib/python3.12/site-packages/airflow/example_dags/example_subdag_operator.py for tasks to queue
[2024-06-15T02:21:19.627+0000] {logging_mixin.py:188} INFO - [2024-06-15T02:21:19.627+0000] {dagbag.py:545} INFO - Filling up the DagBag from /home/airflow/.local/lib/python3.12/site-packages/airflow/example_dags/example_subdag_operator.py
[2024-06-15T02:21:19.648+0000] {processor.py:840} INFO - DAG(s) 'example_subdag_operator.section-1', 'example_subdag_operator.section-2', 'example_subdag_operator' retrieved from /home/airflow/.local/lib/python3.12/site-packages/airflow/example_dags/example_subdag_operator.py
[2024-06-15T02:21:19.664+0000] {logging_mixin.py:188} INFO - [2024-06-15T02:21:19.664+0000] {dag.py:3096} INFO - Sync 3 DAGs
[2024-06-15T02:21:19.684+0000] {logging_mixin.py:188} INFO - [2024-06-15T02:21:19.683+0000] {dag.py:3954} INFO - Setting next_dagrun for example_subdag_operator to 2022-01-01 00:00:00+00:00, run_after=2022-01-01 00:00:00+00:00
[2024-06-15T02:21:19.686+0000] {logging_mixin.py:188} INFO - [2024-06-15T02:21:19.686+0000] {dag.py:3954} INFO - Setting next_dagrun for example_subdag_operator.section-1 to None, run_after=None
[2024-06-15T02:21:19.688+0000] {logging_mixin.py:188} INFO - [2024-06-15T02:21:19.687+0000] {dag.py:3954} INFO - Setting next_dagrun for example_subdag_operator.section-2 to None, run_after=None
[2024-06-15T02:21:19.693+0000] {logging_mixin.py:188} INFO - [2024-06-15T02:21:19.693+0000] {dag.py:3096} INFO - Sync 2 DAGs
[2024-06-15T02:21:19.698+0000] {logging_mixin.py:188} INFO - [2024-06-15T02:21:19.698+0000] {dag.py:3954} INFO - Setting next_dagrun for example_subdag_operator.section-1 to None, run_after=None
[2024-06-15T02:21:19.699+0000] {logging_mixin.py:188} INFO - [2024-06-15T02:21:19.699+0000] {dag.py:3954} INFO - Setting next_dagrun for example_subdag_operator.section-2 to None, run_after=None
[2024-06-15T02:21:19.709+0000] {processor.py:183} INFO - Processing /home/airflow/.local/lib/python3.12/site-packages/airflow/example_dags/example_subdag_operator.py took 0.089 seconds
[2024-06-15T02:21:49.913+0000] {processor.py:161} INFO - Started process (PID=2064) to work on /home/airflow/.local/lib/python3.12/site-packages/airflow/example_dags/example_subdag_operator.py
[2024-06-15T02:21:49.913+0000] {processor.py:830} INFO - Processing file /home/airflow/.local/lib/python3.12/site-packages/airflow/example_dags/example_subdag_operator.py for tasks to queue
[2024-06-15T02:21:49.915+0000] {logging_mixin.py:188} INFO - [2024-06-15T02:21:49.915+0000] {dagbag.py:545} INFO - Filling up the DagBag from /home/airflow/.local/lib/python3.12/site-packages/airflow/example_dags/example_subdag_operator.py
[2024-06-15T02:21:49.933+0000] {processor.py:840} INFO - DAG(s) 'example_subdag_operator.section-1', 'example_subdag_operator.section-2', 'example_subdag_operator' retrieved from /home/airflow/.local/lib/python3.12/site-packages/airflow/example_dags/example_subdag_operator.py
[2024-06-15T02:21:49.947+0000] {logging_mixin.py:188} INFO - [2024-06-15T02:21:49.946+0000] {dag.py:3096} INFO - Sync 3 DAGs
[2024-06-15T02:21:49.964+0000] {logging_mixin.py:188} INFO - [2024-06-15T02:21:49.964+0000] {dag.py:3954} INFO - Setting next_dagrun for example_subdag_operator to 2022-01-01 00:00:00+00:00, run_after=2022-01-01 00:00:00+00:00
[2024-06-15T02:21:49.967+0000] {logging_mixin.py:188} INFO - [2024-06-15T02:21:49.967+0000] {dag.py:3954} INFO - Setting next_dagrun for example_subdag_operator.section-1 to None, run_after=None
[2024-06-15T02:21:49.968+0000] {logging_mixin.py:188} INFO - [2024-06-15T02:21:49.968+0000] {dag.py:3954} INFO - Setting next_dagrun for example_subdag_operator.section-2 to None, run_after=None
[2024-06-15T02:21:49.974+0000] {logging_mixin.py:188} INFO - [2024-06-15T02:21:49.974+0000] {dag.py:3096} INFO - Sync 2 DAGs
[2024-06-15T02:21:49.978+0000] {logging_mixin.py:188} INFO - [2024-06-15T02:21:49.978+0000] {dag.py:3954} INFO - Setting next_dagrun for example_subdag_operator.section-1 to None, run_after=None
[2024-06-15T02:21:49.979+0000] {logging_mixin.py:188} INFO - [2024-06-15T02:21:49.979+0000] {dag.py:3954} INFO - Setting next_dagrun for example_subdag_operator.section-2 to None, run_after=None
[2024-06-15T02:21:49.988+0000] {processor.py:183} INFO - Processing /home/airflow/.local/lib/python3.12/site-packages/airflow/example_dags/example_subdag_operator.py took 0.079 seconds
[2024-06-15T02:22:20.549+0000] {processor.py:161} INFO - Started process (PID=2122) to work on /home/airflow/.local/lib/python3.12/site-packages/airflow/example_dags/example_subdag_operator.py
[2024-06-15T02:22:20.550+0000] {processor.py:830} INFO - Processing file /home/airflow/.local/lib/python3.12/site-packages/airflow/example_dags/example_subdag_operator.py for tasks to queue
[2024-06-15T02:22:20.552+0000] {logging_mixin.py:188} INFO - [2024-06-15T02:22:20.551+0000] {dagbag.py:545} INFO - Filling up the DagBag from /home/airflow/.local/lib/python3.12/site-packages/airflow/example_dags/example_subdag_operator.py
[2024-06-15T02:22:20.569+0000] {processor.py:840} INFO - DAG(s) 'example_subdag_operator.section-1', 'example_subdag_operator.section-2', 'example_subdag_operator' retrieved from /home/airflow/.local/lib/python3.12/site-packages/airflow/example_dags/example_subdag_operator.py
[2024-06-15T02:22:20.583+0000] {logging_mixin.py:188} INFO - [2024-06-15T02:22:20.583+0000] {dag.py:3096} INFO - Sync 3 DAGs
[2024-06-15T02:22:20.599+0000] {logging_mixin.py:188} INFO - [2024-06-15T02:22:20.599+0000] {dag.py:3954} INFO - Setting next_dagrun for example_subdag_operator to 2022-01-01 00:00:00+00:00, run_after=2022-01-01 00:00:00+00:00
[2024-06-15T02:22:20.602+0000] {logging_mixin.py:188} INFO - [2024-06-15T02:22:20.602+0000] {dag.py:3954} INFO - Setting next_dagrun for example_subdag_operator.section-1 to None, run_after=None
[2024-06-15T02:22:20.603+0000] {logging_mixin.py:188} INFO - [2024-06-15T02:22:20.603+0000] {dag.py:3954} INFO - Setting next_dagrun for example_subdag_operator.section-2 to None, run_after=None
[2024-06-15T02:22:20.609+0000] {logging_mixin.py:188} INFO - [2024-06-15T02:22:20.609+0000] {dag.py:3096} INFO - Sync 2 DAGs
[2024-06-15T02:22:20.613+0000] {logging_mixin.py:188} INFO - [2024-06-15T02:22:20.613+0000] {dag.py:3954} INFO - Setting next_dagrun for example_subdag_operator.section-1 to None, run_after=None
[2024-06-15T02:22:20.613+0000] {logging_mixin.py:188} INFO - [2024-06-15T02:22:20.613+0000] {dag.py:3954} INFO - Setting next_dagrun for example_subdag_operator.section-2 to None, run_after=None
[2024-06-15T02:22:20.622+0000] {processor.py:183} INFO - Processing /home/airflow/.local/lib/python3.12/site-packages/airflow/example_dags/example_subdag_operator.py took 0.076 seconds
[2024-06-15T02:22:50.775+0000] {processor.py:161} INFO - Started process (PID=2180) to work on /home/airflow/.local/lib/python3.12/site-packages/airflow/example_dags/example_subdag_operator.py
[2024-06-15T02:22:50.776+0000] {processor.py:830} INFO - Processing file /home/airflow/.local/lib/python3.12/site-packages/airflow/example_dags/example_subdag_operator.py for tasks to queue
[2024-06-15T02:22:50.777+0000] {logging_mixin.py:188} INFO - [2024-06-15T02:22:50.777+0000] {dagbag.py:545} INFO - Filling up the DagBag from /home/airflow/.local/lib/python3.12/site-packages/airflow/example_dags/example_subdag_operator.py
[2024-06-15T02:22:50.795+0000] {processor.py:840} INFO - DAG(s) 'example_subdag_operator.section-1', 'example_subdag_operator.section-2', 'example_subdag_operator' retrieved from /home/airflow/.local/lib/python3.12/site-packages/airflow/example_dags/example_subdag_operator.py
[2024-06-15T02:22:50.810+0000] {logging_mixin.py:188} INFO - [2024-06-15T02:22:50.810+0000] {dag.py:3096} INFO - Sync 3 DAGs
[2024-06-15T02:22:50.828+0000] {logging_mixin.py:188} INFO - [2024-06-15T02:22:50.827+0000] {dag.py:3954} INFO - Setting next_dagrun for example_subdag_operator to 2022-01-01 00:00:00+00:00, run_after=2022-01-01 00:00:00+00:00
[2024-06-15T02:22:50.831+0000] {logging_mixin.py:188} INFO - [2024-06-15T02:22:50.831+0000] {dag.py:3954} INFO - Setting next_dagrun for example_subdag_operator.section-1 to None, run_after=None
[2024-06-15T02:22:50.832+0000] {logging_mixin.py:188} INFO - [2024-06-15T02:22:50.832+0000] {dag.py:3954} INFO - Setting next_dagrun for example_subdag_operator.section-2 to None, run_after=None
[2024-06-15T02:22:50.838+0000] {logging_mixin.py:188} INFO - [2024-06-15T02:22:50.838+0000] {dag.py:3096} INFO - Sync 2 DAGs
[2024-06-15T02:22:50.843+0000] {logging_mixin.py:188} INFO - [2024-06-15T02:22:50.842+0000] {dag.py:3954} INFO - Setting next_dagrun for example_subdag_operator.section-1 to None, run_after=None
[2024-06-15T02:22:50.843+0000] {logging_mixin.py:188} INFO - [2024-06-15T02:22:50.843+0000] {dag.py:3954} INFO - Setting next_dagrun for example_subdag_operator.section-2 to None, run_after=None
[2024-06-15T02:22:50.851+0000] {processor.py:183} INFO - Processing /home/airflow/.local/lib/python3.12/site-packages/airflow/example_dags/example_subdag_operator.py took 0.080 seconds
[2024-06-15T02:23:20.931+0000] {processor.py:161} INFO - Started process (PID=2238) to work on /home/airflow/.local/lib/python3.12/site-packages/airflow/example_dags/example_subdag_operator.py
[2024-06-15T02:23:20.932+0000] {processor.py:830} INFO - Processing file /home/airflow/.local/lib/python3.12/site-packages/airflow/example_dags/example_subdag_operator.py for tasks to queue
[2024-06-15T02:23:20.934+0000] {logging_mixin.py:188} INFO - [2024-06-15T02:23:20.933+0000] {dagbag.py:545} INFO - Filling up the DagBag from /home/airflow/.local/lib/python3.12/site-packages/airflow/example_dags/example_subdag_operator.py
[2024-06-15T02:23:20.951+0000] {processor.py:840} INFO - DAG(s) 'example_subdag_operator.section-1', 'example_subdag_operator.section-2', 'example_subdag_operator' retrieved from /home/airflow/.local/lib/python3.12/site-packages/airflow/example_dags/example_subdag_operator.py
[2024-06-15T02:23:20.966+0000] {logging_mixin.py:188} INFO - [2024-06-15T02:23:20.965+0000] {dag.py:3096} INFO - Sync 3 DAGs
[2024-06-15T02:23:20.985+0000] {logging_mixin.py:188} INFO - [2024-06-15T02:23:20.985+0000] {dag.py:3954} INFO - Setting next_dagrun for example_subdag_operator to 2022-01-01 00:00:00+00:00, run_after=2022-01-01 00:00:00+00:00
[2024-06-15T02:23:20.988+0000] {logging_mixin.py:188} INFO - [2024-06-15T02:23:20.988+0000] {dag.py:3954} INFO - Setting next_dagrun for example_subdag_operator.section-1 to None, run_after=None
[2024-06-15T02:23:20.989+0000] {logging_mixin.py:188} INFO - [2024-06-15T02:23:20.989+0000] {dag.py:3954} INFO - Setting next_dagrun for example_subdag_operator.section-2 to None, run_after=None
[2024-06-15T02:23:20.994+0000] {logging_mixin.py:188} INFO - [2024-06-15T02:23:20.994+0000] {dag.py:3096} INFO - Sync 2 DAGs
[2024-06-15T02:23:20.998+0000] {logging_mixin.py:188} INFO - [2024-06-15T02:23:20.998+0000] {dag.py:3954} INFO - Setting next_dagrun for example_subdag_operator.section-1 to None, run_after=None
[2024-06-15T02:23:20.999+0000] {logging_mixin.py:188} INFO - [2024-06-15T02:23:20.999+0000] {dag.py:3954} INFO - Setting next_dagrun for example_subdag_operator.section-2 to None, run_after=None
[2024-06-15T02:23:21.007+0000] {processor.py:183} INFO - Processing /home/airflow/.local/lib/python3.12/site-packages/airflow/example_dags/example_subdag_operator.py took 0.080 seconds
[2024-06-15T02:23:51.207+0000] {processor.py:161} INFO - Started process (PID=2296) to work on /home/airflow/.local/lib/python3.12/site-packages/airflow/example_dags/example_subdag_operator.py
[2024-06-15T02:23:51.208+0000] {processor.py:830} INFO - Processing file /home/airflow/.local/lib/python3.12/site-packages/airflow/example_dags/example_subdag_operator.py for tasks to queue
[2024-06-15T02:23:51.209+0000] {logging_mixin.py:188} INFO - [2024-06-15T02:23:51.209+0000] {dagbag.py:545} INFO - Filling up the DagBag from /home/airflow/.local/lib/python3.12/site-packages/airflow/example_dags/example_subdag_operator.py
[2024-06-15T02:23:51.227+0000] {processor.py:840} INFO - DAG(s) 'example_subdag_operator.section-1', 'example_subdag_operator.section-2', 'example_subdag_operator' retrieved from /home/airflow/.local/lib/python3.12/site-packages/airflow/example_dags/example_subdag_operator.py
[2024-06-15T02:23:51.241+0000] {logging_mixin.py:188} INFO - [2024-06-15T02:23:51.240+0000] {dag.py:3096} INFO - Sync 3 DAGs
[2024-06-15T02:23:51.259+0000] {logging_mixin.py:188} INFO - [2024-06-15T02:23:51.258+0000] {dag.py:3954} INFO - Setting next_dagrun for example_subdag_operator to 2022-01-01 00:00:00+00:00, run_after=2022-01-01 00:00:00+00:00
[2024-06-15T02:23:51.262+0000] {logging_mixin.py:188} INFO - [2024-06-15T02:23:51.262+0000] {dag.py:3954} INFO - Setting next_dagrun for example_subdag_operator.section-1 to None, run_after=None
[2024-06-15T02:23:51.263+0000] {logging_mixin.py:188} INFO - [2024-06-15T02:23:51.263+0000] {dag.py:3954} INFO - Setting next_dagrun for example_subdag_operator.section-2 to None, run_after=None
[2024-06-15T02:23:51.269+0000] {logging_mixin.py:188} INFO - [2024-06-15T02:23:51.269+0000] {dag.py:3096} INFO - Sync 2 DAGs
[2024-06-15T02:23:51.274+0000] {logging_mixin.py:188} INFO - [2024-06-15T02:23:51.274+0000] {dag.py:3954} INFO - Setting next_dagrun for example_subdag_operator.section-1 to None, run_after=None
[2024-06-15T02:23:51.274+0000] {logging_mixin.py:188} INFO - [2024-06-15T02:23:51.274+0000] {dag.py:3954} INFO - Setting next_dagrun for example_subdag_operator.section-2 to None, run_after=None
[2024-06-15T02:23:51.282+0000] {processor.py:183} INFO - Processing /home/airflow/.local/lib/python3.12/site-packages/airflow/example_dags/example_subdag_operator.py took 0.079 seconds
