[2024-06-15T02:04:09.675+0000] {processor.py:161} INFO - Started process (PID=76) to work on /home/airflow/.local/lib/python3.12/site-packages/airflow/example_dags/example_latest_only_with_trigger.py
[2024-06-15T02:04:09.676+0000] {processor.py:830} INFO - Processing file /home/airflow/.local/lib/python3.12/site-packages/airflow/example_dags/example_latest_only_with_trigger.py for tasks to queue
[2024-06-15T02:04:09.678+0000] {logging_mixin.py:188} INFO - [2024-06-15T02:04:09.678+0000] {dagbag.py:545} INFO - Filling up the DagBag from /home/airflow/.local/lib/python3.12/site-packages/airflow/example_dags/example_latest_only_with_trigger.py
[2024-06-15T02:04:09.688+0000] {processor.py:840} INFO - DAG(s) 'latest_only_with_trigger' retrieved from /home/airflow/.local/lib/python3.12/site-packages/airflow/example_dags/example_latest_only_with_trigger.py
[2024-06-15T02:04:09.701+0000] {logging_mixin.py:188} INFO - [2024-06-15T02:04:09.701+0000] {dag.py:3096} INFO - Sync 1 DAGs
[2024-06-15T02:04:09.730+0000] {logging_mixin.py:188} INFO - [2024-06-15T02:04:09.730+0000] {dag.py:3954} INFO - Setting next_dagrun for latest_only_with_trigger to 2024-06-14 20:00:00+00:00, run_after=2024-06-15 00:00:00+00:00
[2024-06-15T02:04:09.750+0000] {processor.py:183} INFO - Processing /home/airflow/.local/lib/python3.12/site-packages/airflow/example_dags/example_latest_only_with_trigger.py took 0.081 seconds
[2024-06-15T02:04:40.800+0000] {processor.py:161} INFO - Started process (PID=134) to work on /home/airflow/.local/lib/python3.12/site-packages/airflow/example_dags/example_latest_only_with_trigger.py
[2024-06-15T02:04:40.801+0000] {processor.py:830} INFO - Processing file /home/airflow/.local/lib/python3.12/site-packages/airflow/example_dags/example_latest_only_with_trigger.py for tasks to queue
[2024-06-15T02:04:40.802+0000] {logging_mixin.py:188} INFO - [2024-06-15T02:04:40.802+0000] {dagbag.py:545} INFO - Filling up the DagBag from /home/airflow/.local/lib/python3.12/site-packages/airflow/example_dags/example_latest_only_with_trigger.py
[2024-06-15T02:04:40.807+0000] {processor.py:840} INFO - DAG(s) 'latest_only_with_trigger' retrieved from /home/airflow/.local/lib/python3.12/site-packages/airflow/example_dags/example_latest_only_with_trigger.py
[2024-06-15T02:04:40.895+0000] {logging_mixin.py:188} INFO - [2024-06-15T02:04:40.895+0000] {dag.py:3096} INFO - Sync 1 DAGs
[2024-06-15T02:04:40.914+0000] {logging_mixin.py:188} INFO - [2024-06-15T02:04:40.913+0000] {dag.py:3954} INFO - Setting next_dagrun for latest_only_with_trigger to 2024-06-14 20:00:00+00:00, run_after=2024-06-15 00:00:00+00:00
[2024-06-15T02:04:40.929+0000] {processor.py:183} INFO - Processing /home/airflow/.local/lib/python3.12/site-packages/airflow/example_dags/example_latest_only_with_trigger.py took 0.133 seconds
[2024-06-15T02:05:11.677+0000] {processor.py:161} INFO - Started process (PID=192) to work on /home/airflow/.local/lib/python3.12/site-packages/airflow/example_dags/example_latest_only_with_trigger.py
[2024-06-15T02:05:11.677+0000] {processor.py:830} INFO - Processing file /home/airflow/.local/lib/python3.12/site-packages/airflow/example_dags/example_latest_only_with_trigger.py for tasks to queue
[2024-06-15T02:05:11.679+0000] {logging_mixin.py:188} INFO - [2024-06-15T02:05:11.678+0000] {dagbag.py:545} INFO - Filling up the DagBag from /home/airflow/.local/lib/python3.12/site-packages/airflow/example_dags/example_latest_only_with_trigger.py
[2024-06-15T02:05:11.683+0000] {processor.py:840} INFO - DAG(s) 'latest_only_with_trigger' retrieved from /home/airflow/.local/lib/python3.12/site-packages/airflow/example_dags/example_latest_only_with_trigger.py
[2024-06-15T02:05:11.699+0000] {logging_mixin.py:188} INFO - [2024-06-15T02:05:11.699+0000] {dag.py:3096} INFO - Sync 1 DAGs
[2024-06-15T02:05:11.718+0000] {logging_mixin.py:188} INFO - [2024-06-15T02:05:11.718+0000] {dag.py:3954} INFO - Setting next_dagrun for latest_only_with_trigger to 2024-06-14 20:00:00+00:00, run_after=2024-06-15 00:00:00+00:00
[2024-06-15T02:05:11.733+0000] {processor.py:183} INFO - Processing /home/airflow/.local/lib/python3.12/site-packages/airflow/example_dags/example_latest_only_with_trigger.py took 0.060 seconds
[2024-06-15T02:05:42.057+0000] {processor.py:161} INFO - Started process (PID=250) to work on /home/airflow/.local/lib/python3.12/site-packages/airflow/example_dags/example_latest_only_with_trigger.py
[2024-06-15T02:05:42.058+0000] {processor.py:830} INFO - Processing file /home/airflow/.local/lib/python3.12/site-packages/airflow/example_dags/example_latest_only_with_trigger.py for tasks to queue
[2024-06-15T02:05:42.059+0000] {logging_mixin.py:188} INFO - [2024-06-15T02:05:42.059+0000] {dagbag.py:545} INFO - Filling up the DagBag from /home/airflow/.local/lib/python3.12/site-packages/airflow/example_dags/example_latest_only_with_trigger.py
[2024-06-15T02:05:42.063+0000] {processor.py:840} INFO - DAG(s) 'latest_only_with_trigger' retrieved from /home/airflow/.local/lib/python3.12/site-packages/airflow/example_dags/example_latest_only_with_trigger.py
[2024-06-15T02:05:42.082+0000] {logging_mixin.py:188} INFO - [2024-06-15T02:05:42.081+0000] {dag.py:3096} INFO - Sync 1 DAGs
[2024-06-15T02:05:42.104+0000] {logging_mixin.py:188} INFO - [2024-06-15T02:05:42.104+0000] {dag.py:3954} INFO - Setting next_dagrun for latest_only_with_trigger to 2024-06-14 20:00:00+00:00, run_after=2024-06-15 00:00:00+00:00
[2024-06-15T02:05:42.122+0000] {processor.py:183} INFO - Processing /home/airflow/.local/lib/python3.12/site-packages/airflow/example_dags/example_latest_only_with_trigger.py took 0.069 seconds
[2024-06-15T02:06:12.250+0000] {processor.py:161} INFO - Started process (PID=308) to work on /home/airflow/.local/lib/python3.12/site-packages/airflow/example_dags/example_latest_only_with_trigger.py
[2024-06-15T02:06:12.251+0000] {processor.py:830} INFO - Processing file /home/airflow/.local/lib/python3.12/site-packages/airflow/example_dags/example_latest_only_with_trigger.py for tasks to queue
[2024-06-15T02:06:12.252+0000] {logging_mixin.py:188} INFO - [2024-06-15T02:06:12.252+0000] {dagbag.py:545} INFO - Filling up the DagBag from /home/airflow/.local/lib/python3.12/site-packages/airflow/example_dags/example_latest_only_with_trigger.py
[2024-06-15T02:06:12.256+0000] {processor.py:840} INFO - DAG(s) 'latest_only_with_trigger' retrieved from /home/airflow/.local/lib/python3.12/site-packages/airflow/example_dags/example_latest_only_with_trigger.py
[2024-06-15T02:06:12.271+0000] {logging_mixin.py:188} INFO - [2024-06-15T02:06:12.271+0000] {dag.py:3096} INFO - Sync 1 DAGs
[2024-06-15T02:06:12.290+0000] {logging_mixin.py:188} INFO - [2024-06-15T02:06:12.290+0000] {dag.py:3954} INFO - Setting next_dagrun for latest_only_with_trigger to 2024-06-14 20:00:00+00:00, run_after=2024-06-15 00:00:00+00:00
[2024-06-15T02:06:12.305+0000] {processor.py:183} INFO - Processing /home/airflow/.local/lib/python3.12/site-packages/airflow/example_dags/example_latest_only_with_trigger.py took 0.059 seconds
[2024-06-15T02:06:43.210+0000] {processor.py:161} INFO - Started process (PID=366) to work on /home/airflow/.local/lib/python3.12/site-packages/airflow/example_dags/example_latest_only_with_trigger.py
[2024-06-15T02:06:43.211+0000] {processor.py:830} INFO - Processing file /home/airflow/.local/lib/python3.12/site-packages/airflow/example_dags/example_latest_only_with_trigger.py for tasks to queue
[2024-06-15T02:06:43.212+0000] {logging_mixin.py:188} INFO - [2024-06-15T02:06:43.212+0000] {dagbag.py:545} INFO - Filling up the DagBag from /home/airflow/.local/lib/python3.12/site-packages/airflow/example_dags/example_latest_only_with_trigger.py
[2024-06-15T02:06:43.217+0000] {processor.py:840} INFO - DAG(s) 'latest_only_with_trigger' retrieved from /home/airflow/.local/lib/python3.12/site-packages/airflow/example_dags/example_latest_only_with_trigger.py
[2024-06-15T02:06:43.234+0000] {logging_mixin.py:188} INFO - [2024-06-15T02:06:43.233+0000] {dag.py:3096} INFO - Sync 1 DAGs
[2024-06-15T02:06:43.253+0000] {logging_mixin.py:188} INFO - [2024-06-15T02:06:43.253+0000] {dag.py:3954} INFO - Setting next_dagrun for latest_only_with_trigger to 2024-06-14 20:00:00+00:00, run_after=2024-06-15 00:00:00+00:00
[2024-06-15T02:06:43.267+0000] {processor.py:183} INFO - Processing /home/airflow/.local/lib/python3.12/site-packages/airflow/example_dags/example_latest_only_with_trigger.py took 0.063 seconds
[2024-06-15T02:07:13.337+0000] {processor.py:161} INFO - Started process (PID=424) to work on /home/airflow/.local/lib/python3.12/site-packages/airflow/example_dags/example_latest_only_with_trigger.py
[2024-06-15T02:07:13.338+0000] {processor.py:830} INFO - Processing file /home/airflow/.local/lib/python3.12/site-packages/airflow/example_dags/example_latest_only_with_trigger.py for tasks to queue
[2024-06-15T02:07:13.339+0000] {logging_mixin.py:188} INFO - [2024-06-15T02:07:13.339+0000] {dagbag.py:545} INFO - Filling up the DagBag from /home/airflow/.local/lib/python3.12/site-packages/airflow/example_dags/example_latest_only_with_trigger.py
[2024-06-15T02:07:13.343+0000] {processor.py:840} INFO - DAG(s) 'latest_only_with_trigger' retrieved from /home/airflow/.local/lib/python3.12/site-packages/airflow/example_dags/example_latest_only_with_trigger.py
[2024-06-15T02:07:13.359+0000] {logging_mixin.py:188} INFO - [2024-06-15T02:07:13.359+0000] {dag.py:3096} INFO - Sync 1 DAGs
[2024-06-15T02:07:13.379+0000] {logging_mixin.py:188} INFO - [2024-06-15T02:07:13.379+0000] {dag.py:3954} INFO - Setting next_dagrun for latest_only_with_trigger to 2024-06-14 20:00:00+00:00, run_after=2024-06-15 00:00:00+00:00
[2024-06-15T02:07:13.394+0000] {processor.py:183} INFO - Processing /home/airflow/.local/lib/python3.12/site-packages/airflow/example_dags/example_latest_only_with_trigger.py took 0.061 seconds
[2024-06-15T02:07:44.172+0000] {processor.py:161} INFO - Started process (PID=482) to work on /home/airflow/.local/lib/python3.12/site-packages/airflow/example_dags/example_latest_only_with_trigger.py
[2024-06-15T02:07:44.172+0000] {processor.py:830} INFO - Processing file /home/airflow/.local/lib/python3.12/site-packages/airflow/example_dags/example_latest_only_with_trigger.py for tasks to queue
[2024-06-15T02:07:44.174+0000] {logging_mixin.py:188} INFO - [2024-06-15T02:07:44.173+0000] {dagbag.py:545} INFO - Filling up the DagBag from /home/airflow/.local/lib/python3.12/site-packages/airflow/example_dags/example_latest_only_with_trigger.py
[2024-06-15T02:07:44.178+0000] {processor.py:840} INFO - DAG(s) 'latest_only_with_trigger' retrieved from /home/airflow/.local/lib/python3.12/site-packages/airflow/example_dags/example_latest_only_with_trigger.py
[2024-06-15T02:07:44.194+0000] {logging_mixin.py:188} INFO - [2024-06-15T02:07:44.194+0000] {dag.py:3096} INFO - Sync 1 DAGs
[2024-06-15T02:07:44.215+0000] {logging_mixin.py:188} INFO - [2024-06-15T02:07:44.215+0000] {dag.py:3954} INFO - Setting next_dagrun for latest_only_with_trigger to 2024-06-14 20:00:00+00:00, run_after=2024-06-15 00:00:00+00:00
[2024-06-15T02:07:44.230+0000] {processor.py:183} INFO - Processing /home/airflow/.local/lib/python3.12/site-packages/airflow/example_dags/example_latest_only_with_trigger.py took 0.061 seconds
[2024-06-15T02:08:14.563+0000] {processor.py:161} INFO - Started process (PID=540) to work on /home/airflow/.local/lib/python3.12/site-packages/airflow/example_dags/example_latest_only_with_trigger.py
[2024-06-15T02:08:14.564+0000] {processor.py:830} INFO - Processing file /home/airflow/.local/lib/python3.12/site-packages/airflow/example_dags/example_latest_only_with_trigger.py for tasks to queue
[2024-06-15T02:08:14.565+0000] {logging_mixin.py:188} INFO - [2024-06-15T02:08:14.565+0000] {dagbag.py:545} INFO - Filling up the DagBag from /home/airflow/.local/lib/python3.12/site-packages/airflow/example_dags/example_latest_only_with_trigger.py
[2024-06-15T02:08:14.570+0000] {processor.py:840} INFO - DAG(s) 'latest_only_with_trigger' retrieved from /home/airflow/.local/lib/python3.12/site-packages/airflow/example_dags/example_latest_only_with_trigger.py
[2024-06-15T02:08:14.586+0000] {logging_mixin.py:188} INFO - [2024-06-15T02:08:14.586+0000] {dag.py:3096} INFO - Sync 1 DAGs
[2024-06-15T02:08:14.604+0000] {logging_mixin.py:188} INFO - [2024-06-15T02:08:14.604+0000] {dag.py:3954} INFO - Setting next_dagrun for latest_only_with_trigger to 2024-06-14 20:00:00+00:00, run_after=2024-06-15 00:00:00+00:00
[2024-06-15T02:08:14.619+0000] {processor.py:183} INFO - Processing /home/airflow/.local/lib/python3.12/site-packages/airflow/example_dags/example_latest_only_with_trigger.py took 0.060 seconds
[2024-06-15T02:08:44.968+0000] {processor.py:161} INFO - Started process (PID=598) to work on /home/airflow/.local/lib/python3.12/site-packages/airflow/example_dags/example_latest_only_with_trigger.py
[2024-06-15T02:08:44.968+0000] {processor.py:830} INFO - Processing file /home/airflow/.local/lib/python3.12/site-packages/airflow/example_dags/example_latest_only_with_trigger.py for tasks to queue
[2024-06-15T02:08:44.970+0000] {logging_mixin.py:188} INFO - [2024-06-15T02:08:44.969+0000] {dagbag.py:545} INFO - Filling up the DagBag from /home/airflow/.local/lib/python3.12/site-packages/airflow/example_dags/example_latest_only_with_trigger.py
[2024-06-15T02:08:44.973+0000] {processor.py:840} INFO - DAG(s) 'latest_only_with_trigger' retrieved from /home/airflow/.local/lib/python3.12/site-packages/airflow/example_dags/example_latest_only_with_trigger.py
[2024-06-15T02:08:44.990+0000] {logging_mixin.py:188} INFO - [2024-06-15T02:08:44.990+0000] {dag.py:3096} INFO - Sync 1 DAGs
[2024-06-15T02:08:45.009+0000] {logging_mixin.py:188} INFO - [2024-06-15T02:08:45.008+0000] {dag.py:3954} INFO - Setting next_dagrun for latest_only_with_trigger to 2024-06-14 20:00:00+00:00, run_after=2024-06-15 00:00:00+00:00
[2024-06-15T02:08:45.024+0000] {processor.py:183} INFO - Processing /home/airflow/.local/lib/python3.12/site-packages/airflow/example_dags/example_latest_only_with_trigger.py took 0.060 seconds
[2024-06-15T02:09:15.701+0000] {processor.py:161} INFO - Started process (PID=656) to work on /home/airflow/.local/lib/python3.12/site-packages/airflow/example_dags/example_latest_only_with_trigger.py
[2024-06-15T02:09:15.702+0000] {processor.py:830} INFO - Processing file /home/airflow/.local/lib/python3.12/site-packages/airflow/example_dags/example_latest_only_with_trigger.py for tasks to queue
[2024-06-15T02:09:15.703+0000] {logging_mixin.py:188} INFO - [2024-06-15T02:09:15.703+0000] {dagbag.py:545} INFO - Filling up the DagBag from /home/airflow/.local/lib/python3.12/site-packages/airflow/example_dags/example_latest_only_with_trigger.py
[2024-06-15T02:09:15.708+0000] {processor.py:840} INFO - DAG(s) 'latest_only_with_trigger' retrieved from /home/airflow/.local/lib/python3.12/site-packages/airflow/example_dags/example_latest_only_with_trigger.py
[2024-06-15T02:09:15.726+0000] {logging_mixin.py:188} INFO - [2024-06-15T02:09:15.726+0000] {dag.py:3096} INFO - Sync 1 DAGs
[2024-06-15T02:09:15.748+0000] {logging_mixin.py:188} INFO - [2024-06-15T02:09:15.747+0000] {dag.py:3954} INFO - Setting next_dagrun for latest_only_with_trigger to 2024-06-14 20:00:00+00:00, run_after=2024-06-15 00:00:00+00:00
[2024-06-15T02:09:15.766+0000] {processor.py:183} INFO - Processing /home/airflow/.local/lib/python3.12/site-packages/airflow/example_dags/example_latest_only_with_trigger.py took 0.070 seconds
[2024-06-15T02:09:45.823+0000] {processor.py:161} INFO - Started process (PID=714) to work on /home/airflow/.local/lib/python3.12/site-packages/airflow/example_dags/example_latest_only_with_trigger.py
[2024-06-15T02:09:45.824+0000] {processor.py:830} INFO - Processing file /home/airflow/.local/lib/python3.12/site-packages/airflow/example_dags/example_latest_only_with_trigger.py for tasks to queue
[2024-06-15T02:09:45.825+0000] {logging_mixin.py:188} INFO - [2024-06-15T02:09:45.825+0000] {dagbag.py:545} INFO - Filling up the DagBag from /home/airflow/.local/lib/python3.12/site-packages/airflow/example_dags/example_latest_only_with_trigger.py
[2024-06-15T02:09:45.830+0000] {processor.py:840} INFO - DAG(s) 'latest_only_with_trigger' retrieved from /home/airflow/.local/lib/python3.12/site-packages/airflow/example_dags/example_latest_only_with_trigger.py
[2024-06-15T02:09:45.846+0000] {logging_mixin.py:188} INFO - [2024-06-15T02:09:45.845+0000] {dag.py:3096} INFO - Sync 1 DAGs
[2024-06-15T02:09:45.865+0000] {logging_mixin.py:188} INFO - [2024-06-15T02:09:45.865+0000] {dag.py:3954} INFO - Setting next_dagrun for latest_only_with_trigger to 2024-06-14 20:00:00+00:00, run_after=2024-06-15 00:00:00+00:00
[2024-06-15T02:09:45.880+0000] {processor.py:183} INFO - Processing /home/airflow/.local/lib/python3.12/site-packages/airflow/example_dags/example_latest_only_with_trigger.py took 0.060 seconds
[2024-06-15T02:10:16.828+0000] {processor.py:161} INFO - Started process (PID=772) to work on /home/airflow/.local/lib/python3.12/site-packages/airflow/example_dags/example_latest_only_with_trigger.py
[2024-06-15T02:10:16.829+0000] {processor.py:830} INFO - Processing file /home/airflow/.local/lib/python3.12/site-packages/airflow/example_dags/example_latest_only_with_trigger.py for tasks to queue
[2024-06-15T02:10:16.830+0000] {logging_mixin.py:188} INFO - [2024-06-15T02:10:16.830+0000] {dagbag.py:545} INFO - Filling up the DagBag from /home/airflow/.local/lib/python3.12/site-packages/airflow/example_dags/example_latest_only_with_trigger.py
[2024-06-15T02:10:16.835+0000] {processor.py:840} INFO - DAG(s) 'latest_only_with_trigger' retrieved from /home/airflow/.local/lib/python3.12/site-packages/airflow/example_dags/example_latest_only_with_trigger.py
[2024-06-15T02:10:16.853+0000] {logging_mixin.py:188} INFO - [2024-06-15T02:10:16.853+0000] {dag.py:3096} INFO - Sync 1 DAGs
[2024-06-15T02:10:16.881+0000] {logging_mixin.py:188} INFO - [2024-06-15T02:10:16.880+0000] {dag.py:3954} INFO - Setting next_dagrun for latest_only_with_trigger to 2024-06-14 20:00:00+00:00, run_after=2024-06-15 00:00:00+00:00
[2024-06-15T02:10:16.897+0000] {processor.py:183} INFO - Processing /home/airflow/.local/lib/python3.12/site-packages/airflow/example_dags/example_latest_only_with_trigger.py took 0.074 seconds
[2024-06-15T02:10:47.357+0000] {processor.py:161} INFO - Started process (PID=830) to work on /home/airflow/.local/lib/python3.12/site-packages/airflow/example_dags/example_latest_only_with_trigger.py
[2024-06-15T02:10:47.358+0000] {processor.py:830} INFO - Processing file /home/airflow/.local/lib/python3.12/site-packages/airflow/example_dags/example_latest_only_with_trigger.py for tasks to queue
[2024-06-15T02:10:47.359+0000] {logging_mixin.py:188} INFO - [2024-06-15T02:10:47.359+0000] {dagbag.py:545} INFO - Filling up the DagBag from /home/airflow/.local/lib/python3.12/site-packages/airflow/example_dags/example_latest_only_with_trigger.py
[2024-06-15T02:10:47.363+0000] {processor.py:840} INFO - DAG(s) 'latest_only_with_trigger' retrieved from /home/airflow/.local/lib/python3.12/site-packages/airflow/example_dags/example_latest_only_with_trigger.py
[2024-06-15T02:10:47.382+0000] {logging_mixin.py:188} INFO - [2024-06-15T02:10:47.382+0000] {dag.py:3096} INFO - Sync 1 DAGs
[2024-06-15T02:10:47.404+0000] {logging_mixin.py:188} INFO - [2024-06-15T02:10:47.404+0000] {dag.py:3954} INFO - Setting next_dagrun for latest_only_with_trigger to 2024-06-14 20:00:00+00:00, run_after=2024-06-15 00:00:00+00:00
[2024-06-15T02:10:47.422+0000] {processor.py:183} INFO - Processing /home/airflow/.local/lib/python3.12/site-packages/airflow/example_dags/example_latest_only_with_trigger.py took 0.070 seconds
[2024-06-15T02:11:17.808+0000] {processor.py:161} INFO - Started process (PID=888) to work on /home/airflow/.local/lib/python3.12/site-packages/airflow/example_dags/example_latest_only_with_trigger.py
[2024-06-15T02:11:17.808+0000] {processor.py:830} INFO - Processing file /home/airflow/.local/lib/python3.12/site-packages/airflow/example_dags/example_latest_only_with_trigger.py for tasks to queue
[2024-06-15T02:11:17.810+0000] {logging_mixin.py:188} INFO - [2024-06-15T02:11:17.810+0000] {dagbag.py:545} INFO - Filling up the DagBag from /home/airflow/.local/lib/python3.12/site-packages/airflow/example_dags/example_latest_only_with_trigger.py
[2024-06-15T02:11:17.814+0000] {processor.py:840} INFO - DAG(s) 'latest_only_with_trigger' retrieved from /home/airflow/.local/lib/python3.12/site-packages/airflow/example_dags/example_latest_only_with_trigger.py
[2024-06-15T02:11:17.832+0000] {logging_mixin.py:188} INFO - [2024-06-15T02:11:17.832+0000] {dag.py:3096} INFO - Sync 1 DAGs
[2024-06-15T02:11:17.851+0000] {logging_mixin.py:188} INFO - [2024-06-15T02:11:17.850+0000] {dag.py:3954} INFO - Setting next_dagrun for latest_only_with_trigger to 2024-06-14 20:00:00+00:00, run_after=2024-06-15 00:00:00+00:00
[2024-06-15T02:11:17.866+0000] {processor.py:183} INFO - Processing /home/airflow/.local/lib/python3.12/site-packages/airflow/example_dags/example_latest_only_with_trigger.py took 0.063 seconds
[2024-06-15T02:11:48.363+0000] {processor.py:161} INFO - Started process (PID=946) to work on /home/airflow/.local/lib/python3.12/site-packages/airflow/example_dags/example_latest_only_with_trigger.py
[2024-06-15T02:11:48.364+0000] {processor.py:830} INFO - Processing file /home/airflow/.local/lib/python3.12/site-packages/airflow/example_dags/example_latest_only_with_trigger.py for tasks to queue
[2024-06-15T02:11:48.365+0000] {logging_mixin.py:188} INFO - [2024-06-15T02:11:48.365+0000] {dagbag.py:545} INFO - Filling up the DagBag from /home/airflow/.local/lib/python3.12/site-packages/airflow/example_dags/example_latest_only_with_trigger.py
[2024-06-15T02:11:48.370+0000] {processor.py:840} INFO - DAG(s) 'latest_only_with_trigger' retrieved from /home/airflow/.local/lib/python3.12/site-packages/airflow/example_dags/example_latest_only_with_trigger.py
[2024-06-15T02:11:48.387+0000] {logging_mixin.py:188} INFO - [2024-06-15T02:11:48.386+0000] {dag.py:3096} INFO - Sync 1 DAGs
[2024-06-15T02:11:48.405+0000] {logging_mixin.py:188} INFO - [2024-06-15T02:11:48.404+0000] {dag.py:3954} INFO - Setting next_dagrun for latest_only_with_trigger to 2024-06-14 20:00:00+00:00, run_after=2024-06-15 00:00:00+00:00
[2024-06-15T02:11:48.419+0000] {processor.py:183} INFO - Processing /home/airflow/.local/lib/python3.12/site-packages/airflow/example_dags/example_latest_only_with_trigger.py took 0.060 seconds
[2024-06-15T02:12:18.865+0000] {processor.py:161} INFO - Started process (PID=1004) to work on /home/airflow/.local/lib/python3.12/site-packages/airflow/example_dags/example_latest_only_with_trigger.py
[2024-06-15T02:12:18.866+0000] {processor.py:830} INFO - Processing file /home/airflow/.local/lib/python3.12/site-packages/airflow/example_dags/example_latest_only_with_trigger.py for tasks to queue
[2024-06-15T02:12:18.867+0000] {logging_mixin.py:188} INFO - [2024-06-15T02:12:18.867+0000] {dagbag.py:545} INFO - Filling up the DagBag from /home/airflow/.local/lib/python3.12/site-packages/airflow/example_dags/example_latest_only_with_trigger.py
[2024-06-15T02:12:18.872+0000] {processor.py:840} INFO - DAG(s) 'latest_only_with_trigger' retrieved from /home/airflow/.local/lib/python3.12/site-packages/airflow/example_dags/example_latest_only_with_trigger.py
[2024-06-15T02:12:18.888+0000] {logging_mixin.py:188} INFO - [2024-06-15T02:12:18.888+0000] {dag.py:3096} INFO - Sync 1 DAGs
[2024-06-15T02:12:18.906+0000] {logging_mixin.py:188} INFO - [2024-06-15T02:12:18.906+0000] {dag.py:3954} INFO - Setting next_dagrun for latest_only_with_trigger to 2024-06-14 20:00:00+00:00, run_after=2024-06-15 00:00:00+00:00
[2024-06-15T02:12:18.922+0000] {processor.py:183} INFO - Processing /home/airflow/.local/lib/python3.12/site-packages/airflow/example_dags/example_latest_only_with_trigger.py took 0.061 seconds
[2024-06-15T02:12:49.248+0000] {processor.py:161} INFO - Started process (PID=1062) to work on /home/airflow/.local/lib/python3.12/site-packages/airflow/example_dags/example_latest_only_with_trigger.py
[2024-06-15T02:12:49.249+0000] {processor.py:830} INFO - Processing file /home/airflow/.local/lib/python3.12/site-packages/airflow/example_dags/example_latest_only_with_trigger.py for tasks to queue
[2024-06-15T02:12:49.251+0000] {logging_mixin.py:188} INFO - [2024-06-15T02:12:49.250+0000] {dagbag.py:545} INFO - Filling up the DagBag from /home/airflow/.local/lib/python3.12/site-packages/airflow/example_dags/example_latest_only_with_trigger.py
[2024-06-15T02:12:49.255+0000] {processor.py:840} INFO - DAG(s) 'latest_only_with_trigger' retrieved from /home/airflow/.local/lib/python3.12/site-packages/airflow/example_dags/example_latest_only_with_trigger.py
[2024-06-15T02:12:49.273+0000] {logging_mixin.py:188} INFO - [2024-06-15T02:12:49.273+0000] {dag.py:3096} INFO - Sync 1 DAGs
[2024-06-15T02:12:49.296+0000] {logging_mixin.py:188} INFO - [2024-06-15T02:12:49.296+0000] {dag.py:3954} INFO - Setting next_dagrun for latest_only_with_trigger to 2024-06-14 20:00:00+00:00, run_after=2024-06-15 00:00:00+00:00
[2024-06-15T02:12:49.311+0000] {processor.py:183} INFO - Processing /home/airflow/.local/lib/python3.12/site-packages/airflow/example_dags/example_latest_only_with_trigger.py took 0.067 seconds
[2024-06-15T02:13:19.578+0000] {processor.py:161} INFO - Started process (PID=1120) to work on /home/airflow/.local/lib/python3.12/site-packages/airflow/example_dags/example_latest_only_with_trigger.py
[2024-06-15T02:13:19.579+0000] {processor.py:830} INFO - Processing file /home/airflow/.local/lib/python3.12/site-packages/airflow/example_dags/example_latest_only_with_trigger.py for tasks to queue
[2024-06-15T02:13:19.580+0000] {logging_mixin.py:188} INFO - [2024-06-15T02:13:19.580+0000] {dagbag.py:545} INFO - Filling up the DagBag from /home/airflow/.local/lib/python3.12/site-packages/airflow/example_dags/example_latest_only_with_trigger.py
[2024-06-15T02:13:19.584+0000] {processor.py:840} INFO - DAG(s) 'latest_only_with_trigger' retrieved from /home/airflow/.local/lib/python3.12/site-packages/airflow/example_dags/example_latest_only_with_trigger.py
[2024-06-15T02:13:19.599+0000] {logging_mixin.py:188} INFO - [2024-06-15T02:13:19.599+0000] {dag.py:3096} INFO - Sync 1 DAGs
[2024-06-15T02:13:19.618+0000] {logging_mixin.py:188} INFO - [2024-06-15T02:13:19.618+0000] {dag.py:3954} INFO - Setting next_dagrun for latest_only_with_trigger to 2024-06-14 20:00:00+00:00, run_after=2024-06-15 00:00:00+00:00
[2024-06-15T02:13:19.635+0000] {processor.py:183} INFO - Processing /home/airflow/.local/lib/python3.12/site-packages/airflow/example_dags/example_latest_only_with_trigger.py took 0.061 seconds
[2024-06-15T02:13:49.907+0000] {processor.py:161} INFO - Started process (PID=1178) to work on /home/airflow/.local/lib/python3.12/site-packages/airflow/example_dags/example_latest_only_with_trigger.py
[2024-06-15T02:13:49.908+0000] {processor.py:830} INFO - Processing file /home/airflow/.local/lib/python3.12/site-packages/airflow/example_dags/example_latest_only_with_trigger.py for tasks to queue
[2024-06-15T02:13:49.909+0000] {logging_mixin.py:188} INFO - [2024-06-15T02:13:49.909+0000] {dagbag.py:545} INFO - Filling up the DagBag from /home/airflow/.local/lib/python3.12/site-packages/airflow/example_dags/example_latest_only_with_trigger.py
[2024-06-15T02:13:49.913+0000] {processor.py:840} INFO - DAG(s) 'latest_only_with_trigger' retrieved from /home/airflow/.local/lib/python3.12/site-packages/airflow/example_dags/example_latest_only_with_trigger.py
[2024-06-15T02:13:49.930+0000] {logging_mixin.py:188} INFO - [2024-06-15T02:13:49.930+0000] {dag.py:3096} INFO - Sync 1 DAGs
[2024-06-15T02:13:49.949+0000] {logging_mixin.py:188} INFO - [2024-06-15T02:13:49.949+0000] {dag.py:3954} INFO - Setting next_dagrun for latest_only_with_trigger to 2024-06-14 20:00:00+00:00, run_after=2024-06-15 00:00:00+00:00
[2024-06-15T02:13:49.965+0000] {processor.py:183} INFO - Processing /home/airflow/.local/lib/python3.12/site-packages/airflow/example_dags/example_latest_only_with_trigger.py took 0.062 seconds
[2024-06-15T02:14:20.181+0000] {processor.py:161} INFO - Started process (PID=1236) to work on /home/airflow/.local/lib/python3.12/site-packages/airflow/example_dags/example_latest_only_with_trigger.py
[2024-06-15T02:14:20.182+0000] {processor.py:830} INFO - Processing file /home/airflow/.local/lib/python3.12/site-packages/airflow/example_dags/example_latest_only_with_trigger.py for tasks to queue
[2024-06-15T02:14:20.183+0000] {logging_mixin.py:188} INFO - [2024-06-15T02:14:20.183+0000] {dagbag.py:545} INFO - Filling up the DagBag from /home/airflow/.local/lib/python3.12/site-packages/airflow/example_dags/example_latest_only_with_trigger.py
[2024-06-15T02:14:20.188+0000] {processor.py:840} INFO - DAG(s) 'latest_only_with_trigger' retrieved from /home/airflow/.local/lib/python3.12/site-packages/airflow/example_dags/example_latest_only_with_trigger.py
[2024-06-15T02:14:20.210+0000] {logging_mixin.py:188} INFO - [2024-06-15T02:14:20.210+0000] {dag.py:3096} INFO - Sync 1 DAGs
[2024-06-15T02:14:20.230+0000] {logging_mixin.py:188} INFO - [2024-06-15T02:14:20.229+0000] {dag.py:3954} INFO - Setting next_dagrun for latest_only_with_trigger to 2024-06-14 20:00:00+00:00, run_after=2024-06-15 00:00:00+00:00
[2024-06-15T02:14:20.246+0000] {processor.py:183} INFO - Processing /home/airflow/.local/lib/python3.12/site-packages/airflow/example_dags/example_latest_only_with_trigger.py took 0.068 seconds
[2024-06-15T02:14:50.695+0000] {processor.py:161} INFO - Started process (PID=1294) to work on /home/airflow/.local/lib/python3.12/site-packages/airflow/example_dags/example_latest_only_with_trigger.py
[2024-06-15T02:14:50.695+0000] {processor.py:830} INFO - Processing file /home/airflow/.local/lib/python3.12/site-packages/airflow/example_dags/example_latest_only_with_trigger.py for tasks to queue
[2024-06-15T02:14:50.697+0000] {logging_mixin.py:188} INFO - [2024-06-15T02:14:50.697+0000] {dagbag.py:545} INFO - Filling up the DagBag from /home/airflow/.local/lib/python3.12/site-packages/airflow/example_dags/example_latest_only_with_trigger.py
[2024-06-15T02:14:50.701+0000] {processor.py:840} INFO - DAG(s) 'latest_only_with_trigger' retrieved from /home/airflow/.local/lib/python3.12/site-packages/airflow/example_dags/example_latest_only_with_trigger.py
[2024-06-15T02:14:50.718+0000] {logging_mixin.py:188} INFO - [2024-06-15T02:14:50.718+0000] {dag.py:3096} INFO - Sync 1 DAGs
[2024-06-15T02:14:50.739+0000] {logging_mixin.py:188} INFO - [2024-06-15T02:14:50.738+0000] {dag.py:3954} INFO - Setting next_dagrun for latest_only_with_trigger to 2024-06-14 20:00:00+00:00, run_after=2024-06-15 00:00:00+00:00
[2024-06-15T02:14:50.755+0000] {processor.py:183} INFO - Processing /home/airflow/.local/lib/python3.12/site-packages/airflow/example_dags/example_latest_only_with_trigger.py took 0.064 seconds
[2024-06-15T02:15:20.891+0000] {processor.py:161} INFO - Started process (PID=1352) to work on /home/airflow/.local/lib/python3.12/site-packages/airflow/example_dags/example_latest_only_with_trigger.py
[2024-06-15T02:15:20.891+0000] {processor.py:830} INFO - Processing file /home/airflow/.local/lib/python3.12/site-packages/airflow/example_dags/example_latest_only_with_trigger.py for tasks to queue
[2024-06-15T02:15:20.893+0000] {logging_mixin.py:188} INFO - [2024-06-15T02:15:20.893+0000] {dagbag.py:545} INFO - Filling up the DagBag from /home/airflow/.local/lib/python3.12/site-packages/airflow/example_dags/example_latest_only_with_trigger.py
[2024-06-15T02:15:20.897+0000] {processor.py:840} INFO - DAG(s) 'latest_only_with_trigger' retrieved from /home/airflow/.local/lib/python3.12/site-packages/airflow/example_dags/example_latest_only_with_trigger.py
[2024-06-15T02:15:20.912+0000] {logging_mixin.py:188} INFO - [2024-06-15T02:15:20.912+0000] {dag.py:3096} INFO - Sync 1 DAGs
[2024-06-15T02:15:20.931+0000] {logging_mixin.py:188} INFO - [2024-06-15T02:15:20.931+0000] {dag.py:3954} INFO - Setting next_dagrun for latest_only_with_trigger to 2024-06-14 20:00:00+00:00, run_after=2024-06-15 00:00:00+00:00
[2024-06-15T02:15:20.948+0000] {processor.py:183} INFO - Processing /home/airflow/.local/lib/python3.12/site-packages/airflow/example_dags/example_latest_only_with_trigger.py took 0.061 seconds
[2024-06-15T02:15:51.098+0000] {processor.py:161} INFO - Started process (PID=1415) to work on /home/airflow/.local/lib/python3.12/site-packages/airflow/example_dags/example_latest_only_with_trigger.py
[2024-06-15T02:15:51.099+0000] {processor.py:830} INFO - Processing file /home/airflow/.local/lib/python3.12/site-packages/airflow/example_dags/example_latest_only_with_trigger.py for tasks to queue
[2024-06-15T02:15:51.100+0000] {logging_mixin.py:188} INFO - [2024-06-15T02:15:51.100+0000] {dagbag.py:545} INFO - Filling up the DagBag from /home/airflow/.local/lib/python3.12/site-packages/airflow/example_dags/example_latest_only_with_trigger.py
[2024-06-15T02:15:51.104+0000] {processor.py:840} INFO - DAG(s) 'latest_only_with_trigger' retrieved from /home/airflow/.local/lib/python3.12/site-packages/airflow/example_dags/example_latest_only_with_trigger.py
[2024-06-15T02:15:51.121+0000] {logging_mixin.py:188} INFO - [2024-06-15T02:15:51.121+0000] {dag.py:3096} INFO - Sync 1 DAGs
[2024-06-15T02:15:51.139+0000] {logging_mixin.py:188} INFO - [2024-06-15T02:15:51.138+0000] {dag.py:3954} INFO - Setting next_dagrun for latest_only_with_trigger to 2024-06-14 20:00:00+00:00, run_after=2024-06-15 00:00:00+00:00
[2024-06-15T02:15:51.154+0000] {processor.py:183} INFO - Processing /home/airflow/.local/lib/python3.12/site-packages/airflow/example_dags/example_latest_only_with_trigger.py took 0.060 seconds
[2024-06-15T02:16:23.435+0000] {processor.py:161} INFO - Started process (PID=1474) to work on /home/airflow/.local/lib/python3.12/site-packages/airflow/example_dags/example_latest_only_with_trigger.py
[2024-06-15T02:16:23.436+0000] {processor.py:830} INFO - Processing file /home/airflow/.local/lib/python3.12/site-packages/airflow/example_dags/example_latest_only_with_trigger.py for tasks to queue
[2024-06-15T02:16:23.437+0000] {logging_mixin.py:188} INFO - [2024-06-15T02:16:23.437+0000] {dagbag.py:545} INFO - Filling up the DagBag from /home/airflow/.local/lib/python3.12/site-packages/airflow/example_dags/example_latest_only_with_trigger.py
[2024-06-15T02:16:23.441+0000] {processor.py:840} INFO - DAG(s) 'latest_only_with_trigger' retrieved from /home/airflow/.local/lib/python3.12/site-packages/airflow/example_dags/example_latest_only_with_trigger.py
[2024-06-15T02:16:23.457+0000] {logging_mixin.py:188} INFO - [2024-06-15T02:16:23.457+0000] {dag.py:3096} INFO - Sync 1 DAGs
[2024-06-15T02:16:23.475+0000] {logging_mixin.py:188} INFO - [2024-06-15T02:16:23.475+0000] {dag.py:3954} INFO - Setting next_dagrun for latest_only_with_trigger to 2024-06-14 20:00:00+00:00, run_after=2024-06-15 00:00:00+00:00
[2024-06-15T02:16:23.642+0000] {processor.py:183} INFO - Processing /home/airflow/.local/lib/python3.12/site-packages/airflow/example_dags/example_latest_only_with_trigger.py took 0.212 seconds
[2024-06-15T02:16:54.208+0000] {processor.py:161} INFO - Started process (PID=1532) to work on /home/airflow/.local/lib/python3.12/site-packages/airflow/example_dags/example_latest_only_with_trigger.py
[2024-06-15T02:16:54.209+0000] {processor.py:830} INFO - Processing file /home/airflow/.local/lib/python3.12/site-packages/airflow/example_dags/example_latest_only_with_trigger.py for tasks to queue
[2024-06-15T02:16:54.210+0000] {logging_mixin.py:188} INFO - [2024-06-15T02:16:54.210+0000] {dagbag.py:545} INFO - Filling up the DagBag from /home/airflow/.local/lib/python3.12/site-packages/airflow/example_dags/example_latest_only_with_trigger.py
[2024-06-15T02:16:54.214+0000] {processor.py:840} INFO - DAG(s) 'latest_only_with_trigger' retrieved from /home/airflow/.local/lib/python3.12/site-packages/airflow/example_dags/example_latest_only_with_trigger.py
[2024-06-15T02:16:54.234+0000] {logging_mixin.py:188} INFO - [2024-06-15T02:16:54.234+0000] {dag.py:3096} INFO - Sync 1 DAGs
[2024-06-15T02:16:54.252+0000] {logging_mixin.py:188} INFO - [2024-06-15T02:16:54.252+0000] {dag.py:3954} INFO - Setting next_dagrun for latest_only_with_trigger to 2024-06-14 20:00:00+00:00, run_after=2024-06-15 00:00:00+00:00
[2024-06-15T02:16:54.267+0000] {processor.py:183} INFO - Processing /home/airflow/.local/lib/python3.12/site-packages/airflow/example_dags/example_latest_only_with_trigger.py took 0.064 seconds
[2024-06-15T02:17:24.619+0000] {processor.py:161} INFO - Started process (PID=1590) to work on /home/airflow/.local/lib/python3.12/site-packages/airflow/example_dags/example_latest_only_with_trigger.py
[2024-06-15T02:17:24.619+0000] {processor.py:830} INFO - Processing file /home/airflow/.local/lib/python3.12/site-packages/airflow/example_dags/example_latest_only_with_trigger.py for tasks to queue
[2024-06-15T02:17:24.621+0000] {logging_mixin.py:188} INFO - [2024-06-15T02:17:24.621+0000] {dagbag.py:545} INFO - Filling up the DagBag from /home/airflow/.local/lib/python3.12/site-packages/airflow/example_dags/example_latest_only_with_trigger.py
[2024-06-15T02:17:24.625+0000] {processor.py:840} INFO - DAG(s) 'latest_only_with_trigger' retrieved from /home/airflow/.local/lib/python3.12/site-packages/airflow/example_dags/example_latest_only_with_trigger.py
[2024-06-15T02:17:24.643+0000] {logging_mixin.py:188} INFO - [2024-06-15T02:17:24.643+0000] {dag.py:3096} INFO - Sync 1 DAGs
[2024-06-15T02:17:24.662+0000] {logging_mixin.py:188} INFO - [2024-06-15T02:17:24.662+0000] {dag.py:3954} INFO - Setting next_dagrun for latest_only_with_trigger to 2024-06-14 20:00:00+00:00, run_after=2024-06-15 00:00:00+00:00
[2024-06-15T02:17:24.677+0000] {processor.py:183} INFO - Processing /home/airflow/.local/lib/python3.12/site-packages/airflow/example_dags/example_latest_only_with_trigger.py took 0.063 seconds
[2024-06-15T02:17:54.960+0000] {processor.py:161} INFO - Started process (PID=1648) to work on /home/airflow/.local/lib/python3.12/site-packages/airflow/example_dags/example_latest_only_with_trigger.py
[2024-06-15T02:17:54.961+0000] {processor.py:830} INFO - Processing file /home/airflow/.local/lib/python3.12/site-packages/airflow/example_dags/example_latest_only_with_trigger.py for tasks to queue
[2024-06-15T02:17:54.962+0000] {logging_mixin.py:188} INFO - [2024-06-15T02:17:54.962+0000] {dagbag.py:545} INFO - Filling up the DagBag from /home/airflow/.local/lib/python3.12/site-packages/airflow/example_dags/example_latest_only_with_trigger.py
[2024-06-15T02:17:54.966+0000] {processor.py:840} INFO - DAG(s) 'latest_only_with_trigger' retrieved from /home/airflow/.local/lib/python3.12/site-packages/airflow/example_dags/example_latest_only_with_trigger.py
[2024-06-15T02:17:54.984+0000] {logging_mixin.py:188} INFO - [2024-06-15T02:17:54.983+0000] {dag.py:3096} INFO - Sync 1 DAGs
[2024-06-15T02:17:55.003+0000] {logging_mixin.py:188} INFO - [2024-06-15T02:17:55.002+0000] {dag.py:3954} INFO - Setting next_dagrun for latest_only_with_trigger to 2024-06-14 20:00:00+00:00, run_after=2024-06-15 00:00:00+00:00
[2024-06-15T02:17:55.018+0000] {processor.py:183} INFO - Processing /home/airflow/.local/lib/python3.12/site-packages/airflow/example_dags/example_latest_only_with_trigger.py took 0.061 seconds
[2024-06-15T02:18:25.407+0000] {processor.py:161} INFO - Started process (PID=1706) to work on /home/airflow/.local/lib/python3.12/site-packages/airflow/example_dags/example_latest_only_with_trigger.py
[2024-06-15T02:18:25.408+0000] {processor.py:830} INFO - Processing file /home/airflow/.local/lib/python3.12/site-packages/airflow/example_dags/example_latest_only_with_trigger.py for tasks to queue
[2024-06-15T02:18:25.410+0000] {logging_mixin.py:188} INFO - [2024-06-15T02:18:25.409+0000] {dagbag.py:545} INFO - Filling up the DagBag from /home/airflow/.local/lib/python3.12/site-packages/airflow/example_dags/example_latest_only_with_trigger.py
[2024-06-15T02:18:25.415+0000] {processor.py:840} INFO - DAG(s) 'latest_only_with_trigger' retrieved from /home/airflow/.local/lib/python3.12/site-packages/airflow/example_dags/example_latest_only_with_trigger.py
[2024-06-15T02:18:25.433+0000] {logging_mixin.py:188} INFO - [2024-06-15T02:18:25.432+0000] {dag.py:3096} INFO - Sync 1 DAGs
[2024-06-15T02:18:25.455+0000] {logging_mixin.py:188} INFO - [2024-06-15T02:18:25.455+0000] {dag.py:3954} INFO - Setting next_dagrun for latest_only_with_trigger to 2024-06-14 20:00:00+00:00, run_after=2024-06-15 00:00:00+00:00
[2024-06-15T02:18:25.470+0000] {processor.py:183} INFO - Processing /home/airflow/.local/lib/python3.12/site-packages/airflow/example_dags/example_latest_only_with_trigger.py took 0.068 seconds
[2024-06-15T02:18:56.059+0000] {processor.py:161} INFO - Started process (PID=1764) to work on /home/airflow/.local/lib/python3.12/site-packages/airflow/example_dags/example_latest_only_with_trigger.py
[2024-06-15T02:18:56.059+0000] {processor.py:830} INFO - Processing file /home/airflow/.local/lib/python3.12/site-packages/airflow/example_dags/example_latest_only_with_trigger.py for tasks to queue
[2024-06-15T02:18:56.061+0000] {logging_mixin.py:188} INFO - [2024-06-15T02:18:56.060+0000] {dagbag.py:545} INFO - Filling up the DagBag from /home/airflow/.local/lib/python3.12/site-packages/airflow/example_dags/example_latest_only_with_trigger.py
[2024-06-15T02:18:56.065+0000] {processor.py:840} INFO - DAG(s) 'latest_only_with_trigger' retrieved from /home/airflow/.local/lib/python3.12/site-packages/airflow/example_dags/example_latest_only_with_trigger.py
[2024-06-15T02:18:56.081+0000] {logging_mixin.py:188} INFO - [2024-06-15T02:18:56.081+0000] {dag.py:3096} INFO - Sync 1 DAGs
[2024-06-15T02:18:56.102+0000] {logging_mixin.py:188} INFO - [2024-06-15T02:18:56.101+0000] {dag.py:3954} INFO - Setting next_dagrun for latest_only_with_trigger to 2024-06-14 20:00:00+00:00, run_after=2024-06-15 00:00:00+00:00
[2024-06-15T02:18:56.115+0000] {processor.py:183} INFO - Processing /home/airflow/.local/lib/python3.12/site-packages/airflow/example_dags/example_latest_only_with_trigger.py took 0.061 seconds
[2024-06-15T02:19:26.239+0000] {processor.py:161} INFO - Started process (PID=1822) to work on /home/airflow/.local/lib/python3.12/site-packages/airflow/example_dags/example_latest_only_with_trigger.py
[2024-06-15T02:19:26.240+0000] {processor.py:830} INFO - Processing file /home/airflow/.local/lib/python3.12/site-packages/airflow/example_dags/example_latest_only_with_trigger.py for tasks to queue
[2024-06-15T02:19:26.241+0000] {logging_mixin.py:188} INFO - [2024-06-15T02:19:26.241+0000] {dagbag.py:545} INFO - Filling up the DagBag from /home/airflow/.local/lib/python3.12/site-packages/airflow/example_dags/example_latest_only_with_trigger.py
[2024-06-15T02:19:26.245+0000] {processor.py:840} INFO - DAG(s) 'latest_only_with_trigger' retrieved from /home/airflow/.local/lib/python3.12/site-packages/airflow/example_dags/example_latest_only_with_trigger.py
[2024-06-15T02:19:26.263+0000] {logging_mixin.py:188} INFO - [2024-06-15T02:19:26.263+0000] {dag.py:3096} INFO - Sync 1 DAGs
[2024-06-15T02:19:26.281+0000] {logging_mixin.py:188} INFO - [2024-06-15T02:19:26.280+0000] {dag.py:3954} INFO - Setting next_dagrun for latest_only_with_trigger to 2024-06-14 20:00:00+00:00, run_after=2024-06-15 00:00:00+00:00
[2024-06-15T02:19:26.296+0000] {processor.py:183} INFO - Processing /home/airflow/.local/lib/python3.12/site-packages/airflow/example_dags/example_latest_only_with_trigger.py took 0.061 seconds
[2024-06-15T02:19:57.098+0000] {processor.py:161} INFO - Started process (PID=1880) to work on /home/airflow/.local/lib/python3.12/site-packages/airflow/example_dags/example_latest_only_with_trigger.py
[2024-06-15T02:19:57.098+0000] {processor.py:830} INFO - Processing file /home/airflow/.local/lib/python3.12/site-packages/airflow/example_dags/example_latest_only_with_trigger.py for tasks to queue
[2024-06-15T02:19:57.100+0000] {logging_mixin.py:188} INFO - [2024-06-15T02:19:57.099+0000] {dagbag.py:545} INFO - Filling up the DagBag from /home/airflow/.local/lib/python3.12/site-packages/airflow/example_dags/example_latest_only_with_trigger.py
[2024-06-15T02:19:57.104+0000] {processor.py:840} INFO - DAG(s) 'latest_only_with_trigger' retrieved from /home/airflow/.local/lib/python3.12/site-packages/airflow/example_dags/example_latest_only_with_trigger.py
[2024-06-15T02:19:57.120+0000] {logging_mixin.py:188} INFO - [2024-06-15T02:19:57.120+0000] {dag.py:3096} INFO - Sync 1 DAGs
[2024-06-15T02:19:57.139+0000] {logging_mixin.py:188} INFO - [2024-06-15T02:19:57.139+0000] {dag.py:3954} INFO - Setting next_dagrun for latest_only_with_trigger to 2024-06-14 20:00:00+00:00, run_after=2024-06-15 00:00:00+00:00
[2024-06-15T02:19:57.154+0000] {processor.py:183} INFO - Processing /home/airflow/.local/lib/python3.12/site-packages/airflow/example_dags/example_latest_only_with_trigger.py took 0.060 seconds
[2024-06-15T02:20:28.462+0000] {processor.py:161} INFO - Started process (PID=1938) to work on /home/airflow/.local/lib/python3.12/site-packages/airflow/example_dags/example_latest_only_with_trigger.py
[2024-06-15T02:20:28.462+0000] {processor.py:830} INFO - Processing file /home/airflow/.local/lib/python3.12/site-packages/airflow/example_dags/example_latest_only_with_trigger.py for tasks to queue
[2024-06-15T02:20:28.464+0000] {logging_mixin.py:188} INFO - [2024-06-15T02:20:28.463+0000] {dagbag.py:545} INFO - Filling up the DagBag from /home/airflow/.local/lib/python3.12/site-packages/airflow/example_dags/example_latest_only_with_trigger.py
[2024-06-15T02:20:28.468+0000] {processor.py:840} INFO - DAG(s) 'latest_only_with_trigger' retrieved from /home/airflow/.local/lib/python3.12/site-packages/airflow/example_dags/example_latest_only_with_trigger.py
[2024-06-15T02:20:28.485+0000] {logging_mixin.py:188} INFO - [2024-06-15T02:20:28.485+0000] {dag.py:3096} INFO - Sync 1 DAGs
[2024-06-15T02:20:28.503+0000] {logging_mixin.py:188} INFO - [2024-06-15T02:20:28.503+0000] {dag.py:3954} INFO - Setting next_dagrun for latest_only_with_trigger to 2024-06-14 20:00:00+00:00, run_after=2024-06-15 00:00:00+00:00
[2024-06-15T02:20:28.525+0000] {processor.py:183} INFO - Processing /home/airflow/.local/lib/python3.12/site-packages/airflow/example_dags/example_latest_only_with_trigger.py took 0.068 seconds
[2024-06-15T02:20:59.165+0000] {processor.py:161} INFO - Started process (PID=1996) to work on /home/airflow/.local/lib/python3.12/site-packages/airflow/example_dags/example_latest_only_with_trigger.py
[2024-06-15T02:20:59.166+0000] {processor.py:830} INFO - Processing file /home/airflow/.local/lib/python3.12/site-packages/airflow/example_dags/example_latest_only_with_trigger.py for tasks to queue
[2024-06-15T02:20:59.167+0000] {logging_mixin.py:188} INFO - [2024-06-15T02:20:59.167+0000] {dagbag.py:545} INFO - Filling up the DagBag from /home/airflow/.local/lib/python3.12/site-packages/airflow/example_dags/example_latest_only_with_trigger.py
[2024-06-15T02:20:59.171+0000] {processor.py:840} INFO - DAG(s) 'latest_only_with_trigger' retrieved from /home/airflow/.local/lib/python3.12/site-packages/airflow/example_dags/example_latest_only_with_trigger.py
[2024-06-15T02:20:59.190+0000] {logging_mixin.py:188} INFO - [2024-06-15T02:20:59.190+0000] {dag.py:3096} INFO - Sync 1 DAGs
[2024-06-15T02:20:59.209+0000] {logging_mixin.py:188} INFO - [2024-06-15T02:20:59.209+0000] {dag.py:3954} INFO - Setting next_dagrun for latest_only_with_trigger to 2024-06-14 20:00:00+00:00, run_after=2024-06-15 00:00:00+00:00
[2024-06-15T02:20:59.225+0000] {processor.py:183} INFO - Processing /home/airflow/.local/lib/python3.12/site-packages/airflow/example_dags/example_latest_only_with_trigger.py took 0.065 seconds
[2024-06-15T02:21:29.473+0000] {processor.py:161} INFO - Started process (PID=2054) to work on /home/airflow/.local/lib/python3.12/site-packages/airflow/example_dags/example_latest_only_with_trigger.py
[2024-06-15T02:21:29.474+0000] {processor.py:830} INFO - Processing file /home/airflow/.local/lib/python3.12/site-packages/airflow/example_dags/example_latest_only_with_trigger.py for tasks to queue
[2024-06-15T02:21:29.476+0000] {logging_mixin.py:188} INFO - [2024-06-15T02:21:29.475+0000] {dagbag.py:545} INFO - Filling up the DagBag from /home/airflow/.local/lib/python3.12/site-packages/airflow/example_dags/example_latest_only_with_trigger.py
[2024-06-15T02:21:29.479+0000] {processor.py:840} INFO - DAG(s) 'latest_only_with_trigger' retrieved from /home/airflow/.local/lib/python3.12/site-packages/airflow/example_dags/example_latest_only_with_trigger.py
[2024-06-15T02:21:29.496+0000] {logging_mixin.py:188} INFO - [2024-06-15T02:21:29.496+0000] {dag.py:3096} INFO - Sync 1 DAGs
[2024-06-15T02:21:29.516+0000] {logging_mixin.py:188} INFO - [2024-06-15T02:21:29.515+0000] {dag.py:3954} INFO - Setting next_dagrun for latest_only_with_trigger to 2024-06-14 20:00:00+00:00, run_after=2024-06-15 00:00:00+00:00
[2024-06-15T02:21:29.533+0000] {processor.py:183} INFO - Processing /home/airflow/.local/lib/python3.12/site-packages/airflow/example_dags/example_latest_only_with_trigger.py took 0.064 seconds
[2024-06-15T02:22:00.110+0000] {processor.py:161} INFO - Started process (PID=2112) to work on /home/airflow/.local/lib/python3.12/site-packages/airflow/example_dags/example_latest_only_with_trigger.py
[2024-06-15T02:22:00.111+0000] {processor.py:830} INFO - Processing file /home/airflow/.local/lib/python3.12/site-packages/airflow/example_dags/example_latest_only_with_trigger.py for tasks to queue
[2024-06-15T02:22:00.113+0000] {logging_mixin.py:188} INFO - [2024-06-15T02:22:00.112+0000] {dagbag.py:545} INFO - Filling up the DagBag from /home/airflow/.local/lib/python3.12/site-packages/airflow/example_dags/example_latest_only_with_trigger.py
[2024-06-15T02:22:00.118+0000] {processor.py:840} INFO - DAG(s) 'latest_only_with_trigger' retrieved from /home/airflow/.local/lib/python3.12/site-packages/airflow/example_dags/example_latest_only_with_trigger.py
[2024-06-15T02:22:00.138+0000] {logging_mixin.py:188} INFO - [2024-06-15T02:22:00.137+0000] {dag.py:3096} INFO - Sync 1 DAGs
[2024-06-15T02:22:00.157+0000] {logging_mixin.py:188} INFO - [2024-06-15T02:22:00.157+0000] {dag.py:3954} INFO - Setting next_dagrun for latest_only_with_trigger to 2024-06-14 20:00:00+00:00, run_after=2024-06-15 00:00:00+00:00
[2024-06-15T02:22:00.173+0000] {processor.py:183} INFO - Processing /home/airflow/.local/lib/python3.12/site-packages/airflow/example_dags/example_latest_only_with_trigger.py took 0.067 seconds
[2024-06-15T02:22:30.357+0000] {processor.py:161} INFO - Started process (PID=2170) to work on /home/airflow/.local/lib/python3.12/site-packages/airflow/example_dags/example_latest_only_with_trigger.py
[2024-06-15T02:22:30.358+0000] {processor.py:830} INFO - Processing file /home/airflow/.local/lib/python3.12/site-packages/airflow/example_dags/example_latest_only_with_trigger.py for tasks to queue
[2024-06-15T02:22:30.359+0000] {logging_mixin.py:188} INFO - [2024-06-15T02:22:30.359+0000] {dagbag.py:545} INFO - Filling up the DagBag from /home/airflow/.local/lib/python3.12/site-packages/airflow/example_dags/example_latest_only_with_trigger.py
[2024-06-15T02:22:30.363+0000] {processor.py:840} INFO - DAG(s) 'latest_only_with_trigger' retrieved from /home/airflow/.local/lib/python3.12/site-packages/airflow/example_dags/example_latest_only_with_trigger.py
[2024-06-15T02:22:30.380+0000] {logging_mixin.py:188} INFO - [2024-06-15T02:22:30.380+0000] {dag.py:3096} INFO - Sync 1 DAGs
[2024-06-15T02:22:30.399+0000] {logging_mixin.py:188} INFO - [2024-06-15T02:22:30.399+0000] {dag.py:3954} INFO - Setting next_dagrun for latest_only_with_trigger to 2024-06-14 20:00:00+00:00, run_after=2024-06-15 00:00:00+00:00
[2024-06-15T02:22:30.413+0000] {processor.py:183} INFO - Processing /home/airflow/.local/lib/python3.12/site-packages/airflow/example_dags/example_latest_only_with_trigger.py took 0.060 seconds
[2024-06-15T02:23:00.557+0000] {processor.py:161} INFO - Started process (PID=2228) to work on /home/airflow/.local/lib/python3.12/site-packages/airflow/example_dags/example_latest_only_with_trigger.py
[2024-06-15T02:23:00.557+0000] {processor.py:830} INFO - Processing file /home/airflow/.local/lib/python3.12/site-packages/airflow/example_dags/example_latest_only_with_trigger.py for tasks to queue
[2024-06-15T02:23:00.559+0000] {logging_mixin.py:188} INFO - [2024-06-15T02:23:00.559+0000] {dagbag.py:545} INFO - Filling up the DagBag from /home/airflow/.local/lib/python3.12/site-packages/airflow/example_dags/example_latest_only_with_trigger.py
[2024-06-15T02:23:00.564+0000] {processor.py:840} INFO - DAG(s) 'latest_only_with_trigger' retrieved from /home/airflow/.local/lib/python3.12/site-packages/airflow/example_dags/example_latest_only_with_trigger.py
[2024-06-15T02:23:00.579+0000] {logging_mixin.py:188} INFO - [2024-06-15T02:23:00.579+0000] {dag.py:3096} INFO - Sync 1 DAGs
[2024-06-15T02:23:00.599+0000] {logging_mixin.py:188} INFO - [2024-06-15T02:23:00.599+0000] {dag.py:3954} INFO - Setting next_dagrun for latest_only_with_trigger to 2024-06-14 20:00:00+00:00, run_after=2024-06-15 00:00:00+00:00
[2024-06-15T02:23:00.613+0000] {processor.py:183} INFO - Processing /home/airflow/.local/lib/python3.12/site-packages/airflow/example_dags/example_latest_only_with_trigger.py took 0.061 seconds
[2024-06-15T02:23:30.858+0000] {processor.py:161} INFO - Started process (PID=2286) to work on /home/airflow/.local/lib/python3.12/site-packages/airflow/example_dags/example_latest_only_with_trigger.py
[2024-06-15T02:23:30.858+0000] {processor.py:830} INFO - Processing file /home/airflow/.local/lib/python3.12/site-packages/airflow/example_dags/example_latest_only_with_trigger.py for tasks to queue
[2024-06-15T02:23:30.860+0000] {logging_mixin.py:188} INFO - [2024-06-15T02:23:30.859+0000] {dagbag.py:545} INFO - Filling up the DagBag from /home/airflow/.local/lib/python3.12/site-packages/airflow/example_dags/example_latest_only_with_trigger.py
[2024-06-15T02:23:30.863+0000] {processor.py:840} INFO - DAG(s) 'latest_only_with_trigger' retrieved from /home/airflow/.local/lib/python3.12/site-packages/airflow/example_dags/example_latest_only_with_trigger.py
[2024-06-15T02:23:30.880+0000] {logging_mixin.py:188} INFO - [2024-06-15T02:23:30.880+0000] {dag.py:3096} INFO - Sync 1 DAGs
[2024-06-15T02:23:30.897+0000] {logging_mixin.py:188} INFO - [2024-06-15T02:23:30.897+0000] {dag.py:3954} INFO - Setting next_dagrun for latest_only_with_trigger to 2024-06-14 20:00:00+00:00, run_after=2024-06-15 00:00:00+00:00
[2024-06-15T02:23:30.911+0000] {processor.py:183} INFO - Processing /home/airflow/.local/lib/python3.12/site-packages/airflow/example_dags/example_latest_only_with_trigger.py took 0.057 seconds
[2024-06-15T02:24:01.028+0000] {processor.py:161} INFO - Started process (PID=2344) to work on /home/airflow/.local/lib/python3.12/site-packages/airflow/example_dags/example_latest_only_with_trigger.py
[2024-06-15T02:24:01.029+0000] {processor.py:830} INFO - Processing file /home/airflow/.local/lib/python3.12/site-packages/airflow/example_dags/example_latest_only_with_trigger.py for tasks to queue
[2024-06-15T02:24:01.030+0000] {logging_mixin.py:188} INFO - [2024-06-15T02:24:01.030+0000] {dagbag.py:545} INFO - Filling up the DagBag from /home/airflow/.local/lib/python3.12/site-packages/airflow/example_dags/example_latest_only_with_trigger.py
[2024-06-15T02:24:01.034+0000] {processor.py:840} INFO - DAG(s) 'latest_only_with_trigger' retrieved from /home/airflow/.local/lib/python3.12/site-packages/airflow/example_dags/example_latest_only_with_trigger.py
[2024-06-15T02:24:01.049+0000] {logging_mixin.py:188} INFO - [2024-06-15T02:24:01.049+0000] {dag.py:3096} INFO - Sync 1 DAGs
[2024-06-15T02:24:01.069+0000] {logging_mixin.py:188} INFO - [2024-06-15T02:24:01.068+0000] {dag.py:3954} INFO - Setting next_dagrun for latest_only_with_trigger to 2024-06-14 20:00:00+00:00, run_after=2024-06-15 00:00:00+00:00
[2024-06-15T02:24:01.082+0000] {processor.py:183} INFO - Processing /home/airflow/.local/lib/python3.12/site-packages/airflow/example_dags/example_latest_only_with_trigger.py took 0.057 seconds
