[2024-06-15T02:04:08.878+0000] {processor.py:161} INFO - Started process (PID=64) to work on /home/airflow/.local/lib/python3.12/site-packages/airflow/example_dags/example_branch_labels.py
[2024-06-15T02:04:08.879+0000] {processor.py:830} INFO - Processing file /home/airflow/.local/lib/python3.12/site-packages/airflow/example_dags/example_branch_labels.py for tasks to queue
[2024-06-15T02:04:08.881+0000] {logging_mixin.py:188} INFO - [2024-06-15T02:04:08.881+0000] {dagbag.py:545} INFO - Filling up the DagBag from /home/airflow/.local/lib/python3.12/site-packages/airflow/example_dags/example_branch_labels.py
[2024-06-15T02:04:08.895+0000] {processor.py:840} INFO - DAG(s) 'example_branch_labels' retrieved from /home/airflow/.local/lib/python3.12/site-packages/airflow/example_dags/example_branch_labels.py
[2024-06-15T02:04:08.910+0000] {logging_mixin.py:188} INFO - [2024-06-15T02:04:08.910+0000] {dag.py:3096} INFO - Sync 1 DAGs
[2024-06-15T02:04:08.951+0000] {logging_mixin.py:188} INFO - [2024-06-15T02:04:08.951+0000] {dag.py:3954} INFO - Setting next_dagrun for example_branch_labels to 2024-06-14 00:00:00+00:00, run_after=2024-06-15 00:00:00+00:00
[2024-06-15T02:04:08.973+0000] {processor.py:183} INFO - Processing /home/airflow/.local/lib/python3.12/site-packages/airflow/example_dags/example_branch_labels.py took 0.101 seconds
[2024-06-15T02:04:39.843+0000] {processor.py:161} INFO - Started process (PID=122) to work on /home/airflow/.local/lib/python3.12/site-packages/airflow/example_dags/example_branch_labels.py
[2024-06-15T02:04:39.844+0000] {processor.py:830} INFO - Processing file /home/airflow/.local/lib/python3.12/site-packages/airflow/example_dags/example_branch_labels.py for tasks to queue
[2024-06-15T02:04:39.845+0000] {logging_mixin.py:188} INFO - [2024-06-15T02:04:39.845+0000] {dagbag.py:545} INFO - Filling up the DagBag from /home/airflow/.local/lib/python3.12/site-packages/airflow/example_dags/example_branch_labels.py
[2024-06-15T02:04:39.851+0000] {processor.py:840} INFO - DAG(s) 'example_branch_labels' retrieved from /home/airflow/.local/lib/python3.12/site-packages/airflow/example_dags/example_branch_labels.py
[2024-06-15T02:04:39.945+0000] {logging_mixin.py:188} INFO - [2024-06-15T02:04:39.945+0000] {dag.py:3096} INFO - Sync 1 DAGs
[2024-06-15T02:04:39.962+0000] {logging_mixin.py:188} INFO - [2024-06-15T02:04:39.962+0000] {dag.py:3954} INFO - Setting next_dagrun for example_branch_labels to 2024-06-14 00:00:00+00:00, run_after=2024-06-15 00:00:00+00:00
[2024-06-15T02:04:39.979+0000] {processor.py:183} INFO - Processing /home/airflow/.local/lib/python3.12/site-packages/airflow/example_dags/example_branch_labels.py took 0.140 seconds
[2024-06-15T02:05:10.093+0000] {processor.py:161} INFO - Started process (PID=180) to work on /home/airflow/.local/lib/python3.12/site-packages/airflow/example_dags/example_branch_labels.py
[2024-06-15T02:05:10.094+0000] {processor.py:830} INFO - Processing file /home/airflow/.local/lib/python3.12/site-packages/airflow/example_dags/example_branch_labels.py for tasks to queue
[2024-06-15T02:05:10.095+0000] {logging_mixin.py:188} INFO - [2024-06-15T02:05:10.095+0000] {dagbag.py:545} INFO - Filling up the DagBag from /home/airflow/.local/lib/python3.12/site-packages/airflow/example_dags/example_branch_labels.py
[2024-06-15T02:05:10.101+0000] {processor.py:840} INFO - DAG(s) 'example_branch_labels' retrieved from /home/airflow/.local/lib/python3.12/site-packages/airflow/example_dags/example_branch_labels.py
[2024-06-15T02:05:10.118+0000] {logging_mixin.py:188} INFO - [2024-06-15T02:05:10.117+0000] {dag.py:3096} INFO - Sync 1 DAGs
[2024-06-15T02:05:10.135+0000] {logging_mixin.py:188} INFO - [2024-06-15T02:05:10.135+0000] {dag.py:3954} INFO - Setting next_dagrun for example_branch_labels to 2024-06-14 00:00:00+00:00, run_after=2024-06-15 00:00:00+00:00
[2024-06-15T02:05:10.151+0000] {processor.py:183} INFO - Processing /home/airflow/.local/lib/python3.12/site-packages/airflow/example_dags/example_branch_labels.py took 0.062 seconds
[2024-06-15T02:05:40.443+0000] {processor.py:161} INFO - Started process (PID=238) to work on /home/airflow/.local/lib/python3.12/site-packages/airflow/example_dags/example_branch_labels.py
[2024-06-15T02:05:40.444+0000] {processor.py:830} INFO - Processing file /home/airflow/.local/lib/python3.12/site-packages/airflow/example_dags/example_branch_labels.py for tasks to queue
[2024-06-15T02:05:40.445+0000] {logging_mixin.py:188} INFO - [2024-06-15T02:05:40.445+0000] {dagbag.py:545} INFO - Filling up the DagBag from /home/airflow/.local/lib/python3.12/site-packages/airflow/example_dags/example_branch_labels.py
[2024-06-15T02:05:40.451+0000] {processor.py:840} INFO - DAG(s) 'example_branch_labels' retrieved from /home/airflow/.local/lib/python3.12/site-packages/airflow/example_dags/example_branch_labels.py
[2024-06-15T02:05:40.468+0000] {logging_mixin.py:188} INFO - [2024-06-15T02:05:40.468+0000] {dag.py:3096} INFO - Sync 1 DAGs
[2024-06-15T02:05:40.489+0000] {logging_mixin.py:188} INFO - [2024-06-15T02:05:40.489+0000] {dag.py:3954} INFO - Setting next_dagrun for example_branch_labels to 2024-06-14 00:00:00+00:00, run_after=2024-06-15 00:00:00+00:00
[2024-06-15T02:05:40.503+0000] {processor.py:183} INFO - Processing /home/airflow/.local/lib/python3.12/site-packages/airflow/example_dags/example_branch_labels.py took 0.064 seconds
[2024-06-15T02:06:10.739+0000] {processor.py:161} INFO - Started process (PID=296) to work on /home/airflow/.local/lib/python3.12/site-packages/airflow/example_dags/example_branch_labels.py
[2024-06-15T02:06:10.740+0000] {processor.py:830} INFO - Processing file /home/airflow/.local/lib/python3.12/site-packages/airflow/example_dags/example_branch_labels.py for tasks to queue
[2024-06-15T02:06:10.741+0000] {logging_mixin.py:188} INFO - [2024-06-15T02:06:10.741+0000] {dagbag.py:545} INFO - Filling up the DagBag from /home/airflow/.local/lib/python3.12/site-packages/airflow/example_dags/example_branch_labels.py
[2024-06-15T02:06:10.747+0000] {processor.py:840} INFO - DAG(s) 'example_branch_labels' retrieved from /home/airflow/.local/lib/python3.12/site-packages/airflow/example_dags/example_branch_labels.py
[2024-06-15T02:06:10.764+0000] {logging_mixin.py:188} INFO - [2024-06-15T02:06:10.764+0000] {dag.py:3096} INFO - Sync 1 DAGs
[2024-06-15T02:06:10.783+0000] {logging_mixin.py:188} INFO - [2024-06-15T02:06:10.783+0000] {dag.py:3954} INFO - Setting next_dagrun for example_branch_labels to 2024-06-14 00:00:00+00:00, run_after=2024-06-15 00:00:00+00:00
[2024-06-15T02:06:10.798+0000] {processor.py:183} INFO - Processing /home/airflow/.local/lib/python3.12/site-packages/airflow/example_dags/example_branch_labels.py took 0.063 seconds
[2024-06-15T02:06:41.674+0000] {processor.py:161} INFO - Started process (PID=354) to work on /home/airflow/.local/lib/python3.12/site-packages/airflow/example_dags/example_branch_labels.py
[2024-06-15T02:06:41.675+0000] {processor.py:830} INFO - Processing file /home/airflow/.local/lib/python3.12/site-packages/airflow/example_dags/example_branch_labels.py for tasks to queue
[2024-06-15T02:06:41.676+0000] {logging_mixin.py:188} INFO - [2024-06-15T02:06:41.676+0000] {dagbag.py:545} INFO - Filling up the DagBag from /home/airflow/.local/lib/python3.12/site-packages/airflow/example_dags/example_branch_labels.py
[2024-06-15T02:06:41.682+0000] {processor.py:840} INFO - DAG(s) 'example_branch_labels' retrieved from /home/airflow/.local/lib/python3.12/site-packages/airflow/example_dags/example_branch_labels.py
[2024-06-15T02:06:41.699+0000] {logging_mixin.py:188} INFO - [2024-06-15T02:06:41.699+0000] {dag.py:3096} INFO - Sync 1 DAGs
[2024-06-15T02:06:41.718+0000] {logging_mixin.py:188} INFO - [2024-06-15T02:06:41.718+0000] {dag.py:3954} INFO - Setting next_dagrun for example_branch_labels to 2024-06-14 00:00:00+00:00, run_after=2024-06-15 00:00:00+00:00
[2024-06-15T02:06:41.732+0000] {processor.py:183} INFO - Processing /home/airflow/.local/lib/python3.12/site-packages/airflow/example_dags/example_branch_labels.py took 0.063 seconds
[2024-06-15T02:07:12.740+0000] {processor.py:161} INFO - Started process (PID=412) to work on /home/airflow/.local/lib/python3.12/site-packages/airflow/example_dags/example_branch_labels.py
[2024-06-15T02:07:12.741+0000] {processor.py:830} INFO - Processing file /home/airflow/.local/lib/python3.12/site-packages/airflow/example_dags/example_branch_labels.py for tasks to queue
[2024-06-15T02:07:12.743+0000] {logging_mixin.py:188} INFO - [2024-06-15T02:07:12.742+0000] {dagbag.py:545} INFO - Filling up the DagBag from /home/airflow/.local/lib/python3.12/site-packages/airflow/example_dags/example_branch_labels.py
[2024-06-15T02:07:12.750+0000] {processor.py:840} INFO - DAG(s) 'example_branch_labels' retrieved from /home/airflow/.local/lib/python3.12/site-packages/airflow/example_dags/example_branch_labels.py
[2024-06-15T02:07:12.766+0000] {logging_mixin.py:188} INFO - [2024-06-15T02:07:12.766+0000] {dag.py:3096} INFO - Sync 1 DAGs
[2024-06-15T02:07:12.784+0000] {logging_mixin.py:188} INFO - [2024-06-15T02:07:12.784+0000] {dag.py:3954} INFO - Setting next_dagrun for example_branch_labels to 2024-06-14 00:00:00+00:00, run_after=2024-06-15 00:00:00+00:00
[2024-06-15T02:07:12.798+0000] {processor.py:183} INFO - Processing /home/airflow/.local/lib/python3.12/site-packages/airflow/example_dags/example_branch_labels.py took 0.063 seconds
[2024-06-15T02:07:43.609+0000] {processor.py:161} INFO - Started process (PID=470) to work on /home/airflow/.local/lib/python3.12/site-packages/airflow/example_dags/example_branch_labels.py
[2024-06-15T02:07:43.609+0000] {processor.py:830} INFO - Processing file /home/airflow/.local/lib/python3.12/site-packages/airflow/example_dags/example_branch_labels.py for tasks to queue
[2024-06-15T02:07:43.611+0000] {logging_mixin.py:188} INFO - [2024-06-15T02:07:43.610+0000] {dagbag.py:545} INFO - Filling up the DagBag from /home/airflow/.local/lib/python3.12/site-packages/airflow/example_dags/example_branch_labels.py
[2024-06-15T02:07:43.617+0000] {processor.py:840} INFO - DAG(s) 'example_branch_labels' retrieved from /home/airflow/.local/lib/python3.12/site-packages/airflow/example_dags/example_branch_labels.py
[2024-06-15T02:07:43.636+0000] {logging_mixin.py:188} INFO - [2024-06-15T02:07:43.635+0000] {dag.py:3096} INFO - Sync 1 DAGs
[2024-06-15T02:07:43.653+0000] {logging_mixin.py:188} INFO - [2024-06-15T02:07:43.653+0000] {dag.py:3954} INFO - Setting next_dagrun for example_branch_labels to 2024-06-14 00:00:00+00:00, run_after=2024-06-15 00:00:00+00:00
[2024-06-15T02:07:43.667+0000] {processor.py:183} INFO - Processing /home/airflow/.local/lib/python3.12/site-packages/airflow/example_dags/example_branch_labels.py took 0.062 seconds
[2024-06-15T02:08:13.968+0000] {processor.py:161} INFO - Started process (PID=528) to work on /home/airflow/.local/lib/python3.12/site-packages/airflow/example_dags/example_branch_labels.py
[2024-06-15T02:08:13.969+0000] {processor.py:830} INFO - Processing file /home/airflow/.local/lib/python3.12/site-packages/airflow/example_dags/example_branch_labels.py for tasks to queue
[2024-06-15T02:08:13.970+0000] {logging_mixin.py:188} INFO - [2024-06-15T02:08:13.970+0000] {dagbag.py:545} INFO - Filling up the DagBag from /home/airflow/.local/lib/python3.12/site-packages/airflow/example_dags/example_branch_labels.py
[2024-06-15T02:08:13.977+0000] {processor.py:840} INFO - DAG(s) 'example_branch_labels' retrieved from /home/airflow/.local/lib/python3.12/site-packages/airflow/example_dags/example_branch_labels.py
[2024-06-15T02:08:13.995+0000] {logging_mixin.py:188} INFO - [2024-06-15T02:08:13.994+0000] {dag.py:3096} INFO - Sync 1 DAGs
[2024-06-15T02:08:14.014+0000] {logging_mixin.py:188} INFO - [2024-06-15T02:08:14.014+0000] {dag.py:3954} INFO - Setting next_dagrun for example_branch_labels to 2024-06-14 00:00:00+00:00, run_after=2024-06-15 00:00:00+00:00
[2024-06-15T02:08:14.028+0000] {processor.py:183} INFO - Processing /home/airflow/.local/lib/python3.12/site-packages/airflow/example_dags/example_branch_labels.py took 0.064 seconds
[2024-06-15T02:08:44.425+0000] {processor.py:161} INFO - Started process (PID=586) to work on /home/airflow/.local/lib/python3.12/site-packages/airflow/example_dags/example_branch_labels.py
[2024-06-15T02:08:44.426+0000] {processor.py:830} INFO - Processing file /home/airflow/.local/lib/python3.12/site-packages/airflow/example_dags/example_branch_labels.py for tasks to queue
[2024-06-15T02:08:44.427+0000] {logging_mixin.py:188} INFO - [2024-06-15T02:08:44.427+0000] {dagbag.py:545} INFO - Filling up the DagBag from /home/airflow/.local/lib/python3.12/site-packages/airflow/example_dags/example_branch_labels.py
[2024-06-15T02:08:44.434+0000] {processor.py:840} INFO - DAG(s) 'example_branch_labels' retrieved from /home/airflow/.local/lib/python3.12/site-packages/airflow/example_dags/example_branch_labels.py
[2024-06-15T02:08:44.450+0000] {logging_mixin.py:188} INFO - [2024-06-15T02:08:44.450+0000] {dag.py:3096} INFO - Sync 1 DAGs
[2024-06-15T02:08:44.469+0000] {logging_mixin.py:188} INFO - [2024-06-15T02:08:44.469+0000] {dag.py:3954} INFO - Setting next_dagrun for example_branch_labels to 2024-06-14 00:00:00+00:00, run_after=2024-06-15 00:00:00+00:00
[2024-06-15T02:08:44.483+0000] {processor.py:183} INFO - Processing /home/airflow/.local/lib/python3.12/site-packages/airflow/example_dags/example_branch_labels.py took 0.064 seconds
[2024-06-15T02:09:14.928+0000] {processor.py:161} INFO - Started process (PID=644) to work on /home/airflow/.local/lib/python3.12/site-packages/airflow/example_dags/example_branch_labels.py
[2024-06-15T02:09:14.929+0000] {processor.py:830} INFO - Processing file /home/airflow/.local/lib/python3.12/site-packages/airflow/example_dags/example_branch_labels.py for tasks to queue
[2024-06-15T02:09:14.930+0000] {logging_mixin.py:188} INFO - [2024-06-15T02:09:14.930+0000] {dagbag.py:545} INFO - Filling up the DagBag from /home/airflow/.local/lib/python3.12/site-packages/airflow/example_dags/example_branch_labels.py
[2024-06-15T02:09:14.937+0000] {processor.py:840} INFO - DAG(s) 'example_branch_labels' retrieved from /home/airflow/.local/lib/python3.12/site-packages/airflow/example_dags/example_branch_labels.py
[2024-06-15T02:09:14.955+0000] {logging_mixin.py:188} INFO - [2024-06-15T02:09:14.955+0000] {dag.py:3096} INFO - Sync 1 DAGs
[2024-06-15T02:09:14.978+0000] {logging_mixin.py:188} INFO - [2024-06-15T02:09:14.978+0000] {dag.py:3954} INFO - Setting next_dagrun for example_branch_labels to 2024-06-14 00:00:00+00:00, run_after=2024-06-15 00:00:00+00:00
[2024-06-15T02:09:14.996+0000] {processor.py:183} INFO - Processing /home/airflow/.local/lib/python3.12/site-packages/airflow/example_dags/example_branch_labels.py took 0.073 seconds
[2024-06-15T02:09:45.076+0000] {processor.py:161} INFO - Started process (PID=702) to work on /home/airflow/.local/lib/python3.12/site-packages/airflow/example_dags/example_branch_labels.py
[2024-06-15T02:09:45.076+0000] {processor.py:830} INFO - Processing file /home/airflow/.local/lib/python3.12/site-packages/airflow/example_dags/example_branch_labels.py for tasks to queue
[2024-06-15T02:09:45.078+0000] {logging_mixin.py:188} INFO - [2024-06-15T02:09:45.077+0000] {dagbag.py:545} INFO - Filling up the DagBag from /home/airflow/.local/lib/python3.12/site-packages/airflow/example_dags/example_branch_labels.py
[2024-06-15T02:09:45.084+0000] {processor.py:840} INFO - DAG(s) 'example_branch_labels' retrieved from /home/airflow/.local/lib/python3.12/site-packages/airflow/example_dags/example_branch_labels.py
[2024-06-15T02:09:45.102+0000] {logging_mixin.py:188} INFO - [2024-06-15T02:09:45.102+0000] {dag.py:3096} INFO - Sync 1 DAGs
[2024-06-15T02:09:45.122+0000] {logging_mixin.py:188} INFO - [2024-06-15T02:09:45.122+0000] {dag.py:3954} INFO - Setting next_dagrun for example_branch_labels to 2024-06-14 00:00:00+00:00, run_after=2024-06-15 00:00:00+00:00
[2024-06-15T02:09:45.137+0000] {processor.py:183} INFO - Processing /home/airflow/.local/lib/python3.12/site-packages/airflow/example_dags/example_branch_labels.py took 0.066 seconds
[2024-06-15T02:10:16.119+0000] {processor.py:161} INFO - Started process (PID=760) to work on /home/airflow/.local/lib/python3.12/site-packages/airflow/example_dags/example_branch_labels.py
[2024-06-15T02:10:16.119+0000] {processor.py:830} INFO - Processing file /home/airflow/.local/lib/python3.12/site-packages/airflow/example_dags/example_branch_labels.py for tasks to queue
[2024-06-15T02:10:16.121+0000] {logging_mixin.py:188} INFO - [2024-06-15T02:10:16.120+0000] {dagbag.py:545} INFO - Filling up the DagBag from /home/airflow/.local/lib/python3.12/site-packages/airflow/example_dags/example_branch_labels.py
[2024-06-15T02:10:16.126+0000] {processor.py:840} INFO - DAG(s) 'example_branch_labels' retrieved from /home/airflow/.local/lib/python3.12/site-packages/airflow/example_dags/example_branch_labels.py
[2024-06-15T02:10:16.145+0000] {logging_mixin.py:188} INFO - [2024-06-15T02:10:16.145+0000] {dag.py:3096} INFO - Sync 1 DAGs
[2024-06-15T02:10:16.166+0000] {logging_mixin.py:188} INFO - [2024-06-15T02:10:16.165+0000] {dag.py:3954} INFO - Setting next_dagrun for example_branch_labels to 2024-06-14 00:00:00+00:00, run_after=2024-06-15 00:00:00+00:00
[2024-06-15T02:10:16.180+0000] {processor.py:183} INFO - Processing /home/airflow/.local/lib/python3.12/site-packages/airflow/example_dags/example_branch_labels.py took 0.065 seconds
[2024-06-15T02:10:46.685+0000] {processor.py:161} INFO - Started process (PID=818) to work on /home/airflow/.local/lib/python3.12/site-packages/airflow/example_dags/example_branch_labels.py
[2024-06-15T02:10:46.686+0000] {processor.py:830} INFO - Processing file /home/airflow/.local/lib/python3.12/site-packages/airflow/example_dags/example_branch_labels.py for tasks to queue
[2024-06-15T02:10:46.688+0000] {logging_mixin.py:188} INFO - [2024-06-15T02:10:46.687+0000] {dagbag.py:545} INFO - Filling up the DagBag from /home/airflow/.local/lib/python3.12/site-packages/airflow/example_dags/example_branch_labels.py
[2024-06-15T02:10:46.694+0000] {processor.py:840} INFO - DAG(s) 'example_branch_labels' retrieved from /home/airflow/.local/lib/python3.12/site-packages/airflow/example_dags/example_branch_labels.py
[2024-06-15T02:10:46.714+0000] {logging_mixin.py:188} INFO - [2024-06-15T02:10:46.714+0000] {dag.py:3096} INFO - Sync 1 DAGs
[2024-06-15T02:10:46.737+0000] {logging_mixin.py:188} INFO - [2024-06-15T02:10:46.737+0000] {dag.py:3954} INFO - Setting next_dagrun for example_branch_labels to 2024-06-14 00:00:00+00:00, run_after=2024-06-15 00:00:00+00:00
[2024-06-15T02:10:46.765+0000] {processor.py:183} INFO - Processing /home/airflow/.local/lib/python3.12/site-packages/airflow/example_dags/example_branch_labels.py took 0.085 seconds
[2024-06-15T02:11:17.191+0000] {processor.py:161} INFO - Started process (PID=876) to work on /home/airflow/.local/lib/python3.12/site-packages/airflow/example_dags/example_branch_labels.py
[2024-06-15T02:11:17.192+0000] {processor.py:830} INFO - Processing file /home/airflow/.local/lib/python3.12/site-packages/airflow/example_dags/example_branch_labels.py for tasks to queue
[2024-06-15T02:11:17.194+0000] {logging_mixin.py:188} INFO - [2024-06-15T02:11:17.193+0000] {dagbag.py:545} INFO - Filling up the DagBag from /home/airflow/.local/lib/python3.12/site-packages/airflow/example_dags/example_branch_labels.py
[2024-06-15T02:11:17.200+0000] {processor.py:840} INFO - DAG(s) 'example_branch_labels' retrieved from /home/airflow/.local/lib/python3.12/site-packages/airflow/example_dags/example_branch_labels.py
[2024-06-15T02:11:17.217+0000] {logging_mixin.py:188} INFO - [2024-06-15T02:11:17.217+0000] {dag.py:3096} INFO - Sync 1 DAGs
[2024-06-15T02:11:17.237+0000] {logging_mixin.py:188} INFO - [2024-06-15T02:11:17.237+0000] {dag.py:3954} INFO - Setting next_dagrun for example_branch_labels to 2024-06-14 00:00:00+00:00, run_after=2024-06-15 00:00:00+00:00
[2024-06-15T02:11:17.252+0000] {processor.py:183} INFO - Processing /home/airflow/.local/lib/python3.12/site-packages/airflow/example_dags/example_branch_labels.py took 0.065 seconds
[2024-06-15T02:11:47.708+0000] {processor.py:161} INFO - Started process (PID=934) to work on /home/airflow/.local/lib/python3.12/site-packages/airflow/example_dags/example_branch_labels.py
[2024-06-15T02:11:47.709+0000] {processor.py:830} INFO - Processing file /home/airflow/.local/lib/python3.12/site-packages/airflow/example_dags/example_branch_labels.py for tasks to queue
[2024-06-15T02:11:47.710+0000] {logging_mixin.py:188} INFO - [2024-06-15T02:11:47.710+0000] {dagbag.py:545} INFO - Filling up the DagBag from /home/airflow/.local/lib/python3.12/site-packages/airflow/example_dags/example_branch_labels.py
[2024-06-15T02:11:47.717+0000] {processor.py:840} INFO - DAG(s) 'example_branch_labels' retrieved from /home/airflow/.local/lib/python3.12/site-packages/airflow/example_dags/example_branch_labels.py
[2024-06-15T02:11:47.733+0000] {logging_mixin.py:188} INFO - [2024-06-15T02:11:47.733+0000] {dag.py:3096} INFO - Sync 1 DAGs
[2024-06-15T02:11:47.752+0000] {logging_mixin.py:188} INFO - [2024-06-15T02:11:47.752+0000] {dag.py:3954} INFO - Setting next_dagrun for example_branch_labels to 2024-06-14 00:00:00+00:00, run_after=2024-06-15 00:00:00+00:00
[2024-06-15T02:11:47.767+0000] {processor.py:183} INFO - Processing /home/airflow/.local/lib/python3.12/site-packages/airflow/example_dags/example_branch_labels.py took 0.062 seconds
[2024-06-15T02:12:18.322+0000] {processor.py:161} INFO - Started process (PID=992) to work on /home/airflow/.local/lib/python3.12/site-packages/airflow/example_dags/example_branch_labels.py
[2024-06-15T02:12:18.323+0000] {processor.py:830} INFO - Processing file /home/airflow/.local/lib/python3.12/site-packages/airflow/example_dags/example_branch_labels.py for tasks to queue
[2024-06-15T02:12:18.324+0000] {logging_mixin.py:188} INFO - [2024-06-15T02:12:18.324+0000] {dagbag.py:545} INFO - Filling up the DagBag from /home/airflow/.local/lib/python3.12/site-packages/airflow/example_dags/example_branch_labels.py
[2024-06-15T02:12:18.332+0000] {processor.py:840} INFO - DAG(s) 'example_branch_labels' retrieved from /home/airflow/.local/lib/python3.12/site-packages/airflow/example_dags/example_branch_labels.py
[2024-06-15T02:12:18.351+0000] {logging_mixin.py:188} INFO - [2024-06-15T02:12:18.350+0000] {dag.py:3096} INFO - Sync 1 DAGs
[2024-06-15T02:12:18.372+0000] {logging_mixin.py:188} INFO - [2024-06-15T02:12:18.372+0000] {dag.py:3954} INFO - Setting next_dagrun for example_branch_labels to 2024-06-14 00:00:00+00:00, run_after=2024-06-15 00:00:00+00:00
[2024-06-15T02:12:18.389+0000] {processor.py:183} INFO - Processing /home/airflow/.local/lib/python3.12/site-packages/airflow/example_dags/example_branch_labels.py took 0.072 seconds
[2024-06-15T02:12:48.644+0000] {processor.py:161} INFO - Started process (PID=1050) to work on /home/airflow/.local/lib/python3.12/site-packages/airflow/example_dags/example_branch_labels.py
[2024-06-15T02:12:48.645+0000] {processor.py:830} INFO - Processing file /home/airflow/.local/lib/python3.12/site-packages/airflow/example_dags/example_branch_labels.py for tasks to queue
[2024-06-15T02:12:48.647+0000] {logging_mixin.py:188} INFO - [2024-06-15T02:12:48.646+0000] {dagbag.py:545} INFO - Filling up the DagBag from /home/airflow/.local/lib/python3.12/site-packages/airflow/example_dags/example_branch_labels.py
[2024-06-15T02:12:48.653+0000] {processor.py:840} INFO - DAG(s) 'example_branch_labels' retrieved from /home/airflow/.local/lib/python3.12/site-packages/airflow/example_dags/example_branch_labels.py
[2024-06-15T02:12:48.669+0000] {logging_mixin.py:188} INFO - [2024-06-15T02:12:48.668+0000] {dag.py:3096} INFO - Sync 1 DAGs
[2024-06-15T02:12:48.688+0000] {logging_mixin.py:188} INFO - [2024-06-15T02:12:48.687+0000] {dag.py:3954} INFO - Setting next_dagrun for example_branch_labels to 2024-06-14 00:00:00+00:00, run_after=2024-06-15 00:00:00+00:00
[2024-06-15T02:12:48.703+0000] {processor.py:183} INFO - Processing /home/airflow/.local/lib/python3.12/site-packages/airflow/example_dags/example_branch_labels.py took 0.062 seconds
[2024-06-15T02:13:19.013+0000] {processor.py:161} INFO - Started process (PID=1108) to work on /home/airflow/.local/lib/python3.12/site-packages/airflow/example_dags/example_branch_labels.py
[2024-06-15T02:13:19.013+0000] {processor.py:830} INFO - Processing file /home/airflow/.local/lib/python3.12/site-packages/airflow/example_dags/example_branch_labels.py for tasks to queue
[2024-06-15T02:13:19.015+0000] {logging_mixin.py:188} INFO - [2024-06-15T02:13:19.014+0000] {dagbag.py:545} INFO - Filling up the DagBag from /home/airflow/.local/lib/python3.12/site-packages/airflow/example_dags/example_branch_labels.py
[2024-06-15T02:13:19.021+0000] {processor.py:840} INFO - DAG(s) 'example_branch_labels' retrieved from /home/airflow/.local/lib/python3.12/site-packages/airflow/example_dags/example_branch_labels.py
[2024-06-15T02:13:19.038+0000] {logging_mixin.py:188} INFO - [2024-06-15T02:13:19.038+0000] {dag.py:3096} INFO - Sync 1 DAGs
[2024-06-15T02:13:19.058+0000] {logging_mixin.py:188} INFO - [2024-06-15T02:13:19.058+0000] {dag.py:3954} INFO - Setting next_dagrun for example_branch_labels to 2024-06-14 00:00:00+00:00, run_after=2024-06-15 00:00:00+00:00
[2024-06-15T02:13:19.072+0000] {processor.py:183} INFO - Processing /home/airflow/.local/lib/python3.12/site-packages/airflow/example_dags/example_branch_labels.py took 0.064 seconds
[2024-06-15T02:13:49.203+0000] {processor.py:161} INFO - Started process (PID=1166) to work on /home/airflow/.local/lib/python3.12/site-packages/airflow/example_dags/example_branch_labels.py
[2024-06-15T02:13:49.204+0000] {processor.py:830} INFO - Processing file /home/airflow/.local/lib/python3.12/site-packages/airflow/example_dags/example_branch_labels.py for tasks to queue
[2024-06-15T02:13:49.206+0000] {logging_mixin.py:188} INFO - [2024-06-15T02:13:49.205+0000] {dagbag.py:545} INFO - Filling up the DagBag from /home/airflow/.local/lib/python3.12/site-packages/airflow/example_dags/example_branch_labels.py
[2024-06-15T02:13:49.212+0000] {processor.py:840} INFO - DAG(s) 'example_branch_labels' retrieved from /home/airflow/.local/lib/python3.12/site-packages/airflow/example_dags/example_branch_labels.py
[2024-06-15T02:13:49.234+0000] {logging_mixin.py:188} INFO - [2024-06-15T02:13:49.233+0000] {dag.py:3096} INFO - Sync 1 DAGs
[2024-06-15T02:13:49.254+0000] {logging_mixin.py:188} INFO - [2024-06-15T02:13:49.254+0000] {dag.py:3954} INFO - Setting next_dagrun for example_branch_labels to 2024-06-14 00:00:00+00:00, run_after=2024-06-15 00:00:00+00:00
[2024-06-15T02:13:49.271+0000] {processor.py:183} INFO - Processing /home/airflow/.local/lib/python3.12/site-packages/airflow/example_dags/example_branch_labels.py took 0.072 seconds
[2024-06-15T02:14:19.632+0000] {processor.py:161} INFO - Started process (PID=1224) to work on /home/airflow/.local/lib/python3.12/site-packages/airflow/example_dags/example_branch_labels.py
[2024-06-15T02:14:19.633+0000] {processor.py:830} INFO - Processing file /home/airflow/.local/lib/python3.12/site-packages/airflow/example_dags/example_branch_labels.py for tasks to queue
[2024-06-15T02:14:19.634+0000] {logging_mixin.py:188} INFO - [2024-06-15T02:14:19.634+0000] {dagbag.py:545} INFO - Filling up the DagBag from /home/airflow/.local/lib/python3.12/site-packages/airflow/example_dags/example_branch_labels.py
[2024-06-15T02:14:19.640+0000] {processor.py:840} INFO - DAG(s) 'example_branch_labels' retrieved from /home/airflow/.local/lib/python3.12/site-packages/airflow/example_dags/example_branch_labels.py
[2024-06-15T02:14:19.656+0000] {logging_mixin.py:188} INFO - [2024-06-15T02:14:19.655+0000] {dag.py:3096} INFO - Sync 1 DAGs
[2024-06-15T02:14:19.675+0000] {logging_mixin.py:188} INFO - [2024-06-15T02:14:19.675+0000] {dag.py:3954} INFO - Setting next_dagrun for example_branch_labels to 2024-06-14 00:00:00+00:00, run_after=2024-06-15 00:00:00+00:00
[2024-06-15T02:14:19.688+0000] {processor.py:183} INFO - Processing /home/airflow/.local/lib/python3.12/site-packages/airflow/example_dags/example_branch_labels.py took 0.060 seconds
[2024-06-15T02:14:50.075+0000] {processor.py:161} INFO - Started process (PID=1282) to work on /home/airflow/.local/lib/python3.12/site-packages/airflow/example_dags/example_branch_labels.py
[2024-06-15T02:14:50.076+0000] {processor.py:830} INFO - Processing file /home/airflow/.local/lib/python3.12/site-packages/airflow/example_dags/example_branch_labels.py for tasks to queue
[2024-06-15T02:14:50.077+0000] {logging_mixin.py:188} INFO - [2024-06-15T02:14:50.077+0000] {dagbag.py:545} INFO - Filling up the DagBag from /home/airflow/.local/lib/python3.12/site-packages/airflow/example_dags/example_branch_labels.py
[2024-06-15T02:14:50.083+0000] {processor.py:840} INFO - DAG(s) 'example_branch_labels' retrieved from /home/airflow/.local/lib/python3.12/site-packages/airflow/example_dags/example_branch_labels.py
[2024-06-15T02:14:50.099+0000] {logging_mixin.py:188} INFO - [2024-06-15T02:14:50.099+0000] {dag.py:3096} INFO - Sync 1 DAGs
[2024-06-15T02:14:50.119+0000] {logging_mixin.py:188} INFO - [2024-06-15T02:14:50.119+0000] {dag.py:3954} INFO - Setting next_dagrun for example_branch_labels to 2024-06-14 00:00:00+00:00, run_after=2024-06-15 00:00:00+00:00
[2024-06-15T02:14:50.133+0000] {processor.py:183} INFO - Processing /home/airflow/.local/lib/python3.12/site-packages/airflow/example_dags/example_branch_labels.py took 0.062 seconds
[2024-06-15T02:15:20.389+0000] {processor.py:161} INFO - Started process (PID=1340) to work on /home/airflow/.local/lib/python3.12/site-packages/airflow/example_dags/example_branch_labels.py
[2024-06-15T02:15:20.389+0000] {processor.py:830} INFO - Processing file /home/airflow/.local/lib/python3.12/site-packages/airflow/example_dags/example_branch_labels.py for tasks to queue
[2024-06-15T02:15:20.391+0000] {logging_mixin.py:188} INFO - [2024-06-15T02:15:20.390+0000] {dagbag.py:545} INFO - Filling up the DagBag from /home/airflow/.local/lib/python3.12/site-packages/airflow/example_dags/example_branch_labels.py
[2024-06-15T02:15:20.397+0000] {processor.py:840} INFO - DAG(s) 'example_branch_labels' retrieved from /home/airflow/.local/lib/python3.12/site-packages/airflow/example_dags/example_branch_labels.py
[2024-06-15T02:15:20.415+0000] {logging_mixin.py:188} INFO - [2024-06-15T02:15:20.414+0000] {dag.py:3096} INFO - Sync 1 DAGs
[2024-06-15T02:15:20.432+0000] {logging_mixin.py:188} INFO - [2024-06-15T02:15:20.432+0000] {dag.py:3954} INFO - Setting next_dagrun for example_branch_labels to 2024-06-14 00:00:00+00:00, run_after=2024-06-15 00:00:00+00:00
[2024-06-15T02:15:20.446+0000] {processor.py:183} INFO - Processing /home/airflow/.local/lib/python3.12/site-packages/airflow/example_dags/example_branch_labels.py took 0.062 seconds
[2024-06-15T02:15:50.622+0000] {processor.py:161} INFO - Started process (PID=1398) to work on /home/airflow/.local/lib/python3.12/site-packages/airflow/example_dags/example_branch_labels.py
[2024-06-15T02:15:50.623+0000] {processor.py:830} INFO - Processing file /home/airflow/.local/lib/python3.12/site-packages/airflow/example_dags/example_branch_labels.py for tasks to queue
[2024-06-15T02:15:50.624+0000] {logging_mixin.py:188} INFO - [2024-06-15T02:15:50.624+0000] {dagbag.py:545} INFO - Filling up the DagBag from /home/airflow/.local/lib/python3.12/site-packages/airflow/example_dags/example_branch_labels.py
[2024-06-15T02:15:50.630+0000] {processor.py:840} INFO - DAG(s) 'example_branch_labels' retrieved from /home/airflow/.local/lib/python3.12/site-packages/airflow/example_dags/example_branch_labels.py
[2024-06-15T02:15:50.647+0000] {logging_mixin.py:188} INFO - [2024-06-15T02:15:50.647+0000] {dag.py:3096} INFO - Sync 1 DAGs
[2024-06-15T02:15:50.666+0000] {logging_mixin.py:188} INFO - [2024-06-15T02:15:50.666+0000] {dag.py:3954} INFO - Setting next_dagrun for example_branch_labels to 2024-06-14 00:00:00+00:00, run_after=2024-06-15 00:00:00+00:00
[2024-06-15T02:15:50.679+0000] {processor.py:183} INFO - Processing /home/airflow/.local/lib/python3.12/site-packages/airflow/example_dags/example_branch_labels.py took 0.062 seconds
[2024-06-15T02:16:22.217+0000] {processor.py:161} INFO - Started process (PID=1462) to work on /home/airflow/.local/lib/python3.12/site-packages/airflow/example_dags/example_branch_labels.py
[2024-06-15T02:16:22.218+0000] {processor.py:830} INFO - Processing file /home/airflow/.local/lib/python3.12/site-packages/airflow/example_dags/example_branch_labels.py for tasks to queue
[2024-06-15T02:16:22.220+0000] {logging_mixin.py:188} INFO - [2024-06-15T02:16:22.219+0000] {dagbag.py:545} INFO - Filling up the DagBag from /home/airflow/.local/lib/python3.12/site-packages/airflow/example_dags/example_branch_labels.py
[2024-06-15T02:16:22.228+0000] {processor.py:840} INFO - DAG(s) 'example_branch_labels' retrieved from /home/airflow/.local/lib/python3.12/site-packages/airflow/example_dags/example_branch_labels.py
[2024-06-15T02:16:22.250+0000] {logging_mixin.py:188} INFO - [2024-06-15T02:16:22.250+0000] {dag.py:3096} INFO - Sync 1 DAGs
[2024-06-15T02:16:22.273+0000] {logging_mixin.py:188} INFO - [2024-06-15T02:16:22.272+0000] {dag.py:3954} INFO - Setting next_dagrun for example_branch_labels to 2024-06-14 00:00:00+00:00, run_after=2024-06-15 00:00:00+00:00
[2024-06-15T02:16:22.338+0000] {processor.py:183} INFO - Processing /home/airflow/.local/lib/python3.12/site-packages/airflow/example_dags/example_branch_labels.py took 0.127 seconds
[2024-06-15T02:16:52.652+0000] {processor.py:161} INFO - Started process (PID=1520) to work on /home/airflow/.local/lib/python3.12/site-packages/airflow/example_dags/example_branch_labels.py
[2024-06-15T02:16:52.653+0000] {processor.py:830} INFO - Processing file /home/airflow/.local/lib/python3.12/site-packages/airflow/example_dags/example_branch_labels.py for tasks to queue
[2024-06-15T02:16:52.654+0000] {logging_mixin.py:188} INFO - [2024-06-15T02:16:52.654+0000] {dagbag.py:545} INFO - Filling up the DagBag from /home/airflow/.local/lib/python3.12/site-packages/airflow/example_dags/example_branch_labels.py
[2024-06-15T02:16:52.661+0000] {processor.py:840} INFO - DAG(s) 'example_branch_labels' retrieved from /home/airflow/.local/lib/python3.12/site-packages/airflow/example_dags/example_branch_labels.py
[2024-06-15T02:16:52.680+0000] {logging_mixin.py:188} INFO - [2024-06-15T02:16:52.679+0000] {dag.py:3096} INFO - Sync 1 DAGs
[2024-06-15T02:16:52.701+0000] {logging_mixin.py:188} INFO - [2024-06-15T02:16:52.701+0000] {dag.py:3954} INFO - Setting next_dagrun for example_branch_labels to 2024-06-14 00:00:00+00:00, run_after=2024-06-15 00:00:00+00:00
[2024-06-15T02:16:52.715+0000] {processor.py:183} INFO - Processing /home/airflow/.local/lib/python3.12/site-packages/airflow/example_dags/example_branch_labels.py took 0.068 seconds
[2024-06-15T02:17:23.009+0000] {processor.py:161} INFO - Started process (PID=1578) to work on /home/airflow/.local/lib/python3.12/site-packages/airflow/example_dags/example_branch_labels.py
[2024-06-15T02:17:23.009+0000] {processor.py:830} INFO - Processing file /home/airflow/.local/lib/python3.12/site-packages/airflow/example_dags/example_branch_labels.py for tasks to queue
[2024-06-15T02:17:23.011+0000] {logging_mixin.py:188} INFO - [2024-06-15T02:17:23.011+0000] {dagbag.py:545} INFO - Filling up the DagBag from /home/airflow/.local/lib/python3.12/site-packages/airflow/example_dags/example_branch_labels.py
[2024-06-15T02:17:23.017+0000] {processor.py:840} INFO - DAG(s) 'example_branch_labels' retrieved from /home/airflow/.local/lib/python3.12/site-packages/airflow/example_dags/example_branch_labels.py
[2024-06-15T02:17:23.035+0000] {logging_mixin.py:188} INFO - [2024-06-15T02:17:23.034+0000] {dag.py:3096} INFO - Sync 1 DAGs
[2024-06-15T02:17:23.055+0000] {logging_mixin.py:188} INFO - [2024-06-15T02:17:23.055+0000] {dag.py:3954} INFO - Setting next_dagrun for example_branch_labels to 2024-06-14 00:00:00+00:00, run_after=2024-06-15 00:00:00+00:00
[2024-06-15T02:17:23.070+0000] {processor.py:183} INFO - Processing /home/airflow/.local/lib/python3.12/site-packages/airflow/example_dags/example_branch_labels.py took 0.065 seconds
[2024-06-15T02:17:53.418+0000] {processor.py:161} INFO - Started process (PID=1636) to work on /home/airflow/.local/lib/python3.12/site-packages/airflow/example_dags/example_branch_labels.py
[2024-06-15T02:17:53.419+0000] {processor.py:830} INFO - Processing file /home/airflow/.local/lib/python3.12/site-packages/airflow/example_dags/example_branch_labels.py for tasks to queue
[2024-06-15T02:17:53.420+0000] {logging_mixin.py:188} INFO - [2024-06-15T02:17:53.420+0000] {dagbag.py:545} INFO - Filling up the DagBag from /home/airflow/.local/lib/python3.12/site-packages/airflow/example_dags/example_branch_labels.py
[2024-06-15T02:17:53.426+0000] {processor.py:840} INFO - DAG(s) 'example_branch_labels' retrieved from /home/airflow/.local/lib/python3.12/site-packages/airflow/example_dags/example_branch_labels.py
[2024-06-15T02:17:53.443+0000] {logging_mixin.py:188} INFO - [2024-06-15T02:17:53.443+0000] {dag.py:3096} INFO - Sync 1 DAGs
[2024-06-15T02:17:53.461+0000] {logging_mixin.py:188} INFO - [2024-06-15T02:17:53.461+0000] {dag.py:3954} INFO - Setting next_dagrun for example_branch_labels to 2024-06-14 00:00:00+00:00, run_after=2024-06-15 00:00:00+00:00
[2024-06-15T02:17:53.475+0000] {processor.py:183} INFO - Processing /home/airflow/.local/lib/python3.12/site-packages/airflow/example_dags/example_branch_labels.py took 0.061 seconds
[2024-06-15T02:18:23.838+0000] {processor.py:161} INFO - Started process (PID=1694) to work on /home/airflow/.local/lib/python3.12/site-packages/airflow/example_dags/example_branch_labels.py
[2024-06-15T02:18:23.838+0000] {processor.py:830} INFO - Processing file /home/airflow/.local/lib/python3.12/site-packages/airflow/example_dags/example_branch_labels.py for tasks to queue
[2024-06-15T02:18:23.840+0000] {logging_mixin.py:188} INFO - [2024-06-15T02:18:23.839+0000] {dagbag.py:545} INFO - Filling up the DagBag from /home/airflow/.local/lib/python3.12/site-packages/airflow/example_dags/example_branch_labels.py
[2024-06-15T02:18:23.846+0000] {processor.py:840} INFO - DAG(s) 'example_branch_labels' retrieved from /home/airflow/.local/lib/python3.12/site-packages/airflow/example_dags/example_branch_labels.py
[2024-06-15T02:18:23.863+0000] {logging_mixin.py:188} INFO - [2024-06-15T02:18:23.863+0000] {dag.py:3096} INFO - Sync 1 DAGs
[2024-06-15T02:18:23.884+0000] {logging_mixin.py:188} INFO - [2024-06-15T02:18:23.884+0000] {dag.py:3954} INFO - Setting next_dagrun for example_branch_labels to 2024-06-14 00:00:00+00:00, run_after=2024-06-15 00:00:00+00:00
[2024-06-15T02:18:23.899+0000] {processor.py:183} INFO - Processing /home/airflow/.local/lib/python3.12/site-packages/airflow/example_dags/example_branch_labels.py took 0.067 seconds
[2024-06-15T02:18:54.496+0000] {processor.py:161} INFO - Started process (PID=1752) to work on /home/airflow/.local/lib/python3.12/site-packages/airflow/example_dags/example_branch_labels.py
[2024-06-15T02:18:54.496+0000] {processor.py:830} INFO - Processing file /home/airflow/.local/lib/python3.12/site-packages/airflow/example_dags/example_branch_labels.py for tasks to queue
[2024-06-15T02:18:54.498+0000] {logging_mixin.py:188} INFO - [2024-06-15T02:18:54.498+0000] {dagbag.py:545} INFO - Filling up the DagBag from /home/airflow/.local/lib/python3.12/site-packages/airflow/example_dags/example_branch_labels.py
[2024-06-15T02:18:54.505+0000] {processor.py:840} INFO - DAG(s) 'example_branch_labels' retrieved from /home/airflow/.local/lib/python3.12/site-packages/airflow/example_dags/example_branch_labels.py
[2024-06-15T02:18:54.522+0000] {logging_mixin.py:188} INFO - [2024-06-15T02:18:54.522+0000] {dag.py:3096} INFO - Sync 1 DAGs
[2024-06-15T02:18:54.542+0000] {logging_mixin.py:188} INFO - [2024-06-15T02:18:54.542+0000] {dag.py:3954} INFO - Setting next_dagrun for example_branch_labels to 2024-06-14 00:00:00+00:00, run_after=2024-06-15 00:00:00+00:00
[2024-06-15T02:18:54.559+0000] {processor.py:183} INFO - Processing /home/airflow/.local/lib/python3.12/site-packages/airflow/example_dags/example_branch_labels.py took 0.068 seconds
[2024-06-15T02:19:25.543+0000] {processor.py:161} INFO - Started process (PID=1810) to work on /home/airflow/.local/lib/python3.12/site-packages/airflow/example_dags/example_branch_labels.py
[2024-06-15T02:19:25.543+0000] {processor.py:830} INFO - Processing file /home/airflow/.local/lib/python3.12/site-packages/airflow/example_dags/example_branch_labels.py for tasks to queue
[2024-06-15T02:19:25.544+0000] {logging_mixin.py:188} INFO - [2024-06-15T02:19:25.544+0000] {dagbag.py:545} INFO - Filling up the DagBag from /home/airflow/.local/lib/python3.12/site-packages/airflow/example_dags/example_branch_labels.py
[2024-06-15T02:19:25.550+0000] {processor.py:840} INFO - DAG(s) 'example_branch_labels' retrieved from /home/airflow/.local/lib/python3.12/site-packages/airflow/example_dags/example_branch_labels.py
[2024-06-15T02:19:25.567+0000] {logging_mixin.py:188} INFO - [2024-06-15T02:19:25.567+0000] {dag.py:3096} INFO - Sync 1 DAGs
[2024-06-15T02:19:25.590+0000] {logging_mixin.py:188} INFO - [2024-06-15T02:19:25.589+0000] {dag.py:3954} INFO - Setting next_dagrun for example_branch_labels to 2024-06-14 00:00:00+00:00, run_after=2024-06-15 00:00:00+00:00
[2024-06-15T02:19:25.605+0000] {processor.py:183} INFO - Processing /home/airflow/.local/lib/python3.12/site-packages/airflow/example_dags/example_branch_labels.py took 0.066 seconds
[2024-06-15T02:19:56.481+0000] {processor.py:161} INFO - Started process (PID=1868) to work on /home/airflow/.local/lib/python3.12/site-packages/airflow/example_dags/example_branch_labels.py
[2024-06-15T02:19:56.482+0000] {processor.py:830} INFO - Processing file /home/airflow/.local/lib/python3.12/site-packages/airflow/example_dags/example_branch_labels.py for tasks to queue
[2024-06-15T02:19:56.483+0000] {logging_mixin.py:188} INFO - [2024-06-15T02:19:56.483+0000] {dagbag.py:545} INFO - Filling up the DagBag from /home/airflow/.local/lib/python3.12/site-packages/airflow/example_dags/example_branch_labels.py
[2024-06-15T02:19:56.489+0000] {processor.py:840} INFO - DAG(s) 'example_branch_labels' retrieved from /home/airflow/.local/lib/python3.12/site-packages/airflow/example_dags/example_branch_labels.py
[2024-06-15T02:19:56.507+0000] {logging_mixin.py:188} INFO - [2024-06-15T02:19:56.507+0000] {dag.py:3096} INFO - Sync 1 DAGs
[2024-06-15T02:19:56.527+0000] {logging_mixin.py:188} INFO - [2024-06-15T02:19:56.526+0000] {dag.py:3954} INFO - Setting next_dagrun for example_branch_labels to 2024-06-14 00:00:00+00:00, run_after=2024-06-15 00:00:00+00:00
[2024-06-15T02:19:56.542+0000] {processor.py:183} INFO - Processing /home/airflow/.local/lib/python3.12/site-packages/airflow/example_dags/example_branch_labels.py took 0.065 seconds
[2024-06-15T02:20:27.159+0000] {processor.py:161} INFO - Started process (PID=1926) to work on /home/airflow/.local/lib/python3.12/site-packages/airflow/example_dags/example_branch_labels.py
[2024-06-15T02:20:27.159+0000] {processor.py:830} INFO - Processing file /home/airflow/.local/lib/python3.12/site-packages/airflow/example_dags/example_branch_labels.py for tasks to queue
[2024-06-15T02:20:27.161+0000] {logging_mixin.py:188} INFO - [2024-06-15T02:20:27.160+0000] {dagbag.py:545} INFO - Filling up the DagBag from /home/airflow/.local/lib/python3.12/site-packages/airflow/example_dags/example_branch_labels.py
[2024-06-15T02:20:27.167+0000] {processor.py:840} INFO - DAG(s) 'example_branch_labels' retrieved from /home/airflow/.local/lib/python3.12/site-packages/airflow/example_dags/example_branch_labels.py
[2024-06-15T02:20:27.304+0000] {logging_mixin.py:188} INFO - [2024-06-15T02:20:27.303+0000] {dag.py:3096} INFO - Sync 1 DAGs
[2024-06-15T02:20:27.323+0000] {logging_mixin.py:188} INFO - [2024-06-15T02:20:27.322+0000] {dag.py:3954} INFO - Setting next_dagrun for example_branch_labels to 2024-06-14 00:00:00+00:00, run_after=2024-06-15 00:00:00+00:00
[2024-06-15T02:20:27.337+0000] {processor.py:183} INFO - Processing /home/airflow/.local/lib/python3.12/site-packages/airflow/example_dags/example_branch_labels.py took 0.183 seconds
[2024-06-15T02:20:57.571+0000] {processor.py:161} INFO - Started process (PID=1984) to work on /home/airflow/.local/lib/python3.12/site-packages/airflow/example_dags/example_branch_labels.py
[2024-06-15T02:20:57.571+0000] {processor.py:830} INFO - Processing file /home/airflow/.local/lib/python3.12/site-packages/airflow/example_dags/example_branch_labels.py for tasks to queue
[2024-06-15T02:20:57.573+0000] {logging_mixin.py:188} INFO - [2024-06-15T02:20:57.572+0000] {dagbag.py:545} INFO - Filling up the DagBag from /home/airflow/.local/lib/python3.12/site-packages/airflow/example_dags/example_branch_labels.py
[2024-06-15T02:20:57.578+0000] {processor.py:840} INFO - DAG(s) 'example_branch_labels' retrieved from /home/airflow/.local/lib/python3.12/site-packages/airflow/example_dags/example_branch_labels.py
[2024-06-15T02:20:57.594+0000] {logging_mixin.py:188} INFO - [2024-06-15T02:20:57.594+0000] {dag.py:3096} INFO - Sync 1 DAGs
[2024-06-15T02:20:57.613+0000] {logging_mixin.py:188} INFO - [2024-06-15T02:20:57.613+0000] {dag.py:3954} INFO - Setting next_dagrun for example_branch_labels to 2024-06-14 00:00:00+00:00, run_after=2024-06-15 00:00:00+00:00
[2024-06-15T02:20:57.627+0000] {processor.py:183} INFO - Processing /home/airflow/.local/lib/python3.12/site-packages/airflow/example_dags/example_branch_labels.py took 0.061 seconds
[2024-06-15T02:21:27.914+0000] {processor.py:161} INFO - Started process (PID=2042) to work on /home/airflow/.local/lib/python3.12/site-packages/airflow/example_dags/example_branch_labels.py
[2024-06-15T02:21:27.915+0000] {processor.py:830} INFO - Processing file /home/airflow/.local/lib/python3.12/site-packages/airflow/example_dags/example_branch_labels.py for tasks to queue
[2024-06-15T02:21:27.916+0000] {logging_mixin.py:188} INFO - [2024-06-15T02:21:27.916+0000] {dagbag.py:545} INFO - Filling up the DagBag from /home/airflow/.local/lib/python3.12/site-packages/airflow/example_dags/example_branch_labels.py
[2024-06-15T02:21:27.923+0000] {processor.py:840} INFO - DAG(s) 'example_branch_labels' retrieved from /home/airflow/.local/lib/python3.12/site-packages/airflow/example_dags/example_branch_labels.py
[2024-06-15T02:21:27.939+0000] {logging_mixin.py:188} INFO - [2024-06-15T02:21:27.939+0000] {dag.py:3096} INFO - Sync 1 DAGs
[2024-06-15T02:21:27.959+0000] {logging_mixin.py:188} INFO - [2024-06-15T02:21:27.959+0000] {dag.py:3954} INFO - Setting next_dagrun for example_branch_labels to 2024-06-14 00:00:00+00:00, run_after=2024-06-15 00:00:00+00:00
[2024-06-15T02:21:27.973+0000] {processor.py:183} INFO - Processing /home/airflow/.local/lib/python3.12/site-packages/airflow/example_dags/example_branch_labels.py took 0.063 seconds
[2024-06-15T02:21:58.414+0000] {processor.py:161} INFO - Started process (PID=2100) to work on /home/airflow/.local/lib/python3.12/site-packages/airflow/example_dags/example_branch_labels.py
[2024-06-15T02:21:58.415+0000] {processor.py:830} INFO - Processing file /home/airflow/.local/lib/python3.12/site-packages/airflow/example_dags/example_branch_labels.py for tasks to queue
[2024-06-15T02:21:58.416+0000] {logging_mixin.py:188} INFO - [2024-06-15T02:21:58.416+0000] {dagbag.py:545} INFO - Filling up the DagBag from /home/airflow/.local/lib/python3.12/site-packages/airflow/example_dags/example_branch_labels.py
[2024-06-15T02:21:58.422+0000] {processor.py:840} INFO - DAG(s) 'example_branch_labels' retrieved from /home/airflow/.local/lib/python3.12/site-packages/airflow/example_dags/example_branch_labels.py
[2024-06-15T02:21:58.441+0000] {logging_mixin.py:188} INFO - [2024-06-15T02:21:58.440+0000] {dag.py:3096} INFO - Sync 1 DAGs
[2024-06-15T02:21:58.462+0000] {logging_mixin.py:188} INFO - [2024-06-15T02:21:58.462+0000] {dag.py:3954} INFO - Setting next_dagrun for example_branch_labels to 2024-06-14 00:00:00+00:00, run_after=2024-06-15 00:00:00+00:00
[2024-06-15T02:21:58.488+0000] {processor.py:183} INFO - Processing /home/airflow/.local/lib/python3.12/site-packages/airflow/example_dags/example_branch_labels.py took 0.080 seconds
[2024-06-15T02:22:28.811+0000] {processor.py:161} INFO - Started process (PID=2158) to work on /home/airflow/.local/lib/python3.12/site-packages/airflow/example_dags/example_branch_labels.py
[2024-06-15T02:22:28.811+0000] {processor.py:830} INFO - Processing file /home/airflow/.local/lib/python3.12/site-packages/airflow/example_dags/example_branch_labels.py for tasks to queue
[2024-06-15T02:22:28.813+0000] {logging_mixin.py:188} INFO - [2024-06-15T02:22:28.812+0000] {dagbag.py:545} INFO - Filling up the DagBag from /home/airflow/.local/lib/python3.12/site-packages/airflow/example_dags/example_branch_labels.py
[2024-06-15T02:22:28.818+0000] {processor.py:840} INFO - DAG(s) 'example_branch_labels' retrieved from /home/airflow/.local/lib/python3.12/site-packages/airflow/example_dags/example_branch_labels.py
[2024-06-15T02:22:28.835+0000] {logging_mixin.py:188} INFO - [2024-06-15T02:22:28.835+0000] {dag.py:3096} INFO - Sync 1 DAGs
[2024-06-15T02:22:28.854+0000] {logging_mixin.py:188} INFO - [2024-06-15T02:22:28.854+0000] {dag.py:3954} INFO - Setting next_dagrun for example_branch_labels to 2024-06-14 00:00:00+00:00, run_after=2024-06-15 00:00:00+00:00
[2024-06-15T02:22:28.868+0000] {processor.py:183} INFO - Processing /home/airflow/.local/lib/python3.12/site-packages/airflow/example_dags/example_branch_labels.py took 0.062 seconds
[2024-06-15T02:22:59.015+0000] {processor.py:161} INFO - Started process (PID=2216) to work on /home/airflow/.local/lib/python3.12/site-packages/airflow/example_dags/example_branch_labels.py
[2024-06-15T02:22:59.016+0000] {processor.py:830} INFO - Processing file /home/airflow/.local/lib/python3.12/site-packages/airflow/example_dags/example_branch_labels.py for tasks to queue
[2024-06-15T02:22:59.017+0000] {logging_mixin.py:188} INFO - [2024-06-15T02:22:59.017+0000] {dagbag.py:545} INFO - Filling up the DagBag from /home/airflow/.local/lib/python3.12/site-packages/airflow/example_dags/example_branch_labels.py
[2024-06-15T02:22:59.023+0000] {processor.py:840} INFO - DAG(s) 'example_branch_labels' retrieved from /home/airflow/.local/lib/python3.12/site-packages/airflow/example_dags/example_branch_labels.py
[2024-06-15T02:22:59.041+0000] {logging_mixin.py:188} INFO - [2024-06-15T02:22:59.041+0000] {dag.py:3096} INFO - Sync 1 DAGs
[2024-06-15T02:22:59.060+0000] {logging_mixin.py:188} INFO - [2024-06-15T02:22:59.060+0000] {dag.py:3954} INFO - Setting next_dagrun for example_branch_labels to 2024-06-14 00:00:00+00:00, run_after=2024-06-15 00:00:00+00:00
[2024-06-15T02:22:59.074+0000] {processor.py:183} INFO - Processing /home/airflow/.local/lib/python3.12/site-packages/airflow/example_dags/example_branch_labels.py took 0.064 seconds
[2024-06-15T02:23:29.258+0000] {processor.py:161} INFO - Started process (PID=2274) to work on /home/airflow/.local/lib/python3.12/site-packages/airflow/example_dags/example_branch_labels.py
[2024-06-15T02:23:29.258+0000] {processor.py:830} INFO - Processing file /home/airflow/.local/lib/python3.12/site-packages/airflow/example_dags/example_branch_labels.py for tasks to queue
[2024-06-15T02:23:29.259+0000] {logging_mixin.py:188} INFO - [2024-06-15T02:23:29.259+0000] {dagbag.py:545} INFO - Filling up the DagBag from /home/airflow/.local/lib/python3.12/site-packages/airflow/example_dags/example_branch_labels.py
[2024-06-15T02:23:29.266+0000] {processor.py:840} INFO - DAG(s) 'example_branch_labels' retrieved from /home/airflow/.local/lib/python3.12/site-packages/airflow/example_dags/example_branch_labels.py
[2024-06-15T02:23:29.282+0000] {logging_mixin.py:188} INFO - [2024-06-15T02:23:29.282+0000] {dag.py:3096} INFO - Sync 1 DAGs
[2024-06-15T02:23:29.300+0000] {logging_mixin.py:188} INFO - [2024-06-15T02:23:29.300+0000] {dag.py:3954} INFO - Setting next_dagrun for example_branch_labels to 2024-06-14 00:00:00+00:00, run_after=2024-06-15 00:00:00+00:00
[2024-06-15T02:23:29.314+0000] {processor.py:183} INFO - Processing /home/airflow/.local/lib/python3.12/site-packages/airflow/example_dags/example_branch_labels.py took 0.061 seconds
[2024-06-15T02:23:59.493+0000] {processor.py:161} INFO - Started process (PID=2332) to work on /home/airflow/.local/lib/python3.12/site-packages/airflow/example_dags/example_branch_labels.py
[2024-06-15T02:23:59.493+0000] {processor.py:830} INFO - Processing file /home/airflow/.local/lib/python3.12/site-packages/airflow/example_dags/example_branch_labels.py for tasks to queue
[2024-06-15T02:23:59.495+0000] {logging_mixin.py:188} INFO - [2024-06-15T02:23:59.495+0000] {dagbag.py:545} INFO - Filling up the DagBag from /home/airflow/.local/lib/python3.12/site-packages/airflow/example_dags/example_branch_labels.py
[2024-06-15T02:23:59.501+0000] {processor.py:840} INFO - DAG(s) 'example_branch_labels' retrieved from /home/airflow/.local/lib/python3.12/site-packages/airflow/example_dags/example_branch_labels.py
[2024-06-15T02:23:59.519+0000] {logging_mixin.py:188} INFO - [2024-06-15T02:23:59.519+0000] {dag.py:3096} INFO - Sync 1 DAGs
[2024-06-15T02:23:59.538+0000] {logging_mixin.py:188} INFO - [2024-06-15T02:23:59.538+0000] {dag.py:3954} INFO - Setting next_dagrun for example_branch_labels to 2024-06-14 00:00:00+00:00, run_after=2024-06-15 00:00:00+00:00
[2024-06-15T02:23:59.553+0000] {processor.py:183} INFO - Processing /home/airflow/.local/lib/python3.12/site-packages/airflow/example_dags/example_branch_labels.py took 0.065 seconds
