[2024-06-23T23:55:12.826+0000] {local_task_job_runner.py:120} INFO - ::group::Pre task execution logs
[2024-06-23T23:55:12.848+0000] {taskinstance.py:2076} INFO - Dependencies all met for dep_context=non-requeueable deps ti=<TaskInstance: nasa_to_s3.transform_nasa_data manual__2024-06-23T23:48:08.347671+00:00 [queued]>
[2024-06-23T23:55:12.855+0000] {taskinstance.py:2076} INFO - Dependencies all met for dep_context=requeueable deps ti=<TaskInstance: nasa_to_s3.transform_nasa_data manual__2024-06-23T23:48:08.347671+00:00 [queued]>
[2024-06-23T23:55:12.855+0000] {taskinstance.py:2306} INFO - Starting attempt 3 of 7
[2024-06-23T23:55:12.888+0000] {taskinstance.py:2330} INFO - Executing <Task(PythonOperator): transform_nasa_data> on 2024-06-23 23:48:08.347671+00:00
[2024-06-23T23:55:12.896+0000] {warnings.py:112} WARNING - /home/***/.local/lib/python3.12/site-packages/***/task/task_runner/standard_task_runner.py:61: DeprecationWarning: This process (pid=1542) is multi-threaded, use of fork() may lead to deadlocks in the child.
  pid = os.fork()

[2024-06-23T23:55:12.897+0000] {standard_task_runner.py:63} INFO - Started process 1544 to run task
[2024-06-23T23:55:12.897+0000] {standard_task_runner.py:90} INFO - Running: ['***', 'tasks', 'run', 'nasa_to_s3', 'transform_nasa_data', 'manual__2024-06-23T23:48:08.347671+00:00', '--job-id', '27', '--raw', '--subdir', 'DAGS_FOLDER/extractAPIdata.py', '--cfg-path', '/tmp/tmpz6akif_8']
[2024-06-23T23:55:12.899+0000] {standard_task_runner.py:91} INFO - Job 27: Subtask transform_nasa_data
[2024-06-23T23:55:12.965+0000] {task_command.py:426} INFO - Running <TaskInstance: nasa_to_s3.transform_nasa_data manual__2024-06-23T23:48:08.347671+00:00 [running]> on host e0fa33b4439a
[2024-06-23T23:55:13.109+0000] {taskinstance.py:2648} INFO - Exporting env vars: AIRFLOW_CTX_DAG_OWNER='test' AIRFLOW_CTX_DAG_ID='nasa_to_s3' AIRFLOW_CTX_TASK_ID='transform_nasa_data' AIRFLOW_CTX_EXECUTION_DATE='2024-06-23T23:48:08.347671+00:00' AIRFLOW_CTX_TRY_NUMBER='3' AIRFLOW_CTX_DAG_RUN_ID='manual__2024-06-23T23:48:08.347671+00:00'
[2024-06-23T23:55:13.110+0000] {taskinstance.py:430} INFO - ::endgroup::
[2024-06-23T23:55:13.131+0000] {taskinstance.py:441} INFO - ::group::Post task execution logs
[2024-06-23T23:55:13.132+0000] {taskinstance.py:2905} ERROR - Task failed with exception
Traceback (most recent call last):
  File "/home/airflow/.local/lib/python3.12/site-packages/airflow/models/taskinstance.py", line 465, in _execute_task
    result = _execute_callable(context=context, **execute_callable_kwargs)
             ^^^^^^^^^^^^^^^^^^^^^^^^^^^^^^^^^^^^^^^^^^^^^^^^^^^^^^^^^^^^^
  File "/home/airflow/.local/lib/python3.12/site-packages/airflow/models/taskinstance.py", line 432, in _execute_callable
    return execute_callable(context=context, **execute_callable_kwargs)
           ^^^^^^^^^^^^^^^^^^^^^^^^^^^^^^^^^^^^^^^^^^^^^^^^^^^^^^^^^^^^
  File "/home/airflow/.local/lib/python3.12/site-packages/airflow/models/baseoperator.py", line 401, in wrapper
    return func(self, *args, **kwargs)
           ^^^^^^^^^^^^^^^^^^^^^^^^^^^
  File "/home/airflow/.local/lib/python3.12/site-packages/airflow/operators/python.py", line 235, in execute
    return_value = self.execute_callable()
                   ^^^^^^^^^^^^^^^^^^^^^^^
  File "/home/airflow/.local/lib/python3.12/site-packages/airflow/operators/python.py", line 252, in execute_callable
    return self.python_callable(*self.op_args, **self.op_kwargs)
           ^^^^^^^^^^^^^^^^^^^^^^^^^^^^^^^^^^^^^^^^^^^^^^^^^^^^^
  File "/opt/airflow/dags/extractAPIdata.py", line 19, in transform_data
    near_earth_objects = response['near_earth_objects']
                         ~~~~~~~~^^^^^^^^^^^^^^^^^^^^^^
TypeError: 'NoneType' object is not subscriptable
[2024-06-23T23:55:13.145+0000] {taskinstance.py:1206} INFO - Marking task as UP_FOR_RETRY. dag_id=nasa_to_s3, task_id=transform_nasa_data, run_id=manual__2024-06-23T23:48:08.347671+00:00, execution_date=20240623T234808, start_date=20240623T235512, end_date=20240623T235513
[2024-06-23T23:55:13.198+0000] {standard_task_runner.py:110} ERROR - Failed to execute job 27 for task transform_nasa_data ('NoneType' object is not subscriptable; 1544)
[2024-06-23T23:55:13.231+0000] {local_task_job_runner.py:240} INFO - Task exited with return code 1
[2024-06-23T23:55:13.256+0000] {taskinstance.py:3503} INFO - 0 downstream tasks scheduled from follow-on schedule check
[2024-06-23T23:55:13.277+0000] {local_task_job_runner.py:222} INFO - ::endgroup::
